2025-02-15 00:58:48.663 [info] [main] Log level: Info
2025-02-15 00:58:48.663 [info] [main] Validating found git in: "git"
2025-02-15 00:58:48.663 [info] [main] Using git "2.34.1" from "git"
2025-02-15 00:58:48.663 [info] [Model][doInitialScan] Initial repository scan started
2025-02-15 00:58:48.663 [info] > git rev-parse --show-toplevel [45ms]
2025-02-15 00:58:48.663 [info] > git rev-parse --git-dir --git-common-dir [3ms]
2025-02-15 00:58:48.663 [info] [Model][openRepository] Opened repository: /home/student
2025-02-15 00:58:48.663 [info] > git rev-parse --show-toplevel [1ms]
2025-02-15 00:58:48.667 [info] [Git][getRemotes] No remotes found in the git config file
2025-02-15 00:58:48.669 [info] > git config --get commit.template [9ms]
2025-02-15 00:58:48.669 [info] > git rev-parse --show-toplevel [5ms]
2025-02-15 00:58:48.671 [info] > git rev-parse --show-toplevel [1ms]
2025-02-15 00:58:48.674 [info] > git for-each-ref --format=%(refname)%00%(upstream:short)%00%(objectname)%00%(upstream:track)%00%(upstream:remotename)%00%(upstream:remoteref) refs/heads/main refs/remotes/main [7ms]
2025-02-15 00:58:48.679 [info] > git rev-parse --show-toplevel [6ms]
2025-02-15 00:58:48.682 [info] > git rev-parse --show-toplevel [1ms]
2025-02-15 00:58:48.685 [info] > git rev-parse --show-toplevel [1ms]
2025-02-15 00:58:48.688 [info] [Model][doInitialScan] Initial repository scan completed - repositories (1), closed repositories (0), parent repositories (0), unsafe repositories (0)
2025-02-15 00:58:48.695 [info] > git for-each-ref --sort -committerdate --format %(refname) %(objectname) %(*objectname) [16ms]
2025-02-15 00:58:48.767 [info] > git status -z -uall [91ms]
2025-02-15 00:58:48.830 [info] > git for-each-ref --format=%(refname)%00%(upstream:short)%00%(objectname)%00%(upstream:track)%00%(upstream:remotename)%00%(upstream:remoteref) refs/heads/main refs/remotes/main [10ms]
2025-02-15 00:58:48.834 [info] > git config --get commit.template [4ms]
2025-02-15 00:58:48.834 [info] > git config --get --local branch.main.vscode-merge-base [1ms]
2025-02-15 00:58:48.834 [warning] [Git][config] git config failed: Failed to execute git
2025-02-15 00:58:48.838 [info] [Git][getRemotes] No remotes found in the git config file
2025-02-15 00:58:48.839 [info] > git for-each-ref --format=%(refname)%00%(upstream:short)%00%(objectname)%00%(upstream:track)%00%(upstream:remotename)%00%(upstream:remoteref) refs/heads/main refs/remotes/main [1ms]
2025-02-15 00:58:48.844 [info] > git reflog main --grep-reflog=branch: Created from *. [8ms]
2025-02-15 00:58:48.846 [info] > git for-each-ref --sort -committerdate --format %(refname) %(objectname) %(*objectname) [2ms]
2025-02-15 00:58:48.871 [info] > git status -z -uall [30ms]
2025-02-15 00:58:49.302 [info] > git check-ignore -v -z --stdin [3ms]
2025-02-15 00:58:49.468 [info] > git show --textconv HEAD:Engr212_Tsegay_Asmerom/Lab1.txt [5ms]
2025-02-15 00:58:49.468 [info] > git ls-files --stage -- /home/student/Engr212_Tsegay_Asmerom/Lab1.txt [3ms]
2025-02-15 00:58:49.473 [info] > git show --textconv :Engr212_Tsegay_Asmerom/Lab1.txt [12ms]
2025-02-15 00:58:49.473 [info] > git cat-file -s a13ca7dcc37eb971d6ef1c7409c5244c31420477 [3ms]
2025-02-15 00:58:49.474 [info] > git ls-tree -l HEAD -- /home/student/Engr212_Tsegay_Asmerom/Lab1.txt [7ms]
2025-02-15 00:58:49.476 [info] > git hash-object -t tree /dev/null [4ms]
2025-02-15 00:58:49.477 [warning] [GitFileSystemProvider][readFile] File not found - git:/home/student/Engr212_Tsegay_Asmerom/Lab1.txt.git?%7B%22path%22%3A%22%2Fhome%2Fstudent%2FEngr212_Tsegay_Asmerom%2FLab1.txt%22%2C%22ref%22%3A%22HEAD%22%7D
2025-02-15 00:58:49.479 [info] > git hash-object -t tree /dev/null [3ms]
2025-02-15 00:58:49.480 [warning] [GitFileSystemProvider][stat] File not found - git:/home/student/Engr212_Tsegay_Asmerom/Lab1.txt.git?%7B%22path%22%3A%22%2Fhome%2Fstudent%2FEngr212_Tsegay_Asmerom%2FLab1.txt%22%2C%22ref%22%3A%22HEAD%22%7D
2025-02-15 00:58:49.679 [info] > git blame --root --incremental 00a3036e707f2876d3c04f67d439dc1a741db202 -- /home/student/Engr212_Tsegay_Asmerom/Lab1.txt [1ms]
2025-02-15 00:58:49.679 [info] fatal: no such path Engr212_Tsegay_Asmerom/Lab1.txt in 00a3036e707f2876d3c04f67d439dc1a741db202
2025-02-15 00:58:52.165 [info] [Git][getRemotes] No remotes found in the git config file
2025-02-15 00:58:52.166 [info] > git config --get commit.template [4ms]
2025-02-15 00:58:52.166 [info] > git for-each-ref --format=%(refname)%00%(upstream:short)%00%(objectname)%00%(upstream:track)%00%(upstream:remotename)%00%(upstream:remoteref) refs/heads/main refs/remotes/main [1ms]
2025-02-15 00:58:52.178 [info] > git for-each-ref --sort -committerdate --format %(refname) %(objectname) %(*objectname) [7ms]
2025-02-15 00:58:52.200 [info] > git status -z -uall [32ms]
2025-02-15 00:59:24.043 [info] [Git][getRemotes] No remotes found in the git config file
2025-02-15 00:59:24.044 [info] > git config --get commit.template [3ms]
2025-02-15 00:59:24.045 [info] > git for-each-ref --format=%(refname)%00%(upstream:short)%00%(objectname)%00%(upstream:track)%00%(upstream:remotename)%00%(upstream:remoteref) refs/heads/main refs/remotes/main [2ms]
2025-02-15 00:59:24.050 [info] > git for-each-ref --sort -committerdate --format %(refname) %(objectname) %(*objectname) [1ms]
2025-02-15 00:59:24.075 [info] > git status -z -uall [28ms]
2025-02-15 00:59:29.132 [info] [Git][getRemotes] No remotes found in the git config file
2025-02-15 00:59:29.133 [info] > git config --get commit.template [3ms]
2025-02-15 00:59:29.134 [info] > git for-each-ref --format=%(refname)%00%(upstream:short)%00%(objectname)%00%(upstream:track)%00%(upstream:remotename)%00%(upstream:remoteref) refs/heads/main refs/remotes/main [2ms]
2025-02-15 00:59:29.141 [info] > git for-each-ref --sort -committerdate --format %(refname) %(objectname) %(*objectname) [2ms]
2025-02-15 00:59:29.162 [info] > git status -z -uall [26ms]
2025-02-15 00:59:34.196 [info] [Git][getRemotes] No remotes found in the git config file
2025-02-15 00:59:34.197 [info] > git config --get commit.template [3ms]
2025-02-15 00:59:34.197 [info] > git for-each-ref --format=%(refname)%00%(upstream:short)%00%(objectname)%00%(upstream:track)%00%(upstream:remotename)%00%(upstream:remoteref) refs/heads/main refs/remotes/main [1ms]
2025-02-15 00:59:34.203 [info] > git for-each-ref --sort -committerdate --format %(refname) %(objectname) %(*objectname) [1ms]
2025-02-15 00:59:34.225 [info] > git status -z -uall [26ms]
2025-02-15 00:59:39.259 [info] [Git][getRemotes] No remotes found in the git config file
2025-02-15 00:59:39.260 [info] > git config --get commit.template [3ms]
2025-02-15 00:59:39.260 [info] > git for-each-ref --format=%(refname)%00%(upstream:short)%00%(objectname)%00%(upstream:track)%00%(upstream:remotename)%00%(upstream:remoteref) refs/heads/main refs/remotes/main [1ms]
2025-02-15 00:59:39.266 [info] > git for-each-ref --sort -committerdate --format %(refname) %(objectname) %(*objectname) [1ms]
2025-02-15 00:59:39.289 [info] > git status -z -uall [26ms]
2025-02-15 00:59:52.786 [info] [Git][getRemotes] No remotes found in the git config file
2025-02-15 00:59:52.787 [info] > git config --get commit.template [4ms]
2025-02-15 00:59:52.788 [info] > git for-each-ref --format=%(refname)%00%(upstream:short)%00%(objectname)%00%(upstream:track)%00%(upstream:remotename)%00%(upstream:remoteref) refs/heads/main refs/remotes/main [2ms]
2025-02-15 00:59:52.793 [info] > git for-each-ref --sort -committerdate --format %(refname) %(objectname) %(*objectname) [1ms]
2025-02-15 00:59:52.816 [info] > git status -z -uall [26ms]
2025-02-15 00:59:57.852 [info] [Git][getRemotes] No remotes found in the git config file
2025-02-15 00:59:57.852 [info] > git config --get commit.template [3ms]
2025-02-15 00:59:57.853 [info] > git for-each-ref --format=%(refname)%00%(upstream:short)%00%(objectname)%00%(upstream:track)%00%(upstream:remotename)%00%(upstream:remoteref) refs/heads/main refs/remotes/main [2ms]
2025-02-15 00:59:57.859 [info] > git for-each-ref --sort -committerdate --format %(refname) %(objectname) %(*objectname) [1ms]
2025-02-15 00:59:57.882 [info] > git status -z -uall [27ms]
2025-02-15 01:00:02.910 [info] [Git][getRemotes] No remotes found in the git config file
2025-02-15 01:00:02.910 [info] > git config --get commit.template [3ms]
2025-02-15 01:00:02.911 [info] > git for-each-ref --format=%(refname)%00%(upstream:short)%00%(objectname)%00%(upstream:track)%00%(upstream:remotename)%00%(upstream:remoteref) refs/heads/main refs/remotes/main [2ms]
2025-02-15 01:00:02.917 [info] > git for-each-ref --sort -committerdate --format %(refname) %(objectname) %(*objectname) [2ms]
2025-02-15 01:00:02.940 [info] > git status -z -uall [27ms]
2025-02-15 01:00:07.976 [info] [Git][getRemotes] No remotes found in the git config file
2025-02-15 01:00:07.977 [info] > git config --get commit.template [4ms]
2025-02-15 01:00:07.977 [info] > git for-each-ref --format=%(refname)%00%(upstream:short)%00%(objectname)%00%(upstream:track)%00%(upstream:remotename)%00%(upstream:remoteref) refs/heads/main refs/remotes/main [1ms]
2025-02-15 01:00:07.985 [info] > git for-each-ref --sort -committerdate --format %(refname) %(objectname) %(*objectname) [1ms]
2025-02-15 01:00:08.007 [info] > git status -z -uall [27ms]
2025-02-15 01:00:13.036 [info] [Git][getRemotes] No remotes found in the git config file
2025-02-15 01:00:13.037 [info] > git config --get commit.template [3ms]
2025-02-15 01:00:13.037 [info] > git for-each-ref --format=%(refname)%00%(upstream:short)%00%(objectname)%00%(upstream:track)%00%(upstream:remotename)%00%(upstream:remoteref) refs/heads/main refs/remotes/main [1ms]
2025-02-15 01:00:13.045 [info] > git for-each-ref --sort -committerdate --format %(refname) %(objectname) %(*objectname) [2ms]
2025-02-15 01:00:13.068 [info] > git status -z -uall [29ms]
2025-02-15 01:00:18.095 [info] [Git][getRemotes] No remotes found in the git config file
2025-02-15 01:00:18.098 [info] > git config --get commit.template [3ms]
2025-02-15 01:00:18.099 [info] > git for-each-ref --format=%(refname)%00%(upstream:short)%00%(objectname)%00%(upstream:track)%00%(upstream:remotename)%00%(upstream:remoteref) refs/heads/main refs/remotes/main [1ms]
2025-02-15 01:00:18.106 [info] > git for-each-ref --sort -committerdate --format %(refname) %(objectname) %(*objectname) [0ms]
2025-02-15 01:00:18.129 [info] > git status -z -uall [28ms]
2025-02-15 01:00:24.647 [info] [Git][getRemotes] No remotes found in the git config file
2025-02-15 01:00:24.647 [info] > git config --get commit.template [3ms]
2025-02-15 01:00:24.648 [info] > git for-each-ref --format=%(refname)%00%(upstream:short)%00%(objectname)%00%(upstream:track)%00%(upstream:remotename)%00%(upstream:remoteref) refs/heads/main refs/remotes/main [1ms]
2025-02-15 01:00:24.654 [info] > git for-each-ref --sort -committerdate --format %(refname) %(objectname) %(*objectname) [2ms]
2025-02-15 01:00:24.676 [info] > git status -z -uall [26ms]
2025-02-15 01:00:29.710 [info] [Git][getRemotes] No remotes found in the git config file
2025-02-15 01:00:29.710 [info] > git config --get commit.template [3ms]
2025-02-15 01:00:29.711 [info] > git for-each-ref --format=%(refname)%00%(upstream:short)%00%(objectname)%00%(upstream:track)%00%(upstream:remotename)%00%(upstream:remoteref) refs/heads/main refs/remotes/main [1ms]
2025-02-15 01:00:29.717 [info] > git for-each-ref --sort -committerdate --format %(refname) %(objectname) %(*objectname) [2ms]
2025-02-15 01:00:29.739 [info] > git status -z -uall [26ms]
2025-02-15 01:00:34.769 [info] [Git][getRemotes] No remotes found in the git config file
2025-02-15 01:00:34.769 [info] > git config --get commit.template [3ms]
2025-02-15 01:00:34.770 [info] > git for-each-ref --format=%(refname)%00%(upstream:short)%00%(objectname)%00%(upstream:track)%00%(upstream:remotename)%00%(upstream:remoteref) refs/heads/main refs/remotes/main [2ms]
2025-02-15 01:00:34.776 [info] > git for-each-ref --sort -committerdate --format %(refname) %(objectname) %(*objectname) [1ms]
2025-02-15 01:00:34.799 [info] > git status -z -uall [27ms]
2025-02-15 01:00:43.355 [info] [Git][getRemotes] No remotes found in the git config file
2025-02-15 01:00:43.356 [info] > git config --get commit.template [3ms]
2025-02-15 01:00:43.356 [info] > git for-each-ref --format=%(refname)%00%(upstream:short)%00%(objectname)%00%(upstream:track)%00%(upstream:remotename)%00%(upstream:remoteref) refs/heads/main refs/remotes/main [1ms]
2025-02-15 01:00:43.363 [info] > git for-each-ref --sort -committerdate --format %(refname) %(objectname) %(*objectname) [2ms]
2025-02-15 01:00:43.385 [info] > git status -z -uall [26ms]
2025-02-15 01:00:48.415 [info] [Git][getRemotes] No remotes found in the git config file
2025-02-15 01:00:48.416 [info] > git config --get commit.template [3ms]
2025-02-15 01:00:48.416 [info] > git for-each-ref --format=%(refname)%00%(upstream:short)%00%(objectname)%00%(upstream:track)%00%(upstream:remotename)%00%(upstream:remoteref) refs/heads/main refs/remotes/main [1ms]
2025-02-15 01:00:48.423 [info] > git for-each-ref --sort -committerdate --format %(refname) %(objectname) %(*objectname) [2ms]
2025-02-15 01:00:48.444 [info] > git status -z -uall [26ms]
2025-02-15 01:00:54.768 [info] [Git][getRemotes] No remotes found in the git config file
2025-02-15 01:00:54.769 [info] > git config --get commit.template [4ms]
2025-02-15 01:00:54.770 [info] > git for-each-ref --format=%(refname)%00%(upstream:short)%00%(objectname)%00%(upstream:track)%00%(upstream:remotename)%00%(upstream:remoteref) refs/heads/main refs/remotes/main [2ms]
2025-02-15 01:00:54.776 [info] > git for-each-ref --sort -committerdate --format %(refname) %(objectname) %(*objectname) [1ms]
2025-02-15 01:00:54.801 [info] > git status -z -uall [28ms]
2025-02-15 01:00:59.835 [info] [Git][getRemotes] No remotes found in the git config file
2025-02-15 01:00:59.836 [info] > git config --get commit.template [4ms]
2025-02-15 01:00:59.836 [info] > git for-each-ref --format=%(refname)%00%(upstream:short)%00%(objectname)%00%(upstream:track)%00%(upstream:remotename)%00%(upstream:remoteref) refs/heads/main refs/remotes/main [1ms]
2025-02-15 01:00:59.843 [info] > git for-each-ref --sort -committerdate --format %(refname) %(objectname) %(*objectname) [2ms]
2025-02-15 01:00:59.867 [info] > git status -z -uall [29ms]
2025-02-15 01:01:08.126 [info] [Git][getRemotes] No remotes found in the git config file
2025-02-15 01:01:08.127 [info] > git config --get commit.template [3ms]
2025-02-15 01:01:08.127 [info] > git for-each-ref --format=%(refname)%00%(upstream:short)%00%(objectname)%00%(upstream:track)%00%(upstream:remotename)%00%(upstream:remoteref) refs/heads/main refs/remotes/main [1ms]
2025-02-15 01:01:08.133 [info] > git for-each-ref --sort -committerdate --format %(refname) %(objectname) %(*objectname) [1ms]
2025-02-15 01:01:08.157 [info] > git status -z -uall [28ms]
2025-02-15 01:01:18.978 [info] [Git][getRemotes] No remotes found in the git config file
2025-02-15 01:01:18.979 [info] > git config --get commit.template [3ms]
2025-02-15 01:01:18.979 [info] > git for-each-ref --format=%(refname)%00%(upstream:short)%00%(objectname)%00%(upstream:track)%00%(upstream:remotename)%00%(upstream:remoteref) refs/heads/main refs/remotes/main [1ms]
2025-02-15 01:01:18.986 [info] > git for-each-ref --sort -committerdate --format %(refname) %(objectname) %(*objectname) [2ms]
2025-02-15 01:01:19.010 [info] > git status -z -uall [28ms]
2025-02-15 01:01:24.058 [info] [Git][getRemotes] No remotes found in the git config file
2025-02-15 01:01:24.058 [info] > git config --get commit.template [4ms]
2025-02-15 01:01:24.059 [info] > git for-each-ref --format=%(refname)%00%(upstream:short)%00%(objectname)%00%(upstream:track)%00%(upstream:remotename)%00%(upstream:remoteref) refs/heads/main refs/remotes/main [2ms]
2025-02-15 01:01:24.066 [info] > git for-each-ref --sort -committerdate --format %(refname) %(objectname) %(*objectname) [2ms]
2025-02-15 01:01:24.091 [info] > git status -z -uall [30ms]
2025-02-15 01:01:29.122 [info] [Git][getRemotes] No remotes found in the git config file
2025-02-15 01:01:29.122 [info] > git config --get commit.template [3ms]
2025-02-15 01:01:29.123 [info] > git for-each-ref --format=%(refname)%00%(upstream:short)%00%(objectname)%00%(upstream:track)%00%(upstream:remotename)%00%(upstream:remoteref) refs/heads/main refs/remotes/main [2ms]
2025-02-15 01:01:29.130 [info] > git for-each-ref --sort -committerdate --format %(refname) %(objectname) %(*objectname) [1ms]
2025-02-15 01:01:29.153 [info] > git status -z -uall [28ms]
2025-02-15 01:01:47.748 [info] > git config --get commit.template [2ms]
2025-02-15 01:01:47.750 [info] [Git][getRemotes] No remotes found in the git config file
2025-02-15 01:01:47.751 [info] > git for-each-ref --format=%(refname)%00%(upstream:short)%00%(objectname)%00%(upstream:track)%00%(upstream:remotename)%00%(upstream:remoteref) refs/heads/main refs/remotes/main [1ms]
2025-02-15 01:01:47.759 [info] > git for-each-ref --sort -committerdate --format %(refname) %(objectname) %(*objectname) [3ms]
2025-02-15 01:01:47.784 [info] > git status -z -uall [31ms]
2025-02-15 01:01:52.832 [info] [Git][getRemotes] No remotes found in the git config file
2025-02-15 01:01:52.832 [info] > git config --get commit.template [3ms]
2025-02-15 01:01:52.833 [info] > git for-each-ref --format=%(refname)%00%(upstream:short)%00%(objectname)%00%(upstream:track)%00%(upstream:remotename)%00%(upstream:remoteref) refs/heads/main refs/remotes/main [1ms]
2025-02-15 01:01:52.840 [info] > git for-each-ref --sort -committerdate --format %(refname) %(objectname) %(*objectname) [2ms]
2025-02-15 01:01:52.868 [info] > git status -z -uall [33ms]
2025-02-15 01:01:57.906 [info] [Git][getRemotes] No remotes found in the git config file
2025-02-15 01:01:57.907 [info] > git config --get commit.template [4ms]
2025-02-15 01:01:57.907 [info] > git for-each-ref --format=%(refname)%00%(upstream:short)%00%(objectname)%00%(upstream:track)%00%(upstream:remotename)%00%(upstream:remoteref) refs/heads/main refs/remotes/main [1ms]
2025-02-15 01:01:57.914 [info] > git for-each-ref --sort -committerdate --format %(refname) %(objectname) %(*objectname) [2ms]
2025-02-15 01:01:57.938 [info] > git status -z -uall [29ms]
2025-02-15 01:02:02.971 [info] [Git][getRemotes] No remotes found in the git config file
2025-02-15 01:02:02.972 [info] > git config --get commit.template [4ms]
2025-02-15 01:02:02.972 [info] > git for-each-ref --format=%(refname)%00%(upstream:short)%00%(objectname)%00%(upstream:track)%00%(upstream:remotename)%00%(upstream:remoteref) refs/heads/main refs/remotes/main [1ms]
2025-02-15 01:02:02.979 [info] > git for-each-ref --sort -committerdate --format %(refname) %(objectname) %(*objectname) [2ms]
2025-02-15 01:02:03.003 [info] > git status -z -uall [29ms]
2025-02-15 01:02:08.032 [info] [Git][getRemotes] No remotes found in the git config file
2025-02-15 01:02:08.033 [info] > git config --get commit.template [3ms]
2025-02-15 01:02:08.033 [info] > git for-each-ref --format=%(refname)%00%(upstream:short)%00%(objectname)%00%(upstream:track)%00%(upstream:remotename)%00%(upstream:remoteref) refs/heads/main refs/remotes/main [2ms]
2025-02-15 01:02:08.040 [info] > git for-each-ref --sort -committerdate --format %(refname) %(objectname) %(*objectname) [2ms]
2025-02-15 01:02:08.065 [info] > git status -z -uall [30ms]
