2025-03-08 00:46:46.501 [info] [main] Log level: Info
2025-03-08 00:46:46.501 [info] [main] Validating found git in: "git"
2025-03-08 00:46:46.501 [info] [main] Using git "2.34.1" from "git"
2025-03-08 00:46:46.501 [info] [Model][doInitialScan] Initial repository scan started
2025-03-08 00:46:46.501 [info] > git rev-parse --show-toplevel [28ms]
2025-03-08 00:46:46.501 [info] > git rev-parse --git-dir --git-common-dir [2ms]
2025-03-08 00:46:46.501 [info] [Model][openRepository] Opened repository: /home/student
2025-03-08 00:46:46.501 [info] > git rev-parse --show-toplevel [8ms]
2025-03-08 00:46:46.501 [info] > git config --get commit.template [11ms]
2025-03-08 00:46:46.501 [info] > git rev-parse --show-toplevel [5ms]
2025-03-08 00:46:46.501 [info] > git for-each-ref --format=%(refname)%00%(upstream:short)%00%(objectname)%00%(upstream:track)%00%(upstream:remotename)%00%(upstream:remoteref) refs/heads/main refs/remotes/main [2ms]
2025-03-08 00:46:46.501 [info] > git rev-parse --show-toplevel [15ms]
2025-03-08 00:46:46.501 [info] > git for-each-ref --sort -committerdate --format %(refname) %(objectname) %(*objectname) [2ms]
2025-03-08 00:46:46.501 [info] > git rev-parse --show-toplevel [2ms]
2025-03-08 00:46:46.501 [info] [Model][doInitialScan] Initial repository scan completed - repositories (1), closed repositories (0), parent repositories (0), unsafe repositories (0)
2025-03-08 00:46:46.510 [info] > git status -z -uall [69ms]
2025-03-08 00:46:46.630 [info] > git for-each-ref --format=%(refname)%00%(upstream:short)%00%(objectname)%00%(upstream:track)%00%(upstream:remotename)%00%(upstream:remoteref) refs/heads/main refs/remotes/main [55ms]
2025-03-08 00:46:46.811 [info] > git config --get --local branch.main.vscode-merge-base [177ms]
2025-03-08 00:46:46.811 [warning] [Git][config] git config failed: Failed to execute git
2025-03-08 00:46:46.814 [info] > git config --get commit.template [185ms]
2025-03-08 00:46:46.819 [info] > git reflog main --grep-reflog=branch: Created from *. [5ms]
2025-03-08 00:46:46.822 [info] > git for-each-ref --format=%(refname)%00%(upstream:short)%00%(objectname)%00%(upstream:track)%00%(upstream:remotename)%00%(upstream:remoteref) refs/heads/main refs/remotes/main [4ms]
2025-03-08 00:46:46.823 [info] > git symbolic-ref --short refs/remotes/origin/HEAD [2ms]
2025-03-08 00:46:46.823 [info] fatal: ref refs/remotes/origin/HEAD is not a symbolic ref
2025-03-08 00:46:46.823 [warning] [Repository][getDefaultBranch] Failed to get default branch details: Failed to execute git.
2025-03-08 00:46:46.834 [info] > git merge-base refs/heads/main refs/remotes/origin/main [7ms]
2025-03-08 00:46:46.845 [info] > git for-each-ref --sort -committerdate --format %(refname) %(objectname) %(*objectname) [12ms]
2025-03-08 00:46:46.846 [info] > git diff --name-status -z --diff-filter=ADMR 7ebd56723eb290d785ff9d03833ad42fcecfe631...refs/remotes/origin/main [3ms]
2025-03-08 00:46:46.878 [info] > git status -z -uall [48ms]
2025-03-08 00:46:47.251 [info] > git check-ignore -v -z --stdin [15ms]
2025-03-08 00:46:49.987 [info] > git config --get commit.template [3ms]
2025-03-08 00:46:49.988 [info] > git for-each-ref --format=%(refname)%00%(upstream:short)%00%(objectname)%00%(upstream:track)%00%(upstream:remotename)%00%(upstream:remoteref) refs/heads/main refs/remotes/main [1ms]
2025-03-08 00:46:49.995 [info] > git for-each-ref --sort -committerdate --format %(refname) %(objectname) %(*objectname) [2ms]
2025-03-08 00:46:50.037 [info] > git status -z -uall [46ms]
2025-03-08 00:46:57.157 [info] > git config --get commit.template [3ms]
2025-03-08 00:46:57.158 [info] > git for-each-ref --format=%(refname)%00%(upstream:short)%00%(objectname)%00%(upstream:track)%00%(upstream:remotename)%00%(upstream:remoteref) refs/heads/main refs/remotes/main [1ms]
2025-03-08 00:46:57.166 [info] > git for-each-ref --sort -committerdate --format %(refname) %(objectname) %(*objectname) [2ms]
2025-03-08 00:46:57.208 [info] > git status -z -uall [47ms]
2025-03-08 00:47:02.229 [info] > git config --get commit.template [4ms]
2025-03-08 00:47:02.230 [info] > git for-each-ref --format=%(refname)%00%(upstream:short)%00%(objectname)%00%(upstream:track)%00%(upstream:remotename)%00%(upstream:remoteref) refs/heads/main refs/remotes/main [1ms]
2025-03-08 00:47:02.244 [info] > git for-each-ref --sort -committerdate --format %(refname) %(objectname) %(*objectname) [9ms]
2025-03-08 00:47:02.280 [info] > git status -z -uall [48ms]
2025-03-08 00:47:27.732 [info] > git config --get commit.template [3ms]
2025-03-08 00:47:27.733 [info] > git for-each-ref --format=%(refname)%00%(upstream:short)%00%(objectname)%00%(upstream:track)%00%(upstream:remotename)%00%(upstream:remoteref) refs/heads/main refs/remotes/main [2ms]
2025-03-08 00:47:27.748 [info] > git for-each-ref --sort -committerdate --format %(refname) %(objectname) %(*objectname) [9ms]
2025-03-08 00:47:27.785 [info] > git status -z -uall [49ms]
2025-03-08 00:47:32.816 [info] > git config --get commit.template [3ms]
2025-03-08 00:47:32.817 [info] > git for-each-ref --format=%(refname)%00%(upstream:short)%00%(objectname)%00%(upstream:track)%00%(upstream:remotename)%00%(upstream:remoteref) refs/heads/main refs/remotes/main [2ms]
2025-03-08 00:47:32.825 [info] > git for-each-ref --sort -committerdate --format %(refname) %(objectname) %(*objectname) [3ms]
2025-03-08 00:47:32.868 [info] > git status -z -uall [48ms]
2025-03-08 00:47:37.889 [info] > git config --get commit.template [4ms]
2025-03-08 00:47:37.890 [info] > git for-each-ref --format=%(refname)%00%(upstream:short)%00%(objectname)%00%(upstream:track)%00%(upstream:remotename)%00%(upstream:remoteref) refs/heads/main refs/remotes/main [2ms]
2025-03-08 00:47:37.900 [info] > git for-each-ref --sort -committerdate --format %(refname) %(objectname) %(*objectname) [5ms]
2025-03-08 00:47:37.940 [info] > git status -z -uall [47ms]
2025-03-08 00:47:42.966 [info] > git config --get commit.template [3ms]
2025-03-08 00:47:42.966 [info] > git for-each-ref --format=%(refname)%00%(upstream:short)%00%(objectname)%00%(upstream:track)%00%(upstream:remotename)%00%(upstream:remoteref) refs/heads/main refs/remotes/main [1ms]
2025-03-08 00:47:42.974 [info] > git for-each-ref --sort -committerdate --format %(refname) %(objectname) %(*objectname) [2ms]
2025-03-08 00:47:43.015 [info] > git status -z -uall [46ms]
2025-03-08 00:48:02.165 [info] > git config --get commit.template [4ms]
2025-03-08 00:48:02.166 [info] > git for-each-ref --format=%(refname)%00%(upstream:short)%00%(objectname)%00%(upstream:track)%00%(upstream:remotename)%00%(upstream:remoteref) refs/heads/main refs/remotes/main [2ms]
2025-03-08 00:48:02.174 [info] > git for-each-ref --sort -committerdate --format %(refname) %(objectname) %(*objectname) [2ms]
2025-03-08 00:48:02.216 [info] > git status -z -uall [46ms]
2025-03-08 00:48:07.236 [info] > git config --get commit.template [4ms]
2025-03-08 00:48:07.237 [info] > git for-each-ref --format=%(refname)%00%(upstream:short)%00%(objectname)%00%(upstream:track)%00%(upstream:remotename)%00%(upstream:remoteref) refs/heads/main refs/remotes/main [1ms]
2025-03-08 00:48:07.245 [info] > git for-each-ref --sort -committerdate --format %(refname) %(objectname) %(*objectname) [1ms]
2025-03-08 00:48:07.286 [info] > git status -z -uall [46ms]
2025-03-08 00:48:12.310 [info] > git config --get commit.template [4ms]
2025-03-08 00:48:12.311 [info] > git for-each-ref --format=%(refname)%00%(upstream:short)%00%(objectname)%00%(upstream:track)%00%(upstream:remotename)%00%(upstream:remoteref) refs/heads/main refs/remotes/main [1ms]
2025-03-08 00:48:12.323 [info] > git for-each-ref --sort -committerdate --format %(refname) %(objectname) %(*objectname) [7ms]
2025-03-08 00:48:12.360 [info] > git status -z -uall [47ms]
2025-03-08 00:48:24.129 [info] > git config --get commit.template [3ms]
2025-03-08 00:48:24.130 [info] > git for-each-ref --format=%(refname)%00%(upstream:short)%00%(objectname)%00%(upstream:track)%00%(upstream:remotename)%00%(upstream:remoteref) refs/heads/main refs/remotes/main [2ms]
2025-03-08 00:48:24.138 [info] > git for-each-ref --sort -committerdate --format %(refname) %(objectname) %(*objectname) [1ms]
2025-03-08 00:48:24.179 [info] > git status -z -uall [45ms]
2025-03-08 00:48:29.199 [info] > git config --get commit.template [4ms]
2025-03-08 00:48:29.200 [info] > git for-each-ref --format=%(refname)%00%(upstream:short)%00%(objectname)%00%(upstream:track)%00%(upstream:remotename)%00%(upstream:remoteref) refs/heads/main refs/remotes/main [1ms]
2025-03-08 00:48:29.207 [info] > git for-each-ref --sort -committerdate --format %(refname) %(objectname) %(*objectname) [2ms]
2025-03-08 00:48:29.247 [info] > git status -z -uall [44ms]
2025-03-08 00:49:01.489 [info] > git config --get commit.template [5ms]
2025-03-08 00:49:01.489 [info] > git for-each-ref --format=%(refname)%00%(upstream:short)%00%(objectname)%00%(upstream:track)%00%(upstream:remotename)%00%(upstream:remoteref) refs/heads/main refs/remotes/main [1ms]
2025-03-08 00:49:01.499 [info] > git for-each-ref --sort -committerdate --format %(refname) %(objectname) %(*objectname) [4ms]
2025-03-08 00:49:01.538 [info] > git status -z -uall [45ms]
2025-03-08 00:50:03.155 [info] > git config --get commit.template [3ms]
2025-03-08 00:50:03.156 [info] > git for-each-ref --format=%(refname)%00%(upstream:short)%00%(objectname)%00%(upstream:track)%00%(upstream:remotename)%00%(upstream:remoteref) refs/heads/main refs/remotes/main [2ms]
2025-03-08 00:50:03.165 [info] > git for-each-ref --sort -committerdate --format %(refname) %(objectname) %(*objectname) [4ms]
2025-03-08 00:50:03.203 [info] > git status -z -uall [45ms]
2025-03-08 00:53:35.418 [info] > git config --get commit.template [3ms]
2025-03-08 00:53:35.419 [info] > git for-each-ref --format=%(refname)%00%(upstream:short)%00%(objectname)%00%(upstream:track)%00%(upstream:remotename)%00%(upstream:remoteref) refs/heads/main refs/remotes/main [2ms]
2025-03-08 00:53:35.431 [info] > git for-each-ref --sort -committerdate --format %(refname) %(objectname) %(*objectname) [7ms]
2025-03-08 00:53:35.466 [info] > git status -z -uall [45ms]
2025-03-08 00:53:40.476 [info] > git config --get commit.template [3ms]
2025-03-08 00:53:40.477 [info] > git for-each-ref --format=%(refname)%00%(upstream:short)%00%(objectname)%00%(upstream:track)%00%(upstream:remotename)%00%(upstream:remoteref) refs/heads/main refs/remotes/main [2ms]
2025-03-08 00:53:40.484 [info] > git for-each-ref --sort -committerdate --format %(refname) %(objectname) %(*objectname) [2ms]
2025-03-08 00:53:40.525 [info] > git status -z -uall [45ms]
2025-03-08 00:53:45.538 [info] > git config --get commit.template [3ms]
2025-03-08 00:53:45.539 [info] > git for-each-ref --format=%(refname)%00%(upstream:short)%00%(objectname)%00%(upstream:track)%00%(upstream:remotename)%00%(upstream:remoteref) refs/heads/main refs/remotes/main [2ms]
2025-03-08 00:53:45.546 [info] > git for-each-ref --sort -committerdate --format %(refname) %(objectname) %(*objectname) [2ms]
2025-03-08 00:53:45.587 [info] > git status -z -uall [45ms]
2025-03-08 00:53:50.597 [info] > git config --get commit.template [3ms]
2025-03-08 00:53:50.599 [info] > git for-each-ref --format=%(refname)%00%(upstream:short)%00%(objectname)%00%(upstream:track)%00%(upstream:remotename)%00%(upstream:remoteref) refs/heads/main refs/remotes/main [1ms]
2025-03-08 00:53:50.610 [info] > git for-each-ref --sort -committerdate --format %(refname) %(objectname) %(*objectname) [7ms]
2025-03-08 00:53:50.645 [info] > git status -z -uall [44ms]
2025-03-08 00:53:53.794 [info] > git check-ignore -v -z --stdin [4ms]
2025-03-08 00:53:55.656 [info] > git config --get commit.template [3ms]
2025-03-08 00:53:55.657 [info] > git for-each-ref --format=%(refname)%00%(upstream:short)%00%(objectname)%00%(upstream:track)%00%(upstream:remotename)%00%(upstream:remoteref) refs/heads/main refs/remotes/main [1ms]
2025-03-08 00:53:55.665 [info] > git for-each-ref --sort -committerdate --format %(refname) %(objectname) %(*objectname) [2ms]
2025-03-08 00:53:55.705 [info] > git status -z -uall [44ms]
2025-03-08 00:54:47.851 [info] > git config --get commit.template [2ms]
2025-03-08 00:54:47.852 [info] > git for-each-ref --format=%(refname)%00%(upstream:short)%00%(objectname)%00%(upstream:track)%00%(upstream:remotename)%00%(upstream:remoteref) refs/heads/main refs/remotes/main [2ms]
2025-03-08 00:54:47.863 [info] > git for-each-ref --sort -committerdate --format %(refname) %(objectname) %(*objectname) [1ms]
2025-03-08 00:54:47.902 [info] > git status -z -uall [46ms]
2025-03-08 00:54:52.915 [info] > git config --get commit.template [3ms]
2025-03-08 00:54:52.915 [info] > git for-each-ref --format=%(refname)%00%(upstream:short)%00%(objectname)%00%(upstream:track)%00%(upstream:remotename)%00%(upstream:remoteref) refs/heads/main refs/remotes/main [1ms]
2025-03-08 00:54:52.928 [info] > git for-each-ref --sort -committerdate --format %(refname) %(objectname) %(*objectname) [8ms]
2025-03-08 00:54:52.963 [info] > git status -z -uall [45ms]
2025-03-08 00:55:47.602 [info] > git config --get commit.template [3ms]
2025-03-08 00:55:47.603 [info] > git for-each-ref --format=%(refname)%00%(upstream:short)%00%(objectname)%00%(upstream:track)%00%(upstream:remotename)%00%(upstream:remoteref) refs/heads/main refs/remotes/main [2ms]
2025-03-08 00:55:47.609 [info] > git for-each-ref --sort -committerdate --format %(refname) %(objectname) %(*objectname) [2ms]
2025-03-08 00:55:47.648 [info] > git status -z -uall [43ms]
2025-03-08 00:55:52.659 [info] > git config --get commit.template [3ms]
2025-03-08 00:55:52.660 [info] > git for-each-ref --format=%(refname)%00%(upstream:short)%00%(objectname)%00%(upstream:track)%00%(upstream:remotename)%00%(upstream:remoteref) refs/heads/main refs/remotes/main [2ms]
2025-03-08 00:55:52.669 [info] > git for-each-ref --sort -committerdate --format %(refname) %(objectname) %(*objectname) [4ms]
2025-03-08 00:55:52.706 [info] > git status -z -uall [43ms]
2025-03-08 00:56:03.427 [info] > git config --get commit.template [4ms]
2025-03-08 00:56:03.428 [info] > git for-each-ref --format=%(refname)%00%(upstream:short)%00%(objectname)%00%(upstream:track)%00%(upstream:remotename)%00%(upstream:remoteref) refs/heads/main refs/remotes/main [2ms]
2025-03-08 00:56:03.442 [info] > git for-each-ref --sort -committerdate --format %(refname) %(objectname) %(*objectname) [8ms]
2025-03-08 00:56:03.477 [info] > git status -z -uall [46ms]
2025-03-08 00:56:08.488 [info] > git config --get commit.template [4ms]
2025-03-08 00:56:08.489 [info] > git for-each-ref --format=%(refname)%00%(upstream:short)%00%(objectname)%00%(upstream:track)%00%(upstream:remotename)%00%(upstream:remoteref) refs/heads/main refs/remotes/main [2ms]
2025-03-08 00:56:08.499 [info] > git for-each-ref --sort -committerdate --format %(refname) %(objectname) %(*objectname) [4ms]
2025-03-08 00:56:08.538 [info] > git status -z -uall [46ms]
2025-03-08 00:56:13.550 [info] > git config --get commit.template [4ms]
2025-03-08 00:56:13.551 [info] > git for-each-ref --format=%(refname)%00%(upstream:short)%00%(objectname)%00%(upstream:track)%00%(upstream:remotename)%00%(upstream:remoteref) refs/heads/main refs/remotes/main [2ms]
2025-03-08 00:56:13.558 [info] > git for-each-ref --sort -committerdate --format %(refname) %(objectname) %(*objectname) [2ms]
2025-03-08 00:56:13.598 [info] > git status -z -uall [45ms]
2025-03-08 00:56:34.257 [info] > git config --get commit.template [3ms]
2025-03-08 00:56:34.258 [info] > git for-each-ref --format=%(refname)%00%(upstream:short)%00%(objectname)%00%(upstream:track)%00%(upstream:remotename)%00%(upstream:remoteref) refs/heads/main refs/remotes/main [1ms]
2025-03-08 00:56:34.267 [info] > git for-each-ref --sort -committerdate --format %(refname) %(objectname) %(*objectname) [2ms]
2025-03-08 00:56:34.307 [info] > git status -z -uall [46ms]
2025-03-08 00:56:39.315 [info] > git config --get commit.template [1ms]
2025-03-08 00:56:39.319 [info] > git for-each-ref --format=%(refname)%00%(upstream:short)%00%(objectname)%00%(upstream:track)%00%(upstream:remotename)%00%(upstream:remoteref) refs/heads/main refs/remotes/main [1ms]
2025-03-08 00:56:39.330 [info] > git for-each-ref --sort -committerdate --format %(refname) %(objectname) %(*objectname) [5ms]
2025-03-08 00:56:39.368 [info] > git status -z -uall [46ms]
2025-03-08 00:56:44.379 [info] > git config --get commit.template [4ms]
2025-03-08 00:56:44.380 [info] > git for-each-ref --format=%(refname)%00%(upstream:short)%00%(objectname)%00%(upstream:track)%00%(upstream:remotename)%00%(upstream:remoteref) refs/heads/main refs/remotes/main [2ms]
2025-03-08 00:56:44.391 [info] > git for-each-ref --sort -committerdate --format %(refname) %(objectname) %(*objectname) [4ms]
2025-03-08 00:56:44.428 [info] > git status -z -uall [45ms]
2025-03-08 00:56:49.751 [info] > git config --get commit.template [3ms]
2025-03-08 00:56:49.752 [info] > git for-each-ref --format=%(refname)%00%(upstream:short)%00%(objectname)%00%(upstream:track)%00%(upstream:remotename)%00%(upstream:remoteref) refs/heads/main refs/remotes/main [2ms]
2025-03-08 00:56:49.760 [info] > git for-each-ref --sort -committerdate --format %(refname) %(objectname) %(*objectname) [3ms]
2025-03-08 00:56:49.800 [info] > git status -z -uall [45ms]
2025-03-08 00:56:54.811 [info] > git config --get commit.template [3ms]
2025-03-08 00:56:54.812 [info] > git for-each-ref --format=%(refname)%00%(upstream:short)%00%(objectname)%00%(upstream:track)%00%(upstream:remotename)%00%(upstream:remoteref) refs/heads/main refs/remotes/main [2ms]
2025-03-08 00:56:54.818 [info] > git for-each-ref --sort -committerdate --format %(refname) %(objectname) %(*objectname) [1ms]
2025-03-08 00:56:54.858 [info] > git status -z -uall [44ms]
2025-03-08 00:56:59.870 [info] > git config --get commit.template [4ms]
2025-03-08 00:56:59.871 [info] > git for-each-ref --format=%(refname)%00%(upstream:short)%00%(objectname)%00%(upstream:track)%00%(upstream:remotename)%00%(upstream:remoteref) refs/heads/main refs/remotes/main [2ms]
2025-03-08 00:56:59.883 [info] > git for-each-ref --sort -committerdate --format %(refname) %(objectname) %(*objectname) [7ms]
2025-03-08 00:56:59.917 [info] > git status -z -uall [43ms]
2025-03-08 00:57:04.928 [info] > git config --get commit.template [3ms]
2025-03-08 00:57:04.929 [info] > git for-each-ref --format=%(refname)%00%(upstream:short)%00%(objectname)%00%(upstream:track)%00%(upstream:remotename)%00%(upstream:remoteref) refs/heads/main refs/remotes/main [2ms]
2025-03-08 00:57:04.935 [info] > git for-each-ref --sort -committerdate --format %(refname) %(objectname) %(*objectname) [2ms]
2025-03-08 00:57:04.976 [info] > git status -z -uall [44ms]
2025-03-08 00:57:09.986 [info] > git config --get commit.template [3ms]
2025-03-08 00:57:09.987 [info] > git for-each-ref --format=%(refname)%00%(upstream:short)%00%(objectname)%00%(upstream:track)%00%(upstream:remotename)%00%(upstream:remoteref) refs/heads/main refs/remotes/main [1ms]
2025-03-08 00:57:09.996 [info] > git for-each-ref --sort -committerdate --format %(refname) %(objectname) %(*objectname) [4ms]
2025-03-08 00:57:10.033 [info] > git status -z -uall [43ms]
2025-03-08 00:57:15.044 [info] > git config --get commit.template [3ms]
2025-03-08 00:57:15.045 [info] > git for-each-ref --format=%(refname)%00%(upstream:short)%00%(objectname)%00%(upstream:track)%00%(upstream:remotename)%00%(upstream:remoteref) refs/heads/main refs/remotes/main [2ms]
2025-03-08 00:57:15.058 [info] > git for-each-ref --sort -committerdate --format %(refname) %(objectname) %(*objectname) [7ms]
2025-03-08 00:57:15.093 [info] > git status -z -uall [44ms]
2025-03-08 00:57:20.106 [info] > git config --get commit.template [4ms]
2025-03-08 00:57:20.107 [info] > git for-each-ref --format=%(refname)%00%(upstream:short)%00%(objectname)%00%(upstream:track)%00%(upstream:remotename)%00%(upstream:remoteref) refs/heads/main refs/remotes/main [1ms]
2025-03-08 00:57:20.115 [info] > git for-each-ref --sort -committerdate --format %(refname) %(objectname) %(*objectname) [1ms]
2025-03-08 00:57:20.155 [info] > git status -z -uall [45ms]
2025-03-08 00:57:25.167 [info] > git config --get commit.template [3ms]
2025-03-08 00:57:25.168 [info] > git for-each-ref --format=%(refname)%00%(upstream:short)%00%(objectname)%00%(upstream:track)%00%(upstream:remotename)%00%(upstream:remoteref) refs/heads/main refs/remotes/main [1ms]
2025-03-08 00:57:25.180 [info] > git for-each-ref --sort -committerdate --format %(refname) %(objectname) %(*objectname) [7ms]
2025-03-08 00:57:25.214 [info] > git status -z -uall [43ms]
2025-03-08 00:57:30.226 [info] > git config --get commit.template [4ms]
2025-03-08 00:57:30.227 [info] > git for-each-ref --format=%(refname)%00%(upstream:short)%00%(objectname)%00%(upstream:track)%00%(upstream:remotename)%00%(upstream:remoteref) refs/heads/main refs/remotes/main [2ms]
2025-03-08 00:57:30.240 [info] > git for-each-ref --sort -committerdate --format %(refname) %(objectname) %(*objectname) [8ms]
2025-03-08 00:57:30.274 [info] > git status -z -uall [44ms]
2025-03-08 00:57:35.288 [info] > git config --get commit.template [4ms]
2025-03-08 00:57:35.289 [info] > git for-each-ref --format=%(refname)%00%(upstream:short)%00%(objectname)%00%(upstream:track)%00%(upstream:remotename)%00%(upstream:remoteref) refs/heads/main refs/remotes/main [2ms]
2025-03-08 00:57:35.302 [info] > git for-each-ref --sort -committerdate --format %(refname) %(objectname) %(*objectname) [4ms]
2025-03-08 00:57:35.336 [info] > git status -z -uall [43ms]
2025-03-08 00:57:40.348 [info] > git config --get commit.template [4ms]
2025-03-08 00:57:40.349 [info] > git for-each-ref --format=%(refname)%00%(upstream:short)%00%(objectname)%00%(upstream:track)%00%(upstream:remotename)%00%(upstream:remoteref) refs/heads/main refs/remotes/main [2ms]
2025-03-08 00:57:40.359 [info] > git for-each-ref --sort -committerdate --format %(refname) %(objectname) %(*objectname) [1ms]
2025-03-08 00:57:40.397 [info] > git status -z -uall [45ms]
2025-03-08 00:57:45.406 [info] > git config --get commit.template [2ms]
2025-03-08 00:57:45.410 [info] > git for-each-ref --format=%(refname)%00%(upstream:short)%00%(objectname)%00%(upstream:track)%00%(upstream:remotename)%00%(upstream:remoteref) refs/heads/main refs/remotes/main [2ms]
2025-03-08 00:57:45.417 [info] > git for-each-ref --sort -committerdate --format %(refname) %(objectname) %(*objectname) [2ms]
2025-03-08 00:57:45.457 [info] > git status -z -uall [45ms]
2025-03-08 00:57:46.801 [info] > git check-ignore -v -z --stdin [4ms]
2025-03-08 00:57:50.468 [info] > git config --get commit.template [4ms]
2025-03-08 00:57:50.469 [info] > git for-each-ref --format=%(refname)%00%(upstream:short)%00%(objectname)%00%(upstream:track)%00%(upstream:remotename)%00%(upstream:remoteref) refs/heads/main refs/remotes/main [2ms]
2025-03-08 00:57:50.482 [info] > git for-each-ref --sort -committerdate --format %(refname) %(objectname) %(*objectname) [7ms]
2025-03-08 00:57:50.522 [info] > git status -z -uall [50ms]
2025-03-08 00:58:00.729 [info] > git config --get commit.template [5ms]
2025-03-08 00:58:00.729 [info] > git for-each-ref --format=%(refname)%00%(upstream:short)%00%(objectname)%00%(upstream:track)%00%(upstream:remotename)%00%(upstream:remoteref) refs/heads/main refs/remotes/main [2ms]
2025-03-08 00:58:00.737 [info] > git for-each-ref --sort -committerdate --format %(refname) %(objectname) %(*objectname) [2ms]
2025-03-08 00:58:00.777 [info] > git status -z -uall [45ms]
2025-03-08 00:58:09.308 [info] > git config --get commit.template [3ms]
2025-03-08 00:58:09.309 [info] > git for-each-ref --format=%(refname)%00%(upstream:short)%00%(objectname)%00%(upstream:track)%00%(upstream:remotename)%00%(upstream:remoteref) refs/heads/main refs/remotes/main [2ms]
2025-03-08 00:58:09.321 [info] > git for-each-ref --sort -committerdate --format %(refname) %(objectname) %(*objectname) [7ms]
2025-03-08 00:58:09.355 [info] > git status -z -uall [43ms]
2025-03-08 00:58:16.846 [info] > git config --get commit.template [6ms]
2025-03-08 00:58:16.847 [info] > git for-each-ref --format=%(refname)%00%(upstream:short)%00%(objectname)%00%(upstream:track)%00%(upstream:remotename)%00%(upstream:remoteref) refs/heads/main refs/remotes/main [5ms]
2025-03-08 00:58:16.860 [info] > git for-each-ref --sort -committerdate --format %(refname) %(objectname) %(*objectname) [4ms]
2025-03-08 00:58:16.900 [info] > git status -z -uall [48ms]
2025-03-08 00:58:26.404 [info] > git config --get commit.template [4ms]
2025-03-08 00:58:26.404 [info] > git for-each-ref --format=%(refname)%00%(upstream:short)%00%(objectname)%00%(upstream:track)%00%(upstream:remotename)%00%(upstream:remoteref) refs/heads/main refs/remotes/main [2ms]
2025-03-08 00:58:26.419 [info] > git for-each-ref --sort -committerdate --format %(refname) %(objectname) %(*objectname) [5ms]
2025-03-08 00:58:26.453 [info] > git status -z -uall [45ms]
2025-03-08 00:58:45.293 [info] > git config --get commit.template [2ms]
2025-03-08 00:58:45.297 [info] > git for-each-ref --format=%(refname)%00%(upstream:short)%00%(objectname)%00%(upstream:track)%00%(upstream:remotename)%00%(upstream:remoteref) refs/heads/main refs/remotes/main [1ms]
2025-03-08 00:58:45.304 [info] > git for-each-ref --sort -committerdate --format %(refname) %(objectname) %(*objectname) [2ms]
2025-03-08 00:58:45.344 [info] > git status -z -uall [44ms]
2025-03-08 00:58:57.779 [info] > git config --get commit.template [3ms]
2025-03-08 00:58:57.780 [info] > git for-each-ref --format=%(refname)%00%(upstream:short)%00%(objectname)%00%(upstream:track)%00%(upstream:remotename)%00%(upstream:remoteref) refs/heads/main refs/remotes/main [2ms]
2025-03-08 00:58:57.787 [info] > git for-each-ref --sort -committerdate --format %(refname) %(objectname) %(*objectname) [2ms]
2025-03-08 00:58:57.828 [info] > git status -z -uall [45ms]
2025-03-08 00:59:02.838 [info] > git config --get commit.template [2ms]
2025-03-08 00:59:02.843 [info] > git for-each-ref --format=%(refname)%00%(upstream:short)%00%(objectname)%00%(upstream:track)%00%(upstream:remotename)%00%(upstream:remoteref) refs/heads/main refs/remotes/main [1ms]
2025-03-08 00:59:02.852 [info] > git for-each-ref --sort -committerdate --format %(refname) %(objectname) %(*objectname) [4ms]
2025-03-08 00:59:02.891 [info] > git status -z -uall [46ms]
2025-03-08 00:59:29.782 [info] > git config --get commit.template [4ms]
2025-03-08 00:59:29.783 [info] > git for-each-ref --format=%(refname)%00%(upstream:short)%00%(objectname)%00%(upstream:track)%00%(upstream:remotename)%00%(upstream:remoteref) refs/heads/main refs/remotes/main [2ms]
2025-03-08 00:59:29.795 [info] > git for-each-ref --sort -committerdate --format %(refname) %(objectname) %(*objectname) [7ms]
2025-03-08 00:59:29.829 [info] > git status -z -uall [44ms]
2025-03-08 00:59:34.839 [info] > git config --get commit.template [3ms]
2025-03-08 00:59:34.840 [info] > git for-each-ref --format=%(refname)%00%(upstream:short)%00%(objectname)%00%(upstream:track)%00%(upstream:remotename)%00%(upstream:remoteref) refs/heads/main refs/remotes/main [1ms]
2025-03-08 00:59:34.849 [info] > git for-each-ref --sort -committerdate --format %(refname) %(objectname) %(*objectname) [4ms]
2025-03-08 00:59:34.886 [info] > git status -z -uall [43ms]
2025-03-08 00:59:43.798 [info] > git config --get commit.template [3ms]
2025-03-08 00:59:43.799 [info] > git for-each-ref --format=%(refname)%00%(upstream:short)%00%(objectname)%00%(upstream:track)%00%(upstream:remotename)%00%(upstream:remoteref) refs/heads/main refs/remotes/main [2ms]
2025-03-08 00:59:43.808 [info] > git for-each-ref --sort -committerdate --format %(refname) %(objectname) %(*objectname) [4ms]
2025-03-08 00:59:43.847 [info] > git status -z -uall [45ms]
2025-03-08 01:01:23.700 [info] > git config --get commit.template [2ms]
2025-03-08 01:01:23.701 [info] > git for-each-ref --format=%(refname)%00%(upstream:short)%00%(objectname)%00%(upstream:track)%00%(upstream:remotename)%00%(upstream:remoteref) refs/heads/main refs/remotes/main [1ms]
2025-03-08 01:01:23.707 [info] > git for-each-ref --sort -committerdate --format %(refname) %(objectname) %(*objectname) [2ms]
2025-03-08 01:01:23.748 [info] > git status -z -uall [45ms]
2025-03-08 01:01:28.758 [info] > git config --get commit.template [3ms]
2025-03-08 01:01:28.759 [info] > git for-each-ref --format=%(refname)%00%(upstream:short)%00%(objectname)%00%(upstream:track)%00%(upstream:remotename)%00%(upstream:remoteref) refs/heads/main refs/remotes/main [2ms]
2025-03-08 01:01:28.766 [info] > git for-each-ref --sort -committerdate --format %(refname) %(objectname) %(*objectname) [2ms]
2025-03-08 01:01:28.806 [info] > git status -z -uall [44ms]
2025-03-08 01:01:33.816 [info] > git config --get commit.template [3ms]
2025-03-08 01:01:33.817 [info] > git for-each-ref --format=%(refname)%00%(upstream:short)%00%(objectname)%00%(upstream:track)%00%(upstream:remotename)%00%(upstream:remoteref) refs/heads/main refs/remotes/main [2ms]
2025-03-08 01:01:33.823 [info] > git for-each-ref --sort -committerdate --format %(refname) %(objectname) %(*objectname) [2ms]
2025-03-08 01:01:33.862 [info] > git status -z -uall [43ms]
2025-03-08 01:01:38.872 [info] > git config --get commit.template [3ms]
2025-03-08 01:01:38.873 [info] > git for-each-ref --format=%(refname)%00%(upstream:short)%00%(objectname)%00%(upstream:track)%00%(upstream:remotename)%00%(upstream:remoteref) refs/heads/main refs/remotes/main [2ms]
2025-03-08 01:01:38.886 [info] > git for-each-ref --sort -committerdate --format %(refname) %(objectname) %(*objectname) [9ms]
2025-03-08 01:01:38.919 [info] > git status -z -uall [43ms]
