2025-03-01 01:00:46.668 [info] [main] Log level: Info
2025-03-01 01:00:46.668 [info] [main] Validating found git in: "git"
2025-03-01 01:00:46.668 [info] [main] Using git "2.34.1" from "git"
2025-03-01 01:00:46.668 [info] [Model][doInitialScan] Initial repository scan started
2025-03-01 01:00:46.668 [info] > git rev-parse --show-toplevel [27ms]
2025-03-01 01:00:46.668 [info] > git rev-parse --git-dir --git-common-dir [2ms]
2025-03-01 01:00:46.668 [info] [Model][openRepository] Opened repository: /home/student
2025-03-01 01:00:46.668 [info] > git config --get commit.template [4ms]
2025-03-01 01:00:46.668 [info] > git rev-parse --show-toplevel [3ms]
2025-03-01 01:00:46.668 [info] > git for-each-ref --format=%(refname)%00%(upstream:short)%00%(objectname)%00%(upstream:track)%00%(upstream:remotename)%00%(upstream:remoteref) refs/heads/main refs/remotes/main [12ms]
2025-03-01 01:00:46.668 [info] > git rev-parse --show-toplevel [3ms]
2025-03-01 01:00:46.668 [info] > git rev-parse --show-toplevel [13ms]
2025-03-01 01:00:46.668 [info] > git for-each-ref --sort -committerdate --format %(refname) %(objectname) %(*objectname) [12ms]
2025-03-01 01:00:46.668 [info] > git rev-parse --show-toplevel [8ms]
2025-03-01 01:00:46.668 [info] [Model][doInitialScan] Initial repository scan completed - repositories (1), closed repositories (0), parent repositories (0), unsafe repositories (0)
2025-03-01 01:00:46.703 [info] > git status -z -uall [59ms]
2025-03-01 01:00:46.862 [info] > git for-each-ref --format=%(refname)%00%(upstream:short)%00%(objectname)%00%(upstream:track)%00%(upstream:remotename)%00%(upstream:remoteref) refs/heads/main refs/remotes/main [68ms]
2025-03-01 01:00:47.202 [info] > git config --get --local branch.main.vscode-merge-base [332ms]
2025-03-01 01:00:47.202 [warning] [Git][config] git config failed: Failed to execute git
2025-03-01 01:00:47.206 [info] > git config --get commit.template [345ms]
2025-03-01 01:00:47.214 [info] > git reflog main --grep-reflog=branch: Created from *. [7ms]
2025-03-01 01:00:47.222 [info] > git check-ignore -v -z --stdin [12ms]
2025-03-01 01:00:47.224 [info] > git for-each-ref --format=%(refname)%00%(upstream:short)%00%(objectname)%00%(upstream:track)%00%(upstream:remotename)%00%(upstream:remoteref) refs/heads/main refs/remotes/main [4ms]
2025-03-01 01:00:47.225 [info] > git symbolic-ref --short refs/remotes/origin/HEAD [7ms]
2025-03-01 01:00:47.225 [info] fatal: ref refs/remotes/origin/HEAD is not a symbolic ref
2025-03-01 01:00:47.225 [warning] [Repository][getDefaultBranch] Failed to get default branch details: Failed to execute git.
2025-03-01 01:00:47.235 [info] > git merge-base refs/heads/main refs/remotes/origin/main [6ms]
2025-03-01 01:00:47.241 [info] > git for-each-ref --sort -committerdate --format %(refname) %(objectname) %(*objectname) [7ms]
2025-03-01 01:00:47.242 [info] > git diff --name-status -z --diff-filter=ADMR 16b49f9f0dad829177dd6ba65f92abc6f5dc235a...refs/remotes/origin/main [2ms]
2025-03-01 01:00:47.288 [info] > git status -z -uall [57ms]
2025-03-01 01:00:48.998 [info] > git config --get commit.template [4ms]
2025-03-01 01:00:48.998 [info] > git for-each-ref --format=%(refname)%00%(upstream:short)%00%(objectname)%00%(upstream:track)%00%(upstream:remotename)%00%(upstream:remoteref) refs/heads/main refs/remotes/main [1ms]
2025-03-01 01:00:49.015 [info] > git for-each-ref --sort -committerdate --format %(refname) %(objectname) %(*objectname) [11ms]
2025-03-01 01:00:49.049 [info] > git status -z -uall [48ms]
2025-03-01 01:00:54.082 [info] > git config --get commit.template [5ms]
2025-03-01 01:00:54.083 [info] > git for-each-ref --format=%(refname)%00%(upstream:short)%00%(objectname)%00%(upstream:track)%00%(upstream:remotename)%00%(upstream:remoteref) refs/heads/main refs/remotes/main [2ms]
2025-03-01 01:00:54.092 [info] > git for-each-ref --sort -committerdate --format %(refname) %(objectname) %(*objectname) [0ms]
2025-03-01 01:00:54.134 [info] > git status -z -uall [48ms]
2025-03-01 01:00:59.175 [info] > git config --get commit.template [4ms]
2025-03-01 01:00:59.175 [info] > git for-each-ref --format=%(refname)%00%(upstream:short)%00%(objectname)%00%(upstream:track)%00%(upstream:remotename)%00%(upstream:remoteref) refs/heads/main refs/remotes/main [2ms]
2025-03-01 01:00:59.188 [info] > git for-each-ref --sort -committerdate --format %(refname) %(objectname) %(*objectname) [7ms]
2025-03-01 01:00:59.226 [info] > git status -z -uall [48ms]
2025-03-01 01:01:04.259 [info] > git config --get commit.template [5ms]
2025-03-01 01:01:04.260 [info] > git for-each-ref --format=%(refname)%00%(upstream:short)%00%(objectname)%00%(upstream:track)%00%(upstream:remotename)%00%(upstream:remoteref) refs/heads/main refs/remotes/main [1ms]
2025-03-01 01:01:04.270 [info] > git for-each-ref --sort -committerdate --format %(refname) %(objectname) %(*objectname) [1ms]
2025-03-01 01:01:04.315 [info] > git status -z -uall [51ms]
2025-03-01 01:01:09.375 [info] > git config --get commit.template [4ms]
2025-03-01 01:01:09.376 [info] > git for-each-ref --format=%(refname)%00%(upstream:short)%00%(objectname)%00%(upstream:track)%00%(upstream:remotename)%00%(upstream:remoteref) refs/heads/main refs/remotes/main [2ms]
2025-03-01 01:01:09.389 [info] > git for-each-ref --sort -committerdate --format %(refname) %(objectname) %(*objectname) [7ms]
2025-03-01 01:01:09.429 [info] > git status -z -uall [49ms]
2025-03-01 01:01:09.967 [info] > git check-ignore -v -z --stdin [5ms]
2025-03-01 01:01:14.467 [info] > git config --get commit.template [4ms]
2025-03-01 01:01:14.467 [info] > git for-each-ref --format=%(refname)%00%(upstream:short)%00%(objectname)%00%(upstream:track)%00%(upstream:remotename)%00%(upstream:remoteref) refs/heads/main refs/remotes/main [1ms]
2025-03-01 01:01:14.478 [info] > git for-each-ref --sort -committerdate --format %(refname) %(objectname) %(*objectname) [5ms]
2025-03-01 01:01:14.518 [info] > git status -z -uall [47ms]
2025-03-01 01:01:16.329 [info] > git check-ignore -v -z --stdin [4ms]
2025-03-01 01:01:19.551 [info] > git config --get commit.template [5ms]
2025-03-01 01:01:19.552 [info] > git for-each-ref --format=%(refname)%00%(upstream:short)%00%(objectname)%00%(upstream:track)%00%(upstream:remotename)%00%(upstream:remoteref) refs/heads/main refs/remotes/main [2ms]
2025-03-01 01:01:19.561 [info] > git for-each-ref --sort -committerdate --format %(refname) %(objectname) %(*objectname) [3ms]
2025-03-01 01:01:19.605 [info] > git status -z -uall [50ms]
