2025-04-20 00:04:47.637 [info] Extension host with pid 1189 started
2025-04-20 00:04:47.637 [error] Error: EEXIST: file already exists, open '/home/student/.vscode-server/data/User/workspaceStorage/255174b9c84437907369f27ac92b5bdb/vscode.lock'
2025-04-20 00:04:47.647 [info] Lock '/home/student/.vscode-server/data/User/workspaceStorage/255174b9c84437907369f27ac92b5bdb/vscode.lock': Lock acquired.
2025-04-20 00:04:47.857 [info] ExtensionService#_doActivateExtension vscode.git-base, startup: false, activationEvent: '*', root cause: vscode.git
2025-04-20 00:04:47.859 [info] ExtensionService#_doActivateExtension vscode.emmet, startup: false, activationEvent: 'onLanguage'
2025-04-20 00:04:48.052 [info] ExtensionService#_doActivateExtension vscode.git, startup: false, activationEvent: '*'
2025-04-20 00:04:48.052 [info] ExtensionService#_doActivateExtension vscode.github, startup: false, activationEvent: '*'
2025-04-20 00:04:48.435 [info] Eager extensions activated
2025-04-20 00:04:48.436 [info] ExtensionService#_doActivateExtension vscode.debug-auto-launch, startup: false, activationEvent: 'onStartupFinished'
2025-04-20 00:04:48.436 [info] ExtensionService#_doActivateExtension vscode.merge-conflict, startup: false, activationEvent: 'onStartupFinished'
2025-04-20 00:04:48.925 [warning] [Decorations] CAPPING events from decorations provider vscode.git 4963
2025-04-20 00:04:49.746 [warning] [Decorations] CAPPING events from decorations provider vscode.git 4963
2025-04-20 00:04:51.614 [info] ExtensionService#_doActivateExtension vscode.configuration-editing, startup: false, activationEvent: 'onLanguage:jsonc'
2025-04-20 00:04:51.615 [info] ExtensionService#_doActivateExtension vscode.json-language-features, startup: false, activationEvent: 'onLanguage:jsonc'
2025-04-20 00:04:51.616 [info] ExtensionService#_doActivateExtension vscode.typescript-language-features, startup: false, activationEvent: 'onLanguage:jsonc'
2025-04-20 00:04:53.168 [warning] [Decorations] CAPPING events from decorations provider vscode.git 4964
2025-04-20 00:04:58.379 [warning] [Decorations] CAPPING events from decorations provider vscode.git 4988
2025-04-20 00:05:03.580 [warning] [Decorations] CAPPING events from decorations provider vscode.git 4988
2025-04-20 00:05:08.780 [warning] [Decorations] CAPPING events from decorations provider vscode.git 4988
2025-04-20 00:05:13.976 [warning] [Decorations] CAPPING events from decorations provider vscode.git 4988
2025-04-20 00:05:19.163 [warning] [Decorations] CAPPING events from decorations provider vscode.git 4988
2025-04-20 00:05:24.397 [warning] [Decorations] CAPPING events from decorations provider vscode.git 4988
2025-04-20 00:05:29.589 [warning] [Decorations] CAPPING events from decorations provider vscode.git 4988
2025-04-20 00:05:34.788 [warning] [Decorations] CAPPING events from decorations provider vscode.git 4988
2025-04-20 00:05:39.981 [warning] [Decorations] CAPPING events from decorations provider vscode.git 4988
2025-04-20 00:05:45.183 [warning] [Decorations] CAPPING events from decorations provider vscode.git 4988
2025-04-20 00:05:47.334 [info] ExtensionService#_doActivateExtension vscode.npm, startup: false, activationEvent: 'onTerminalQuickFixRequest:ms-vscode.npm-command'
2025-04-20 00:05:50.388 [warning] [Decorations] CAPPING events from decorations provider vscode.git 4988
2025-04-20 00:05:53.314 [info] ExtensionService#_doActivateExtension vscode.extension-editing, startup: false, activationEvent: 'onLanguage:json'
2025-04-20 00:05:55.583 [warning] [Decorations] CAPPING events from decorations provider vscode.git 4988
2025-04-20 00:05:58.057 [warning] [Decorations] CAPPING events from decorations provider vscode.git 4988
2025-04-20 00:06:00.797 [warning] [Decorations] CAPPING events from decorations provider vscode.git 4988
2025-04-20 00:07:07.796 [warning] [Decorations] CAPPING events from decorations provider vscode.git 4988
2025-04-20 00:07:12.989 [warning] [Decorations] CAPPING events from decorations provider vscode.git 4988
2025-04-20 00:07:22.106 [warning] [Decorations] CAPPING events from decorations provider vscode.git 4985
2025-04-20 00:07:23.253 [warning] [Decorations] CAPPING events from decorations provider vscode.git 4985
2025-04-20 00:07:28.266 [warning] [Decorations] CAPPING events from decorations provider vscode.git 4985
2025-04-20 00:07:33.455 [warning] [Decorations] CAPPING events from decorations provider vscode.git 4985
2025-04-20 00:07:38.643 [warning] [Decorations] CAPPING events from decorations provider vscode.git 4985
2025-04-20 00:09:13.359 [warning] [Decorations] CAPPING events from decorations provider vscode.git 4985
2025-04-20 00:09:18.582 [warning] [Decorations] CAPPING events from decorations provider vscode.git 4985
2025-04-20 00:09:23.219 [warning] [Decorations] CAPPING events from decorations provider vscode.git 4985
2025-04-20 00:09:23.854 [warning] [Decorations] CAPPING events from decorations provider vscode.git 4985
2025-04-20 00:09:32.470 [warning] [Decorations] CAPPING events from decorations provider vscode.git 4985
2025-04-20 00:09:41.578 [warning] [Decorations] CAPPING events from decorations provider vscode.git 4985
2025-04-20 00:09:46.778 [warning] [Decorations] CAPPING events from decorations provider vscode.git 4985
2025-04-20 00:09:53.113 [warning] [Decorations] CAPPING events from decorations provider vscode.git 4985
2025-04-20 00:09:58.300 [warning] [Decorations] CAPPING events from decorations provider vscode.git 4985
2025-04-20 00:10:03.493 [warning] [Decorations] CAPPING events from decorations provider vscode.git 4985
2025-04-20 00:10:08.686 [warning] [Decorations] CAPPING events from decorations provider vscode.git 4985
2025-04-20 00:10:47.664 [warning] [Decorations] CAPPING events from decorations provider vscode.git 4985
2025-04-20 00:10:48.863 [warning] [Decorations] CAPPING events from decorations provider vscode.git 4985
2025-04-20 00:10:56.026 [warning] [Decorations] CAPPING events from decorations provider vscode.git 4985
2025-04-20 00:11:01.215 [warning] [Decorations] CAPPING events from decorations provider vscode.git 4985
2025-04-20 00:11:06.400 [warning] [Decorations] CAPPING events from decorations provider vscode.git 4985
2025-04-20 00:11:11.591 [warning] [Decorations] CAPPING events from decorations provider vscode.git 4985
2025-04-20 00:11:34.700 [warning] [Decorations] CAPPING events from decorations provider vscode.git 4985
2025-04-20 00:12:26.677 [warning] [Decorations] CAPPING events from decorations provider vscode.git 4985
2025-04-20 00:12:31.863 [warning] [Decorations] CAPPING events from decorations provider vscode.git 4985
2025-04-20 00:12:37.099 [warning] [Decorations] CAPPING events from decorations provider vscode.git 4985
2025-04-20 00:12:42.285 [warning] [Decorations] CAPPING events from decorations provider vscode.git 4985
2025-04-20 00:12:47.480 [warning] [Decorations] CAPPING events from decorations provider vscode.git 4985
2025-04-20 00:12:52.672 [warning] [Decorations] CAPPING events from decorations provider vscode.git 4985
2025-04-20 00:12:57.865 [warning] [Decorations] CAPPING events from decorations provider vscode.git 4985
2025-04-20 00:13:03.059 [warning] [Decorations] CAPPING events from decorations provider vscode.git 4985
2025-04-20 00:13:08.249 [warning] [Decorations] CAPPING events from decorations provider vscode.git 4985
2025-04-20 00:13:13.439 [warning] [Decorations] CAPPING events from decorations provider vscode.git 4985
2025-04-20 00:13:18.626 [warning] [Decorations] CAPPING events from decorations provider vscode.git 4985
2025-04-20 00:13:23.811 [warning] [Decorations] CAPPING events from decorations provider vscode.git 4985
2025-04-20 00:13:25.827 [warning] [Decorations] CAPPING events from decorations provider vscode.git 4985
2025-04-20 00:13:29.004 [warning] [Decorations] CAPPING events from decorations provider vscode.git 4985
2025-04-20 00:13:34.196 [warning] [Decorations] CAPPING events from decorations provider vscode.git 4985
2025-04-20 00:13:39.432 [warning] [Decorations] CAPPING events from decorations provider vscode.git 4985
2025-04-20 00:13:44.622 [warning] [Decorations] CAPPING events from decorations provider vscode.git 4985
2025-04-20 00:13:49.821 [warning] [Decorations] CAPPING events from decorations provider vscode.git 4985
2025-04-20 00:13:55.017 [warning] [Decorations] CAPPING events from decorations provider vscode.git 4985
2025-04-20 00:14:00.209 [warning] [Decorations] CAPPING events from decorations provider vscode.git 4985
2025-04-20 00:14:09.275 [warning] [Decorations] CAPPING events from decorations provider vscode.git 4985
2025-04-20 00:14:14.461 [warning] [Decorations] CAPPING events from decorations provider vscode.git 4985
2025-04-20 00:14:19.653 [warning] [Decorations] CAPPING events from decorations provider vscode.git 4985
2025-04-20 00:14:24.884 [warning] [Decorations] CAPPING events from decorations provider vscode.git 4985
2025-04-20 00:14:30.086 [warning] [Decorations] CAPPING events from decorations provider vscode.git 4985
2025-04-20 00:14:54.519 [warning] [Decorations] CAPPING events from decorations provider vscode.git 4985
2025-04-20 00:14:59.718 [warning] [Decorations] CAPPING events from decorations provider vscode.git 4985
2025-04-20 00:15:04.913 [warning] [Decorations] CAPPING events from decorations provider vscode.git 4985
2025-04-20 00:15:10.105 [warning] [Decorations] CAPPING events from decorations provider vscode.git 4985
2025-04-20 00:15:15.302 [warning] [Decorations] CAPPING events from decorations provider vscode.git 4985
2025-04-20 00:15:20.498 [warning] [Decorations] CAPPING events from decorations provider vscode.git 4985
2025-04-20 00:15:25.688 [warning] [Decorations] CAPPING events from decorations provider vscode.git 4985
2025-04-20 00:15:30.922 [warning] [Decorations] CAPPING events from decorations provider vscode.git 4985
2025-04-20 00:15:36.116 [warning] [Decorations] CAPPING events from decorations provider vscode.git 4985
2025-04-20 00:15:41.314 [warning] [Decorations] CAPPING events from decorations provider vscode.git 4985
2025-04-20 00:15:46.507 [warning] [Decorations] CAPPING events from decorations provider vscode.git 4985
2025-04-20 00:15:51.695 [warning] [Decorations] CAPPING events from decorations provider vscode.git 4985
2025-04-20 00:15:56.882 [warning] [Decorations] CAPPING events from decorations provider vscode.git 4985
2025-04-20 00:16:02.070 [warning] [Decorations] CAPPING events from decorations provider vscode.git 4985
2025-04-20 00:16:07.258 [warning] [Decorations] CAPPING events from decorations provider vscode.git 4985
2025-04-20 00:16:12.446 [warning] [Decorations] CAPPING events from decorations provider vscode.git 4985
2025-04-20 00:16:17.639 [warning] [Decorations] CAPPING events from decorations provider vscode.git 4985
2025-04-20 00:16:22.833 [warning] [Decorations] CAPPING events from decorations provider vscode.git 4985
2025-04-20 00:16:30.547 [warning] [Decorations] CAPPING events from decorations provider vscode.git 4986
2025-04-20 00:16:32.292 [warning] [Decorations] CAPPING events from decorations provider vscode.git 3335
2025-04-20 00:16:39.002 [warning] [Decorations] CAPPING events from decorations provider vscode.git 3335
2025-04-20 00:16:45.712 [warning] [Decorations] CAPPING events from decorations provider vscode.git 3335
2025-04-20 00:16:52.442 [warning] [Decorations] CAPPING events from decorations provider vscode.git 3335
2025-04-20 00:16:57.111 [warning] [Decorations] CAPPING events from decorations provider vscode.git 3335
2025-04-20 03:22:16.674 [info] Extension host terminating: received terminate message from renderer
2025-04-20 03:22:16.674 [info] Lock '/home/student/.vscode-server/data/User/workspaceStorage/255174b9c84437907369f27ac92b5bdb/vscode.lock': Marking the lockfile as scheduled to be released in 6000 ms.
2025-04-20 03:22:16.720 [error] Canceled: Canceled
	at new HR (file:///home/student/.vscode-server/cli/servers/Stable-4437686ffebaf200fa4a6e6e67f735f3edf24ada/server/out/vs/workbench/api/node/extensionHostProcess.js:29:156308)
	at i4.U (file:///home/student/.vscode-server/cli/servers/Stable-4437686ffebaf200fa4a6e6e67f735f3edf24ada/server/out/vs/workbench/api/node/extensionHostProcess.js:29:160919)
	at s.<computed>.n.charCodeAt.s.<computed> (file:///home/student/.vscode-server/cli/servers/Stable-4437686ffebaf200fa4a6e6e67f735f3edf24ada/server/out/vs/workbench/api/node/extensionHostProcess.js:29:158413)
	at vw.g (file:///home/student/.vscode-server/cli/servers/Stable-4437686ffebaf200fa4a6e6e67f735f3edf24ada/server/out/vs/workbench/api/node/extensionHostProcess.js:111:41039)
	at vw.executeCommand (file:///home/student/.vscode-server/cli/servers/Stable-4437686ffebaf200fa4a6e6e67f735f3edf24ada/server/out/vs/workbench/api/node/extensionHostProcess.js:111:40543)
	at r.registerCommand.description (file:///home/student/.vscode-server/cli/servers/Stable-4437686ffebaf200fa4a6e6e67f735f3edf24ada/server/out/vs/workbench/api/node/extensionHostProcess.js:111:39873)
	at vw.h (file:///home/student/.vscode-server/cli/servers/Stable-4437686ffebaf200fa4a6e6e67f735f3edf24ada/server/out/vs/workbench/api/node/extensionHostProcess.js:111:41559)
	at vw.g (file:///home/student/.vscode-server/cli/servers/Stable-4437686ffebaf200fa4a6e6e67f735f3edf24ada/server/out/vs/workbench/api/node/extensionHostProcess.js:111:40636)
	at vw.executeCommand (file:///home/student/.vscode-server/cli/servers/Stable-4437686ffebaf200fa4a6e6e67f735f3edf24ada/server/out/vs/workbench/api/node/extensionHostProcess.js:111:40543)
	at Object.executeCommand (file:///home/student/.vscode-server/cli/servers/Stable-4437686ffebaf200fa4a6e6e67f735f3edf24ada/server/out/vs/workbench/api/node/extensionHostProcess.js:173:30346)
	at Th.L [as value] (/home/student/.vscode-server/cli/servers/Stable-4437686ffebaf200fa4a6e6e67f735f3edf24ada/server/extensions/git/dist/main.js:2:511809)
	at P.B (file:///home/student/.vscode-server/cli/servers/Stable-4437686ffebaf200fa4a6e6e67f735f3edf24ada/server/out/vs/workbench/api/node/extensionHostProcess.js:27:2375)
	at P.C (file:///home/student/.vscode-server/cli/servers/Stable-4437686ffebaf200fa4a6e6e67f735f3edf24ada/server/out/vs/workbench/api/node/extensionHostProcess.js:27:2445)
	at P.fire (file:///home/student/.vscode-server/cli/servers/Stable-4437686ffebaf200fa4a6e6e67f735f3edf24ada/server/out/vs/workbench/api/node/extensionHostProcess.js:27:2662)
	at Object.g [as dispose] (/home/student/.vscode-server/cli/servers/Stable-4437686ffebaf200fa4a6e6e67f735f3edf24ada/server/extensions/git/dist/main.js:2:534449)
	at /home/student/.vscode-server/cli/servers/Stable-4437686ffebaf200fa4a6e6e67f735f3edf24ada/server/extensions/git/dist/main.js:2:540767
	at Array.forEach (<anonymous>)
	at b.dispose (/home/student/.vscode-server/cli/servers/Stable-4437686ffebaf200fa4a6e6e67f735f3edf24ada/server/extensions/git/dist/main.js:2:540753)
	at iv.<anonymous> (file:///home/student/.vscode-server/cli/servers/Stable-4437686ffebaf200fa4a6e6e67f735f3edf24ada/server/out/vs/workbench/api/node/extensionHostProcess.js:107:8922)
	at iv.dispose (file:///home/student/.vscode-server/cli/servers/Stable-4437686ffebaf200fa4a6e6e67f735f3edf24ada/server/out/vs/workbench/api/node/extensionHostProcess.js:107:9018)
	at iv.<anonymous> (/home/student/.vscode-server/cli/servers/Stable-4437686ffebaf200fa4a6e6e67f735f3edf24ada/server/extensions/git/dist/main.js:2:514293)
	at iv.dispose (file:///home/student/.vscode-server/cli/servers/Stable-4437686ffebaf200fa4a6e6e67f735f3edf24ada/server/out/vs/workbench/api/node/extensionHostProcess.js:107:9018)
	at pi (file:///home/student/.vscode-server/cli/servers/Stable-4437686ffebaf200fa4a6e6e67f735f3edf24ada/server/out/vs/workbench/api/node/extensionHostProcess.js:25:701)
	at file:///home/student/.vscode-server/cli/servers/Stable-4437686ffebaf200fa4a6e6e67f735f3edf24ada/server/out/vs/workbench/api/node/extensionHostProcess.js:115:14994
	at file:///home/student/.vscode-server/cli/servers/Stable-4437686ffebaf200fa4a6e6e67f735f3edf24ada/server/out/vs/workbench/api/node/extensionHostProcess.js:25:1011
	at Object.dispose (file:///home/student/.vscode-server/cli/servers/Stable-4437686ffebaf200fa4a6e6e67f735f3edf24ada/server/out/vs/workbench/api/node/extensionHostProcess.js:8:705)
	at vV.eb (file:///home/student/.vscode-server/cli/servers/Stable-4437686ffebaf200fa4a6e6e67f735f3edf24ada/server/out/vs/workbench/api/node/extensionHostProcess.js:115:11921)
	at file:///home/student/.vscode-server/cli/servers/Stable-4437686ffebaf200fa4a6e6e67f735f3edf24ada/server/out/vs/workbench/api/node/extensionHostProcess.js:115:9876
	at Array.map (<anonymous>)
	at vV.$ (file:///home/student/.vscode-server/cli/servers/Stable-4437686ffebaf200fa4a6e6e67f735f3edf24ada/server/out/vs/workbench/api/node/extensionHostProcess.js:115:9864)
	at vV.terminate (file:///home/student/.vscode-server/cli/servers/Stable-4437686ffebaf200fa4a6e6e67f735f3edf24ada/server/out/vs/workbench/api/node/extensionHostProcess.js:115:10107)
	at oP.terminate (file:///home/student/.vscode-server/cli/servers/Stable-4437686ffebaf200fa4a6e6e67f735f3edf24ada/server/out/vs/workbench/api/node/extensionHostProcess.js:116:1434)
	at es (file:///home/student/.vscode-server/cli/servers/Stable-4437686ffebaf200fa4a6e6e67f735f3edf24ada/server/out/vs/workbench/api/node/extensionHostProcess.js:197:5701)
	at Th.value (file:///home/student/.vscode-server/cli/servers/Stable-4437686ffebaf200fa4a6e6e67f735f3edf24ada/server/out/vs/workbench/api/node/extensionHostProcess.js:197:3862)
	at P.B (file:///home/student/.vscode-server/cli/servers/Stable-4437686ffebaf200fa4a6e6e67f735f3edf24ada/server/out/vs/workbench/api/node/extensionHostProcess.js:27:2375)
	at P.fire (file:///home/student/.vscode-server/cli/servers/Stable-4437686ffebaf200fa4a6e6e67f735f3edf24ada/server/out/vs/workbench/api/node/extensionHostProcess.js:27:2593)
	at Jn.fire (file:///home/student/.vscode-server/cli/servers/Stable-4437686ffebaf200fa4a6e6e67f735f3edf24ada/server/out/vs/workbench/api/node/extensionHostProcess.js:29:9459)
	at Km.A (file:///home/student/.vscode-server/cli/servers/Stable-4437686ffebaf200fa4a6e6e67f735f3edf24ada/server/out/vs/workbench/api/node/extensionHostProcess.js:29:12575)
	at Th.value (file:///home/student/.vscode-server/cli/servers/Stable-4437686ffebaf200fa4a6e6e67f735f3edf24ada/server/out/vs/workbench/api/node/extensionHostProcess.js:29:11976)
	at P.B (file:///home/student/.vscode-server/cli/servers/Stable-4437686ffebaf200fa4a6e6e67f735f3edf24ada/server/out/vs/workbench/api/node/extensionHostProcess.js:27:2375)
	at P.fire (file:///home/student/.vscode-server/cli/servers/Stable-4437686ffebaf200fa4a6e6e67f735f3edf24ada/server/out/vs/workbench/api/node/extensionHostProcess.js:27:2593)
	at M6.acceptChunk (file:///home/student/.vscode-server/cli/servers/Stable-4437686ffebaf200fa4a6e6e67f735f3edf24ada/server/out/vs/workbench/api/node/extensionHostProcess.js:29:7942)
	at file:///home/student/.vscode-server/cli/servers/Stable-4437686ffebaf200fa4a6e6e67f735f3edf24ada/server/out/vs/workbench/api/node/extensionHostProcess.js:29:7228
	at Socket.t (file:///home/student/.vscode-server/cli/servers/Stable-4437686ffebaf200fa4a6e6e67f735f3edf24ada/server/out/vs/workbench/api/node/extensionHostProcess.js:29:15252)
	at Socket.emit (node:events:518:28)
	at addChunk (node:internal/streams/readable:561:12)
	at readableAddChunkPushByteMode (node:internal/streams/readable:512:3)
	at Readable.push (node:internal/streams/readable:392:5)
	at Pipe.onStreamRead (node:internal/stream_base_commons:191:23) setContext undefined
2025-04-20 03:22:16.720 [error] Canceled: Canceled
	at new HR (file:///home/student/.vscode-server/cli/servers/Stable-4437686ffebaf200fa4a6e6e67f735f3edf24ada/server/out/vs/workbench/api/node/extensionHostProcess.js:29:156308)
	at i4.U (file:///home/student/.vscode-server/cli/servers/Stable-4437686ffebaf200fa4a6e6e67f735f3edf24ada/server/out/vs/workbench/api/node/extensionHostProcess.js:29:160919)
	at s.<computed>.n.charCodeAt.s.<computed> (file:///home/student/.vscode-server/cli/servers/Stable-4437686ffebaf200fa4a6e6e67f735f3edf24ada/server/out/vs/workbench/api/node/extensionHostProcess.js:29:158413)
	at vw.g (file:///home/student/.vscode-server/cli/servers/Stable-4437686ffebaf200fa4a6e6e67f735f3edf24ada/server/out/vs/workbench/api/node/extensionHostProcess.js:111:41039)
	at vw.executeCommand (file:///home/student/.vscode-server/cli/servers/Stable-4437686ffebaf200fa4a6e6e67f735f3edf24ada/server/out/vs/workbench/api/node/extensionHostProcess.js:111:40543)
	at r.registerCommand.description (file:///home/student/.vscode-server/cli/servers/Stable-4437686ffebaf200fa4a6e6e67f735f3edf24ada/server/out/vs/workbench/api/node/extensionHostProcess.js:111:39873)
	at vw.h (file:///home/student/.vscode-server/cli/servers/Stable-4437686ffebaf200fa4a6e6e67f735f3edf24ada/server/out/vs/workbench/api/node/extensionHostProcess.js:111:41559)
	at vw.g (file:///home/student/.vscode-server/cli/servers/Stable-4437686ffebaf200fa4a6e6e67f735f3edf24ada/server/out/vs/workbench/api/node/extensionHostProcess.js:111:40636)
	at vw.executeCommand (file:///home/student/.vscode-server/cli/servers/Stable-4437686ffebaf200fa4a6e6e67f735f3edf24ada/server/out/vs/workbench/api/node/extensionHostProcess.js:111:40543)
	at Object.executeCommand (file:///home/student/.vscode-server/cli/servers/Stable-4437686ffebaf200fa4a6e6e67f735f3edf24ada/server/out/vs/workbench/api/node/extensionHostProcess.js:173:30346)
	at set hasGitHubRepositories [as hasGitHubRepositories] (/home/student/.vscode-server/cli/servers/Stable-4437686ffebaf200fa4a6e6e67f735f3edf24ada/server/extensions/github/dist/extension.js:2:217805)
	at /home/student/.vscode-server/cli/servers/Stable-4437686ffebaf200fa4a6e6e67f735f3edf24ada/server/extensions/github/dist/extension.js:2:218764
	at Th.value (/home/student/.vscode-server/cli/servers/Stable-4437686ffebaf200fa4a6e6e67f735f3edf24ada/server/extensions/git/dist/main.js:2:631688)
	at P.B (file:///home/student/.vscode-server/cli/servers/Stable-4437686ffebaf200fa4a6e6e67f735f3edf24ada/server/out/vs/workbench/api/node/extensionHostProcess.js:27:2375)
	at P.C (file:///home/student/.vscode-server/cli/servers/Stable-4437686ffebaf200fa4a6e6e67f735f3edf24ada/server/out/vs/workbench/api/node/extensionHostProcess.js:27:2445)
	at P.fire (file:///home/student/.vscode-server/cli/servers/Stable-4437686ffebaf200fa4a6e6e67f735f3edf24ada/server/out/vs/workbench/api/node/extensionHostProcess.js:27:2662)
	at Object.g [as dispose] (/home/student/.vscode-server/cli/servers/Stable-4437686ffebaf200fa4a6e6e67f735f3edf24ada/server/extensions/git/dist/main.js:2:534449)
	at /home/student/.vscode-server/cli/servers/Stable-4437686ffebaf200fa4a6e6e67f735f3edf24ada/server/extensions/git/dist/main.js:2:540767
	at Array.forEach (<anonymous>)
	at b.dispose (/home/student/.vscode-server/cli/servers/Stable-4437686ffebaf200fa4a6e6e67f735f3edf24ada/server/extensions/git/dist/main.js:2:540753)
	at iv.<anonymous> (file:///home/student/.vscode-server/cli/servers/Stable-4437686ffebaf200fa4a6e6e67f735f3edf24ada/server/out/vs/workbench/api/node/extensionHostProcess.js:107:8922)
	at iv.dispose (file:///home/student/.vscode-server/cli/servers/Stable-4437686ffebaf200fa4a6e6e67f735f3edf24ada/server/out/vs/workbench/api/node/extensionHostProcess.js:107:9018)
	at iv.<anonymous> (/home/student/.vscode-server/cli/servers/Stable-4437686ffebaf200fa4a6e6e67f735f3edf24ada/server/extensions/git/dist/main.js:2:514293)
	at iv.dispose (file:///home/student/.vscode-server/cli/servers/Stable-4437686ffebaf200fa4a6e6e67f735f3edf24ada/server/out/vs/workbench/api/node/extensionHostProcess.js:107:9018)
	at pi (file:///home/student/.vscode-server/cli/servers/Stable-4437686ffebaf200fa4a6e6e67f735f3edf24ada/server/out/vs/workbench/api/node/extensionHostProcess.js:25:701)
	at file:///home/student/.vscode-server/cli/servers/Stable-4437686ffebaf200fa4a6e6e67f735f3edf24ada/server/out/vs/workbench/api/node/extensionHostProcess.js:115:14994
	at file:///home/student/.vscode-server/cli/servers/Stable-4437686ffebaf200fa4a6e6e67f735f3edf24ada/server/out/vs/workbench/api/node/extensionHostProcess.js:25:1011
	at Object.dispose (file:///home/student/.vscode-server/cli/servers/Stable-4437686ffebaf200fa4a6e6e67f735f3edf24ada/server/out/vs/workbench/api/node/extensionHostProcess.js:8:705)
	at vV.eb (file:///home/student/.vscode-server/cli/servers/Stable-4437686ffebaf200fa4a6e6e67f735f3edf24ada/server/out/vs/workbench/api/node/extensionHostProcess.js:115:11921)
	at file:///home/student/.vscode-server/cli/servers/Stable-4437686ffebaf200fa4a6e6e67f735f3edf24ada/server/out/vs/workbench/api/node/extensionHostProcess.js:115:9876
	at Array.map (<anonymous>)
	at vV.$ (file:///home/student/.vscode-server/cli/servers/Stable-4437686ffebaf200fa4a6e6e67f735f3edf24ada/server/out/vs/workbench/api/node/extensionHostProcess.js:115:9864)
	at vV.terminate (file:///home/student/.vscode-server/cli/servers/Stable-4437686ffebaf200fa4a6e6e67f735f3edf24ada/server/out/vs/workbench/api/node/extensionHostProcess.js:115:10107)
	at oP.terminate (file:///home/student/.vscode-server/cli/servers/Stable-4437686ffebaf200fa4a6e6e67f735f3edf24ada/server/out/vs/workbench/api/node/extensionHostProcess.js:116:1434)
	at es (file:///home/student/.vscode-server/cli/servers/Stable-4437686ffebaf200fa4a6e6e67f735f3edf24ada/server/out/vs/workbench/api/node/extensionHostProcess.js:197:5701)
	at Th.value (file:///home/student/.vscode-server/cli/servers/Stable-4437686ffebaf200fa4a6e6e67f735f3edf24ada/server/out/vs/workbench/api/node/extensionHostProcess.js:197:3862)
	at P.B (file:///home/student/.vscode-server/cli/servers/Stable-4437686ffebaf200fa4a6e6e67f735f3edf24ada/server/out/vs/workbench/api/node/extensionHostProcess.js:27:2375)
	at P.fire (file:///home/student/.vscode-server/cli/servers/Stable-4437686ffebaf200fa4a6e6e67f735f3edf24ada/server/out/vs/workbench/api/node/extensionHostProcess.js:27:2593)
	at Jn.fire (file:///home/student/.vscode-server/cli/servers/Stable-4437686ffebaf200fa4a6e6e67f735f3edf24ada/server/out/vs/workbench/api/node/extensionHostProcess.js:29:9459)
	at Km.A (file:///home/student/.vscode-server/cli/servers/Stable-4437686ffebaf200fa4a6e6e67f735f3edf24ada/server/out/vs/workbench/api/node/extensionHostProcess.js:29:12575)
	at Th.value (file:///home/student/.vscode-server/cli/servers/Stable-4437686ffebaf200fa4a6e6e67f735f3edf24ada/server/out/vs/workbench/api/node/extensionHostProcess.js:29:11976)
	at P.B (file:///home/student/.vscode-server/cli/servers/Stable-4437686ffebaf200fa4a6e6e67f735f3edf24ada/server/out/vs/workbench/api/node/extensionHostProcess.js:27:2375)
	at P.fire (file:///home/student/.vscode-server/cli/servers/Stable-4437686ffebaf200fa4a6e6e67f735f3edf24ada/server/out/vs/workbench/api/node/extensionHostProcess.js:27:2593)
	at M6.acceptChunk (file:///home/student/.vscode-server/cli/servers/Stable-4437686ffebaf200fa4a6e6e67f735f3edf24ada/server/out/vs/workbench/api/node/extensionHostProcess.js:29:7942)
	at file:///home/student/.vscode-server/cli/servers/Stable-4437686ffebaf200fa4a6e6e67f735f3edf24ada/server/out/vs/workbench/api/node/extensionHostProcess.js:29:7228
	at Socket.t (file:///home/student/.vscode-server/cli/servers/Stable-4437686ffebaf200fa4a6e6e67f735f3edf24ada/server/out/vs/workbench/api/node/extensionHostProcess.js:29:15252)
	at Socket.emit (node:events:518:28)
	at addChunk (node:internal/streams/readable:561:12)
	at readableAddChunkPushByteMode (node:internal/streams/readable:512:3)
	at Readable.push (node:internal/streams/readable:392:5)
	at Pipe.onStreamRead (node:internal/stream_base_commons:191:23) setContext undefined
2025-04-20 03:22:16.722 [info] Extension host with pid 1189 exiting with code 0
