2025-03-01 01:02:08.954 [info] [main] Log level: Info
2025-03-01 01:02:08.954 [info] [main] Validating found git in: "git"
2025-03-01 01:02:08.954 [info] [main] Using git "2.34.1" from "git"
2025-03-01 01:02:08.954 [info] [Model][doInitialScan] Initial repository scan started
2025-03-01 01:02:08.954 [info] > git rev-parse --show-toplevel [41ms]
2025-03-01 01:02:08.954 [info] > git rev-parse --git-dir --git-common-dir [1ms]
2025-03-01 01:02:08.954 [info] [Model][openRepository] Opened repository: /home/student
2025-03-01 01:02:08.954 [info] > git rev-parse --show-toplevel [10ms]
2025-03-01 01:02:08.954 [info] > git config --get commit.template [13ms]
2025-03-01 01:02:08.954 [info] > git rev-parse --show-toplevel [6ms]
2025-03-01 01:02:08.954 [info] > git for-each-ref --format=%(refname)%00%(upstream:short)%00%(objectname)%00%(upstream:track)%00%(upstream:remotename)%00%(upstream:remoteref) refs/heads/main refs/remotes/main [2ms]
2025-03-01 01:02:08.954 [info] > git for-each-ref --sort -committerdate --format %(refname) %(objectname) %(*objectname) [1ms]
2025-03-01 01:02:08.954 [info] > git rev-parse --show-toplevel [14ms]
2025-03-01 01:02:08.954 [info] > git rev-parse --show-toplevel [1ms]
2025-03-01 01:02:08.954 [info] [Model][doInitialScan] Initial repository scan completed - repositories (1), closed repositories (0), parent repositories (0), unsafe repositories (0)
2025-03-01 01:02:08.955 [info] > git status -z -uall [169ms]
2025-03-01 01:02:09.027 [info] > git for-each-ref --format=%(refname)%00%(upstream:short)%00%(objectname)%00%(upstream:track)%00%(upstream:remotename)%00%(upstream:remoteref) refs/heads/main refs/remotes/main [7ms]
2025-03-01 01:02:09.031 [info] > git config --get commit.template [5ms]
2025-03-01 01:02:09.032 [info] > git config --get --local branch.main.vscode-merge-base [2ms]
2025-03-01 01:02:09.032 [warning] [Git][config] git config failed: Failed to execute git
2025-03-01 01:02:09.039 [info] > git reflog main --grep-reflog=branch: Created from *. [3ms]
2025-03-01 01:02:09.042 [info] > git for-each-ref --format=%(refname)%00%(upstream:short)%00%(objectname)%00%(upstream:track)%00%(upstream:remotename)%00%(upstream:remoteref) refs/heads/main refs/remotes/main [4ms]
2025-03-01 01:02:09.043 [info] > git symbolic-ref --short refs/remotes/origin/HEAD [2ms]
2025-03-01 01:02:09.043 [info] fatal: ref refs/remotes/origin/HEAD is not a symbolic ref
2025-03-01 01:02:09.043 [warning] [Repository][getDefaultBranch] Failed to get default branch details: Failed to execute git.
2025-03-01 01:02:09.054 [info] > git merge-base refs/heads/main refs/remotes/origin/main [6ms]
2025-03-01 01:02:09.062 [info] > git for-each-ref --sort -committerdate --format %(refname) %(objectname) %(*objectname) [10ms]
2025-03-01 01:02:09.063 [info] > git diff --name-status -z --diff-filter=ADMR 16b49f9f0dad829177dd6ba65f92abc6f5dc235a...refs/remotes/origin/main [2ms]
2025-03-01 01:02:09.421 [info] > git status -z -uall [371ms]
2025-03-01 01:02:09.421 [info] > git check-ignore -v -z --stdin [7ms]
2025-03-01 01:02:14.937 [info] > git for-each-ref --format=%(refname)%00%(upstream:short)%00%(objectname)%00%(upstream:track)%00%(upstream:remotename)%00%(upstream:remoteref) refs/heads/main refs/remotes/main [9ms]
2025-03-01 01:02:14.938 [info] > git config --get commit.template [12ms]
2025-03-01 01:02:14.966 [info] > git for-each-ref --sort -committerdate --format %(refname) %(objectname) %(*objectname) [4ms]
2025-03-01 01:02:15.019 [info] > git status -z -uall [67ms]
2025-03-01 01:02:20.063 [info] > git config --get commit.template [9ms]
2025-03-01 01:02:20.064 [info] > git for-each-ref --format=%(refname)%00%(upstream:short)%00%(objectname)%00%(upstream:track)%00%(upstream:remotename)%00%(upstream:remoteref) refs/heads/main refs/remotes/main [5ms]
2025-03-01 01:02:20.082 [info] > git for-each-ref --sort -committerdate --format %(refname) %(objectname) %(*objectname) [4ms]
2025-03-01 01:02:20.127 [info] > git status -z -uall [54ms]
2025-03-01 01:02:20.200 [info] > git check-ignore -v -z --stdin [5ms]
2025-03-01 01:02:25.190 [info] > git config --get commit.template [5ms]
2025-03-01 01:02:25.191 [info] > git for-each-ref --format=%(refname)%00%(upstream:short)%00%(objectname)%00%(upstream:track)%00%(upstream:remotename)%00%(upstream:remoteref) refs/heads/main refs/remotes/main [2ms]
2025-03-01 01:02:25.200 [info] > git for-each-ref --sort -committerdate --format %(refname) %(objectname) %(*objectname) [3ms]
2025-03-01 01:02:25.246 [info] > git status -z -uall [51ms]
2025-03-01 01:02:37.975 [info] > git config --get commit.template [4ms]
2025-03-01 01:02:37.975 [info] > git for-each-ref --format=%(refname)%00%(upstream:short)%00%(objectname)%00%(upstream:track)%00%(upstream:remotename)%00%(upstream:remoteref) refs/heads/main refs/remotes/main [1ms]
2025-03-01 01:02:37.989 [info] > git for-each-ref --sort -committerdate --format %(refname) %(objectname) %(*objectname) [1ms]
2025-03-01 01:02:38.030 [info] > git status -z -uall [50ms]
2025-03-01 01:02:38.897 [info] > git check-ignore -v -z --stdin [6ms]
2025-03-01 01:02:43.072 [info] > git config --get commit.template [4ms]
2025-03-01 01:02:43.073 [info] > git for-each-ref --format=%(refname)%00%(upstream:short)%00%(objectname)%00%(upstream:track)%00%(upstream:remotename)%00%(upstream:remoteref) refs/heads/main refs/remotes/main [2ms]
2025-03-01 01:02:43.086 [info] > git for-each-ref --sort -committerdate --format %(refname) %(objectname) %(*objectname) [6ms]
2025-03-01 01:02:43.126 [info] > git status -z -uall [49ms]
2025-03-01 01:03:14.595 [info] > git config --get commit.template [4ms]
2025-03-01 01:03:14.596 [info] > git for-each-ref --format=%(refname)%00%(upstream:short)%00%(objectname)%00%(upstream:track)%00%(upstream:remotename)%00%(upstream:remoteref) refs/heads/main refs/remotes/main [2ms]
2025-03-01 01:03:14.604 [info] > git for-each-ref --sort -committerdate --format %(refname) %(objectname) %(*objectname) [2ms]
2025-03-01 01:03:14.647 [info] > git status -z -uall [48ms]
2025-03-01 01:03:35.701 [info] > git config --get commit.template [4ms]
2025-03-01 01:03:35.702 [info] > git for-each-ref --format=%(refname)%00%(upstream:short)%00%(objectname)%00%(upstream:track)%00%(upstream:remotename)%00%(upstream:remoteref) refs/heads/main refs/remotes/main [2ms]
2025-03-01 01:03:35.712 [info] > git for-each-ref --sort -committerdate --format %(refname) %(objectname) %(*objectname) [5ms]
2025-03-01 01:03:35.756 [info] > git status -z -uall [51ms]
2025-03-01 01:03:40.803 [info] > git config --get commit.template [4ms]
2025-03-01 01:03:40.803 [info] > git for-each-ref --format=%(refname)%00%(upstream:short)%00%(objectname)%00%(upstream:track)%00%(upstream:remotename)%00%(upstream:remoteref) refs/heads/main refs/remotes/main [1ms]
2025-03-01 01:03:40.817 [info] > git for-each-ref --sort -committerdate --format %(refname) %(objectname) %(*objectname) [7ms]
2025-03-01 01:03:40.855 [info] > git status -z -uall [48ms]
2025-03-01 01:03:45.891 [info] > git config --get commit.template [4ms]
2025-03-01 01:03:45.893 [info] > git for-each-ref --format=%(refname)%00%(upstream:short)%00%(objectname)%00%(upstream:track)%00%(upstream:remotename)%00%(upstream:remoteref) refs/heads/main refs/remotes/main [2ms]
2025-03-01 01:03:45.923 [info] > git for-each-ref --sort -committerdate --format %(refname) %(objectname) %(*objectname) [2ms]
2025-03-01 01:03:45.968 [info] > git status -z -uall [59ms]
2025-03-01 01:03:51.008 [info] > git config --get commit.template [3ms]
2025-03-01 01:03:51.009 [info] > git for-each-ref --format=%(refname)%00%(upstream:short)%00%(objectname)%00%(upstream:track)%00%(upstream:remotename)%00%(upstream:remoteref) refs/heads/main refs/remotes/main [1ms]
2025-03-01 01:03:51.016 [info] > git for-each-ref --sort -committerdate --format %(refname) %(objectname) %(*objectname) [2ms]
2025-03-01 01:03:51.061 [info] > git status -z -uall [49ms]
2025-03-01 01:03:56.116 [info] > git config --get commit.template [4ms]
2025-03-01 01:03:56.117 [info] > git for-each-ref --format=%(refname)%00%(upstream:short)%00%(objectname)%00%(upstream:track)%00%(upstream:remotename)%00%(upstream:remoteref) refs/heads/main refs/remotes/main [2ms]
2025-03-01 01:03:56.128 [info] > git for-each-ref --sort -committerdate --format %(refname) %(objectname) %(*objectname) [5ms]
2025-03-01 01:03:56.169 [info] > git status -z -uall [49ms]
2025-03-01 01:04:01.201 [info] > git config --get commit.template [4ms]
2025-03-01 01:04:01.204 [info] > git for-each-ref --format=%(refname)%00%(upstream:short)%00%(objectname)%00%(upstream:track)%00%(upstream:remotename)%00%(upstream:remoteref) refs/heads/main refs/remotes/main [3ms]
2025-03-01 01:04:01.212 [info] > git for-each-ref --sort -committerdate --format %(refname) %(objectname) %(*objectname) [3ms]
2025-03-01 01:04:01.258 [info] > git status -z -uall [51ms]
2025-03-01 01:04:06.292 [info] > git config --get commit.template [4ms]
2025-03-01 01:04:06.293 [info] > git for-each-ref --format=%(refname)%00%(upstream:short)%00%(objectname)%00%(upstream:track)%00%(upstream:remotename)%00%(upstream:remoteref) refs/heads/main refs/remotes/main [1ms]
2025-03-01 01:04:06.300 [info] > git for-each-ref --sort -committerdate --format %(refname) %(objectname) %(*objectname) [2ms]
2025-03-01 01:04:06.344 [info] > git status -z -uall [48ms]
2025-03-01 01:04:11.375 [info] > git config --get commit.template [4ms]
2025-03-01 01:04:11.376 [info] > git for-each-ref --format=%(refname)%00%(upstream:short)%00%(objectname)%00%(upstream:track)%00%(upstream:remotename)%00%(upstream:remoteref) refs/heads/main refs/remotes/main [1ms]
2025-03-01 01:04:11.384 [info] > git for-each-ref --sort -committerdate --format %(refname) %(objectname) %(*objectname) [2ms]
2025-03-01 01:04:11.427 [info] > git status -z -uall [48ms]
2025-03-01 01:04:13.394 [info] > git check-ignore -v -z --stdin [4ms]
2025-03-01 01:04:16.458 [info] > git config --get commit.template [4ms]
2025-03-01 01:04:16.459 [info] > git for-each-ref --format=%(refname)%00%(upstream:short)%00%(objectname)%00%(upstream:track)%00%(upstream:remotename)%00%(upstream:remoteref) refs/heads/main refs/remotes/main [2ms]
2025-03-01 01:04:16.470 [info] > git for-each-ref --sort -committerdate --format %(refname) %(objectname) %(*objectname) [6ms]
2025-03-01 01:04:16.509 [info] > git status -z -uall [47ms]
2025-03-01 01:04:21.545 [info] > git config --get commit.template [5ms]
2025-03-01 01:04:21.546 [info] > git for-each-ref --format=%(refname)%00%(upstream:short)%00%(objectname)%00%(upstream:track)%00%(upstream:remotename)%00%(upstream:remoteref) refs/heads/main refs/remotes/main [2ms]
2025-03-01 01:04:21.557 [info] > git for-each-ref --sort -committerdate --format %(refname) %(objectname) %(*objectname) [3ms]
2025-03-01 01:04:21.603 [info] > git status -z -uall [53ms]
2025-03-01 01:04:26.636 [info] > git config --get commit.template [4ms]
2025-03-01 01:04:26.637 [info] > git for-each-ref --format=%(refname)%00%(upstream:short)%00%(objectname)%00%(upstream:track)%00%(upstream:remotename)%00%(upstream:remoteref) refs/heads/main refs/remotes/main [2ms]
2025-03-01 01:04:26.644 [info] > git for-each-ref --sort -committerdate --format %(refname) %(objectname) %(*objectname) [2ms]
2025-03-01 01:04:26.691 [info] > git status -z -uall [51ms]
2025-03-01 01:04:31.725 [info] > git config --get commit.template [4ms]
2025-03-01 01:04:31.726 [info] > git for-each-ref --format=%(refname)%00%(upstream:short)%00%(objectname)%00%(upstream:track)%00%(upstream:remotename)%00%(upstream:remoteref) refs/heads/main refs/remotes/main [1ms]
2025-03-01 01:04:31.735 [info] > git for-each-ref --sort -committerdate --format %(refname) %(objectname) %(*objectname) [1ms]
2025-03-01 01:04:31.778 [info] > git status -z -uall [49ms]
2025-03-01 01:04:36.810 [info] > git config --get commit.template [4ms]
2025-03-01 01:04:36.811 [info] > git for-each-ref --format=%(refname)%00%(upstream:short)%00%(objectname)%00%(upstream:track)%00%(upstream:remotename)%00%(upstream:remoteref) refs/heads/main refs/remotes/main [2ms]
2025-03-01 01:04:36.820 [info] > git for-each-ref --sort -committerdate --format %(refname) %(objectname) %(*objectname) [1ms]
2025-03-01 01:04:36.864 [info] > git status -z -uall [50ms]
2025-03-01 01:04:41.897 [info] > git config --get commit.template [4ms]
2025-03-01 01:04:41.898 [info] > git for-each-ref --format=%(refname)%00%(upstream:short)%00%(objectname)%00%(upstream:track)%00%(upstream:remotename)%00%(upstream:remoteref) refs/heads/main refs/remotes/main [2ms]
2025-03-01 01:04:41.910 [info] > git for-each-ref --sort -committerdate --format %(refname) %(objectname) %(*objectname) [7ms]
2025-03-01 01:04:41.947 [info] > git status -z -uall [46ms]
2025-03-01 01:04:46.980 [info] > git config --get commit.template [4ms]
2025-03-01 01:04:46.981 [info] > git for-each-ref --format=%(refname)%00%(upstream:short)%00%(objectname)%00%(upstream:track)%00%(upstream:remotename)%00%(upstream:remoteref) refs/heads/main refs/remotes/main [1ms]
2025-03-01 01:04:46.992 [info] > git for-each-ref --sort -committerdate --format %(refname) %(objectname) %(*objectname) [5ms]
2025-03-01 01:04:47.037 [info] > git status -z -uall [53ms]
2025-03-01 01:04:52.071 [info] > git config --get commit.template [6ms]
2025-03-01 01:04:52.072 [info] > git for-each-ref --format=%(refname)%00%(upstream:short)%00%(objectname)%00%(upstream:track)%00%(upstream:remotename)%00%(upstream:remoteref) refs/heads/main refs/remotes/main [2ms]
2025-03-01 01:04:52.086 [info] > git for-each-ref --sort -committerdate --format %(refname) %(objectname) %(*objectname) [7ms]
2025-03-01 01:04:52.131 [info] > git status -z -uall [56ms]
2025-03-01 01:04:57.173 [info] > git config --get commit.template [4ms]
2025-03-01 01:04:57.174 [info] > git for-each-ref --format=%(refname)%00%(upstream:short)%00%(objectname)%00%(upstream:track)%00%(upstream:remotename)%00%(upstream:remoteref) refs/heads/main refs/remotes/main [2ms]
2025-03-01 01:04:57.186 [info] > git for-each-ref --sort -committerdate --format %(refname) %(objectname) %(*objectname) [6ms]
2025-03-01 01:04:57.226 [info] > git status -z -uall [48ms]
2025-03-01 01:05:02.264 [info] > git config --get commit.template [4ms]
2025-03-01 01:05:02.266 [info] > git for-each-ref --format=%(refname)%00%(upstream:short)%00%(objectname)%00%(upstream:track)%00%(upstream:remotename)%00%(upstream:remoteref) refs/heads/main refs/remotes/main [2ms]
2025-03-01 01:05:02.278 [info] > git for-each-ref --sort -committerdate --format %(refname) %(objectname) %(*objectname) [1ms]
2025-03-01 01:05:02.321 [info] > git status -z -uall [52ms]
2025-03-01 01:05:07.353 [info] > git config --get commit.template [4ms]
2025-03-01 01:05:07.354 [info] > git for-each-ref --format=%(refname)%00%(upstream:short)%00%(objectname)%00%(upstream:track)%00%(upstream:remotename)%00%(upstream:remoteref) refs/heads/main refs/remotes/main [2ms]
2025-03-01 01:05:07.365 [info] > git for-each-ref --sort -committerdate --format %(refname) %(objectname) %(*objectname) [6ms]
2025-03-01 01:05:07.404 [info] > git status -z -uall [47ms]
2025-03-01 01:05:12.438 [info] > git config --get commit.template [3ms]
2025-03-01 01:05:12.439 [info] > git for-each-ref --format=%(refname)%00%(upstream:short)%00%(objectname)%00%(upstream:track)%00%(upstream:remotename)%00%(upstream:remoteref) refs/heads/main refs/remotes/main [1ms]
2025-03-01 01:05:12.447 [info] > git for-each-ref --sort -committerdate --format %(refname) %(objectname) %(*objectname) [1ms]
2025-03-01 01:05:12.489 [info] > git status -z -uall [48ms]
2025-03-01 01:05:17.524 [info] > git config --get commit.template [4ms]
2025-03-01 01:05:17.526 [info] > git for-each-ref --format=%(refname)%00%(upstream:short)%00%(objectname)%00%(upstream:track)%00%(upstream:remotename)%00%(upstream:remoteref) refs/heads/main refs/remotes/main [2ms]
2025-03-01 01:05:17.535 [info] > git for-each-ref --sort -committerdate --format %(refname) %(objectname) %(*objectname) [2ms]
2025-03-01 01:05:17.579 [info] > git status -z -uall [49ms]
2025-03-01 01:05:22.608 [info] > git config --get commit.template [2ms]
2025-03-01 01:05:22.613 [info] > git for-each-ref --format=%(refname)%00%(upstream:short)%00%(objectname)%00%(upstream:track)%00%(upstream:remotename)%00%(upstream:remoteref) refs/heads/main refs/remotes/main [2ms]
2025-03-01 01:05:22.625 [info] > git for-each-ref --sort -committerdate --format %(refname) %(objectname) %(*objectname) [7ms]
2025-03-01 01:05:22.664 [info] > git status -z -uall [48ms]
2025-03-01 01:05:27.694 [info] > git config --get commit.template [3ms]
2025-03-01 01:05:27.695 [info] > git for-each-ref --format=%(refname)%00%(upstream:short)%00%(objectname)%00%(upstream:track)%00%(upstream:remotename)%00%(upstream:remoteref) refs/heads/main refs/remotes/main [2ms]
2025-03-01 01:05:27.702 [info] > git for-each-ref --sort -committerdate --format %(refname) %(objectname) %(*objectname) [2ms]
2025-03-01 01:05:27.746 [info] > git status -z -uall [49ms]
2025-03-01 01:05:32.787 [info] > git config --get commit.template [4ms]
2025-03-01 01:05:32.788 [info] > git for-each-ref --format=%(refname)%00%(upstream:short)%00%(objectname)%00%(upstream:track)%00%(upstream:remotename)%00%(upstream:remoteref) refs/heads/main refs/remotes/main [1ms]
2025-03-01 01:05:32.798 [info] > git for-each-ref --sort -committerdate --format %(refname) %(objectname) %(*objectname) [4ms]
2025-03-01 01:05:32.838 [info] > git status -z -uall [47ms]
2025-03-01 01:05:37.869 [info] > git config --get commit.template [4ms]
2025-03-01 01:05:37.871 [info] > git for-each-ref --format=%(refname)%00%(upstream:short)%00%(objectname)%00%(upstream:track)%00%(upstream:remotename)%00%(upstream:remoteref) refs/heads/main refs/remotes/main [1ms]
2025-03-01 01:05:37.881 [info] > git for-each-ref --sort -committerdate --format %(refname) %(objectname) %(*objectname) [5ms]
2025-03-01 01:05:37.921 [info] > git status -z -uall [47ms]
2025-03-01 01:05:52.759 [info] > git config --get commit.template [4ms]
2025-03-01 01:05:52.761 [info] > git for-each-ref --format=%(refname)%00%(upstream:short)%00%(objectname)%00%(upstream:track)%00%(upstream:remotename)%00%(upstream:remoteref) refs/heads/main refs/remotes/main [2ms]
2025-03-01 01:05:52.773 [info] > git for-each-ref --sort -committerdate --format %(refname) %(objectname) %(*objectname) [7ms]
2025-03-01 01:05:52.811 [info] > git status -z -uall [47ms]
2025-03-01 01:05:57.844 [info] > git config --get commit.template [4ms]
2025-03-01 01:05:57.845 [info] > git for-each-ref --format=%(refname)%00%(upstream:short)%00%(objectname)%00%(upstream:track)%00%(upstream:remotename)%00%(upstream:remoteref) refs/heads/main refs/remotes/main [2ms]
2025-03-01 01:05:57.855 [info] > git for-each-ref --sort -committerdate --format %(refname) %(objectname) %(*objectname) [4ms]
2025-03-01 01:05:57.895 [info] > git status -z -uall [47ms]
2025-03-01 01:06:02.929 [info] > git config --get commit.template [2ms]
2025-03-01 01:06:02.943 [info] > git for-each-ref --format=%(refname)%00%(upstream:short)%00%(objectname)%00%(upstream:track)%00%(upstream:remotename)%00%(upstream:remoteref) refs/heads/main refs/remotes/main [1ms]
2025-03-01 01:06:02.960 [info] > git for-each-ref --sort -committerdate --format %(refname) %(objectname) %(*objectname) [1ms]
2025-03-01 01:06:03.009 [info] > git status -z -uall [56ms]
2025-03-01 01:06:08.041 [info] > git config --get commit.template [4ms]
2025-03-01 01:06:08.042 [info] > git for-each-ref --format=%(refname)%00%(upstream:short)%00%(objectname)%00%(upstream:track)%00%(upstream:remotename)%00%(upstream:remoteref) refs/heads/main refs/remotes/main [2ms]
2025-03-01 01:06:08.050 [info] > git for-each-ref --sort -committerdate --format %(refname) %(objectname) %(*objectname) [3ms]
2025-03-01 01:06:08.094 [info] > git status -z -uall [49ms]
2025-03-01 01:06:48.901 [info] > git config --get commit.template [3ms]
2025-03-01 01:06:48.902 [info] > git for-each-ref --format=%(refname)%00%(upstream:short)%00%(objectname)%00%(upstream:track)%00%(upstream:remotename)%00%(upstream:remoteref) refs/heads/main refs/remotes/main [1ms]
2025-03-01 01:06:48.910 [info] > git for-each-ref --sort -committerdate --format %(refname) %(objectname) %(*objectname) [2ms]
2025-03-01 01:06:48.956 [info] > git status -z -uall [51ms]
2025-03-01 01:06:53.992 [info] > git config --get commit.template [3ms]
2025-03-01 01:06:53.994 [info] > git for-each-ref --format=%(refname)%00%(upstream:short)%00%(objectname)%00%(upstream:track)%00%(upstream:remotename)%00%(upstream:remoteref) refs/heads/main refs/remotes/main [2ms]
2025-03-01 01:06:54.001 [info] > git for-each-ref --sort -committerdate --format %(refname) %(objectname) %(*objectname) [2ms]
2025-03-01 01:06:54.043 [info] > git status -z -uall [47ms]
2025-03-01 01:06:59.083 [info] > git config --get commit.template [8ms]
2025-03-01 01:06:59.084 [info] > git for-each-ref --format=%(refname)%00%(upstream:short)%00%(objectname)%00%(upstream:track)%00%(upstream:remotename)%00%(upstream:remoteref) refs/heads/main refs/remotes/main [5ms]
2025-03-01 01:06:59.093 [info] > git for-each-ref --sort -committerdate --format %(refname) %(objectname) %(*objectname) [3ms]
2025-03-01 01:06:59.135 [info] > git status -z -uall [48ms]
2025-03-01 01:07:04.169 [info] > git config --get commit.template [4ms]
2025-03-01 01:07:04.169 [info] > git for-each-ref --format=%(refname)%00%(upstream:short)%00%(objectname)%00%(upstream:track)%00%(upstream:remotename)%00%(upstream:remoteref) refs/heads/main refs/remotes/main [1ms]
2025-03-01 01:07:04.177 [info] > git for-each-ref --sort -committerdate --format %(refname) %(objectname) %(*objectname) [2ms]
2025-03-01 01:07:04.220 [info] > git status -z -uall [48ms]
2025-03-01 01:07:09.252 [info] > git config --get commit.template [4ms]
2025-03-01 01:07:09.253 [info] > git for-each-ref --format=%(refname)%00%(upstream:short)%00%(objectname)%00%(upstream:track)%00%(upstream:remotename)%00%(upstream:remoteref) refs/heads/main refs/remotes/main [2ms]
2025-03-01 01:07:09.265 [info] > git for-each-ref --sort -committerdate --format %(refname) %(objectname) %(*objectname) [7ms]
2025-03-01 01:07:09.303 [info] > git status -z -uall [47ms]
2025-03-01 01:07:14.332 [info] > git config --get commit.template [4ms]
2025-03-01 01:07:14.333 [info] > git for-each-ref --format=%(refname)%00%(upstream:short)%00%(objectname)%00%(upstream:track)%00%(upstream:remotename)%00%(upstream:remoteref) refs/heads/main refs/remotes/main [1ms]
2025-03-01 01:07:14.347 [info] > git for-each-ref --sort -committerdate --format %(refname) %(objectname) %(*objectname) [4ms]
2025-03-01 01:07:14.385 [info] > git status -z -uall [48ms]
2025-03-01 01:07:58.032 [info] > git config --get commit.template [4ms]
2025-03-01 01:07:58.033 [info] > git for-each-ref --format=%(refname)%00%(upstream:short)%00%(objectname)%00%(upstream:track)%00%(upstream:remotename)%00%(upstream:remoteref) refs/heads/main refs/remotes/main [2ms]
2025-03-01 01:07:58.043 [info] > git for-each-ref --sort -committerdate --format %(refname) %(objectname) %(*objectname) [5ms]
2025-03-01 01:07:58.084 [info] > git status -z -uall [49ms]
2025-03-01 01:08:03.117 [info] > git config --get commit.template [4ms]
2025-03-01 01:08:03.118 [info] > git for-each-ref --format=%(refname)%00%(upstream:short)%00%(objectname)%00%(upstream:track)%00%(upstream:remotename)%00%(upstream:remoteref) refs/heads/main refs/remotes/main [2ms]
2025-03-01 01:08:03.129 [info] > git for-each-ref --sort -committerdate --format %(refname) %(objectname) %(*objectname) [5ms]
2025-03-01 01:08:03.170 [info] > git status -z -uall [48ms]
2025-03-01 01:08:08.205 [info] > git config --get commit.template [4ms]
2025-03-01 01:08:08.206 [info] > git for-each-ref --format=%(refname)%00%(upstream:short)%00%(objectname)%00%(upstream:track)%00%(upstream:remotename)%00%(upstream:remoteref) refs/heads/main refs/remotes/main [2ms]
2025-03-01 01:08:08.217 [info] > git for-each-ref --sort -committerdate --format %(refname) %(objectname) %(*objectname) [6ms]
2025-03-01 01:08:08.272 [info] > git status -z -uall [63ms]
2025-03-01 01:08:15.995 [info] > git config --get commit.template [4ms]
2025-03-01 01:08:15.996 [info] > git for-each-ref --format=%(refname)%00%(upstream:short)%00%(objectname)%00%(upstream:track)%00%(upstream:remotename)%00%(upstream:remoteref) refs/heads/main refs/remotes/main [2ms]
2025-03-01 01:08:16.004 [info] > git for-each-ref --sort -committerdate --format %(refname) %(objectname) %(*objectname) [2ms]
2025-03-01 01:08:16.046 [info] > git status -z -uall [47ms]
2025-03-01 01:08:21.085 [info] > git config --get commit.template [4ms]
2025-03-01 01:08:21.086 [info] > git for-each-ref --format=%(refname)%00%(upstream:short)%00%(objectname)%00%(upstream:track)%00%(upstream:remotename)%00%(upstream:remoteref) refs/heads/main refs/remotes/main [1ms]
2025-03-01 01:08:21.097 [info] > git for-each-ref --sort -committerdate --format %(refname) %(objectname) %(*objectname) [5ms]
2025-03-01 01:08:21.137 [info] > git status -z -uall [48ms]
2025-03-01 01:08:26.173 [info] > git config --get commit.template [4ms]
2025-03-01 01:08:26.174 [info] > git for-each-ref --format=%(refname)%00%(upstream:short)%00%(objectname)%00%(upstream:track)%00%(upstream:remotename)%00%(upstream:remoteref) refs/heads/main refs/remotes/main [1ms]
2025-03-01 01:08:26.185 [info] > git for-each-ref --sort -committerdate --format %(refname) %(objectname) %(*objectname) [5ms]
2025-03-01 01:08:26.225 [info] > git status -z -uall [48ms]
2025-03-01 01:08:31.259 [info] > git config --get commit.template [4ms]
2025-03-01 01:08:31.260 [info] > git for-each-ref --format=%(refname)%00%(upstream:short)%00%(objectname)%00%(upstream:track)%00%(upstream:remotename)%00%(upstream:remoteref) refs/heads/main refs/remotes/main [1ms]
2025-03-01 01:08:31.270 [info] > git for-each-ref --sort -committerdate --format %(refname) %(objectname) %(*objectname) [5ms]
2025-03-01 01:08:31.314 [info] > git status -z -uall [52ms]
2025-03-01 01:08:37.194 [info] > git config --get commit.template [4ms]
2025-03-01 01:08:37.195 [info] > git for-each-ref --format=%(refname)%00%(upstream:short)%00%(objectname)%00%(upstream:track)%00%(upstream:remotename)%00%(upstream:remoteref) refs/heads/main refs/remotes/main [2ms]
2025-03-01 01:08:37.203 [info] > git for-each-ref --sort -committerdate --format %(refname) %(objectname) %(*objectname) [2ms]
2025-03-01 01:08:37.247 [info] > git status -z -uall [49ms]
2025-03-01 01:08:42.278 [info] > git config --get commit.template [3ms]
2025-03-01 01:08:42.279 [info] > git for-each-ref --format=%(refname)%00%(upstream:short)%00%(objectname)%00%(upstream:track)%00%(upstream:remotename)%00%(upstream:remoteref) refs/heads/main refs/remotes/main [1ms]
2025-03-01 01:08:42.291 [info] > git for-each-ref --sort -committerdate --format %(refname) %(objectname) %(*objectname) [5ms]
2025-03-01 01:08:42.329 [info] > git status -z -uall [47ms]
2025-03-01 01:08:47.363 [info] > git config --get commit.template [5ms]
2025-03-01 01:08:47.364 [info] > git for-each-ref --format=%(refname)%00%(upstream:short)%00%(objectname)%00%(upstream:track)%00%(upstream:remotename)%00%(upstream:remoteref) refs/heads/main refs/remotes/main [2ms]
2025-03-01 01:08:47.379 [info] > git for-each-ref --sort -committerdate --format %(refname) %(objectname) %(*objectname) [1ms]
2025-03-01 01:08:47.417 [info] > git status -z -uall [50ms]
2025-03-01 01:09:03.883 [info] > git config --get commit.template [3ms]
2025-03-01 01:09:03.884 [info] > git for-each-ref --format=%(refname)%00%(upstream:short)%00%(objectname)%00%(upstream:track)%00%(upstream:remotename)%00%(upstream:remoteref) refs/heads/main refs/remotes/main [1ms]
2025-03-01 01:09:03.896 [info] > git for-each-ref --sort -committerdate --format %(refname) %(objectname) %(*objectname) [6ms]
2025-03-01 01:09:03.934 [info] > git status -z -uall [47ms]
2025-03-01 01:09:08.966 [info] > git config --get commit.template [4ms]
2025-03-01 01:09:08.967 [info] > git for-each-ref --format=%(refname)%00%(upstream:short)%00%(objectname)%00%(upstream:track)%00%(upstream:remotename)%00%(upstream:remoteref) refs/heads/main refs/remotes/main [1ms]
2025-03-01 01:09:08.974 [info] > git for-each-ref --sort -committerdate --format %(refname) %(objectname) %(*objectname) [2ms]
2025-03-01 01:09:09.020 [info] > git status -z -uall [51ms]
2025-03-01 01:09:14.050 [info] > git config --get commit.template [4ms]
2025-03-01 01:09:14.052 [info] > git for-each-ref --format=%(refname)%00%(upstream:short)%00%(objectname)%00%(upstream:track)%00%(upstream:remotename)%00%(upstream:remoteref) refs/heads/main refs/remotes/main [1ms]
2025-03-01 01:09:14.064 [info] > git for-each-ref --sort -committerdate --format %(refname) %(objectname) %(*objectname) [6ms]
2025-03-01 01:09:14.101 [info] > git status -z -uall [47ms]
2025-03-01 01:09:19.758 [info] > git config --get commit.template [4ms]
2025-03-01 01:09:19.759 [info] > git for-each-ref --format=%(refname)%00%(upstream:short)%00%(objectname)%00%(upstream:track)%00%(upstream:remotename)%00%(upstream:remoteref) refs/heads/main refs/remotes/main [1ms]
2025-03-01 01:09:19.767 [info] > git for-each-ref --sort -committerdate --format %(refname) %(objectname) %(*objectname) [2ms]
2025-03-01 01:09:19.811 [info] > git status -z -uall [49ms]
2025-03-01 01:09:28.118 [info] > git config --get commit.template [3ms]
2025-03-01 01:09:28.118 [info] > git for-each-ref --format=%(refname)%00%(upstream:short)%00%(objectname)%00%(upstream:track)%00%(upstream:remotename)%00%(upstream:remoteref) refs/heads/main refs/remotes/main [1ms]
2025-03-01 01:09:28.127 [info] > git for-each-ref --sort -committerdate --format %(refname) %(objectname) %(*objectname) [3ms]
2025-03-01 01:09:28.171 [info] > git status -z -uall [50ms]
2025-03-01 01:09:33.234 [info] > git config --get commit.template [5ms]
2025-03-01 01:09:33.235 [info] > git for-each-ref --format=%(refname)%00%(upstream:short)%00%(objectname)%00%(upstream:track)%00%(upstream:remotename)%00%(upstream:remoteref) refs/heads/main refs/remotes/main [3ms]
2025-03-01 01:09:33.250 [info] > git for-each-ref --sort -committerdate --format %(refname) %(objectname) %(*objectname) [2ms]
2025-03-01 01:09:33.290 [info] > git status -z -uall [51ms]
2025-03-01 01:09:38.326 [info] > git config --get commit.template [5ms]
2025-03-01 01:09:38.327 [info] > git for-each-ref --format=%(refname)%00%(upstream:short)%00%(objectname)%00%(upstream:track)%00%(upstream:remotename)%00%(upstream:remoteref) refs/heads/main refs/remotes/main [2ms]
2025-03-01 01:09:38.340 [info] > git for-each-ref --sort -committerdate --format %(refname) %(objectname) %(*objectname) [1ms]
2025-03-01 01:09:38.379 [info] > git status -z -uall [49ms]
2025-03-01 01:09:45.672 [info] > git config --get commit.template [4ms]
2025-03-01 01:09:45.673 [info] > git for-each-ref --format=%(refname)%00%(upstream:short)%00%(objectname)%00%(upstream:track)%00%(upstream:remotename)%00%(upstream:remoteref) refs/heads/main refs/remotes/main [2ms]
2025-03-01 01:09:45.685 [info] > git for-each-ref --sort -committerdate --format %(refname) %(objectname) %(*objectname) [5ms]
2025-03-01 01:09:45.728 [info] > git status -z -uall [51ms]
2025-03-01 01:09:50.763 [info] > git config --get commit.template [4ms]
2025-03-01 01:09:50.764 [info] > git for-each-ref --format=%(refname)%00%(upstream:short)%00%(objectname)%00%(upstream:track)%00%(upstream:remotename)%00%(upstream:remoteref) refs/heads/main refs/remotes/main [2ms]
2025-03-01 01:09:50.775 [info] > git for-each-ref --sort -committerdate --format %(refname) %(objectname) %(*objectname) [5ms]
2025-03-01 01:09:50.816 [info] > git status -z -uall [49ms]
2025-03-01 01:09:55.851 [info] > git config --get commit.template [5ms]
2025-03-01 01:09:55.852 [info] > git for-each-ref --format=%(refname)%00%(upstream:short)%00%(objectname)%00%(upstream:track)%00%(upstream:remotename)%00%(upstream:remoteref) refs/heads/main refs/remotes/main [2ms]
2025-03-01 01:09:55.865 [info] > git for-each-ref --sort -committerdate --format %(refname) %(objectname) %(*objectname) [0ms]
2025-03-01 01:09:55.907 [info] > git status -z -uall [49ms]
2025-03-01 01:10:00.940 [info] > git config --get commit.template [4ms]
2025-03-01 01:10:00.941 [info] > git for-each-ref --format=%(refname)%00%(upstream:short)%00%(objectname)%00%(upstream:track)%00%(upstream:remotename)%00%(upstream:remoteref) refs/heads/main refs/remotes/main [1ms]
2025-03-01 01:10:00.957 [info] > git for-each-ref --sort -committerdate --format %(refname) %(objectname) %(*objectname) [3ms]
2025-03-01 01:10:01.001 [info] > git status -z -uall [55ms]
2025-03-01 01:10:06.066 [info] > git config --get commit.template [4ms]
2025-03-01 01:10:06.067 [info] > git for-each-ref --format=%(refname)%00%(upstream:short)%00%(objectname)%00%(upstream:track)%00%(upstream:remotename)%00%(upstream:remoteref) refs/heads/main refs/remotes/main [2ms]
2025-03-01 01:10:06.076 [info] > git for-each-ref --sort -committerdate --format %(refname) %(objectname) %(*objectname) [1ms]
2025-03-01 01:10:06.120 [info] > git status -z -uall [50ms]
2025-03-01 01:10:11.155 [info] > git config --get commit.template [5ms]
2025-03-01 01:10:11.156 [info] > git for-each-ref --format=%(refname)%00%(upstream:short)%00%(objectname)%00%(upstream:track)%00%(upstream:remotename)%00%(upstream:remoteref) refs/heads/main refs/remotes/main [2ms]
2025-03-01 01:10:11.168 [info] > git for-each-ref --sort -committerdate --format %(refname) %(objectname) %(*objectname) [5ms]
2025-03-01 01:10:11.212 [info] > git status -z -uall [52ms]
2025-03-01 01:10:16.244 [info] > git config --get commit.template [4ms]
2025-03-01 01:10:16.245 [info] > git for-each-ref --format=%(refname)%00%(upstream:short)%00%(objectname)%00%(upstream:track)%00%(upstream:remotename)%00%(upstream:remoteref) refs/heads/main refs/remotes/main [2ms]
2025-03-01 01:10:16.253 [info] > git for-each-ref --sort -committerdate --format %(refname) %(objectname) %(*objectname) [2ms]
2025-03-01 01:10:16.295 [info] > git status -z -uall [47ms]
2025-03-01 01:10:25.966 [info] > git config --get commit.template [4ms]
2025-03-01 01:10:25.967 [info] > git for-each-ref --format=%(refname)%00%(upstream:short)%00%(objectname)%00%(upstream:track)%00%(upstream:remotename)%00%(upstream:remoteref) refs/heads/main refs/remotes/main [2ms]
2025-03-01 01:10:25.977 [info] > git for-each-ref --sort -committerdate --format %(refname) %(objectname) %(*objectname) [2ms]
2025-03-01 01:10:26.021 [info] > git status -z -uall [51ms]
2025-03-01 01:10:31.062 [info] > git config --get commit.template [4ms]
2025-03-01 01:10:31.063 [info] > git for-each-ref --format=%(refname)%00%(upstream:short)%00%(objectname)%00%(upstream:track)%00%(upstream:remotename)%00%(upstream:remoteref) refs/heads/main refs/remotes/main [2ms]
2025-03-01 01:10:31.073 [info] > git for-each-ref --sort -committerdate --format %(refname) %(objectname) %(*objectname) [1ms]
2025-03-01 01:10:31.116 [info] > git status -z -uall [50ms]
2025-03-01 01:10:36.151 [info] > git config --get commit.template [5ms]
2025-03-01 01:10:36.151 [info] > git for-each-ref --format=%(refname)%00%(upstream:short)%00%(objectname)%00%(upstream:track)%00%(upstream:remotename)%00%(upstream:remoteref) refs/heads/main refs/remotes/main [2ms]
2025-03-01 01:10:36.166 [info] > git for-each-ref --sort -committerdate --format %(refname) %(objectname) %(*objectname) [2ms]
2025-03-01 01:10:36.206 [info] > git status -z -uall [51ms]
2025-03-01 01:10:46.515 [info] > git config --get commit.template [6ms]
2025-03-01 01:10:46.516 [info] > git for-each-ref --format=%(refname)%00%(upstream:short)%00%(objectname)%00%(upstream:track)%00%(upstream:remotename)%00%(upstream:remoteref) refs/heads/main refs/remotes/main [2ms]
2025-03-01 01:10:46.528 [info] > git for-each-ref --sort -committerdate --format %(refname) %(objectname) %(*objectname) [1ms]
2025-03-01 01:10:46.574 [info] > git status -z -uall [54ms]
2025-03-01 01:10:53.289 [info] > git config --get commit.template [4ms]
2025-03-01 01:10:53.290 [info] > git for-each-ref --format=%(refname)%00%(upstream:short)%00%(objectname)%00%(upstream:track)%00%(upstream:remotename)%00%(upstream:remoteref) refs/heads/main refs/remotes/main [2ms]
2025-03-01 01:10:53.302 [info] > git for-each-ref --sort -committerdate --format %(refname) %(objectname) %(*objectname) [5ms]
2025-03-01 01:10:53.344 [info] > git status -z -uall [50ms]
2025-03-01 01:10:58.380 [info] > git config --get commit.template [4ms]
2025-03-01 01:10:58.381 [info] > git for-each-ref --format=%(refname)%00%(upstream:short)%00%(objectname)%00%(upstream:track)%00%(upstream:remotename)%00%(upstream:remoteref) refs/heads/main refs/remotes/main [2ms]
2025-03-01 01:10:58.391 [info] > git for-each-ref --sort -committerdate --format %(refname) %(objectname) %(*objectname) [5ms]
2025-03-01 01:10:58.433 [info] > git status -z -uall [49ms]
2025-03-01 01:11:03.465 [info] > git config --get commit.template [4ms]
2025-03-01 01:11:03.466 [info] > git for-each-ref --format=%(refname)%00%(upstream:short)%00%(objectname)%00%(upstream:track)%00%(upstream:remotename)%00%(upstream:remoteref) refs/heads/main refs/remotes/main [1ms]
2025-03-01 01:11:03.478 [info] > git for-each-ref --sort -committerdate --format %(refname) %(objectname) %(*objectname) [5ms]
2025-03-01 01:11:03.520 [info] > git status -z -uall [50ms]
2025-03-01 01:11:32.479 [info] > git config --get commit.template [4ms]
2025-03-01 01:11:32.480 [info] > git for-each-ref --format=%(refname)%00%(upstream:short)%00%(objectname)%00%(upstream:track)%00%(upstream:remotename)%00%(upstream:remoteref) refs/heads/main refs/remotes/main [2ms]
2025-03-01 01:11:32.490 [info] > git for-each-ref --sort -committerdate --format %(refname) %(objectname) %(*objectname) [4ms]
2025-03-01 01:11:32.535 [info] > git status -z -uall [52ms]
2025-03-01 01:11:37.578 [info] > git config --get commit.template [4ms]
2025-03-01 01:11:37.579 [info] > git for-each-ref --format=%(refname)%00%(upstream:short)%00%(objectname)%00%(upstream:track)%00%(upstream:remotename)%00%(upstream:remoteref) refs/heads/main refs/remotes/main [2ms]
2025-03-01 01:11:37.586 [info] > git for-each-ref --sort -committerdate --format %(refname) %(objectname) %(*objectname) [2ms]
2025-03-01 01:11:37.629 [info] > git status -z -uall [47ms]
2025-03-01 01:11:42.669 [info] > git config --get commit.template [5ms]
2025-03-01 01:11:42.670 [info] > git for-each-ref --format=%(refname)%00%(upstream:short)%00%(objectname)%00%(upstream:track)%00%(upstream:remotename)%00%(upstream:remoteref) refs/heads/main refs/remotes/main [2ms]
2025-03-01 01:11:42.681 [info] > git for-each-ref --sort -committerdate --format %(refname) %(objectname) %(*objectname) [6ms]
2025-03-01 01:11:42.722 [info] > git status -z -uall [49ms]
2025-03-01 01:11:47.754 [info] > git config --get commit.template [4ms]
2025-03-01 01:11:47.755 [info] > git for-each-ref --format=%(refname)%00%(upstream:short)%00%(objectname)%00%(upstream:track)%00%(upstream:remotename)%00%(upstream:remoteref) refs/heads/main refs/remotes/main [2ms]
2025-03-01 01:11:47.768 [info] > git for-each-ref --sort -committerdate --format %(refname) %(objectname) %(*objectname) [7ms]
2025-03-01 01:11:47.811 [info] > git status -z -uall [52ms]
2025-03-01 01:11:52.844 [info] > git config --get commit.template [5ms]
2025-03-01 01:11:52.845 [info] > git for-each-ref --format=%(refname)%00%(upstream:short)%00%(objectname)%00%(upstream:track)%00%(upstream:remotename)%00%(upstream:remoteref) refs/heads/main refs/remotes/main [2ms]
2025-03-01 01:11:52.855 [info] > git for-each-ref --sort -committerdate --format %(refname) %(objectname) %(*objectname) [4ms]
2025-03-01 01:11:52.898 [info] > git status -z -uall [49ms]
2025-03-01 01:11:57.930 [info] > git config --get commit.template [4ms]
2025-03-01 01:11:57.931 [info] > git for-each-ref --format=%(refname)%00%(upstream:short)%00%(objectname)%00%(upstream:track)%00%(upstream:remotename)%00%(upstream:remoteref) refs/heads/main refs/remotes/main [2ms]
2025-03-01 01:11:57.939 [info] > git for-each-ref --sort -committerdate --format %(refname) %(objectname) %(*objectname) [2ms]
2025-03-01 01:11:57.984 [info] > git status -z -uall [50ms]
2025-03-01 01:12:03.015 [info] > git config --get commit.template [2ms]
2025-03-01 01:12:03.026 [info] > git for-each-ref --format=%(refname)%00%(upstream:short)%00%(objectname)%00%(upstream:track)%00%(upstream:remotename)%00%(upstream:remoteref) refs/heads/main refs/remotes/main [2ms]
2025-03-01 01:12:03.040 [info] > git for-each-ref --sort -committerdate --format %(refname) %(objectname) %(*objectname) [3ms]
2025-03-01 01:12:03.090 [info] > git status -z -uall [59ms]
2025-03-01 01:12:08.124 [info] > git config --get commit.template [4ms]
2025-03-01 01:12:08.125 [info] > git for-each-ref --format=%(refname)%00%(upstream:short)%00%(objectname)%00%(upstream:track)%00%(upstream:remotename)%00%(upstream:remoteref) refs/heads/main refs/remotes/main [2ms]
2025-03-01 01:12:08.133 [info] > git for-each-ref --sort -committerdate --format %(refname) %(objectname) %(*objectname) [2ms]
2025-03-01 01:12:08.176 [info] > git status -z -uall [48ms]
2025-03-01 01:12:13.209 [info] > git config --get commit.template [4ms]
2025-03-01 01:12:13.210 [info] > git for-each-ref --format=%(refname)%00%(upstream:short)%00%(objectname)%00%(upstream:track)%00%(upstream:remotename)%00%(upstream:remoteref) refs/heads/main refs/remotes/main [2ms]
2025-03-01 01:12:13.221 [info] > git for-each-ref --sort -committerdate --format %(refname) %(objectname) %(*objectname) [5ms]
2025-03-01 01:12:13.264 [info] > git status -z -uall [51ms]
2025-03-01 01:12:18.296 [info] > git config --get commit.template [4ms]
2025-03-01 01:12:18.297 [info] > git for-each-ref --format=%(refname)%00%(upstream:short)%00%(objectname)%00%(upstream:track)%00%(upstream:remotename)%00%(upstream:remoteref) refs/heads/main refs/remotes/main [2ms]
2025-03-01 01:12:18.305 [info] > git for-each-ref --sort -committerdate --format %(refname) %(objectname) %(*objectname) [2ms]
2025-03-01 01:12:18.349 [info] > git status -z -uall [49ms]
2025-03-01 01:12:23.381 [info] > git config --get commit.template [4ms]
2025-03-01 01:12:23.382 [info] > git for-each-ref --format=%(refname)%00%(upstream:short)%00%(objectname)%00%(upstream:track)%00%(upstream:remotename)%00%(upstream:remoteref) refs/heads/main refs/remotes/main [1ms]
2025-03-01 01:12:23.392 [info] > git for-each-ref --sort -committerdate --format %(refname) %(objectname) %(*objectname) [4ms]
2025-03-01 01:12:23.435 [info] > git status -z -uall [50ms]
2025-03-01 01:12:28.466 [info] > git config --get commit.template [4ms]
2025-03-01 01:12:28.468 [info] > git for-each-ref --format=%(refname)%00%(upstream:short)%00%(objectname)%00%(upstream:track)%00%(upstream:remotename)%00%(upstream:remoteref) refs/heads/main refs/remotes/main [2ms]
2025-03-01 01:12:28.476 [info] > git for-each-ref --sort -committerdate --format %(refname) %(objectname) %(*objectname) [2ms]
2025-03-01 01:12:28.520 [info] > git status -z -uall [49ms]
2025-03-01 01:12:33.551 [info] > git config --get commit.template [1ms]
2025-03-01 01:12:33.556 [info] > git for-each-ref --format=%(refname)%00%(upstream:short)%00%(objectname)%00%(upstream:track)%00%(upstream:remotename)%00%(upstream:remoteref) refs/heads/main refs/remotes/main [2ms]
2025-03-01 01:12:33.567 [info] > git for-each-ref --sort -committerdate --format %(refname) %(objectname) %(*objectname) [1ms]
2025-03-01 01:12:33.611 [info] > git status -z -uall [51ms]
2025-03-01 01:12:38.645 [info] > git config --get commit.template [5ms]
2025-03-01 01:12:38.646 [info] > git for-each-ref --format=%(refname)%00%(upstream:short)%00%(objectname)%00%(upstream:track)%00%(upstream:remotename)%00%(upstream:remoteref) refs/heads/main refs/remotes/main [2ms]
2025-03-01 01:12:38.659 [info] > git for-each-ref --sort -committerdate --format %(refname) %(objectname) %(*objectname) [2ms]
2025-03-01 01:12:38.700 [info] > git status -z -uall [50ms]
2025-03-01 01:12:43.738 [info] > git config --get commit.template [4ms]
2025-03-01 01:12:43.739 [info] > git for-each-ref --format=%(refname)%00%(upstream:short)%00%(objectname)%00%(upstream:track)%00%(upstream:remotename)%00%(upstream:remoteref) refs/heads/main refs/remotes/main [2ms]
2025-03-01 01:12:43.749 [info] > git for-each-ref --sort -committerdate --format %(refname) %(objectname) %(*objectname) [1ms]
2025-03-01 01:12:43.793 [info] > git status -z -uall [51ms]
2025-03-01 01:12:48.826 [info] > git config --get commit.template [5ms]
2025-03-01 01:12:48.827 [info] > git for-each-ref --format=%(refname)%00%(upstream:short)%00%(objectname)%00%(upstream:track)%00%(upstream:remotename)%00%(upstream:remoteref) refs/heads/main refs/remotes/main [2ms]
2025-03-01 01:12:48.836 [info] > git for-each-ref --sort -committerdate --format %(refname) %(objectname) %(*objectname) [2ms]
2025-03-01 01:12:48.882 [info] > git status -z -uall [51ms]
2025-03-01 01:12:53.919 [info] > git config --get commit.template [4ms]
2025-03-01 01:12:53.920 [info] > git for-each-ref --format=%(refname)%00%(upstream:short)%00%(objectname)%00%(upstream:track)%00%(upstream:remotename)%00%(upstream:remoteref) refs/heads/main refs/remotes/main [2ms]
2025-03-01 01:12:53.930 [info] > git for-each-ref --sort -committerdate --format %(refname) %(objectname) %(*objectname) [3ms]
2025-03-01 01:12:53.973 [info] > git status -z -uall [50ms]
2025-03-01 01:12:59.006 [info] > git config --get commit.template [4ms]
2025-03-01 01:12:59.007 [info] > git for-each-ref --format=%(refname)%00%(upstream:short)%00%(objectname)%00%(upstream:track)%00%(upstream:remotename)%00%(upstream:remoteref) refs/heads/main refs/remotes/main [1ms]
2025-03-01 01:12:59.016 [info] > git for-each-ref --sort -committerdate --format %(refname) %(objectname) %(*objectname) [2ms]
2025-03-01 01:12:59.061 [info] > git status -z -uall [50ms]
2025-03-01 01:13:04.102 [info] > git config --get commit.template [7ms]
2025-03-01 01:13:04.103 [info] > git for-each-ref --format=%(refname)%00%(upstream:short)%00%(objectname)%00%(upstream:track)%00%(upstream:remotename)%00%(upstream:remoteref) refs/heads/main refs/remotes/main [2ms]
2025-03-01 01:13:04.114 [info] > git for-each-ref --sort -committerdate --format %(refname) %(objectname) %(*objectname) [0ms]
2025-03-01 01:13:04.161 [info] > git status -z -uall [54ms]
2025-03-01 01:13:09.197 [info] > git config --get commit.template [4ms]
2025-03-01 01:13:09.199 [info] > git for-each-ref --format=%(refname)%00%(upstream:short)%00%(objectname)%00%(upstream:track)%00%(upstream:remotename)%00%(upstream:remoteref) refs/heads/main refs/remotes/main [1ms]
2025-03-01 01:13:09.211 [info] > git for-each-ref --sort -committerdate --format %(refname) %(objectname) %(*objectname) [4ms]
2025-03-01 01:13:09.251 [info] > git status -z -uall [49ms]
2025-03-01 01:13:14.286 [info] > git config --get commit.template [4ms]
2025-03-01 01:13:14.287 [info] > git for-each-ref --format=%(refname)%00%(upstream:short)%00%(objectname)%00%(upstream:track)%00%(upstream:remotename)%00%(upstream:remoteref) refs/heads/main refs/remotes/main [1ms]
2025-03-01 01:13:14.295 [info] > git for-each-ref --sort -committerdate --format %(refname) %(objectname) %(*objectname) [2ms]
2025-03-01 01:13:14.340 [info] > git status -z -uall [50ms]
2025-03-01 01:13:23.988 [info] > git config --get commit.template [3ms]
2025-03-01 01:13:23.989 [info] > git for-each-ref --format=%(refname)%00%(upstream:short)%00%(objectname)%00%(upstream:track)%00%(upstream:remotename)%00%(upstream:remoteref) refs/heads/main refs/remotes/main [2ms]
2025-03-01 01:13:24.000 [info] > git for-each-ref --sort -committerdate --format %(refname) %(objectname) %(*objectname) [5ms]
2025-03-01 01:13:24.043 [info] > git status -z -uall [51ms]
2025-03-01 01:13:45.764 [info] > git config --get commit.template [4ms]
2025-03-01 01:13:45.765 [info] > git for-each-ref --format=%(refname)%00%(upstream:short)%00%(objectname)%00%(upstream:track)%00%(upstream:remotename)%00%(upstream:remoteref) refs/heads/main refs/remotes/main [2ms]
2025-03-01 01:13:45.773 [info] > git for-each-ref --sort -committerdate --format %(refname) %(objectname) %(*objectname) [2ms]
2025-03-01 01:13:45.817 [info] > git status -z -uall [48ms]
2025-03-01 01:13:50.849 [info] > git config --get commit.template [4ms]
2025-03-01 01:13:50.849 [info] > git for-each-ref --format=%(refname)%00%(upstream:short)%00%(objectname)%00%(upstream:track)%00%(upstream:remotename)%00%(upstream:remoteref) refs/heads/main refs/remotes/main [2ms]
2025-03-01 01:13:50.860 [info] > git for-each-ref --sort -committerdate --format %(refname) %(objectname) %(*objectname) [2ms]
2025-03-01 01:13:50.903 [info] > git status -z -uall [51ms]
2025-03-01 01:14:28.955 [info] > git config --get commit.template [3ms]
2025-03-01 01:14:28.956 [info] > git for-each-ref --format=%(refname)%00%(upstream:short)%00%(objectname)%00%(upstream:track)%00%(upstream:remotename)%00%(upstream:remoteref) refs/heads/main refs/remotes/main [2ms]
2025-03-01 01:14:28.963 [info] > git for-each-ref --sort -committerdate --format %(refname) %(objectname) %(*objectname) [2ms]
2025-03-01 01:14:29.007 [info] > git status -z -uall [49ms]
2025-03-01 01:14:34.048 [info] > git config --get commit.template [1ms]
2025-03-01 01:14:34.055 [info] > git for-each-ref --format=%(refname)%00%(upstream:short)%00%(objectname)%00%(upstream:track)%00%(upstream:remotename)%00%(upstream:remoteref) refs/heads/main refs/remotes/main [1ms]
2025-03-01 01:14:34.078 [info] > git for-each-ref --sort -committerdate --format %(refname) %(objectname) %(*objectname) [5ms]
2025-03-01 01:14:34.136 [info] > git status -z -uall [72ms]
2025-03-01 01:14:39.170 [info] > git config --get commit.template [5ms]
2025-03-01 01:14:39.171 [info] > git for-each-ref --format=%(refname)%00%(upstream:short)%00%(objectname)%00%(upstream:track)%00%(upstream:remotename)%00%(upstream:remoteref) refs/heads/main refs/remotes/main [2ms]
2025-03-01 01:14:39.183 [info] > git for-each-ref --sort -committerdate --format %(refname) %(objectname) %(*objectname) [6ms]
2025-03-01 01:14:39.221 [info] > git status -z -uall [47ms]
2025-03-01 01:14:44.258 [info] > git config --get commit.template [4ms]
2025-03-01 01:14:44.259 [info] > git for-each-ref --format=%(refname)%00%(upstream:short)%00%(objectname)%00%(upstream:track)%00%(upstream:remotename)%00%(upstream:remoteref) refs/heads/main refs/remotes/main [1ms]
2025-03-01 01:14:44.269 [info] > git for-each-ref --sort -committerdate --format %(refname) %(objectname) %(*objectname) [5ms]
2025-03-01 01:14:44.309 [info] > git status -z -uall [48ms]
2025-03-01 01:15:24.803 [info] > git config --get commit.template [5ms]
2025-03-01 01:15:24.804 [info] > git for-each-ref --format=%(refname)%00%(upstream:short)%00%(objectname)%00%(upstream:track)%00%(upstream:remotename)%00%(upstream:remoteref) refs/heads/main refs/remotes/main [2ms]
2025-03-01 01:15:24.812 [info] > git for-each-ref --sort -committerdate --format %(refname) %(objectname) %(*objectname) [2ms]
2025-03-01 01:15:24.856 [info] > git status -z -uall [49ms]
2025-03-01 01:15:36.695 [info] > git config --get commit.template [3ms]
2025-03-01 01:15:36.696 [info] > git for-each-ref --format=%(refname)%00%(upstream:short)%00%(objectname)%00%(upstream:track)%00%(upstream:remotename)%00%(upstream:remoteref) refs/heads/main refs/remotes/main [2ms]
2025-03-01 01:15:36.703 [info] > git for-each-ref --sort -committerdate --format %(refname) %(objectname) %(*objectname) [2ms]
2025-03-01 01:15:36.746 [info] > git status -z -uall [47ms]
2025-03-01 01:16:46.486 [info] > git config --get commit.template [5ms]
2025-03-01 01:16:46.486 [info] > git for-each-ref --format=%(refname)%00%(upstream:short)%00%(objectname)%00%(upstream:track)%00%(upstream:remotename)%00%(upstream:remoteref) refs/heads/main refs/remotes/main [2ms]
2025-03-01 01:16:46.498 [info] > git for-each-ref --sort -committerdate --format %(refname) %(objectname) %(*objectname) [4ms]
2025-03-01 01:16:46.539 [info] > git status -z -uall [49ms]
2025-03-01 01:16:51.582 [info] > git config --get commit.template [4ms]
2025-03-01 01:16:51.583 [info] > git for-each-ref --format=%(refname)%00%(upstream:short)%00%(objectname)%00%(upstream:track)%00%(upstream:remotename)%00%(upstream:remoteref) refs/heads/main refs/remotes/main [2ms]
2025-03-01 01:16:51.594 [info] > git for-each-ref --sort -committerdate --format %(refname) %(objectname) %(*objectname) [5ms]
2025-03-01 01:16:51.635 [info] > git status -z -uall [49ms]
2025-03-01 01:16:56.670 [info] > git config --get commit.template [4ms]
2025-03-01 01:16:56.671 [info] > git for-each-ref --format=%(refname)%00%(upstream:short)%00%(objectname)%00%(upstream:track)%00%(upstream:remotename)%00%(upstream:remoteref) refs/heads/main refs/remotes/main [2ms]
2025-03-01 01:16:56.681 [info] > git for-each-ref --sort -committerdate --format %(refname) %(objectname) %(*objectname) [4ms]
2025-03-01 01:16:56.722 [info] > git status -z -uall [48ms]
2025-03-01 01:17:01.756 [info] > git config --get commit.template [4ms]
2025-03-01 01:17:01.756 [info] > git for-each-ref --format=%(refname)%00%(upstream:short)%00%(objectname)%00%(upstream:track)%00%(upstream:remotename)%00%(upstream:remoteref) refs/heads/main refs/remotes/main [1ms]
2025-03-01 01:17:01.767 [info] > git for-each-ref --sort -committerdate --format %(refname) %(objectname) %(*objectname) [5ms]
2025-03-01 01:17:01.809 [info] > git status -z -uall [50ms]
2025-03-01 01:17:06.936 [info] > git config --get commit.template [3ms]
2025-03-01 01:17:06.937 [info] > git for-each-ref --format=%(refname)%00%(upstream:short)%00%(objectname)%00%(upstream:track)%00%(upstream:remotename)%00%(upstream:remoteref) refs/heads/main refs/remotes/main [2ms]
2025-03-01 01:17:06.946 [info] > git for-each-ref --sort -committerdate --format %(refname) %(objectname) %(*objectname) [4ms]
2025-03-01 01:17:06.987 [info] > git status -z -uall [47ms]
2025-03-01 01:17:12.020 [info] > git config --get commit.template [4ms]
2025-03-01 01:17:12.021 [info] > git for-each-ref --format=%(refname)%00%(upstream:short)%00%(objectname)%00%(upstream:track)%00%(upstream:remotename)%00%(upstream:remoteref) refs/heads/main refs/remotes/main [2ms]
2025-03-01 01:17:12.028 [info] > git for-each-ref --sort -committerdate --format %(refname) %(objectname) %(*objectname) [2ms]
2025-03-01 01:17:12.073 [info] > git status -z -uall [49ms]
2025-03-01 01:17:17.131 [info] > git config --get commit.template [4ms]
2025-03-01 01:17:17.132 [info] > git for-each-ref --format=%(refname)%00%(upstream:short)%00%(objectname)%00%(upstream:track)%00%(upstream:remotename)%00%(upstream:remoteref) refs/heads/main refs/remotes/main [2ms]
2025-03-01 01:17:17.143 [info] > git for-each-ref --sort -committerdate --format %(refname) %(objectname) %(*objectname) [6ms]
2025-03-01 01:17:17.182 [info] > git status -z -uall [48ms]
2025-03-01 01:17:22.220 [info] > git config --get commit.template [10ms]
2025-03-01 01:17:22.221 [info] > git for-each-ref --format=%(refname)%00%(upstream:short)%00%(objectname)%00%(upstream:track)%00%(upstream:remotename)%00%(upstream:remoteref) refs/heads/main refs/remotes/main [2ms]
2025-03-01 01:17:22.232 [info] > git for-each-ref --sort -committerdate --format %(refname) %(objectname) %(*objectname) [5ms]
2025-03-01 01:17:22.273 [info] > git status -z -uall [49ms]
2025-03-01 01:17:27.305 [info] > git config --get commit.template [4ms]
2025-03-01 01:17:27.306 [info] > git for-each-ref --format=%(refname)%00%(upstream:short)%00%(objectname)%00%(upstream:track)%00%(upstream:remotename)%00%(upstream:remoteref) refs/heads/main refs/remotes/main [2ms]
2025-03-01 01:17:27.318 [info] > git for-each-ref --sort -committerdate --format %(refname) %(objectname) %(*objectname) [3ms]
2025-03-01 01:17:27.360 [info] > git status -z -uall [51ms]
2025-03-01 01:17:32.392 [info] > git config --get commit.template [4ms]
2025-03-01 01:17:32.393 [info] > git for-each-ref --format=%(refname)%00%(upstream:short)%00%(objectname)%00%(upstream:track)%00%(upstream:remotename)%00%(upstream:remoteref) refs/heads/main refs/remotes/main [2ms]
2025-03-01 01:17:32.402 [info] > git for-each-ref --sort -committerdate --format %(refname) %(objectname) %(*objectname) [0ms]
2025-03-01 01:17:32.443 [info] > git status -z -uall [47ms]
2025-03-01 01:17:37.474 [info] > git config --get commit.template [4ms]
2025-03-01 01:17:37.475 [info] > git for-each-ref --format=%(refname)%00%(upstream:short)%00%(objectname)%00%(upstream:track)%00%(upstream:remotename)%00%(upstream:remoteref) refs/heads/main refs/remotes/main [2ms]
2025-03-01 01:17:37.487 [info] > git for-each-ref --sort -committerdate --format %(refname) %(objectname) %(*objectname) [6ms]
2025-03-01 01:17:37.525 [info] > git status -z -uall [47ms]
2025-03-01 01:17:42.558 [info] > git config --get commit.template [5ms]
2025-03-01 01:17:42.559 [info] > git for-each-ref --format=%(refname)%00%(upstream:short)%00%(objectname)%00%(upstream:track)%00%(upstream:remotename)%00%(upstream:remoteref) refs/heads/main refs/remotes/main [1ms]
2025-03-01 01:17:42.568 [info] > git for-each-ref --sort -committerdate --format %(refname) %(objectname) %(*objectname) [1ms]
2025-03-01 01:17:42.610 [info] > git status -z -uall [48ms]
2025-03-01 01:17:47.642 [info] > git config --get commit.template [4ms]
2025-03-01 01:17:47.643 [info] > git for-each-ref --format=%(refname)%00%(upstream:short)%00%(objectname)%00%(upstream:track)%00%(upstream:remotename)%00%(upstream:remoteref) refs/heads/main refs/remotes/main [3ms]
2025-03-01 01:17:47.658 [info] > git for-each-ref --sort -committerdate --format %(refname) %(objectname) %(*objectname) [1ms]
2025-03-01 01:17:47.701 [info] > git status -z -uall [55ms]
2025-03-01 01:17:52.744 [info] > git config --get commit.template [4ms]
2025-03-01 01:17:52.744 [info] > git for-each-ref --format=%(refname)%00%(upstream:short)%00%(objectname)%00%(upstream:track)%00%(upstream:remotename)%00%(upstream:remoteref) refs/heads/main refs/remotes/main [1ms]
2025-03-01 01:17:52.755 [info] > git for-each-ref --sort -committerdate --format %(refname) %(objectname) %(*objectname) [5ms]
2025-03-01 01:17:52.796 [info] > git status -z -uall [49ms]
2025-03-01 01:17:57.826 [info] > git config --get commit.template [4ms]
2025-03-01 01:17:57.827 [info] > git for-each-ref --format=%(refname)%00%(upstream:short)%00%(objectname)%00%(upstream:track)%00%(upstream:remotename)%00%(upstream:remoteref) refs/heads/main refs/remotes/main [1ms]
2025-03-01 01:17:57.835 [info] > git for-each-ref --sort -committerdate --format %(refname) %(objectname) %(*objectname) [2ms]
2025-03-01 01:17:57.878 [info] > git status -z -uall [48ms]
2025-03-01 01:18:02.909 [info] > git config --get commit.template [4ms]
2025-03-01 01:18:02.910 [info] > git for-each-ref --format=%(refname)%00%(upstream:short)%00%(objectname)%00%(upstream:track)%00%(upstream:remotename)%00%(upstream:remoteref) refs/heads/main refs/remotes/main [1ms]
2025-03-01 01:18:02.918 [info] > git for-each-ref --sort -committerdate --format %(refname) %(objectname) %(*objectname) [2ms]
2025-03-01 01:18:02.963 [info] > git status -z -uall [50ms]
2025-03-01 01:18:07.996 [info] > git config --get commit.template [4ms]
2025-03-01 01:18:07.997 [info] > git for-each-ref --format=%(refname)%00%(upstream:short)%00%(objectname)%00%(upstream:track)%00%(upstream:remotename)%00%(upstream:remoteref) refs/heads/main refs/remotes/main [1ms]
2025-03-01 01:18:08.011 [info] > git for-each-ref --sort -committerdate --format %(refname) %(objectname) %(*objectname) [1ms]
2025-03-01 01:18:08.051 [info] > git status -z -uall [50ms]
2025-03-01 01:18:29.537 [info] > git config --get commit.template [4ms]
2025-03-01 01:18:29.538 [info] > git for-each-ref --format=%(refname)%00%(upstream:short)%00%(objectname)%00%(upstream:track)%00%(upstream:remotename)%00%(upstream:remoteref) refs/heads/main refs/remotes/main [2ms]
2025-03-01 01:18:29.548 [info] > git for-each-ref --sort -committerdate --format %(refname) %(objectname) %(*objectname) [5ms]
2025-03-01 01:18:29.590 [info] > git status -z -uall [49ms]
