2025-04-11 23:17:36.041 [info] [main] Log level: Info
2025-04-11 23:17:36.041 [info] [main] Validating found git in: "git"
2025-04-11 23:17:36.041 [info] [main] Using git "2.34.1" from "git"
2025-04-11 23:17:36.041 [info] [Model][doInitialScan] Initial repository scan started
2025-04-11 23:17:36.041 [info] > git rev-parse --show-toplevel [53ms]
2025-04-11 23:17:36.041 [info] > git rev-parse --git-dir --git-common-dir [2ms]
2025-04-11 23:17:36.041 [info] [Model][openRepository] Opened repository: /home/student
2025-04-11 23:17:36.041 [info] > git config --get commit.template [8ms]
2025-04-11 23:17:36.041 [info] > git rev-parse --show-toplevel [6ms]
2025-04-11 23:17:36.041 [info] > git rev-parse --show-toplevel [1ms]
2025-04-11 23:17:36.041 [info] > git rev-parse --show-toplevel [1ms]
2025-04-11 23:17:36.041 [info] > git rev-parse --show-toplevel [2ms]
2025-04-11 23:17:36.041 [info] > git rev-parse --show-toplevel [1ms]
2025-04-11 23:17:36.041 [info] [Model][doInitialScan] Initial repository scan completed - repositories (1), closed repositories (0), parent repositories (0), unsafe repositories (0)
2025-04-11 23:17:36.041 [info] > git for-each-ref --format=%(refname)%00%(upstream:short)%00%(objectname)%00%(upstream:track)%00%(upstream:remotename)%00%(upstream:remoteref) refs/heads/main refs/remotes/main [35ms]
2025-04-11 23:17:36.041 [info] > git for-each-ref --sort -committerdate --format %(refname) %(objectname) %(*objectname) [2ms]
2025-04-11 23:17:36.283 [info] > git status -z -uall [256ms]
2025-04-11 23:17:36.491 [info] > git for-each-ref --format=%(refname)%00%(upstream:short)%00%(objectname)%00%(upstream:track)%00%(upstream:remotename)%00%(upstream:remoteref) refs/heads/main refs/remotes/main [80ms]
2025-04-11 23:17:36.497 [info] > git config --get commit.template [7ms]
2025-04-11 23:17:36.498 [info] > git config --get --local branch.main.vscode-merge-base [2ms]
2025-04-11 23:17:36.498 [warning] [Git][config] git config failed: Failed to execute git
2025-04-11 23:17:36.506 [info] > git for-each-ref --format=%(refname)%00%(upstream:short)%00%(objectname)%00%(upstream:track)%00%(upstream:remotename)%00%(upstream:remoteref) refs/heads/main refs/remotes/main [2ms]
2025-04-11 23:17:36.519 [info] > git for-each-ref --sort -committerdate --format %(refname) %(objectname) %(*objectname) [5ms]
2025-04-11 23:17:36.533 [info] > git reflog main --grep-reflog=branch: Created from *. [32ms]
2025-04-11 23:17:36.543 [info] > git symbolic-ref --short refs/remotes/origin/HEAD [6ms]
2025-04-11 23:17:36.543 [info] fatal: ref refs/remotes/origin/HEAD is not a symbolic ref
2025-04-11 23:17:36.543 [warning] [Repository][getDefaultBranch] Failed to get default branch details: Failed to execute git.
2025-04-11 23:17:36.550 [info] > git merge-base refs/heads/main refs/remotes/origin/main [3ms]
2025-04-11 23:17:36.559 [info] > git diff --name-status -z --diff-filter=ADMR 73250b902b6c038d6bd3d5f9ba8021d108414f79...refs/remotes/origin/main [5ms]
2025-04-11 23:17:36.575 [info] > git check-ignore -v -z --stdin [17ms]
2025-04-11 23:17:36.590 [info] > git status -z -uall [80ms]
2025-04-11 23:17:38.941 [info] > git config --get commit.template [4ms]
2025-04-11 23:17:38.943 [info] > git for-each-ref --format=%(refname)%00%(upstream:short)%00%(objectname)%00%(upstream:track)%00%(upstream:remotename)%00%(upstream:remoteref) refs/heads/main refs/remotes/main [2ms]
2025-04-11 23:17:38.951 [info] > git for-each-ref --sort -committerdate --format %(refname) %(objectname) %(*objectname) [2ms]
2025-04-11 23:17:39.011 [info] > git status -z -uall [65ms]
2025-04-11 23:17:44.031 [info] > git config --get commit.template [4ms]
2025-04-11 23:17:44.032 [info] > git for-each-ref --format=%(refname)%00%(upstream:short)%00%(objectname)%00%(upstream:track)%00%(upstream:remotename)%00%(upstream:remoteref) refs/heads/main refs/remotes/main [2ms]
2025-04-11 23:17:44.043 [info] > git for-each-ref --sort -committerdate --format %(refname) %(objectname) %(*objectname) [4ms]
2025-04-11 23:17:44.100 [info] > git status -z -uall [64ms]
2025-04-11 23:17:49.114 [info] > git config --get commit.template [3ms]
2025-04-11 23:17:49.116 [info] > git for-each-ref --format=%(refname)%00%(upstream:short)%00%(objectname)%00%(upstream:track)%00%(upstream:remotename)%00%(upstream:remoteref) refs/heads/main refs/remotes/main [2ms]
2025-04-11 23:17:49.124 [info] > git for-each-ref --sort -committerdate --format %(refname) %(objectname) %(*objectname) [3ms]
2025-04-11 23:17:49.187 [info] > git status -z -uall [69ms]
2025-04-11 23:17:54.208 [info] > git config --get commit.template [5ms]
2025-04-11 23:17:54.209 [info] > git for-each-ref --format=%(refname)%00%(upstream:short)%00%(objectname)%00%(upstream:track)%00%(upstream:remotename)%00%(upstream:remoteref) refs/heads/main refs/remotes/main [2ms]
2025-04-11 23:17:54.220 [info] > git for-each-ref --sort -committerdate --format %(refname) %(objectname) %(*objectname) [2ms]
2025-04-11 23:17:54.277 [info] > git status -z -uall [62ms]
2025-04-11 23:17:59.295 [info] > git config --get commit.template [4ms]
2025-04-11 23:17:59.296 [info] > git for-each-ref --format=%(refname)%00%(upstream:short)%00%(objectname)%00%(upstream:track)%00%(upstream:remotename)%00%(upstream:remoteref) refs/heads/main refs/remotes/main [2ms]
2025-04-11 23:17:59.306 [info] > git for-each-ref --sort -committerdate --format %(refname) %(objectname) %(*objectname) [4ms]
2025-04-11 23:17:59.369 [info] > git status -z -uall [70ms]
2025-04-11 23:18:04.390 [info] > git config --get commit.template [3ms]
2025-04-11 23:18:04.390 [info] > git for-each-ref --format=%(refname)%00%(upstream:short)%00%(objectname)%00%(upstream:track)%00%(upstream:remotename)%00%(upstream:remoteref) refs/heads/main refs/remotes/main [1ms]
2025-04-11 23:18:04.407 [info] > git for-each-ref --sort -committerdate --format %(refname) %(objectname) %(*objectname) [10ms]
2025-04-11 23:18:04.463 [info] > git status -z -uall [69ms]
2025-04-11 23:18:06.260 [info] > git check-ignore -v -z --stdin [5ms]
2025-04-11 23:18:09.483 [info] > git config --get commit.template [4ms]
2025-04-11 23:18:09.485 [info] > git for-each-ref --format=%(refname)%00%(upstream:short)%00%(objectname)%00%(upstream:track)%00%(upstream:remotename)%00%(upstream:remoteref) refs/heads/main refs/remotes/main [3ms]
2025-04-11 23:18:09.501 [info] > git for-each-ref --sort -committerdate --format %(refname) %(objectname) %(*objectname) [10ms]
2025-04-11 23:18:09.552 [info] > git status -z -uall [64ms]
