2025-03-15 02:47:14.723 [info] [main] Log level: Info
2025-03-15 02:47:14.723 [info] [main] Validating found git in: "git"
2025-03-15 02:47:14.723 [info] [main] Using git "2.34.1" from "git"
2025-03-15 02:47:14.723 [info] [Model][doInitialScan] Initial repository scan started
2025-03-15 02:47:14.723 [info] > git rev-parse --show-toplevel [22ms]
2025-03-15 02:47:14.723 [info] > git rev-parse --git-dir --git-common-dir [1ms]
2025-03-15 02:47:14.723 [info] [Model][openRepository] Opened repository: /home/student
2025-03-15 02:47:14.723 [info] > git rev-parse --show-toplevel [2ms]
2025-03-15 02:47:14.723 [info] > git config --get commit.template [16ms]
2025-03-15 02:47:14.723 [info] > git rev-parse --show-toplevel [8ms]
2025-03-15 02:47:14.724 [info] > git rev-parse --show-toplevel [2ms]
2025-03-15 02:47:14.727 [info] > git rev-parse --show-toplevel [1ms]
2025-03-15 02:47:14.730 [info] [Model][doInitialScan] Initial repository scan completed - repositories (1), closed repositories (0), parent repositories (0), unsafe repositories (0)
2025-03-15 02:47:14.737 [info] > git for-each-ref --format=%(refname)%00%(upstream:short)%00%(objectname)%00%(upstream:track)%00%(upstream:remotename)%00%(upstream:remoteref) refs/heads/main refs/remotes/main [29ms]
2025-03-15 02:47:14.746 [info] > git for-each-ref --sort -committerdate --format %(refname) %(objectname) %(*objectname) [1ms]
2025-03-15 02:47:14.867 [info] > git status -z -uall [126ms]
2025-03-15 02:47:15.568 [info] > git for-each-ref --format=%(refname)%00%(upstream:short)%00%(objectname)%00%(upstream:track)%00%(upstream:remotename)%00%(upstream:remoteref) refs/heads/main refs/remotes/main [494ms]
2025-03-15 02:47:15.583 [info] > git config --get --local branch.main.vscode-merge-base [9ms]
2025-03-15 02:47:15.583 [warning] [Git][config] git config failed: Failed to execute git
2025-03-15 02:47:15.589 [info] > git config --get commit.template [24ms]
2025-03-15 02:47:15.590 [info] > git check-ignore -v -z --stdin [11ms]
2025-03-15 02:47:15.598 [info] > git for-each-ref --format=%(refname)%00%(upstream:short)%00%(objectname)%00%(upstream:track)%00%(upstream:remotename)%00%(upstream:remoteref) refs/heads/main refs/remotes/main [1ms]
2025-03-15 02:47:15.613 [info] > git for-each-ref --sort -committerdate --format %(refname) %(objectname) %(*objectname) [1ms]
2025-03-15 02:47:15.620 [info] > git reflog main --grep-reflog=branch: Created from *. [31ms]
2025-03-15 02:47:15.627 [info] > git symbolic-ref --short refs/remotes/origin/HEAD [5ms]
2025-03-15 02:47:15.627 [info] fatal: ref refs/remotes/origin/HEAD is not a symbolic ref
2025-03-15 02:47:15.627 [warning] [Repository][getDefaultBranch] Failed to get default branch details: Failed to execute git.
2025-03-15 02:47:15.632 [info] > git merge-base refs/heads/main refs/remotes/origin/main [1ms]
2025-03-15 02:47:15.635 [info] > git diff --name-status -z --diff-filter=ADMR 7ebd56723eb290d785ff9d03833ad42fcecfe631...refs/remotes/origin/main [1ms]
2025-03-15 02:47:15.668 [info] > git status -z -uall [61ms]
2025-03-15 02:53:21.667 [info] > git config --get commit.template [3ms]
2025-03-15 02:53:21.668 [info] > git for-each-ref --format=%(refname)%00%(upstream:short)%00%(objectname)%00%(upstream:track)%00%(upstream:remotename)%00%(upstream:remoteref) refs/heads/main refs/remotes/main [2ms]
2025-03-15 02:53:21.674 [info] > git for-each-ref --sort -committerdate --format %(refname) %(objectname) %(*objectname) [1ms]
2025-03-15 02:53:21.732 [info] > git status -z -uall [62ms]
2025-03-15 02:53:40.341 [info] > git config --get commit.template [3ms]
2025-03-15 02:53:40.342 [info] > git for-each-ref --format=%(refname)%00%(upstream:short)%00%(objectname)%00%(upstream:track)%00%(upstream:remotename)%00%(upstream:remoteref) refs/heads/main refs/remotes/main [2ms]
2025-03-15 02:53:40.354 [info] > git for-each-ref --sort -committerdate --format %(refname) %(objectname) %(*objectname) [6ms]
2025-03-15 02:53:40.402 [info] > git status -z -uall [57ms]
2025-03-15 02:54:48.492 [info] > git config --get commit.template [3ms]
2025-03-15 02:54:48.493 [info] > git for-each-ref --format=%(refname)%00%(upstream:short)%00%(objectname)%00%(upstream:track)%00%(upstream:remotename)%00%(upstream:remoteref) refs/heads/main refs/remotes/main [1ms]
2025-03-15 02:54:48.506 [info] > git for-each-ref --sort -committerdate --format %(refname) %(objectname) %(*objectname) [9ms]
2025-03-15 02:54:48.555 [info] > git status -z -uall [59ms]
2025-03-15 02:54:53.618 [info] > git config --get commit.template [1ms]
2025-03-15 02:54:53.622 [info] > git for-each-ref --format=%(refname)%00%(upstream:short)%00%(objectname)%00%(upstream:track)%00%(upstream:remotename)%00%(upstream:remoteref) refs/heads/main refs/remotes/main [2ms]
2025-03-15 02:54:53.635 [info] > git for-each-ref --sort -committerdate --format %(refname) %(objectname) %(*objectname) [7ms]
2025-03-15 02:54:53.682 [info] > git status -z -uall [57ms]
2025-03-15 02:54:58.741 [info] > git config --get commit.template [4ms]
2025-03-15 02:54:58.742 [info] > git for-each-ref --format=%(refname)%00%(upstream:short)%00%(objectname)%00%(upstream:track)%00%(upstream:remotename)%00%(upstream:remoteref) refs/heads/main refs/remotes/main [2ms]
2025-03-15 02:54:58.750 [info] > git for-each-ref --sort -committerdate --format %(refname) %(objectname) %(*objectname) [3ms]
2025-03-15 02:54:58.800 [info] > git status -z -uall [54ms]
2025-03-15 02:55:03.850 [info] > git config --get commit.template [4ms]
2025-03-15 02:55:03.851 [info] > git for-each-ref --format=%(refname)%00%(upstream:short)%00%(objectname)%00%(upstream:track)%00%(upstream:remotename)%00%(upstream:remoteref) refs/heads/main refs/remotes/main [3ms]
2025-03-15 02:55:03.873 [info] > git for-each-ref --sort -committerdate --format %(refname) %(objectname) %(*objectname) [5ms]
2025-03-15 02:55:03.930 [info] > git status -z -uall [66ms]
2025-03-15 02:55:08.978 [info] > git config --get commit.template [2ms]
2025-03-15 02:55:08.989 [info] > git for-each-ref --format=%(refname)%00%(upstream:short)%00%(objectname)%00%(upstream:track)%00%(upstream:remotename)%00%(upstream:remoteref) refs/heads/main refs/remotes/main [1ms]
2025-03-15 02:55:09.001 [info] > git for-each-ref --sort -committerdate --format %(refname) %(objectname) %(*objectname) [1ms]
2025-03-15 02:55:09.060 [info] > git status -z -uall [66ms]
2025-03-15 02:55:14.111 [info] > git config --get commit.template [3ms]
2025-03-15 02:55:14.112 [info] > git for-each-ref --format=%(refname)%00%(upstream:short)%00%(objectname)%00%(upstream:track)%00%(upstream:remotename)%00%(upstream:remoteref) refs/heads/main refs/remotes/main [1ms]
2025-03-15 02:55:14.125 [info] > git for-each-ref --sort -committerdate --format %(refname) %(objectname) %(*objectname) [7ms]
2025-03-15 02:55:14.171 [info] > git status -z -uall [56ms]
2025-03-15 02:55:19.255 [info] > git config --get commit.template [5ms]
2025-03-15 02:55:19.256 [info] > git for-each-ref --format=%(refname)%00%(upstream:short)%00%(objectname)%00%(upstream:track)%00%(upstream:remotename)%00%(upstream:remoteref) refs/heads/main refs/remotes/main [2ms]
2025-03-15 02:55:19.269 [info] > git for-each-ref --sort -committerdate --format %(refname) %(objectname) %(*objectname) [7ms]
2025-03-15 02:55:19.315 [info] > git status -z -uall [56ms]
2025-03-15 02:55:24.364 [info] > git config --get commit.template [2ms]
2025-03-15 02:55:24.375 [info] > git for-each-ref --format=%(refname)%00%(upstream:short)%00%(objectname)%00%(upstream:track)%00%(upstream:remotename)%00%(upstream:remoteref) refs/heads/main refs/remotes/main [1ms]
2025-03-15 02:55:24.397 [info] > git for-each-ref --sort -committerdate --format %(refname) %(objectname) %(*objectname) [8ms]
2025-03-15 02:55:24.452 [info] > git status -z -uall [71ms]
2025-03-15 02:55:29.503 [info] > git config --get commit.template [4ms]
2025-03-15 02:55:29.504 [info] > git for-each-ref --format=%(refname)%00%(upstream:short)%00%(objectname)%00%(upstream:track)%00%(upstream:remotename)%00%(upstream:remoteref) refs/heads/main refs/remotes/main [2ms]
2025-03-15 02:55:29.511 [info] > git for-each-ref --sort -committerdate --format %(refname) %(objectname) %(*objectname) [1ms]
2025-03-15 02:55:29.563 [info] > git status -z -uall [56ms]
2025-03-15 02:55:34.613 [info] > git config --get commit.template [3ms]
2025-03-15 02:55:34.614 [info] > git for-each-ref --format=%(refname)%00%(upstream:short)%00%(objectname)%00%(upstream:track)%00%(upstream:remotename)%00%(upstream:remoteref) refs/heads/main refs/remotes/main [1ms]
2025-03-15 02:55:34.628 [info] > git for-each-ref --sort -committerdate --format %(refname) %(objectname) %(*objectname) [8ms]
2025-03-15 02:55:34.672 [info] > git status -z -uall [55ms]
2025-03-15 02:55:39.722 [info] > git config --get commit.template [4ms]
2025-03-15 02:55:39.723 [info] > git for-each-ref --format=%(refname)%00%(upstream:short)%00%(objectname)%00%(upstream:track)%00%(upstream:remotename)%00%(upstream:remoteref) refs/heads/main refs/remotes/main [2ms]
2025-03-15 02:55:39.731 [info] > git for-each-ref --sort -committerdate --format %(refname) %(objectname) %(*objectname) [1ms]
2025-03-15 02:55:39.783 [info] > git status -z -uall [57ms]
2025-03-15 02:55:44.832 [info] > git config --get commit.template [4ms]
2025-03-15 02:55:44.833 [info] > git for-each-ref --format=%(refname)%00%(upstream:short)%00%(objectname)%00%(upstream:track)%00%(upstream:remotename)%00%(upstream:remoteref) refs/heads/main refs/remotes/main [2ms]
2025-03-15 02:55:44.847 [info] > git for-each-ref --sort -committerdate --format %(refname) %(objectname) %(*objectname) [8ms]
2025-03-15 02:55:44.896 [info] > git status -z -uall [60ms]
2025-03-15 02:55:49.977 [info] > git config --get commit.template [4ms]
2025-03-15 02:55:49.979 [info] > git for-each-ref --format=%(refname)%00%(upstream:short)%00%(objectname)%00%(upstream:track)%00%(upstream:remotename)%00%(upstream:remoteref) refs/heads/main refs/remotes/main [3ms]
2025-03-15 02:55:50.002 [info] > git for-each-ref --sort -committerdate --format %(refname) %(objectname) %(*objectname) [2ms]
2025-03-15 02:55:50.065 [info] > git status -z -uall [70ms]
2025-03-15 02:55:55.120 [info] > git config --get commit.template [4ms]
2025-03-15 02:55:55.121 [info] > git for-each-ref --format=%(refname)%00%(upstream:short)%00%(objectname)%00%(upstream:track)%00%(upstream:remotename)%00%(upstream:remoteref) refs/heads/main refs/remotes/main [2ms]
2025-03-15 02:55:55.155 [info] > git for-each-ref --sort -committerdate --format %(refname) %(objectname) %(*objectname) [8ms]
2025-03-15 02:55:55.211 [info] > git status -z -uall [74ms]
2025-03-15 02:56:00.262 [info] > git config --get commit.template [4ms]
2025-03-15 02:56:00.263 [info] > git for-each-ref --format=%(refname)%00%(upstream:short)%00%(objectname)%00%(upstream:track)%00%(upstream:remotename)%00%(upstream:remoteref) refs/heads/main refs/remotes/main [1ms]
2025-03-15 02:56:00.271 [info] > git for-each-ref --sort -committerdate --format %(refname) %(objectname) %(*objectname) [2ms]
2025-03-15 02:56:00.325 [info] > git status -z -uall [59ms]
2025-03-15 02:56:05.378 [info] > git config --get commit.template [4ms]
2025-03-15 02:56:05.379 [info] > git for-each-ref --format=%(refname)%00%(upstream:short)%00%(objectname)%00%(upstream:track)%00%(upstream:remotename)%00%(upstream:remoteref) refs/heads/main refs/remotes/main [1ms]
2025-03-15 02:56:05.387 [info] > git for-each-ref --sort -committerdate --format %(refname) %(objectname) %(*objectname) [2ms]
2025-03-15 02:56:05.438 [info] > git status -z -uall [55ms]
2025-03-15 02:56:10.488 [info] > git config --get commit.template [5ms]
2025-03-15 02:56:10.489 [info] > git for-each-ref --format=%(refname)%00%(upstream:short)%00%(objectname)%00%(upstream:track)%00%(upstream:remotename)%00%(upstream:remoteref) refs/heads/main refs/remotes/main [2ms]
2025-03-15 02:56:10.497 [info] > git for-each-ref --sort -committerdate --format %(refname) %(objectname) %(*objectname) [2ms]
2025-03-15 02:56:10.551 [info] > git status -z -uall [58ms]
2025-03-15 02:56:15.604 [info] > git config --get commit.template [4ms]
2025-03-15 02:56:15.605 [info] > git for-each-ref --format=%(refname)%00%(upstream:short)%00%(objectname)%00%(upstream:track)%00%(upstream:remotename)%00%(upstream:remoteref) refs/heads/main refs/remotes/main [1ms]
2025-03-15 02:56:15.613 [info] > git for-each-ref --sort -committerdate --format %(refname) %(objectname) %(*objectname) [2ms]
2025-03-15 02:56:15.671 [info] > git status -z -uall [63ms]
2025-03-15 02:56:20.724 [info] > git config --get commit.template [4ms]
2025-03-15 02:56:20.725 [info] > git for-each-ref --format=%(refname)%00%(upstream:short)%00%(objectname)%00%(upstream:track)%00%(upstream:remotename)%00%(upstream:remoteref) refs/heads/main refs/remotes/main [2ms]
2025-03-15 02:56:20.740 [info] > git for-each-ref --sort -committerdate --format %(refname) %(objectname) %(*objectname) [8ms]
2025-03-15 02:56:20.787 [info] > git status -z -uall [59ms]
2025-03-15 02:56:25.838 [info] > git config --get commit.template [4ms]
2025-03-15 02:56:25.839 [info] > git for-each-ref --format=%(refname)%00%(upstream:short)%00%(objectname)%00%(upstream:track)%00%(upstream:remotename)%00%(upstream:remoteref) refs/heads/main refs/remotes/main [1ms]
2025-03-15 02:56:25.853 [info] > git for-each-ref --sort -committerdate --format %(refname) %(objectname) %(*objectname) [7ms]
2025-03-15 02:56:25.901 [info] > git status -z -uall [58ms]
2025-03-15 02:56:30.955 [info] > git config --get commit.template [4ms]
2025-03-15 02:56:30.956 [info] > git for-each-ref --format=%(refname)%00%(upstream:short)%00%(objectname)%00%(upstream:track)%00%(upstream:remotename)%00%(upstream:remoteref) refs/heads/main refs/remotes/main [2ms]
2025-03-15 02:56:30.970 [info] > git for-each-ref --sort -committerdate --format %(refname) %(objectname) %(*objectname) [7ms]
2025-03-15 02:56:31.072 [info] > git status -z -uall [113ms]
2025-03-15 02:56:36.125 [info] > git config --get commit.template [4ms]
2025-03-15 02:56:36.126 [info] > git for-each-ref --format=%(refname)%00%(upstream:short)%00%(objectname)%00%(upstream:track)%00%(upstream:remotename)%00%(upstream:remoteref) refs/heads/main refs/remotes/main [2ms]
2025-03-15 02:56:36.140 [info] > git for-each-ref --sort -committerdate --format %(refname) %(objectname) %(*objectname) [7ms]
2025-03-15 02:56:36.187 [info] > git status -z -uall [57ms]
2025-03-15 02:56:41.243 [info] > git config --get commit.template [5ms]
2025-03-15 02:56:41.244 [info] > git for-each-ref --format=%(refname)%00%(upstream:short)%00%(objectname)%00%(upstream:track)%00%(upstream:remotename)%00%(upstream:remoteref) refs/heads/main refs/remotes/main [2ms]
2025-03-15 02:56:41.258 [info] > git for-each-ref --sort -committerdate --format %(refname) %(objectname) %(*objectname) [7ms]
2025-03-15 02:56:41.306 [info] > git status -z -uall [59ms]
2025-03-15 02:56:46.362 [info] > git config --get commit.template [4ms]
2025-03-15 02:56:46.363 [info] > git for-each-ref --format=%(refname)%00%(upstream:short)%00%(objectname)%00%(upstream:track)%00%(upstream:remotename)%00%(upstream:remoteref) refs/heads/main refs/remotes/main [2ms]
2025-03-15 02:56:46.378 [info] > git for-each-ref --sort -committerdate --format %(refname) %(objectname) %(*objectname) [6ms]
2025-03-15 02:56:46.424 [info] > git status -z -uall [58ms]
2025-03-15 02:56:51.479 [info] > git config --get commit.template [4ms]
2025-03-15 02:56:51.481 [info] > git for-each-ref --format=%(refname)%00%(upstream:short)%00%(objectname)%00%(upstream:track)%00%(upstream:remotename)%00%(upstream:remoteref) refs/heads/main refs/remotes/main [2ms]
2025-03-15 02:56:51.539 [info] > git for-each-ref --sort -committerdate --format %(refname) %(objectname) %(*objectname) [51ms]
2025-03-15 02:56:51.558 [info] > git status -z -uall [74ms]
2025-03-15 02:56:56.612 [info] > git config --get commit.template [4ms]
2025-03-15 02:56:56.613 [info] > git for-each-ref --format=%(refname)%00%(upstream:short)%00%(objectname)%00%(upstream:track)%00%(upstream:remotename)%00%(upstream:remoteref) refs/heads/main refs/remotes/main [2ms]
2025-03-15 02:56:56.630 [info] > git for-each-ref --sort -committerdate --format %(refname) %(objectname) %(*objectname) [9ms]
2025-03-15 02:56:56.677 [info] > git status -z -uall [61ms]
2025-03-15 02:57:01.729 [info] > git config --get commit.template [5ms]
2025-03-15 02:57:01.730 [info] > git for-each-ref --format=%(refname)%00%(upstream:short)%00%(objectname)%00%(upstream:track)%00%(upstream:remotename)%00%(upstream:remoteref) refs/heads/main refs/remotes/main [2ms]
2025-03-15 02:57:01.745 [info] > git for-each-ref --sort -committerdate --format %(refname) %(objectname) %(*objectname) [5ms]
2025-03-15 02:57:01.793 [info] > git status -z -uall [60ms]
2025-03-15 02:57:06.842 [info] > git config --get commit.template [1ms]
2025-03-15 02:57:06.847 [info] > git for-each-ref --format=%(refname)%00%(upstream:short)%00%(objectname)%00%(upstream:track)%00%(upstream:remotename)%00%(upstream:remoteref) refs/heads/main refs/remotes/main [2ms]
2025-03-15 02:57:06.860 [info] > git for-each-ref --sort -committerdate --format %(refname) %(objectname) %(*objectname) [7ms]
2025-03-15 02:57:06.908 [info] > git status -z -uall [58ms]
2025-03-15 02:57:11.962 [info] > git config --get commit.template [4ms]
2025-03-15 02:57:11.963 [info] > git for-each-ref --format=%(refname)%00%(upstream:short)%00%(objectname)%00%(upstream:track)%00%(upstream:remotename)%00%(upstream:remoteref) refs/heads/main refs/remotes/main [1ms]
2025-03-15 02:57:11.977 [info] > git for-each-ref --sort -committerdate --format %(refname) %(objectname) %(*objectname) [8ms]
2025-03-15 02:57:12.024 [info] > git status -z -uall [58ms]
2025-03-15 02:57:17.076 [info] > git config --get commit.template [4ms]
2025-03-15 02:57:17.077 [info] > git for-each-ref --format=%(refname)%00%(upstream:short)%00%(objectname)%00%(upstream:track)%00%(upstream:remotename)%00%(upstream:remoteref) refs/heads/main refs/remotes/main [1ms]
2025-03-15 02:57:17.092 [info] > git for-each-ref --sort -committerdate --format %(refname) %(objectname) %(*objectname) [9ms]
2025-03-15 02:57:17.137 [info] > git status -z -uall [57ms]
2025-03-15 02:57:22.189 [info] > git config --get commit.template [4ms]
2025-03-15 02:57:22.190 [info] > git for-each-ref --format=%(refname)%00%(upstream:short)%00%(objectname)%00%(upstream:track)%00%(upstream:remotename)%00%(upstream:remoteref) refs/heads/main refs/remotes/main [2ms]
2025-03-15 02:57:22.204 [info] > git for-each-ref --sort -committerdate --format %(refname) %(objectname) %(*objectname) [8ms]
2025-03-15 02:57:22.253 [info] > git status -z -uall [59ms]
2025-03-15 02:57:27.298 [info] > git config --get commit.template [2ms]
2025-03-15 02:57:27.303 [info] > git for-each-ref --format=%(refname)%00%(upstream:short)%00%(objectname)%00%(upstream:track)%00%(upstream:remotename)%00%(upstream:remoteref) refs/heads/main refs/remotes/main [2ms]
2025-03-15 02:57:27.314 [info] > git for-each-ref --sort -committerdate --format %(refname) %(objectname) %(*objectname) [4ms]
2025-03-15 02:57:27.364 [info] > git status -z -uall [58ms]
2025-03-15 02:57:32.416 [info] > git config --get commit.template [5ms]
2025-03-15 02:57:32.417 [info] > git for-each-ref --format=%(refname)%00%(upstream:short)%00%(objectname)%00%(upstream:track)%00%(upstream:remotename)%00%(upstream:remoteref) refs/heads/main refs/remotes/main [2ms]
2025-03-15 02:57:32.432 [info] > git for-each-ref --sort -committerdate --format %(refname) %(objectname) %(*objectname) [7ms]
2025-03-15 02:57:32.480 [info] > git status -z -uall [59ms]
2025-03-15 02:57:39.789 [info] > git config --get commit.template [3ms]
2025-03-15 02:57:39.790 [info] > git for-each-ref --format=%(refname)%00%(upstream:short)%00%(objectname)%00%(upstream:track)%00%(upstream:remotename)%00%(upstream:remoteref) refs/heads/main refs/remotes/main [1ms]
2025-03-15 02:57:39.804 [info] > git for-each-ref --sort -committerdate --format %(refname) %(objectname) %(*objectname) [8ms]
2025-03-15 02:57:39.851 [info] > git status -z -uall [58ms]
2025-03-15 02:57:44.901 [info] > git config --get commit.template [4ms]
2025-03-15 02:57:44.902 [info] > git for-each-ref --format=%(refname)%00%(upstream:short)%00%(objectname)%00%(upstream:track)%00%(upstream:remotename)%00%(upstream:remoteref) refs/heads/main refs/remotes/main [1ms]
2025-03-15 02:57:44.910 [info] > git for-each-ref --sort -committerdate --format %(refname) %(objectname) %(*objectname) [2ms]
2025-03-15 02:57:44.963 [info] > git status -z -uall [58ms]
2025-03-15 02:57:50.015 [info] > git config --get commit.template [3ms]
2025-03-15 02:57:50.016 [info] > git for-each-ref --format=%(refname)%00%(upstream:short)%00%(objectname)%00%(upstream:track)%00%(upstream:remotename)%00%(upstream:remoteref) refs/heads/main refs/remotes/main [2ms]
2025-03-15 02:57:50.029 [info] > git for-each-ref --sort -committerdate --format %(refname) %(objectname) %(*objectname) [7ms]
2025-03-15 02:57:50.076 [info] > git status -z -uall [57ms]
2025-03-15 02:57:55.129 [info] > git config --get commit.template [5ms]
2025-03-15 02:57:55.130 [info] > git for-each-ref --format=%(refname)%00%(upstream:short)%00%(objectname)%00%(upstream:track)%00%(upstream:remotename)%00%(upstream:remoteref) refs/heads/main refs/remotes/main [2ms]
2025-03-15 02:57:55.140 [info] > git for-each-ref --sort -committerdate --format %(refname) %(objectname) %(*objectname) [2ms]
2025-03-15 02:57:55.192 [info] > git status -z -uall [59ms]
2025-03-15 02:58:02.239 [info] > git config --get commit.template [5ms]
2025-03-15 02:58:02.240 [info] > git for-each-ref --format=%(refname)%00%(upstream:short)%00%(objectname)%00%(upstream:track)%00%(upstream:remotename)%00%(upstream:remoteref) refs/heads/main refs/remotes/main [2ms]
2025-03-15 02:58:02.253 [info] > git for-each-ref --sort -committerdate --format %(refname) %(objectname) %(*objectname) [7ms]
2025-03-15 02:58:02.302 [info] > git status -z -uall [59ms]
2025-03-15 03:02:37.283 [info] > git config --get commit.template [3ms]
2025-03-15 03:02:37.284 [info] > git for-each-ref --format=%(refname)%00%(upstream:short)%00%(objectname)%00%(upstream:track)%00%(upstream:remotename)%00%(upstream:remoteref) refs/heads/main refs/remotes/main [2ms]
2025-03-15 03:02:37.296 [info] > git for-each-ref --sort -committerdate --format %(refname) %(objectname) %(*objectname) [7ms]
2025-03-15 03:02:37.347 [info] > git status -z -uall [61ms]
