2025-02-24 00:13:07.289 [info] Extension host with pid 3605 started
2025-02-24 00:13:07.309 [info] Lock '/home/student/.vscode-server/data/User/workspaceStorage/255174b9c84437907369f27ac92b5bdb/vscode.lock': Lock acquired.
2025-02-24 00:13:07.607 [info] ExtensionService#_doActivateExtension vscode.git-base, startup: false, activationEvent: '*', root cause: vscode.git
2025-02-24 00:13:07.608 [info] ExtensionService#_doActivateExtension vscode.emmet, startup: false, activationEvent: 'onLanguage'
2025-02-24 00:13:07.821 [info] ExtensionService#_doActivateExtension vscode.git, startup: false, activationEvent: '*'
2025-02-24 00:13:07.822 [info] ExtensionService#_doActivateExtension vscode.github, startup: false, activationEvent: '*'
2025-02-24 00:13:08.163 [info] Eager extensions activated
2025-02-24 00:13:08.163 [info] ExtensionService#_doActivateExtension vscode.debug-auto-launch, startup: false, activationEvent: 'onStartupFinished'
2025-02-24 00:13:08.163 [info] ExtensionService#_doActivateExtension vscode.merge-conflict, startup: false, activationEvent: 'onStartupFinished'
2025-02-24 00:13:08.323 [warning] [Decorations] CAPPING events from decorations provider vscode.git 1653
2025-02-24 00:13:08.746 [warning] [Decorations] CAPPING events from decorations provider vscode.git 1655
2025-02-24 00:13:10.912 [warning] [Decorations] CAPPING events from decorations provider vscode.git 1655
2025-02-24 00:13:15.981 [warning] [Decorations] CAPPING events from decorations provider vscode.git 1655
2025-02-24 00:13:27.468 [warning] [Decorations] CAPPING events from decorations provider vscode.git 1655
2025-02-24 00:13:32.535 [warning] [Decorations] CAPPING events from decorations provider vscode.git 1655
2025-02-24 00:13:37.604 [warning] [Decorations] CAPPING events from decorations provider vscode.git 1655
2025-02-24 00:13:42.677 [warning] [Decorations] CAPPING events from decorations provider vscode.git 1655
2025-02-24 00:13:47.767 [warning] [Decorations] CAPPING events from decorations provider vscode.git 1655
2025-02-24 00:13:52.837 [warning] [Decorations] CAPPING events from decorations provider vscode.git 1655
2025-02-24 00:13:57.930 [warning] [Decorations] CAPPING events from decorations provider vscode.git 1655
2025-02-24 00:14:04.140 [warning] [Decorations] CAPPING events from decorations provider vscode.git 1655
2025-02-24 00:14:05.541 [info] Extension host terminating: received terminate message from renderer
2025-02-24 00:14:05.541 [info] Lock '/home/student/.vscode-server/data/User/workspaceStorage/255174b9c84437907369f27ac92b5bdb/vscode.lock': Marking the lockfile as scheduled to be released in 6000 ms.
2025-02-24 00:14:05.573 [error] Canceled: Canceled
	at new XT (file:///home/student/.vscode-server/cli/servers/Stable-e249dada235c2083c83813bd65b7f4707fb97b76/server/out/vs/workbench/api/node/extensionHostProcess.js:29:153701)
	at Uy.U (file:///home/student/.vscode-server/cli/servers/Stable-e249dada235c2083c83813bd65b7f4707fb97b76/server/out/vs/workbench/api/node/extensionHostProcess.js:29:158311)
	at s.<computed>.n.charCodeAt.s.<computed> (file:///home/student/.vscode-server/cli/servers/Stable-e249dada235c2083c83813bd65b7f4707fb97b76/server/out/vs/workbench/api/node/extensionHostProcess.js:29:155805)
	at mw.g (file:///home/student/.vscode-server/cli/servers/Stable-e249dada235c2083c83813bd65b7f4707fb97b76/server/out/vs/workbench/api/node/extensionHostProcess.js:112:32221)
	at mw.executeCommand (file:///home/student/.vscode-server/cli/servers/Stable-e249dada235c2083c83813bd65b7f4707fb97b76/server/out/vs/workbench/api/node/extensionHostProcess.js:112:31725)
	at r.registerCommand.description (file:///home/student/.vscode-server/cli/servers/Stable-e249dada235c2083c83813bd65b7f4707fb97b76/server/out/vs/workbench/api/node/extensionHostProcess.js:112:31055)
	at mw.h (file:///home/student/.vscode-server/cli/servers/Stable-e249dada235c2083c83813bd65b7f4707fb97b76/server/out/vs/workbench/api/node/extensionHostProcess.js:112:32741)
	at mw.g (file:///home/student/.vscode-server/cli/servers/Stable-e249dada235c2083c83813bd65b7f4707fb97b76/server/out/vs/workbench/api/node/extensionHostProcess.js:112:31818)
	at mw.executeCommand (file:///home/student/.vscode-server/cli/servers/Stable-e249dada235c2083c83813bd65b7f4707fb97b76/server/out/vs/workbench/api/node/extensionHostProcess.js:112:31725)
	at Object.executeCommand (file:///home/student/.vscode-server/cli/servers/Stable-e249dada235c2083c83813bd65b7f4707fb97b76/server/out/vs/workbench/api/node/extensionHostProcess.js:172:37254)
	at Ah.L [as value] (/home/student/.vscode-server/cli/servers/Stable-e249dada235c2083c83813bd65b7f4707fb97b76/server/extensions/git/dist/main.js:2:997602)
	at D.B (file:///home/student/.vscode-server/cli/servers/Stable-e249dada235c2083c83813bd65b7f4707fb97b76/server/out/vs/workbench/api/node/extensionHostProcess.js:27:2373)
	at D.C (file:///home/student/.vscode-server/cli/servers/Stable-e249dada235c2083c83813bd65b7f4707fb97b76/server/out/vs/workbench/api/node/extensionHostProcess.js:27:2443)
	at D.fire (file:///home/student/.vscode-server/cli/servers/Stable-e249dada235c2083c83813bd65b7f4707fb97b76/server/out/vs/workbench/api/node/extensionHostProcess.js:27:2660)
	at Object.p [as dispose] (/home/student/.vscode-server/cli/servers/Stable-e249dada235c2083c83813bd65b7f4707fb97b76/server/extensions/git/dist/main.js:2:1020242)
	at /home/student/.vscode-server/cli/servers/Stable-e249dada235c2083c83813bd65b7f4707fb97b76/server/extensions/git/dist/main.js:2:1026621
	at Array.forEach (<anonymous>)
	at b.dispose (/home/student/.vscode-server/cli/servers/Stable-e249dada235c2083c83813bd65b7f4707fb97b76/server/extensions/git/dist/main.js:2:1026607)
	at cv.<anonymous> (file:///home/student/.vscode-server/cli/servers/Stable-e249dada235c2083c83813bd65b7f4707fb97b76/server/out/vs/workbench/api/node/extensionHostProcess.js:106:20084)
	at cv.dispose (file:///home/student/.vscode-server/cli/servers/Stable-e249dada235c2083c83813bd65b7f4707fb97b76/server/out/vs/workbench/api/node/extensionHostProcess.js:106:20180)
	at cv.<anonymous> (/home/student/.vscode-server/cli/servers/Stable-e249dada235c2083c83813bd65b7f4707fb97b76/server/extensions/git/dist/main.js:2:1000086)
	at cv.dispose (file:///home/student/.vscode-server/cli/servers/Stable-e249dada235c2083c83813bd65b7f4707fb97b76/server/out/vs/workbench/api/node/extensionHostProcess.js:106:20180)
	at ui (file:///home/student/.vscode-server/cli/servers/Stable-e249dada235c2083c83813bd65b7f4707fb97b76/server/out/vs/workbench/api/node/extensionHostProcess.js:25:699)
	at file:///home/student/.vscode-server/cli/servers/Stable-e249dada235c2083c83813bd65b7f4707fb97b76/server/out/vs/workbench/api/node/extensionHostProcess.js:116:14992
	at file:///home/student/.vscode-server/cli/servers/Stable-e249dada235c2083c83813bd65b7f4707fb97b76/server/out/vs/workbench/api/node/extensionHostProcess.js:25:1009
	at Object.dispose (file:///home/student/.vscode-server/cli/servers/Stable-e249dada235c2083c83813bd65b7f4707fb97b76/server/out/vs/workbench/api/node/extensionHostProcess.js:8:705)
	at PW.eb (file:///home/student/.vscode-server/cli/servers/Stable-e249dada235c2083c83813bd65b7f4707fb97b76/server/out/vs/workbench/api/node/extensionHostProcess.js:116:11919)
	at file:///home/student/.vscode-server/cli/servers/Stable-e249dada235c2083c83813bd65b7f4707fb97b76/server/out/vs/workbench/api/node/extensionHostProcess.js:116:9874
	at Array.map (<anonymous>)
	at PW.$ (file:///home/student/.vscode-server/cli/servers/Stable-e249dada235c2083c83813bd65b7f4707fb97b76/server/out/vs/workbench/api/node/extensionHostProcess.js:116:9862)
	at PW.terminate (file:///home/student/.vscode-server/cli/servers/Stable-e249dada235c2083c83813bd65b7f4707fb97b76/server/out/vs/workbench/api/node/extensionHostProcess.js:116:10105)
	at wC.terminate (file:///home/student/.vscode-server/cli/servers/Stable-e249dada235c2083c83813bd65b7f4707fb97b76/server/out/vs/workbench/api/node/extensionHostProcess.js:117:1434)
	at ts (file:///home/student/.vscode-server/cli/servers/Stable-e249dada235c2083c83813bd65b7f4707fb97b76/server/out/vs/workbench/api/node/extensionHostProcess.js:190:15080)
	at Ah.value (file:///home/student/.vscode-server/cli/servers/Stable-e249dada235c2083c83813bd65b7f4707fb97b76/server/out/vs/workbench/api/node/extensionHostProcess.js:190:13241)
	at D.B (file:///home/student/.vscode-server/cli/servers/Stable-e249dada235c2083c83813bd65b7f4707fb97b76/server/out/vs/workbench/api/node/extensionHostProcess.js:27:2373)
	at D.fire (file:///home/student/.vscode-server/cli/servers/Stable-e249dada235c2083c83813bd65b7f4707fb97b76/server/out/vs/workbench/api/node/extensionHostProcess.js:27:2591)
	at Xn.fire (file:///home/student/.vscode-server/cli/servers/Stable-e249dada235c2083c83813bd65b7f4707fb97b76/server/out/vs/workbench/api/node/extensionHostProcess.js:29:9458)
	at Gm.A (file:///home/student/.vscode-server/cli/servers/Stable-e249dada235c2083c83813bd65b7f4707fb97b76/server/out/vs/workbench/api/node/extensionHostProcess.js:29:12574)
	at Ah.value (file:///home/student/.vscode-server/cli/servers/Stable-e249dada235c2083c83813bd65b7f4707fb97b76/server/out/vs/workbench/api/node/extensionHostProcess.js:29:10994)
	at D.B (file:///home/student/.vscode-server/cli/servers/Stable-e249dada235c2083c83813bd65b7f4707fb97b76/server/out/vs/workbench/api/node/extensionHostProcess.js:27:2373)
	at D.fire (file:///home/student/.vscode-server/cli/servers/Stable-e249dada235c2083c83813bd65b7f4707fb97b76/server/out/vs/workbench/api/node/extensionHostProcess.js:27:2591)
	at m6.acceptChunk (file:///home/student/.vscode-server/cli/servers/Stable-e249dada235c2083c83813bd65b7f4707fb97b76/server/out/vs/workbench/api/node/extensionHostProcess.js:29:7941)
	at file:///home/student/.vscode-server/cli/servers/Stable-e249dada235c2083c83813bd65b7f4707fb97b76/server/out/vs/workbench/api/node/extensionHostProcess.js:29:7227
	at Socket.t (file:///home/student/.vscode-server/cli/servers/Stable-e249dada235c2083c83813bd65b7f4707fb97b76/server/out/vs/workbench/api/node/extensionHostProcess.js:29:14761)
	at Socket.emit (node:events:518:28)
	at addChunk (node:internal/streams/readable:561:12)
	at readableAddChunkPushByteMode (node:internal/streams/readable:512:3)
	at Readable.push (node:internal/streams/readable:392:5)
	at Pipe.onStreamRead (node:internal/stream_base_commons:191:23) setContext undefined
2025-02-24 00:14:05.575 [error] Canceled: Canceled
	at new XT (file:///home/student/.vscode-server/cli/servers/Stable-e249dada235c2083c83813bd65b7f4707fb97b76/server/out/vs/workbench/api/node/extensionHostProcess.js:29:153701)
	at Uy.U (file:///home/student/.vscode-server/cli/servers/Stable-e249dada235c2083c83813bd65b7f4707fb97b76/server/out/vs/workbench/api/node/extensionHostProcess.js:29:158311)
	at s.<computed>.n.charCodeAt.s.<computed> (file:///home/student/.vscode-server/cli/servers/Stable-e249dada235c2083c83813bd65b7f4707fb97b76/server/out/vs/workbench/api/node/extensionHostProcess.js:29:155805)
	at mw.g (file:///home/student/.vscode-server/cli/servers/Stable-e249dada235c2083c83813bd65b7f4707fb97b76/server/out/vs/workbench/api/node/extensionHostProcess.js:112:32221)
	at mw.executeCommand (file:///home/student/.vscode-server/cli/servers/Stable-e249dada235c2083c83813bd65b7f4707fb97b76/server/out/vs/workbench/api/node/extensionHostProcess.js:112:31725)
	at r.registerCommand.description (file:///home/student/.vscode-server/cli/servers/Stable-e249dada235c2083c83813bd65b7f4707fb97b76/server/out/vs/workbench/api/node/extensionHostProcess.js:112:31055)
	at mw.h (file:///home/student/.vscode-server/cli/servers/Stable-e249dada235c2083c83813bd65b7f4707fb97b76/server/out/vs/workbench/api/node/extensionHostProcess.js:112:32741)
	at mw.g (file:///home/student/.vscode-server/cli/servers/Stable-e249dada235c2083c83813bd65b7f4707fb97b76/server/out/vs/workbench/api/node/extensionHostProcess.js:112:31818)
	at mw.executeCommand (file:///home/student/.vscode-server/cli/servers/Stable-e249dada235c2083c83813bd65b7f4707fb97b76/server/out/vs/workbench/api/node/extensionHostProcess.js:112:31725)
	at Object.executeCommand (file:///home/student/.vscode-server/cli/servers/Stable-e249dada235c2083c83813bd65b7f4707fb97b76/server/out/vs/workbench/api/node/extensionHostProcess.js:172:37254)
	at set hasGitHubRepositories [as hasGitHubRepositories] (/home/student/.vscode-server/cli/servers/Stable-e249dada235c2083c83813bd65b7f4707fb97b76/server/extensions/github/dist/extension.js:2:344164)
	at /home/student/.vscode-server/cli/servers/Stable-e249dada235c2083c83813bd65b7f4707fb97b76/server/extensions/github/dist/extension.js:2:345123
	at Ah.value (/home/student/.vscode-server/cli/servers/Stable-e249dada235c2083c83813bd65b7f4707fb97b76/server/extensions/git/dist/main.js:2:1117802)
	at D.B (file:///home/student/.vscode-server/cli/servers/Stable-e249dada235c2083c83813bd65b7f4707fb97b76/server/out/vs/workbench/api/node/extensionHostProcess.js:27:2373)
	at D.C (file:///home/student/.vscode-server/cli/servers/Stable-e249dada235c2083c83813bd65b7f4707fb97b76/server/out/vs/workbench/api/node/extensionHostProcess.js:27:2443)
	at D.fire (file:///home/student/.vscode-server/cli/servers/Stable-e249dada235c2083c83813bd65b7f4707fb97b76/server/out/vs/workbench/api/node/extensionHostProcess.js:27:2660)
	at Object.p [as dispose] (/home/student/.vscode-server/cli/servers/Stable-e249dada235c2083c83813bd65b7f4707fb97b76/server/extensions/git/dist/main.js:2:1020242)
	at /home/student/.vscode-server/cli/servers/Stable-e249dada235c2083c83813bd65b7f4707fb97b76/server/extensions/git/dist/main.js:2:1026621
	at Array.forEach (<anonymous>)
	at b.dispose (/home/student/.vscode-server/cli/servers/Stable-e249dada235c2083c83813bd65b7f4707fb97b76/server/extensions/git/dist/main.js:2:1026607)
	at cv.<anonymous> (file:///home/student/.vscode-server/cli/servers/Stable-e249dada235c2083c83813bd65b7f4707fb97b76/server/out/vs/workbench/api/node/extensionHostProcess.js:106:20084)
	at cv.dispose (file:///home/student/.vscode-server/cli/servers/Stable-e249dada235c2083c83813bd65b7f4707fb97b76/server/out/vs/workbench/api/node/extensionHostProcess.js:106:20180)
	at cv.<anonymous> (/home/student/.vscode-server/cli/servers/Stable-e249dada235c2083c83813bd65b7f4707fb97b76/server/extensions/git/dist/main.js:2:1000086)
	at cv.dispose (file:///home/student/.vscode-server/cli/servers/Stable-e249dada235c2083c83813bd65b7f4707fb97b76/server/out/vs/workbench/api/node/extensionHostProcess.js:106:20180)
	at ui (file:///home/student/.vscode-server/cli/servers/Stable-e249dada235c2083c83813bd65b7f4707fb97b76/server/out/vs/workbench/api/node/extensionHostProcess.js:25:699)
	at file:///home/student/.vscode-server/cli/servers/Stable-e249dada235c2083c83813bd65b7f4707fb97b76/server/out/vs/workbench/api/node/extensionHostProcess.js:116:14992
	at file:///home/student/.vscode-server/cli/servers/Stable-e249dada235c2083c83813bd65b7f4707fb97b76/server/out/vs/workbench/api/node/extensionHostProcess.js:25:1009
	at Object.dispose (file:///home/student/.vscode-server/cli/servers/Stable-e249dada235c2083c83813bd65b7f4707fb97b76/server/out/vs/workbench/api/node/extensionHostProcess.js:8:705)
	at PW.eb (file:///home/student/.vscode-server/cli/servers/Stable-e249dada235c2083c83813bd65b7f4707fb97b76/server/out/vs/workbench/api/node/extensionHostProcess.js:116:11919)
	at file:///home/student/.vscode-server/cli/servers/Stable-e249dada235c2083c83813bd65b7f4707fb97b76/server/out/vs/workbench/api/node/extensionHostProcess.js:116:9874
	at Array.map (<anonymous>)
	at PW.$ (file:///home/student/.vscode-server/cli/servers/Stable-e249dada235c2083c83813bd65b7f4707fb97b76/server/out/vs/workbench/api/node/extensionHostProcess.js:116:9862)
	at PW.terminate (file:///home/student/.vscode-server/cli/servers/Stable-e249dada235c2083c83813bd65b7f4707fb97b76/server/out/vs/workbench/api/node/extensionHostProcess.js:116:10105)
	at wC.terminate (file:///home/student/.vscode-server/cli/servers/Stable-e249dada235c2083c83813bd65b7f4707fb97b76/server/out/vs/workbench/api/node/extensionHostProcess.js:117:1434)
	at ts (file:///home/student/.vscode-server/cli/servers/Stable-e249dada235c2083c83813bd65b7f4707fb97b76/server/out/vs/workbench/api/node/extensionHostProcess.js:190:15080)
	at Ah.value (file:///home/student/.vscode-server/cli/servers/Stable-e249dada235c2083c83813bd65b7f4707fb97b76/server/out/vs/workbench/api/node/extensionHostProcess.js:190:13241)
	at D.B (file:///home/student/.vscode-server/cli/servers/Stable-e249dada235c2083c83813bd65b7f4707fb97b76/server/out/vs/workbench/api/node/extensionHostProcess.js:27:2373)
	at D.fire (file:///home/student/.vscode-server/cli/servers/Stable-e249dada235c2083c83813bd65b7f4707fb97b76/server/out/vs/workbench/api/node/extensionHostProcess.js:27:2591)
	at Xn.fire (file:///home/student/.vscode-server/cli/servers/Stable-e249dada235c2083c83813bd65b7f4707fb97b76/server/out/vs/workbench/api/node/extensionHostProcess.js:29:9458)
	at Gm.A (file:///home/student/.vscode-server/cli/servers/Stable-e249dada235c2083c83813bd65b7f4707fb97b76/server/out/vs/workbench/api/node/extensionHostProcess.js:29:12574)
	at Ah.value (file:///home/student/.vscode-server/cli/servers/Stable-e249dada235c2083c83813bd65b7f4707fb97b76/server/out/vs/workbench/api/node/extensionHostProcess.js:29:10994)
	at D.B (file:///home/student/.vscode-server/cli/servers/Stable-e249dada235c2083c83813bd65b7f4707fb97b76/server/out/vs/workbench/api/node/extensionHostProcess.js:27:2373)
	at D.fire (file:///home/student/.vscode-server/cli/servers/Stable-e249dada235c2083c83813bd65b7f4707fb97b76/server/out/vs/workbench/api/node/extensionHostProcess.js:27:2591)
	at m6.acceptChunk (file:///home/student/.vscode-server/cli/servers/Stable-e249dada235c2083c83813bd65b7f4707fb97b76/server/out/vs/workbench/api/node/extensionHostProcess.js:29:7941)
	at file:///home/student/.vscode-server/cli/servers/Stable-e249dada235c2083c83813bd65b7f4707fb97b76/server/out/vs/workbench/api/node/extensionHostProcess.js:29:7227
	at Socket.t (file:///home/student/.vscode-server/cli/servers/Stable-e249dada235c2083c83813bd65b7f4707fb97b76/server/out/vs/workbench/api/node/extensionHostProcess.js:29:14761)
	at Socket.emit (node:events:518:28)
	at addChunk (node:internal/streams/readable:561:12)
	at readableAddChunkPushByteMode (node:internal/streams/readable:512:3)
	at Readable.push (node:internal/streams/readable:392:5)
	at Pipe.onStreamRead (node:internal/stream_base_commons:191:23) setContext undefined
2025-02-24 00:14:05.575 [info] Extension host with pid 3605 exiting with code 0
