2025-02-08 01:12:00.101 [info] [main] Log level: Info
2025-02-08 01:12:00.101 [info] [main] Validating found git in: "git"
2025-02-08 01:12:00.101 [info] [main] Using git "2.34.1" from "git"
2025-02-08 01:12:00.101 [info] [Model][doInitialScan] Initial repository scan started
2025-02-08 01:12:00.101 [info] > git rev-parse --show-toplevel [41ms]
2025-02-08 01:12:00.101 [info] fatal: not a git repository (or any of the parent directories): .git
2025-02-08 01:12:00.101 [info] > git rev-parse --show-toplevel [2ms]
2025-02-08 01:12:00.101 [info] fatal: not a git repository (or any of the parent directories): .git
2025-02-08 01:12:00.101 [info] > git rev-parse --show-toplevel [1ms]
2025-02-08 01:12:00.101 [info] fatal: not a git repository (or any of the parent directories): .git
2025-02-08 01:12:00.101 [info] > git rev-parse --show-toplevel [3ms]
2025-02-08 01:12:00.101 [info] fatal: not a git repository (or any of the parent directories): .git
2025-02-08 01:12:00.101 [info] [Model][doInitialScan] Initial repository scan completed - repositories (0), closed repositories (0), parent repositories (0), unsafe repositories (0)
2025-02-08 01:13:01.091 [info] > git rev-parse --show-toplevel [2ms]
2025-02-08 01:13:01.091 [info] fatal: not a git repository (or any of the parent directories): .git
2025-02-08 01:13:48.255 [info] > git rev-parse --show-toplevel [1ms]
2025-02-08 01:13:48.255 [info] fatal: not a git repository (or any of the parent directories): .git
2025-02-08 01:15:46.813 [info] > git init -b main [111ms]
2025-02-08 01:15:46.816 [info] > git rev-parse --show-toplevel [1ms]
2025-02-08 01:15:46.820 [info] > git rev-parse --git-dir --git-common-dir [1ms]
2025-02-08 01:15:46.830 [info] [Model][openRepository] Opened repository: /home/student
2025-02-08 01:15:46.842 [info] [Git][getRemotes] No remotes found in the git config file
2025-02-08 01:15:46.843 [info] > git config --get commit.template [5ms]
2025-02-08 01:15:46.850 [info] > git for-each-ref --format=%(refname)%00%(upstream:short)%00%(objectname)%00%(upstream:track)%00%(upstream:remotename)%00%(upstream:remoteref) refs/heads/main refs/remotes/main [9ms]
2025-02-08 01:15:46.850 [warning] [Git][getBranch] No such branch: main
2025-02-08 01:15:46.858 [info] > git for-each-ref --sort -committerdate --format %(refname) %(objectname) %(*objectname) [1ms]
2025-02-08 01:15:46.870 [info] > git status -z -uall [17ms]
2025-02-08 01:15:47.206 [info] > git for-each-ref --format=%(refname)%00%(upstream:short)%00%(objectname)%00%(upstream:track)%00%(upstream:remotename)%00%(upstream:remoteref) refs/heads/main refs/remotes/main [283ms]
2025-02-08 01:15:47.206 [warning] [Git][getBranch] No such branch: main
2025-02-08 01:15:47.207 [error] [GitHistoryProvider][resolveHEADMergeBase] Failed to resolve merge base for main: Error: No such branch: main.
2025-02-08 01:15:47.211 [info] > git config --get commit.template [42ms]
2025-02-08 01:15:47.218 [info] [Git][getRemotes] No remotes found in the git config file
2025-02-08 01:15:47.230 [info] > git for-each-ref --format=%(refname)%00%(upstream:short)%00%(objectname)%00%(upstream:track)%00%(upstream:remotename)%00%(upstream:remoteref) refs/heads/main refs/remotes/main [12ms]
2025-02-08 01:15:47.230 [warning] [Git][getBranch] No such branch: main
2025-02-08 01:15:47.252 [info] > git for-each-ref --sort -committerdate --format %(refname) %(objectname) %(*objectname) [3ms]
2025-02-08 01:15:47.264 [info] > git status -z -uall [30ms]
2025-02-08 01:15:47.678 [info] > git check-ignore -v -z --stdin [2ms]
2025-02-08 01:15:47.722 [info] > git show --textconv :Engr212_Tsegay_Asmerom [6ms]
2025-02-08 01:15:47.723 [info] > git ls-files --stage -- /home/student/Engr212_Tsegay_Asmerom [4ms]
2025-02-08 01:15:47.724 [info] > git log --format=%H%n%aN%n%aE%n%at%n%ct%n%P%n%D%n%B -z --shortstat --diff-merges=first-parent -n50 --skip=0 --topo-order --decorate=full --stdin [11ms]
2025-02-08 01:15:47.724 [info] fatal: bad revision 'refs/heads/main'
2025-02-08 01:15:47.724 [error] [GitHistoryProvider][provideHistoryItems] Failed to get history items with options '{"historyItemRefs":["refs/heads/main"],"limit":50,"skip":0}': Failed to execute git {
  "exitCode": 128,
  "gitCommand": "log",
  "stdout": "",
  "stderr": "fatal: bad revision 'refs/heads/main'\n"
}
2025-02-08 01:15:48.214 [info] > git check-ignore -v -z --stdin [2ms]
2025-02-08 01:15:48.385 [info] > git ls-files --stage -- /home/student/Engr212_Tsegay_Asmerom [1ms]
2025-02-08 01:15:48.467 [info] > git show --textconv :Engr212_Tsegay_Asmerom [2ms]
2025-02-08 01:15:52.466 [info] > git add -A -- . [5632ms]
2025-02-08 01:15:52.547 [info] > git -c user.useConfigOnly=true commit --quiet --allow-empty-message --file - --allow-empty-message [78ms]
2025-02-08 01:15:52.547 [info] Author identity unknown

*** Please tell me who you are.

Run

  git config --global user.email "you@example.com"
  git config --global user.name "Your Name"

to set your account's default identity.
Omit --global to set the identity only in this repository.

fatal: no email was given and auto-detection is disabled
2025-02-08 01:15:52.551 [info] > git config --get-all user.name [1ms]
2025-02-08 01:15:52.556 [info] [Git][getRemotes] No remotes found in the git config file
2025-02-08 01:15:52.556 [info] > git config --get commit.template [2ms]
2025-02-08 01:15:52.557 [info] > git for-each-ref --format=%(refname)%00%(upstream:short)%00%(objectname)%00%(upstream:track)%00%(upstream:remotename)%00%(upstream:remoteref) refs/heads/main refs/remotes/main [1ms]
2025-02-08 01:15:52.557 [warning] [Git][getBranch] No such branch: main
2025-02-08 01:15:52.563 [info] > git for-each-ref --sort -committerdate --format %(refname) %(objectname) %(*objectname) [1ms]
2025-02-08 01:15:52.573 [info] > git status -z -uall [14ms]
2025-02-08 01:15:53.427 [info] > git show --textconv HEAD:Engr212_Tsegay_Asmerom [5ms]
2025-02-08 01:15:53.428 [info] > git ls-tree -l HEAD -- /home/student/Engr212_Tsegay_Asmerom [1ms]
2025-02-08 01:15:53.428 [info] fatal: Not a valid object name HEAD
2025-02-08 01:15:53.868 [info] [Git][getRemotes] No remotes found in the git config file
2025-02-08 01:15:53.869 [info] > git config --get commit.template [3ms]
2025-02-08 01:15:53.869 [info] > git for-each-ref --format=%(refname)%00%(upstream:short)%00%(objectname)%00%(upstream:track)%00%(upstream:remotename)%00%(upstream:remoteref) refs/heads/main refs/remotes/main [2ms]
2025-02-08 01:15:53.869 [warning] [Git][getBranch] No such branch: main
2025-02-08 01:15:53.875 [info] > git for-each-ref --sort -committerdate --format %(refname) %(objectname) %(*objectname) [1ms]
2025-02-08 01:15:53.886 [info] > git status -z -uall [15ms]
2025-02-08 01:15:54.232 [info] > git ls-tree -l HEAD -- /home/student/Engr212_Tsegay_Asmerom [2ms]
2025-02-08 01:15:54.232 [info] fatal: Not a valid object name HEAD
2025-02-08 01:15:54.233 [info] > git ls-files --stage -- /home/student/Engr212_Tsegay_Asmerom [6ms]
2025-02-08 01:15:54.236 [info] > git cat-file -s e69de29bb2d1d6434b8b29ae775ad8c2e48c5391 [1ms]
2025-02-08 01:15:54.376 [info] > git show --textconv HEAD:Engr212_Tsegay_Asmerom [3ms]
2025-02-08 01:15:54.378 [info] > git show --textconv :Engr212_Tsegay_Asmerom [2ms]
2025-02-08 01:15:56.324 [info] > git check-ignore -v -z --stdin [3ms]
2025-02-08 01:15:57.679 [info] > git check-ignore -v -z --stdin [3ms]
2025-02-08 01:15:59.382 [info] > git check-ignore -v -z --stdin [11ms]
2025-02-08 01:16:03.467 [info] > git check-ignore -v -z --stdin [51ms]
2025-02-08 01:16:25.228 [info] > git log --format=%H%n%aN%n%aE%n%at%n%ct%n%P%n%D%n%B -z --shortstat --diff-merges=first-parent -n50 --skip=0 --topo-order --decorate=full --stdin [1ms]
2025-02-08 01:16:25.228 [info] fatal: bad revision 'refs/heads/main'
2025-02-08 01:16:25.228 [error] [GitHistoryProvider][provideHistoryItems] Failed to get history items with options '{"historyItemRefs":["refs/heads/main"],"limit":50,"skip":0}': Failed to execute git {
  "exitCode": 128,
  "gitCommand": "log",
  "stdout": "",
  "stderr": "fatal: bad revision 'refs/heads/main'\n"
}
2025-02-08 01:16:31.205 [info] > git log --format=%H%n%aN%n%aE%n%at%n%ct%n%P%n%D%n%B -z --shortstat --diff-merges=first-parent -n50 --skip=0 --topo-order --decorate=full --stdin [1ms]
2025-02-08 01:16:31.205 [info] fatal: bad revision 'refs/heads/main'
2025-02-08 01:16:31.206 [error] [GitHistoryProvider][provideHistoryItems] Failed to get history items with options '{"historyItemRefs":["refs/heads/main"],"limit":50,"skip":0}': Failed to execute git {
  "exitCode": 128,
  "gitCommand": "log",
  "stdout": "",
  "stderr": "fatal: bad revision 'refs/heads/main'\n"
}
2025-02-08 01:16:32.214 [info] > git log --format=%H%n%aN%n%aE%n%at%n%ct%n%P%n%D%n%B -z --shortstat --diff-merges=first-parent -n50 --skip=0 --topo-order --decorate=full --stdin [2ms]
2025-02-08 01:16:32.215 [info] fatal: bad revision 'refs/heads/main'
2025-02-08 01:16:32.215 [error] [GitHistoryProvider][provideHistoryItems] Failed to get history items with options '{"historyItemRefs":["refs/heads/main"],"limit":50,"skip":0}': Failed to execute git {
  "exitCode": 128,
  "gitCommand": "log",
  "stdout": "",
  "stderr": "fatal: bad revision 'refs/heads/main'\n"
}
