2025-04-26 03:57:41.046 [info] Extension host with pid 1353 started
2025-04-26 03:57:41.055 [info] Lock '/home/student/.vscode-server/data/User/workspaceStorage/255174b9c84437907369f27ac92b5bdb/vscode.lock': Lock acquired.
2025-04-26 03:57:41.747 [info] ExtensionService#_doActivateExtension vscode.emmet, startup: false, activationEvent: 'onLanguage'
2025-04-26 03:57:41.748 [info] ExtensionService#_doActivateExtension vscode.git-base, startup: false, activationEvent: '*', root cause: vscode.git
2025-04-26 03:57:41.934 [info] ExtensionService#_doActivateExtension vscode.git, startup: false, activationEvent: '*'
2025-04-26 03:57:41.934 [info] ExtensionService#_doActivateExtension vscode.github, startup: false, activationEvent: '*'
2025-04-26 03:57:42.236 [info] Eager extensions activated
2025-04-26 03:57:42.236 [info] ExtensionService#_doActivateExtension vscode.debug-auto-launch, startup: false, activationEvent: 'onStartupFinished'
2025-04-26 03:57:42.237 [info] ExtensionService#_doActivateExtension vscode.merge-conflict, startup: false, activationEvent: 'onStartupFinished'
2025-04-26 03:57:42.836 [warning] [Decorations] CAPPING events from decorations provider vscode.git 4835
2025-04-26 03:57:43.725 [warning] [Decorations] CAPPING events from decorations provider vscode.git 4835
2025-04-26 03:57:46.019 [warning] [Decorations] CAPPING events from decorations provider vscode.git 4835
2025-04-26 03:57:51.220 [warning] [Decorations] CAPPING events from decorations provider vscode.git 4835
2025-04-26 03:57:56.395 [warning] [Decorations] CAPPING events from decorations provider vscode.git 4835
2025-04-26 03:58:01.568 [warning] [Decorations] CAPPING events from decorations provider vscode.git 4835
2025-04-26 03:58:06.758 [warning] [Decorations] CAPPING events from decorations provider vscode.git 4835
2025-04-26 03:58:11.933 [warning] [Decorations] CAPPING events from decorations provider vscode.git 4835
2025-04-26 03:58:17.111 [warning] [Decorations] CAPPING events from decorations provider vscode.git 4835
2025-04-26 03:58:22.339 [warning] [Decorations] CAPPING events from decorations provider vscode.git 4835
2025-04-26 03:58:27.524 [warning] [Decorations] CAPPING events from decorations provider vscode.git 4835
2025-04-26 03:58:32.702 [warning] [Decorations] CAPPING events from decorations provider vscode.git 4835
2025-04-26 03:58:37.883 [warning] [Decorations] CAPPING events from decorations provider vscode.git 4835
2025-04-26 03:58:43.070 [warning] [Decorations] CAPPING events from decorations provider vscode.git 4835
2025-04-26 03:58:48.243 [warning] [Decorations] CAPPING events from decorations provider vscode.git 4835
2025-04-26 03:58:53.430 [warning] [Decorations] CAPPING events from decorations provider vscode.git 4835
2025-04-26 03:58:58.609 [warning] [Decorations] CAPPING events from decorations provider vscode.git 4835
2025-04-26 03:59:03.804 [warning] [Decorations] CAPPING events from decorations provider vscode.git 4835
2025-04-26 03:59:09.024 [warning] [Decorations] CAPPING events from decorations provider vscode.git 4835
2025-04-26 03:59:14.206 [warning] [Decorations] CAPPING events from decorations provider vscode.git 4835
2025-04-26 03:59:19.379 [warning] [Decorations] CAPPING events from decorations provider vscode.git 4835
2025-04-26 03:59:24.576 [warning] [Decorations] CAPPING events from decorations provider vscode.git 4835
2025-04-26 03:59:29.750 [warning] [Decorations] CAPPING events from decorations provider vscode.git 4835
2025-04-26 03:59:34.968 [warning] [Decorations] CAPPING events from decorations provider vscode.git 4835
2025-04-26 03:59:40.153 [warning] [Decorations] CAPPING events from decorations provider vscode.git 4835
2025-04-26 03:59:45.359 [warning] [Decorations] CAPPING events from decorations provider vscode.git 4835
2025-04-26 03:59:50.540 [warning] [Decorations] CAPPING events from decorations provider vscode.git 4835
2025-04-26 03:59:55.715 [warning] [Decorations] CAPPING events from decorations provider vscode.git 4835
2025-04-26 04:00:00.902 [warning] [Decorations] CAPPING events from decorations provider vscode.git 4835
2025-04-26 04:00:06.084 [warning] [Decorations] CAPPING events from decorations provider vscode.git 4835
2025-04-26 04:00:11.300 [warning] [Decorations] CAPPING events from decorations provider vscode.git 4835
2025-04-26 04:00:16.479 [warning] [Decorations] CAPPING events from decorations provider vscode.git 4835
2025-04-26 04:00:21.660 [warning] [Decorations] CAPPING events from decorations provider vscode.git 4835
2025-04-26 04:00:26.843 [warning] [Decorations] CAPPING events from decorations provider vscode.git 4835
2025-04-26 04:00:32.013 [warning] [Decorations] CAPPING events from decorations provider vscode.git 4835
2025-04-26 04:00:37.192 [warning] [Decorations] CAPPING events from decorations provider vscode.git 4835
2025-04-26 04:00:42.429 [warning] [Decorations] CAPPING events from decorations provider vscode.git 4835
2025-04-26 04:00:47.609 [warning] [Decorations] CAPPING events from decorations provider vscode.git 4835
2025-04-26 04:00:52.783 [warning] [Decorations] CAPPING events from decorations provider vscode.git 4835
2025-04-26 04:00:57.969 [warning] [Decorations] CAPPING events from decorations provider vscode.git 4835
2025-04-26 04:01:03.150 [warning] [Decorations] CAPPING events from decorations provider vscode.git 4835
2025-04-26 04:01:08.373 [warning] [Decorations] CAPPING events from decorations provider vscode.git 4835
2025-04-26 04:01:13.564 [warning] [Decorations] CAPPING events from decorations provider vscode.git 4835
2025-04-26 04:01:18.776 [warning] [Decorations] CAPPING events from decorations provider vscode.git 4835
2025-04-26 04:01:23.993 [warning] [Decorations] CAPPING events from decorations provider vscode.git 4835
2025-04-26 04:01:29.183 [warning] [Decorations] CAPPING events from decorations provider vscode.git 4835
2025-04-26 04:01:34.361 [warning] [Decorations] CAPPING events from decorations provider vscode.git 4835
2025-04-26 04:01:39.545 [warning] [Decorations] CAPPING events from decorations provider vscode.git 4835
2025-04-26 04:01:44.721 [warning] [Decorations] CAPPING events from decorations provider vscode.git 4835
2025-04-26 04:01:49.917 [warning] [Decorations] CAPPING events from decorations provider vscode.git 4835
2025-04-26 04:01:55.144 [warning] [Decorations] CAPPING events from decorations provider vscode.git 4835
2025-04-26 04:02:00.326 [warning] [Decorations] CAPPING events from decorations provider vscode.git 4835
2025-04-26 04:02:05.509 [warning] [Decorations] CAPPING events from decorations provider vscode.git 4835
2025-04-26 04:02:10.705 [warning] [Decorations] CAPPING events from decorations provider vscode.git 4835
2025-04-26 04:02:15.877 [warning] [Decorations] CAPPING events from decorations provider vscode.git 4835
2025-04-26 04:02:21.101 [warning] [Decorations] CAPPING events from decorations provider vscode.git 4835
2025-04-26 04:02:26.283 [warning] [Decorations] CAPPING events from decorations provider vscode.git 4835
2025-04-26 04:02:31.501 [warning] [Decorations] CAPPING events from decorations provider vscode.git 4835
2025-04-26 04:02:36.691 [warning] [Decorations] CAPPING events from decorations provider vscode.git 4835
2025-04-26 04:02:41.879 [warning] [Decorations] CAPPING events from decorations provider vscode.git 4835
2025-04-26 04:02:47.096 [warning] [Decorations] CAPPING events from decorations provider vscode.git 4835
2025-04-26 04:02:52.286 [warning] [Decorations] CAPPING events from decorations provider vscode.git 4835
2025-04-26 04:02:57.462 [warning] [Decorations] CAPPING events from decorations provider vscode.git 4835
2025-04-26 04:03:02.648 [warning] [Decorations] CAPPING events from decorations provider vscode.git 4835
2025-04-26 04:03:07.822 [warning] [Decorations] CAPPING events from decorations provider vscode.git 4835
2025-04-26 04:03:13.038 [warning] [Decorations] CAPPING events from decorations provider vscode.git 4835
2025-04-26 04:03:18.222 [warning] [Decorations] CAPPING events from decorations provider vscode.git 4835
2025-04-26 04:03:23.405 [warning] [Decorations] CAPPING events from decorations provider vscode.git 4835
2025-04-26 04:04:10.600 [warning] [Decorations] CAPPING events from decorations provider vscode.git 4835
2025-04-26 04:05:52.208 [warning] [Decorations] CAPPING events from decorations provider vscode.git 4835
2025-04-26 04:05:59.564 [warning] [Decorations] CAPPING events from decorations provider vscode.git 4835
2025-04-26 04:06:04.782 [warning] [Decorations] CAPPING events from decorations provider vscode.git 4835
2025-04-26 04:06:10.602 [warning] [Decorations] CAPPING events from decorations provider vscode.git 4835
2025-04-26 04:06:14.113 [info] ExtensionService#_doActivateExtension vscode.npm, startup: false, activationEvent: 'onTerminalQuickFixRequest:ms-vscode.npm-command'
2025-04-26 04:06:15.795 [warning] [Decorations] CAPPING events from decorations provider vscode.git 4835
2025-04-26 04:06:19.999 [info] ExtensionService#_doActivateExtension vscode.configuration-editing, startup: false, activationEvent: 'onLanguage:json'
2025-04-26 04:06:20.000 [info] ExtensionService#_doActivateExtension vscode.extension-editing, startup: false, activationEvent: 'onLanguage:json'
2025-04-26 04:06:20.000 [info] ExtensionService#_doActivateExtension vscode.json-language-features, startup: false, activationEvent: 'onLanguage:json'
2025-04-26 04:06:20.997 [warning] [Decorations] CAPPING events from decorations provider vscode.git 4836
2025-04-26 04:07:01.309 [warning] [Decorations] CAPPING events from decorations provider vscode.git 4836
2025-04-26 04:07:06.489 [warning] [Decorations] CAPPING events from decorations provider vscode.git 4836
2025-04-26 04:07:12.219 [warning] [Decorations] CAPPING events from decorations provider vscode.git 4836
2025-04-26 04:07:19.198 [warning] [Decorations] CAPPING events from decorations provider vscode.git 4836
2025-04-26 04:07:24.396 [warning] [Decorations] CAPPING events from decorations provider vscode.git 4836
2025-04-26 04:07:29.626 [warning] [Decorations] CAPPING events from decorations provider vscode.git 4836
2025-04-26 04:07:34.812 [warning] [Decorations] CAPPING events from decorations provider vscode.git 4836
2025-04-26 04:07:39.995 [warning] [Decorations] CAPPING events from decorations provider vscode.git 4836
2025-04-26 04:07:45.183 [warning] [Decorations] CAPPING events from decorations provider vscode.git 4836
2025-04-26 04:07:50.371 [warning] [Decorations] CAPPING events from decorations provider vscode.git 4836
2025-04-26 04:07:55.547 [warning] [Decorations] CAPPING events from decorations provider vscode.git 4836
2025-04-26 04:08:00.741 [warning] [Decorations] CAPPING events from decorations provider vscode.git 4836
2025-04-26 04:08:18.390 [warning] [Decorations] CAPPING events from decorations provider vscode.git 4836
2025-04-26 04:08:23.583 [warning] [Decorations] CAPPING events from decorations provider vscode.git 4836
2025-04-26 04:08:32.326 [warning] [Decorations] CAPPING events from decorations provider vscode.git 4836
2025-04-26 04:08:37.523 [warning] [Decorations] CAPPING events from decorations provider vscode.git 4836
2025-04-26 04:08:42.719 [warning] [Decorations] CAPPING events from decorations provider vscode.git 4836
2025-04-26 04:08:47.950 [warning] [Decorations] CAPPING events from decorations provider vscode.git 4836
2025-04-26 04:09:33.788 [warning] [Decorations] CAPPING events from decorations provider vscode.git 4836
2025-04-26 04:09:38.993 [warning] [Decorations] CAPPING events from decorations provider vscode.git 4836
2025-04-26 04:10:01.456 [warning] [Decorations] CAPPING events from decorations provider vscode.git 4836
2025-04-26 04:10:06.645 [warning] [Decorations] CAPPING events from decorations provider vscode.git 4836
2025-04-26 04:10:11.828 [warning] [Decorations] CAPPING events from decorations provider vscode.git 4836
2025-04-26 04:10:17.153 [warning] [Decorations] CAPPING events from decorations provider vscode.git 4836
2025-04-26 04:10:22.340 [warning] [Decorations] CAPPING events from decorations provider vscode.git 4836
2025-04-26 04:10:27.524 [warning] [Decorations] CAPPING events from decorations provider vscode.git 4836
2025-04-26 04:10:36.835 [warning] [Decorations] CAPPING events from decorations provider vscode.git 4836
2025-04-26 04:10:42.004 [warning] [Decorations] CAPPING events from decorations provider vscode.git 4836
2025-04-26 04:10:47.184 [warning] [Decorations] CAPPING events from decorations provider vscode.git 4836
2025-04-26 04:10:52.369 [warning] [Decorations] CAPPING events from decorations provider vscode.git 4836
2025-04-26 04:11:14.004 [warning] [Decorations] CAPPING events from decorations provider vscode.git 4836
2025-04-26 04:40:04.720 [info] Extension host terminating: renderer disconnected for too long (2)
2025-04-26 04:40:04.720 [info] Lock '/home/student/.vscode-server/data/User/workspaceStorage/255174b9c84437907369f27ac92b5bdb/vscode.lock': Marking the lockfile as scheduled to be released in 6000 ms.
2025-04-26 04:40:04.759 [error] Canceled: Canceled
	at new HR (file:///home/student/.vscode-server/cli/servers/Stable-17baf841131aa23349f217ca7c570c76ee87b957/server/out/vs/workbench/api/node/extensionHostProcess.js:29:156308)
	at i4.U (file:///home/student/.vscode-server/cli/servers/Stable-17baf841131aa23349f217ca7c570c76ee87b957/server/out/vs/workbench/api/node/extensionHostProcess.js:29:160919)
	at s.<computed>.n.charCodeAt.s.<computed> (file:///home/student/.vscode-server/cli/servers/Stable-17baf841131aa23349f217ca7c570c76ee87b957/server/out/vs/workbench/api/node/extensionHostProcess.js:29:158413)
	at vw.g (file:///home/student/.vscode-server/cli/servers/Stable-17baf841131aa23349f217ca7c570c76ee87b957/server/out/vs/workbench/api/node/extensionHostProcess.js:111:40983)
	at vw.executeCommand (file:///home/student/.vscode-server/cli/servers/Stable-17baf841131aa23349f217ca7c570c76ee87b957/server/out/vs/workbench/api/node/extensionHostProcess.js:111:40487)
	at r.registerCommand.description (file:///home/student/.vscode-server/cli/servers/Stable-17baf841131aa23349f217ca7c570c76ee87b957/server/out/vs/workbench/api/node/extensionHostProcess.js:111:39817)
	at vw.h (file:///home/student/.vscode-server/cli/servers/Stable-17baf841131aa23349f217ca7c570c76ee87b957/server/out/vs/workbench/api/node/extensionHostProcess.js:111:41503)
	at vw.g (file:///home/student/.vscode-server/cli/servers/Stable-17baf841131aa23349f217ca7c570c76ee87b957/server/out/vs/workbench/api/node/extensionHostProcess.js:111:40580)
	at vw.executeCommand (file:///home/student/.vscode-server/cli/servers/Stable-17baf841131aa23349f217ca7c570c76ee87b957/server/out/vs/workbench/api/node/extensionHostProcess.js:111:40487)
	at Object.executeCommand (file:///home/student/.vscode-server/cli/servers/Stable-17baf841131aa23349f217ca7c570c76ee87b957/server/out/vs/workbench/api/node/extensionHostProcess.js:173:30346)
	at Ah.L [as value] (/home/student/.vscode-server/cli/servers/Stable-17baf841131aa23349f217ca7c570c76ee87b957/server/extensions/git/dist/main.js:2:511809)
	at P.B (file:///home/student/.vscode-server/cli/servers/Stable-17baf841131aa23349f217ca7c570c76ee87b957/server/out/vs/workbench/api/node/extensionHostProcess.js:27:2375)
	at P.C (file:///home/student/.vscode-server/cli/servers/Stable-17baf841131aa23349f217ca7c570c76ee87b957/server/out/vs/workbench/api/node/extensionHostProcess.js:27:2445)
	at P.fire (file:///home/student/.vscode-server/cli/servers/Stable-17baf841131aa23349f217ca7c570c76ee87b957/server/out/vs/workbench/api/node/extensionHostProcess.js:27:2662)
	at Object.g [as dispose] (/home/student/.vscode-server/cli/servers/Stable-17baf841131aa23349f217ca7c570c76ee87b957/server/extensions/git/dist/main.js:2:534449)
	at /home/student/.vscode-server/cli/servers/Stable-17baf841131aa23349f217ca7c570c76ee87b957/server/extensions/git/dist/main.js:2:540767
	at Array.forEach (<anonymous>)
	at b.dispose (/home/student/.vscode-server/cli/servers/Stable-17baf841131aa23349f217ca7c570c76ee87b957/server/extensions/git/dist/main.js:2:540753)
	at iv.<anonymous> (file:///home/student/.vscode-server/cli/servers/Stable-17baf841131aa23349f217ca7c570c76ee87b957/server/out/vs/workbench/api/node/extensionHostProcess.js:107:8922)
	at iv.dispose (file:///home/student/.vscode-server/cli/servers/Stable-17baf841131aa23349f217ca7c570c76ee87b957/server/out/vs/workbench/api/node/extensionHostProcess.js:107:9018)
	at iv.<anonymous> (/home/student/.vscode-server/cli/servers/Stable-17baf841131aa23349f217ca7c570c76ee87b957/server/extensions/git/dist/main.js:2:514293)
	at iv.dispose (file:///home/student/.vscode-server/cli/servers/Stable-17baf841131aa23349f217ca7c570c76ee87b957/server/out/vs/workbench/api/node/extensionHostProcess.js:107:9018)
	at pi (file:///home/student/.vscode-server/cli/servers/Stable-17baf841131aa23349f217ca7c570c76ee87b957/server/out/vs/workbench/api/node/extensionHostProcess.js:25:701)
	at file:///home/student/.vscode-server/cli/servers/Stable-17baf841131aa23349f217ca7c570c76ee87b957/server/out/vs/workbench/api/node/extensionHostProcess.js:115:14994
	at file:///home/student/.vscode-server/cli/servers/Stable-17baf841131aa23349f217ca7c570c76ee87b957/server/out/vs/workbench/api/node/extensionHostProcess.js:25:1011
	at Object.dispose (file:///home/student/.vscode-server/cli/servers/Stable-17baf841131aa23349f217ca7c570c76ee87b957/server/out/vs/workbench/api/node/extensionHostProcess.js:8:705)
	at vV.eb (file:///home/student/.vscode-server/cli/servers/Stable-17baf841131aa23349f217ca7c570c76ee87b957/server/out/vs/workbench/api/node/extensionHostProcess.js:115:11921)
	at file:///home/student/.vscode-server/cli/servers/Stable-17baf841131aa23349f217ca7c570c76ee87b957/server/out/vs/workbench/api/node/extensionHostProcess.js:115:9876
	at Array.map (<anonymous>)
	at vV.$ (file:///home/student/.vscode-server/cli/servers/Stable-17baf841131aa23349f217ca7c570c76ee87b957/server/out/vs/workbench/api/node/extensionHostProcess.js:115:9864)
	at vV.terminate (file:///home/student/.vscode-server/cli/servers/Stable-17baf841131aa23349f217ca7c570c76ee87b957/server/out/vs/workbench/api/node/extensionHostProcess.js:115:10107)
	at oP.terminate (file:///home/student/.vscode-server/cli/servers/Stable-17baf841131aa23349f217ca7c570c76ee87b957/server/out/vs/workbench/api/node/extensionHostProcess.js:116:1434)
	at es (file:///home/student/.vscode-server/cli/servers/Stable-17baf841131aa23349f217ca7c570c76ee87b957/server/out/vs/workbench/api/node/extensionHostProcess.js:197:5701)
	at s6.a (file:///home/student/.vscode-server/cli/servers/Stable-17baf841131aa23349f217ca7c570c76ee87b957/server/out/vs/workbench/api/node/extensionHostProcess.js:197:2614)
	at s6.h (file:///home/student/.vscode-server/cli/servers/Stable-17baf841131aa23349f217ca7c570c76ee87b957/server/out/vs/workbench/api/node/extensionHostProcess.js:28:75468)
	at listOnTimeout (node:internal/timers:581:17)
	at process.processTimers (node:internal/timers:519:7) setContext undefined
2025-04-26 04:40:04.760 [error] Canceled: Canceled
	at new HR (file:///home/student/.vscode-server/cli/servers/Stable-17baf841131aa23349f217ca7c570c76ee87b957/server/out/vs/workbench/api/node/extensionHostProcess.js:29:156308)
	at i4.U (file:///home/student/.vscode-server/cli/servers/Stable-17baf841131aa23349f217ca7c570c76ee87b957/server/out/vs/workbench/api/node/extensionHostProcess.js:29:160919)
	at s.<computed>.n.charCodeAt.s.<computed> (file:///home/student/.vscode-server/cli/servers/Stable-17baf841131aa23349f217ca7c570c76ee87b957/server/out/vs/workbench/api/node/extensionHostProcess.js:29:158413)
	at vw.g (file:///home/student/.vscode-server/cli/servers/Stable-17baf841131aa23349f217ca7c570c76ee87b957/server/out/vs/workbench/api/node/extensionHostProcess.js:111:40983)
	at vw.executeCommand (file:///home/student/.vscode-server/cli/servers/Stable-17baf841131aa23349f217ca7c570c76ee87b957/server/out/vs/workbench/api/node/extensionHostProcess.js:111:40487)
	at r.registerCommand.description (file:///home/student/.vscode-server/cli/servers/Stable-17baf841131aa23349f217ca7c570c76ee87b957/server/out/vs/workbench/api/node/extensionHostProcess.js:111:39817)
	at vw.h (file:///home/student/.vscode-server/cli/servers/Stable-17baf841131aa23349f217ca7c570c76ee87b957/server/out/vs/workbench/api/node/extensionHostProcess.js:111:41503)
	at vw.g (file:///home/student/.vscode-server/cli/servers/Stable-17baf841131aa23349f217ca7c570c76ee87b957/server/out/vs/workbench/api/node/extensionHostProcess.js:111:40580)
	at vw.executeCommand (file:///home/student/.vscode-server/cli/servers/Stable-17baf841131aa23349f217ca7c570c76ee87b957/server/out/vs/workbench/api/node/extensionHostProcess.js:111:40487)
	at Object.executeCommand (file:///home/student/.vscode-server/cli/servers/Stable-17baf841131aa23349f217ca7c570c76ee87b957/server/out/vs/workbench/api/node/extensionHostProcess.js:173:30346)
	at set hasGitHubRepositories [as hasGitHubRepositories] (/home/student/.vscode-server/cli/servers/Stable-17baf841131aa23349f217ca7c570c76ee87b957/server/extensions/github/dist/extension.js:2:217805)
	at /home/student/.vscode-server/cli/servers/Stable-17baf841131aa23349f217ca7c570c76ee87b957/server/extensions/github/dist/extension.js:2:218764
	at Ah.value (/home/student/.vscode-server/cli/servers/Stable-17baf841131aa23349f217ca7c570c76ee87b957/server/extensions/git/dist/main.js:2:631688)
	at P.B (file:///home/student/.vscode-server/cli/servers/Stable-17baf841131aa23349f217ca7c570c76ee87b957/server/out/vs/workbench/api/node/extensionHostProcess.js:27:2375)
	at P.C (file:///home/student/.vscode-server/cli/servers/Stable-17baf841131aa23349f217ca7c570c76ee87b957/server/out/vs/workbench/api/node/extensionHostProcess.js:27:2445)
	at P.fire (file:///home/student/.vscode-server/cli/servers/Stable-17baf841131aa23349f217ca7c570c76ee87b957/server/out/vs/workbench/api/node/extensionHostProcess.js:27:2662)
	at Object.g [as dispose] (/home/student/.vscode-server/cli/servers/Stable-17baf841131aa23349f217ca7c570c76ee87b957/server/extensions/git/dist/main.js:2:534449)
	at /home/student/.vscode-server/cli/servers/Stable-17baf841131aa23349f217ca7c570c76ee87b957/server/extensions/git/dist/main.js:2:540767
	at Array.forEach (<anonymous>)
	at b.dispose (/home/student/.vscode-server/cli/servers/Stable-17baf841131aa23349f217ca7c570c76ee87b957/server/extensions/git/dist/main.js:2:540753)
	at iv.<anonymous> (file:///home/student/.vscode-server/cli/servers/Stable-17baf841131aa23349f217ca7c570c76ee87b957/server/out/vs/workbench/api/node/extensionHostProcess.js:107:8922)
	at iv.dispose (file:///home/student/.vscode-server/cli/servers/Stable-17baf841131aa23349f217ca7c570c76ee87b957/server/out/vs/workbench/api/node/extensionHostProcess.js:107:9018)
	at iv.<anonymous> (/home/student/.vscode-server/cli/servers/Stable-17baf841131aa23349f217ca7c570c76ee87b957/server/extensions/git/dist/main.js:2:514293)
	at iv.dispose (file:///home/student/.vscode-server/cli/servers/Stable-17baf841131aa23349f217ca7c570c76ee87b957/server/out/vs/workbench/api/node/extensionHostProcess.js:107:9018)
	at pi (file:///home/student/.vscode-server/cli/servers/Stable-17baf841131aa23349f217ca7c570c76ee87b957/server/out/vs/workbench/api/node/extensionHostProcess.js:25:701)
	at file:///home/student/.vscode-server/cli/servers/Stable-17baf841131aa23349f217ca7c570c76ee87b957/server/out/vs/workbench/api/node/extensionHostProcess.js:115:14994
	at file:///home/student/.vscode-server/cli/servers/Stable-17baf841131aa23349f217ca7c570c76ee87b957/server/out/vs/workbench/api/node/extensionHostProcess.js:25:1011
	at Object.dispose (file:///home/student/.vscode-server/cli/servers/Stable-17baf841131aa23349f217ca7c570c76ee87b957/server/out/vs/workbench/api/node/extensionHostProcess.js:8:705)
	at vV.eb (file:///home/student/.vscode-server/cli/servers/Stable-17baf841131aa23349f217ca7c570c76ee87b957/server/out/vs/workbench/api/node/extensionHostProcess.js:115:11921)
	at file:///home/student/.vscode-server/cli/servers/Stable-17baf841131aa23349f217ca7c570c76ee87b957/server/out/vs/workbench/api/node/extensionHostProcess.js:115:9876
	at Array.map (<anonymous>)
	at vV.$ (file:///home/student/.vscode-server/cli/servers/Stable-17baf841131aa23349f217ca7c570c76ee87b957/server/out/vs/workbench/api/node/extensionHostProcess.js:115:9864)
	at vV.terminate (file:///home/student/.vscode-server/cli/servers/Stable-17baf841131aa23349f217ca7c570c76ee87b957/server/out/vs/workbench/api/node/extensionHostProcess.js:115:10107)
	at oP.terminate (file:///home/student/.vscode-server/cli/servers/Stable-17baf841131aa23349f217ca7c570c76ee87b957/server/out/vs/workbench/api/node/extensionHostProcess.js:116:1434)
	at es (file:///home/student/.vscode-server/cli/servers/Stable-17baf841131aa23349f217ca7c570c76ee87b957/server/out/vs/workbench/api/node/extensionHostProcess.js:197:5701)
	at s6.a (file:///home/student/.vscode-server/cli/servers/Stable-17baf841131aa23349f217ca7c570c76ee87b957/server/out/vs/workbench/api/node/extensionHostProcess.js:197:2614)
	at s6.h (file:///home/student/.vscode-server/cli/servers/Stable-17baf841131aa23349f217ca7c570c76ee87b957/server/out/vs/workbench/api/node/extensionHostProcess.js:28:75468)
	at listOnTimeout (node:internal/timers:581:17)
	at process.processTimers (node:internal/timers:519:7) setContext undefined
2025-04-26 04:40:04.763 [info] Extension host with pid 1353 exiting with code 0
