2025-04-01 03:56:06.881 [info] [main] Log level: Info
2025-04-01 03:56:06.881 [info] [main] Validating found git in: "git"
2025-04-01 03:56:06.881 [info] [main] Using git "2.34.1" from "git"
2025-04-01 03:56:06.881 [info] [Model][doInitialScan] Initial repository scan started
2025-04-01 03:56:06.881 [info] > git rev-parse --show-toplevel [36ms]
2025-04-01 03:56:06.881 [info] > git rev-parse --git-dir --git-common-dir [1ms]
2025-04-01 03:56:06.881 [info] [Model][openRepository] Opened repository: /home/student
2025-04-01 03:56:06.881 [info] > git rev-parse --show-toplevel [6ms]
2025-04-01 03:56:06.881 [info] > git config --get commit.template [10ms]
2025-04-01 03:56:06.881 [info] > git rev-parse --show-toplevel [4ms]
2025-04-01 03:56:06.881 [info] > git rev-parse --show-toplevel [2ms]
2025-04-01 03:56:06.881 [info] > git rev-parse --show-toplevel [1ms]
2025-04-01 03:56:06.881 [info] [Model][doInitialScan] Initial repository scan completed - repositories (1), closed repositories (0), parent repositories (0), unsafe repositories (0)
2025-04-01 03:56:06.881 [info] > git for-each-ref --format=%(refname)%00%(upstream:short)%00%(objectname)%00%(upstream:track)%00%(upstream:remotename)%00%(upstream:remoteref) refs/heads/main refs/remotes/main [33ms]
2025-04-01 03:56:06.890 [info] > git for-each-ref --sort -committerdate --format %(refname) %(objectname) %(*objectname) [1ms]
2025-04-01 03:56:07.149 [info] > git status -z -uall [264ms]
2025-04-01 03:56:07.306 [info] > git for-each-ref --format=%(refname)%00%(upstream:short)%00%(objectname)%00%(upstream:track)%00%(upstream:remotename)%00%(upstream:remoteref) refs/heads/main refs/remotes/main [44ms]
2025-04-01 03:56:07.311 [info] > git config --get commit.template [6ms]
2025-04-01 03:56:07.311 [info] > git config --get --local branch.main.vscode-merge-base [2ms]
2025-04-01 03:56:07.311 [warning] [Git][config] git config failed: Failed to execute git
2025-04-01 03:56:07.318 [info] > git for-each-ref --format=%(refname)%00%(upstream:short)%00%(objectname)%00%(upstream:track)%00%(upstream:remotename)%00%(upstream:remoteref) refs/heads/main refs/remotes/main [1ms]
2025-04-01 03:56:07.335 [info] > git for-each-ref --sort -committerdate --format %(refname) %(objectname) %(*objectname) [11ms]
2025-04-01 03:56:07.337 [info] > git reflog main --grep-reflog=branch: Created from *. [23ms]
2025-04-01 03:56:07.344 [info] > git symbolic-ref --short refs/remotes/origin/HEAD [5ms]
2025-04-01 03:56:07.344 [info] fatal: ref refs/remotes/origin/HEAD is not a symbolic ref
2025-04-01 03:56:07.344 [warning] [Repository][getDefaultBranch] Failed to get default branch details: Failed to execute git.
2025-04-01 03:56:07.348 [info] > git merge-base refs/heads/main refs/remotes/origin/main [1ms]
2025-04-01 03:56:07.352 [info] > git diff --name-status -z --diff-filter=ADMR fbff9e7c0918edefe0c9d8113148152a03c59012...refs/remotes/origin/main [1ms]
2025-04-01 03:56:07.390 [info] > git status -z -uall [69ms]
2025-04-01 03:56:07.421 [info] > git check-ignore -v -z --stdin [9ms]
2025-04-01 03:56:09.444 [info] > git config --get commit.template [4ms]
2025-04-01 03:56:09.445 [info] > git for-each-ref --format=%(refname)%00%(upstream:short)%00%(objectname)%00%(upstream:track)%00%(upstream:remotename)%00%(upstream:remoteref) refs/heads/main refs/remotes/main [2ms]
2025-04-01 03:56:09.452 [info] > git for-each-ref --sort -committerdate --format %(refname) %(objectname) %(*objectname) [2ms]
2025-04-01 03:56:09.502 [info] > git status -z -uall [54ms]
2025-04-01 04:00:40.352 [info] > git config --get commit.template [3ms]
2025-04-01 04:00:40.353 [info] > git for-each-ref --format=%(refname)%00%(upstream:short)%00%(objectname)%00%(upstream:track)%00%(upstream:remotename)%00%(upstream:remoteref) refs/heads/main refs/remotes/main [2ms]
2025-04-01 04:00:40.369 [info] > git for-each-ref --sort -committerdate --format %(refname) %(objectname) %(*objectname) [9ms]
2025-04-01 04:00:40.418 [info] > git status -z -uall [61ms]
2025-04-01 04:00:45.436 [info] > git config --get commit.template [3ms]
2025-04-01 04:00:45.436 [info] > git for-each-ref --format=%(refname)%00%(upstream:short)%00%(objectname)%00%(upstream:track)%00%(upstream:remotename)%00%(upstream:remoteref) refs/heads/main refs/remotes/main [1ms]
2025-04-01 04:00:45.454 [info] > git for-each-ref --sort -committerdate --format %(refname) %(objectname) %(*objectname) [8ms]
2025-04-01 04:00:45.505 [info] > git status -z -uall [64ms]
2025-04-01 04:00:50.520 [info] > git config --get commit.template [3ms]
2025-04-01 04:00:50.521 [info] > git for-each-ref --format=%(refname)%00%(upstream:short)%00%(objectname)%00%(upstream:track)%00%(upstream:remotename)%00%(upstream:remoteref) refs/heads/main refs/remotes/main [1ms]
2025-04-01 04:00:50.528 [info] > git for-each-ref --sort -committerdate --format %(refname) %(objectname) %(*objectname) [2ms]
2025-04-01 04:00:50.578 [info] > git status -z -uall [55ms]
2025-04-01 04:00:55.591 [info] > git config --get commit.template [3ms]
2025-04-01 04:00:55.592 [info] > git for-each-ref --format=%(refname)%00%(upstream:short)%00%(objectname)%00%(upstream:track)%00%(upstream:remotename)%00%(upstream:remoteref) refs/heads/main refs/remotes/main [1ms]
2025-04-01 04:00:55.599 [info] > git for-each-ref --sort -committerdate --format %(refname) %(objectname) %(*objectname) [2ms]
2025-04-01 04:00:55.654 [info] > git status -z -uall [59ms]
2025-04-01 04:01:00.668 [info] > git config --get commit.template [3ms]
2025-04-01 04:01:00.669 [info] > git for-each-ref --format=%(refname)%00%(upstream:short)%00%(objectname)%00%(upstream:track)%00%(upstream:remotename)%00%(upstream:remoteref) refs/heads/main refs/remotes/main [1ms]
2025-04-01 04:01:00.679 [info] > git for-each-ref --sort -committerdate --format %(refname) %(objectname) %(*objectname) [6ms]
2025-04-01 04:01:00.728 [info] > git status -z -uall [57ms]
2025-04-01 04:01:05.742 [info] > git config --get commit.template [3ms]
2025-04-01 04:01:05.743 [info] > git for-each-ref --format=%(refname)%00%(upstream:short)%00%(objectname)%00%(upstream:track)%00%(upstream:remotename)%00%(upstream:remoteref) refs/heads/main refs/remotes/main [2ms]
2025-04-01 04:01:05.750 [info] > git for-each-ref --sort -committerdate --format %(refname) %(objectname) %(*objectname) [2ms]
2025-04-01 04:01:05.800 [info] > git status -z -uall [54ms]
2025-04-01 04:01:10.814 [info] > git config --get commit.template [3ms]
2025-04-01 04:01:10.816 [info] > git for-each-ref --format=%(refname)%00%(upstream:short)%00%(objectname)%00%(upstream:track)%00%(upstream:remotename)%00%(upstream:remoteref) refs/heads/main refs/remotes/main [2ms]
2025-04-01 04:01:10.831 [info] > git for-each-ref --sort -committerdate --format %(refname) %(objectname) %(*objectname) [10ms]
2025-04-01 04:01:10.881 [info] > git status -z -uall [62ms]
2025-04-01 04:01:15.183 [info] > git check-ignore -v -z --stdin [4ms]
2025-04-01 04:01:15.896 [info] > git config --get commit.template [3ms]
2025-04-01 04:01:15.897 [info] > git for-each-ref --format=%(refname)%00%(upstream:short)%00%(objectname)%00%(upstream:track)%00%(upstream:remotename)%00%(upstream:remoteref) refs/heads/main refs/remotes/main [2ms]
2025-04-01 04:01:15.904 [info] > git for-each-ref --sort -committerdate --format %(refname) %(objectname) %(*objectname) [1ms]
2025-04-01 04:01:15.953 [info] > git status -z -uall [54ms]
2025-04-01 04:01:20.966 [info] > git config --get commit.template [4ms]
2025-04-01 04:01:20.967 [info] > git for-each-ref --format=%(refname)%00%(upstream:short)%00%(objectname)%00%(upstream:track)%00%(upstream:remotename)%00%(upstream:remoteref) refs/heads/main refs/remotes/main [2ms]
2025-04-01 04:01:20.975 [info] > git for-each-ref --sort -committerdate --format %(refname) %(objectname) %(*objectname) [3ms]
2025-04-01 04:01:21.028 [info] > git status -z -uall [58ms]
2025-04-01 04:01:26.042 [info] > git config --get commit.template [4ms]
2025-04-01 04:01:26.043 [info] > git for-each-ref --format=%(refname)%00%(upstream:short)%00%(objectname)%00%(upstream:track)%00%(upstream:remotename)%00%(upstream:remoteref) refs/heads/main refs/remotes/main [2ms]
2025-04-01 04:01:26.059 [info] > git for-each-ref --sort -committerdate --format %(refname) %(objectname) %(*objectname) [12ms]
2025-04-01 04:01:26.117 [info] > git status -z -uall [72ms]
2025-04-01 04:01:31.137 [info] > git config --get commit.template [2ms]
2025-04-01 04:01:31.138 [info] > git for-each-ref --format=%(refname)%00%(upstream:short)%00%(objectname)%00%(upstream:track)%00%(upstream:remotename)%00%(upstream:remoteref) refs/heads/main refs/remotes/main [1ms]
2025-04-01 04:01:31.154 [info] > git for-each-ref --sort -committerdate --format %(refname) %(objectname) %(*objectname) [9ms]
2025-04-01 04:01:31.196 [info] > git status -z -uall [55ms]
2025-04-01 04:01:36.210 [info] > git config --get commit.template [3ms]
2025-04-01 04:01:36.211 [info] > git for-each-ref --format=%(refname)%00%(upstream:short)%00%(objectname)%00%(upstream:track)%00%(upstream:remotename)%00%(upstream:remoteref) refs/heads/main refs/remotes/main [2ms]
2025-04-01 04:01:36.218 [info] > git for-each-ref --sort -committerdate --format %(refname) %(objectname) %(*objectname) [2ms]
2025-04-01 04:01:36.279 [info] > git status -z -uall [66ms]
2025-04-01 04:01:41.291 [info] > git config --get commit.template [3ms]
2025-04-01 04:01:41.292 [info] > git for-each-ref --format=%(refname)%00%(upstream:short)%00%(objectname)%00%(upstream:track)%00%(upstream:remotename)%00%(upstream:remoteref) refs/heads/main refs/remotes/main [2ms]
2025-04-01 04:01:41.303 [info] > git for-each-ref --sort -committerdate --format %(refname) %(objectname) %(*objectname) [5ms]
2025-04-01 04:01:41.374 [info] > git status -z -uall [79ms]
2025-04-01 04:01:46.388 [info] > git config --get commit.template [4ms]
2025-04-01 04:01:46.389 [info] > git for-each-ref --format=%(refname)%00%(upstream:short)%00%(objectname)%00%(upstream:track)%00%(upstream:remotename)%00%(upstream:remoteref) refs/heads/main refs/remotes/main [1ms]
2025-04-01 04:01:46.396 [info] > git for-each-ref --sort -committerdate --format %(refname) %(objectname) %(*objectname) [2ms]
2025-04-01 04:01:46.446 [info] > git status -z -uall [55ms]
2025-04-01 04:01:51.458 [info] > git config --get commit.template [3ms]
2025-04-01 04:01:51.459 [info] > git for-each-ref --format=%(refname)%00%(upstream:short)%00%(objectname)%00%(upstream:track)%00%(upstream:remotename)%00%(upstream:remoteref) refs/heads/main refs/remotes/main [1ms]
2025-04-01 04:01:51.468 [info] > git for-each-ref --sort -committerdate --format %(refname) %(objectname) %(*objectname) [2ms]
2025-04-01 04:01:51.518 [info] > git status -z -uall [55ms]
2025-04-01 04:01:56.531 [info] > git config --get commit.template [3ms]
2025-04-01 04:01:56.533 [info] > git for-each-ref --format=%(refname)%00%(upstream:short)%00%(objectname)%00%(upstream:track)%00%(upstream:remotename)%00%(upstream:remoteref) refs/heads/main refs/remotes/main [3ms]
2025-04-01 04:01:56.541 [info] > git for-each-ref --sort -committerdate --format %(refname) %(objectname) %(*objectname) [2ms]
2025-04-01 04:01:56.591 [info] > git status -z -uall [55ms]
2025-04-01 04:02:01.605 [info] > git config --get commit.template [3ms]
2025-04-01 04:02:01.606 [info] > git for-each-ref --format=%(refname)%00%(upstream:short)%00%(objectname)%00%(upstream:track)%00%(upstream:remotename)%00%(upstream:remoteref) refs/heads/main refs/remotes/main [1ms]
2025-04-01 04:02:01.614 [info] > git for-each-ref --sort -committerdate --format %(refname) %(objectname) %(*objectname) [2ms]
2025-04-01 04:02:01.667 [info] > git status -z -uall [58ms]
2025-04-01 04:02:06.682 [info] > git config --get commit.template [6ms]
2025-04-01 04:02:06.682 [info] > git for-each-ref --format=%(refname)%00%(upstream:short)%00%(objectname)%00%(upstream:track)%00%(upstream:remotename)%00%(upstream:remoteref) refs/heads/main refs/remotes/main [3ms]
2025-04-01 04:02:06.696 [info] > git for-each-ref --sort -committerdate --format %(refname) %(objectname) %(*objectname) [7ms]
2025-04-01 04:02:06.744 [info] > git status -z -uall [59ms]
2025-04-01 04:02:11.759 [info] > git config --get commit.template [5ms]
2025-04-01 04:02:11.759 [info] > git for-each-ref --format=%(refname)%00%(upstream:short)%00%(objectname)%00%(upstream:track)%00%(upstream:remotename)%00%(upstream:remoteref) refs/heads/main refs/remotes/main [1ms]
2025-04-01 04:02:11.770 [info] > git for-each-ref --sort -committerdate --format %(refname) %(objectname) %(*objectname) [1ms]
2025-04-01 04:02:11.832 [info] > git status -z -uall [70ms]
2025-04-01 04:02:16.845 [info] > git config --get commit.template [3ms]
2025-04-01 04:02:16.851 [info] > git for-each-ref --format=%(refname)%00%(upstream:short)%00%(objectname)%00%(upstream:track)%00%(upstream:remotename)%00%(upstream:remoteref) refs/heads/main refs/remotes/main [3ms]
2025-04-01 04:02:16.858 [info] > git for-each-ref --sort -committerdate --format %(refname) %(objectname) %(*objectname) [2ms]
2025-04-01 04:02:16.913 [info] > git status -z -uall [58ms]
2025-04-01 04:02:21.924 [info] > git config --get commit.template [3ms]
2025-04-01 04:02:21.926 [info] > git for-each-ref --format=%(refname)%00%(upstream:short)%00%(objectname)%00%(upstream:track)%00%(upstream:remotename)%00%(upstream:remoteref) refs/heads/main refs/remotes/main [3ms]
2025-04-01 04:02:21.940 [info] > git for-each-ref --sort -committerdate --format %(refname) %(objectname) %(*objectname) [9ms]
2025-04-01 04:02:21.983 [info] > git status -z -uall [54ms]
2025-04-01 04:02:26.996 [info] > git config --get commit.template [4ms]
2025-04-01 04:02:26.997 [info] > git for-each-ref --format=%(refname)%00%(upstream:short)%00%(objectname)%00%(upstream:track)%00%(upstream:remotename)%00%(upstream:remoteref) refs/heads/main refs/remotes/main [2ms]
2025-04-01 04:02:27.009 [info] > git for-each-ref --sort -committerdate --format %(refname) %(objectname) %(*objectname) [7ms]
2025-04-01 04:02:27.056 [info] > git status -z -uall [56ms]
2025-04-01 04:02:32.072 [info] > git config --get commit.template [5ms]
2025-04-01 04:02:32.072 [info] > git for-each-ref --format=%(refname)%00%(upstream:short)%00%(objectname)%00%(upstream:track)%00%(upstream:remotename)%00%(upstream:remoteref) refs/heads/main refs/remotes/main [2ms]
2025-04-01 04:02:32.080 [info] > git for-each-ref --sort -committerdate --format %(refname) %(objectname) %(*objectname) [1ms]
2025-04-01 04:02:32.130 [info] > git status -z -uall [55ms]
2025-04-01 04:02:37.141 [info] > git config --get commit.template [3ms]
2025-04-01 04:02:37.142 [info] > git for-each-ref --format=%(refname)%00%(upstream:short)%00%(objectname)%00%(upstream:track)%00%(upstream:remotename)%00%(upstream:remoteref) refs/heads/main refs/remotes/main [1ms]
2025-04-01 04:02:37.150 [info] > git for-each-ref --sort -committerdate --format %(refname) %(objectname) %(*objectname) [2ms]
2025-04-01 04:02:37.202 [info] > git status -z -uall [57ms]
2025-04-01 04:02:42.214 [info] > git config --get commit.template [3ms]
2025-04-01 04:02:42.215 [info] > git for-each-ref --format=%(refname)%00%(upstream:short)%00%(objectname)%00%(upstream:track)%00%(upstream:remotename)%00%(upstream:remoteref) refs/heads/main refs/remotes/main [2ms]
2025-04-01 04:02:42.222 [info] > git for-each-ref --sort -committerdate --format %(refname) %(objectname) %(*objectname) [1ms]
2025-04-01 04:02:42.272 [info] > git status -z -uall [55ms]
2025-04-01 04:02:47.283 [info] > git config --get commit.template [3ms]
2025-04-01 04:02:47.284 [info] > git for-each-ref --format=%(refname)%00%(upstream:short)%00%(objectname)%00%(upstream:track)%00%(upstream:remotename)%00%(upstream:remoteref) refs/heads/main refs/remotes/main [2ms]
2025-04-01 04:02:47.300 [info] > git for-each-ref --sort -committerdate --format %(refname) %(objectname) %(*objectname) [9ms]
2025-04-01 04:02:47.344 [info] > git status -z -uall [57ms]
2025-04-01 04:02:52.354 [info] > git config --get commit.template [2ms]
2025-04-01 04:02:52.357 [info] > git for-each-ref --format=%(refname)%00%(upstream:short)%00%(objectname)%00%(upstream:track)%00%(upstream:remotename)%00%(upstream:remoteref) refs/heads/main refs/remotes/main [1ms]
2025-04-01 04:02:52.364 [info] > git for-each-ref --sort -committerdate --format %(refname) %(objectname) %(*objectname) [2ms]
2025-04-01 04:02:52.416 [info] > git status -z -uall [56ms]
2025-04-01 04:02:57.430 [info] > git config --get commit.template [3ms]
2025-04-01 04:02:57.431 [info] > git for-each-ref --format=%(refname)%00%(upstream:short)%00%(objectname)%00%(upstream:track)%00%(upstream:remotename)%00%(upstream:remoteref) refs/heads/main refs/remotes/main [1ms]
2025-04-01 04:02:57.438 [info] > git for-each-ref --sort -committerdate --format %(refname) %(objectname) %(*objectname) [2ms]
2025-04-01 04:02:57.490 [info] > git status -z -uall [56ms]
2025-04-01 04:03:02.505 [info] > git config --get commit.template [4ms]
2025-04-01 04:03:02.509 [info] > git for-each-ref --format=%(refname)%00%(upstream:short)%00%(objectname)%00%(upstream:track)%00%(upstream:remotename)%00%(upstream:remoteref) refs/heads/main refs/remotes/main [2ms]
2025-04-01 04:03:02.516 [info] > git for-each-ref --sort -committerdate --format %(refname) %(objectname) %(*objectname) [2ms]
2025-04-01 04:03:02.572 [info] > git status -z -uall [61ms]
2025-04-01 04:03:07.583 [info] > git config --get commit.template [3ms]
2025-04-01 04:03:07.584 [info] > git for-each-ref --format=%(refname)%00%(upstream:short)%00%(objectname)%00%(upstream:track)%00%(upstream:remotename)%00%(upstream:remoteref) refs/heads/main refs/remotes/main [2ms]
2025-04-01 04:03:07.590 [info] > git for-each-ref --sort -committerdate --format %(refname) %(objectname) %(*objectname) [2ms]
2025-04-01 04:03:07.641 [info] > git status -z -uall [55ms]
2025-04-01 04:03:12.653 [info] > git config --get commit.template [3ms]
2025-04-01 04:03:12.654 [info] > git for-each-ref --format=%(refname)%00%(upstream:short)%00%(objectname)%00%(upstream:track)%00%(upstream:remotename)%00%(upstream:remoteref) refs/heads/main refs/remotes/main [1ms]
2025-04-01 04:03:12.661 [info] > git for-each-ref --sort -committerdate --format %(refname) %(objectname) %(*objectname) [2ms]
2025-04-01 04:03:12.712 [info] > git status -z -uall [55ms]
2025-04-01 04:03:17.724 [info] > git config --get commit.template [3ms]
2025-04-01 04:03:17.725 [info] > git for-each-ref --format=%(refname)%00%(upstream:short)%00%(objectname)%00%(upstream:track)%00%(upstream:remotename)%00%(upstream:remoteref) refs/heads/main refs/remotes/main [2ms]
2025-04-01 04:03:17.732 [info] > git for-each-ref --sort -committerdate --format %(refname) %(objectname) %(*objectname) [2ms]
2025-04-01 04:03:17.787 [info] > git status -z -uall [59ms]
2025-04-01 04:03:22.801 [info] > git config --get commit.template [4ms]
2025-04-01 04:03:22.802 [info] > git for-each-ref --format=%(refname)%00%(upstream:short)%00%(objectname)%00%(upstream:track)%00%(upstream:remotename)%00%(upstream:remoteref) refs/heads/main refs/remotes/main [2ms]
2025-04-01 04:03:22.817 [info] > git for-each-ref --sort -committerdate --format %(refname) %(objectname) %(*objectname) [10ms]
2025-04-01 04:03:22.860 [info] > git status -z -uall [55ms]
2025-04-01 04:03:27.871 [info] > git config --get commit.template [1ms]
2025-04-01 04:03:27.874 [info] > git for-each-ref --format=%(refname)%00%(upstream:short)%00%(objectname)%00%(upstream:track)%00%(upstream:remotename)%00%(upstream:remoteref) refs/heads/main refs/remotes/main [1ms]
2025-04-01 04:03:27.883 [info] > git for-each-ref --sort -committerdate --format %(refname) %(objectname) %(*objectname) [4ms]
2025-04-01 04:03:27.931 [info] > git status -z -uall [54ms]
2025-04-01 04:03:32.944 [info] > git config --get commit.template [3ms]
2025-04-01 04:03:32.945 [info] > git for-each-ref --format=%(refname)%00%(upstream:short)%00%(objectname)%00%(upstream:track)%00%(upstream:remotename)%00%(upstream:remoteref) refs/heads/main refs/remotes/main [1ms]
2025-04-01 04:03:32.951 [info] > git for-each-ref --sort -committerdate --format %(refname) %(objectname) %(*objectname) [2ms]
2025-04-01 04:03:33.007 [info] > git status -z -uall [60ms]
2025-04-01 04:03:38.021 [info] > git config --get commit.template [3ms]
2025-04-01 04:03:38.022 [info] > git for-each-ref --format=%(refname)%00%(upstream:short)%00%(objectname)%00%(upstream:track)%00%(upstream:remotename)%00%(upstream:remoteref) refs/heads/main refs/remotes/main [2ms]
2025-04-01 04:03:38.031 [info] > git for-each-ref --sort -committerdate --format %(refname) %(objectname) %(*objectname) [3ms]
2025-04-01 04:03:38.081 [info] > git status -z -uall [56ms]
2025-04-01 04:03:43.093 [info] > git config --get commit.template [4ms]
2025-04-01 04:03:43.094 [info] > git for-each-ref --format=%(refname)%00%(upstream:short)%00%(objectname)%00%(upstream:track)%00%(upstream:remotename)%00%(upstream:remoteref) refs/heads/main refs/remotes/main [2ms]
2025-04-01 04:03:43.101 [info] > git for-each-ref --sort -committerdate --format %(refname) %(objectname) %(*objectname) [2ms]
2025-04-01 04:03:43.152 [info] > git status -z -uall [55ms]
2025-04-01 04:03:48.165 [info] > git config --get commit.template [3ms]
2025-04-01 04:03:48.166 [info] > git for-each-ref --format=%(refname)%00%(upstream:short)%00%(objectname)%00%(upstream:track)%00%(upstream:remotename)%00%(upstream:remoteref) refs/heads/main refs/remotes/main [2ms]
2025-04-01 04:03:48.178 [info] > git for-each-ref --sort -committerdate --format %(refname) %(objectname) %(*objectname) [7ms]
2025-04-01 04:03:48.223 [info] > git status -z -uall [54ms]
2025-04-01 04:03:53.234 [info] > git config --get commit.template [3ms]
2025-04-01 04:03:53.235 [info] > git for-each-ref --format=%(refname)%00%(upstream:short)%00%(objectname)%00%(upstream:track)%00%(upstream:remotename)%00%(upstream:remoteref) refs/heads/main refs/remotes/main [2ms]
2025-04-01 04:03:53.241 [info] > git for-each-ref --sort -committerdate --format %(refname) %(objectname) %(*objectname) [2ms]
2025-04-01 04:03:53.296 [info] > git status -z -uall [59ms]
2025-04-01 04:03:58.307 [info] > git config --get commit.template [1ms]
2025-04-01 04:03:58.310 [info] > git for-each-ref --format=%(refname)%00%(upstream:short)%00%(objectname)%00%(upstream:track)%00%(upstream:remotename)%00%(upstream:remoteref) refs/heads/main refs/remotes/main [1ms]
2025-04-01 04:03:58.325 [info] > git for-each-ref --sort -committerdate --format %(refname) %(objectname) %(*objectname) [10ms]
2025-04-01 04:03:58.372 [info] > git status -z -uall [59ms]
2025-04-01 04:04:03.385 [info] > git config --get commit.template [3ms]
2025-04-01 04:04:03.387 [info] > git for-each-ref --format=%(refname)%00%(upstream:short)%00%(objectname)%00%(upstream:track)%00%(upstream:remotename)%00%(upstream:remoteref) refs/heads/main refs/remotes/main [2ms]
2025-04-01 04:04:03.393 [info] > git for-each-ref --sort -committerdate --format %(refname) %(objectname) %(*objectname) [1ms]
2025-04-01 04:04:03.443 [info] > git status -z -uall [54ms]
2025-04-01 04:04:08.454 [info] > git config --get commit.template [2ms]
2025-04-01 04:04:08.456 [info] > git for-each-ref --format=%(refname)%00%(upstream:short)%00%(objectname)%00%(upstream:track)%00%(upstream:remotename)%00%(upstream:remoteref) refs/heads/main refs/remotes/main [2ms]
2025-04-01 04:04:08.471 [info] > git for-each-ref --sort -committerdate --format %(refname) %(objectname) %(*objectname) [10ms]
2025-04-01 04:04:08.512 [info] > git status -z -uall [53ms]
2025-04-01 04:04:13.526 [info] > git config --get commit.template [4ms]
2025-04-01 04:04:13.527 [info] > git for-each-ref --format=%(refname)%00%(upstream:short)%00%(objectname)%00%(upstream:track)%00%(upstream:remotename)%00%(upstream:remoteref) refs/heads/main refs/remotes/main [2ms]
2025-04-01 04:04:13.534 [info] > git for-each-ref --sort -committerdate --format %(refname) %(objectname) %(*objectname) [2ms]
2025-04-01 04:04:13.585 [info] > git status -z -uall [55ms]
2025-04-01 04:04:18.596 [info] > git config --get commit.template [2ms]
2025-04-01 04:04:18.600 [info] > git for-each-ref --format=%(refname)%00%(upstream:short)%00%(objectname)%00%(upstream:track)%00%(upstream:remotename)%00%(upstream:remoteref) refs/heads/main refs/remotes/main [2ms]
2025-04-01 04:04:18.613 [info] > git for-each-ref --sort -committerdate --format %(refname) %(objectname) %(*objectname) [8ms]
2025-04-01 04:04:18.657 [info] > git status -z -uall [55ms]
2025-04-01 04:04:23.670 [info] > git config --get commit.template [4ms]
2025-04-01 04:04:23.671 [info] > git for-each-ref --format=%(refname)%00%(upstream:short)%00%(objectname)%00%(upstream:track)%00%(upstream:remotename)%00%(upstream:remoteref) refs/heads/main refs/remotes/main [2ms]
2025-04-01 04:04:23.682 [info] > git for-each-ref --sort -committerdate --format %(refname) %(objectname) %(*objectname) [7ms]
2025-04-01 04:04:23.731 [info] > git status -z -uall [58ms]
2025-04-01 04:04:28.743 [info] > git config --get commit.template [4ms]
2025-04-01 04:04:28.744 [info] > git for-each-ref --format=%(refname)%00%(upstream:short)%00%(objectname)%00%(upstream:track)%00%(upstream:remotename)%00%(upstream:remoteref) refs/heads/main refs/remotes/main [1ms]
2025-04-01 04:04:28.753 [info] > git for-each-ref --sort -committerdate --format %(refname) %(objectname) %(*objectname) [4ms]
2025-04-01 04:04:28.808 [info] > git status -z -uall [60ms]
2025-04-01 04:04:33.818 [info] > git config --get commit.template [2ms]
2025-04-01 04:04:33.822 [info] > git for-each-ref --format=%(refname)%00%(upstream:short)%00%(objectname)%00%(upstream:track)%00%(upstream:remotename)%00%(upstream:remoteref) refs/heads/main refs/remotes/main [2ms]
2025-04-01 04:04:33.834 [info] > git for-each-ref --sort -committerdate --format %(refname) %(objectname) %(*objectname) [8ms]
2025-04-01 04:04:33.877 [info] > git status -z -uall [53ms]
2025-04-01 04:04:38.890 [info] > git config --get commit.template [4ms]
2025-04-01 04:04:38.891 [info] > git for-each-ref --format=%(refname)%00%(upstream:short)%00%(objectname)%00%(upstream:track)%00%(upstream:remotename)%00%(upstream:remoteref) refs/heads/main refs/remotes/main [1ms]
2025-04-01 04:04:38.906 [info] > git for-each-ref --sort -committerdate --format %(refname) %(objectname) %(*objectname) [10ms]
2025-04-01 04:04:38.953 [info] > git status -z -uall [59ms]
2025-04-01 04:04:43.963 [info] > git config --get commit.template [2ms]
2025-04-01 04:04:43.967 [info] > git for-each-ref --format=%(refname)%00%(upstream:short)%00%(objectname)%00%(upstream:track)%00%(upstream:remotename)%00%(upstream:remoteref) refs/heads/main refs/remotes/main [2ms]
2025-04-01 04:04:43.974 [info] > git for-each-ref --sort -committerdate --format %(refname) %(objectname) %(*objectname) [2ms]
2025-04-01 04:04:44.024 [info] > git status -z -uall [53ms]
2025-04-01 04:04:49.036 [info] > git config --get commit.template [3ms]
2025-04-01 04:04:49.037 [info] > git for-each-ref --format=%(refname)%00%(upstream:short)%00%(objectname)%00%(upstream:track)%00%(upstream:remotename)%00%(upstream:remoteref) refs/heads/main refs/remotes/main [1ms]
2025-04-01 04:04:49.045 [info] > git for-each-ref --sort -committerdate --format %(refname) %(objectname) %(*objectname) [3ms]
2025-04-01 04:04:49.094 [info] > git status -z -uall [54ms]
2025-04-01 04:04:54.105 [info] > git config --get commit.template [3ms]
2025-04-01 04:04:54.107 [info] > git for-each-ref --format=%(refname)%00%(upstream:short)%00%(objectname)%00%(upstream:track)%00%(upstream:remotename)%00%(upstream:remoteref) refs/heads/main refs/remotes/main [1ms]
2025-04-01 04:04:54.114 [info] > git for-each-ref --sort -committerdate --format %(refname) %(objectname) %(*objectname) [2ms]
2025-04-01 04:04:54.174 [info] > git status -z -uall [64ms]
2025-04-01 04:04:59.187 [info] > git config --get commit.template [3ms]
2025-04-01 04:04:59.190 [info] > git for-each-ref --format=%(refname)%00%(upstream:short)%00%(objectname)%00%(upstream:track)%00%(upstream:remotename)%00%(upstream:remoteref) refs/heads/main refs/remotes/main [2ms]
2025-04-01 04:04:59.197 [info] > git for-each-ref --sort -committerdate --format %(refname) %(objectname) %(*objectname) [1ms]
2025-04-01 04:04:59.250 [info] > git status -z -uall [58ms]
2025-04-01 04:05:04.262 [info] > git config --get commit.template [3ms]
2025-04-01 04:05:04.263 [info] > git for-each-ref --format=%(refname)%00%(upstream:short)%00%(objectname)%00%(upstream:track)%00%(upstream:remotename)%00%(upstream:remoteref) refs/heads/main refs/remotes/main [1ms]
2025-04-01 04:05:04.275 [info] > git for-each-ref --sort -committerdate --format %(refname) %(objectname) %(*objectname) [7ms]
2025-04-01 04:05:04.320 [info] > git status -z -uall [54ms]
2025-04-01 04:05:09.331 [info] > git config --get commit.template [3ms]
2025-04-01 04:05:09.332 [info] > git for-each-ref --format=%(refname)%00%(upstream:short)%00%(objectname)%00%(upstream:track)%00%(upstream:remotename)%00%(upstream:remoteref) refs/heads/main refs/remotes/main [2ms]
2025-04-01 04:05:09.340 [info] > git for-each-ref --sort -committerdate --format %(refname) %(objectname) %(*objectname) [4ms]
2025-04-01 04:05:09.387 [info] > git status -z -uall [53ms]
2025-04-01 04:05:14.402 [info] > git config --get commit.template [3ms]
2025-04-01 04:05:14.403 [info] > git for-each-ref --format=%(refname)%00%(upstream:short)%00%(objectname)%00%(upstream:track)%00%(upstream:remotename)%00%(upstream:remoteref) refs/heads/main refs/remotes/main [2ms]
2025-04-01 04:05:14.409 [info] > git for-each-ref --sort -committerdate --format %(refname) %(objectname) %(*objectname) [2ms]
2025-04-01 04:05:14.458 [info] > git status -z -uall [53ms]
2025-04-01 04:05:19.471 [info] > git config --get commit.template [4ms]
2025-04-01 04:05:19.472 [info] > git for-each-ref --format=%(refname)%00%(upstream:short)%00%(objectname)%00%(upstream:track)%00%(upstream:remotename)%00%(upstream:remoteref) refs/heads/main refs/remotes/main [2ms]
2025-04-01 04:05:19.478 [info] > git for-each-ref --sort -committerdate --format %(refname) %(objectname) %(*objectname) [2ms]
2025-04-01 04:05:19.529 [info] > git status -z -uall [55ms]
2025-04-01 04:05:24.543 [info] > git config --get commit.template [4ms]
2025-04-01 04:05:24.543 [info] > git for-each-ref --format=%(refname)%00%(upstream:short)%00%(objectname)%00%(upstream:track)%00%(upstream:remotename)%00%(upstream:remoteref) refs/heads/main refs/remotes/main [1ms]
2025-04-01 04:05:24.558 [info] > git for-each-ref --sort -committerdate --format %(refname) %(objectname) %(*objectname) [9ms]
2025-04-01 04:05:24.602 [info] > git status -z -uall [56ms]
2025-04-01 04:05:29.617 [info] > git config --get commit.template [4ms]
2025-04-01 04:05:29.618 [info] > git for-each-ref --format=%(refname)%00%(upstream:short)%00%(objectname)%00%(upstream:track)%00%(upstream:remotename)%00%(upstream:remoteref) refs/heads/main refs/remotes/main [2ms]
2025-04-01 04:05:29.633 [info] > git for-each-ref --sort -committerdate --format %(refname) %(objectname) %(*objectname) [10ms]
2025-04-01 04:05:29.675 [info] > git status -z -uall [55ms]
2025-04-01 04:05:34.686 [info] > git config --get commit.template [3ms]
2025-04-01 04:05:34.687 [info] > git for-each-ref --format=%(refname)%00%(upstream:short)%00%(objectname)%00%(upstream:track)%00%(upstream:remotename)%00%(upstream:remoteref) refs/heads/main refs/remotes/main [1ms]
2025-04-01 04:05:34.701 [info] > git for-each-ref --sort -committerdate --format %(refname) %(objectname) %(*objectname) [9ms]
2025-04-01 04:05:34.744 [info] > git status -z -uall [54ms]
2025-04-01 04:05:39.756 [info] > git config --get commit.template [4ms]
2025-04-01 04:05:39.758 [info] > git for-each-ref --format=%(refname)%00%(upstream:short)%00%(objectname)%00%(upstream:track)%00%(upstream:remotename)%00%(upstream:remoteref) refs/heads/main refs/remotes/main [3ms]
2025-04-01 04:05:39.769 [info] > git for-each-ref --sort -committerdate --format %(refname) %(objectname) %(*objectname) [6ms]
2025-04-01 04:05:39.815 [info] > git status -z -uall [55ms]
2025-04-01 04:05:44.829 [info] > git config --get commit.template [3ms]
2025-04-01 04:05:44.831 [info] > git for-each-ref --format=%(refname)%00%(upstream:short)%00%(objectname)%00%(upstream:track)%00%(upstream:remotename)%00%(upstream:remoteref) refs/heads/main refs/remotes/main [2ms]
2025-04-01 04:05:44.842 [info] > git for-each-ref --sort -committerdate --format %(refname) %(objectname) %(*objectname) [6ms]
2025-04-01 04:05:44.889 [info] > git status -z -uall [56ms]
2025-04-01 04:05:49.903 [info] > git config --get commit.template [4ms]
2025-04-01 04:05:49.903 [info] > git for-each-ref --format=%(refname)%00%(upstream:short)%00%(objectname)%00%(upstream:track)%00%(upstream:remotename)%00%(upstream:remoteref) refs/heads/main refs/remotes/main [1ms]
2025-04-01 04:05:49.918 [info] > git for-each-ref --sort -committerdate --format %(refname) %(objectname) %(*objectname) [10ms]
2025-04-01 04:05:49.959 [info] > git status -z -uall [53ms]
2025-04-01 04:05:54.969 [info] > git config --get commit.template [2ms]
2025-04-01 04:05:54.970 [info] > git for-each-ref --format=%(refname)%00%(upstream:short)%00%(objectname)%00%(upstream:track)%00%(upstream:remotename)%00%(upstream:remoteref) refs/heads/main refs/remotes/main [1ms]
2025-04-01 04:05:54.978 [info] > git for-each-ref --sort -committerdate --format %(refname) %(objectname) %(*objectname) [2ms]
2025-04-01 04:05:55.035 [info] > git status -z -uall [61ms]
2025-04-01 04:06:00.047 [info] > git config --get commit.template [3ms]
2025-04-01 04:06:00.048 [info] > git for-each-ref --format=%(refname)%00%(upstream:short)%00%(objectname)%00%(upstream:track)%00%(upstream:remotename)%00%(upstream:remoteref) refs/heads/main refs/remotes/main [1ms]
2025-04-01 04:06:00.055 [info] > git for-each-ref --sort -committerdate --format %(refname) %(objectname) %(*objectname) [2ms]
2025-04-01 04:06:00.110 [info] > git status -z -uall [59ms]
2025-04-01 04:06:05.120 [info] > git config --get commit.template [3ms]
2025-04-01 04:06:05.121 [info] > git for-each-ref --format=%(refname)%00%(upstream:short)%00%(objectname)%00%(upstream:track)%00%(upstream:remotename)%00%(upstream:remoteref) refs/heads/main refs/remotes/main [2ms]
2025-04-01 04:06:05.127 [info] > git for-each-ref --sort -committerdate --format %(refname) %(objectname) %(*objectname) [1ms]
2025-04-01 04:06:05.179 [info] > git status -z -uall [56ms]
2025-04-01 04:06:10.190 [info] > git config --get commit.template [3ms]
2025-04-01 04:06:10.191 [info] > git for-each-ref --format=%(refname)%00%(upstream:short)%00%(objectname)%00%(upstream:track)%00%(upstream:remotename)%00%(upstream:remoteref) refs/heads/main refs/remotes/main [1ms]
2025-04-01 04:06:10.199 [info] > git for-each-ref --sort -committerdate --format %(refname) %(objectname) %(*objectname) [3ms]
2025-04-01 04:06:10.249 [info] > git status -z -uall [55ms]
2025-04-01 04:06:15.262 [info] > git config --get commit.template [4ms]
2025-04-01 04:06:15.263 [info] > git for-each-ref --format=%(refname)%00%(upstream:short)%00%(objectname)%00%(upstream:track)%00%(upstream:remotename)%00%(upstream:remoteref) refs/heads/main refs/remotes/main [2ms]
2025-04-01 04:06:15.271 [info] > git for-each-ref --sort -committerdate --format %(refname) %(objectname) %(*objectname) [2ms]
2025-04-01 04:06:15.327 [info] > git status -z -uall [61ms]
2025-04-01 04:06:20.338 [info] > git config --get commit.template [3ms]
2025-04-01 04:06:20.340 [info] > git for-each-ref --format=%(refname)%00%(upstream:short)%00%(objectname)%00%(upstream:track)%00%(upstream:remotename)%00%(upstream:remoteref) refs/heads/main refs/remotes/main [2ms]
2025-04-01 04:06:20.346 [info] > git for-each-ref --sort -committerdate --format %(refname) %(objectname) %(*objectname) [2ms]
2025-04-01 04:06:20.397 [info] > git status -z -uall [55ms]
2025-04-01 04:06:25.409 [info] > git config --get commit.template [3ms]
2025-04-01 04:06:25.410 [info] > git for-each-ref --format=%(refname)%00%(upstream:short)%00%(objectname)%00%(upstream:track)%00%(upstream:remotename)%00%(upstream:remoteref) refs/heads/main refs/remotes/main [2ms]
2025-04-01 04:06:25.421 [info] > git for-each-ref --sort -committerdate --format %(refname) %(objectname) %(*objectname) [6ms]
2025-04-01 04:06:25.469 [info] > git status -z -uall [56ms]
2025-04-01 04:06:30.480 [info] > git config --get commit.template [3ms]
2025-04-01 04:06:30.481 [info] > git for-each-ref --format=%(refname)%00%(upstream:short)%00%(objectname)%00%(upstream:track)%00%(upstream:remotename)%00%(upstream:remoteref) refs/heads/main refs/remotes/main [1ms]
2025-04-01 04:06:30.488 [info] > git for-each-ref --sort -committerdate --format %(refname) %(objectname) %(*objectname) [2ms]
2025-04-01 04:06:30.538 [info] > git status -z -uall [54ms]
2025-04-01 04:06:35.550 [info] > git config --get commit.template [3ms]
2025-04-01 04:06:35.550 [info] > git for-each-ref --format=%(refname)%00%(upstream:short)%00%(objectname)%00%(upstream:track)%00%(upstream:remotename)%00%(upstream:remoteref) refs/heads/main refs/remotes/main [1ms]
2025-04-01 04:06:35.558 [info] > git for-each-ref --sort -committerdate --format %(refname) %(objectname) %(*objectname) [2ms]
2025-04-01 04:06:35.610 [info] > git status -z -uall [57ms]
2025-04-01 04:06:40.621 [info] > git config --get commit.template [3ms]
2025-04-01 04:06:40.623 [info] > git for-each-ref --format=%(refname)%00%(upstream:short)%00%(objectname)%00%(upstream:track)%00%(upstream:remotename)%00%(upstream:remoteref) refs/heads/main refs/remotes/main [2ms]
2025-04-01 04:06:40.630 [info] > git for-each-ref --sort -committerdate --format %(refname) %(objectname) %(*objectname) [2ms]
2025-04-01 04:06:40.680 [info] > git status -z -uall [54ms]
2025-04-01 04:06:45.692 [info] > git config --get commit.template [3ms]
2025-04-01 04:06:45.692 [info] > git for-each-ref --format=%(refname)%00%(upstream:short)%00%(objectname)%00%(upstream:track)%00%(upstream:remotename)%00%(upstream:remoteref) refs/heads/main refs/remotes/main [1ms]
2025-04-01 04:06:45.706 [info] > git for-each-ref --sort -committerdate --format %(refname) %(objectname) %(*objectname) [9ms]
2025-04-01 04:06:45.748 [info] > git status -z -uall [53ms]
2025-04-01 04:06:50.762 [info] > git config --get commit.template [4ms]
2025-04-01 04:06:50.762 [info] > git for-each-ref --format=%(refname)%00%(upstream:short)%00%(objectname)%00%(upstream:track)%00%(upstream:remotename)%00%(upstream:remoteref) refs/heads/main refs/remotes/main [2ms]
2025-04-01 04:06:50.775 [info] > git for-each-ref --sort -committerdate --format %(refname) %(objectname) %(*objectname) [6ms]
2025-04-01 04:06:50.820 [info] > git status -z -uall [55ms]
2025-04-01 04:06:55.833 [info] > git config --get commit.template [3ms]
2025-04-01 04:06:55.834 [info] > git for-each-ref --format=%(refname)%00%(upstream:short)%00%(objectname)%00%(upstream:track)%00%(upstream:remotename)%00%(upstream:remoteref) refs/heads/main refs/remotes/main [1ms]
2025-04-01 04:06:55.851 [info] > git for-each-ref --sort -committerdate --format %(refname) %(objectname) %(*objectname) [11ms]
2025-04-01 04:06:55.902 [info] > git status -z -uall [65ms]
2025-04-01 04:07:00.914 [info] > git config --get commit.template [3ms]
2025-04-01 04:07:00.915 [info] > git for-each-ref --format=%(refname)%00%(upstream:short)%00%(objectname)%00%(upstream:track)%00%(upstream:remotename)%00%(upstream:remoteref) refs/heads/main refs/remotes/main [2ms]
2025-04-01 04:07:00.928 [info] > git for-each-ref --sort -committerdate --format %(refname) %(objectname) %(*objectname) [9ms]
2025-04-01 04:07:00.976 [info] > git status -z -uall [59ms]
2025-04-01 04:07:05.989 [info] > git config --get commit.template [4ms]
2025-04-01 04:07:05.989 [info] > git for-each-ref --format=%(refname)%00%(upstream:short)%00%(objectname)%00%(upstream:track)%00%(upstream:remotename)%00%(upstream:remoteref) refs/heads/main refs/remotes/main [2ms]
2025-04-01 04:07:06.004 [info] > git for-each-ref --sort -committerdate --format %(refname) %(objectname) %(*objectname) [1ms]
2025-04-01 04:07:06.048 [info] > git status -z -uall [56ms]
2025-04-01 04:09:26.130 [info] > git config --get commit.template [3ms]
2025-04-01 04:09:26.131 [info] > git for-each-ref --format=%(refname)%00%(upstream:short)%00%(objectname)%00%(upstream:track)%00%(upstream:remotename)%00%(upstream:remoteref) refs/heads/main refs/remotes/main [2ms]
2025-04-01 04:09:26.137 [info] > git for-each-ref --sort -committerdate --format %(refname) %(objectname) %(*objectname) [2ms]
2025-04-01 04:09:26.187 [info] > git status -z -uall [54ms]
2025-04-01 04:11:38.230 [info] > git config --get commit.template [3ms]
2025-04-01 04:11:38.231 [info] > git for-each-ref --format=%(refname)%00%(upstream:short)%00%(objectname)%00%(upstream:track)%00%(upstream:remotename)%00%(upstream:remoteref) refs/heads/main refs/remotes/main [2ms]
2025-04-01 04:11:38.237 [info] > git for-each-ref --sort -committerdate --format %(refname) %(objectname) %(*objectname) [2ms]
2025-04-01 04:11:38.291 [info] > git status -z -uall [58ms]
2025-04-01 04:11:44.267 [info] > git config --get commit.template [3ms]
2025-04-01 04:11:44.268 [info] > git for-each-ref --format=%(refname)%00%(upstream:short)%00%(objectname)%00%(upstream:track)%00%(upstream:remotename)%00%(upstream:remoteref) refs/heads/main refs/remotes/main [2ms]
2025-04-01 04:11:44.282 [info] > git for-each-ref --sort -committerdate --format %(refname) %(objectname) %(*objectname) [9ms]
2025-04-01 04:11:44.328 [info] > git status -z -uall [57ms]
2025-04-01 04:11:49.340 [info] > git config --get commit.template [2ms]
2025-04-01 04:11:49.342 [info] > git for-each-ref --format=%(refname)%00%(upstream:short)%00%(objectname)%00%(upstream:track)%00%(upstream:remotename)%00%(upstream:remoteref) refs/heads/main refs/remotes/main [2ms]
2025-04-01 04:11:49.348 [info] > git for-each-ref --sort -committerdate --format %(refname) %(objectname) %(*objectname) [1ms]
2025-04-01 04:11:49.397 [info] > git status -z -uall [53ms]
2025-04-01 04:11:54.408 [info] > git config --get commit.template [3ms]
2025-04-01 04:11:54.409 [info] > git for-each-ref --format=%(refname)%00%(upstream:short)%00%(objectname)%00%(upstream:track)%00%(upstream:remotename)%00%(upstream:remoteref) refs/heads/main refs/remotes/main [1ms]
2025-04-01 04:11:54.418 [info] > git for-each-ref --sort -committerdate --format %(refname) %(objectname) %(*objectname) [4ms]
2025-04-01 04:11:54.466 [info] > git status -z -uall [55ms]
2025-04-01 04:12:03.620 [info] > git config --get commit.template [2ms]
2025-04-01 04:12:03.621 [info] > git for-each-ref --format=%(refname)%00%(upstream:short)%00%(objectname)%00%(upstream:track)%00%(upstream:remotename)%00%(upstream:remoteref) refs/heads/main refs/remotes/main [1ms]
2025-04-01 04:12:03.641 [info] > git for-each-ref --sort -committerdate --format %(refname) %(objectname) %(*objectname) [11ms]
2025-04-01 04:12:03.681 [info] > git status -z -uall [56ms]
2025-04-01 04:12:08.695 [info] > git config --get commit.template [3ms]
2025-04-01 04:12:08.696 [info] > git for-each-ref --format=%(refname)%00%(upstream:short)%00%(objectname)%00%(upstream:track)%00%(upstream:remotename)%00%(upstream:remoteref) refs/heads/main refs/remotes/main [1ms]
2025-04-01 04:12:08.713 [info] > git for-each-ref --sort -committerdate --format %(refname) %(objectname) %(*objectname) [10ms]
2025-04-01 04:12:08.755 [info] > git status -z -uall [56ms]
2025-04-01 04:12:13.769 [info] > git config --get commit.template [4ms]
2025-04-01 04:12:13.770 [info] > git for-each-ref --format=%(refname)%00%(upstream:short)%00%(objectname)%00%(upstream:track)%00%(upstream:remotename)%00%(upstream:remoteref) refs/heads/main refs/remotes/main [2ms]
2025-04-01 04:12:13.776 [info] > git for-each-ref --sort -committerdate --format %(refname) %(objectname) %(*objectname) [1ms]
2025-04-01 04:12:13.832 [info] > git status -z -uall [60ms]
2025-04-01 04:12:20.867 [info] > git config --get commit.template [4ms]
2025-04-01 04:12:20.868 [info] > git for-each-ref --format=%(refname)%00%(upstream:short)%00%(objectname)%00%(upstream:track)%00%(upstream:remotename)%00%(upstream:remoteref) refs/heads/main refs/remotes/main [2ms]
2025-04-01 04:12:20.877 [info] > git for-each-ref --sort -committerdate --format %(refname) %(objectname) %(*objectname) [5ms]
2025-04-01 04:12:20.934 [info] > git status -z -uall [64ms]
2025-04-01 04:12:25.946 [info] > git config --get commit.template [3ms]
2025-04-01 04:12:25.946 [info] > git for-each-ref --format=%(refname)%00%(upstream:short)%00%(objectname)%00%(upstream:track)%00%(upstream:remotename)%00%(upstream:remoteref) refs/heads/main refs/remotes/main [1ms]
2025-04-01 04:12:25.959 [info] > git for-each-ref --sort -committerdate --format %(refname) %(objectname) %(*objectname) [8ms]
2025-04-01 04:12:26.004 [info] > git status -z -uall [55ms]
2025-04-01 04:12:31.018 [info] > git config --get commit.template [4ms]
2025-04-01 04:12:31.019 [info] > git for-each-ref --format=%(refname)%00%(upstream:short)%00%(objectname)%00%(upstream:track)%00%(upstream:remotename)%00%(upstream:remoteref) refs/heads/main refs/remotes/main [2ms]
2025-04-01 04:12:31.035 [info] > git for-each-ref --sort -committerdate --format %(refname) %(objectname) %(*objectname) [9ms]
2025-04-01 04:12:31.079 [info] > git status -z -uall [57ms]
2025-04-01 04:12:36.092 [info] > git config --get commit.template [4ms]
2025-04-01 04:12:36.093 [info] > git for-each-ref --format=%(refname)%00%(upstream:short)%00%(objectname)%00%(upstream:track)%00%(upstream:remotename)%00%(upstream:remoteref) refs/heads/main refs/remotes/main [1ms]
2025-04-01 04:12:36.107 [info] > git for-each-ref --sort -committerdate --format %(refname) %(objectname) %(*objectname) [9ms]
2025-04-01 04:12:36.151 [info] > git status -z -uall [56ms]
2025-04-01 04:12:41.164 [info] > git config --get commit.template [4ms]
2025-04-01 04:12:41.164 [info] > git for-each-ref --format=%(refname)%00%(upstream:short)%00%(objectname)%00%(upstream:track)%00%(upstream:remotename)%00%(upstream:remoteref) refs/heads/main refs/remotes/main [1ms]
2025-04-01 04:12:41.180 [info] > git for-each-ref --sort -committerdate --format %(refname) %(objectname) %(*objectname) [11ms]
2025-04-01 04:12:41.222 [info] > git status -z -uall [55ms]
2025-04-01 04:16:46.267 [info] > git config --get commit.template [4ms]
2025-04-01 04:16:46.268 [info] > git for-each-ref --format=%(refname)%00%(upstream:short)%00%(objectname)%00%(upstream:track)%00%(upstream:remotename)%00%(upstream:remoteref) refs/heads/main refs/remotes/main [2ms]
2025-04-01 04:16:46.276 [info] > git for-each-ref --sort -committerdate --format %(refname) %(objectname) %(*objectname) [4ms]
2025-04-01 04:16:46.328 [info] > git status -z -uall [58ms]
2025-04-01 04:16:51.341 [info] > git config --get commit.template [2ms]
2025-04-01 04:16:51.342 [info] > git for-each-ref --format=%(refname)%00%(upstream:short)%00%(objectname)%00%(upstream:track)%00%(upstream:remotename)%00%(upstream:remoteref) refs/heads/main refs/remotes/main [2ms]
2025-04-01 04:16:51.352 [info] > git for-each-ref --sort -committerdate --format %(refname) %(objectname) %(*objectname) [6ms]
2025-04-01 04:16:51.397 [info] > git status -z -uall [53ms]
2025-04-01 04:16:56.408 [info] > git config --get commit.template [3ms]
2025-04-01 04:16:56.409 [info] > git for-each-ref --format=%(refname)%00%(upstream:short)%00%(objectname)%00%(upstream:track)%00%(upstream:remotename)%00%(upstream:remoteref) refs/heads/main refs/remotes/main [2ms]
2025-04-01 04:16:56.415 [info] > git for-each-ref --sort -committerdate --format %(refname) %(objectname) %(*objectname) [2ms]
2025-04-01 04:16:56.470 [info] > git status -z -uall [59ms]
2025-04-01 04:17:01.483 [info] > git config --get commit.template [3ms]
2025-04-01 04:17:01.485 [info] > git for-each-ref --format=%(refname)%00%(upstream:short)%00%(objectname)%00%(upstream:track)%00%(upstream:remotename)%00%(upstream:remoteref) refs/heads/main refs/remotes/main [2ms]
2025-04-01 04:17:01.493 [info] > git for-each-ref --sort -committerdate --format %(refname) %(objectname) %(*objectname) [2ms]
2025-04-01 04:17:01.549 [info] > git status -z -uall [61ms]
2025-04-01 04:17:06.563 [info] > git config --get commit.template [3ms]
2025-04-01 04:17:06.564 [info] > git for-each-ref --format=%(refname)%00%(upstream:short)%00%(objectname)%00%(upstream:track)%00%(upstream:remotename)%00%(upstream:remoteref) refs/heads/main refs/remotes/main [2ms]
2025-04-01 04:17:06.570 [info] > git for-each-ref --sort -committerdate --format %(refname) %(objectname) %(*objectname) [1ms]
2025-04-01 04:17:06.620 [info] > git status -z -uall [54ms]
2025-04-01 04:18:04.789 [info] > git config --get commit.template [3ms]
2025-04-01 04:18:04.790 [info] > git for-each-ref --format=%(refname)%00%(upstream:short)%00%(objectname)%00%(upstream:track)%00%(upstream:remotename)%00%(upstream:remoteref) refs/heads/main refs/remotes/main [1ms]
2025-04-01 04:18:04.797 [info] > git for-each-ref --sort -committerdate --format %(refname) %(objectname) %(*objectname) [2ms]
2025-04-01 04:18:04.845 [info] > git status -z -uall [52ms]
2025-04-01 04:18:11.712 [info] > git config --get commit.template [4ms]
2025-04-01 04:18:11.713 [info] > git for-each-ref --format=%(refname)%00%(upstream:short)%00%(objectname)%00%(upstream:track)%00%(upstream:remotename)%00%(upstream:remoteref) refs/heads/main refs/remotes/main [2ms]
2025-04-01 04:18:11.726 [info] > git for-each-ref --sort -committerdate --format %(refname) %(objectname) %(*objectname) [9ms]
2025-04-01 04:18:11.768 [info] > git status -z -uall [53ms]
2025-04-01 04:18:12.972 [info] > git check-ignore -v -z --stdin [9ms]
2025-04-01 04:18:19.341 [info] > git config --get commit.template [4ms]
2025-04-01 04:18:19.342 [info] > git for-each-ref --format=%(refname)%00%(upstream:short)%00%(objectname)%00%(upstream:track)%00%(upstream:remotename)%00%(upstream:remoteref) refs/heads/main refs/remotes/main [2ms]
2025-04-01 04:18:19.351 [info] > git for-each-ref --sort -committerdate --format %(refname) %(objectname) %(*objectname) [5ms]
2025-04-01 04:18:19.401 [info] > git status -z -uall [57ms]
2025-04-01 04:18:27.323 [info] > git config --get commit.template [3ms]
2025-04-01 04:18:27.324 [info] > git for-each-ref --format=%(refname)%00%(upstream:short)%00%(objectname)%00%(upstream:track)%00%(upstream:remotename)%00%(upstream:remoteref) refs/heads/main refs/remotes/main [2ms]
2025-04-01 04:18:27.331 [info] > git for-each-ref --sort -committerdate --format %(refname) %(objectname) %(*objectname) [3ms]
2025-04-01 04:18:27.384 [info] > git status -z -uall [58ms]
2025-04-01 04:18:33.187 [info] > git config --get commit.template [3ms]
2025-04-01 04:18:33.188 [info] > git for-each-ref --format=%(refname)%00%(upstream:short)%00%(objectname)%00%(upstream:track)%00%(upstream:remotename)%00%(upstream:remoteref) refs/heads/main refs/remotes/main [1ms]
2025-04-01 04:18:33.196 [info] > git for-each-ref --sort -committerdate --format %(refname) %(objectname) %(*objectname) [4ms]
2025-04-01 04:18:33.246 [info] > git status -z -uall [56ms]
2025-04-01 04:18:37.860 [info] > git show --textconv :Engr212_Tsegay_Asmerom/Lab8/08_Iris_data.csv [5ms]
2025-04-01 04:18:37.864 [info] > git ls-files --stage -- Engr212_Tsegay_Asmerom/Lab8/08_Iris_data.csv [5ms]
2025-04-01 04:18:37.870 [info] > git hash-object -t tree /dev/null [4ms]
2025-04-01 04:18:37.871 [warning] [GitFileSystemProvider][readFile] File not found - git:/home/student/Engr212_Tsegay_Asmerom/Lab8/08_Iris_data.csv.git?%7B%22path%22%3A%22%2Fhome%2Fstudent%2FEngr212_Tsegay_Asmerom%2FLab8%2F08_Iris_data.csv%22%2C%22ref%22%3A%22%22%7D
2025-04-01 04:18:37.875 [info] > git hash-object -t tree /dev/null [7ms]
2025-04-01 04:18:37.875 [warning] [GitFileSystemProvider][stat] File not found - git:/home/student/Engr212_Tsegay_Asmerom/Lab8/08_Iris_data.csv.git?%7B%22path%22%3A%22%2Fhome%2Fstudent%2FEngr212_Tsegay_Asmerom%2FLab8%2F08_Iris_data.csv%22%2C%22ref%22%3A%22%22%7D
2025-04-01 04:18:37.901 [info] > git check-ignore -v -z --stdin [4ms]
2025-04-01 04:18:38.259 [info] > git config --get commit.template [3ms]
2025-04-01 04:18:38.260 [info] > git for-each-ref --format=%(refname)%00%(upstream:short)%00%(objectname)%00%(upstream:track)%00%(upstream:remotename)%00%(upstream:remoteref) refs/heads/main refs/remotes/main [2ms]
2025-04-01 04:18:38.267 [info] > git for-each-ref --sort -committerdate --format %(refname) %(objectname) %(*objectname) [2ms]
2025-04-01 04:18:38.321 [info] > git status -z -uall [58ms]
2025-04-01 04:18:43.337 [info] > git config --get commit.template [5ms]
2025-04-01 04:18:43.337 [info] > git for-each-ref --format=%(refname)%00%(upstream:short)%00%(objectname)%00%(upstream:track)%00%(upstream:remotename)%00%(upstream:remoteref) refs/heads/main refs/remotes/main [2ms]
2025-04-01 04:18:43.349 [info] > git for-each-ref --sort -committerdate --format %(refname) %(objectname) %(*objectname) [6ms]
2025-04-01 04:18:43.396 [info] > git status -z -uall [56ms]
2025-04-01 04:21:23.925 [info] > git config --get commit.template [2ms]
2025-04-01 04:21:23.927 [info] > git for-each-ref --format=%(refname)%00%(upstream:short)%00%(objectname)%00%(upstream:track)%00%(upstream:remotename)%00%(upstream:remoteref) refs/heads/main refs/remotes/main [2ms]
2025-04-01 04:21:23.932 [info] > git for-each-ref --sort -committerdate --format %(refname) %(objectname) %(*objectname) [1ms]
2025-04-01 04:21:23.983 [info] > git status -z -uall [54ms]
2025-04-01 04:22:24.312 [info] > git config --get commit.template [1ms]
2025-04-01 04:22:24.316 [info] > git for-each-ref --format=%(refname)%00%(upstream:short)%00%(objectname)%00%(upstream:track)%00%(upstream:remotename)%00%(upstream:remoteref) refs/heads/main refs/remotes/main [1ms]
2025-04-01 04:22:24.328 [info] > git for-each-ref --sort -committerdate --format %(refname) %(objectname) %(*objectname) [3ms]
2025-04-01 04:22:24.375 [info] > git status -z -uall [55ms]
2025-04-01 04:22:42.087 [info] > git config --get commit.template [2ms]
2025-04-01 04:22:42.087 [info] > git for-each-ref --format=%(refname)%00%(upstream:short)%00%(objectname)%00%(upstream:track)%00%(upstream:remotename)%00%(upstream:remoteref) refs/heads/main refs/remotes/main [1ms]
2025-04-01 04:22:42.102 [info] > git for-each-ref --sort -committerdate --format %(refname) %(objectname) %(*objectname) [10ms]
2025-04-01 04:22:42.143 [info] > git status -z -uall [53ms]
2025-04-01 04:22:50.148 [info] > git config --get commit.template [3ms]
2025-04-01 04:22:50.149 [info] > git for-each-ref --format=%(refname)%00%(upstream:short)%00%(objectname)%00%(upstream:track)%00%(upstream:remotename)%00%(upstream:remoteref) refs/heads/main refs/remotes/main [2ms]
2025-04-01 04:22:50.156 [info] > git for-each-ref --sort -committerdate --format %(refname) %(objectname) %(*objectname) [2ms]
2025-04-01 04:22:50.206 [info] > git status -z -uall [55ms]
2025-04-01 04:22:55.220 [info] > git config --get commit.template [4ms]
2025-04-01 04:22:55.221 [info] > git for-each-ref --format=%(refname)%00%(upstream:short)%00%(objectname)%00%(upstream:track)%00%(upstream:remotename)%00%(upstream:remoteref) refs/heads/main refs/remotes/main [2ms]
2025-04-01 04:22:55.233 [info] > git for-each-ref --sort -committerdate --format %(refname) %(objectname) %(*objectname) [7ms]
2025-04-01 04:22:55.282 [info] > git status -z -uall [58ms]
2025-04-01 04:23:02.204 [info] > git config --get commit.template [3ms]
2025-04-01 04:23:02.205 [info] > git for-each-ref --format=%(refname)%00%(upstream:short)%00%(objectname)%00%(upstream:track)%00%(upstream:remotename)%00%(upstream:remoteref) refs/heads/main refs/remotes/main [2ms]
2025-04-01 04:23:02.216 [info] > git for-each-ref --sort -committerdate --format %(refname) %(objectname) %(*objectname) [7ms]
2025-04-01 04:23:02.261 [info] > git status -z -uall [53ms]
2025-04-01 04:23:06.020 [info] > git check-ignore -v -z --stdin [4ms]
2025-04-01 04:23:07.275 [info] > git config --get commit.template [4ms]
2025-04-01 04:23:07.276 [info] > git for-each-ref --format=%(refname)%00%(upstream:short)%00%(objectname)%00%(upstream:track)%00%(upstream:remotename)%00%(upstream:remoteref) refs/heads/main refs/remotes/main [2ms]
2025-04-01 04:23:07.292 [info] > git for-each-ref --sort -committerdate --format %(refname) %(objectname) %(*objectname) [11ms]
2025-04-01 04:23:07.334 [info] > git status -z -uall [55ms]
2025-04-01 04:23:07.968 [info] > git show --textconv :Engr212_Tsegay_Asmerom/Lab8/08_Iris_data.csv [4ms]
2025-04-01 04:23:07.969 [warning] [GitFileSystemProvider][readFile] File not found - git:/home/student/Engr212_Tsegay_Asmerom/Lab8/08_Iris_data.csv.git?%7B%22path%22%3A%22%2Fhome%2Fstudent%2FEngr212_Tsegay_Asmerom%2FLab8%2F08_Iris_data.csv%22%2C%22ref%22%3A%22%22%7D
2025-04-01 04:23:07.971 [info] > git ls-files --stage -- Engr212_Tsegay_Asmerom/Lab8/08_Iris_data.csv [4ms]
2025-04-01 04:23:07.971 [warning] [GitFileSystemProvider][stat] File not found - git:/home/student/Engr212_Tsegay_Asmerom/Lab8/08_Iris_data.csv.git?%7B%22path%22%3A%22%2Fhome%2Fstudent%2FEngr212_Tsegay_Asmerom%2FLab8%2F08_Iris_data.csv%22%2C%22ref%22%3A%22%22%7D
2025-04-01 04:23:34.026 [info] > git config --get commit.template [3ms]
2025-04-01 04:23:34.027 [info] > git for-each-ref --format=%(refname)%00%(upstream:short)%00%(objectname)%00%(upstream:track)%00%(upstream:remotename)%00%(upstream:remoteref) refs/heads/main refs/remotes/main [2ms]
2025-04-01 04:23:34.043 [info] > git for-each-ref --sort -committerdate --format %(refname) %(objectname) %(*objectname) [11ms]
2025-04-01 04:23:34.084 [info] > git status -z -uall [54ms]
2025-04-01 04:23:34.130 [info] > git blame --root --incremental fbff9e7c0918edefe0c9d8113148152a03c59012 -- Engr212_Tsegay_Asmerom/Lab8/08_Iris_data.csv [8ms]
2025-04-01 04:23:34.130 [info] fatal: no such path Engr212_Tsegay_Asmerom/Lab8/08_Iris_data.csv in fbff9e7c0918edefe0c9d8113148152a03c59012
2025-04-01 04:23:42.377 [info] > git config --get commit.template [2ms]
2025-04-01 04:23:42.378 [info] > git for-each-ref --format=%(refname)%00%(upstream:short)%00%(objectname)%00%(upstream:track)%00%(upstream:remotename)%00%(upstream:remoteref) refs/heads/main refs/remotes/main [2ms]
2025-04-01 04:23:42.384 [info] > git for-each-ref --sort -committerdate --format %(refname) %(objectname) %(*objectname) [2ms]
2025-04-01 04:23:42.435 [info] > git status -z -uall [55ms]
2025-04-01 04:23:47.450 [info] > git config --get commit.template [3ms]
2025-04-01 04:23:47.451 [info] > git for-each-ref --format=%(refname)%00%(upstream:short)%00%(objectname)%00%(upstream:track)%00%(upstream:remotename)%00%(upstream:remoteref) refs/heads/main refs/remotes/main [1ms]
2025-04-01 04:23:47.457 [info] > git for-each-ref --sort -committerdate --format %(refname) %(objectname) %(*objectname) [1ms]
2025-04-01 04:23:47.507 [info] > git status -z -uall [53ms]
2025-04-01 04:23:52.519 [info] > git config --get commit.template [3ms]
2025-04-01 04:23:52.520 [info] > git for-each-ref --format=%(refname)%00%(upstream:short)%00%(objectname)%00%(upstream:track)%00%(upstream:remotename)%00%(upstream:remoteref) refs/heads/main refs/remotes/main [1ms]
2025-04-01 04:23:52.529 [info] > git for-each-ref --sort -committerdate --format %(refname) %(objectname) %(*objectname) [3ms]
2025-04-01 04:23:52.582 [info] > git status -z -uall [59ms]
2025-04-01 04:23:57.596 [info] > git config --get commit.template [4ms]
2025-04-01 04:23:57.596 [info] > git for-each-ref --format=%(refname)%00%(upstream:short)%00%(objectname)%00%(upstream:track)%00%(upstream:remotename)%00%(upstream:remoteref) refs/heads/main refs/remotes/main [1ms]
2025-04-01 04:23:57.603 [info] > git for-each-ref --sort -committerdate --format %(refname) %(objectname) %(*objectname) [2ms]
2025-04-01 04:23:57.652 [info] > git status -z -uall [53ms]
2025-04-01 04:24:02.665 [info] > git config --get commit.template [3ms]
2025-04-01 04:24:02.666 [info] > git for-each-ref --format=%(refname)%00%(upstream:short)%00%(objectname)%00%(upstream:track)%00%(upstream:remotename)%00%(upstream:remoteref) refs/heads/main refs/remotes/main [2ms]
2025-04-01 04:24:02.680 [info] > git for-each-ref --sort -committerdate --format %(refname) %(objectname) %(*objectname) [9ms]
2025-04-01 04:24:02.723 [info] > git status -z -uall [55ms]
2025-04-01 04:28:34.965 [info] > git config --get commit.template [4ms]
2025-04-01 04:28:34.966 [info] > git for-each-ref --format=%(refname)%00%(upstream:short)%00%(objectname)%00%(upstream:track)%00%(upstream:remotename)%00%(upstream:remoteref) refs/heads/main refs/remotes/main [2ms]
2025-04-01 04:28:34.972 [info] > git for-each-ref --sort -committerdate --format %(refname) %(objectname) %(*objectname) [2ms]
2025-04-01 04:28:35.021 [info] > git status -z -uall [53ms]
2025-04-01 04:30:40.491 [info] > git config --get commit.template [2ms]
2025-04-01 04:30:40.492 [info] > git for-each-ref --format=%(refname)%00%(upstream:short)%00%(objectname)%00%(upstream:track)%00%(upstream:remotename)%00%(upstream:remoteref) refs/heads/main refs/remotes/main [1ms]
2025-04-01 04:30:40.503 [info] > git for-each-ref --sort -committerdate --format %(refname) %(objectname) %(*objectname) [6ms]
2025-04-01 04:30:40.552 [info] > git status -z -uall [57ms]
2025-04-01 04:30:45.564 [info] > git config --get commit.template [2ms]
2025-04-01 04:30:45.565 [info] > git for-each-ref --format=%(refname)%00%(upstream:short)%00%(objectname)%00%(upstream:track)%00%(upstream:remotename)%00%(upstream:remoteref) refs/heads/main refs/remotes/main [1ms]
2025-04-01 04:30:45.571 [info] > git for-each-ref --sort -committerdate --format %(refname) %(objectname) %(*objectname) [2ms]
2025-04-01 04:30:45.621 [info] > git status -z -uall [54ms]
2025-04-01 04:30:50.632 [info] > git config --get commit.template [3ms]
2025-04-01 04:30:50.633 [info] > git for-each-ref --format=%(refname)%00%(upstream:short)%00%(objectname)%00%(upstream:track)%00%(upstream:remotename)%00%(upstream:remoteref) refs/heads/main refs/remotes/main [2ms]
2025-04-01 04:30:50.639 [info] > git for-each-ref --sort -committerdate --format %(refname) %(objectname) %(*objectname) [2ms]
2025-04-01 04:30:50.691 [info] > git status -z -uall [56ms]
2025-04-01 04:30:55.702 [info] > git config --get commit.template [3ms]
2025-04-01 04:30:55.703 [info] > git for-each-ref --format=%(refname)%00%(upstream:short)%00%(objectname)%00%(upstream:track)%00%(upstream:remotename)%00%(upstream:remoteref) refs/heads/main refs/remotes/main [1ms]
2025-04-01 04:30:55.709 [info] > git for-each-ref --sort -committerdate --format %(refname) %(objectname) %(*objectname) [1ms]
2025-04-01 04:30:55.762 [info] > git status -z -uall [56ms]
2025-04-01 04:31:00.774 [info] > git config --get commit.template [3ms]
2025-04-01 04:31:00.775 [info] > git for-each-ref --format=%(refname)%00%(upstream:short)%00%(objectname)%00%(upstream:track)%00%(upstream:remotename)%00%(upstream:remoteref) refs/heads/main refs/remotes/main [1ms]
2025-04-01 04:31:00.781 [info] > git for-each-ref --sort -committerdate --format %(refname) %(objectname) %(*objectname) [2ms]
2025-04-01 04:31:00.830 [info] > git status -z -uall [53ms]
2025-04-01 04:31:28.043 [info] > git config --get commit.template [3ms]
2025-04-01 04:31:28.044 [info] > git for-each-ref --format=%(refname)%00%(upstream:short)%00%(objectname)%00%(upstream:track)%00%(upstream:remotename)%00%(upstream:remoteref) refs/heads/main refs/remotes/main [2ms]
2025-04-01 04:31:28.052 [info] > git for-each-ref --sort -committerdate --format %(refname) %(objectname) %(*objectname) [4ms]
2025-04-01 04:31:28.108 [info] > git status -z -uall [62ms]
