2025-03-05 21:01:11.492 [info] [main] Log level: Info
2025-03-05 21:01:11.492 [info] [main] Validating found git in: "git"
2025-03-05 21:01:11.492 [info] [main] Using git "2.34.1" from "git"
2025-03-05 21:01:11.492 [info] [Model][doInitialScan] Initial repository scan started
2025-03-05 21:01:11.492 [info] > git rev-parse --show-toplevel [23ms]
2025-03-05 21:01:11.492 [info] > git rev-parse --git-dir --git-common-dir [1ms]
2025-03-05 21:01:11.492 [info] [Model][openRepository] Opened repository: /home/student
2025-03-05 21:01:11.492 [info] > git rev-parse --show-toplevel [4ms]
2025-03-05 21:01:11.492 [info] > git config --get commit.template [6ms]
2025-03-05 21:01:11.492 [info] > git rev-parse --show-toplevel [5ms]
2025-03-05 21:01:11.492 [info] > git rev-parse --show-toplevel [1ms]
2025-03-05 21:01:11.492 [info] > git rev-parse --show-toplevel [1ms]
2025-03-05 21:01:11.492 [info] [Model][doInitialScan] Initial repository scan completed - repositories (1), closed repositories (0), parent repositories (0), unsafe repositories (0)
2025-03-05 21:01:11.492 [info] > git for-each-ref --format=%(refname)%00%(upstream:short)%00%(objectname)%00%(upstream:track)%00%(upstream:remotename)%00%(upstream:remoteref) refs/heads/main refs/remotes/main [36ms]
2025-03-05 21:01:11.492 [info] > git for-each-ref --sort -committerdate --format %(refname) %(objectname) %(*objectname) [1ms]
2025-03-05 21:01:11.492 [info] > git status -z -uall [113ms]
2025-03-05 21:01:11.507 [info] > git for-each-ref --format=%(refname)%00%(upstream:short)%00%(objectname)%00%(upstream:track)%00%(upstream:remotename)%00%(upstream:remoteref) refs/heads/main refs/remotes/main [24ms]
2025-03-05 21:01:11.511 [info] > git config --get commit.template [17ms]
2025-03-05 21:01:11.511 [info] > git config --get --local branch.main.vscode-merge-base [1ms]
2025-03-05 21:01:11.512 [warning] [Git][config] git config failed: Failed to execute git
2025-03-05 21:01:11.517 [info] > git for-each-ref --format=%(refname)%00%(upstream:short)%00%(objectname)%00%(upstream:track)%00%(upstream:remotename)%00%(upstream:remoteref) refs/heads/main refs/remotes/main [1ms]
2025-03-05 21:01:11.528 [info] > git for-each-ref --sort -committerdate --format %(refname) %(objectname) %(*objectname) [5ms]
2025-03-05 21:01:11.542 [info] > git reflog main --grep-reflog=branch: Created from *. [27ms]
2025-03-05 21:01:11.550 [info] > git symbolic-ref --short refs/remotes/origin/HEAD [6ms]
2025-03-05 21:01:11.550 [info] fatal: ref refs/remotes/origin/HEAD is not a symbolic ref
2025-03-05 21:01:11.550 [warning] [Repository][getDefaultBranch] Failed to get default branch details: Failed to execute git.
2025-03-05 21:01:11.555 [info] > git merge-base refs/heads/main refs/remotes/origin/main [1ms]
2025-03-05 21:01:11.558 [info] > git diff --name-status -z --diff-filter=ADMR 7ebd56723eb290d785ff9d03833ad42fcecfe631...refs/remotes/origin/main [1ms]
2025-03-05 21:01:11.562 [info] > git status -z -uall [43ms]
2025-03-05 21:01:11.863 [info] > git check-ignore -v -z --stdin [17ms]
2025-03-05 21:01:13.019 [info] > git config --get commit.template [3ms]
2025-03-05 21:01:13.020 [info] > git for-each-ref --format=%(refname)%00%(upstream:short)%00%(objectname)%00%(upstream:track)%00%(upstream:remotename)%00%(upstream:remoteref) refs/heads/main refs/remotes/main [2ms]
2025-03-05 21:01:13.027 [info] > git for-each-ref --sort -committerdate --format %(refname) %(objectname) %(*objectname) [2ms]
2025-03-05 21:01:13.065 [info] > git status -z -uall [43ms]
2025-03-05 21:01:15.051 [info] > git check-ignore -v -z --stdin [4ms]
2025-03-05 21:01:16.141 [info] > git check-ignore -v -z --stdin [4ms]
2025-03-05 21:01:18.075 [info] > git config --get commit.template [3ms]
2025-03-05 21:01:18.076 [info] > git for-each-ref --format=%(refname)%00%(upstream:short)%00%(objectname)%00%(upstream:track)%00%(upstream:remotename)%00%(upstream:remoteref) refs/heads/main refs/remotes/main [2ms]
2025-03-05 21:01:18.086 [info] > git for-each-ref --sort -committerdate --format %(refname) %(objectname) %(*objectname) [5ms]
2025-03-05 21:01:18.121 [info] > git status -z -uall [42ms]
2025-03-05 21:02:00.027 [info] > git config --get commit.template [3ms]
2025-03-05 21:02:00.027 [info] > git for-each-ref --format=%(refname)%00%(upstream:short)%00%(objectname)%00%(upstream:track)%00%(upstream:remotename)%00%(upstream:remoteref) refs/heads/main refs/remotes/main [2ms]
2025-03-05 21:02:00.034 [info] > git for-each-ref --sort -committerdate --format %(refname) %(objectname) %(*objectname) [2ms]
2025-03-05 21:02:00.073 [info] > git status -z -uall [43ms]
2025-03-05 21:02:05.086 [info] > git config --get commit.template [4ms]
2025-03-05 21:02:05.086 [info] > git for-each-ref --format=%(refname)%00%(upstream:short)%00%(objectname)%00%(upstream:track)%00%(upstream:remotename)%00%(upstream:remoteref) refs/heads/main refs/remotes/main [1ms]
2025-03-05 21:02:05.093 [info] > git for-each-ref --sort -committerdate --format %(refname) %(objectname) %(*objectname) [2ms]
2025-03-05 21:02:05.131 [info] > git status -z -uall [42ms]
2025-03-05 21:02:13.240 [info] > git config --get commit.template [3ms]
2025-03-05 21:02:13.241 [info] > git for-each-ref --format=%(refname)%00%(upstream:short)%00%(objectname)%00%(upstream:track)%00%(upstream:remotename)%00%(upstream:remoteref) refs/heads/main refs/remotes/main [1ms]
2025-03-05 21:02:13.248 [info] > git for-each-ref --sort -committerdate --format %(refname) %(objectname) %(*objectname) [2ms]
2025-03-05 21:02:13.286 [info] > git status -z -uall [43ms]
2025-03-05 21:02:18.298 [info] > git config --get commit.template [4ms]
2025-03-05 21:02:18.299 [info] > git for-each-ref --format=%(refname)%00%(upstream:short)%00%(objectname)%00%(upstream:track)%00%(upstream:remotename)%00%(upstream:remoteref) refs/heads/main refs/remotes/main [2ms]
2025-03-05 21:02:18.306 [info] > git for-each-ref --sort -committerdate --format %(refname) %(objectname) %(*objectname) [2ms]
2025-03-05 21:02:18.344 [info] > git status -z -uall [42ms]
2025-03-05 21:02:23.355 [info] > git config --get commit.template [3ms]
2025-03-05 21:02:23.356 [info] > git for-each-ref --format=%(refname)%00%(upstream:short)%00%(objectname)%00%(upstream:track)%00%(upstream:remotename)%00%(upstream:remoteref) refs/heads/main refs/remotes/main [2ms]
2025-03-05 21:02:23.367 [info] > git for-each-ref --sort -committerdate --format %(refname) %(objectname) %(*objectname) [6ms]
2025-03-05 21:02:23.401 [info] > git status -z -uall [43ms]
2025-03-05 21:02:28.411 [info] > git config --get commit.template [3ms]
2025-03-05 21:02:28.412 [info] > git for-each-ref --format=%(refname)%00%(upstream:short)%00%(objectname)%00%(upstream:track)%00%(upstream:remotename)%00%(upstream:remoteref) refs/heads/main refs/remotes/main [2ms]
2025-03-05 21:02:28.424 [info] > git for-each-ref --sort -committerdate --format %(refname) %(objectname) %(*objectname) [7ms]
2025-03-05 21:02:28.458 [info] > git status -z -uall [44ms]
2025-03-05 21:02:33.469 [info] > git config --get commit.template [4ms]
2025-03-05 21:02:33.470 [info] > git for-each-ref --format=%(refname)%00%(upstream:short)%00%(objectname)%00%(upstream:track)%00%(upstream:remotename)%00%(upstream:remoteref) refs/heads/main refs/remotes/main [2ms]
2025-03-05 21:02:33.476 [info] > git for-each-ref --sort -committerdate --format %(refname) %(objectname) %(*objectname) [1ms]
2025-03-05 21:02:33.515 [info] > git status -z -uall [43ms]
2025-03-05 21:02:38.526 [info] > git config --get commit.template [3ms]
2025-03-05 21:02:38.527 [info] > git for-each-ref --format=%(refname)%00%(upstream:short)%00%(objectname)%00%(upstream:track)%00%(upstream:remotename)%00%(upstream:remoteref) refs/heads/main refs/remotes/main [2ms]
2025-03-05 21:02:38.534 [info] > git for-each-ref --sort -committerdate --format %(refname) %(objectname) %(*objectname) [2ms]
2025-03-05 21:02:38.573 [info] > git status -z -uall [42ms]
2025-03-05 21:02:43.583 [info] > git config --get commit.template [3ms]
2025-03-05 21:02:43.584 [info] > git for-each-ref --format=%(refname)%00%(upstream:short)%00%(objectname)%00%(upstream:track)%00%(upstream:remotename)%00%(upstream:remoteref) refs/heads/main refs/remotes/main [1ms]
2025-03-05 21:02:43.597 [info] > git for-each-ref --sort -committerdate --format %(refname) %(objectname) %(*objectname) [7ms]
2025-03-05 21:02:43.629 [info] > git status -z -uall [42ms]
2025-03-05 21:02:48.640 [info] > git config --get commit.template [3ms]
2025-03-05 21:02:48.641 [info] > git for-each-ref --format=%(refname)%00%(upstream:short)%00%(objectname)%00%(upstream:track)%00%(upstream:remotename)%00%(upstream:remoteref) refs/heads/main refs/remotes/main [2ms]
2025-03-05 21:02:48.654 [info] > git for-each-ref --sort -committerdate --format %(refname) %(objectname) %(*objectname) [8ms]
2025-03-05 21:02:48.685 [info] > git status -z -uall [42ms]
2025-03-05 21:02:53.697 [info] > git config --get commit.template [4ms]
2025-03-05 21:02:53.698 [info] > git for-each-ref --format=%(refname)%00%(upstream:short)%00%(objectname)%00%(upstream:track)%00%(upstream:remotename)%00%(upstream:remoteref) refs/heads/main refs/remotes/main [2ms]
2025-03-05 21:02:53.709 [info] > git for-each-ref --sort -committerdate --format %(refname) %(objectname) %(*objectname) [6ms]
2025-03-05 21:02:53.743 [info] > git status -z -uall [42ms]
2025-03-05 21:02:58.753 [info] > git config --get commit.template [3ms]
2025-03-05 21:02:58.754 [info] > git for-each-ref --format=%(refname)%00%(upstream:short)%00%(objectname)%00%(upstream:track)%00%(upstream:remotename)%00%(upstream:remoteref) refs/heads/main refs/remotes/main [1ms]
2025-03-05 21:02:58.760 [info] > git for-each-ref --sort -committerdate --format %(refname) %(objectname) %(*objectname) [2ms]
2025-03-05 21:02:58.798 [info] > git status -z -uall [42ms]
2025-03-05 21:03:03.809 [info] > git config --get commit.template [4ms]
2025-03-05 21:03:03.810 [info] > git for-each-ref --format=%(refname)%00%(upstream:short)%00%(objectname)%00%(upstream:track)%00%(upstream:remotename)%00%(upstream:remoteref) refs/heads/main refs/remotes/main [2ms]
2025-03-05 21:03:03.817 [info] > git for-each-ref --sort -committerdate --format %(refname) %(objectname) %(*objectname) [2ms]
2025-03-05 21:03:03.855 [info] > git status -z -uall [42ms]
2025-03-05 21:03:08.865 [info] > git config --get commit.template [4ms]
2025-03-05 21:03:08.866 [info] > git for-each-ref --format=%(refname)%00%(upstream:short)%00%(objectname)%00%(upstream:track)%00%(upstream:remotename)%00%(upstream:remoteref) refs/heads/main refs/remotes/main [2ms]
2025-03-05 21:03:08.873 [info] > git for-each-ref --sort -committerdate --format %(refname) %(objectname) %(*objectname) [2ms]
2025-03-05 21:03:08.912 [info] > git status -z -uall [42ms]
2025-03-05 21:03:13.922 [info] > git config --get commit.template [4ms]
2025-03-05 21:03:13.923 [info] > git for-each-ref --format=%(refname)%00%(upstream:short)%00%(objectname)%00%(upstream:track)%00%(upstream:remotename)%00%(upstream:remoteref) refs/heads/main refs/remotes/main [2ms]
2025-03-05 21:03:13.936 [info] > git for-each-ref --sort -committerdate --format %(refname) %(objectname) %(*objectname) [8ms]
2025-03-05 21:03:13.967 [info] > git status -z -uall [42ms]
2025-03-05 21:03:18.977 [info] > git config --get commit.template [3ms]
2025-03-05 21:03:18.978 [info] > git for-each-ref --format=%(refname)%00%(upstream:short)%00%(objectname)%00%(upstream:track)%00%(upstream:remotename)%00%(upstream:remoteref) refs/heads/main refs/remotes/main [2ms]
2025-03-05 21:03:18.992 [info] > git for-each-ref --sort -committerdate --format %(refname) %(objectname) %(*objectname) [8ms]
2025-03-05 21:03:19.022 [info] > git status -z -uall [42ms]
2025-03-05 21:03:24.032 [info] > git config --get commit.template [3ms]
2025-03-05 21:03:24.033 [info] > git for-each-ref --format=%(refname)%00%(upstream:short)%00%(objectname)%00%(upstream:track)%00%(upstream:remotename)%00%(upstream:remoteref) refs/heads/main refs/remotes/main [1ms]
2025-03-05 21:03:24.040 [info] > git for-each-ref --sort -committerdate --format %(refname) %(objectname) %(*objectname) [2ms]
2025-03-05 21:03:24.080 [info] > git status -z -uall [44ms]
2025-03-05 21:03:29.090 [info] > git config --get commit.template [3ms]
2025-03-05 21:03:29.091 [info] > git for-each-ref --format=%(refname)%00%(upstream:short)%00%(objectname)%00%(upstream:track)%00%(upstream:remotename)%00%(upstream:remoteref) refs/heads/main refs/remotes/main [1ms]
2025-03-05 21:03:29.098 [info] > git for-each-ref --sort -committerdate --format %(refname) %(objectname) %(*objectname) [2ms]
2025-03-05 21:03:29.136 [info] > git status -z -uall [42ms]
2025-03-05 21:03:34.146 [info] > git config --get commit.template [3ms]
2025-03-05 21:03:34.147 [info] > git for-each-ref --format=%(refname)%00%(upstream:short)%00%(objectname)%00%(upstream:track)%00%(upstream:remotename)%00%(upstream:remoteref) refs/heads/main refs/remotes/main [2ms]
2025-03-05 21:03:34.153 [info] > git for-each-ref --sort -committerdate --format %(refname) %(objectname) %(*objectname) [2ms]
2025-03-05 21:03:34.191 [info] > git status -z -uall [42ms]
2025-03-05 21:03:39.202 [info] > git config --get commit.template [3ms]
2025-03-05 21:03:39.203 [info] > git for-each-ref --format=%(refname)%00%(upstream:short)%00%(objectname)%00%(upstream:track)%00%(upstream:remotename)%00%(upstream:remoteref) refs/heads/main refs/remotes/main [2ms]
2025-03-05 21:03:39.209 [info] > git for-each-ref --sort -committerdate --format %(refname) %(objectname) %(*objectname) [2ms]
2025-03-05 21:03:39.248 [info] > git status -z -uall [43ms]
2025-03-05 21:03:55.951 [info] > git config --get commit.template [3ms]
2025-03-05 21:03:55.952 [info] > git for-each-ref --format=%(refname)%00%(upstream:short)%00%(objectname)%00%(upstream:track)%00%(upstream:remotename)%00%(upstream:remoteref) refs/heads/main refs/remotes/main [2ms]
2025-03-05 21:03:55.962 [info] > git for-each-ref --sort -committerdate --format %(refname) %(objectname) %(*objectname) [4ms]
2025-03-05 21:03:55.997 [info] > git status -z -uall [43ms]
2025-03-05 21:04:01.008 [info] > git config --get commit.template [3ms]
2025-03-05 21:04:01.009 [info] > git for-each-ref --format=%(refname)%00%(upstream:short)%00%(objectname)%00%(upstream:track)%00%(upstream:remotename)%00%(upstream:remoteref) refs/heads/main refs/remotes/main [2ms]
2025-03-05 21:04:01.018 [info] > git for-each-ref --sort -committerdate --format %(refname) %(objectname) %(*objectname) [3ms]
2025-03-05 21:04:01.054 [info] > git status -z -uall [43ms]
2025-03-05 21:04:06.065 [info] > git config --get commit.template [3ms]
2025-03-05 21:04:06.066 [info] > git for-each-ref --format=%(refname)%00%(upstream:short)%00%(objectname)%00%(upstream:track)%00%(upstream:remotename)%00%(upstream:remoteref) refs/heads/main refs/remotes/main [1ms]
2025-03-05 21:04:06.073 [info] > git for-each-ref --sort -committerdate --format %(refname) %(objectname) %(*objectname) [2ms]
2025-03-05 21:04:06.111 [info] > git status -z -uall [43ms]
2025-03-05 21:04:11.122 [info] > git config --get commit.template [4ms]
2025-03-05 21:04:11.123 [info] > git for-each-ref --format=%(refname)%00%(upstream:short)%00%(objectname)%00%(upstream:track)%00%(upstream:remotename)%00%(upstream:remoteref) refs/heads/main refs/remotes/main [2ms]
2025-03-05 21:04:11.135 [info] > git for-each-ref --sort -committerdate --format %(refname) %(objectname) %(*objectname) [7ms]
2025-03-05 21:04:11.168 [info] > git status -z -uall [43ms]
2025-03-05 21:04:32.263 [info] > git config --get commit.template [4ms]
2025-03-05 21:04:32.264 [info] > git for-each-ref --format=%(refname)%00%(upstream:short)%00%(objectname)%00%(upstream:track)%00%(upstream:remotename)%00%(upstream:remoteref) refs/heads/main refs/remotes/main [1ms]
2025-03-05 21:04:32.271 [info] > git for-each-ref --sort -committerdate --format %(refname) %(objectname) %(*objectname) [2ms]
2025-03-05 21:04:32.310 [info] > git status -z -uall [44ms]
2025-03-05 21:04:37.319 [info] > git config --get commit.template [3ms]
2025-03-05 21:04:37.320 [info] > git for-each-ref --format=%(refname)%00%(upstream:short)%00%(objectname)%00%(upstream:track)%00%(upstream:remotename)%00%(upstream:remoteref) refs/heads/main refs/remotes/main [1ms]
2025-03-05 21:04:37.332 [info] > git for-each-ref --sort -committerdate --format %(refname) %(objectname) %(*objectname) [7ms]
2025-03-05 21:04:37.365 [info] > git status -z -uall [42ms]
2025-03-05 21:04:53.814 [info] > git config --get commit.template [4ms]
2025-03-05 21:04:53.815 [info] > git for-each-ref --format=%(refname)%00%(upstream:short)%00%(objectname)%00%(upstream:track)%00%(upstream:remotename)%00%(upstream:remoteref) refs/heads/main refs/remotes/main [2ms]
2025-03-05 21:04:53.828 [info] > git for-each-ref --sort -committerdate --format %(refname) %(objectname) %(*objectname) [8ms]
2025-03-05 21:04:53.859 [info] > git status -z -uall [41ms]
2025-03-05 21:04:58.869 [info] > git config --get commit.template [4ms]
2025-03-05 21:04:58.870 [info] > git for-each-ref --format=%(refname)%00%(upstream:short)%00%(objectname)%00%(upstream:track)%00%(upstream:remotename)%00%(upstream:remoteref) refs/heads/main refs/remotes/main [2ms]
2025-03-05 21:04:58.882 [info] > git for-each-ref --sort -committerdate --format %(refname) %(objectname) %(*objectname) [6ms]
2025-03-05 21:04:58.914 [info] > git status -z -uall [42ms]
2025-03-05 21:05:03.923 [info] > git config --get commit.template [3ms]
2025-03-05 21:05:03.924 [info] > git for-each-ref --format=%(refname)%00%(upstream:short)%00%(objectname)%00%(upstream:track)%00%(upstream:remotename)%00%(upstream:remoteref) refs/heads/main refs/remotes/main [1ms]
2025-03-05 21:05:03.935 [info] > git for-each-ref --sort -committerdate --format %(refname) %(objectname) %(*objectname) [7ms]
2025-03-05 21:05:03.970 [info] > git status -z -uall [44ms]
2025-03-05 21:05:12.058 [info] > git config --get commit.template [3ms]
2025-03-05 21:05:12.059 [info] > git for-each-ref --format=%(refname)%00%(upstream:short)%00%(objectname)%00%(upstream:track)%00%(upstream:remotename)%00%(upstream:remoteref) refs/heads/main refs/remotes/main [1ms]
2025-03-05 21:05:12.068 [info] > git for-each-ref --sort -committerdate --format %(refname) %(objectname) %(*objectname) [4ms]
2025-03-05 21:05:12.105 [info] > git status -z -uall [43ms]
2025-03-05 21:05:19.168 [info] > git config --get commit.template [3ms]
2025-03-05 21:05:19.169 [info] > git for-each-ref --format=%(refname)%00%(upstream:short)%00%(objectname)%00%(upstream:track)%00%(upstream:remotename)%00%(upstream:remoteref) refs/heads/main refs/remotes/main [1ms]
2025-03-05 21:05:19.176 [info] > git for-each-ref --sort -committerdate --format %(refname) %(objectname) %(*objectname) [2ms]
2025-03-05 21:05:19.215 [info] > git status -z -uall [43ms]
2025-03-05 21:05:24.226 [info] > git config --get commit.template [4ms]
2025-03-05 21:05:24.227 [info] > git for-each-ref --format=%(refname)%00%(upstream:short)%00%(objectname)%00%(upstream:track)%00%(upstream:remotename)%00%(upstream:remoteref) refs/heads/main refs/remotes/main [2ms]
2025-03-05 21:05:24.236 [info] > git for-each-ref --sort -committerdate --format %(refname) %(objectname) %(*objectname) [3ms]
2025-03-05 21:05:24.273 [info] > git status -z -uall [44ms]
2025-03-05 21:05:29.283 [info] > git config --get commit.template [4ms]
2025-03-05 21:05:29.284 [info] > git for-each-ref --format=%(refname)%00%(upstream:short)%00%(objectname)%00%(upstream:track)%00%(upstream:remotename)%00%(upstream:remoteref) refs/heads/main refs/remotes/main [2ms]
2025-03-05 21:05:29.295 [info] > git for-each-ref --sort -committerdate --format %(refname) %(objectname) %(*objectname) [6ms]
2025-03-05 21:05:29.329 [info] > git status -z -uall [42ms]
2025-03-05 21:05:34.339 [info] > git config --get commit.template [4ms]
2025-03-05 21:05:34.340 [info] > git for-each-ref --format=%(refname)%00%(upstream:short)%00%(objectname)%00%(upstream:track)%00%(upstream:remotename)%00%(upstream:remoteref) refs/heads/main refs/remotes/main [2ms]
2025-03-05 21:05:34.352 [info] > git for-each-ref --sort -committerdate --format %(refname) %(objectname) %(*objectname) [7ms]
2025-03-05 21:05:34.384 [info] > git status -z -uall [42ms]
2025-03-05 21:05:36.569 [info] > git check-ignore -v -z --stdin [4ms]
2025-03-05 21:05:39.396 [info] > git config --get commit.template [3ms]
2025-03-05 21:05:39.397 [info] > git for-each-ref --format=%(refname)%00%(upstream:short)%00%(objectname)%00%(upstream:track)%00%(upstream:remotename)%00%(upstream:remoteref) refs/heads/main refs/remotes/main [1ms]
2025-03-05 21:05:39.404 [info] > git for-each-ref --sort -committerdate --format %(refname) %(objectname) %(*objectname) [1ms]
2025-03-05 21:05:39.442 [info] > git status -z -uall [43ms]
2025-03-05 21:05:44.453 [info] > git config --get commit.template [3ms]
2025-03-05 21:05:44.454 [info] > git for-each-ref --format=%(refname)%00%(upstream:short)%00%(objectname)%00%(upstream:track)%00%(upstream:remotename)%00%(upstream:remoteref) refs/heads/main refs/remotes/main [2ms]
2025-03-05 21:05:44.464 [info] > git for-each-ref --sort -committerdate --format %(refname) %(objectname) %(*objectname) [5ms]
2025-03-05 21:05:44.500 [info] > git status -z -uall [43ms]
2025-03-05 21:05:49.512 [info] > git config --get commit.template [4ms]
2025-03-05 21:05:49.513 [info] > git for-each-ref --format=%(refname)%00%(upstream:short)%00%(objectname)%00%(upstream:track)%00%(upstream:remotename)%00%(upstream:remoteref) refs/heads/main refs/remotes/main [2ms]
2025-03-05 21:05:49.521 [info] > git for-each-ref --sort -committerdate --format %(refname) %(objectname) %(*objectname) [1ms]
2025-03-05 21:05:49.559 [info] > git status -z -uall [43ms]
2025-03-05 21:05:54.570 [info] > git config --get commit.template [3ms]
2025-03-05 21:05:54.571 [info] > git for-each-ref --format=%(refname)%00%(upstream:short)%00%(objectname)%00%(upstream:track)%00%(upstream:remotename)%00%(upstream:remoteref) refs/heads/main refs/remotes/main [1ms]
2025-03-05 21:05:54.583 [info] > git for-each-ref --sort -committerdate --format %(refname) %(objectname) %(*objectname) [6ms]
2025-03-05 21:05:54.616 [info] > git status -z -uall [42ms]
2025-03-05 21:05:59.626 [info] > git config --get commit.template [3ms]
2025-03-05 21:05:59.627 [info] > git for-each-ref --format=%(refname)%00%(upstream:short)%00%(objectname)%00%(upstream:track)%00%(upstream:remotename)%00%(upstream:remoteref) refs/heads/main refs/remotes/main [2ms]
2025-03-05 21:05:59.638 [info] > git for-each-ref --sort -committerdate --format %(refname) %(objectname) %(*objectname) [6ms]
2025-03-05 21:05:59.672 [info] > git status -z -uall [43ms]
2025-03-05 21:06:17.985 [info] > git config --get commit.template [4ms]
2025-03-05 21:06:17.986 [info] > git for-each-ref --format=%(refname)%00%(upstream:short)%00%(objectname)%00%(upstream:track)%00%(upstream:remotename)%00%(upstream:remoteref) refs/heads/main refs/remotes/main [1ms]
2025-03-05 21:06:17.995 [info] > git for-each-ref --sort -committerdate --format %(refname) %(objectname) %(*objectname) [1ms]
2025-03-05 21:06:18.033 [info] > git status -z -uall [44ms]
2025-03-05 21:07:09.475 [info] > git config --get commit.template [4ms]
2025-03-05 21:07:09.476 [info] > git for-each-ref --format=%(refname)%00%(upstream:short)%00%(objectname)%00%(upstream:track)%00%(upstream:remotename)%00%(upstream:remoteref) refs/heads/main refs/remotes/main [2ms]
2025-03-05 21:07:09.483 [info] > git for-each-ref --sort -committerdate --format %(refname) %(objectname) %(*objectname) [2ms]
2025-03-05 21:07:09.523 [info] > git status -z -uall [43ms]
2025-03-05 21:07:15.398 [info] > git config --get commit.template [3ms]
2025-03-05 21:07:15.399 [info] > git for-each-ref --format=%(refname)%00%(upstream:short)%00%(objectname)%00%(upstream:track)%00%(upstream:remotename)%00%(upstream:remoteref) refs/heads/main refs/remotes/main [2ms]
2025-03-05 21:07:15.410 [info] > git for-each-ref --sort -committerdate --format %(refname) %(objectname) %(*objectname) [5ms]
2025-03-05 21:07:15.445 [info] > git status -z -uall [43ms]
2025-03-05 21:07:20.457 [info] > git config --get commit.template [4ms]
2025-03-05 21:07:20.457 [info] > git for-each-ref --format=%(refname)%00%(upstream:short)%00%(objectname)%00%(upstream:track)%00%(upstream:remotename)%00%(upstream:remoteref) refs/heads/main refs/remotes/main [1ms]
2025-03-05 21:07:20.465 [info] > git for-each-ref --sort -committerdate --format %(refname) %(objectname) %(*objectname) [3ms]
2025-03-05 21:07:20.501 [info] > git status -z -uall [41ms]
2025-03-05 21:07:25.511 [info] > git config --get commit.template [4ms]
2025-03-05 21:07:25.512 [info] > git for-each-ref --format=%(refname)%00%(upstream:short)%00%(objectname)%00%(upstream:track)%00%(upstream:remotename)%00%(upstream:remoteref) refs/heads/main refs/remotes/main [2ms]
2025-03-05 21:07:25.519 [info] > git for-each-ref --sort -committerdate --format %(refname) %(objectname) %(*objectname) [1ms]
2025-03-05 21:07:25.558 [info] > git status -z -uall [42ms]
2025-03-05 21:07:30.567 [info] > git config --get commit.template [3ms]
2025-03-05 21:07:30.568 [info] > git for-each-ref --format=%(refname)%00%(upstream:short)%00%(objectname)%00%(upstream:track)%00%(upstream:remotename)%00%(upstream:remoteref) refs/heads/main refs/remotes/main [2ms]
2025-03-05 21:07:30.580 [info] > git for-each-ref --sort -committerdate --format %(refname) %(objectname) %(*objectname) [8ms]
2025-03-05 21:07:30.613 [info] > git status -z -uall [43ms]
2025-03-05 21:07:35.622 [info] > git config --get commit.template [3ms]
2025-03-05 21:07:35.623 [info] > git for-each-ref --format=%(refname)%00%(upstream:short)%00%(objectname)%00%(upstream:track)%00%(upstream:remotename)%00%(upstream:remoteref) refs/heads/main refs/remotes/main [1ms]
2025-03-05 21:07:35.631 [info] > git for-each-ref --sort -committerdate --format %(refname) %(objectname) %(*objectname) [2ms]
2025-03-05 21:07:35.670 [info] > git status -z -uall [43ms]
2025-03-05 21:07:40.680 [info] > git config --get commit.template [4ms]
2025-03-05 21:07:40.681 [info] > git for-each-ref --format=%(refname)%00%(upstream:short)%00%(objectname)%00%(upstream:track)%00%(upstream:remotename)%00%(upstream:remoteref) refs/heads/main refs/remotes/main [2ms]
2025-03-05 21:07:40.694 [info] > git for-each-ref --sort -committerdate --format %(refname) %(objectname) %(*objectname) [8ms]
2025-03-05 21:07:40.725 [info] > git status -z -uall [42ms]
2025-03-05 21:07:45.735 [info] > git config --get commit.template [3ms]
2025-03-05 21:07:45.736 [info] > git for-each-ref --format=%(refname)%00%(upstream:short)%00%(objectname)%00%(upstream:track)%00%(upstream:remotename)%00%(upstream:remoteref) refs/heads/main refs/remotes/main [2ms]
2025-03-05 21:07:45.747 [info] > git for-each-ref --sort -committerdate --format %(refname) %(objectname) %(*objectname) [6ms]
2025-03-05 21:07:45.781 [info] > git status -z -uall [43ms]
2025-03-05 21:07:50.792 [info] > git config --get commit.template [2ms]
2025-03-05 21:07:50.793 [info] > git for-each-ref --format=%(refname)%00%(upstream:short)%00%(objectname)%00%(upstream:track)%00%(upstream:remotename)%00%(upstream:remoteref) refs/heads/main refs/remotes/main [2ms]
2025-03-05 21:07:50.806 [info] > git for-each-ref --sort -committerdate --format %(refname) %(objectname) %(*objectname) [9ms]
2025-03-05 21:07:50.837 [info] > git status -z -uall [42ms]
2025-03-05 21:07:58.216 [info] > git config --get commit.template [3ms]
2025-03-05 21:07:58.216 [info] > git for-each-ref --format=%(refname)%00%(upstream:short)%00%(objectname)%00%(upstream:track)%00%(upstream:remotename)%00%(upstream:remoteref) refs/heads/main refs/remotes/main [1ms]
2025-03-05 21:07:58.223 [info] > git for-each-ref --sort -committerdate --format %(refname) %(objectname) %(*objectname) [1ms]
2025-03-05 21:07:58.263 [info] > git status -z -uall [44ms]
2025-03-05 21:08:03.273 [info] > git config --get commit.template [4ms]
2025-03-05 21:08:03.274 [info] > git for-each-ref --format=%(refname)%00%(upstream:short)%00%(objectname)%00%(upstream:track)%00%(upstream:remotename)%00%(upstream:remoteref) refs/heads/main refs/remotes/main [2ms]
2025-03-05 21:08:03.287 [info] > git for-each-ref --sort -committerdate --format %(refname) %(objectname) %(*objectname) [9ms]
2025-03-05 21:08:03.319 [info] > git status -z -uall [43ms]
2025-03-05 21:09:30.608 [info] > git config --get commit.template [3ms]
2025-03-05 21:09:30.609 [info] > git for-each-ref --format=%(refname)%00%(upstream:short)%00%(objectname)%00%(upstream:track)%00%(upstream:remotename)%00%(upstream:remoteref) refs/heads/main refs/remotes/main [1ms]
2025-03-05 21:09:30.616 [info] > git for-each-ref --sort -committerdate --format %(refname) %(objectname) %(*objectname) [2ms]
2025-03-05 21:09:30.655 [info] > git status -z -uall [43ms]
2025-03-05 21:11:15.701 [info] > git config --get commit.template [3ms]
2025-03-05 21:11:15.701 [info] > git for-each-ref --format=%(refname)%00%(upstream:short)%00%(objectname)%00%(upstream:track)%00%(upstream:remotename)%00%(upstream:remoteref) refs/heads/main refs/remotes/main [1ms]
2025-03-05 21:11:15.708 [info] > git for-each-ref --sort -committerdate --format %(refname) %(objectname) %(*objectname) [2ms]
2025-03-05 21:11:15.746 [info] > git status -z -uall [42ms]
2025-03-05 21:11:24.833 [info] > git config --get commit.template [3ms]
2025-03-05 21:11:24.834 [info] > git for-each-ref --format=%(refname)%00%(upstream:short)%00%(objectname)%00%(upstream:track)%00%(upstream:remotename)%00%(upstream:remoteref) refs/heads/main refs/remotes/main [2ms]
2025-03-05 21:11:24.847 [info] > git for-each-ref --sort -committerdate --format %(refname) %(objectname) %(*objectname) [9ms]
2025-03-05 21:11:24.878 [info] > git status -z -uall [41ms]
2025-03-05 21:11:29.889 [info] > git config --get commit.template [3ms]
2025-03-05 21:11:29.890 [info] > git for-each-ref --format=%(refname)%00%(upstream:short)%00%(objectname)%00%(upstream:track)%00%(upstream:remotename)%00%(upstream:remoteref) refs/heads/main refs/remotes/main [2ms]
2025-03-05 21:11:29.902 [info] > git for-each-ref --sort -committerdate --format %(refname) %(objectname) %(*objectname) [7ms]
2025-03-05 21:11:29.935 [info] > git status -z -uall [43ms]
2025-03-05 21:11:34.949 [info] > git config --get commit.template [4ms]
2025-03-05 21:11:34.949 [info] > git for-each-ref --format=%(refname)%00%(upstream:short)%00%(objectname)%00%(upstream:track)%00%(upstream:remotename)%00%(upstream:remoteref) refs/heads/main refs/remotes/main [1ms]
2025-03-05 21:11:34.957 [info] > git for-each-ref --sort -committerdate --format %(refname) %(objectname) %(*objectname) [2ms]
2025-03-05 21:11:34.998 [info] > git status -z -uall [46ms]
2025-03-05 21:11:40.010 [info] > git config --get commit.template [3ms]
2025-03-05 21:11:40.011 [info] > git for-each-ref --format=%(refname)%00%(upstream:short)%00%(objectname)%00%(upstream:track)%00%(upstream:remotename)%00%(upstream:remoteref) refs/heads/main refs/remotes/main [2ms]
2025-03-05 21:11:40.021 [info] > git for-each-ref --sort -committerdate --format %(refname) %(objectname) %(*objectname) [5ms]
2025-03-05 21:11:40.058 [info] > git status -z -uall [44ms]
2025-03-05 21:11:45.067 [info] > git config --get commit.template [3ms]
2025-03-05 21:11:45.068 [info] > git for-each-ref --format=%(refname)%00%(upstream:short)%00%(objectname)%00%(upstream:track)%00%(upstream:remotename)%00%(upstream:remoteref) refs/heads/main refs/remotes/main [2ms]
2025-03-05 21:11:45.080 [info] > git for-each-ref --sort -committerdate --format %(refname) %(objectname) %(*objectname) [7ms]
2025-03-05 21:11:45.113 [info] > git status -z -uall [42ms]
2025-03-05 21:11:50.124 [info] > git config --get commit.template [3ms]
2025-03-05 21:11:50.124 [info] > git for-each-ref --format=%(refname)%00%(upstream:short)%00%(objectname)%00%(upstream:track)%00%(upstream:remotename)%00%(upstream:remoteref) refs/heads/main refs/remotes/main [1ms]
2025-03-05 21:11:50.138 [info] > git for-each-ref --sort -committerdate --format %(refname) %(objectname) %(*objectname) [9ms]
2025-03-05 21:11:50.169 [info] > git status -z -uall [42ms]
2025-03-05 21:11:55.178 [info] > git config --get commit.template [3ms]
2025-03-05 21:11:55.179 [info] > git for-each-ref --format=%(refname)%00%(upstream:short)%00%(objectname)%00%(upstream:track)%00%(upstream:remotename)%00%(upstream:remoteref) refs/heads/main refs/remotes/main [1ms]
2025-03-05 21:11:55.187 [info] > git for-each-ref --sort -committerdate --format %(refname) %(objectname) %(*objectname) [2ms]
2025-03-05 21:11:55.225 [info] > git status -z -uall [43ms]
2025-03-05 21:12:11.312 [info] > git config --get commit.template [3ms]
2025-03-05 21:12:11.313 [info] > git for-each-ref --format=%(refname)%00%(upstream:short)%00%(objectname)%00%(upstream:track)%00%(upstream:remotename)%00%(upstream:remoteref) refs/heads/main refs/remotes/main [2ms]
2025-03-05 21:12:11.327 [info] > git for-each-ref --sort -committerdate --format %(refname) %(objectname) %(*objectname) [3ms]
2025-03-05 21:12:11.359 [info] > git status -z -uall [43ms]
2025-03-05 21:12:16.368 [info] > git config --get commit.template [3ms]
2025-03-05 21:12:16.369 [info] > git for-each-ref --format=%(refname)%00%(upstream:short)%00%(objectname)%00%(upstream:track)%00%(upstream:remotename)%00%(upstream:remoteref) refs/heads/main refs/remotes/main [1ms]
2025-03-05 21:12:16.379 [info] > git for-each-ref --sort -committerdate --format %(refname) %(objectname) %(*objectname) [5ms]
2025-03-05 21:12:16.414 [info] > git status -z -uall [42ms]
2025-03-05 21:12:21.425 [info] > git config --get commit.template [3ms]
2025-03-05 21:12:21.426 [info] > git for-each-ref --format=%(refname)%00%(upstream:short)%00%(objectname)%00%(upstream:track)%00%(upstream:remotename)%00%(upstream:remoteref) refs/heads/main refs/remotes/main [1ms]
2025-03-05 21:12:21.437 [info] > git for-each-ref --sort -committerdate --format %(refname) %(objectname) %(*objectname) [6ms]
2025-03-05 21:12:21.471 [info] > git status -z -uall [43ms]
2025-03-05 21:12:26.483 [info] > git config --get commit.template [3ms]
2025-03-05 21:12:26.484 [info] > git for-each-ref --format=%(refname)%00%(upstream:short)%00%(objectname)%00%(upstream:track)%00%(upstream:remotename)%00%(upstream:remoteref) refs/heads/main refs/remotes/main [1ms]
2025-03-05 21:12:26.494 [info] > git for-each-ref --sort -committerdate --format %(refname) %(objectname) %(*objectname) [5ms]
2025-03-05 21:12:26.531 [info] > git status -z -uall [43ms]
2025-03-05 21:12:31.540 [info] > git config --get commit.template [3ms]
2025-03-05 21:12:31.541 [info] > git for-each-ref --format=%(refname)%00%(upstream:short)%00%(objectname)%00%(upstream:track)%00%(upstream:remotename)%00%(upstream:remoteref) refs/heads/main refs/remotes/main [2ms]
2025-03-05 21:12:31.553 [info] > git for-each-ref --sort -committerdate --format %(refname) %(objectname) %(*objectname) [7ms]
2025-03-05 21:12:31.587 [info] > git status -z -uall [43ms]
2025-03-05 21:12:36.598 [info] > git config --get commit.template [3ms]
2025-03-05 21:12:36.599 [info] > git for-each-ref --format=%(refname)%00%(upstream:short)%00%(objectname)%00%(upstream:track)%00%(upstream:remotename)%00%(upstream:remoteref) refs/heads/main refs/remotes/main [1ms]
2025-03-05 21:12:36.612 [info] > git for-each-ref --sort -committerdate --format %(refname) %(objectname) %(*objectname) [8ms]
2025-03-05 21:12:36.645 [info] > git status -z -uall [44ms]
2025-03-05 21:12:41.654 [info] > git config --get commit.template [4ms]
2025-03-05 21:12:41.655 [info] > git for-each-ref --format=%(refname)%00%(upstream:short)%00%(objectname)%00%(upstream:track)%00%(upstream:remotename)%00%(upstream:remoteref) refs/heads/main refs/remotes/main [2ms]
2025-03-05 21:12:41.662 [info] > git for-each-ref --sort -committerdate --format %(refname) %(objectname) %(*objectname) [2ms]
2025-03-05 21:12:41.701 [info] > git status -z -uall [44ms]
2025-03-05 21:12:46.711 [info] > git config --get commit.template [3ms]
2025-03-05 21:12:46.712 [info] > git for-each-ref --format=%(refname)%00%(upstream:short)%00%(objectname)%00%(upstream:track)%00%(upstream:remotename)%00%(upstream:remoteref) refs/heads/main refs/remotes/main [1ms]
2025-03-05 21:12:46.723 [info] > git for-each-ref --sort -committerdate --format %(refname) %(objectname) %(*objectname) [6ms]
2025-03-05 21:12:46.758 [info] > git status -z -uall [43ms]
2025-03-05 21:12:51.768 [info] > git config --get commit.template [3ms]
2025-03-05 21:12:51.769 [info] > git for-each-ref --format=%(refname)%00%(upstream:short)%00%(objectname)%00%(upstream:track)%00%(upstream:remotename)%00%(upstream:remoteref) refs/heads/main refs/remotes/main [2ms]
2025-03-05 21:12:51.782 [info] > git for-each-ref --sort -committerdate --format %(refname) %(objectname) %(*objectname) [9ms]
2025-03-05 21:12:51.813 [info] > git status -z -uall [42ms]
2025-03-05 21:12:56.823 [info] > git config --get commit.template [4ms]
2025-03-05 21:12:56.824 [info] > git for-each-ref --format=%(refname)%00%(upstream:short)%00%(objectname)%00%(upstream:track)%00%(upstream:remotename)%00%(upstream:remoteref) refs/heads/main refs/remotes/main [2ms]
2025-03-05 21:12:56.836 [info] > git for-each-ref --sort -committerdate --format %(refname) %(objectname) %(*objectname) [7ms]
2025-03-05 21:12:56.870 [info] > git status -z -uall [43ms]
2025-03-05 21:13:01.880 [info] > git config --get commit.template [3ms]
2025-03-05 21:13:01.881 [info] > git for-each-ref --format=%(refname)%00%(upstream:short)%00%(objectname)%00%(upstream:track)%00%(upstream:remotename)%00%(upstream:remoteref) refs/heads/main refs/remotes/main [1ms]
2025-03-05 21:13:01.893 [info] > git for-each-ref --sort -committerdate --format %(refname) %(objectname) %(*objectname) [7ms]
2025-03-05 21:13:01.927 [info] > git status -z -uall [43ms]
2025-03-05 21:13:06.937 [info] > git config --get commit.template [4ms]
2025-03-05 21:13:06.938 [info] > git for-each-ref --format=%(refname)%00%(upstream:short)%00%(objectname)%00%(upstream:track)%00%(upstream:remotename)%00%(upstream:remoteref) refs/heads/main refs/remotes/main [2ms]
2025-03-05 21:13:06.952 [info] > git for-each-ref --sort -committerdate --format %(refname) %(objectname) %(*objectname) [7ms]
2025-03-05 21:13:06.985 [info] > git status -z -uall [44ms]
2025-03-05 21:13:11.994 [info] > git config --get commit.template [3ms]
2025-03-05 21:13:11.996 [info] > git for-each-ref --format=%(refname)%00%(upstream:short)%00%(objectname)%00%(upstream:track)%00%(upstream:remotename)%00%(upstream:remoteref) refs/heads/main refs/remotes/main [1ms]
2025-03-05 21:13:12.005 [info] > git for-each-ref --sort -committerdate --format %(refname) %(objectname) %(*objectname) [5ms]
2025-03-05 21:13:12.041 [info] > git status -z -uall [43ms]
2025-03-05 21:13:45.767 [info] > git config --get commit.template [3ms]
2025-03-05 21:13:45.768 [info] > git for-each-ref --format=%(refname)%00%(upstream:short)%00%(objectname)%00%(upstream:track)%00%(upstream:remotename)%00%(upstream:remoteref) refs/heads/main refs/remotes/main [1ms]
2025-03-05 21:13:45.776 [info] > git for-each-ref --sort -committerdate --format %(refname) %(objectname) %(*objectname) [1ms]
2025-03-05 21:13:45.815 [info] > git status -z -uall [44ms]
2025-03-05 21:13:50.826 [info] > git config --get commit.template [3ms]
2025-03-05 21:13:50.827 [info] > git for-each-ref --format=%(refname)%00%(upstream:short)%00%(objectname)%00%(upstream:track)%00%(upstream:remotename)%00%(upstream:remoteref) refs/heads/main refs/remotes/main [1ms]
2025-03-05 21:13:50.834 [info] > git for-each-ref --sort -committerdate --format %(refname) %(objectname) %(*objectname) [2ms]
2025-03-05 21:13:50.874 [info] > git status -z -uall [44ms]
2025-03-05 21:13:55.883 [info] > git config --get commit.template [4ms]
2025-03-05 21:13:55.884 [info] > git for-each-ref --format=%(refname)%00%(upstream:short)%00%(objectname)%00%(upstream:track)%00%(upstream:remotename)%00%(upstream:remoteref) refs/heads/main refs/remotes/main [2ms]
2025-03-05 21:13:55.896 [info] > git for-each-ref --sort -committerdate --format %(refname) %(objectname) %(*objectname) [7ms]
2025-03-05 21:13:55.929 [info] > git status -z -uall [42ms]
2025-03-05 21:14:00.941 [info] > git config --get commit.template [4ms]
2025-03-05 21:14:00.942 [info] > git for-each-ref --format=%(refname)%00%(upstream:short)%00%(objectname)%00%(upstream:track)%00%(upstream:remotename)%00%(upstream:remoteref) refs/heads/main refs/remotes/main [2ms]
2025-03-05 21:14:00.949 [info] > git for-each-ref --sort -committerdate --format %(refname) %(objectname) %(*objectname) [2ms]
2025-03-05 21:14:00.988 [info] > git status -z -uall [44ms]
2025-03-05 21:14:05.999 [info] > git config --get commit.template [4ms]
2025-03-05 21:14:06.000 [info] > git for-each-ref --format=%(refname)%00%(upstream:short)%00%(objectname)%00%(upstream:track)%00%(upstream:remotename)%00%(upstream:remoteref) refs/heads/main refs/remotes/main [2ms]
2025-03-05 21:14:06.011 [info] > git for-each-ref --sort -committerdate --format %(refname) %(objectname) %(*objectname) [6ms]
2025-03-05 21:14:06.045 [info] > git status -z -uall [43ms]
2025-03-05 21:14:11.057 [info] > git config --get commit.template [4ms]
2025-03-05 21:14:11.058 [info] > git for-each-ref --format=%(refname)%00%(upstream:short)%00%(objectname)%00%(upstream:track)%00%(upstream:remotename)%00%(upstream:remoteref) refs/heads/main refs/remotes/main [2ms]
2025-03-05 21:14:11.066 [info] > git for-each-ref --sort -committerdate --format %(refname) %(objectname) %(*objectname) [2ms]
2025-03-05 21:14:11.105 [info] > git status -z -uall [44ms]
2025-03-05 21:14:16.116 [info] > git config --get commit.template [4ms]
2025-03-05 21:14:16.116 [info] > git for-each-ref --format=%(refname)%00%(upstream:short)%00%(objectname)%00%(upstream:track)%00%(upstream:remotename)%00%(upstream:remoteref) refs/heads/main refs/remotes/main [1ms]
2025-03-05 21:14:16.129 [info] > git for-each-ref --sort -committerdate --format %(refname) %(objectname) %(*objectname) [7ms]
2025-03-05 21:14:16.163 [info] > git status -z -uall [43ms]
2025-03-05 21:14:21.172 [info] > git config --get commit.template [3ms]
2025-03-05 21:14:21.173 [info] > git for-each-ref --format=%(refname)%00%(upstream:short)%00%(objectname)%00%(upstream:track)%00%(upstream:remotename)%00%(upstream:remoteref) refs/heads/main refs/remotes/main [2ms]
2025-03-05 21:14:21.185 [info] > git for-each-ref --sort -committerdate --format %(refname) %(objectname) %(*objectname) [7ms]
2025-03-05 21:14:21.219 [info] > git status -z -uall [44ms]
2025-03-05 21:14:26.229 [info] > git config --get commit.template [3ms]
2025-03-05 21:14:26.231 [info] > git for-each-ref --format=%(refname)%00%(upstream:short)%00%(objectname)%00%(upstream:track)%00%(upstream:remotename)%00%(upstream:remoteref) refs/heads/main refs/remotes/main [1ms]
2025-03-05 21:14:26.238 [info] > git for-each-ref --sort -committerdate --format %(refname) %(objectname) %(*objectname) [2ms]
2025-03-05 21:14:26.278 [info] > git status -z -uall [45ms]
2025-03-05 21:14:31.290 [info] > git config --get commit.template [3ms]
2025-03-05 21:14:31.291 [info] > git for-each-ref --format=%(refname)%00%(upstream:short)%00%(objectname)%00%(upstream:track)%00%(upstream:remotename)%00%(upstream:remoteref) refs/heads/main refs/remotes/main [2ms]
2025-03-05 21:14:31.298 [info] > git for-each-ref --sort -committerdate --format %(refname) %(objectname) %(*objectname) [2ms]
2025-03-05 21:14:31.337 [info] > git status -z -uall [44ms]
2025-03-05 21:14:36.347 [info] > git config --get commit.template [3ms]
2025-03-05 21:14:36.348 [info] > git for-each-ref --format=%(refname)%00%(upstream:short)%00%(objectname)%00%(upstream:track)%00%(upstream:remotename)%00%(upstream:remoteref) refs/heads/main refs/remotes/main [2ms]
2025-03-05 21:14:36.354 [info] > git for-each-ref --sort -committerdate --format %(refname) %(objectname) %(*objectname) [1ms]
2025-03-05 21:14:36.394 [info] > git status -z -uall [43ms]
2025-03-05 21:14:41.403 [info] > git config --get commit.template [3ms]
2025-03-05 21:14:41.404 [info] > git for-each-ref --format=%(refname)%00%(upstream:short)%00%(objectname)%00%(upstream:track)%00%(upstream:remotename)%00%(upstream:remoteref) refs/heads/main refs/remotes/main [2ms]
2025-03-05 21:14:41.411 [info] > git for-each-ref --sort -committerdate --format %(refname) %(objectname) %(*objectname) [2ms]
2025-03-05 21:14:41.450 [info] > git status -z -uall [43ms]
2025-03-05 21:14:46.459 [info] > git config --get commit.template [4ms]
2025-03-05 21:14:46.460 [info] > git for-each-ref --format=%(refname)%00%(upstream:short)%00%(objectname)%00%(upstream:track)%00%(upstream:remotename)%00%(upstream:remoteref) refs/heads/main refs/remotes/main [2ms]
2025-03-05 21:14:46.467 [info] > git for-each-ref --sort -committerdate --format %(refname) %(objectname) %(*objectname) [1ms]
2025-03-05 21:14:46.505 [info] > git status -z -uall [43ms]
2025-03-05 21:14:51.515 [info] > git config --get commit.template [3ms]
2025-03-05 21:14:51.516 [info] > git for-each-ref --format=%(refname)%00%(upstream:short)%00%(objectname)%00%(upstream:track)%00%(upstream:remotename)%00%(upstream:remoteref) refs/heads/main refs/remotes/main [2ms]
2025-03-05 21:14:51.523 [info] > git for-each-ref --sort -committerdate --format %(refname) %(objectname) %(*objectname) [2ms]
2025-03-05 21:14:51.562 [info] > git status -z -uall [43ms]
2025-03-05 21:14:56.571 [info] > git config --get commit.template [3ms]
2025-03-05 21:14:56.572 [info] > git for-each-ref --format=%(refname)%00%(upstream:short)%00%(objectname)%00%(upstream:track)%00%(upstream:remotename)%00%(upstream:remoteref) refs/heads/main refs/remotes/main [1ms]
2025-03-05 21:14:56.584 [info] > git for-each-ref --sort -committerdate --format %(refname) %(objectname) %(*objectname) [7ms]
2025-03-05 21:14:56.618 [info] > git status -z -uall [43ms]
2025-03-05 21:15:01.628 [info] > git config --get commit.template [3ms]
2025-03-05 21:15:01.629 [info] > git for-each-ref --format=%(refname)%00%(upstream:short)%00%(objectname)%00%(upstream:track)%00%(upstream:remotename)%00%(upstream:remoteref) refs/heads/main refs/remotes/main [1ms]
2025-03-05 21:15:01.636 [info] > git for-each-ref --sort -committerdate --format %(refname) %(objectname) %(*objectname) [2ms]
2025-03-05 21:15:01.675 [info] > git status -z -uall [43ms]
2025-03-05 21:15:06.687 [info] > git config --get commit.template [4ms]
2025-03-05 21:15:06.687 [info] > git for-each-ref --format=%(refname)%00%(upstream:short)%00%(objectname)%00%(upstream:track)%00%(upstream:remotename)%00%(upstream:remoteref) refs/heads/main refs/remotes/main [1ms]
2025-03-05 21:15:06.694 [info] > git for-each-ref --sort -committerdate --format %(refname) %(objectname) %(*objectname) [2ms]
2025-03-05 21:15:06.733 [info] > git status -z -uall [43ms]
2025-03-05 21:15:11.743 [info] > git config --get commit.template [3ms]
2025-03-05 21:15:11.744 [info] > git for-each-ref --format=%(refname)%00%(upstream:short)%00%(objectname)%00%(upstream:track)%00%(upstream:remotename)%00%(upstream:remoteref) refs/heads/main refs/remotes/main [1ms]
2025-03-05 21:15:11.754 [info] > git for-each-ref --sort -committerdate --format %(refname) %(objectname) %(*objectname) [4ms]
2025-03-05 21:15:11.790 [info] > git status -z -uall [43ms]
2025-03-05 21:15:16.800 [info] > git config --get commit.template [4ms]
2025-03-05 21:15:16.801 [info] > git for-each-ref --format=%(refname)%00%(upstream:short)%00%(objectname)%00%(upstream:track)%00%(upstream:remotename)%00%(upstream:remoteref) refs/heads/main refs/remotes/main [1ms]
2025-03-05 21:15:16.808 [info] > git for-each-ref --sort -committerdate --format %(refname) %(objectname) %(*objectname) [2ms]
2025-03-05 21:15:16.847 [info] > git status -z -uall [44ms]
2025-03-05 21:15:21.857 [info] > git config --get commit.template [4ms]
2025-03-05 21:15:21.857 [info] > git for-each-ref --format=%(refname)%00%(upstream:short)%00%(objectname)%00%(upstream:track)%00%(upstream:remotename)%00%(upstream:remoteref) refs/heads/main refs/remotes/main [1ms]
2025-03-05 21:15:21.869 [info] > git for-each-ref --sort -committerdate --format %(refname) %(objectname) %(*objectname) [7ms]
2025-03-05 21:15:21.902 [info] > git status -z -uall [42ms]
2025-03-05 21:15:26.911 [info] > git config --get commit.template [3ms]
2025-03-05 21:15:26.912 [info] > git for-each-ref --format=%(refname)%00%(upstream:short)%00%(objectname)%00%(upstream:track)%00%(upstream:remotename)%00%(upstream:remoteref) refs/heads/main refs/remotes/main [1ms]
2025-03-05 21:15:26.919 [info] > git for-each-ref --sort -committerdate --format %(refname) %(objectname) %(*objectname) [2ms]
2025-03-05 21:15:26.958 [info] > git status -z -uall [43ms]
2025-03-05 21:15:31.967 [info] > git config --get commit.template [4ms]
2025-03-05 21:15:31.968 [info] > git for-each-ref --format=%(refname)%00%(upstream:short)%00%(objectname)%00%(upstream:track)%00%(upstream:remotename)%00%(upstream:remoteref) refs/heads/main refs/remotes/main [2ms]
2025-03-05 21:15:31.981 [info] > git for-each-ref --sort -committerdate --format %(refname) %(objectname) %(*objectname) [9ms]
2025-03-05 21:15:32.012 [info] > git status -z -uall [42ms]
2025-03-05 21:15:37.022 [info] > git config --get commit.template [3ms]
2025-03-05 21:15:37.023 [info] > git for-each-ref --format=%(refname)%00%(upstream:short)%00%(objectname)%00%(upstream:track)%00%(upstream:remotename)%00%(upstream:remoteref) refs/heads/main refs/remotes/main [1ms]
2025-03-05 21:15:37.030 [info] > git for-each-ref --sort -committerdate --format %(refname) %(objectname) %(*objectname) [2ms]
2025-03-05 21:15:37.068 [info] > git status -z -uall [42ms]
2025-03-05 21:15:42.077 [info] > git config --get commit.template [2ms]
2025-03-05 21:15:42.078 [info] > git for-each-ref --format=%(refname)%00%(upstream:short)%00%(objectname)%00%(upstream:track)%00%(upstream:remotename)%00%(upstream:remoteref) refs/heads/main refs/remotes/main [1ms]
2025-03-05 21:15:42.089 [info] > git for-each-ref --sort -committerdate --format %(refname) %(objectname) %(*objectname) [6ms]
2025-03-05 21:15:42.123 [info] > git status -z -uall [43ms]
2025-03-05 21:15:47.131 [info] > git config --get commit.template [3ms]
2025-03-05 21:15:47.132 [info] > git for-each-ref --format=%(refname)%00%(upstream:short)%00%(objectname)%00%(upstream:track)%00%(upstream:remotename)%00%(upstream:remoteref) refs/heads/main refs/remotes/main [1ms]
2025-03-05 21:15:47.144 [info] > git for-each-ref --sort -committerdate --format %(refname) %(objectname) %(*objectname) [7ms]
2025-03-05 21:15:47.178 [info] > git status -z -uall [43ms]
2025-03-05 21:15:52.187 [info] > git config --get commit.template [3ms]
2025-03-05 21:15:52.188 [info] > git for-each-ref --format=%(refname)%00%(upstream:short)%00%(objectname)%00%(upstream:track)%00%(upstream:remotename)%00%(upstream:remoteref) refs/heads/main refs/remotes/main [1ms]
2025-03-05 21:15:52.199 [info] > git for-each-ref --sort -committerdate --format %(refname) %(objectname) %(*objectname) [6ms]
2025-03-05 21:15:52.233 [info] > git status -z -uall [43ms]
2025-03-05 21:15:57.243 [info] > git config --get commit.template [4ms]
2025-03-05 21:15:57.244 [info] > git for-each-ref --format=%(refname)%00%(upstream:short)%00%(objectname)%00%(upstream:track)%00%(upstream:remotename)%00%(upstream:remoteref) refs/heads/main refs/remotes/main [2ms]
2025-03-05 21:15:57.252 [info] > git for-each-ref --sort -committerdate --format %(refname) %(objectname) %(*objectname) [2ms]
2025-03-05 21:15:57.291 [info] > git status -z -uall [44ms]
2025-03-05 21:16:02.300 [info] > git config --get commit.template [3ms]
2025-03-05 21:16:02.302 [info] > git for-each-ref --format=%(refname)%00%(upstream:short)%00%(objectname)%00%(upstream:track)%00%(upstream:remotename)%00%(upstream:remoteref) refs/heads/main refs/remotes/main [1ms]
2025-03-05 21:16:02.315 [info] > git for-each-ref --sort -committerdate --format %(refname) %(objectname) %(*objectname) [9ms]
2025-03-05 21:16:02.347 [info] > git status -z -uall [43ms]
2025-03-05 21:16:16.400 [info] > git config --get commit.template [1ms]
2025-03-05 21:16:16.404 [info] > git for-each-ref --format=%(refname)%00%(upstream:short)%00%(objectname)%00%(upstream:track)%00%(upstream:remotename)%00%(upstream:remoteref) refs/heads/main refs/remotes/main [2ms]
2025-03-05 21:16:16.415 [info] > git for-each-ref --sort -committerdate --format %(refname) %(objectname) %(*objectname) [7ms]
2025-03-05 21:16:16.449 [info] > git status -z -uall [43ms]
2025-03-05 21:16:25.385 [info] > git config --get commit.template [4ms]
2025-03-05 21:16:25.386 [info] > git for-each-ref --format=%(refname)%00%(upstream:short)%00%(objectname)%00%(upstream:track)%00%(upstream:remotename)%00%(upstream:remoteref) refs/heads/main refs/remotes/main [2ms]
2025-03-05 21:16:25.393 [info] > git for-each-ref --sort -committerdate --format %(refname) %(objectname) %(*objectname) [3ms]
2025-03-05 21:16:25.431 [info] > git status -z -uall [43ms]
2025-03-05 21:16:30.441 [info] > git config --get commit.template [3ms]
2025-03-05 21:16:30.442 [info] > git for-each-ref --format=%(refname)%00%(upstream:short)%00%(objectname)%00%(upstream:track)%00%(upstream:remotename)%00%(upstream:remoteref) refs/heads/main refs/remotes/main [1ms]
2025-03-05 21:16:30.454 [info] > git for-each-ref --sort -committerdate --format %(refname) %(objectname) %(*objectname) [6ms]
2025-03-05 21:16:30.486 [info] > git status -z -uall [41ms]
2025-03-05 21:16:39.236 [info] > git config --get commit.template [4ms]
2025-03-05 21:16:39.236 [info] > git for-each-ref --format=%(refname)%00%(upstream:short)%00%(objectname)%00%(upstream:track)%00%(upstream:remotename)%00%(upstream:remoteref) refs/heads/main refs/remotes/main [1ms]
2025-03-05 21:16:39.243 [info] > git for-each-ref --sort -committerdate --format %(refname) %(objectname) %(*objectname) [2ms]
2025-03-05 21:16:39.281 [info] > git status -z -uall [42ms]
2025-03-05 21:16:49.582 [info] > git config --get commit.template [3ms]
2025-03-05 21:16:49.583 [info] > git for-each-ref --format=%(refname)%00%(upstream:short)%00%(objectname)%00%(upstream:track)%00%(upstream:remotename)%00%(upstream:remoteref) refs/heads/main refs/remotes/main [1ms]
2025-03-05 21:16:49.595 [info] > git for-each-ref --sort -committerdate --format %(refname) %(objectname) %(*objectname) [8ms]
2025-03-05 21:16:49.627 [info] > git status -z -uall [42ms]
2025-03-05 21:16:54.637 [info] > git config --get commit.template [3ms]
2025-03-05 21:16:54.638 [info] > git for-each-ref --format=%(refname)%00%(upstream:short)%00%(objectname)%00%(upstream:track)%00%(upstream:remotename)%00%(upstream:remoteref) refs/heads/main refs/remotes/main [1ms]
2025-03-05 21:16:54.647 [info] > git for-each-ref --sort -committerdate --format %(refname) %(objectname) %(*objectname) [4ms]
2025-03-05 21:16:54.684 [info] > git status -z -uall [43ms]
2025-03-05 21:16:59.693 [info] > git config --get commit.template [4ms]
2025-03-05 21:16:59.694 [info] > git for-each-ref --format=%(refname)%00%(upstream:short)%00%(objectname)%00%(upstream:track)%00%(upstream:remotename)%00%(upstream:remoteref) refs/heads/main refs/remotes/main [2ms]
2025-03-05 21:16:59.705 [info] > git for-each-ref --sort -committerdate --format %(refname) %(objectname) %(*objectname) [6ms]
2025-03-05 21:16:59.739 [info] > git status -z -uall [43ms]
2025-03-05 21:18:54.016 [info] > git config --get commit.template [3ms]
2025-03-05 21:18:54.017 [info] > git for-each-ref --format=%(refname)%00%(upstream:short)%00%(objectname)%00%(upstream:track)%00%(upstream:remotename)%00%(upstream:remoteref) refs/heads/main refs/remotes/main [2ms]
2025-03-05 21:18:54.029 [info] > git for-each-ref --sort -committerdate --format %(refname) %(objectname) %(*objectname) [7ms]
2025-03-05 21:18:54.063 [info] > git status -z -uall [44ms]
2025-03-05 21:19:01.754 [info] > git config --get commit.template [3ms]
2025-03-05 21:19:01.755 [info] > git for-each-ref --format=%(refname)%00%(upstream:short)%00%(objectname)%00%(upstream:track)%00%(upstream:remotename)%00%(upstream:remoteref) refs/heads/main refs/remotes/main [2ms]
2025-03-05 21:19:01.768 [info] > git for-each-ref --sort -committerdate --format %(refname) %(objectname) %(*objectname) [7ms]
2025-03-05 21:19:01.800 [info] > git status -z -uall [43ms]
2025-03-05 21:19:06.809 [info] > git config --get commit.template [3ms]
2025-03-05 21:19:06.811 [info] > git for-each-ref --format=%(refname)%00%(upstream:short)%00%(objectname)%00%(upstream:track)%00%(upstream:remotename)%00%(upstream:remoteref) refs/heads/main refs/remotes/main [2ms]
2025-03-05 21:19:06.822 [info] > git for-each-ref --sort -committerdate --format %(refname) %(objectname) %(*objectname) [7ms]
2025-03-05 21:19:06.856 [info] > git status -z -uall [43ms]
2025-03-05 21:19:18.368 [info] > git config --get commit.template [3ms]
2025-03-05 21:19:18.369 [info] > git for-each-ref --format=%(refname)%00%(upstream:short)%00%(objectname)%00%(upstream:track)%00%(upstream:remotename)%00%(upstream:remoteref) refs/heads/main refs/remotes/main [2ms]
2025-03-05 21:19:18.375 [info] > git for-each-ref --sort -committerdate --format %(refname) %(objectname) %(*objectname) [2ms]
2025-03-05 21:19:18.413 [info] > git status -z -uall [42ms]
2025-03-05 21:19:23.423 [info] > git config --get commit.template [3ms]
2025-03-05 21:19:23.424 [info] > git for-each-ref --format=%(refname)%00%(upstream:short)%00%(objectname)%00%(upstream:track)%00%(upstream:remotename)%00%(upstream:remoteref) refs/heads/main refs/remotes/main [1ms]
2025-03-05 21:19:23.435 [info] > git for-each-ref --sort -committerdate --format %(refname) %(objectname) %(*objectname) [7ms]
2025-03-05 21:19:23.470 [info] > git status -z -uall [43ms]
2025-03-05 21:20:05.047 [info] > git config --get commit.template [4ms]
2025-03-05 21:20:05.048 [info] > git for-each-ref --format=%(refname)%00%(upstream:short)%00%(objectname)%00%(upstream:track)%00%(upstream:remotename)%00%(upstream:remoteref) refs/heads/main refs/remotes/main [1ms]
2025-03-05 21:20:05.059 [info] > git for-each-ref --sort -committerdate --format %(refname) %(objectname) %(*objectname) [7ms]
2025-03-05 21:20:05.093 [info] > git status -z -uall [43ms]
2025-03-05 21:20:10.103 [info] > git config --get commit.template [3ms]
2025-03-05 21:20:10.104 [info] > git for-each-ref --format=%(refname)%00%(upstream:short)%00%(objectname)%00%(upstream:track)%00%(upstream:remotename)%00%(upstream:remoteref) refs/heads/main refs/remotes/main [1ms]
2025-03-05 21:20:10.111 [info] > git for-each-ref --sort -committerdate --format %(refname) %(objectname) %(*objectname) [2ms]
2025-03-05 21:20:10.149 [info] > git status -z -uall [42ms]
2025-03-05 21:20:15.157 [info] > git config --get commit.template [3ms]
2025-03-05 21:20:15.158 [info] > git for-each-ref --format=%(refname)%00%(upstream:short)%00%(objectname)%00%(upstream:track)%00%(upstream:remotename)%00%(upstream:remoteref) refs/heads/main refs/remotes/main [1ms]
2025-03-05 21:20:15.165 [info] > git for-each-ref --sort -committerdate --format %(refname) %(objectname) %(*objectname) [2ms]
2025-03-05 21:20:15.204 [info] > git status -z -uall [43ms]
2025-03-05 21:21:39.942 [info] > git config --get commit.template [3ms]
2025-03-05 21:21:39.943 [info] > git for-each-ref --format=%(refname)%00%(upstream:short)%00%(objectname)%00%(upstream:track)%00%(upstream:remotename)%00%(upstream:remoteref) refs/heads/main refs/remotes/main [1ms]
2025-03-05 21:21:39.953 [info] > git for-each-ref --sort -committerdate --format %(refname) %(objectname) %(*objectname) [6ms]
2025-03-05 21:21:39.987 [info] > git status -z -uall [42ms]
2025-03-05 21:21:44.995 [info] > git config --get commit.template [3ms]
2025-03-05 21:21:44.996 [info] > git for-each-ref --format=%(refname)%00%(upstream:short)%00%(objectname)%00%(upstream:track)%00%(upstream:remotename)%00%(upstream:remoteref) refs/heads/main refs/remotes/main [2ms]
2025-03-05 21:21:45.003 [info] > git for-each-ref --sort -committerdate --format %(refname) %(objectname) %(*objectname) [3ms]
2025-03-05 21:21:45.043 [info] > git status -z -uall [44ms]
