2025-04-04 23:37:46.257 [info] [main] Log level: Info
2025-04-04 23:37:46.257 [info] [main] Validating found git in: "git"
2025-04-04 23:37:46.257 [info] [main] Using git "2.34.1" from "git"
2025-04-04 23:37:46.257 [info] [Model][doInitialScan] Initial repository scan started
2025-04-04 23:37:46.257 [info] > git rev-parse --show-toplevel [41ms]
2025-04-04 23:37:46.257 [info] > git rev-parse --git-dir --git-common-dir [2ms]
2025-04-04 23:37:46.257 [info] [Model][openRepository] Opened repository: /home/student
2025-04-04 23:37:46.257 [info] > git rev-parse --show-toplevel [6ms]
2025-04-04 23:37:46.257 [info] > git config --get commit.template [11ms]
2025-04-04 23:37:46.258 [info] > git rev-parse --show-toplevel [2ms]
2025-04-04 23:37:46.261 [info] > git rev-parse --show-toplevel [1ms]
2025-04-04 23:37:46.264 [info] > git rev-parse --show-toplevel [1ms]
2025-04-04 23:37:46.268 [info] > git rev-parse --show-toplevel [2ms]
2025-04-04 23:37:46.272 [info] [Model][doInitialScan] Initial repository scan completed - repositories (1), closed repositories (0), parent repositories (0), unsafe repositories (0)
2025-04-04 23:37:46.280 [info] > git for-each-ref --format=%(refname)%00%(upstream:short)%00%(objectname)%00%(upstream:track)%00%(upstream:remotename)%00%(upstream:remoteref) refs/heads/main refs/remotes/main [27ms]
2025-04-04 23:37:46.289 [info] > git for-each-ref --sort -committerdate --format %(refname) %(objectname) %(*objectname) [2ms]
2025-04-04 23:37:46.438 [info] > git status -z -uall [154ms]
2025-04-04 23:37:46.567 [info] > git for-each-ref --format=%(refname)%00%(upstream:short)%00%(objectname)%00%(upstream:track)%00%(upstream:remotename)%00%(upstream:remoteref) refs/heads/main refs/remotes/main [16ms]
2025-04-04 23:37:46.571 [info] > git config --get commit.template [5ms]
2025-04-04 23:37:46.572 [info] > git config --get --local branch.main.vscode-merge-base [2ms]
2025-04-04 23:37:46.572 [warning] [Git][config] git config failed: Failed to execute git
2025-04-04 23:37:46.578 [info] > git for-each-ref --format=%(refname)%00%(upstream:short)%00%(objectname)%00%(upstream:track)%00%(upstream:remotename)%00%(upstream:remoteref) refs/heads/main refs/remotes/main [2ms]
2025-04-04 23:37:46.584 [info] > git for-each-ref --sort -committerdate --format %(refname) %(objectname) %(*objectname) [1ms]
2025-04-04 23:37:46.606 [info] > git reflog main --grep-reflog=branch: Created from *. [31ms]
2025-04-04 23:37:46.614 [info] > git symbolic-ref --short refs/remotes/origin/HEAD [6ms]
2025-04-04 23:37:46.614 [info] fatal: ref refs/remotes/origin/HEAD is not a symbolic ref
2025-04-04 23:37:46.614 [warning] [Repository][getDefaultBranch] Failed to get default branch details: Failed to execute git.
2025-04-04 23:37:46.619 [info] > git merge-base refs/heads/main refs/remotes/origin/main [1ms]
2025-04-04 23:37:46.624 [info] > git diff --name-status -z --diff-filter=ADMR 73250b902b6c038d6bd3d5f9ba8021d108414f79...refs/remotes/origin/main [1ms]
2025-04-04 23:37:46.641 [info] > git status -z -uall [61ms]
2025-04-04 23:37:46.759 [info] > git show --textconv :Engr212_Tsegay_Asmerom/Lab8/breast-w-uniform.csv [19ms]
2025-04-04 23:37:46.759 [info] > git ls-files --stage -- Engr212_Tsegay_Asmerom/Lab8/breast-w-uniform.csv [15ms]
2025-04-04 23:37:46.763 [info] > git cat-file -s 3e9769956ade4fbaa5e0db4920049ee765b0f971 [2ms]
2025-04-04 23:37:46.943 [info] > git check-ignore -v -z --stdin [20ms]
2025-04-04 23:37:47.368 [info] > git blame --root --incremental 73250b902b6c038d6bd3d5f9ba8021d108414f79 -- Engr212_Tsegay_Asmerom/Lab8/breast-w-uniform.csv [253ms]
2025-04-04 23:37:49.739 [info] > git ls-files --stage -- Engr212_Tsegay_Asmerom/Lab8/Iris_data.csv [4ms]
2025-04-04 23:37:49.742 [info] > git show --textconv :Engr212_Tsegay_Asmerom/Lab8/Iris_data.csv [10ms]
2025-04-04 23:37:49.742 [info] > git cat-file -s a54a509371b715b3bd14abc591772ebd8814fa51 [1ms]
2025-04-04 23:37:49.858 [info] > git blame --root --incremental 73250b902b6c038d6bd3d5f9ba8021d108414f79 -- Engr212_Tsegay_Asmerom/Lab8/Iris_data.csv [8ms]
2025-04-04 23:37:51.384 [info] > git config --get commit.template [1ms]
2025-04-04 23:37:51.388 [info] > git for-each-ref --format=%(refname)%00%(upstream:short)%00%(objectname)%00%(upstream:track)%00%(upstream:remotename)%00%(upstream:remoteref) refs/heads/main refs/remotes/main [1ms]
2025-04-04 23:37:51.397 [info] > git for-each-ref --sort -committerdate --format %(refname) %(objectname) %(*objectname) [4ms]
2025-04-04 23:37:51.447 [info] > git status -z -uall [56ms]
2025-04-04 23:38:18.496 [info] > git config --get commit.template [4ms]
2025-04-04 23:38:18.496 [info] > git for-each-ref --format=%(refname)%00%(upstream:short)%00%(objectname)%00%(upstream:track)%00%(upstream:remotename)%00%(upstream:remoteref) refs/heads/main refs/remotes/main [2ms]
2025-04-04 23:38:18.509 [info] > git for-each-ref --sort -committerdate --format %(refname) %(objectname) %(*objectname) [9ms]
2025-04-04 23:38:18.551 [info] > git status -z -uall [53ms]
2025-04-04 23:38:23.562 [info] > git config --get commit.template [3ms]
2025-04-04 23:38:23.562 [info] > git for-each-ref --format=%(refname)%00%(upstream:short)%00%(objectname)%00%(upstream:track)%00%(upstream:remotename)%00%(upstream:remoteref) refs/heads/main refs/remotes/main [1ms]
2025-04-04 23:38:23.571 [info] > git for-each-ref --sort -committerdate --format %(refname) %(objectname) %(*objectname) [5ms]
2025-04-04 23:38:23.617 [info] > git status -z -uall [53ms]
2025-04-04 23:38:28.627 [info] > git config --get commit.template [3ms]
2025-04-04 23:38:28.628 [info] > git for-each-ref --format=%(refname)%00%(upstream:short)%00%(objectname)%00%(upstream:track)%00%(upstream:remotename)%00%(upstream:remoteref) refs/heads/main refs/remotes/main [1ms]
2025-04-04 23:38:28.640 [info] > git for-each-ref --sort -committerdate --format %(refname) %(objectname) %(*objectname) [7ms]
2025-04-04 23:38:28.685 [info] > git status -z -uall [53ms]
2025-04-04 23:38:33.695 [info] > git config --get commit.template [3ms]
2025-04-04 23:38:33.696 [info] > git for-each-ref --format=%(refname)%00%(upstream:short)%00%(objectname)%00%(upstream:track)%00%(upstream:remotename)%00%(upstream:remoteref) refs/heads/main refs/remotes/main [2ms]
2025-04-04 23:38:33.703 [info] > git for-each-ref --sort -committerdate --format %(refname) %(objectname) %(*objectname) [2ms]
2025-04-04 23:38:33.754 [info] > git status -z -uall [55ms]
2025-04-04 23:38:39.694 [info] > git config --get commit.template [3ms]
2025-04-04 23:38:39.694 [info] > git for-each-ref --format=%(refname)%00%(upstream:short)%00%(objectname)%00%(upstream:track)%00%(upstream:remotename)%00%(upstream:remoteref) refs/heads/main refs/remotes/main [1ms]
2025-04-04 23:38:39.701 [info] > git for-each-ref --sort -committerdate --format %(refname) %(objectname) %(*objectname) [2ms]
2025-04-04 23:38:39.750 [info] > git status -z -uall [53ms]
2025-04-04 23:38:44.763 [info] > git config --get commit.template [3ms]
2025-04-04 23:38:44.764 [info] > git for-each-ref --format=%(refname)%00%(upstream:short)%00%(objectname)%00%(upstream:track)%00%(upstream:remotename)%00%(upstream:remoteref) refs/heads/main refs/remotes/main [2ms]
2025-04-04 23:38:44.777 [info] > git for-each-ref --sort -committerdate --format %(refname) %(objectname) %(*objectname) [8ms]
2025-04-04 23:38:44.821 [info] > git status -z -uall [54ms]
2025-04-04 23:38:49.833 [info] > git config --get commit.template [3ms]
2025-04-04 23:38:49.834 [info] > git for-each-ref --format=%(refname)%00%(upstream:short)%00%(objectname)%00%(upstream:track)%00%(upstream:remotename)%00%(upstream:remoteref) refs/heads/main refs/remotes/main [2ms]
2025-04-04 23:38:49.841 [info] > git for-each-ref --sort -committerdate --format %(refname) %(objectname) %(*objectname) [2ms]
2025-04-04 23:38:49.891 [info] > git status -z -uall [54ms]
2025-04-04 23:38:54.903 [info] > git config --get commit.template [3ms]
2025-04-04 23:38:54.904 [info] > git for-each-ref --format=%(refname)%00%(upstream:short)%00%(objectname)%00%(upstream:track)%00%(upstream:remotename)%00%(upstream:remoteref) refs/heads/main refs/remotes/main [2ms]
2025-04-04 23:38:54.911 [info] > git for-each-ref --sort -committerdate --format %(refname) %(objectname) %(*objectname) [3ms]
2025-04-04 23:38:54.961 [info] > git status -z -uall [54ms]
2025-04-04 23:38:59.972 [info] > git config --get commit.template [4ms]
2025-04-04 23:38:59.972 [info] > git for-each-ref --format=%(refname)%00%(upstream:short)%00%(objectname)%00%(upstream:track)%00%(upstream:remotename)%00%(upstream:remoteref) refs/heads/main refs/remotes/main [1ms]
2025-04-04 23:38:59.981 [info] > git for-each-ref --sort -committerdate --format %(refname) %(objectname) %(*objectname) [4ms]
2025-04-04 23:39:00.028 [info] > git status -z -uall [53ms]
2025-04-04 23:39:05.975 [info] > git config --get commit.template [4ms]
2025-04-04 23:39:05.976 [info] > git for-each-ref --format=%(refname)%00%(upstream:short)%00%(objectname)%00%(upstream:track)%00%(upstream:remotename)%00%(upstream:remoteref) refs/heads/main refs/remotes/main [2ms]
2025-04-04 23:39:05.988 [info] > git for-each-ref --sort -committerdate --format %(refname) %(objectname) %(*objectname) [7ms]
2025-04-04 23:39:06.034 [info] > git status -z -uall [55ms]
2025-04-04 23:39:11.045 [info] > git config --get commit.template [4ms]
2025-04-04 23:39:11.046 [info] > git for-each-ref --format=%(refname)%00%(upstream:short)%00%(objectname)%00%(upstream:track)%00%(upstream:remotename)%00%(upstream:remoteref) refs/heads/main refs/remotes/main [2ms]
2025-04-04 23:39:11.056 [info] > git for-each-ref --sort -committerdate --format %(refname) %(objectname) %(*objectname) [4ms]
2025-04-04 23:39:11.104 [info] > git status -z -uall [55ms]
2025-04-04 23:39:13.997 [info] > git check-ignore -v -z --stdin [4ms]
2025-04-04 23:39:16.115 [info] > git config --get commit.template [3ms]
2025-04-04 23:39:16.116 [info] > git for-each-ref --format=%(refname)%00%(upstream:short)%00%(objectname)%00%(upstream:track)%00%(upstream:remotename)%00%(upstream:remoteref) refs/heads/main refs/remotes/main [1ms]
2025-04-04 23:39:16.123 [info] > git for-each-ref --sort -committerdate --format %(refname) %(objectname) %(*objectname) [2ms]
2025-04-04 23:39:16.174 [info] > git status -z -uall [55ms]
2025-04-04 23:39:33.165 [info] > git config --get commit.template [3ms]
2025-04-04 23:39:33.166 [info] > git for-each-ref --format=%(refname)%00%(upstream:short)%00%(objectname)%00%(upstream:track)%00%(upstream:remotename)%00%(upstream:remoteref) refs/heads/main refs/remotes/main [2ms]
2025-04-04 23:39:33.174 [info] > git for-each-ref --sort -committerdate --format %(refname) %(objectname) %(*objectname) [2ms]
2025-04-04 23:39:33.224 [info] > git status -z -uall [55ms]
2025-04-04 23:39:38.235 [info] > git config --get commit.template [3ms]
2025-04-04 23:39:38.236 [info] > git for-each-ref --format=%(refname)%00%(upstream:short)%00%(objectname)%00%(upstream:track)%00%(upstream:remotename)%00%(upstream:remoteref) refs/heads/main refs/remotes/main [2ms]
2025-04-04 23:39:38.243 [info] > git for-each-ref --sort -committerdate --format %(refname) %(objectname) %(*objectname) [2ms]
2025-04-04 23:39:38.293 [info] > git status -z -uall [55ms]
2025-04-04 23:39:43.303 [info] > git config --get commit.template [3ms]
2025-04-04 23:39:43.304 [info] > git for-each-ref --format=%(refname)%00%(upstream:short)%00%(objectname)%00%(upstream:track)%00%(upstream:remotename)%00%(upstream:remoteref) refs/heads/main refs/remotes/main [2ms]
2025-04-04 23:39:43.317 [info] > git for-each-ref --sort -committerdate --format %(refname) %(objectname) %(*objectname) [8ms]
2025-04-04 23:39:43.361 [info] > git status -z -uall [54ms]
2025-04-04 23:39:54.238 [info] > git config --get commit.template [3ms]
2025-04-04 23:39:54.240 [info] > git for-each-ref --format=%(refname)%00%(upstream:short)%00%(objectname)%00%(upstream:track)%00%(upstream:remotename)%00%(upstream:remoteref) refs/heads/main refs/remotes/main [2ms]
2025-04-04 23:39:54.247 [info] > git for-each-ref --sort -committerdate --format %(refname) %(objectname) %(*objectname) [1ms]
2025-04-04 23:39:54.298 [info] > git status -z -uall [55ms]
2025-04-04 23:46:15.335 [info] > git config --get commit.template [3ms]
2025-04-04 23:46:15.336 [info] > git for-each-ref --format=%(refname)%00%(upstream:short)%00%(objectname)%00%(upstream:track)%00%(upstream:remotename)%00%(upstream:remoteref) refs/heads/main refs/remotes/main [1ms]
2025-04-04 23:46:15.351 [info] > git for-each-ref --sort -committerdate --format %(refname) %(objectname) %(*objectname) [10ms]
2025-04-04 23:46:15.419 [info] > git status -z -uall [80ms]
2025-04-04 23:46:20.429 [info] > git config --get commit.template [3ms]
2025-04-04 23:46:20.430 [info] > git for-each-ref --format=%(refname)%00%(upstream:short)%00%(objectname)%00%(upstream:track)%00%(upstream:remotename)%00%(upstream:remoteref) refs/heads/main refs/remotes/main [1ms]
2025-04-04 23:46:20.443 [info] > git for-each-ref --sort -committerdate --format %(refname) %(objectname) %(*objectname) [8ms]
2025-04-04 23:46:20.486 [info] > git status -z -uall [53ms]
2025-04-04 23:46:25.497 [info] > git config --get commit.template [4ms]
2025-04-04 23:46:25.498 [info] > git for-each-ref --format=%(refname)%00%(upstream:short)%00%(objectname)%00%(upstream:track)%00%(upstream:remotename)%00%(upstream:remoteref) refs/heads/main refs/remotes/main [2ms]
2025-04-04 23:46:25.505 [info] > git for-each-ref --sort -committerdate --format %(refname) %(objectname) %(*objectname) [2ms]
2025-04-04 23:46:25.558 [info] > git status -z -uall [57ms]
2025-04-04 23:47:51.521 [info] > git config --get commit.template [3ms]
2025-04-04 23:47:51.522 [info] > git for-each-ref --format=%(refname)%00%(upstream:short)%00%(objectname)%00%(upstream:track)%00%(upstream:remotename)%00%(upstream:remoteref) refs/heads/main refs/remotes/main [2ms]
2025-04-04 23:47:51.528 [info] > git for-each-ref --sort -committerdate --format %(refname) %(objectname) %(*objectname) [2ms]
2025-04-04 23:47:51.577 [info] > git status -z -uall [53ms]
2025-04-04 23:47:56.586 [info] > git config --get commit.template [2ms]
2025-04-04 23:47:56.587 [info] > git for-each-ref --format=%(refname)%00%(upstream:short)%00%(objectname)%00%(upstream:track)%00%(upstream:remotename)%00%(upstream:remoteref) refs/heads/main refs/remotes/main [1ms]
2025-04-04 23:47:56.601 [info] > git for-each-ref --sort -committerdate --format %(refname) %(objectname) %(*objectname) [9ms]
2025-04-04 23:47:56.643 [info] > git status -z -uall [54ms]
2025-04-04 23:48:01.653 [info] > git config --get commit.template [2ms]
2025-04-04 23:48:01.658 [info] > git for-each-ref --format=%(refname)%00%(upstream:short)%00%(objectname)%00%(upstream:track)%00%(upstream:remotename)%00%(upstream:remoteref) refs/heads/main refs/remotes/main [2ms]
2025-04-04 23:48:01.665 [info] > git for-each-ref --sort -committerdate --format %(refname) %(objectname) %(*objectname) [1ms]
2025-04-04 23:48:01.719 [info] > git status -z -uall [58ms]
2025-04-04 23:48:06.729 [info] > git config --get commit.template [2ms]
2025-04-04 23:48:06.730 [info] > git for-each-ref --format=%(refname)%00%(upstream:short)%00%(objectname)%00%(upstream:track)%00%(upstream:remotename)%00%(upstream:remoteref) refs/heads/main refs/remotes/main [1ms]
2025-04-04 23:48:06.737 [info] > git for-each-ref --sort -committerdate --format %(refname) %(objectname) %(*objectname) [2ms]
2025-04-04 23:48:06.797 [info] > git status -z -uall [63ms]
2025-04-04 23:49:01.844 [info] > git config --get commit.template [1ms]
2025-04-04 23:49:01.848 [info] > git for-each-ref --format=%(refname)%00%(upstream:short)%00%(objectname)%00%(upstream:track)%00%(upstream:remotename)%00%(upstream:remoteref) refs/heads/main refs/remotes/main [2ms]
2025-04-04 23:49:01.865 [info] > git for-each-ref --sort -committerdate --format %(refname) %(objectname) %(*objectname) [10ms]
2025-04-04 23:49:01.906 [info] > git status -z -uall [55ms]
2025-04-04 23:49:06.918 [info] > git config --get commit.template [3ms]
2025-04-04 23:49:06.919 [info] > git for-each-ref --format=%(refname)%00%(upstream:short)%00%(objectname)%00%(upstream:track)%00%(upstream:remotename)%00%(upstream:remoteref) refs/heads/main refs/remotes/main [2ms]
2025-04-04 23:49:06.925 [info] > git for-each-ref --sort -committerdate --format %(refname) %(objectname) %(*objectname) [1ms]
2025-04-04 23:49:06.976 [info] > git status -z -uall [55ms]
2025-04-04 23:49:17.724 [info] > git config --get commit.template [4ms]
2025-04-04 23:49:17.724 [info] > git for-each-ref --format=%(refname)%00%(upstream:short)%00%(objectname)%00%(upstream:track)%00%(upstream:remotename)%00%(upstream:remoteref) refs/heads/main refs/remotes/main [1ms]
2025-04-04 23:49:17.739 [info] > git for-each-ref --sort -committerdate --format %(refname) %(objectname) %(*objectname) [9ms]
2025-04-04 23:49:17.783 [info] > git status -z -uall [56ms]
2025-04-04 23:49:22.792 [info] > git config --get commit.template [3ms]
2025-04-04 23:49:22.793 [info] > git for-each-ref --format=%(refname)%00%(upstream:short)%00%(objectname)%00%(upstream:track)%00%(upstream:remotename)%00%(upstream:remoteref) refs/heads/main refs/remotes/main [1ms]
2025-04-04 23:49:22.809 [info] > git for-each-ref --sort -committerdate --format %(refname) %(objectname) %(*objectname) [11ms]
2025-04-04 23:49:22.849 [info] > git status -z -uall [53ms]
2025-04-04 23:49:27.860 [info] > git config --get commit.template [3ms]
2025-04-04 23:49:27.861 [info] > git for-each-ref --format=%(refname)%00%(upstream:short)%00%(objectname)%00%(upstream:track)%00%(upstream:remotename)%00%(upstream:remoteref) refs/heads/main refs/remotes/main [1ms]
2025-04-04 23:49:27.875 [info] > git for-each-ref --sort -committerdate --format %(refname) %(objectname) %(*objectname) [9ms]
2025-04-04 23:49:27.919 [info] > git status -z -uall [55ms]
2025-04-04 23:49:32.927 [info] > git config --get commit.template [2ms]
2025-04-04 23:49:32.931 [info] > git for-each-ref --format=%(refname)%00%(upstream:short)%00%(objectname)%00%(upstream:track)%00%(upstream:remotename)%00%(upstream:remoteref) refs/heads/main refs/remotes/main [2ms]
2025-04-04 23:49:32.938 [info] > git for-each-ref --sort -committerdate --format %(refname) %(objectname) %(*objectname) [2ms]
2025-04-04 23:49:32.987 [info] > git status -z -uall [54ms]
2025-04-04 23:49:37.995 [info] > git config --get commit.template [3ms]
2025-04-04 23:49:37.996 [info] > git for-each-ref --format=%(refname)%00%(upstream:short)%00%(objectname)%00%(upstream:track)%00%(upstream:remotename)%00%(upstream:remoteref) refs/heads/main refs/remotes/main [1ms]
2025-04-04 23:49:38.010 [info] > git for-each-ref --sort -committerdate --format %(refname) %(objectname) %(*objectname) [9ms]
2025-04-04 23:49:38.052 [info] > git status -z -uall [53ms]
2025-04-04 23:50:26.496 [info] > git config --get commit.template [4ms]
2025-04-04 23:50:26.496 [info] > git for-each-ref --format=%(refname)%00%(upstream:short)%00%(objectname)%00%(upstream:track)%00%(upstream:remotename)%00%(upstream:remoteref) refs/heads/main refs/remotes/main [1ms]
2025-04-04 23:50:26.503 [info] > git for-each-ref --sort -committerdate --format %(refname) %(objectname) %(*objectname) [1ms]
2025-04-04 23:50:26.555 [info] > git status -z -uall [56ms]
2025-04-04 23:50:31.564 [info] > git config --get commit.template [3ms]
2025-04-04 23:50:31.566 [info] > git for-each-ref --format=%(refname)%00%(upstream:short)%00%(objectname)%00%(upstream:track)%00%(upstream:remotename)%00%(upstream:remoteref) refs/heads/main refs/remotes/main [1ms]
2025-04-04 23:50:31.572 [info] > git for-each-ref --sort -committerdate --format %(refname) %(objectname) %(*objectname) [2ms]
2025-04-04 23:50:31.623 [info] > git status -z -uall [55ms]
2025-04-04 23:50:36.633 [info] > git config --get commit.template [2ms]
2025-04-04 23:50:36.635 [info] > git for-each-ref --format=%(refname)%00%(upstream:short)%00%(objectname)%00%(upstream:track)%00%(upstream:remotename)%00%(upstream:remoteref) refs/heads/main refs/remotes/main [1ms]
2025-04-04 23:50:36.649 [info] > git for-each-ref --sort -committerdate --format %(refname) %(objectname) %(*objectname) [9ms]
2025-04-04 23:50:36.691 [info] > git status -z -uall [54ms]
2025-04-04 23:50:41.703 [info] > git config --get commit.template [4ms]
2025-04-04 23:50:41.704 [info] > git for-each-ref --format=%(refname)%00%(upstream:short)%00%(objectname)%00%(upstream:track)%00%(upstream:remotename)%00%(upstream:remoteref) refs/heads/main refs/remotes/main [2ms]
2025-04-04 23:50:41.711 [info] > git for-each-ref --sort -committerdate --format %(refname) %(objectname) %(*objectname) [2ms]
2025-04-04 23:50:41.762 [info] > git status -z -uall [55ms]
2025-04-04 23:50:46.771 [info] > git config --get commit.template [3ms]
2025-04-04 23:50:46.772 [info] > git for-each-ref --format=%(refname)%00%(upstream:short)%00%(objectname)%00%(upstream:track)%00%(upstream:remotename)%00%(upstream:remoteref) refs/heads/main refs/remotes/main [1ms]
2025-04-04 23:50:46.784 [info] > git for-each-ref --sort -committerdate --format %(refname) %(objectname) %(*objectname) [7ms]
2025-04-04 23:50:46.828 [info] > git status -z -uall [53ms]
2025-04-04 23:50:51.838 [info] > git config --get commit.template [3ms]
2025-04-04 23:50:51.839 [info] > git for-each-ref --format=%(refname)%00%(upstream:short)%00%(objectname)%00%(upstream:track)%00%(upstream:remotename)%00%(upstream:remoteref) refs/heads/main refs/remotes/main [1ms]
2025-04-04 23:50:51.848 [info] > git for-each-ref --sort -committerdate --format %(refname) %(objectname) %(*objectname) [3ms]
2025-04-04 23:50:51.895 [info] > git status -z -uall [53ms]
2025-04-04 23:50:56.906 [info] > git config --get commit.template [3ms]
2025-04-04 23:50:56.907 [info] > git for-each-ref --format=%(refname)%00%(upstream:short)%00%(objectname)%00%(upstream:track)%00%(upstream:remotename)%00%(upstream:remoteref) refs/heads/main refs/remotes/main [2ms]
2025-04-04 23:50:56.919 [info] > git for-each-ref --sort -committerdate --format %(refname) %(objectname) %(*objectname) [7ms]
2025-04-04 23:50:56.963 [info] > git status -z -uall [54ms]
2025-04-04 23:51:01.974 [info] > git config --get commit.template [4ms]
2025-04-04 23:51:01.975 [info] > git for-each-ref --format=%(refname)%00%(upstream:short)%00%(objectname)%00%(upstream:track)%00%(upstream:remotename)%00%(upstream:remoteref) refs/heads/main refs/remotes/main [2ms]
2025-04-04 23:51:01.990 [info] > git for-each-ref --sort -committerdate --format %(refname) %(objectname) %(*objectname) [8ms]
2025-04-04 23:51:02.036 [info] > git status -z -uall [58ms]
