2025-04-25 23:10:52.840 [info] Extension host with pid 1177 started
2025-04-25 23:10:52.855 [info] Lock '/home/student/.vscode-server/data/User/workspaceStorage/255174b9c84437907369f27ac92b5bdb/vscode.lock': Lock acquired.
2025-04-25 23:10:53.193 [info] ExtensionService#_doActivateExtension vscode.emmet, startup: false, activationEvent: 'onLanguage'
2025-04-25 23:10:53.195 [info] ExtensionService#_doActivateExtension vscode.git-base, startup: false, activationEvent: '*', root cause: vscode.git
2025-04-25 23:10:53.348 [info] ExtensionService#_doActivateExtension vscode.git, startup: false, activationEvent: '*'
2025-04-25 23:10:53.349 [info] ExtensionService#_doActivateExtension vscode.github, startup: false, activationEvent: '*'
2025-04-25 23:10:53.703 [info] Eager extensions activated
2025-04-25 23:10:53.703 [info] ExtensionService#_doActivateExtension vscode.debug-auto-launch, startup: false, activationEvent: 'onStartupFinished'
2025-04-25 23:10:53.704 [info] ExtensionService#_doActivateExtension vscode.merge-conflict, startup: false, activationEvent: 'onStartupFinished'
2025-04-25 23:10:54.440 [warning] [Decorations] CAPPING events from decorations provider vscode.git 4755
2025-04-25 23:10:55.239 [warning] [Decorations] CAPPING events from decorations provider vscode.git 4755
2025-04-25 23:10:59.417 [warning] [Decorations] CAPPING events from decorations provider vscode.git 4755
2025-04-25 23:11:04.607 [warning] [Decorations] CAPPING events from decorations provider vscode.git 4779
2025-04-25 23:11:09.798 [warning] [Decorations] CAPPING events from decorations provider vscode.git 4779
2025-04-25 23:11:14.984 [warning] [Decorations] CAPPING events from decorations provider vscode.git 4779
2025-04-25 23:11:20.173 [warning] [Decorations] CAPPING events from decorations provider vscode.git 4779
2025-04-25 23:11:25.356 [warning] [Decorations] CAPPING events from decorations provider vscode.git 4779
2025-04-25 23:11:30.546 [warning] [Decorations] CAPPING events from decorations provider vscode.git 4779
2025-04-25 23:11:35.741 [warning] [Decorations] CAPPING events from decorations provider vscode.git 4779
2025-04-25 23:11:40.925 [warning] [Decorations] CAPPING events from decorations provider vscode.git 4779
2025-04-25 23:11:57.063 [warning] [Decorations] CAPPING events from decorations provider vscode.git 4779
2025-04-25 23:12:09.510 [warning] [Decorations] CAPPING events from decorations provider vscode.git 4779
2025-04-25 23:12:14.690 [warning] [Decorations] CAPPING events from decorations provider vscode.git 4779
2025-04-25 23:12:19.865 [warning] [Decorations] CAPPING events from decorations provider vscode.git 4779
2025-04-25 23:12:25.038 [warning] [Decorations] CAPPING events from decorations provider vscode.git 4779
2025-04-25 23:12:30.215 [warning] [Decorations] CAPPING events from decorations provider vscode.git 4779
2025-04-25 23:12:35.392 [warning] [Decorations] CAPPING events from decorations provider vscode.git 4779
2025-04-25 23:12:40.563 [warning] [Decorations] CAPPING events from decorations provider vscode.git 4779
2025-04-25 23:12:45.754 [warning] [Decorations] CAPPING events from decorations provider vscode.git 4779
2025-04-25 23:12:50.942 [warning] [Decorations] CAPPING events from decorations provider vscode.git 4779
2025-04-25 23:12:56.167 [warning] [Decorations] CAPPING events from decorations provider vscode.git 4779
2025-04-25 23:13:01.352 [warning] [Decorations] CAPPING events from decorations provider vscode.git 4779
2025-04-25 23:13:06.559 [warning] [Decorations] CAPPING events from decorations provider vscode.git 4779
2025-04-25 23:13:11.742 [warning] [Decorations] CAPPING events from decorations provider vscode.git 4779
2025-04-25 23:13:16.927 [warning] [Decorations] CAPPING events from decorations provider vscode.git 4779
2025-04-25 23:13:22.149 [warning] [Decorations] CAPPING events from decorations provider vscode.git 4779
2025-04-25 23:13:27.336 [warning] [Decorations] CAPPING events from decorations provider vscode.git 4779
2025-04-25 23:13:32.508 [warning] [Decorations] CAPPING events from decorations provider vscode.git 4779
2025-04-25 23:13:35.568 [info] ExtensionService#_doActivateExtension vscode.npm, startup: false, activationEvent: 'onTerminalQuickFixRequest:ms-vscode.npm-command'
2025-04-25 23:13:37.704 [warning] [Decorations] CAPPING events from decorations provider vscode.git 4779
2025-04-25 23:13:41.459 [info] ExtensionService#_doActivateExtension vscode.configuration-editing, startup: false, activationEvent: 'onLanguage:json'
2025-04-25 23:13:41.460 [info] ExtensionService#_doActivateExtension vscode.extension-editing, startup: false, activationEvent: 'onLanguage:json'
2025-04-25 23:13:41.460 [info] ExtensionService#_doActivateExtension vscode.json-language-features, startup: false, activationEvent: 'onLanguage:json'
2025-04-25 23:13:42.898 [warning] [Decorations] CAPPING events from decorations provider vscode.git 4780
2025-04-25 23:13:48.083 [warning] [Decorations] CAPPING events from decorations provider vscode.git 4780
2025-04-25 23:13:53.277 [warning] [Decorations] CAPPING events from decorations provider vscode.git 4780
2025-04-25 23:13:58.485 [warning] [Decorations] CAPPING events from decorations provider vscode.git 4801
2025-04-25 23:14:03.677 [warning] [Decorations] CAPPING events from decorations provider vscode.git 4801
2025-04-25 23:14:08.870 [warning] [Decorations] CAPPING events from decorations provider vscode.git 4801
2025-04-25 23:14:14.052 [warning] [Decorations] CAPPING events from decorations provider vscode.git 4801
2025-04-25 23:14:25.164 [warning] [Decorations] CAPPING events from decorations provider vscode.git 4801
2025-04-25 23:14:30.360 [warning] [Decorations] CAPPING events from decorations provider vscode.git 4801
2025-04-25 23:14:43.517 [warning] [Decorations] CAPPING events from decorations provider vscode.git 4801
2025-04-25 23:14:48.705 [warning] [Decorations] CAPPING events from decorations provider vscode.git 4801
2025-04-25 23:14:53.897 [warning] [Decorations] CAPPING events from decorations provider vscode.git 4801
2025-04-25 23:14:59.093 [warning] [Decorations] CAPPING events from decorations provider vscode.git 4801
2025-04-25 23:15:30.215 [warning] [Decorations] CAPPING events from decorations provider vscode.git 4801
2025-04-25 23:15:40.144 [warning] [Decorations] CAPPING events from decorations provider vscode.git 4801
2025-04-25 23:17:22.570 [warning] [Decorations] CAPPING events from decorations provider vscode.git 4801
2025-04-25 23:17:27.769 [warning] [Decorations] CAPPING events from decorations provider vscode.git 4801
2025-04-25 23:17:32.958 [warning] [Decorations] CAPPING events from decorations provider vscode.git 4801
2025-04-25 23:17:43.737 [warning] [Decorations] CAPPING events from decorations provider vscode.git 4801
2025-04-25 23:17:48.915 [warning] [Decorations] CAPPING events from decorations provider vscode.git 4801
2025-04-25 23:17:55.479 [warning] [Decorations] CAPPING events from decorations provider vscode.git 4801
2025-04-25 23:18:00.654 [warning] [Decorations] CAPPING events from decorations provider vscode.git 4801
2025-04-25 23:18:05.830 [warning] [Decorations] CAPPING events from decorations provider vscode.git 4801
2025-04-25 23:18:11.014 [warning] [Decorations] CAPPING events from decorations provider vscode.git 4801
2025-04-25 23:18:16.208 [warning] [Decorations] CAPPING events from decorations provider vscode.git 4801
2025-04-25 23:18:21.396 [warning] [Decorations] CAPPING events from decorations provider vscode.git 4801
2025-04-25 23:18:26.581 [warning] [Decorations] CAPPING events from decorations provider vscode.git 4801
2025-04-25 23:18:31.765 [warning] [Decorations] CAPPING events from decorations provider vscode.git 4801
2025-04-25 23:18:37.000 [warning] [Decorations] CAPPING events from decorations provider vscode.git 4801
2025-04-25 23:18:42.186 [warning] [Decorations] CAPPING events from decorations provider vscode.git 4801
2025-04-25 23:18:47.368 [warning] [Decorations] CAPPING events from decorations provider vscode.git 4801
2025-04-25 23:18:52.552 [warning] [Decorations] CAPPING events from decorations provider vscode.git 4801
2025-04-25 23:18:57.740 [warning] [Decorations] CAPPING events from decorations provider vscode.git 4801
2025-04-25 23:19:02.920 [warning] [Decorations] CAPPING events from decorations provider vscode.git 4801
2025-04-25 23:19:08.096 [warning] [Decorations] CAPPING events from decorations provider vscode.git 4801
2025-04-25 23:19:13.284 [warning] [Decorations] CAPPING events from decorations provider vscode.git 4801
2025-04-25 23:19:18.461 [warning] [Decorations] CAPPING events from decorations provider vscode.git 4801
2025-04-25 23:19:23.643 [warning] [Decorations] CAPPING events from decorations provider vscode.git 4801
2025-04-25 23:19:28.838 [warning] [Decorations] CAPPING events from decorations provider vscode.git 4801
2025-04-25 23:19:34.012 [warning] [Decorations] CAPPING events from decorations provider vscode.git 4801
2025-04-25 23:19:39.188 [warning] [Decorations] CAPPING events from decorations provider vscode.git 4801
2025-04-25 23:19:44.374 [warning] [Decorations] CAPPING events from decorations provider vscode.git 4801
2025-04-25 23:19:49.560 [warning] [Decorations] CAPPING events from decorations provider vscode.git 4801
2025-04-25 23:19:54.741 [warning] [Decorations] CAPPING events from decorations provider vscode.git 4801
2025-04-25 23:19:59.915 [warning] [Decorations] CAPPING events from decorations provider vscode.git 4801
2025-04-25 23:20:05.094 [warning] [Decorations] CAPPING events from decorations provider vscode.git 4801
2025-04-25 23:20:10.273 [warning] [Decorations] CAPPING events from decorations provider vscode.git 4801
2025-04-25 23:20:24.457 [warning] [Decorations] CAPPING events from decorations provider vscode.git 4801
2025-04-25 23:20:29.632 [warning] [Decorations] CAPPING events from decorations provider vscode.git 4801
2025-04-25 23:20:34.816 [warning] [Decorations] CAPPING events from decorations provider vscode.git 4801
2025-04-25 23:20:40.008 [warning] [Decorations] CAPPING events from decorations provider vscode.git 4801
2025-04-25 23:20:45.185 [warning] [Decorations] CAPPING events from decorations provider vscode.git 4801
2025-04-25 23:20:50.375 [warning] [Decorations] CAPPING events from decorations provider vscode.git 4801
2025-04-25 23:20:55.566 [warning] [Decorations] CAPPING events from decorations provider vscode.git 4801
2025-04-25 23:21:00.741 [warning] [Decorations] CAPPING events from decorations provider vscode.git 4801
2025-04-25 23:21:05.925 [warning] [Decorations] CAPPING events from decorations provider vscode.git 4801
2025-04-25 23:21:11.110 [warning] [Decorations] CAPPING events from decorations provider vscode.git 4801
2025-04-25 23:21:16.286 [warning] [Decorations] CAPPING events from decorations provider vscode.git 4801
2025-04-25 23:21:21.463 [warning] [Decorations] CAPPING events from decorations provider vscode.git 4801
2025-04-25 23:22:14.988 [warning] [Decorations] CAPPING events from decorations provider vscode.git 4801
2025-04-25 23:23:46.968 [warning] [Decorations] CAPPING events from decorations provider vscode.git 4801
2025-04-25 23:23:52.155 [warning] [Decorations] CAPPING events from decorations provider vscode.git 4801
2025-04-25 23:23:57.368 [warning] [Decorations] CAPPING events from decorations provider vscode.git 4801
2025-04-25 23:24:02.561 [warning] [Decorations] CAPPING events from decorations provider vscode.git 4801
2025-04-25 23:25:05.372 [warning] [Decorations] CAPPING events from decorations provider vscode.git 4801
2025-04-25 23:25:18.320 [warning] [Decorations] CAPPING events from decorations provider vscode.git 4801
2025-04-25 23:25:23.517 [warning] [Decorations] CAPPING events from decorations provider vscode.git 4801
2025-04-25 23:25:28.698 [warning] [Decorations] CAPPING events from decorations provider vscode.git 4801
2025-04-25 23:25:33.884 [warning] [Decorations] CAPPING events from decorations provider vscode.git 4801
2025-04-25 23:25:39.127 [warning] [Decorations] CAPPING events from decorations provider vscode.git 4801
2025-04-25 23:25:44.315 [warning] [Decorations] CAPPING events from decorations provider vscode.git 4801
2025-04-25 23:25:49.498 [warning] [Decorations] CAPPING events from decorations provider vscode.git 4801
2025-04-25 23:25:54.727 [warning] [Decorations] CAPPING events from decorations provider vscode.git 4801
2025-04-25 23:25:59.917 [warning] [Decorations] CAPPING events from decorations provider vscode.git 4801
2025-04-25 23:26:05.094 [warning] [Decorations] CAPPING events from decorations provider vscode.git 4801
2025-04-25 23:26:10.286 [warning] [Decorations] CAPPING events from decorations provider vscode.git 4801
2025-04-25 23:26:15.467 [warning] [Decorations] CAPPING events from decorations provider vscode.git 4801
2025-04-25 23:26:20.644 [warning] [Decorations] CAPPING events from decorations provider vscode.git 4801
2025-04-25 23:26:25.874 [warning] [Decorations] CAPPING events from decorations provider vscode.git 4801
2025-04-25 23:26:31.058 [warning] [Decorations] CAPPING events from decorations provider vscode.git 4801
2025-04-25 23:26:36.239 [warning] [Decorations] CAPPING events from decorations provider vscode.git 4801
2025-04-25 23:26:41.433 [warning] [Decorations] CAPPING events from decorations provider vscode.git 4801
2025-04-25 23:26:46.614 [warning] [Decorations] CAPPING events from decorations provider vscode.git 4801
2025-04-25 23:26:53.453 [warning] [Decorations] CAPPING events from decorations provider vscode.git 4801
2025-04-25 23:26:58.708 [warning] [Decorations] CAPPING events from decorations provider vscode.git 4801
2025-04-25 23:27:03.894 [warning] [Decorations] CAPPING events from decorations provider vscode.git 4801
2025-04-25 23:27:09.073 [warning] [Decorations] CAPPING events from decorations provider vscode.git 4801
2025-04-25 23:27:14.251 [warning] [Decorations] CAPPING events from decorations provider vscode.git 4801
2025-04-25 23:27:19.438 [warning] [Decorations] CAPPING events from decorations provider vscode.git 4801
2025-04-25 23:27:24.623 [warning] [Decorations] CAPPING events from decorations provider vscode.git 4801
2025-04-25 23:27:29.807 [warning] [Decorations] CAPPING events from decorations provider vscode.git 4801
2025-04-25 23:27:34.998 [warning] [Decorations] CAPPING events from decorations provider vscode.git 4801
2025-04-25 23:27:40.184 [warning] [Decorations] CAPPING events from decorations provider vscode.git 4801
2025-04-25 23:27:48.444 [warning] [Decorations] CAPPING events from decorations provider vscode.git 4801
2025-04-25 23:27:53.636 [warning] [Decorations] CAPPING events from decorations provider vscode.git 4801
2025-04-25 23:27:58.821 [warning] [Decorations] CAPPING events from decorations provider vscode.git 4801
2025-04-25 23:28:03.999 [warning] [Decorations] CAPPING events from decorations provider vscode.git 4801
2025-04-25 23:28:09.174 [warning] [Decorations] CAPPING events from decorations provider vscode.git 4801
2025-04-25 23:28:14.350 [warning] [Decorations] CAPPING events from decorations provider vscode.git 4801
2025-04-25 23:28:19.525 [warning] [Decorations] CAPPING events from decorations provider vscode.git 4801
2025-04-25 23:28:24.711 [warning] [Decorations] CAPPING events from decorations provider vscode.git 4801
2025-04-25 23:28:29.888 [warning] [Decorations] CAPPING events from decorations provider vscode.git 4801
2025-04-25 23:28:35.128 [warning] [Decorations] CAPPING events from decorations provider vscode.git 4801
2025-04-25 23:28:40.317 [warning] [Decorations] CAPPING events from decorations provider vscode.git 4801
2025-04-25 23:28:45.490 [warning] [Decorations] CAPPING events from decorations provider vscode.git 4801
2025-04-25 23:28:50.681 [warning] [Decorations] CAPPING events from decorations provider vscode.git 4780
2025-04-25 23:28:55.866 [warning] [Decorations] CAPPING events from decorations provider vscode.git 4780
2025-04-25 23:29:01.043 [warning] [Decorations] CAPPING events from decorations provider vscode.git 4780
2025-04-25 23:29:06.221 [warning] [Decorations] CAPPING events from decorations provider vscode.git 4780
2025-04-25 23:29:11.400 [warning] [Decorations] CAPPING events from decorations provider vscode.git 4780
2025-04-25 23:29:16.579 [warning] [Decorations] CAPPING events from decorations provider vscode.git 4780
2025-04-25 23:29:21.768 [warning] [Decorations] CAPPING events from decorations provider vscode.git 4780
2025-04-25 23:29:26.957 [warning] [Decorations] CAPPING events from decorations provider vscode.git 4780
2025-04-25 23:29:32.143 [warning] [Decorations] CAPPING events from decorations provider vscode.git 4780
2025-04-25 23:29:37.328 [warning] [Decorations] CAPPING events from decorations provider vscode.git 4780
2025-04-25 23:29:42.519 [warning] [Decorations] CAPPING events from decorations provider vscode.git 4780
2025-04-25 23:29:47.698 [warning] [Decorations] CAPPING events from decorations provider vscode.git 4780
2025-04-25 23:29:52.879 [warning] [Decorations] CAPPING events from decorations provider vscode.git 4780
2025-04-25 23:29:58.052 [warning] [Decorations] CAPPING events from decorations provider vscode.git 4780
2025-04-25 23:30:03.234 [warning] [Decorations] CAPPING events from decorations provider vscode.git 4800
2025-04-25 23:30:08.414 [warning] [Decorations] CAPPING events from decorations provider vscode.git 4800
2025-04-25 23:30:13.606 [warning] [Decorations] CAPPING events from decorations provider vscode.git 4800
2025-04-25 23:30:18.790 [warning] [Decorations] CAPPING events from decorations provider vscode.git 4800
2025-04-25 23:30:23.967 [warning] [Decorations] CAPPING events from decorations provider vscode.git 4800
2025-04-25 23:30:29.146 [warning] [Decorations] CAPPING events from decorations provider vscode.git 4800
2025-04-25 23:30:34.325 [warning] [Decorations] CAPPING events from decorations provider vscode.git 4800
2025-04-25 23:30:39.502 [warning] [Decorations] CAPPING events from decorations provider vscode.git 4800
2025-04-25 23:30:44.688 [warning] [Decorations] CAPPING events from decorations provider vscode.git 4800
2025-04-25 23:30:49.872 [warning] [Decorations] CAPPING events from decorations provider vscode.git 4800
2025-04-25 23:30:55.048 [warning] [Decorations] CAPPING events from decorations provider vscode.git 4800
2025-04-25 23:31:00.242 [warning] [Decorations] CAPPING events from decorations provider vscode.git 4800
2025-04-25 23:31:05.416 [warning] [Decorations] CAPPING events from decorations provider vscode.git 4800
2025-04-25 23:31:10.592 [warning] [Decorations] CAPPING events from decorations provider vscode.git 4800
2025-04-25 23:31:15.777 [warning] [Decorations] CAPPING events from decorations provider vscode.git 4800
2025-04-25 23:31:20.953 [warning] [Decorations] CAPPING events from decorations provider vscode.git 4800
2025-04-25 23:31:26.130 [warning] [Decorations] CAPPING events from decorations provider vscode.git 4800
2025-04-25 23:31:31.310 [warning] [Decorations] CAPPING events from decorations provider vscode.git 4800
2025-04-25 23:31:36.490 [warning] [Decorations] CAPPING events from decorations provider vscode.git 4800
2025-04-25 23:31:41.725 [warning] [Decorations] CAPPING events from decorations provider vscode.git 4800
2025-04-25 23:31:46.910 [warning] [Decorations] CAPPING events from decorations provider vscode.git 4800
2025-04-25 23:31:52.088 [warning] [Decorations] CAPPING events from decorations provider vscode.git 4800
2025-04-25 23:31:57.281 [warning] [Decorations] CAPPING events from decorations provider vscode.git 4800
2025-04-25 23:32:02.464 [warning] [Decorations] CAPPING events from decorations provider vscode.git 4800
2025-04-25 23:32:07.645 [warning] [Decorations] CAPPING events from decorations provider vscode.git 4800
2025-04-25 23:32:12.833 [warning] [Decorations] CAPPING events from decorations provider vscode.git 4800
2025-04-25 23:32:18.007 [warning] [Decorations] CAPPING events from decorations provider vscode.git 4800
2025-04-25 23:32:23.182 [warning] [Decorations] CAPPING events from decorations provider vscode.git 4800
2025-04-25 23:32:28.410 [warning] [Decorations] CAPPING events from decorations provider vscode.git 4800
2025-04-25 23:32:33.595 [warning] [Decorations] CAPPING events from decorations provider vscode.git 4800
2025-04-25 23:32:38.777 [warning] [Decorations] CAPPING events from decorations provider vscode.git 4800
2025-04-25 23:34:58.684 [warning] [Decorations] CAPPING events from decorations provider vscode.git 4802
2025-04-25 23:35:03.869 [warning] [Decorations] CAPPING events from decorations provider vscode.git 4802
2025-04-25 23:35:09.056 [warning] [Decorations] CAPPING events from decorations provider vscode.git 4802
2025-04-25 23:35:14.248 [warning] [Decorations] CAPPING events from decorations provider vscode.git 4802
2025-04-25 23:35:19.431 [warning] [Decorations] CAPPING events from decorations provider vscode.git 4802
2025-04-25 23:35:24.631 [warning] [Decorations] CAPPING events from decorations provider vscode.git 4802
2025-04-25 23:35:29.812 [warning] [Decorations] CAPPING events from decorations provider vscode.git 4802
2025-04-25 23:35:35.002 [warning] [Decorations] CAPPING events from decorations provider vscode.git 4802
2025-04-25 23:35:40.186 [warning] [Decorations] CAPPING events from decorations provider vscode.git 4802
2025-04-25 23:35:45.359 [warning] [Decorations] CAPPING events from decorations provider vscode.git 4802
2025-04-25 23:35:50.541 [warning] [Decorations] CAPPING events from decorations provider vscode.git 4802
2025-04-25 23:35:55.779 [warning] [Decorations] CAPPING events from decorations provider vscode.git 4802
2025-04-25 23:36:00.965 [warning] [Decorations] CAPPING events from decorations provider vscode.git 4802
2025-04-25 23:36:06.151 [warning] [Decorations] CAPPING events from decorations provider vscode.git 4802
2025-04-25 23:36:11.360 [warning] [Decorations] CAPPING events from decorations provider vscode.git 4802
2025-04-25 23:36:16.546 [warning] [Decorations] CAPPING events from decorations provider vscode.git 4802
2025-04-25 23:36:21.722 [warning] [Decorations] CAPPING events from decorations provider vscode.git 4802
2025-04-25 23:36:26.898 [warning] [Decorations] CAPPING events from decorations provider vscode.git 4802
2025-04-25 23:36:32.069 [warning] [Decorations] CAPPING events from decorations provider vscode.git 4802
2025-04-25 23:36:37.244 [warning] [Decorations] CAPPING events from decorations provider vscode.git 4802
2025-04-25 23:36:42.435 [warning] [Decorations] CAPPING events from decorations provider vscode.git 4802
2025-04-25 23:36:47.620 [warning] [Decorations] CAPPING events from decorations provider vscode.git 4802
2025-04-25 23:36:52.809 [warning] [Decorations] CAPPING events from decorations provider vscode.git 4802
2025-04-25 23:36:57.995 [warning] [Decorations] CAPPING events from decorations provider vscode.git 4802
2025-04-25 23:37:03.173 [warning] [Decorations] CAPPING events from decorations provider vscode.git 4802
2025-04-25 23:37:08.351 [warning] [Decorations] CAPPING events from decorations provider vscode.git 4802
2025-04-25 23:37:13.531 [warning] [Decorations] CAPPING events from decorations provider vscode.git 4802
2025-04-25 23:37:18.723 [warning] [Decorations] CAPPING events from decorations provider vscode.git 4802
2025-04-25 23:37:23.908 [warning] [Decorations] CAPPING events from decorations provider vscode.git 4802
2025-04-25 23:37:29.092 [warning] [Decorations] CAPPING events from decorations provider vscode.git 4802
2025-04-25 23:37:34.283 [warning] [Decorations] CAPPING events from decorations provider vscode.git 4802
2025-04-25 23:37:39.462 [warning] [Decorations] CAPPING events from decorations provider vscode.git 4802
2025-04-25 23:37:44.641 [warning] [Decorations] CAPPING events from decorations provider vscode.git 4802
2025-04-25 23:37:49.821 [warning] [Decorations] CAPPING events from decorations provider vscode.git 4802
2025-04-25 23:38:46.334 [warning] [Decorations] CAPPING events from decorations provider vscode.git 4802
2025-04-25 23:39:26.243 [warning] [Decorations] CAPPING events from decorations provider vscode.git 4802
2025-04-25 23:39:38.957 [warning] [Decorations] CAPPING events from decorations provider vscode.git 4802
2025-04-25 23:39:44.137 [warning] [Decorations] CAPPING events from decorations provider vscode.git 4802
2025-04-25 23:39:49.364 [warning] [Decorations] CAPPING events from decorations provider vscode.git 4802
2025-04-25 23:39:54.551 [warning] [Decorations] CAPPING events from decorations provider vscode.git 4802
2025-04-25 23:39:59.729 [warning] [Decorations] CAPPING events from decorations provider vscode.git 4802
2025-04-25 23:40:04.921 [warning] [Decorations] CAPPING events from decorations provider vscode.git 4802
2025-04-25 23:40:10.106 [warning] [Decorations] CAPPING events from decorations provider vscode.git 4802
2025-04-25 23:40:33.777 [warning] [Decorations] CAPPING events from decorations provider vscode.git 4802
2025-04-25 23:40:38.971 [warning] [Decorations] CAPPING events from decorations provider vscode.git 4802
2025-04-25 23:40:44.150 [warning] [Decorations] CAPPING events from decorations provider vscode.git 4802
2025-04-25 23:40:49.334 [warning] [Decorations] CAPPING events from decorations provider vscode.git 4802
2025-04-25 23:40:54.527 [warning] [Decorations] CAPPING events from decorations provider vscode.git 4802
2025-04-25 23:40:59.711 [warning] [Decorations] CAPPING events from decorations provider vscode.git 4802
2025-04-25 23:41:04.890 [warning] [Decorations] CAPPING events from decorations provider vscode.git 4802
2025-04-25 23:41:10.077 [warning] [Decorations] CAPPING events from decorations provider vscode.git 4802
2025-04-25 23:41:15.267 [warning] [Decorations] CAPPING events from decorations provider vscode.git 4802
2025-04-25 23:41:20.449 [warning] [Decorations] CAPPING events from decorations provider vscode.git 4802
2025-04-25 23:41:25.630 [warning] [Decorations] CAPPING events from decorations provider vscode.git 4802
2025-04-25 23:41:30.822 [warning] [Decorations] CAPPING events from decorations provider vscode.git 4802
2025-04-25 23:41:53.724 [warning] [Decorations] CAPPING events from decorations provider vscode.git 4802
2025-04-25 23:41:58.919 [warning] [Decorations] CAPPING events from decorations provider vscode.git 4802
2025-04-25 23:42:04.104 [warning] [Decorations] CAPPING events from decorations provider vscode.git 4802
2025-04-25 23:42:09.335 [warning] [Decorations] CAPPING events from decorations provider vscode.git 4802
2025-04-25 23:42:14.525 [warning] [Decorations] CAPPING events from decorations provider vscode.git 4802
2025-04-25 23:42:19.699 [warning] [Decorations] CAPPING events from decorations provider vscode.git 4802
2025-04-25 23:42:24.875 [warning] [Decorations] CAPPING events from decorations provider vscode.git 4802
2025-04-25 23:42:30.053 [warning] [Decorations] CAPPING events from decorations provider vscode.git 4802
2025-04-25 23:42:35.236 [warning] [Decorations] CAPPING events from decorations provider vscode.git 4802
2025-04-25 23:42:40.430 [warning] [Decorations] CAPPING events from decorations provider vscode.git 4802
2025-04-25 23:42:45.649 [warning] [Decorations] CAPPING events from decorations provider vscode.git 4802
2025-04-25 23:42:50.837 [warning] [Decorations] CAPPING events from decorations provider vscode.git 4802
2025-04-25 23:42:56.021 [warning] [Decorations] CAPPING events from decorations provider vscode.git 4802
2025-04-25 23:43:01.210 [warning] [Decorations] CAPPING events from decorations provider vscode.git 4802
2025-04-25 23:43:06.439 [warning] [Decorations] CAPPING events from decorations provider vscode.git 4802
2025-04-25 23:43:11.623 [warning] [Decorations] CAPPING events from decorations provider vscode.git 4802
2025-04-25 23:43:16.804 [warning] [Decorations] CAPPING events from decorations provider vscode.git 4802
2025-04-25 23:43:21.989 [warning] [Decorations] CAPPING events from decorations provider vscode.git 4802
2025-04-25 23:43:27.171 [warning] [Decorations] CAPPING events from decorations provider vscode.git 4802
2025-04-25 23:43:32.355 [warning] [Decorations] CAPPING events from decorations provider vscode.git 4802
2025-04-25 23:43:37.538 [warning] [Decorations] CAPPING events from decorations provider vscode.git 4802
2025-04-25 23:43:42.719 [warning] [Decorations] CAPPING events from decorations provider vscode.git 4802
2025-04-25 23:43:47.952 [warning] [Decorations] CAPPING events from decorations provider vscode.git 4802
2025-04-25 23:43:53.138 [warning] [Decorations] CAPPING events from decorations provider vscode.git 4802
2025-04-25 23:43:58.317 [warning] [Decorations] CAPPING events from decorations provider vscode.git 4802
2025-04-25 23:44:03.496 [warning] [Decorations] CAPPING events from decorations provider vscode.git 4802
2025-04-25 23:44:08.726 [warning] [Decorations] CAPPING events from decorations provider vscode.git 4802
2025-04-25 23:44:13.912 [warning] [Decorations] CAPPING events from decorations provider vscode.git 4802
2025-04-25 23:44:19.143 [warning] [Decorations] CAPPING events from decorations provider vscode.git 4802
2025-04-25 23:44:24.333 [warning] [Decorations] CAPPING events from decorations provider vscode.git 4802
2025-04-25 23:44:29.569 [warning] [Decorations] CAPPING events from decorations provider vscode.git 4802
2025-04-25 23:44:34.756 [warning] [Decorations] CAPPING events from decorations provider vscode.git 4802
2025-04-25 23:44:39.932 [warning] [Decorations] CAPPING events from decorations provider vscode.git 4802
2025-04-25 23:44:45.118 [warning] [Decorations] CAPPING events from decorations provider vscode.git 4802
2025-04-25 23:44:50.299 [warning] [Decorations] CAPPING events from decorations provider vscode.git 4802
2025-04-25 23:44:55.484 [warning] [Decorations] CAPPING events from decorations provider vscode.git 4802
2025-04-25 23:45:00.673 [warning] [Decorations] CAPPING events from decorations provider vscode.git 4802
2025-04-25 23:45:05.848 [warning] [Decorations] CAPPING events from decorations provider vscode.git 4802
2025-04-25 23:45:11.026 [warning] [Decorations] CAPPING events from decorations provider vscode.git 4802
2025-04-25 23:45:16.260 [warning] [Decorations] CAPPING events from decorations provider vscode.git 4802
2025-04-25 23:45:21.447 [warning] [Decorations] CAPPING events from decorations provider vscode.git 4802
2025-04-25 23:45:26.630 [warning] [Decorations] CAPPING events from decorations provider vscode.git 4802
2025-04-25 23:45:31.809 [warning] [Decorations] CAPPING events from decorations provider vscode.git 4802
2025-04-25 23:45:36.986 [warning] [Decorations] CAPPING events from decorations provider vscode.git 4802
2025-04-25 23:45:42.166 [warning] [Decorations] CAPPING events from decorations provider vscode.git 4802
2025-04-25 23:45:47.360 [warning] [Decorations] CAPPING events from decorations provider vscode.git 4802
2025-04-25 23:45:52.546 [warning] [Decorations] CAPPING events from decorations provider vscode.git 4802
2025-04-25 23:45:57.726 [warning] [Decorations] CAPPING events from decorations provider vscode.git 4802
2025-04-25 23:46:02.914 [warning] [Decorations] CAPPING events from decorations provider vscode.git 4802
2025-04-25 23:46:08.098 [warning] [Decorations] CAPPING events from decorations provider vscode.git 4802
2025-04-25 23:46:13.275 [warning] [Decorations] CAPPING events from decorations provider vscode.git 4802
2025-04-25 23:46:18.455 [warning] [Decorations] CAPPING events from decorations provider vscode.git 4802
2025-04-25 23:46:23.649 [warning] [Decorations] CAPPING events from decorations provider vscode.git 4802
2025-04-25 23:46:28.826 [warning] [Decorations] CAPPING events from decorations provider vscode.git 4802
2025-04-25 23:46:37.367 [warning] [Decorations] CAPPING events from decorations provider vscode.git 4802
2025-04-25 23:48:13.046 [warning] [Decorations] CAPPING events from decorations provider vscode.git 4802
2025-04-25 23:48:32.143 [warning] [Decorations] CAPPING events from decorations provider vscode.git 4802
2025-04-25 23:48:37.323 [warning] [Decorations] CAPPING events from decorations provider vscode.git 4802
2025-04-25 23:48:42.503 [warning] [Decorations] CAPPING events from decorations provider vscode.git 4802
2025-04-25 23:48:47.694 [warning] [Decorations] CAPPING events from decorations provider vscode.git 4802
2025-04-25 23:48:52.876 [warning] [Decorations] CAPPING events from decorations provider vscode.git 4802
2025-04-25 23:48:58.068 [warning] [Decorations] CAPPING events from decorations provider vscode.git 4802
2025-04-25 23:49:03.260 [warning] [Decorations] CAPPING events from decorations provider vscode.git 4802
2025-04-25 23:49:08.450 [warning] [Decorations] CAPPING events from decorations provider vscode.git 4802
2025-04-25 23:49:13.629 [warning] [Decorations] CAPPING events from decorations provider vscode.git 4802
2025-04-25 23:49:18.821 [warning] [Decorations] CAPPING events from decorations provider vscode.git 4802
2025-04-25 23:49:24.008 [warning] [Decorations] CAPPING events from decorations provider vscode.git 4802
2025-04-25 23:49:29.211 [warning] [Decorations] CAPPING events from decorations provider vscode.git 4802
2025-04-25 23:49:34.402 [warning] [Decorations] CAPPING events from decorations provider vscode.git 4802
2025-04-25 23:49:39.646 [warning] [Decorations] CAPPING events from decorations provider vscode.git 4802
2025-04-25 23:49:44.836 [warning] [Decorations] CAPPING events from decorations provider vscode.git 4802
2025-04-25 23:49:50.017 [warning] [Decorations] CAPPING events from decorations provider vscode.git 4802
2025-04-25 23:49:55.212 [warning] [Decorations] CAPPING events from decorations provider vscode.git 4802
2025-04-25 23:50:00.387 [warning] [Decorations] CAPPING events from decorations provider vscode.git 4802
2025-04-25 23:50:05.566 [warning] [Decorations] CAPPING events from decorations provider vscode.git 4802
2025-04-25 23:50:10.754 [warning] [Decorations] CAPPING events from decorations provider vscode.git 4802
2025-04-25 23:50:15.938 [warning] [Decorations] CAPPING events from decorations provider vscode.git 4802
2025-04-25 23:50:21.125 [warning] [Decorations] CAPPING events from decorations provider vscode.git 4802
2025-04-25 23:50:26.303 [warning] [Decorations] CAPPING events from decorations provider vscode.git 4802
2025-04-25 23:50:31.533 [warning] [Decorations] CAPPING events from decorations provider vscode.git 4802
2025-04-25 23:50:36.720 [warning] [Decorations] CAPPING events from decorations provider vscode.git 4802
2025-04-25 23:50:41.897 [warning] [Decorations] CAPPING events from decorations provider vscode.git 4802
2025-04-25 23:50:47.078 [warning] [Decorations] CAPPING events from decorations provider vscode.git 4802
2025-04-25 23:50:52.269 [warning] [Decorations] CAPPING events from decorations provider vscode.git 4802
2025-04-25 23:50:57.449 [warning] [Decorations] CAPPING events from decorations provider vscode.git 4802
2025-04-25 23:51:02.680 [warning] [Decorations] CAPPING events from decorations provider vscode.git 4802
2025-04-25 23:51:07.870 [warning] [Decorations] CAPPING events from decorations provider vscode.git 4802
2025-04-25 23:51:13.043 [warning] [Decorations] CAPPING events from decorations provider vscode.git 4802
2025-04-25 23:51:18.224 [warning] [Decorations] CAPPING events from decorations provider vscode.git 4802
2025-04-25 23:51:23.411 [warning] [Decorations] CAPPING events from decorations provider vscode.git 4802
2025-04-25 23:51:28.604 [warning] [Decorations] CAPPING events from decorations provider vscode.git 4802
2025-04-25 23:51:33.790 [warning] [Decorations] CAPPING events from decorations provider vscode.git 4802
2025-04-25 23:51:38.969 [warning] [Decorations] CAPPING events from decorations provider vscode.git 4802
2025-04-25 23:51:44.156 [warning] [Decorations] CAPPING events from decorations provider vscode.git 4802
2025-04-25 23:51:49.399 [warning] [Decorations] CAPPING events from decorations provider vscode.git 4802
2025-04-25 23:51:54.587 [warning] [Decorations] CAPPING events from decorations provider vscode.git 4802
2025-04-25 23:51:59.820 [warning] [Decorations] CAPPING events from decorations provider vscode.git 4802
2025-04-25 23:52:05.007 [warning] [Decorations] CAPPING events from decorations provider vscode.git 4802
2025-04-25 23:52:10.185 [warning] [Decorations] CAPPING events from decorations provider vscode.git 4802
2025-04-25 23:52:15.376 [warning] [Decorations] CAPPING events from decorations provider vscode.git 4802
2025-04-25 23:52:20.551 [warning] [Decorations] CAPPING events from decorations provider vscode.git 4802
2025-04-25 23:52:25.729 [warning] [Decorations] CAPPING events from decorations provider vscode.git 4802
2025-04-25 23:52:30.928 [warning] [Decorations] CAPPING events from decorations provider vscode.git 4802
2025-04-25 23:52:36.116 [warning] [Decorations] CAPPING events from decorations provider vscode.git 4802
2025-04-25 23:52:41.293 [warning] [Decorations] CAPPING events from decorations provider vscode.git 4802
2025-04-25 23:52:46.474 [warning] [Decorations] CAPPING events from decorations provider vscode.git 4802
2025-04-25 23:52:51.668 [warning] [Decorations] CAPPING events from decorations provider vscode.git 4802
2025-04-25 23:52:56.854 [warning] [Decorations] CAPPING events from decorations provider vscode.git 4802
2025-04-25 23:53:02.086 [warning] [Decorations] CAPPING events from decorations provider vscode.git 4802
2025-04-25 23:53:07.269 [warning] [Decorations] CAPPING events from decorations provider vscode.git 4802
2025-04-25 23:55:47.361 [warning] [Decorations] CAPPING events from decorations provider vscode.git 4802
2025-04-25 23:55:52.554 [warning] [Decorations] CAPPING events from decorations provider vscode.git 4802
2025-04-25 23:55:57.737 [warning] [Decorations] CAPPING events from decorations provider vscode.git 4802
2025-04-25 23:56:02.917 [warning] [Decorations] CAPPING events from decorations provider vscode.git 4802
2025-04-25 23:56:08.113 [warning] [Decorations] CAPPING events from decorations provider vscode.git 4802
2025-04-25 23:56:13.318 [warning] [Decorations] CAPPING events from decorations provider vscode.git 4802
2025-04-25 23:56:18.523 [warning] [Decorations] CAPPING events from decorations provider vscode.git 4802
2025-04-25 23:56:23.703 [warning] [Decorations] CAPPING events from decorations provider vscode.git 4802
2025-04-25 23:56:28.901 [warning] [Decorations] CAPPING events from decorations provider vscode.git 4802
2025-04-25 23:56:34.085 [warning] [Decorations] CAPPING events from decorations provider vscode.git 4802
2025-04-25 23:56:39.259 [warning] [Decorations] CAPPING events from decorations provider vscode.git 4802
2025-04-25 23:56:44.435 [warning] [Decorations] CAPPING events from decorations provider vscode.git 4802
2025-04-25 23:56:49.607 [warning] [Decorations] CAPPING events from decorations provider vscode.git 4802
2025-04-25 23:56:54.784 [warning] [Decorations] CAPPING events from decorations provider vscode.git 4802
2025-04-25 23:56:59.964 [warning] [Decorations] CAPPING events from decorations provider vscode.git 4802
2025-04-25 23:57:05.157 [warning] [Decorations] CAPPING events from decorations provider vscode.git 4802
2025-04-25 23:57:10.344 [warning] [Decorations] CAPPING events from decorations provider vscode.git 4802
2025-04-25 23:57:15.577 [warning] [Decorations] CAPPING events from decorations provider vscode.git 4802
2025-04-25 23:57:20.770 [warning] [Decorations] CAPPING events from decorations provider vscode.git 4802
2025-04-25 23:57:25.952 [warning] [Decorations] CAPPING events from decorations provider vscode.git 4802
2025-04-25 23:57:31.155 [warning] [Decorations] CAPPING events from decorations provider vscode.git 4802
2025-04-25 23:57:36.333 [warning] [Decorations] CAPPING events from decorations provider vscode.git 4802
2025-04-25 23:57:41.513 [warning] [Decorations] CAPPING events from decorations provider vscode.git 4802
2025-04-25 23:57:46.693 [warning] [Decorations] CAPPING events from decorations provider vscode.git 4802
2025-04-25 23:57:51.877 [warning] [Decorations] CAPPING events from decorations provider vscode.git 4802
2025-04-25 23:57:57.112 [warning] [Decorations] CAPPING events from decorations provider vscode.git 4802
2025-04-25 23:58:02.300 [warning] [Decorations] CAPPING events from decorations provider vscode.git 4802
2025-04-25 23:58:07.477 [warning] [Decorations] CAPPING events from decorations provider vscode.git 4802
2025-04-25 23:58:12.662 [warning] [Decorations] CAPPING events from decorations provider vscode.git 4802
2025-04-25 23:58:17.850 [warning] [Decorations] CAPPING events from decorations provider vscode.git 4802
2025-04-25 23:59:35.094 [warning] [Decorations] CAPPING events from decorations provider vscode.git 4802
2025-04-25 23:59:40.295 [warning] [Decorations] CAPPING events from decorations provider vscode.git 4802
2025-04-25 23:59:45.471 [warning] [Decorations] CAPPING events from decorations provider vscode.git 4802
2025-04-25 23:59:50.662 [warning] [Decorations] CAPPING events from decorations provider vscode.git 4802
2025-04-25 23:59:55.848 [warning] [Decorations] CAPPING events from decorations provider vscode.git 4802
2025-04-26 00:00:01.032 [warning] [Decorations] CAPPING events from decorations provider vscode.git 4802
2025-04-26 00:00:06.227 [warning] [Decorations] CAPPING events from decorations provider vscode.git 4802
2025-04-26 00:00:11.411 [warning] [Decorations] CAPPING events from decorations provider vscode.git 4802
2025-04-26 00:00:16.590 [warning] [Decorations] CAPPING events from decorations provider vscode.git 4802
2025-04-26 00:00:21.772 [warning] [Decorations] CAPPING events from decorations provider vscode.git 4802
2025-04-26 00:00:26.969 [warning] [Decorations] CAPPING events from decorations provider vscode.git 4802
2025-04-26 00:00:32.155 [warning] [Decorations] CAPPING events from decorations provider vscode.git 4802
2025-04-26 00:00:37.352 [warning] [Decorations] CAPPING events from decorations provider vscode.git 4802
2025-04-26 00:00:42.542 [warning] [Decorations] CAPPING events from decorations provider vscode.git 4802
2025-04-26 00:00:47.720 [warning] [Decorations] CAPPING events from decorations provider vscode.git 4802
2025-04-26 00:00:52.955 [warning] [Decorations] CAPPING events from decorations provider vscode.git 4802
2025-04-26 00:00:58.144 [warning] [Decorations] CAPPING events from decorations provider vscode.git 4802
2025-04-26 00:01:37.125 [warning] [Decorations] CAPPING events from decorations provider vscode.git 4802
2025-04-26 00:01:42.330 [warning] [Decorations] CAPPING events from decorations provider vscode.git 4802
2025-04-26 00:02:03.270 [warning] [Decorations] CAPPING events from decorations provider vscode.git 4802
2025-04-26 00:08:17.017 [warning] [Decorations] CAPPING events from decorations provider vscode.git 4802
2025-04-26 00:08:22.221 [warning] [Decorations] CAPPING events from decorations provider vscode.git 4802
2025-04-26 00:08:27.456 [warning] [Decorations] CAPPING events from decorations provider vscode.git 4802
2025-04-26 00:08:32.640 [warning] [Decorations] CAPPING events from decorations provider vscode.git 4802
2025-04-26 00:08:37.822 [warning] [Decorations] CAPPING events from decorations provider vscode.git 4802
2025-04-26 00:08:43.041 [warning] [Decorations] CAPPING events from decorations provider vscode.git 4802
2025-04-26 00:08:48.230 [warning] [Decorations] CAPPING events from decorations provider vscode.git 4802
2025-04-26 00:08:53.406 [warning] [Decorations] CAPPING events from decorations provider vscode.git 4802
2025-04-26 00:08:56.768 [info] Extension host terminating: received terminate message from renderer
2025-04-26 00:08:56.768 [info] Lock '/home/student/.vscode-server/data/User/workspaceStorage/255174b9c84437907369f27ac92b5bdb/vscode.lock': Marking the lockfile as scheduled to be released in 6000 ms.
2025-04-26 00:08:56.809 [error] Canceled: Canceled
	at new HR (file:///home/student/.vscode-server/cli/servers/Stable-17baf841131aa23349f217ca7c570c76ee87b957/server/out/vs/workbench/api/node/extensionHostProcess.js:29:156308)
	at i4.U (file:///home/student/.vscode-server/cli/servers/Stable-17baf841131aa23349f217ca7c570c76ee87b957/server/out/vs/workbench/api/node/extensionHostProcess.js:29:160919)
	at s.<computed>.n.charCodeAt.s.<computed> (file:///home/student/.vscode-server/cli/servers/Stable-17baf841131aa23349f217ca7c570c76ee87b957/server/out/vs/workbench/api/node/extensionHostProcess.js:29:158413)
	at vw.g (file:///home/student/.vscode-server/cli/servers/Stable-17baf841131aa23349f217ca7c570c76ee87b957/server/out/vs/workbench/api/node/extensionHostProcess.js:111:40983)
	at vw.executeCommand (file:///home/student/.vscode-server/cli/servers/Stable-17baf841131aa23349f217ca7c570c76ee87b957/server/out/vs/workbench/api/node/extensionHostProcess.js:111:40487)
	at r.registerCommand.description (file:///home/student/.vscode-server/cli/servers/Stable-17baf841131aa23349f217ca7c570c76ee87b957/server/out/vs/workbench/api/node/extensionHostProcess.js:111:39817)
	at vw.h (file:///home/student/.vscode-server/cli/servers/Stable-17baf841131aa23349f217ca7c570c76ee87b957/server/out/vs/workbench/api/node/extensionHostProcess.js:111:41503)
	at vw.g (file:///home/student/.vscode-server/cli/servers/Stable-17baf841131aa23349f217ca7c570c76ee87b957/server/out/vs/workbench/api/node/extensionHostProcess.js:111:40580)
	at vw.executeCommand (file:///home/student/.vscode-server/cli/servers/Stable-17baf841131aa23349f217ca7c570c76ee87b957/server/out/vs/workbench/api/node/extensionHostProcess.js:111:40487)
	at Object.executeCommand (file:///home/student/.vscode-server/cli/servers/Stable-17baf841131aa23349f217ca7c570c76ee87b957/server/out/vs/workbench/api/node/extensionHostProcess.js:173:30346)
	at Ah.L [as value] (/home/student/.vscode-server/cli/servers/Stable-17baf841131aa23349f217ca7c570c76ee87b957/server/extensions/git/dist/main.js:2:511809)
	at P.B (file:///home/student/.vscode-server/cli/servers/Stable-17baf841131aa23349f217ca7c570c76ee87b957/server/out/vs/workbench/api/node/extensionHostProcess.js:27:2375)
	at P.C (file:///home/student/.vscode-server/cli/servers/Stable-17baf841131aa23349f217ca7c570c76ee87b957/server/out/vs/workbench/api/node/extensionHostProcess.js:27:2445)
	at P.fire (file:///home/student/.vscode-server/cli/servers/Stable-17baf841131aa23349f217ca7c570c76ee87b957/server/out/vs/workbench/api/node/extensionHostProcess.js:27:2662)
	at Object.g [as dispose] (/home/student/.vscode-server/cli/servers/Stable-17baf841131aa23349f217ca7c570c76ee87b957/server/extensions/git/dist/main.js:2:534449)
	at /home/student/.vscode-server/cli/servers/Stable-17baf841131aa23349f217ca7c570c76ee87b957/server/extensions/git/dist/main.js:2:540767
	at Array.forEach (<anonymous>)
	at b.dispose (/home/student/.vscode-server/cli/servers/Stable-17baf841131aa23349f217ca7c570c76ee87b957/server/extensions/git/dist/main.js:2:540753)
	at iv.<anonymous> (file:///home/student/.vscode-server/cli/servers/Stable-17baf841131aa23349f217ca7c570c76ee87b957/server/out/vs/workbench/api/node/extensionHostProcess.js:107:8922)
	at iv.dispose (file:///home/student/.vscode-server/cli/servers/Stable-17baf841131aa23349f217ca7c570c76ee87b957/server/out/vs/workbench/api/node/extensionHostProcess.js:107:9018)
	at iv.<anonymous> (/home/student/.vscode-server/cli/servers/Stable-17baf841131aa23349f217ca7c570c76ee87b957/server/extensions/git/dist/main.js:2:514293)
	at iv.dispose (file:///home/student/.vscode-server/cli/servers/Stable-17baf841131aa23349f217ca7c570c76ee87b957/server/out/vs/workbench/api/node/extensionHostProcess.js:107:9018)
	at pi (file:///home/student/.vscode-server/cli/servers/Stable-17baf841131aa23349f217ca7c570c76ee87b957/server/out/vs/workbench/api/node/extensionHostProcess.js:25:701)
	at file:///home/student/.vscode-server/cli/servers/Stable-17baf841131aa23349f217ca7c570c76ee87b957/server/out/vs/workbench/api/node/extensionHostProcess.js:115:14994
	at file:///home/student/.vscode-server/cli/servers/Stable-17baf841131aa23349f217ca7c570c76ee87b957/server/out/vs/workbench/api/node/extensionHostProcess.js:25:1011
	at Object.dispose (file:///home/student/.vscode-server/cli/servers/Stable-17baf841131aa23349f217ca7c570c76ee87b957/server/out/vs/workbench/api/node/extensionHostProcess.js:8:705)
	at vV.eb (file:///home/student/.vscode-server/cli/servers/Stable-17baf841131aa23349f217ca7c570c76ee87b957/server/out/vs/workbench/api/node/extensionHostProcess.js:115:11921)
	at file:///home/student/.vscode-server/cli/servers/Stable-17baf841131aa23349f217ca7c570c76ee87b957/server/out/vs/workbench/api/node/extensionHostProcess.js:115:9876
	at Array.map (<anonymous>)
	at vV.$ (file:///home/student/.vscode-server/cli/servers/Stable-17baf841131aa23349f217ca7c570c76ee87b957/server/out/vs/workbench/api/node/extensionHostProcess.js:115:9864)
	at vV.terminate (file:///home/student/.vscode-server/cli/servers/Stable-17baf841131aa23349f217ca7c570c76ee87b957/server/out/vs/workbench/api/node/extensionHostProcess.js:115:10107)
	at oP.terminate (file:///home/student/.vscode-server/cli/servers/Stable-17baf841131aa23349f217ca7c570c76ee87b957/server/out/vs/workbench/api/node/extensionHostProcess.js:116:1434)
	at es (file:///home/student/.vscode-server/cli/servers/Stable-17baf841131aa23349f217ca7c570c76ee87b957/server/out/vs/workbench/api/node/extensionHostProcess.js:197:5701)
	at Ah.value (file:///home/student/.vscode-server/cli/servers/Stable-17baf841131aa23349f217ca7c570c76ee87b957/server/out/vs/workbench/api/node/extensionHostProcess.js:197:3862)
	at P.B (file:///home/student/.vscode-server/cli/servers/Stable-17baf841131aa23349f217ca7c570c76ee87b957/server/out/vs/workbench/api/node/extensionHostProcess.js:27:2375)
	at P.fire (file:///home/student/.vscode-server/cli/servers/Stable-17baf841131aa23349f217ca7c570c76ee87b957/server/out/vs/workbench/api/node/extensionHostProcess.js:27:2593)
	at Jn.fire (file:///home/student/.vscode-server/cli/servers/Stable-17baf841131aa23349f217ca7c570c76ee87b957/server/out/vs/workbench/api/node/extensionHostProcess.js:29:9459)
	at Km.A (file:///home/student/.vscode-server/cli/servers/Stable-17baf841131aa23349f217ca7c570c76ee87b957/server/out/vs/workbench/api/node/extensionHostProcess.js:29:12575)
	at Ah.value (file:///home/student/.vscode-server/cli/servers/Stable-17baf841131aa23349f217ca7c570c76ee87b957/server/out/vs/workbench/api/node/extensionHostProcess.js:29:11976)
	at P.B (file:///home/student/.vscode-server/cli/servers/Stable-17baf841131aa23349f217ca7c570c76ee87b957/server/out/vs/workbench/api/node/extensionHostProcess.js:27:2375)
	at P.fire (file:///home/student/.vscode-server/cli/servers/Stable-17baf841131aa23349f217ca7c570c76ee87b957/server/out/vs/workbench/api/node/extensionHostProcess.js:27:2593)
	at M6.acceptChunk (file:///home/student/.vscode-server/cli/servers/Stable-17baf841131aa23349f217ca7c570c76ee87b957/server/out/vs/workbench/api/node/extensionHostProcess.js:29:7942)
	at file:///home/student/.vscode-server/cli/servers/Stable-17baf841131aa23349f217ca7c570c76ee87b957/server/out/vs/workbench/api/node/extensionHostProcess.js:29:7228
	at Socket.t (file:///home/student/.vscode-server/cli/servers/Stable-17baf841131aa23349f217ca7c570c76ee87b957/server/out/vs/workbench/api/node/extensionHostProcess.js:29:15252)
	at Socket.emit (node:events:518:28)
	at addChunk (node:internal/streams/readable:561:12)
	at readableAddChunkPushByteMode (node:internal/streams/readable:512:3)
	at Readable.push (node:internal/streams/readable:392:5)
	at Pipe.onStreamRead (node:internal/stream_base_commons:191:23) setContext undefined
2025-04-26 00:08:56.810 [error] Canceled: Canceled
	at new HR (file:///home/student/.vscode-server/cli/servers/Stable-17baf841131aa23349f217ca7c570c76ee87b957/server/out/vs/workbench/api/node/extensionHostProcess.js:29:156308)
	at i4.U (file:///home/student/.vscode-server/cli/servers/Stable-17baf841131aa23349f217ca7c570c76ee87b957/server/out/vs/workbench/api/node/extensionHostProcess.js:29:160919)
	at s.<computed>.n.charCodeAt.s.<computed> (file:///home/student/.vscode-server/cli/servers/Stable-17baf841131aa23349f217ca7c570c76ee87b957/server/out/vs/workbench/api/node/extensionHostProcess.js:29:158413)
	at vw.g (file:///home/student/.vscode-server/cli/servers/Stable-17baf841131aa23349f217ca7c570c76ee87b957/server/out/vs/workbench/api/node/extensionHostProcess.js:111:40983)
	at vw.executeCommand (file:///home/student/.vscode-server/cli/servers/Stable-17baf841131aa23349f217ca7c570c76ee87b957/server/out/vs/workbench/api/node/extensionHostProcess.js:111:40487)
	at r.registerCommand.description (file:///home/student/.vscode-server/cli/servers/Stable-17baf841131aa23349f217ca7c570c76ee87b957/server/out/vs/workbench/api/node/extensionHostProcess.js:111:39817)
	at vw.h (file:///home/student/.vscode-server/cli/servers/Stable-17baf841131aa23349f217ca7c570c76ee87b957/server/out/vs/workbench/api/node/extensionHostProcess.js:111:41503)
	at vw.g (file:///home/student/.vscode-server/cli/servers/Stable-17baf841131aa23349f217ca7c570c76ee87b957/server/out/vs/workbench/api/node/extensionHostProcess.js:111:40580)
	at vw.executeCommand (file:///home/student/.vscode-server/cli/servers/Stable-17baf841131aa23349f217ca7c570c76ee87b957/server/out/vs/workbench/api/node/extensionHostProcess.js:111:40487)
	at Object.executeCommand (file:///home/student/.vscode-server/cli/servers/Stable-17baf841131aa23349f217ca7c570c76ee87b957/server/out/vs/workbench/api/node/extensionHostProcess.js:173:30346)
	at set hasGitHubRepositories [as hasGitHubRepositories] (/home/student/.vscode-server/cli/servers/Stable-17baf841131aa23349f217ca7c570c76ee87b957/server/extensions/github/dist/extension.js:2:217805)
	at /home/student/.vscode-server/cli/servers/Stable-17baf841131aa23349f217ca7c570c76ee87b957/server/extensions/github/dist/extension.js:2:218764
	at Ah.value (/home/student/.vscode-server/cli/servers/Stable-17baf841131aa23349f217ca7c570c76ee87b957/server/extensions/git/dist/main.js:2:631688)
	at P.B (file:///home/student/.vscode-server/cli/servers/Stable-17baf841131aa23349f217ca7c570c76ee87b957/server/out/vs/workbench/api/node/extensionHostProcess.js:27:2375)
	at P.C (file:///home/student/.vscode-server/cli/servers/Stable-17baf841131aa23349f217ca7c570c76ee87b957/server/out/vs/workbench/api/node/extensionHostProcess.js:27:2445)
	at P.fire (file:///home/student/.vscode-server/cli/servers/Stable-17baf841131aa23349f217ca7c570c76ee87b957/server/out/vs/workbench/api/node/extensionHostProcess.js:27:2662)
	at Object.g [as dispose] (/home/student/.vscode-server/cli/servers/Stable-17baf841131aa23349f217ca7c570c76ee87b957/server/extensions/git/dist/main.js:2:534449)
	at /home/student/.vscode-server/cli/servers/Stable-17baf841131aa23349f217ca7c570c76ee87b957/server/extensions/git/dist/main.js:2:540767
	at Array.forEach (<anonymous>)
	at b.dispose (/home/student/.vscode-server/cli/servers/Stable-17baf841131aa23349f217ca7c570c76ee87b957/server/extensions/git/dist/main.js:2:540753)
	at iv.<anonymous> (file:///home/student/.vscode-server/cli/servers/Stable-17baf841131aa23349f217ca7c570c76ee87b957/server/out/vs/workbench/api/node/extensionHostProcess.js:107:8922)
	at iv.dispose (file:///home/student/.vscode-server/cli/servers/Stable-17baf841131aa23349f217ca7c570c76ee87b957/server/out/vs/workbench/api/node/extensionHostProcess.js:107:9018)
	at iv.<anonymous> (/home/student/.vscode-server/cli/servers/Stable-17baf841131aa23349f217ca7c570c76ee87b957/server/extensions/git/dist/main.js:2:514293)
	at iv.dispose (file:///home/student/.vscode-server/cli/servers/Stable-17baf841131aa23349f217ca7c570c76ee87b957/server/out/vs/workbench/api/node/extensionHostProcess.js:107:9018)
	at pi (file:///home/student/.vscode-server/cli/servers/Stable-17baf841131aa23349f217ca7c570c76ee87b957/server/out/vs/workbench/api/node/extensionHostProcess.js:25:701)
	at file:///home/student/.vscode-server/cli/servers/Stable-17baf841131aa23349f217ca7c570c76ee87b957/server/out/vs/workbench/api/node/extensionHostProcess.js:115:14994
	at file:///home/student/.vscode-server/cli/servers/Stable-17baf841131aa23349f217ca7c570c76ee87b957/server/out/vs/workbench/api/node/extensionHostProcess.js:25:1011
	at Object.dispose (file:///home/student/.vscode-server/cli/servers/Stable-17baf841131aa23349f217ca7c570c76ee87b957/server/out/vs/workbench/api/node/extensionHostProcess.js:8:705)
	at vV.eb (file:///home/student/.vscode-server/cli/servers/Stable-17baf841131aa23349f217ca7c570c76ee87b957/server/out/vs/workbench/api/node/extensionHostProcess.js:115:11921)
	at file:///home/student/.vscode-server/cli/servers/Stable-17baf841131aa23349f217ca7c570c76ee87b957/server/out/vs/workbench/api/node/extensionHostProcess.js:115:9876
	at Array.map (<anonymous>)
	at vV.$ (file:///home/student/.vscode-server/cli/servers/Stable-17baf841131aa23349f217ca7c570c76ee87b957/server/out/vs/workbench/api/node/extensionHostProcess.js:115:9864)
	at vV.terminate (file:///home/student/.vscode-server/cli/servers/Stable-17baf841131aa23349f217ca7c570c76ee87b957/server/out/vs/workbench/api/node/extensionHostProcess.js:115:10107)
	at oP.terminate (file:///home/student/.vscode-server/cli/servers/Stable-17baf841131aa23349f217ca7c570c76ee87b957/server/out/vs/workbench/api/node/extensionHostProcess.js:116:1434)
	at es (file:///home/student/.vscode-server/cli/servers/Stable-17baf841131aa23349f217ca7c570c76ee87b957/server/out/vs/workbench/api/node/extensionHostProcess.js:197:5701)
	at Ah.value (file:///home/student/.vscode-server/cli/servers/Stable-17baf841131aa23349f217ca7c570c76ee87b957/server/out/vs/workbench/api/node/extensionHostProcess.js:197:3862)
	at P.B (file:///home/student/.vscode-server/cli/servers/Stable-17baf841131aa23349f217ca7c570c76ee87b957/server/out/vs/workbench/api/node/extensionHostProcess.js:27:2375)
	at P.fire (file:///home/student/.vscode-server/cli/servers/Stable-17baf841131aa23349f217ca7c570c76ee87b957/server/out/vs/workbench/api/node/extensionHostProcess.js:27:2593)
	at Jn.fire (file:///home/student/.vscode-server/cli/servers/Stable-17baf841131aa23349f217ca7c570c76ee87b957/server/out/vs/workbench/api/node/extensionHostProcess.js:29:9459)
	at Km.A (file:///home/student/.vscode-server/cli/servers/Stable-17baf841131aa23349f217ca7c570c76ee87b957/server/out/vs/workbench/api/node/extensionHostProcess.js:29:12575)
	at Ah.value (file:///home/student/.vscode-server/cli/servers/Stable-17baf841131aa23349f217ca7c570c76ee87b957/server/out/vs/workbench/api/node/extensionHostProcess.js:29:11976)
	at P.B (file:///home/student/.vscode-server/cli/servers/Stable-17baf841131aa23349f217ca7c570c76ee87b957/server/out/vs/workbench/api/node/extensionHostProcess.js:27:2375)
	at P.fire (file:///home/student/.vscode-server/cli/servers/Stable-17baf841131aa23349f217ca7c570c76ee87b957/server/out/vs/workbench/api/node/extensionHostProcess.js:27:2593)
	at M6.acceptChunk (file:///home/student/.vscode-server/cli/servers/Stable-17baf841131aa23349f217ca7c570c76ee87b957/server/out/vs/workbench/api/node/extensionHostProcess.js:29:7942)
	at file:///home/student/.vscode-server/cli/servers/Stable-17baf841131aa23349f217ca7c570c76ee87b957/server/out/vs/workbench/api/node/extensionHostProcess.js:29:7228
	at Socket.t (file:///home/student/.vscode-server/cli/servers/Stable-17baf841131aa23349f217ca7c570c76ee87b957/server/out/vs/workbench/api/node/extensionHostProcess.js:29:15252)
	at Socket.emit (node:events:518:28)
	at addChunk (node:internal/streams/readable:561:12)
	at readableAddChunkPushByteMode (node:internal/streams/readable:512:3)
	at Readable.push (node:internal/streams/readable:392:5)
	at Pipe.onStreamRead (node:internal/stream_base_commons:191:23) setContext undefined
2025-04-26 00:08:56.813 [info] Extension host with pid 1177 exiting with code 0
