2025-04-26 04:35:07.019 [info] [main] Log level: Info
2025-04-26 04:35:07.019 [info] [main] Validating found git in: "git"
2025-04-26 04:35:07.019 [info] [main] Using git "2.34.1" from "git"
2025-04-26 04:35:07.019 [info] [Model][doInitialScan] Initial repository scan started
2025-04-26 04:35:07.019 [info] > git rev-parse --show-toplevel [31ms]
2025-04-26 04:35:07.019 [info] > git rev-parse --git-dir --git-common-dir [1ms]
2025-04-26 04:35:07.019 [info] [Model][openRepository] Opened repository: /home/student
2025-04-26 04:35:07.020 [info] > git config --get commit.template [3ms]
2025-04-26 04:35:07.020 [info] > git rev-parse --show-toplevel [2ms]
2025-04-26 04:35:07.020 [info] > git for-each-ref --format=%(refname)%00%(upstream:short)%00%(objectname)%00%(upstream:track)%00%(upstream:remotename)%00%(upstream:remoteref) refs/heads/main refs/remotes/main [4ms]
2025-04-26 04:35:07.020 [info] > git rev-parse --show-toplevel [1ms]
2025-04-26 04:35:07.020 [info] > git rev-parse --show-toplevel [7ms]
2025-04-26 04:35:07.020 [info] > git for-each-ref --sort -committerdate --format %(refname)%00%(objectname)%00%(*objectname) [4ms]
2025-04-26 04:35:07.020 [info] > git rev-parse --show-toplevel [2ms]
2025-04-26 04:35:07.020 [info] [Model][doInitialScan] Initial repository scan completed - repositories (1), closed repositories (0), parent repositories (0), unsafe repositories (0)
2025-04-26 04:35:07.074 [info] > git status -z -uall [97ms]
2025-04-26 04:35:07.803 [info] > git for-each-ref --format=%(refname)%00%(upstream:short)%00%(objectname)%00%(upstream:track)%00%(upstream:remotename)%00%(upstream:remoteref) refs/heads/main refs/remotes/main [531ms]
2025-04-26 04:35:07.813 [info] > git config --get --local branch.main.vscode-merge-base [6ms]
2025-04-26 04:35:07.813 [warning] [Git][config] git config failed: Failed to execute git
2025-04-26 04:35:07.816 [info] > git config --get commit.template [19ms]
2025-04-26 04:35:07.820 [info] > git reflog main --grep-reflog=branch: Created from *. [4ms]
2025-04-26 04:35:07.824 [info] > git check-ignore -v -z --stdin [15ms]
2025-04-26 04:35:07.826 [info] > git for-each-ref --format=%(refname)%00%(upstream:short)%00%(objectname)%00%(upstream:track)%00%(upstream:remotename)%00%(upstream:remoteref) refs/heads/main refs/remotes/main [7ms]
2025-04-26 04:35:07.832 [info] > git symbolic-ref --short refs/remotes/origin/HEAD [8ms]
2025-04-26 04:35:07.832 [info] fatal: ref refs/remotes/origin/HEAD is not a symbolic ref
2025-04-26 04:35:07.833 [warning] [Repository][getDefaultBranch] Failed to get default branch details: Failed to execute git.
2025-04-26 04:35:07.840 [info] > git merge-base refs/heads/main refs/remotes/origin/main [1ms]
2025-04-26 04:35:07.847 [info] > git diff --name-status -z --diff-filter=ADMR e77db9439cdba777c0b839f9fe71be0bb48aac92...refs/remotes/origin/main [2ms]
2025-04-26 04:35:07.871 [info] > git for-each-ref --sort -committerdate --format %(refname)%00%(objectname)%00%(*objectname) [13ms]
2025-04-26 04:35:07.931 [info] > git status -z -uall [78ms]
2025-04-26 04:37:24.771 [info] > git config --get commit.template [3ms]
2025-04-26 04:37:24.771 [info] > git for-each-ref --format=%(refname)%00%(upstream:short)%00%(objectname)%00%(upstream:track)%00%(upstream:remotename)%00%(upstream:remoteref) refs/heads/main refs/remotes/main [2ms]
2025-04-26 04:37:24.783 [info] > git for-each-ref --sort -committerdate --format %(refname)%00%(objectname)%00%(*objectname) [7ms]
2025-04-26 04:37:24.846 [info] > git status -z -uall [73ms]
2025-04-26 04:37:33.976 [info] > git config --get commit.template [3ms]
2025-04-26 04:37:33.977 [info] > git for-each-ref --format=%(refname)%00%(upstream:short)%00%(objectname)%00%(upstream:track)%00%(upstream:remotename)%00%(upstream:remoteref) refs/heads/main refs/remotes/main [1ms]
2025-04-26 04:37:33.991 [info] > git for-each-ref --sort -committerdate --format %(refname)%00%(objectname)%00%(*objectname) [9ms]
2025-04-26 04:37:34.047 [info] > git status -z -uall [68ms]
2025-04-26 04:37:39.212 [info] > git config --get commit.template [3ms]
2025-04-26 04:37:39.213 [info] > git for-each-ref --format=%(refname)%00%(upstream:short)%00%(objectname)%00%(upstream:track)%00%(upstream:remotename)%00%(upstream:remoteref) refs/heads/main refs/remotes/main [1ms]
2025-04-26 04:37:39.225 [info] > git for-each-ref --sort -committerdate --format %(refname)%00%(objectname)%00%(*objectname) [7ms]
2025-04-26 04:37:39.285 [info] > git status -z -uall [68ms]
2025-04-26 04:37:44.399 [info] > git config --get commit.template [3ms]
2025-04-26 04:37:44.399 [info] > git for-each-ref --format=%(refname)%00%(upstream:short)%00%(objectname)%00%(upstream:track)%00%(upstream:remotename)%00%(upstream:remoteref) refs/heads/main refs/remotes/main [1ms]
2025-04-26 04:37:44.412 [info] > git for-each-ref --sort -committerdate --format %(refname)%00%(objectname)%00%(*objectname) [7ms]
2025-04-26 04:37:44.471 [info] > git status -z -uall [69ms]
2025-04-26 04:39:27.140 [info] > git config --get commit.template [4ms]
2025-04-26 04:39:27.140 [info] > git for-each-ref --format=%(refname)%00%(upstream:short)%00%(objectname)%00%(upstream:track)%00%(upstream:remotename)%00%(upstream:remoteref) refs/heads/main refs/remotes/main [1ms]
2025-04-26 04:39:27.147 [info] > git for-each-ref --sort -committerdate --format %(refname)%00%(objectname)%00%(*objectname) [2ms]
2025-04-26 04:39:27.218 [info] > git status -z -uall [74ms]
2025-04-26 04:39:32.379 [info] > git config --get commit.template [6ms]
2025-04-26 04:39:32.380 [info] > git for-each-ref --format=%(refname)%00%(upstream:short)%00%(objectname)%00%(upstream:track)%00%(upstream:remotename)%00%(upstream:remoteref) refs/heads/main refs/remotes/main [2ms]
2025-04-26 04:39:32.391 [info] > git for-each-ref --sort -committerdate --format %(refname)%00%(objectname)%00%(*objectname) [6ms]
2025-04-26 04:39:32.449 [info] > git status -z -uall [66ms]
2025-04-26 04:41:45.475 [info] > git config --get commit.template [2ms]
2025-04-26 04:41:45.475 [info] > git for-each-ref --format=%(refname)%00%(upstream:short)%00%(objectname)%00%(upstream:track)%00%(upstream:remotename)%00%(upstream:remoteref) refs/heads/main refs/remotes/main [1ms]
2025-04-26 04:41:45.484 [info] > git for-each-ref --sort -committerdate --format %(refname)%00%(objectname)%00%(*objectname) [4ms]
2025-04-26 04:41:45.547 [info] > git status -z -uall [69ms]
2025-04-26 04:41:50.714 [info] > git config --get commit.template [3ms]
2025-04-26 04:41:50.714 [info] > git for-each-ref --format=%(refname)%00%(upstream:short)%00%(objectname)%00%(upstream:track)%00%(upstream:remotename)%00%(upstream:remoteref) refs/heads/main refs/remotes/main [1ms]
2025-04-26 04:41:50.721 [info] > git for-each-ref --sort -committerdate --format %(refname)%00%(objectname)%00%(*objectname) [1ms]
2025-04-26 04:41:50.784 [info] > git status -z -uall [67ms]
2025-04-26 04:42:06.160 [info] > git config --get commit.template [3ms]
2025-04-26 04:42:06.160 [info] > git for-each-ref --format=%(refname)%00%(upstream:short)%00%(objectname)%00%(upstream:track)%00%(upstream:remotename)%00%(upstream:remoteref) refs/heads/main refs/remotes/main [1ms]
2025-04-26 04:42:06.174 [info] > git for-each-ref --sort -committerdate --format %(refname)%00%(objectname)%00%(*objectname) [8ms]
2025-04-26 04:42:06.230 [info] > git status -z -uall [67ms]
2025-04-26 04:42:11.364 [info] > git config --get commit.template [3ms]
2025-04-26 04:42:11.365 [info] > git for-each-ref --format=%(refname)%00%(upstream:short)%00%(objectname)%00%(upstream:track)%00%(upstream:remotename)%00%(upstream:remoteref) refs/heads/main refs/remotes/main [1ms]
2025-04-26 04:42:11.372 [info] > git for-each-ref --sort -committerdate --format %(refname)%00%(objectname)%00%(*objectname) [1ms]
2025-04-26 04:42:11.434 [info] > git status -z -uall [66ms]
2025-04-26 04:42:16.556 [info] > git config --get commit.template [4ms]
2025-04-26 04:42:16.557 [info] > git for-each-ref --format=%(refname)%00%(upstream:short)%00%(objectname)%00%(upstream:track)%00%(upstream:remotename)%00%(upstream:remoteref) refs/heads/main refs/remotes/main [2ms]
2025-04-26 04:42:16.564 [info] > git for-each-ref --sort -committerdate --format %(refname)%00%(objectname)%00%(*objectname) [2ms]
2025-04-26 04:42:16.625 [info] > git status -z -uall [65ms]
2025-04-26 04:42:45.124 [info] > git config --get commit.template [3ms]
2025-04-26 04:42:45.125 [info] > git for-each-ref --format=%(refname)%00%(upstream:short)%00%(objectname)%00%(upstream:track)%00%(upstream:remotename)%00%(upstream:remoteref) refs/heads/main refs/remotes/main [2ms]
2025-04-26 04:42:45.132 [info] > git for-each-ref --sort -committerdate --format %(refname)%00%(objectname)%00%(*objectname) [2ms]
2025-04-26 04:42:45.194 [info] > git status -z -uall [66ms]
2025-04-26 04:42:50.375 [info] > git config --get commit.template [4ms]
2025-04-26 04:42:50.376 [info] > git for-each-ref --format=%(refname)%00%(upstream:short)%00%(objectname)%00%(upstream:track)%00%(upstream:remotename)%00%(upstream:remoteref) refs/heads/main refs/remotes/main [1ms]
2025-04-26 04:42:50.384 [info] > git for-each-ref --sort -committerdate --format %(refname)%00%(objectname)%00%(*objectname) [2ms]
2025-04-26 04:42:50.446 [info] > git status -z -uall [67ms]
2025-04-26 04:42:55.568 [info] > git config --get commit.template [4ms]
2025-04-26 04:42:55.569 [info] > git for-each-ref --format=%(refname)%00%(upstream:short)%00%(objectname)%00%(upstream:track)%00%(upstream:remotename)%00%(upstream:remoteref) refs/heads/main refs/remotes/main [2ms]
2025-04-26 04:42:55.576 [info] > git for-each-ref --sort -committerdate --format %(refname)%00%(objectname)%00%(*objectname) [2ms]
2025-04-26 04:42:55.638 [info] > git status -z -uall [66ms]
2025-04-26 04:46:21.838 [info] > git config --get commit.template [4ms]
2025-04-26 04:46:21.838 [info] > git for-each-ref --format=%(refname)%00%(upstream:short)%00%(objectname)%00%(upstream:track)%00%(upstream:remotename)%00%(upstream:remoteref) refs/heads/main refs/remotes/main [1ms]
2025-04-26 04:46:21.850 [info] > git for-each-ref --sort -committerdate --format %(refname)%00%(objectname)%00%(*objectname) [6ms]
2025-04-26 04:46:21.915 [info] > git status -z -uall [74ms]
2025-04-26 04:46:32.513 [info] > git config --get commit.template [4ms]
2025-04-26 04:46:32.514 [info] > git for-each-ref --format=%(refname)%00%(upstream:short)%00%(objectname)%00%(upstream:track)%00%(upstream:remotename)%00%(upstream:remoteref) refs/heads/main refs/remotes/main [2ms]
2025-04-26 04:46:32.526 [info] > git for-each-ref --sort -committerdate --format %(refname)%00%(objectname)%00%(*objectname) [7ms]
2025-04-26 04:46:32.583 [info] > git status -z -uall [66ms]
2025-04-26 04:46:37.699 [info] > git config --get commit.template [4ms]
2025-04-26 04:46:37.700 [info] > git for-each-ref --format=%(refname)%00%(upstream:short)%00%(objectname)%00%(upstream:track)%00%(upstream:remotename)%00%(upstream:remoteref) refs/heads/main refs/remotes/main [2ms]
2025-04-26 04:46:37.716 [info] > git for-each-ref --sort -committerdate --format %(refname)%00%(objectname)%00%(*objectname) [11ms]
2025-04-26 04:46:37.768 [info] > git status -z -uall [66ms]
2025-04-26 04:46:43.149 [info] > git config --get commit.template [3ms]
2025-04-26 04:46:43.150 [info] > git for-each-ref --format=%(refname)%00%(upstream:short)%00%(objectname)%00%(upstream:track)%00%(upstream:remotename)%00%(upstream:remoteref) refs/heads/main refs/remotes/main [1ms]
2025-04-26 04:46:43.159 [info] > git for-each-ref --sort -committerdate --format %(refname)%00%(objectname)%00%(*objectname) [4ms]
2025-04-26 04:46:43.222 [info] > git status -z -uall [68ms]
2025-04-26 04:46:48.335 [info] > git config --get commit.template [3ms]
2025-04-26 04:46:48.336 [info] > git for-each-ref --format=%(refname)%00%(upstream:short)%00%(objectname)%00%(upstream:track)%00%(upstream:remotename)%00%(upstream:remoteref) refs/heads/main refs/remotes/main [1ms]
2025-04-26 04:46:48.343 [info] > git for-each-ref --sort -committerdate --format %(refname)%00%(objectname)%00%(*objectname) [1ms]
2025-04-26 04:46:48.407 [info] > git status -z -uall [68ms]
2025-04-26 04:46:53.519 [info] > git config --get commit.template [4ms]
2025-04-26 04:46:53.521 [info] > git for-each-ref --format=%(refname)%00%(upstream:short)%00%(objectname)%00%(upstream:track)%00%(upstream:remotename)%00%(upstream:remoteref) refs/heads/main refs/remotes/main [2ms]
2025-04-26 04:46:53.549 [info] > git for-each-ref --sort -committerdate --format %(refname)%00%(objectname)%00%(*objectname) [8ms]
2025-04-26 04:46:53.616 [info] > git status -z -uall [79ms]
2025-04-26 04:46:58.734 [info] > git config --get commit.template [4ms]
2025-04-26 04:46:58.734 [info] > git for-each-ref --format=%(refname)%00%(upstream:short)%00%(objectname)%00%(upstream:track)%00%(upstream:remotename)%00%(upstream:remoteref) refs/heads/main refs/remotes/main [1ms]
2025-04-26 04:46:58.744 [info] > git for-each-ref --sort -committerdate --format %(refname)%00%(objectname)%00%(*objectname) [4ms]
2025-04-26 04:46:58.804 [info] > git status -z -uall [67ms]
2025-04-26 04:47:03.950 [info] > git config --get commit.template [3ms]
2025-04-26 04:47:03.951 [info] > git for-each-ref --format=%(refname)%00%(upstream:short)%00%(objectname)%00%(upstream:track)%00%(upstream:remotename)%00%(upstream:remoteref) refs/heads/main refs/remotes/main [1ms]
2025-04-26 04:47:03.961 [info] > git for-each-ref --sort -committerdate --format %(refname)%00%(objectname)%00%(*objectname) [2ms]
2025-04-26 04:47:04.020 [info] > git status -z -uall [66ms]
2025-04-26 04:47:09.132 [info] > git config --get commit.template [3ms]
2025-04-26 04:47:09.133 [info] > git for-each-ref --format=%(refname)%00%(upstream:short)%00%(objectname)%00%(upstream:track)%00%(upstream:remotename)%00%(upstream:remoteref) refs/heads/main refs/remotes/main [1ms]
2025-04-26 04:47:09.141 [info] > git for-each-ref --sort -committerdate --format %(refname)%00%(objectname)%00%(*objectname) [2ms]
2025-04-26 04:47:09.205 [info] > git status -z -uall [69ms]
2025-04-26 04:47:14.323 [info] > git config --get commit.template [4ms]
2025-04-26 04:47:14.324 [info] > git for-each-ref --format=%(refname)%00%(upstream:short)%00%(objectname)%00%(upstream:track)%00%(upstream:remotename)%00%(upstream:remoteref) refs/heads/main refs/remotes/main [2ms]
2025-04-26 04:47:14.336 [info] > git for-each-ref --sort -committerdate --format %(refname)%00%(objectname)%00%(*objectname) [7ms]
2025-04-26 04:47:14.393 [info] > git status -z -uall [67ms]
2025-04-26 04:47:19.508 [info] > git config --get commit.template [3ms]
2025-04-26 04:47:19.509 [info] > git for-each-ref --format=%(refname)%00%(upstream:short)%00%(objectname)%00%(upstream:track)%00%(upstream:remotename)%00%(upstream:remoteref) refs/heads/main refs/remotes/main [2ms]
2025-04-26 04:47:19.516 [info] > git for-each-ref --sort -committerdate --format %(refname)%00%(objectname)%00%(*objectname) [2ms]
2025-04-26 04:47:19.577 [info] > git status -z -uall [66ms]
2025-04-26 04:51:23.299 [info] > git config --get commit.template [4ms]
2025-04-26 04:51:23.300 [info] > git for-each-ref --format=%(refname)%00%(upstream:short)%00%(objectname)%00%(upstream:track)%00%(upstream:remotename)%00%(upstream:remoteref) refs/heads/main refs/remotes/main [2ms]
2025-04-26 04:51:23.309 [info] > git for-each-ref --sort -committerdate --format %(refname)%00%(objectname)%00%(*objectname) [4ms]
2025-04-26 04:51:23.374 [info] > git status -z -uall [72ms]
2025-04-26 04:54:55.540 [info] > git config --get commit.template [2ms]
2025-04-26 04:54:55.541 [info] > git for-each-ref --format=%(refname)%00%(upstream:short)%00%(objectname)%00%(upstream:track)%00%(upstream:remotename)%00%(upstream:remoteref) refs/heads/main refs/remotes/main [2ms]
2025-04-26 04:54:55.547 [info] > git for-each-ref --sort -committerdate --format %(refname)%00%(objectname)%00%(*objectname) [2ms]
2025-04-26 04:54:55.609 [info] > git status -z -uall [66ms]
2025-04-26 04:55:14.845 [info] > git config --get commit.template [1ms]
2025-04-26 04:55:14.849 [info] > git for-each-ref --format=%(refname)%00%(upstream:short)%00%(objectname)%00%(upstream:track)%00%(upstream:remotename)%00%(upstream:remoteref) refs/heads/main refs/remotes/main [1ms]
2025-04-26 04:55:14.862 [info] > git for-each-ref --sort -committerdate --format %(refname)%00%(objectname)%00%(*objectname) [8ms]
2025-04-26 04:55:14.923 [info] > git status -z -uall [71ms]
2025-04-26 04:55:36.909 [info] > git config --get commit.template [3ms]
2025-04-26 04:55:36.910 [info] > git for-each-ref --format=%(refname)%00%(upstream:short)%00%(objectname)%00%(upstream:track)%00%(upstream:remotename)%00%(upstream:remoteref) refs/heads/main refs/remotes/main [1ms]
2025-04-26 04:55:36.924 [info] > git for-each-ref --sort -committerdate --format %(refname)%00%(objectname)%00%(*objectname) [8ms]
2025-04-26 04:55:36.980 [info] > git status -z -uall [67ms]
2025-04-26 05:13:19.910 [info] > git config --get commit.template [7ms]
2025-04-26 05:13:19.910 [info] > git for-each-ref --format=%(refname)%00%(upstream:short)%00%(objectname)%00%(upstream:track)%00%(upstream:remotename)%00%(upstream:remoteref) refs/heads/main refs/remotes/main [4ms]
2025-04-26 05:13:19.926 [info] > git for-each-ref --sort -committerdate --format %(refname)%00%(objectname)%00%(*objectname) [7ms]
2025-04-26 05:13:19.986 [info] > git status -z -uall [72ms]
2025-04-26 05:13:25.164 [info] > git config --get commit.template [4ms]
2025-04-26 05:13:25.165 [info] > git for-each-ref --format=%(refname)%00%(upstream:short)%00%(objectname)%00%(upstream:track)%00%(upstream:remotename)%00%(upstream:remoteref) refs/heads/main refs/remotes/main [2ms]
2025-04-26 05:13:25.179 [info] > git for-each-ref --sort -committerdate --format %(refname)%00%(objectname)%00%(*objectname) [9ms]
2025-04-26 05:13:25.234 [info] > git status -z -uall [66ms]
2025-04-26 05:13:30.349 [info] > git config --get commit.template [4ms]
2025-04-26 05:13:30.350 [info] > git for-each-ref --format=%(refname)%00%(upstream:short)%00%(objectname)%00%(upstream:track)%00%(upstream:remotename)%00%(upstream:remoteref) refs/heads/main refs/remotes/main [2ms]
2025-04-26 05:13:30.357 [info] > git for-each-ref --sort -committerdate --format %(refname)%00%(objectname)%00%(*objectname) [2ms]
2025-04-26 05:13:30.421 [info] > git status -z -uall [69ms]
2025-04-26 05:13:35.544 [info] > git config --get commit.template [4ms]
2025-04-26 05:13:35.545 [info] > git for-each-ref --format=%(refname)%00%(upstream:short)%00%(objectname)%00%(upstream:track)%00%(upstream:remotename)%00%(upstream:remoteref) refs/heads/main refs/remotes/main [1ms]
2025-04-26 05:13:35.552 [info] > git for-each-ref --sort -committerdate --format %(refname)%00%(objectname)%00%(*objectname) [2ms]
2025-04-26 05:13:35.615 [info] > git status -z -uall [66ms]
2025-04-26 05:13:40.934 [info] > git config --get commit.template [3ms]
2025-04-26 05:13:40.935 [info] > git for-each-ref --format=%(refname)%00%(upstream:short)%00%(objectname)%00%(upstream:track)%00%(upstream:remotename)%00%(upstream:remoteref) refs/heads/main refs/remotes/main [2ms]
2025-04-26 05:13:40.942 [info] > git for-each-ref --sort -committerdate --format %(refname)%00%(objectname)%00%(*objectname) [2ms]
2025-04-26 05:13:41.003 [info] > git status -z -uall [66ms]
2025-04-26 05:13:46.116 [info] > git config --get commit.template [3ms]
2025-04-26 05:13:46.117 [info] > git for-each-ref --format=%(refname)%00%(upstream:short)%00%(objectname)%00%(upstream:track)%00%(upstream:remotename)%00%(upstream:remoteref) refs/heads/main refs/remotes/main [1ms]
2025-04-26 05:13:46.130 [info] > git for-each-ref --sort -committerdate --format %(refname)%00%(objectname)%00%(*objectname) [7ms]
2025-04-26 05:13:46.186 [info] > git status -z -uall [66ms]
2025-04-26 05:13:52.396 [info] > git config --get commit.template [4ms]
2025-04-26 05:13:52.397 [info] > git for-each-ref --format=%(refname)%00%(upstream:short)%00%(objectname)%00%(upstream:track)%00%(upstream:remotename)%00%(upstream:remoteref) refs/heads/main refs/remotes/main [2ms]
2025-04-26 05:13:52.405 [info] > git for-each-ref --sort -committerdate --format %(refname)%00%(objectname)%00%(*objectname) [2ms]
2025-04-26 05:13:52.469 [info] > git status -z -uall [68ms]
2025-04-26 05:14:04.188 [info] > git config --get commit.template [3ms]
2025-04-26 05:14:04.189 [info] > git for-each-ref --format=%(refname)%00%(upstream:short)%00%(objectname)%00%(upstream:track)%00%(upstream:remotename)%00%(upstream:remoteref) refs/heads/main refs/remotes/main [1ms]
2025-04-26 05:14:04.196 [info] > git for-each-ref --sort -committerdate --format %(refname)%00%(objectname)%00%(*objectname) [1ms]
2025-04-26 05:14:04.260 [info] > git status -z -uall [68ms]
2025-04-26 05:14:28.836 [info] > git config --get commit.template [3ms]
2025-04-26 05:14:28.837 [info] > git for-each-ref --format=%(refname)%00%(upstream:short)%00%(objectname)%00%(upstream:track)%00%(upstream:remotename)%00%(upstream:remoteref) refs/heads/main refs/remotes/main [1ms]
2025-04-26 05:14:28.850 [info] > git for-each-ref --sort -committerdate --format %(refname)%00%(objectname)%00%(*objectname) [8ms]
2025-04-26 05:14:28.906 [info] > git status -z -uall [67ms]
2025-04-26 05:14:36.564 [info] > git config --get commit.template [3ms]
2025-04-26 05:14:36.565 [info] > git for-each-ref --format=%(refname)%00%(upstream:short)%00%(objectname)%00%(upstream:track)%00%(upstream:remotename)%00%(upstream:remoteref) refs/heads/main refs/remotes/main [2ms]
2025-04-26 05:14:36.571 [info] > git for-each-ref --sort -committerdate --format %(refname)%00%(objectname)%00%(*objectname) [1ms]
2025-04-26 05:14:36.633 [info] > git status -z -uall [66ms]
2025-04-26 05:14:41.760 [info] > git config --get commit.template [3ms]
2025-04-26 05:14:41.760 [info] > git for-each-ref --format=%(refname)%00%(upstream:short)%00%(objectname)%00%(upstream:track)%00%(upstream:remotename)%00%(upstream:remoteref) refs/heads/main refs/remotes/main [1ms]
2025-04-26 05:14:41.767 [info] > git for-each-ref --sort -committerdate --format %(refname)%00%(objectname)%00%(*objectname) [2ms]
2025-04-26 05:14:41.829 [info] > git status -z -uall [65ms]
2025-04-26 05:15:43.811 [info] > git config --get commit.template [4ms]
2025-04-26 05:15:43.812 [info] > git for-each-ref --format=%(refname)%00%(upstream:short)%00%(objectname)%00%(upstream:track)%00%(upstream:remotename)%00%(upstream:remoteref) refs/heads/main refs/remotes/main [2ms]
2025-04-26 05:15:43.828 [info] > git for-each-ref --sort -committerdate --format %(refname)%00%(objectname)%00%(*objectname) [11ms]
2025-04-26 05:15:43.881 [info] > git status -z -uall [67ms]
2025-04-26 05:15:49.015 [info] > git config --get commit.template [4ms]
2025-04-26 05:15:49.016 [info] > git for-each-ref --format=%(refname)%00%(upstream:short)%00%(objectname)%00%(upstream:track)%00%(upstream:remotename)%00%(upstream:remoteref) refs/heads/main refs/remotes/main [1ms]
2025-04-26 05:15:49.031 [info] > git for-each-ref --sort -committerdate --format %(refname)%00%(objectname)%00%(*objectname) [10ms]
2025-04-26 05:15:49.085 [info] > git status -z -uall [66ms]
2025-04-26 05:15:54.213 [info] > git config --get commit.template [3ms]
2025-04-26 05:15:54.213 [info] > git for-each-ref --format=%(refname)%00%(upstream:short)%00%(objectname)%00%(upstream:track)%00%(upstream:remotename)%00%(upstream:remoteref) refs/heads/main refs/remotes/main [1ms]
2025-04-26 05:15:54.228 [info] > git for-each-ref --sort -committerdate --format %(refname)%00%(objectname)%00%(*objectname) [9ms]
2025-04-26 05:15:54.282 [info] > git status -z -uall [66ms]
2025-04-26 05:16:13.193 [info] > git config --get commit.template [3ms]
2025-04-26 05:16:13.194 [info] > git for-each-ref --format=%(refname)%00%(upstream:short)%00%(objectname)%00%(upstream:track)%00%(upstream:remotename)%00%(upstream:remoteref) refs/heads/main refs/remotes/main [2ms]
2025-04-26 05:16:13.207 [info] > git for-each-ref --sort -committerdate --format %(refname)%00%(objectname)%00%(*objectname) [8ms]
2025-04-26 05:16:13.262 [info] > git status -z -uall [66ms]
2025-04-26 05:16:18.396 [info] > git config --get commit.template [3ms]
2025-04-26 05:16:18.397 [info] > git for-each-ref --format=%(refname)%00%(upstream:short)%00%(objectname)%00%(upstream:track)%00%(upstream:remotename)%00%(upstream:remoteref) refs/heads/main refs/remotes/main [1ms]
2025-04-26 05:16:18.404 [info] > git for-each-ref --sort -committerdate --format %(refname)%00%(objectname)%00%(*objectname) [2ms]
2025-04-26 05:16:18.468 [info] > git status -z -uall [68ms]
2025-04-26 05:16:32.040 [info] > git config --get commit.template [4ms]
2025-04-26 05:16:32.041 [info] > git for-each-ref --format=%(refname)%00%(upstream:short)%00%(objectname)%00%(upstream:track)%00%(upstream:remotename)%00%(upstream:remoteref) refs/heads/main refs/remotes/main [2ms]
2025-04-26 05:16:32.047 [info] > git for-each-ref --sort -committerdate --format %(refname)%00%(objectname)%00%(*objectname) [1ms]
2025-04-26 05:16:32.112 [info] > git status -z -uall [68ms]
2025-04-26 05:17:44.925 [info] > git config --get commit.template [1ms]
2025-04-26 05:17:44.929 [info] > git for-each-ref --format=%(refname)%00%(upstream:short)%00%(objectname)%00%(upstream:track)%00%(upstream:remotename)%00%(upstream:remoteref) refs/heads/main refs/remotes/main [1ms]
2025-04-26 05:17:44.938 [info] > git for-each-ref --sort -committerdate --format %(refname)%00%(objectname)%00%(*objectname) [2ms]
2025-04-26 05:17:45.005 [info] > git status -z -uall [72ms]
2025-04-26 05:17:50.776 [info] > git config --get commit.template [4ms]
2025-04-26 05:17:50.777 [info] > git for-each-ref --format=%(refname)%00%(upstream:short)%00%(objectname)%00%(upstream:track)%00%(upstream:remotename)%00%(upstream:remoteref) refs/heads/main refs/remotes/main [2ms]
2025-04-26 05:17:50.784 [info] > git for-each-ref --sort -committerdate --format %(refname)%00%(objectname)%00%(*objectname) [2ms]
2025-04-26 05:17:50.846 [info] > git status -z -uall [66ms]
2025-04-26 05:17:55.964 [info] > git config --get commit.template [3ms]
2025-04-26 05:17:55.965 [info] > git for-each-ref --format=%(refname)%00%(upstream:short)%00%(objectname)%00%(upstream:track)%00%(upstream:remotename)%00%(upstream:remoteref) refs/heads/main refs/remotes/main [1ms]
2025-04-26 05:17:55.974 [info] > git for-each-ref --sort -committerdate --format %(refname)%00%(objectname)%00%(*objectname) [3ms]
2025-04-26 05:17:56.035 [info] > git status -z -uall [67ms]
2025-04-26 05:18:18.790 [info] > git config --get commit.template [4ms]
2025-04-26 05:18:18.791 [info] > git for-each-ref --format=%(refname)%00%(upstream:short)%00%(objectname)%00%(upstream:track)%00%(upstream:remotename)%00%(upstream:remoteref) refs/heads/main refs/remotes/main [1ms]
2025-04-26 05:18:18.798 [info] > git for-each-ref --sort -committerdate --format %(refname)%00%(objectname)%00%(*objectname) [2ms]
2025-04-26 05:18:18.859 [info] > git status -z -uall [66ms]
2025-04-26 05:18:25.825 [info] > git config --get commit.template [4ms]
2025-04-26 05:18:25.826 [info] > git for-each-ref --format=%(refname)%00%(upstream:short)%00%(objectname)%00%(upstream:track)%00%(upstream:remotename)%00%(upstream:remoteref) refs/heads/main refs/remotes/main [2ms]
2025-04-26 05:18:25.833 [info] > git for-each-ref --sort -committerdate --format %(refname)%00%(objectname)%00%(*objectname) [2ms]
2025-04-26 05:18:25.894 [info] > git status -z -uall [66ms]
2025-04-26 05:19:39.860 [info] > git config --get commit.template [3ms]
2025-04-26 05:19:39.861 [info] > git for-each-ref --format=%(refname)%00%(upstream:short)%00%(objectname)%00%(upstream:track)%00%(upstream:remotename)%00%(upstream:remoteref) refs/heads/main refs/remotes/main [1ms]
2025-04-26 05:19:39.875 [info] > git for-each-ref --sort -committerdate --format %(refname)%00%(objectname)%00%(*objectname) [9ms]
2025-04-26 05:19:39.936 [info] > git status -z -uall [72ms]
2025-04-26 05:20:09.115 [info] > git config --get commit.template [4ms]
2025-04-26 05:20:09.116 [info] > git for-each-ref --format=%(refname)%00%(upstream:short)%00%(objectname)%00%(upstream:track)%00%(upstream:remotename)%00%(upstream:remoteref) refs/heads/main refs/remotes/main [2ms]
2025-04-26 05:20:09.129 [info] > git for-each-ref --sort -committerdate --format %(refname)%00%(objectname)%00%(*objectname) [8ms]
2025-04-26 05:20:09.184 [info] > git status -z -uall [66ms]
2025-04-26 05:20:14.320 [info] > git config --get commit.template [5ms]
2025-04-26 05:20:14.320 [info] > git for-each-ref --format=%(refname)%00%(upstream:short)%00%(objectname)%00%(upstream:track)%00%(upstream:remotename)%00%(upstream:remoteref) refs/heads/main refs/remotes/main [1ms]
2025-04-26 05:20:14.335 [info] > git for-each-ref --sort -committerdate --format %(refname)%00%(objectname)%00%(*objectname) [9ms]
2025-04-26 05:20:14.390 [info] > git status -z -uall [67ms]
2025-04-26 05:20:19.512 [info] > git config --get commit.template [4ms]
2025-04-26 05:20:19.513 [info] > git for-each-ref --format=%(refname)%00%(upstream:short)%00%(objectname)%00%(upstream:track)%00%(upstream:remotename)%00%(upstream:remoteref) refs/heads/main refs/remotes/main [2ms]
2025-04-26 05:20:19.520 [info] > git for-each-ref --sort -committerdate --format %(refname)%00%(objectname)%00%(*objectname) [2ms]
2025-04-26 05:20:19.581 [info] > git status -z -uall [66ms]
2025-04-26 05:20:24.695 [info] > git config --get commit.template [4ms]
2025-04-26 05:20:24.696 [info] > git for-each-ref --format=%(refname)%00%(upstream:short)%00%(objectname)%00%(upstream:track)%00%(upstream:remotename)%00%(upstream:remoteref) refs/heads/main refs/remotes/main [2ms]
2025-04-26 05:20:24.704 [info] > git for-each-ref --sort -committerdate --format %(refname)%00%(objectname)%00%(*objectname) [3ms]
2025-04-26 05:20:24.765 [info] > git status -z -uall [67ms]
2025-04-26 05:21:27.101 [info] > git config --get commit.template [3ms]
2025-04-26 05:21:27.102 [info] > git for-each-ref --format=%(refname)%00%(upstream:short)%00%(objectname)%00%(upstream:track)%00%(upstream:remotename)%00%(upstream:remoteref) refs/heads/main refs/remotes/main [1ms]
2025-04-26 05:21:27.115 [info] > git for-each-ref --sort -committerdate --format %(refname)%00%(objectname)%00%(*objectname) [7ms]
2025-04-26 05:21:27.176 [info] > git status -z -uall [72ms]
2025-04-26 05:21:34.756 [info] > git config --get commit.template [3ms]
2025-04-26 05:21:34.757 [info] > git for-each-ref --format=%(refname)%00%(upstream:short)%00%(objectname)%00%(upstream:track)%00%(upstream:remotename)%00%(upstream:remoteref) refs/heads/main refs/remotes/main [1ms]
2025-04-26 05:21:34.768 [info] > git for-each-ref --sort -committerdate --format %(refname)%00%(objectname)%00%(*objectname) [5ms]
2025-04-26 05:21:34.826 [info] > git status -z -uall [66ms]
2025-04-26 05:22:11.649 [info] > git config --get commit.template [5ms]
2025-04-26 05:22:11.649 [info] > git for-each-ref --format=%(refname)%00%(upstream:short)%00%(objectname)%00%(upstream:track)%00%(upstream:remotename)%00%(upstream:remoteref) refs/heads/main refs/remotes/main [1ms]
2025-04-26 05:22:11.657 [info] > git for-each-ref --sort -committerdate --format %(refname)%00%(objectname)%00%(*objectname) [2ms]
2025-04-26 05:22:11.720 [info] > git status -z -uall [68ms]
2025-04-26 05:22:15.153 [info] > git check-ignore -v -z --stdin [4ms]
2025-04-26 05:22:51.415 [info] > git config --get commit.template [3ms]
2025-04-26 05:22:51.416 [info] > git for-each-ref --format=%(refname)%00%(upstream:short)%00%(objectname)%00%(upstream:track)%00%(upstream:remotename)%00%(upstream:remoteref) refs/heads/main refs/remotes/main [2ms]
2025-04-26 05:22:51.430 [info] > git for-each-ref --sort -committerdate --format %(refname)%00%(objectname)%00%(*objectname) [9ms]
2025-04-26 05:22:51.492 [info] > git status -z -uall [73ms]
2025-04-26 05:23:25.035 [info] > git config --get commit.template [3ms]
2025-04-26 05:23:25.036 [info] > git for-each-ref --format=%(refname)%00%(upstream:short)%00%(objectname)%00%(upstream:track)%00%(upstream:remotename)%00%(upstream:remoteref) refs/heads/main refs/remotes/main [1ms]
2025-04-26 05:23:25.043 [info] > git for-each-ref --sort -committerdate --format %(refname)%00%(objectname)%00%(*objectname) [2ms]
2025-04-26 05:23:25.105 [info] > git status -z -uall [66ms]
2025-04-26 05:23:31.239 [info] > git config --get commit.template [3ms]
2025-04-26 05:23:31.239 [info] > git for-each-ref --format=%(refname)%00%(upstream:short)%00%(objectname)%00%(upstream:track)%00%(upstream:remotename)%00%(upstream:remoteref) refs/heads/main refs/remotes/main [1ms]
2025-04-26 05:23:31.253 [info] > git for-each-ref --sort -committerdate --format %(refname)%00%(objectname)%00%(*objectname) [8ms]
2025-04-26 05:23:31.310 [info] > git status -z -uall [68ms]
2025-04-26 05:23:37.784 [info] > git config --get commit.template [3ms]
2025-04-26 05:23:37.785 [info] > git for-each-ref --format=%(refname)%00%(upstream:short)%00%(objectname)%00%(upstream:track)%00%(upstream:remotename)%00%(upstream:remoteref) refs/heads/main refs/remotes/main [1ms]
2025-04-26 05:23:37.792 [info] > git for-each-ref --sort -committerdate --format %(refname)%00%(objectname)%00%(*objectname) [2ms]
2025-04-26 05:23:37.857 [info] > git status -z -uall [69ms]
2025-04-26 05:23:43.012 [info] > git config --get commit.template [4ms]
2025-04-26 05:23:43.013 [info] > git for-each-ref --format=%(refname)%00%(upstream:short)%00%(objectname)%00%(upstream:track)%00%(upstream:remotename)%00%(upstream:remoteref) refs/heads/main refs/remotes/main [2ms]
2025-04-26 05:23:43.029 [info] > git for-each-ref --sort -committerdate --format %(refname)%00%(objectname)%00%(*objectname) [10ms]
2025-04-26 05:23:43.082 [info] > git status -z -uall [66ms]
2025-04-26 05:25:12.690 [info] > git config --get commit.template [2ms]
2025-04-26 05:25:12.691 [info] > git for-each-ref --format=%(refname)%00%(upstream:short)%00%(objectname)%00%(upstream:track)%00%(upstream:remotename)%00%(upstream:remoteref) refs/heads/main refs/remotes/main [2ms]
2025-04-26 05:25:12.699 [info] > git for-each-ref --sort -committerdate --format %(refname)%00%(objectname)%00%(*objectname) [3ms]
2025-04-26 05:25:12.767 [info] > git status -z -uall [73ms]
2025-04-26 05:25:18.469 [info] > git config --get commit.template [3ms]
2025-04-26 05:25:18.470 [info] > git for-each-ref --format=%(refname)%00%(upstream:short)%00%(objectname)%00%(upstream:track)%00%(upstream:remotename)%00%(upstream:remoteref) refs/heads/main refs/remotes/main [2ms]
2025-04-26 05:25:18.477 [info] > git for-each-ref --sort -committerdate --format %(refname)%00%(objectname)%00%(*objectname) [2ms]
2025-04-26 05:25:18.540 [info] > git status -z -uall [67ms]
2025-04-26 05:25:23.672 [info] > git config --get commit.template [4ms]
2025-04-26 05:25:23.673 [info] > git for-each-ref --format=%(refname)%00%(upstream:short)%00%(objectname)%00%(upstream:track)%00%(upstream:remotename)%00%(upstream:remoteref) refs/heads/main refs/remotes/main [2ms]
2025-04-26 05:25:23.680 [info] > git for-each-ref --sort -committerdate --format %(refname)%00%(objectname)%00%(*objectname) [2ms]
2025-04-26 05:25:23.743 [info] > git status -z -uall [67ms]
2025-04-26 05:25:40.470 [info] > git config --get commit.template [4ms]
2025-04-26 05:25:40.472 [info] > git for-each-ref --format=%(refname)%00%(upstream:short)%00%(objectname)%00%(upstream:track)%00%(upstream:remotename)%00%(upstream:remoteref) refs/heads/main refs/remotes/main [3ms]
2025-04-26 05:25:40.484 [info] > git for-each-ref --sort -committerdate --format %(refname)%00%(objectname)%00%(*objectname) [7ms]
2025-04-26 05:25:40.543 [info] > git status -z -uall [68ms]
2025-04-26 05:25:45.674 [info] > git config --get commit.template [1ms]
2025-04-26 05:25:45.679 [info] > git for-each-ref --format=%(refname)%00%(upstream:short)%00%(objectname)%00%(upstream:track)%00%(upstream:remotename)%00%(upstream:remoteref) refs/heads/main refs/remotes/main [1ms]
2025-04-26 05:25:45.686 [info] > git for-each-ref --sort -committerdate --format %(refname)%00%(objectname)%00%(*objectname) [1ms]
2025-04-26 05:25:45.749 [info] > git status -z -uall [67ms]
2025-04-26 05:25:48.632 [info] > git check-ignore -v -z --stdin [4ms]
2025-04-26 05:25:50.872 [info] > git config --get commit.template [3ms]
2025-04-26 05:25:50.873 [info] > git for-each-ref --format=%(refname)%00%(upstream:short)%00%(objectname)%00%(upstream:track)%00%(upstream:remotename)%00%(upstream:remoteref) refs/heads/main refs/remotes/main [1ms]
2025-04-26 05:25:50.880 [info] > git for-each-ref --sort -committerdate --format %(refname)%00%(objectname)%00%(*objectname) [1ms]
2025-04-26 05:25:50.940 [info] > git status -z -uall [64ms]
2025-04-26 05:25:56.051 [info] > git config --get commit.template [3ms]
2025-04-26 05:25:56.052 [info] > git for-each-ref --format=%(refname)%00%(upstream:short)%00%(objectname)%00%(upstream:track)%00%(upstream:remotename)%00%(upstream:remoteref) refs/heads/main refs/remotes/main [1ms]
2025-04-26 05:25:56.067 [info] > git for-each-ref --sort -committerdate --format %(refname)%00%(objectname)%00%(*objectname) [9ms]
2025-04-26 05:25:56.122 [info] > git status -z -uall [67ms]
2025-04-26 05:26:01.242 [info] > git config --get commit.template [8ms]
2025-04-26 05:26:01.243 [info] > git for-each-ref --format=%(refname)%00%(upstream:short)%00%(objectname)%00%(upstream:track)%00%(upstream:remotename)%00%(upstream:remoteref) refs/heads/main refs/remotes/main [1ms]
2025-04-26 05:26:01.258 [info] > git for-each-ref --sort -committerdate --format %(refname)%00%(objectname)%00%(*objectname) [9ms]
2025-04-26 05:26:01.313 [info] > git status -z -uall [67ms]
2025-04-26 05:26:02.347 [info] > git check-ignore -v -z --stdin [3ms]
2025-04-26 05:36:23.022 [info] > git config --get commit.template [3ms]
2025-04-26 05:36:23.023 [info] > git for-each-ref --format=%(refname)%00%(upstream:short)%00%(objectname)%00%(upstream:track)%00%(upstream:remotename)%00%(upstream:remoteref) refs/heads/main refs/remotes/main [2ms]
2025-04-26 05:36:23.036 [info] > git for-each-ref --sort -committerdate --format %(refname)%00%(objectname)%00%(*objectname) [1ms]
2025-04-26 05:36:23.101 [info] > git status -z -uall [72ms]
2025-04-26 05:45:50.861 [info] > git config --get commit.template [4ms]
2025-04-26 05:45:50.867 [info] > git for-each-ref --format=%(refname)%00%(upstream:short)%00%(objectname)%00%(upstream:track)%00%(upstream:remotename)%00%(upstream:remoteref) refs/heads/main refs/remotes/main [2ms]
2025-04-26 05:45:50.886 [info] > git for-each-ref --sort -committerdate --format %(refname)%00%(objectname)%00%(*objectname) [10ms]
2025-04-26 05:45:50.941 [info] > git status -z -uall [71ms]
2025-04-26 05:45:56.124 [info] > git config --get commit.template [3ms]
2025-04-26 05:45:56.125 [info] > git for-each-ref --format=%(refname)%00%(upstream:short)%00%(objectname)%00%(upstream:track)%00%(upstream:remotename)%00%(upstream:remoteref) refs/heads/main refs/remotes/main [2ms]
2025-04-26 05:45:56.132 [info] > git for-each-ref --sort -committerdate --format %(refname)%00%(objectname)%00%(*objectname) [1ms]
2025-04-26 05:45:56.199 [info] > git status -z -uall [72ms]
2025-04-26 05:53:21.705 [info] > git config --get commit.template [4ms]
2025-04-26 05:53:21.705 [info] > git for-each-ref --format=%(refname)%00%(upstream:short)%00%(objectname)%00%(upstream:track)%00%(upstream:remotename)%00%(upstream:remoteref) refs/heads/main refs/remotes/main [1ms]
2025-04-26 05:53:21.712 [info] > git for-each-ref --sort -committerdate --format %(refname)%00%(objectname)%00%(*objectname) [2ms]
2025-04-26 05:53:21.778 [info] > git status -z -uall [70ms]
2025-04-26 05:53:25.399 [info] > git check-ignore -v -z --stdin [4ms]
2025-04-26 05:53:26.952 [info] > git config --get commit.template [3ms]
2025-04-26 05:53:26.953 [info] > git for-each-ref --format=%(refname)%00%(upstream:short)%00%(objectname)%00%(upstream:track)%00%(upstream:remotename)%00%(upstream:remoteref) refs/heads/main refs/remotes/main [1ms]
2025-04-26 05:53:26.969 [info] > git for-each-ref --sort -committerdate --format %(refname)%00%(objectname)%00%(*objectname) [10ms]
2025-04-26 05:53:27.021 [info] > git status -z -uall [65ms]
2025-04-26 05:53:32.132 [info] > git config --get commit.template [4ms]
2025-04-26 05:53:32.133 [info] > git for-each-ref --format=%(refname)%00%(upstream:short)%00%(objectname)%00%(upstream:track)%00%(upstream:remotename)%00%(upstream:remoteref) refs/heads/main refs/remotes/main [2ms]
2025-04-26 05:53:32.148 [info] > git for-each-ref --sort -committerdate --format %(refname)%00%(objectname)%00%(*objectname) [10ms]
2025-04-26 05:53:32.200 [info] > git status -z -uall [65ms]
2025-04-26 05:53:54.211 [info] > git config --get commit.template [4ms]
2025-04-26 05:53:54.212 [info] > git for-each-ref --format=%(refname)%00%(upstream:short)%00%(objectname)%00%(upstream:track)%00%(upstream:remotename)%00%(upstream:remoteref) refs/heads/main refs/remotes/main [2ms]
2025-04-26 05:53:54.221 [info] > git for-each-ref --sort -committerdate --format %(refname)%00%(objectname)%00%(*objectname) [4ms]
2025-04-26 05:53:54.280 [info] > git status -z -uall [66ms]
2025-04-26 05:53:59.417 [info] > git config --get commit.template [3ms]
2025-04-26 05:53:59.418 [info] > git for-each-ref --format=%(refname)%00%(upstream:short)%00%(objectname)%00%(upstream:track)%00%(upstream:remotename)%00%(upstream:remoteref) refs/heads/main refs/remotes/main [1ms]
2025-04-26 05:53:59.440 [info] > git for-each-ref --sort -committerdate --format %(refname)%00%(objectname)%00%(*objectname) [2ms]
2025-04-26 05:53:59.491 [info] > git status -z -uall [63ms]
