2025-02-24 00:13:08.250 [info] [main] Log level: Info
2025-02-24 00:13:08.250 [info] [main] Validating found git in: "git"
2025-02-24 00:13:08.250 [info] [main] Using git "2.34.1" from "git"
2025-02-24 00:13:08.250 [info] [Model][doInitialScan] Initial repository scan started
2025-02-24 00:13:08.250 [info] > git rev-parse --show-toplevel [31ms]
2025-02-24 00:13:08.250 [info] > git rev-parse --git-dir --git-common-dir [1ms]
2025-02-24 00:13:08.250 [info] [Model][openRepository] Opened repository: /home/student
2025-02-24 00:13:08.250 [info] > git config --get commit.template [3ms]
2025-02-24 00:13:08.250 [info] > git rev-parse --show-toplevel [1ms]
2025-02-24 00:13:08.250 [info] > git for-each-ref --format=%(refname)%00%(upstream:short)%00%(objectname)%00%(upstream:track)%00%(upstream:remotename)%00%(upstream:remoteref) refs/heads/main refs/remotes/main [3ms]
2025-02-24 00:13:08.250 [info] > git rev-parse --show-toplevel [1ms]
2025-02-24 00:13:08.250 [info] > git for-each-ref --sort -committerdate --format %(refname) %(objectname) %(*objectname) [1ms]
2025-02-24 00:13:08.250 [info] > git rev-parse --show-toplevel [10ms]
2025-02-24 00:13:08.250 [info] > git rev-parse --show-toplevel [1ms]
2025-02-24 00:13:08.250 [info] > git rev-parse --show-toplevel [2ms]
2025-02-24 00:13:08.250 [info] [Model][doInitialScan] Initial repository scan completed - repositories (1), closed repositories (0), parent repositories (0), unsafe repositories (0)
2025-02-24 00:13:08.270 [info] > git status -z -uall [39ms]
2025-02-24 00:13:08.664 [info] > git for-each-ref --format=%(refname)%00%(upstream:short)%00%(objectname)%00%(upstream:track)%00%(upstream:remotename)%00%(upstream:remoteref) refs/heads/main refs/remotes/main [318ms]
2025-02-24 00:13:08.670 [info] > git config --get --local branch.main.vscode-merge-base [2ms]
2025-02-24 00:13:08.670 [warning] [Git][config] git config failed: Failed to execute git
2025-02-24 00:13:08.672 [info] > git config --get commit.template [10ms]
2025-02-24 00:13:08.676 [info] > git reflog main --grep-reflog=branch: Created from *. [4ms]
2025-02-24 00:13:08.679 [info] > git for-each-ref --format=%(refname)%00%(upstream:short)%00%(objectname)%00%(upstream:track)%00%(upstream:remotename)%00%(upstream:remoteref) refs/heads/main refs/remotes/main [4ms]
2025-02-24 00:13:08.679 [info] > git symbolic-ref --short refs/remotes/origin/HEAD [1ms]
2025-02-24 00:13:08.679 [info] fatal: ref refs/remotes/origin/HEAD is not a symbolic ref
2025-02-24 00:13:08.679 [warning] [Repository][getDefaultBranch] Failed to get default branch details: Failed to execute git.
2025-02-24 00:13:08.690 [info] > git for-each-ref --sort -committerdate --format %(refname) %(objectname) %(*objectname) [1ms]
2025-02-24 00:13:08.691 [info] > git merge-base refs/heads/main refs/remotes/origin/main [9ms]
2025-02-24 00:13:08.695 [info] > git diff --name-status -z --diff-filter=ADMR fd3386a112d170846eaa25b21e7febe210086900...refs/remotes/origin/main [1ms]
2025-02-24 00:13:08.723 [info] > git status -z -uall [38ms]
2025-02-24 00:13:09.293 [info] > git check-ignore -v -z --stdin [4ms]
2025-02-24 00:13:10.852 [info] > git config --get commit.template [4ms]
2025-02-24 00:13:10.853 [info] > git for-each-ref --format=%(refname)%00%(upstream:short)%00%(objectname)%00%(upstream:track)%00%(upstream:remotename)%00%(upstream:remoteref) refs/heads/main refs/remotes/main [2ms]
2025-02-24 00:13:10.862 [info] > git for-each-ref --sort -committerdate --format %(refname) %(objectname) %(*objectname) [1ms]
2025-02-24 00:13:10.892 [info] > git status -z -uall [36ms]
2025-02-24 00:13:15.923 [info] > git config --get commit.template [4ms]
2025-02-24 00:13:15.924 [info] > git for-each-ref --format=%(refname)%00%(upstream:short)%00%(objectname)%00%(upstream:track)%00%(upstream:remotename)%00%(upstream:remoteref) refs/heads/main refs/remotes/main [1ms]
2025-02-24 00:13:15.932 [info] > git for-each-ref --sort -committerdate --format %(refname) %(objectname) %(*objectname) [1ms]
2025-02-24 00:13:15.961 [info] > git status -z -uall [35ms]
2025-02-24 00:13:27.410 [info] > git config --get commit.template [4ms]
2025-02-24 00:13:27.411 [info] > git for-each-ref --format=%(refname)%00%(upstream:short)%00%(objectname)%00%(upstream:track)%00%(upstream:remotename)%00%(upstream:remoteref) refs/heads/main refs/remotes/main [2ms]
2025-02-24 00:13:27.419 [info] > git for-each-ref --sort -committerdate --format %(refname) %(objectname) %(*objectname) [0ms]
2025-02-24 00:13:27.449 [info] > git status -z -uall [36ms]
2025-02-24 00:13:32.478 [info] > git config --get commit.template [3ms]
2025-02-24 00:13:32.479 [info] > git for-each-ref --format=%(refname)%00%(upstream:short)%00%(objectname)%00%(upstream:track)%00%(upstream:remotename)%00%(upstream:remoteref) refs/heads/main refs/remotes/main [1ms]
2025-02-24 00:13:32.487 [info] > git for-each-ref --sort -committerdate --format %(refname) %(objectname) %(*objectname) [1ms]
2025-02-24 00:13:32.516 [info] > git status -z -uall [34ms]
2025-02-24 00:13:37.547 [info] > git config --get commit.template [3ms]
2025-02-24 00:13:37.548 [info] > git for-each-ref --format=%(refname)%00%(upstream:short)%00%(objectname)%00%(upstream:track)%00%(upstream:remotename)%00%(upstream:remoteref) refs/heads/main refs/remotes/main [1ms]
2025-02-24 00:13:37.555 [info] > git for-each-ref --sort -committerdate --format %(refname) %(objectname) %(*objectname) [0ms]
2025-02-24 00:13:37.585 [info] > git status -z -uall [35ms]
2025-02-24 00:13:42.616 [info] > git config --get commit.template [4ms]
2025-02-24 00:13:42.617 [info] > git for-each-ref --format=%(refname)%00%(upstream:short)%00%(objectname)%00%(upstream:track)%00%(upstream:remotename)%00%(upstream:remoteref) refs/heads/main refs/remotes/main [2ms]
2025-02-24 00:13:42.624 [info] > git for-each-ref --sort -committerdate --format %(refname) %(objectname) %(*objectname) [2ms]
2025-02-24 00:13:42.658 [info] > git status -z -uall [38ms]
2025-02-24 00:13:47.689 [info] > git config --get commit.template [3ms]
2025-02-24 00:13:47.690 [info] > git for-each-ref --format=%(refname)%00%(upstream:short)%00%(objectname)%00%(upstream:track)%00%(upstream:remotename)%00%(upstream:remoteref) refs/heads/main refs/remotes/main [2ms]
2025-02-24 00:13:47.697 [info] > git for-each-ref --sort -committerdate --format %(refname) %(objectname) %(*objectname) [0ms]
2025-02-24 00:13:47.728 [info] > git status -z -uall [35ms]
2025-02-24 00:13:52.779 [info] > git config --get commit.template [3ms]
2025-02-24 00:13:52.779 [info] > git for-each-ref --format=%(refname)%00%(upstream:short)%00%(objectname)%00%(upstream:track)%00%(upstream:remotename)%00%(upstream:remoteref) refs/heads/main refs/remotes/main [1ms]
2025-02-24 00:13:52.787 [info] > git for-each-ref --sort -committerdate --format %(refname) %(objectname) %(*objectname) [0ms]
2025-02-24 00:13:52.819 [info] > git status -z -uall [37ms]
2025-02-24 00:13:57.848 [info] > git config --get commit.template [3ms]
2025-02-24 00:13:57.850 [info] > git for-each-ref --format=%(refname)%00%(upstream:short)%00%(objectname)%00%(upstream:track)%00%(upstream:remotename)%00%(upstream:remoteref) refs/heads/main refs/remotes/main [3ms]
2025-02-24 00:13:57.875 [info] > git for-each-ref --sort -committerdate --format %(refname) %(objectname) %(*objectname) [1ms]
2025-02-24 00:13:57.911 [info] > git status -z -uall [44ms]
2025-02-24 00:14:04.062 [info] > git config --get commit.template [4ms]
2025-02-24 00:14:04.062 [info] > git for-each-ref --format=%(refname)%00%(upstream:short)%00%(objectname)%00%(upstream:track)%00%(upstream:remotename)%00%(upstream:remoteref) refs/heads/main refs/remotes/main [1ms]
2025-02-24 00:14:04.070 [info] > git for-each-ref --sort -committerdate --format %(refname) %(objectname) %(*objectname) [0ms]
2025-02-24 00:14:04.101 [info] > git status -z -uall [36ms]
