2025-03-01 01:02:07.742 [info] Extension host with pid 6184 started
2025-03-01 01:02:07.757 [info] Lock '/home/student/.vscode-server/data/User/workspaceStorage/255174b9c84437907369f27ac92b5bdb/vscode.lock': Lock acquired.
2025-03-01 01:02:08.188 [info] ExtensionService#_doActivateExtension vscode.git-base, startup: false, activationEvent: '*', root cause: vscode.git
2025-03-01 01:02:08.301 [info] ExtensionService#_doActivateExtension vscode.git, startup: false, activationEvent: '*'
2025-03-01 01:02:08.302 [info] ExtensionService#_doActivateExtension vscode.github, startup: false, activationEvent: '*'
2025-03-01 01:02:08.688 [info] Eager extensions activated
2025-03-01 01:02:08.688 [info] ExtensionService#_doActivateExtension vscode.debug-auto-launch, startup: false, activationEvent: 'onStartupFinished'
2025-03-01 01:02:08.688 [info] ExtensionService#_doActivateExtension vscode.merge-conflict, startup: false, activationEvent: 'onStartupFinished'
2025-03-01 01:02:08.919 [info] ExtensionService#_doActivateExtension vscode.emmet, startup: false, activationEvent: 'onLanguage'
2025-03-01 01:02:08.997 [warning] [Decorations] CAPPING events from decorations provider vscode.git 1640
2025-03-01 01:02:09.444 [warning] [Decorations] CAPPING events from decorations provider vscode.git 1642
2025-03-01 01:02:15.043 [warning] [Decorations] CAPPING events from decorations provider vscode.git 1642
2025-03-01 01:02:20.171 [warning] [Decorations] CAPPING events from decorations provider vscode.git 1642
2025-03-01 01:02:25.268 [warning] [Decorations] CAPPING events from decorations provider vscode.git 1642
2025-03-01 01:02:38.058 [warning] [Decorations] CAPPING events from decorations provider vscode.git 1642
2025-03-01 01:02:43.146 [warning] [Decorations] CAPPING events from decorations provider vscode.git 1642
2025-03-01 01:03:14.665 [warning] [Decorations] CAPPING events from decorations provider vscode.git 1642
2025-03-01 01:03:35.786 [warning] [Decorations] CAPPING events from decorations provider vscode.git 1642
2025-03-01 01:03:40.879 [warning] [Decorations] CAPPING events from decorations provider vscode.git 1642
2025-03-01 01:03:45.994 [warning] [Decorations] CAPPING events from decorations provider vscode.git 1642
2025-03-01 01:03:51.103 [warning] [Decorations] CAPPING events from decorations provider vscode.git 1642
2025-03-01 01:03:56.189 [warning] [Decorations] CAPPING events from decorations provider vscode.git 1642
2025-03-01 01:04:01.277 [warning] [Decorations] CAPPING events from decorations provider vscode.git 1642
2025-03-01 01:04:06.362 [warning] [Decorations] CAPPING events from decorations provider vscode.git 1642
2025-03-01 01:04:11.445 [warning] [Decorations] CAPPING events from decorations provider vscode.git 1642
2025-03-01 01:04:16.529 [warning] [Decorations] CAPPING events from decorations provider vscode.git 1643
2025-03-01 01:04:21.622 [warning] [Decorations] CAPPING events from decorations provider vscode.git 1643
2025-03-01 01:04:26.711 [warning] [Decorations] CAPPING events from decorations provider vscode.git 1643
2025-03-01 01:04:31.796 [warning] [Decorations] CAPPING events from decorations provider vscode.git 1643
2025-03-01 01:04:36.882 [warning] [Decorations] CAPPING events from decorations provider vscode.git 1643
2025-03-01 01:04:41.966 [warning] [Decorations] CAPPING events from decorations provider vscode.git 1643
2025-03-01 01:04:47.056 [warning] [Decorations] CAPPING events from decorations provider vscode.git 1643
2025-03-01 01:04:52.159 [warning] [Decorations] CAPPING events from decorations provider vscode.git 1643
2025-03-01 01:04:57.251 [warning] [Decorations] CAPPING events from decorations provider vscode.git 1643
2025-03-01 01:05:02.340 [warning] [Decorations] CAPPING events from decorations provider vscode.git 1643
2025-03-01 01:05:07.424 [warning] [Decorations] CAPPING events from decorations provider vscode.git 1643
2025-03-01 01:05:12.512 [warning] [Decorations] CAPPING events from decorations provider vscode.git 1643
2025-03-01 01:05:17.597 [warning] [Decorations] CAPPING events from decorations provider vscode.git 1643
2025-03-01 01:05:22.682 [warning] [Decorations] CAPPING events from decorations provider vscode.git 1643
2025-03-01 01:05:27.773 [warning] [Decorations] CAPPING events from decorations provider vscode.git 1643
2025-03-01 01:05:32.857 [warning] [Decorations] CAPPING events from decorations provider vscode.git 1643
2025-03-01 01:05:37.940 [warning] [Decorations] CAPPING events from decorations provider vscode.git 1643
2025-03-01 01:05:52.830 [warning] [Decorations] CAPPING events from decorations provider vscode.git 1643
2025-03-01 01:05:57.917 [warning] [Decorations] CAPPING events from decorations provider vscode.git 1643
2025-03-01 01:06:03.027 [warning] [Decorations] CAPPING events from decorations provider vscode.git 1643
2025-03-01 01:06:08.115 [warning] [Decorations] CAPPING events from decorations provider vscode.git 1643
2025-03-01 01:06:09.712 [info] ExtensionService#_doActivateExtension vscode.npm, startup: false, activationEvent: 'onTerminalQuickFixRequest:ms-vscode.npm-command'
2025-03-01 01:06:15.394 [info] ExtensionService#_doActivateExtension vscode.configuration-editing, startup: false, activationEvent: 'onLanguage:json'
2025-03-01 01:06:15.394 [info] ExtensionService#_doActivateExtension vscode.extension-editing, startup: false, activationEvent: 'onLanguage:json'
2025-03-01 01:06:15.394 [info] ExtensionService#_doActivateExtension vscode.json-language-features, startup: false, activationEvent: 'onLanguage:json'
2025-03-01 01:06:48.979 [warning] [Decorations] CAPPING events from decorations provider vscode.git 1644
2025-03-01 01:06:54.067 [warning] [Decorations] CAPPING events from decorations provider vscode.git 1644
2025-03-01 01:06:59.156 [warning] [Decorations] CAPPING events from decorations provider vscode.git 1644
2025-03-01 01:07:04.239 [warning] [Decorations] CAPPING events from decorations provider vscode.git 1644
2025-03-01 01:07:09.321 [warning] [Decorations] CAPPING events from decorations provider vscode.git 1644
2025-03-01 01:07:14.404 [warning] [Decorations] CAPPING events from decorations provider vscode.git 1644
2025-03-01 01:07:58.104 [warning] [Decorations] CAPPING events from decorations provider vscode.git 1644
2025-03-01 01:08:03.191 [warning] [Decorations] CAPPING events from decorations provider vscode.git 1644
2025-03-01 01:08:08.290 [warning] [Decorations] CAPPING events from decorations provider vscode.git 1644
2025-03-01 01:08:16.071 [warning] [Decorations] CAPPING events from decorations provider vscode.git 1644
2025-03-01 01:08:21.158 [warning] [Decorations] CAPPING events from decorations provider vscode.git 1644
2025-03-01 01:08:26.245 [warning] [Decorations] CAPPING events from decorations provider vscode.git 1644
2025-03-01 01:08:27.038 [info] ExtensionService#_doActivateExtension vscode.typescript-language-features, startup: false, activationEvent: 'onLanguage:jsonc'
2025-03-01 01:08:31.338 [warning] [Decorations] CAPPING events from decorations provider vscode.git 1644
2025-03-01 01:08:37.266 [warning] [Decorations] CAPPING events from decorations provider vscode.git 1644
2025-03-01 01:08:42.349 [warning] [Decorations] CAPPING events from decorations provider vscode.git 1644
2025-03-01 01:08:47.443 [warning] [Decorations] CAPPING events from decorations provider vscode.git 1644
2025-03-01 01:09:03.954 [warning] [Decorations] CAPPING events from decorations provider vscode.git 1644
2025-03-01 01:09:09.039 [warning] [Decorations] CAPPING events from decorations provider vscode.git 1644
2025-03-01 01:09:14.121 [warning] [Decorations] CAPPING events from decorations provider vscode.git 1644
2025-03-01 01:09:19.830 [warning] [Decorations] CAPPING events from decorations provider vscode.git 1644
2025-03-01 01:09:28.220 [warning] [Decorations] CAPPING events from decorations provider vscode.git 1644
2025-03-01 01:09:33.312 [warning] [Decorations] CAPPING events from decorations provider vscode.git 1644
2025-03-01 01:09:38.399 [warning] [Decorations] CAPPING events from decorations provider vscode.git 1644
2025-03-01 01:09:45.748 [warning] [Decorations] CAPPING events from decorations provider vscode.git 1644
2025-03-01 01:09:50.837 [warning] [Decorations] CAPPING events from decorations provider vscode.git 1644
2025-03-01 01:09:55.926 [warning] [Decorations] CAPPING events from decorations provider vscode.git 1644
2025-03-01 01:10:01.051 [warning] [Decorations] CAPPING events from decorations provider vscode.git 1644
2025-03-01 01:10:06.142 [warning] [Decorations] CAPPING events from decorations provider vscode.git 1644
2025-03-01 01:10:11.231 [warning] [Decorations] CAPPING events from decorations provider vscode.git 1644
2025-03-01 01:10:16.321 [warning] [Decorations] CAPPING events from decorations provider vscode.git 1644
2025-03-01 01:10:26.048 [warning] [Decorations] CAPPING events from decorations provider vscode.git 1644
2025-03-01 01:10:31.136 [warning] [Decorations] CAPPING events from decorations provider vscode.git 1644
2025-03-01 01:10:36.226 [warning] [Decorations] CAPPING events from decorations provider vscode.git 1644
2025-03-01 01:10:46.593 [warning] [Decorations] CAPPING events from decorations provider vscode.git 1644
2025-03-01 01:10:53.367 [warning] [Decorations] CAPPING events from decorations provider vscode.git 1644
2025-03-01 01:10:58.453 [warning] [Decorations] CAPPING events from decorations provider vscode.git 1644
2025-03-01 01:11:03.538 [warning] [Decorations] CAPPING events from decorations provider vscode.git 1644
2025-03-01 01:11:32.564 [warning] [Decorations] CAPPING events from decorations provider vscode.git 1644
2025-03-01 01:11:37.654 [warning] [Decorations] CAPPING events from decorations provider vscode.git 1644
2025-03-01 01:11:42.741 [warning] [Decorations] CAPPING events from decorations provider vscode.git 1644
2025-03-01 01:11:47.832 [warning] [Decorations] CAPPING events from decorations provider vscode.git 1644
2025-03-01 01:11:52.918 [warning] [Decorations] CAPPING events from decorations provider vscode.git 1644
2025-03-01 01:11:58.004 [warning] [Decorations] CAPPING events from decorations provider vscode.git 1644
2025-03-01 01:12:03.112 [warning] [Decorations] CAPPING events from decorations provider vscode.git 1644
2025-03-01 01:12:08.195 [warning] [Decorations] CAPPING events from decorations provider vscode.git 1644
2025-03-01 01:12:13.283 [warning] [Decorations] CAPPING events from decorations provider vscode.git 1644
2025-03-01 01:12:18.368 [warning] [Decorations] CAPPING events from decorations provider vscode.git 1644
2025-03-01 01:12:23.454 [warning] [Decorations] CAPPING events from decorations provider vscode.git 1644
2025-03-01 01:12:28.539 [warning] [Decorations] CAPPING events from decorations provider vscode.git 1644
2025-03-01 01:12:33.631 [warning] [Decorations] CAPPING events from decorations provider vscode.git 1644
2025-03-01 01:12:38.725 [warning] [Decorations] CAPPING events from decorations provider vscode.git 1644
2025-03-01 01:12:43.812 [warning] [Decorations] CAPPING events from decorations provider vscode.git 1644
2025-03-01 01:12:48.904 [warning] [Decorations] CAPPING events from decorations provider vscode.git 1644
2025-03-01 01:12:53.993 [warning] [Decorations] CAPPING events from decorations provider vscode.git 1644
2025-03-01 01:12:59.086 [warning] [Decorations] CAPPING events from decorations provider vscode.git 1644
2025-03-01 01:13:04.183 [warning] [Decorations] CAPPING events from decorations provider vscode.git 1644
2025-03-01 01:13:09.272 [warning] [Decorations] CAPPING events from decorations provider vscode.git 1644
2025-03-01 01:13:14.358 [warning] [Decorations] CAPPING events from decorations provider vscode.git 1644
2025-03-01 01:13:24.063 [warning] [Decorations] CAPPING events from decorations provider vscode.git 1644
2025-03-01 01:13:45.835 [warning] [Decorations] CAPPING events from decorations provider vscode.git 1644
2025-03-01 01:13:50.926 [warning] [Decorations] CAPPING events from decorations provider vscode.git 1644
2025-03-01 01:14:29.036 [warning] [Decorations] CAPPING events from decorations provider vscode.git 1644
2025-03-01 01:14:34.155 [warning] [Decorations] CAPPING events from decorations provider vscode.git 1644
2025-03-01 01:14:39.243 [warning] [Decorations] CAPPING events from decorations provider vscode.git 1644
2025-03-01 01:14:44.327 [warning] [Decorations] CAPPING events from decorations provider vscode.git 1644
2025-03-01 01:15:24.875 [warning] [Decorations] CAPPING events from decorations provider vscode.git 1644
2025-03-01 01:15:36.771 [warning] [Decorations] CAPPING events from decorations provider vscode.git 1644
2025-03-01 01:16:46.568 [warning] [Decorations] CAPPING events from decorations provider vscode.git 1644
2025-03-01 01:16:51.656 [warning] [Decorations] CAPPING events from decorations provider vscode.git 1644
2025-03-01 01:16:56.742 [warning] [Decorations] CAPPING events from decorations provider vscode.git 1644
2025-03-01 01:17:01.829 [warning] [Decorations] CAPPING events from decorations provider vscode.git 1644
2025-03-01 01:17:07.009 [warning] [Decorations] CAPPING events from decorations provider vscode.git 1644
2025-03-01 01:17:12.118 [warning] [Decorations] CAPPING events from decorations provider vscode.git 1644
2025-03-01 01:17:17.203 [warning] [Decorations] CAPPING events from decorations provider vscode.git 1644
2025-03-01 01:17:22.292 [warning] [Decorations] CAPPING events from decorations provider vscode.git 1644
2025-03-01 01:17:27.379 [warning] [Decorations] CAPPING events from decorations provider vscode.git 1644
2025-03-01 01:17:32.462 [warning] [Decorations] CAPPING events from decorations provider vscode.git 1644
2025-03-01 01:17:37.543 [warning] [Decorations] CAPPING events from decorations provider vscode.git 1644
2025-03-01 01:17:42.628 [warning] [Decorations] CAPPING events from decorations provider vscode.git 1644
2025-03-01 01:17:47.730 [warning] [Decorations] CAPPING events from decorations provider vscode.git 1644
2025-03-01 01:17:52.814 [warning] [Decorations] CAPPING events from decorations provider vscode.git 1644
2025-03-01 01:17:57.896 [warning] [Decorations] CAPPING events from decorations provider vscode.git 1644
2025-03-01 01:18:02.984 [warning] [Decorations] CAPPING events from decorations provider vscode.git 1644
2025-03-01 01:18:08.079 [warning] [Decorations] CAPPING events from decorations provider vscode.git 1644
2025-03-01 01:18:29.608 [warning] [Decorations] CAPPING events from decorations provider vscode.git 1644
2025-03-01 01:18:33.282 [info] Extension host terminating: received terminate message from renderer
2025-03-01 01:18:33.283 [info] Lock '/home/student/.vscode-server/data/User/workspaceStorage/255174b9c84437907369f27ac92b5bdb/vscode.lock': Marking the lockfile as scheduled to be released in 6000 ms.
2025-03-01 01:18:33.353 [error] Canceled: Canceled
	at new XT (file:///home/student/.vscode-server/cli/servers/Stable-e54c774e0add60467559eb0d1e229c6452cf8447/server/out/vs/workbench/api/node/extensionHostProcess.js:29:153701)
	at Uy.U (file:///home/student/.vscode-server/cli/servers/Stable-e54c774e0add60467559eb0d1e229c6452cf8447/server/out/vs/workbench/api/node/extensionHostProcess.js:29:158311)
	at s.<computed>.n.charCodeAt.s.<computed> (file:///home/student/.vscode-server/cli/servers/Stable-e54c774e0add60467559eb0d1e229c6452cf8447/server/out/vs/workbench/api/node/extensionHostProcess.js:29:155805)
	at mw.g (file:///home/student/.vscode-server/cli/servers/Stable-e54c774e0add60467559eb0d1e229c6452cf8447/server/out/vs/workbench/api/node/extensionHostProcess.js:112:32221)
	at mw.executeCommand (file:///home/student/.vscode-server/cli/servers/Stable-e54c774e0add60467559eb0d1e229c6452cf8447/server/out/vs/workbench/api/node/extensionHostProcess.js:112:31725)
	at r.registerCommand.description (file:///home/student/.vscode-server/cli/servers/Stable-e54c774e0add60467559eb0d1e229c6452cf8447/server/out/vs/workbench/api/node/extensionHostProcess.js:112:31055)
	at mw.h (file:///home/student/.vscode-server/cli/servers/Stable-e54c774e0add60467559eb0d1e229c6452cf8447/server/out/vs/workbench/api/node/extensionHostProcess.js:112:32741)
	at mw.g (file:///home/student/.vscode-server/cli/servers/Stable-e54c774e0add60467559eb0d1e229c6452cf8447/server/out/vs/workbench/api/node/extensionHostProcess.js:112:31818)
	at mw.executeCommand (file:///home/student/.vscode-server/cli/servers/Stable-e54c774e0add60467559eb0d1e229c6452cf8447/server/out/vs/workbench/api/node/extensionHostProcess.js:112:31725)
	at Object.executeCommand (file:///home/student/.vscode-server/cli/servers/Stable-e54c774e0add60467559eb0d1e229c6452cf8447/server/out/vs/workbench/api/node/extensionHostProcess.js:172:37254)
	at Ah.L [as value] (/home/student/.vscode-server/cli/servers/Stable-e54c774e0add60467559eb0d1e229c6452cf8447/server/extensions/git/dist/main.js:2:997602)
	at D.B (file:///home/student/.vscode-server/cli/servers/Stable-e54c774e0add60467559eb0d1e229c6452cf8447/server/out/vs/workbench/api/node/extensionHostProcess.js:27:2373)
	at D.C (file:///home/student/.vscode-server/cli/servers/Stable-e54c774e0add60467559eb0d1e229c6452cf8447/server/out/vs/workbench/api/node/extensionHostProcess.js:27:2443)
	at D.fire (file:///home/student/.vscode-server/cli/servers/Stable-e54c774e0add60467559eb0d1e229c6452cf8447/server/out/vs/workbench/api/node/extensionHostProcess.js:27:2660)
	at Object.p [as dispose] (/home/student/.vscode-server/cli/servers/Stable-e54c774e0add60467559eb0d1e229c6452cf8447/server/extensions/git/dist/main.js:2:1020242)
	at /home/student/.vscode-server/cli/servers/Stable-e54c774e0add60467559eb0d1e229c6452cf8447/server/extensions/git/dist/main.js:2:1026621
	at Array.forEach (<anonymous>)
	at b.dispose (/home/student/.vscode-server/cli/servers/Stable-e54c774e0add60467559eb0d1e229c6452cf8447/server/extensions/git/dist/main.js:2:1026607)
	at cv.<anonymous> (file:///home/student/.vscode-server/cli/servers/Stable-e54c774e0add60467559eb0d1e229c6452cf8447/server/out/vs/workbench/api/node/extensionHostProcess.js:106:20084)
	at cv.dispose (file:///home/student/.vscode-server/cli/servers/Stable-e54c774e0add60467559eb0d1e229c6452cf8447/server/out/vs/workbench/api/node/extensionHostProcess.js:106:20180)
	at cv.<anonymous> (/home/student/.vscode-server/cli/servers/Stable-e54c774e0add60467559eb0d1e229c6452cf8447/server/extensions/git/dist/main.js:2:1000086)
	at cv.dispose (file:///home/student/.vscode-server/cli/servers/Stable-e54c774e0add60467559eb0d1e229c6452cf8447/server/out/vs/workbench/api/node/extensionHostProcess.js:106:20180)
	at ui (file:///home/student/.vscode-server/cli/servers/Stable-e54c774e0add60467559eb0d1e229c6452cf8447/server/out/vs/workbench/api/node/extensionHostProcess.js:25:699)
	at file:///home/student/.vscode-server/cli/servers/Stable-e54c774e0add60467559eb0d1e229c6452cf8447/server/out/vs/workbench/api/node/extensionHostProcess.js:116:14992
	at file:///home/student/.vscode-server/cli/servers/Stable-e54c774e0add60467559eb0d1e229c6452cf8447/server/out/vs/workbench/api/node/extensionHostProcess.js:25:1009
	at Object.dispose (file:///home/student/.vscode-server/cli/servers/Stable-e54c774e0add60467559eb0d1e229c6452cf8447/server/out/vs/workbench/api/node/extensionHostProcess.js:8:705)
	at PW.eb (file:///home/student/.vscode-server/cli/servers/Stable-e54c774e0add60467559eb0d1e229c6452cf8447/server/out/vs/workbench/api/node/extensionHostProcess.js:116:11919)
	at file:///home/student/.vscode-server/cli/servers/Stable-e54c774e0add60467559eb0d1e229c6452cf8447/server/out/vs/workbench/api/node/extensionHostProcess.js:116:9874
	at Array.map (<anonymous>)
	at PW.$ (file:///home/student/.vscode-server/cli/servers/Stable-e54c774e0add60467559eb0d1e229c6452cf8447/server/out/vs/workbench/api/node/extensionHostProcess.js:116:9862)
	at PW.terminate (file:///home/student/.vscode-server/cli/servers/Stable-e54c774e0add60467559eb0d1e229c6452cf8447/server/out/vs/workbench/api/node/extensionHostProcess.js:116:10105)
	at wC.terminate (file:///home/student/.vscode-server/cli/servers/Stable-e54c774e0add60467559eb0d1e229c6452cf8447/server/out/vs/workbench/api/node/extensionHostProcess.js:117:1434)
	at ts (file:///home/student/.vscode-server/cli/servers/Stable-e54c774e0add60467559eb0d1e229c6452cf8447/server/out/vs/workbench/api/node/extensionHostProcess.js:190:15080)
	at Ah.value (file:///home/student/.vscode-server/cli/servers/Stable-e54c774e0add60467559eb0d1e229c6452cf8447/server/out/vs/workbench/api/node/extensionHostProcess.js:190:13241)
	at D.B (file:///home/student/.vscode-server/cli/servers/Stable-e54c774e0add60467559eb0d1e229c6452cf8447/server/out/vs/workbench/api/node/extensionHostProcess.js:27:2373)
	at D.fire (file:///home/student/.vscode-server/cli/servers/Stable-e54c774e0add60467559eb0d1e229c6452cf8447/server/out/vs/workbench/api/node/extensionHostProcess.js:27:2591)
	at Xn.fire (file:///home/student/.vscode-server/cli/servers/Stable-e54c774e0add60467559eb0d1e229c6452cf8447/server/out/vs/workbench/api/node/extensionHostProcess.js:29:9458)
	at Gm.A (file:///home/student/.vscode-server/cli/servers/Stable-e54c774e0add60467559eb0d1e229c6452cf8447/server/out/vs/workbench/api/node/extensionHostProcess.js:29:12574)
	at Ah.value (file:///home/student/.vscode-server/cli/servers/Stable-e54c774e0add60467559eb0d1e229c6452cf8447/server/out/vs/workbench/api/node/extensionHostProcess.js:29:10994)
	at D.B (file:///home/student/.vscode-server/cli/servers/Stable-e54c774e0add60467559eb0d1e229c6452cf8447/server/out/vs/workbench/api/node/extensionHostProcess.js:27:2373)
	at D.fire (file:///home/student/.vscode-server/cli/servers/Stable-e54c774e0add60467559eb0d1e229c6452cf8447/server/out/vs/workbench/api/node/extensionHostProcess.js:27:2591)
	at m6.acceptChunk (file:///home/student/.vscode-server/cli/servers/Stable-e54c774e0add60467559eb0d1e229c6452cf8447/server/out/vs/workbench/api/node/extensionHostProcess.js:29:7941)
	at file:///home/student/.vscode-server/cli/servers/Stable-e54c774e0add60467559eb0d1e229c6452cf8447/server/out/vs/workbench/api/node/extensionHostProcess.js:29:7227
	at Socket.t (file:///home/student/.vscode-server/cli/servers/Stable-e54c774e0add60467559eb0d1e229c6452cf8447/server/out/vs/workbench/api/node/extensionHostProcess.js:29:14761)
	at Socket.emit (node:events:518:28)
	at addChunk (node:internal/streams/readable:561:12)
	at readableAddChunkPushByteMode (node:internal/streams/readable:512:3)
	at Readable.push (node:internal/streams/readable:392:5)
	at Pipe.onStreamRead (node:internal/stream_base_commons:191:23) setContext undefined
2025-03-01 01:18:33.355 [error] Canceled: Canceled
	at new XT (file:///home/student/.vscode-server/cli/servers/Stable-e54c774e0add60467559eb0d1e229c6452cf8447/server/out/vs/workbench/api/node/extensionHostProcess.js:29:153701)
	at Uy.U (file:///home/student/.vscode-server/cli/servers/Stable-e54c774e0add60467559eb0d1e229c6452cf8447/server/out/vs/workbench/api/node/extensionHostProcess.js:29:158311)
	at s.<computed>.n.charCodeAt.s.<computed> (file:///home/student/.vscode-server/cli/servers/Stable-e54c774e0add60467559eb0d1e229c6452cf8447/server/out/vs/workbench/api/node/extensionHostProcess.js:29:155805)
	at mw.g (file:///home/student/.vscode-server/cli/servers/Stable-e54c774e0add60467559eb0d1e229c6452cf8447/server/out/vs/workbench/api/node/extensionHostProcess.js:112:32221)
	at mw.executeCommand (file:///home/student/.vscode-server/cli/servers/Stable-e54c774e0add60467559eb0d1e229c6452cf8447/server/out/vs/workbench/api/node/extensionHostProcess.js:112:31725)
	at r.registerCommand.description (file:///home/student/.vscode-server/cli/servers/Stable-e54c774e0add60467559eb0d1e229c6452cf8447/server/out/vs/workbench/api/node/extensionHostProcess.js:112:31055)
	at mw.h (file:///home/student/.vscode-server/cli/servers/Stable-e54c774e0add60467559eb0d1e229c6452cf8447/server/out/vs/workbench/api/node/extensionHostProcess.js:112:32741)
	at mw.g (file:///home/student/.vscode-server/cli/servers/Stable-e54c774e0add60467559eb0d1e229c6452cf8447/server/out/vs/workbench/api/node/extensionHostProcess.js:112:31818)
	at mw.executeCommand (file:///home/student/.vscode-server/cli/servers/Stable-e54c774e0add60467559eb0d1e229c6452cf8447/server/out/vs/workbench/api/node/extensionHostProcess.js:112:31725)
	at Object.executeCommand (file:///home/student/.vscode-server/cli/servers/Stable-e54c774e0add60467559eb0d1e229c6452cf8447/server/out/vs/workbench/api/node/extensionHostProcess.js:172:37254)
	at set hasGitHubRepositories [as hasGitHubRepositories] (/home/student/.vscode-server/cli/servers/Stable-e54c774e0add60467559eb0d1e229c6452cf8447/server/extensions/github/dist/extension.js:2:344164)
	at /home/student/.vscode-server/cli/servers/Stable-e54c774e0add60467559eb0d1e229c6452cf8447/server/extensions/github/dist/extension.js:2:345123
	at Ah.value (/home/student/.vscode-server/cli/servers/Stable-e54c774e0add60467559eb0d1e229c6452cf8447/server/extensions/git/dist/main.js:2:1117802)
	at D.B (file:///home/student/.vscode-server/cli/servers/Stable-e54c774e0add60467559eb0d1e229c6452cf8447/server/out/vs/workbench/api/node/extensionHostProcess.js:27:2373)
	at D.C (file:///home/student/.vscode-server/cli/servers/Stable-e54c774e0add60467559eb0d1e229c6452cf8447/server/out/vs/workbench/api/node/extensionHostProcess.js:27:2443)
	at D.fire (file:///home/student/.vscode-server/cli/servers/Stable-e54c774e0add60467559eb0d1e229c6452cf8447/server/out/vs/workbench/api/node/extensionHostProcess.js:27:2660)
	at Object.p [as dispose] (/home/student/.vscode-server/cli/servers/Stable-e54c774e0add60467559eb0d1e229c6452cf8447/server/extensions/git/dist/main.js:2:1020242)
	at /home/student/.vscode-server/cli/servers/Stable-e54c774e0add60467559eb0d1e229c6452cf8447/server/extensions/git/dist/main.js:2:1026621
	at Array.forEach (<anonymous>)
	at b.dispose (/home/student/.vscode-server/cli/servers/Stable-e54c774e0add60467559eb0d1e229c6452cf8447/server/extensions/git/dist/main.js:2:1026607)
	at cv.<anonymous> (file:///home/student/.vscode-server/cli/servers/Stable-e54c774e0add60467559eb0d1e229c6452cf8447/server/out/vs/workbench/api/node/extensionHostProcess.js:106:20084)
	at cv.dispose (file:///home/student/.vscode-server/cli/servers/Stable-e54c774e0add60467559eb0d1e229c6452cf8447/server/out/vs/workbench/api/node/extensionHostProcess.js:106:20180)
	at cv.<anonymous> (/home/student/.vscode-server/cli/servers/Stable-e54c774e0add60467559eb0d1e229c6452cf8447/server/extensions/git/dist/main.js:2:1000086)
	at cv.dispose (file:///home/student/.vscode-server/cli/servers/Stable-e54c774e0add60467559eb0d1e229c6452cf8447/server/out/vs/workbench/api/node/extensionHostProcess.js:106:20180)
	at ui (file:///home/student/.vscode-server/cli/servers/Stable-e54c774e0add60467559eb0d1e229c6452cf8447/server/out/vs/workbench/api/node/extensionHostProcess.js:25:699)
	at file:///home/student/.vscode-server/cli/servers/Stable-e54c774e0add60467559eb0d1e229c6452cf8447/server/out/vs/workbench/api/node/extensionHostProcess.js:116:14992
	at file:///home/student/.vscode-server/cli/servers/Stable-e54c774e0add60467559eb0d1e229c6452cf8447/server/out/vs/workbench/api/node/extensionHostProcess.js:25:1009
	at Object.dispose (file:///home/student/.vscode-server/cli/servers/Stable-e54c774e0add60467559eb0d1e229c6452cf8447/server/out/vs/workbench/api/node/extensionHostProcess.js:8:705)
	at PW.eb (file:///home/student/.vscode-server/cli/servers/Stable-e54c774e0add60467559eb0d1e229c6452cf8447/server/out/vs/workbench/api/node/extensionHostProcess.js:116:11919)
	at file:///home/student/.vscode-server/cli/servers/Stable-e54c774e0add60467559eb0d1e229c6452cf8447/server/out/vs/workbench/api/node/extensionHostProcess.js:116:9874
	at Array.map (<anonymous>)
	at PW.$ (file:///home/student/.vscode-server/cli/servers/Stable-e54c774e0add60467559eb0d1e229c6452cf8447/server/out/vs/workbench/api/node/extensionHostProcess.js:116:9862)
	at PW.terminate (file:///home/student/.vscode-server/cli/servers/Stable-e54c774e0add60467559eb0d1e229c6452cf8447/server/out/vs/workbench/api/node/extensionHostProcess.js:116:10105)
	at wC.terminate (file:///home/student/.vscode-server/cli/servers/Stable-e54c774e0add60467559eb0d1e229c6452cf8447/server/out/vs/workbench/api/node/extensionHostProcess.js:117:1434)
	at ts (file:///home/student/.vscode-server/cli/servers/Stable-e54c774e0add60467559eb0d1e229c6452cf8447/server/out/vs/workbench/api/node/extensionHostProcess.js:190:15080)
	at Ah.value (file:///home/student/.vscode-server/cli/servers/Stable-e54c774e0add60467559eb0d1e229c6452cf8447/server/out/vs/workbench/api/node/extensionHostProcess.js:190:13241)
	at D.B (file:///home/student/.vscode-server/cli/servers/Stable-e54c774e0add60467559eb0d1e229c6452cf8447/server/out/vs/workbench/api/node/extensionHostProcess.js:27:2373)
	at D.fire (file:///home/student/.vscode-server/cli/servers/Stable-e54c774e0add60467559eb0d1e229c6452cf8447/server/out/vs/workbench/api/node/extensionHostProcess.js:27:2591)
	at Xn.fire (file:///home/student/.vscode-server/cli/servers/Stable-e54c774e0add60467559eb0d1e229c6452cf8447/server/out/vs/workbench/api/node/extensionHostProcess.js:29:9458)
	at Gm.A (file:///home/student/.vscode-server/cli/servers/Stable-e54c774e0add60467559eb0d1e229c6452cf8447/server/out/vs/workbench/api/node/extensionHostProcess.js:29:12574)
	at Ah.value (file:///home/student/.vscode-server/cli/servers/Stable-e54c774e0add60467559eb0d1e229c6452cf8447/server/out/vs/workbench/api/node/extensionHostProcess.js:29:10994)
	at D.B (file:///home/student/.vscode-server/cli/servers/Stable-e54c774e0add60467559eb0d1e229c6452cf8447/server/out/vs/workbench/api/node/extensionHostProcess.js:27:2373)
	at D.fire (file:///home/student/.vscode-server/cli/servers/Stable-e54c774e0add60467559eb0d1e229c6452cf8447/server/out/vs/workbench/api/node/extensionHostProcess.js:27:2591)
	at m6.acceptChunk (file:///home/student/.vscode-server/cli/servers/Stable-e54c774e0add60467559eb0d1e229c6452cf8447/server/out/vs/workbench/api/node/extensionHostProcess.js:29:7941)
	at file:///home/student/.vscode-server/cli/servers/Stable-e54c774e0add60467559eb0d1e229c6452cf8447/server/out/vs/workbench/api/node/extensionHostProcess.js:29:7227
	at Socket.t (file:///home/student/.vscode-server/cli/servers/Stable-e54c774e0add60467559eb0d1e229c6452cf8447/server/out/vs/workbench/api/node/extensionHostProcess.js:29:14761)
	at Socket.emit (node:events:518:28)
	at addChunk (node:internal/streams/readable:561:12)
	at readableAddChunkPushByteMode (node:internal/streams/readable:512:3)
	at Readable.push (node:internal/streams/readable:392:5)
	at Pipe.onStreamRead (node:internal/stream_base_commons:191:23) setContext undefined
2025-03-01 01:18:33.370 [info] Extension host with pid 6184 exiting with code 0
