2025-03-14 23:07:56.276 [info] [main] Log level: Info
2025-03-14 23:07:56.276 [info] [main] Validating found git in: "git"
2025-03-14 23:07:56.276 [info] [main] Using git "2.34.1" from "git"
2025-03-14 23:07:56.276 [info] [Model][doInitialScan] Initial repository scan started
2025-03-14 23:07:56.276 [info] > git rev-parse --show-toplevel [63ms]
2025-03-14 23:07:56.280 [info] > git rev-parse --git-dir --git-common-dir [1ms]
2025-03-14 23:07:56.294 [info] [Model][openRepository] Opened repository: /home/student
2025-03-14 23:07:56.317 [info] > git rev-parse --show-toplevel [8ms]
2025-03-14 23:07:56.318 [info] > git config --get commit.template [12ms]
2025-03-14 23:07:56.325 [info] > git rev-parse --show-toplevel [5ms]
2025-03-14 23:07:56.358 [info] > git for-each-ref --format=%(refname)%00%(upstream:short)%00%(objectname)%00%(upstream:track)%00%(upstream:remotename)%00%(upstream:remoteref) refs/heads/main refs/remotes/main [34ms]
2025-03-14 23:07:56.358 [info] > git rev-parse --show-toplevel [30ms]
2025-03-14 23:07:56.368 [info] > git rev-parse --show-toplevel [7ms]
2025-03-14 23:07:56.372 [info] [Model][doInitialScan] Initial repository scan completed - repositories (1), closed repositories (0), parent repositories (0), unsafe repositories (0)
2025-03-14 23:07:56.372 [info] > git for-each-ref --sort -committerdate --format %(refname) %(objectname) %(*objectname) [5ms]
2025-03-14 23:07:56.675 [info] > git status -z -uall [310ms]
2025-03-14 23:07:56.788 [info] > git for-each-ref --format=%(refname)%00%(upstream:short)%00%(objectname)%00%(upstream:track)%00%(upstream:remotename)%00%(upstream:remoteref) refs/heads/main refs/remotes/main [7ms]
2025-03-14 23:07:56.792 [info] > git config --get commit.template [5ms]
2025-03-14 23:07:56.793 [info] > git config --get --local branch.main.vscode-merge-base [1ms]
2025-03-14 23:07:56.793 [warning] [Git][config] git config failed: Failed to execute git
2025-03-14 23:07:57.320 [info] > git reflog main --grep-reflog=branch: Created from *. [525ms]
2025-03-14 23:07:57.328 [info] > git for-each-ref --format=%(refname)%00%(upstream:short)%00%(objectname)%00%(upstream:track)%00%(upstream:remotename)%00%(upstream:remoteref) refs/heads/main refs/remotes/main [17ms]
2025-03-14 23:07:57.330 [info] > git symbolic-ref --short refs/remotes/origin/HEAD [6ms]
2025-03-14 23:07:57.330 [info] fatal: ref refs/remotes/origin/HEAD is not a symbolic ref
2025-03-14 23:07:57.330 [warning] [Repository][getDefaultBranch] Failed to get default branch details: Failed to execute git.
2025-03-14 23:07:57.343 [info] > git check-ignore -v -z --stdin [16ms]
2025-03-14 23:07:57.351 [info] > git for-each-ref --sort -committerdate --format %(refname) %(objectname) %(*objectname) [9ms]
2025-03-14 23:07:57.352 [info] > git merge-base refs/heads/main refs/remotes/origin/main [19ms]
2025-03-14 23:07:57.357 [info] > git diff --name-status -z --diff-filter=ADMR 7ebd56723eb290d785ff9d03833ad42fcecfe631...refs/remotes/origin/main [0ms]
2025-03-14 23:07:57.401 [info] > git status -z -uall [63ms]
2025-03-14 23:08:01.750 [info] > git config --get commit.template [4ms]
2025-03-14 23:08:01.751 [info] > git for-each-ref --format=%(refname)%00%(upstream:short)%00%(objectname)%00%(upstream:track)%00%(upstream:remotename)%00%(upstream:remoteref) refs/heads/main refs/remotes/main [2ms]
2025-03-14 23:08:01.758 [info] > git for-each-ref --sort -committerdate --format %(refname) %(objectname) %(*objectname) [2ms]
2025-03-14 23:08:01.808 [info] > git status -z -uall [55ms]
2025-03-14 23:08:10.233 [info] > git config --get commit.template [4ms]
2025-03-14 23:08:10.242 [info] > git for-each-ref --format=%(refname)%00%(upstream:short)%00%(objectname)%00%(upstream:track)%00%(upstream:remotename)%00%(upstream:remoteref) refs/heads/main refs/remotes/main [2ms]
2025-03-14 23:08:10.280 [info] > git for-each-ref --sort -committerdate --format %(refname) %(objectname) %(*objectname) [18ms]
2025-03-14 23:08:10.319 [info] > git status -z -uall [60ms]
2025-03-14 23:08:15.371 [info] > git config --get commit.template [3ms]
2025-03-14 23:08:15.372 [info] > git for-each-ref --format=%(refname)%00%(upstream:short)%00%(objectname)%00%(upstream:track)%00%(upstream:remotename)%00%(upstream:remoteref) refs/heads/main refs/remotes/main [1ms]
2025-03-14 23:08:15.386 [info] > git for-each-ref --sort -committerdate --format %(refname) %(objectname) %(*objectname) [8ms]
2025-03-14 23:08:15.431 [info] > git status -z -uall [56ms]
2025-03-14 23:08:20.512 [info] > git config --get commit.template [3ms]
2025-03-14 23:08:20.512 [info] > git for-each-ref --format=%(refname)%00%(upstream:short)%00%(objectname)%00%(upstream:track)%00%(upstream:remotename)%00%(upstream:remoteref) refs/heads/main refs/remotes/main [1ms]
2025-03-14 23:08:20.527 [info] > git for-each-ref --sort -committerdate --format %(refname) %(objectname) %(*objectname) [9ms]
2025-03-14 23:08:20.586 [info] > git status -z -uall [70ms]
2025-03-14 23:08:25.633 [info] > git config --get commit.template [4ms]
2025-03-14 23:08:25.634 [info] > git for-each-ref --format=%(refname)%00%(upstream:short)%00%(objectname)%00%(upstream:track)%00%(upstream:remotename)%00%(upstream:remoteref) refs/heads/main refs/remotes/main [2ms]
2025-03-14 23:08:25.646 [info] > git for-each-ref --sort -committerdate --format %(refname) %(objectname) %(*objectname) [7ms]
2025-03-14 23:08:25.690 [info] > git status -z -uall [53ms]
2025-03-14 23:08:30.739 [info] > git config --get commit.template [3ms]
2025-03-14 23:08:30.739 [info] > git for-each-ref --format=%(refname)%00%(upstream:short)%00%(objectname)%00%(upstream:track)%00%(upstream:remotename)%00%(upstream:remoteref) refs/heads/main refs/remotes/main [1ms]
2025-03-14 23:08:30.747 [info] > git for-each-ref --sort -committerdate --format %(refname) %(objectname) %(*objectname) [2ms]
2025-03-14 23:08:30.796 [info] > git status -z -uall [54ms]
2025-03-14 23:08:35.843 [info] > git config --get commit.template [4ms]
2025-03-14 23:08:35.844 [info] > git for-each-ref --format=%(refname)%00%(upstream:short)%00%(objectname)%00%(upstream:track)%00%(upstream:remotename)%00%(upstream:remoteref) refs/heads/main refs/remotes/main [1ms]
2025-03-14 23:08:35.852 [info] > git for-each-ref --sort -committerdate --format %(refname) %(objectname) %(*objectname) [2ms]
2025-03-14 23:08:35.903 [info] > git status -z -uall [56ms]
2025-03-14 23:08:40.952 [info] > git config --get commit.template [4ms]
2025-03-14 23:08:40.953 [info] > git for-each-ref --format=%(refname)%00%(upstream:short)%00%(objectname)%00%(upstream:track)%00%(upstream:remotename)%00%(upstream:remoteref) refs/heads/main refs/remotes/main [1ms]
2025-03-14 23:08:40.965 [info] > git for-each-ref --sort -committerdate --format %(refname) %(objectname) %(*objectname) [7ms]
2025-03-14 23:08:41.009 [info] > git status -z -uall [54ms]
2025-03-14 23:08:46.064 [info] > git config --get commit.template [7ms]
2025-03-14 23:08:46.064 [info] > git for-each-ref --format=%(refname)%00%(upstream:short)%00%(objectname)%00%(upstream:track)%00%(upstream:remotename)%00%(upstream:remoteref) refs/heads/main refs/remotes/main [1ms]
2025-03-14 23:08:46.077 [info] > git for-each-ref --sort -committerdate --format %(refname) %(objectname) %(*objectname) [7ms]
2025-03-14 23:08:46.122 [info] > git status -z -uall [55ms]
2025-03-14 23:08:51.174 [info] > git config --get commit.template [7ms]
2025-03-14 23:08:51.175 [info] > git for-each-ref --format=%(refname)%00%(upstream:short)%00%(objectname)%00%(upstream:track)%00%(upstream:remotename)%00%(upstream:remoteref) refs/heads/main refs/remotes/main [1ms]
2025-03-14 23:08:51.188 [info] > git for-each-ref --sort -committerdate --format %(refname) %(objectname) %(*objectname) [7ms]
2025-03-14 23:08:51.233 [info] > git status -z -uall [55ms]
2025-03-14 23:08:56.280 [info] > git config --get commit.template [1ms]
2025-03-14 23:08:56.285 [info] > git for-each-ref --format=%(refname)%00%(upstream:short)%00%(objectname)%00%(upstream:track)%00%(upstream:remotename)%00%(upstream:remoteref) refs/heads/main refs/remotes/main [1ms]
2025-03-14 23:08:56.298 [info] > git for-each-ref --sort -committerdate --format %(refname) %(objectname) %(*objectname) [8ms]
2025-03-14 23:08:56.345 [info] > git status -z -uall [58ms]
2025-03-14 23:09:01.393 [info] > git config --get commit.template [4ms]
2025-03-14 23:09:01.398 [info] > git for-each-ref --format=%(refname)%00%(upstream:short)%00%(objectname)%00%(upstream:track)%00%(upstream:remotename)%00%(upstream:remoteref) refs/heads/main refs/remotes/main [2ms]
2025-03-14 23:09:01.406 [info] > git for-each-ref --sort -committerdate --format %(refname) %(objectname) %(*objectname) [2ms]
2025-03-14 23:09:01.457 [info] > git status -z -uall [56ms]
2025-03-14 23:09:06.504 [info] > git config --get commit.template [4ms]
2025-03-14 23:09:06.505 [info] > git for-each-ref --format=%(refname)%00%(upstream:short)%00%(objectname)%00%(upstream:track)%00%(upstream:remotename)%00%(upstream:remoteref) refs/heads/main refs/remotes/main [2ms]
2025-03-14 23:09:06.518 [info] > git for-each-ref --sort -committerdate --format %(refname) %(objectname) %(*objectname) [8ms]
2025-03-14 23:09:06.565 [info] > git status -z -uall [57ms]
2025-03-14 23:09:09.109 [info] > git check-ignore -v -z --stdin [5ms]
2025-03-14 23:09:11.613 [info] > git config --get commit.template [3ms]
2025-03-14 23:09:11.614 [info] > git for-each-ref --format=%(refname)%00%(upstream:short)%00%(objectname)%00%(upstream:track)%00%(upstream:remotename)%00%(upstream:remoteref) refs/heads/main refs/remotes/main [1ms]
2025-03-14 23:09:11.627 [info] > git for-each-ref --sort -committerdate --format %(refname) %(objectname) %(*objectname) [7ms]
2025-03-14 23:09:11.673 [info] > git status -z -uall [56ms]
2025-03-14 23:09:16.718 [info] > git config --get commit.template [3ms]
2025-03-14 23:09:16.719 [info] > git for-each-ref --format=%(refname)%00%(upstream:short)%00%(objectname)%00%(upstream:track)%00%(upstream:remotename)%00%(upstream:remoteref) refs/heads/main refs/remotes/main [1ms]
2025-03-14 23:09:16.730 [info] > git for-each-ref --sort -committerdate --format %(refname) %(objectname) %(*objectname) [4ms]
2025-03-14 23:09:16.775 [info] > git status -z -uall [53ms]
2025-03-14 23:09:19.772 [info] > git check-ignore -v -z --stdin [4ms]
2025-03-14 23:09:56.867 [info] > git config --get commit.template [4ms]
2025-03-14 23:09:56.868 [info] > git for-each-ref --format=%(refname)%00%(upstream:short)%00%(objectname)%00%(upstream:track)%00%(upstream:remotename)%00%(upstream:remoteref) refs/heads/main refs/remotes/main [2ms]
2025-03-14 23:09:56.880 [info] > git for-each-ref --sort -committerdate --format %(refname) %(objectname) %(*objectname) [6ms]
2025-03-14 23:09:56.925 [info] > git status -z -uall [54ms]
2025-03-14 23:13:16.858 [info] > git config --get commit.template [3ms]
2025-03-14 23:13:16.859 [info] > git for-each-ref --format=%(refname)%00%(upstream:short)%00%(objectname)%00%(upstream:track)%00%(upstream:remotename)%00%(upstream:remoteref) refs/heads/main refs/remotes/main [2ms]
2025-03-14 23:13:16.871 [info] > git for-each-ref --sort -committerdate --format %(refname) %(objectname) %(*objectname) [7ms]
2025-03-14 23:13:16.925 [info] > git status -z -uall [63ms]
2025-03-14 23:13:22.654 [info] > git config --get commit.template [3ms]
2025-03-14 23:13:22.655 [info] > git for-each-ref --format=%(refname)%00%(upstream:short)%00%(objectname)%00%(upstream:track)%00%(upstream:remotename)%00%(upstream:remoteref) refs/heads/main refs/remotes/main [2ms]
2025-03-14 23:13:22.662 [info] > git for-each-ref --sort -committerdate --format %(refname) %(objectname) %(*objectname) [2ms]
2025-03-14 23:13:22.712 [info] > git status -z -uall [55ms]
2025-03-14 23:14:06.109 [info] > git config --get commit.template [4ms]
2025-03-14 23:14:06.110 [info] > git for-each-ref --format=%(refname)%00%(upstream:short)%00%(objectname)%00%(upstream:track)%00%(upstream:remotename)%00%(upstream:remoteref) refs/heads/main refs/remotes/main [2ms]
2025-03-14 23:14:06.119 [info] > git for-each-ref --sort -committerdate --format %(refname) %(objectname) %(*objectname) [0ms]
2025-03-14 23:14:06.172 [info] > git status -z -uall [59ms]
2025-03-14 23:14:45.014 [info] > git config --get commit.template [3ms]
2025-03-14 23:14:45.015 [info] > git for-each-ref --format=%(refname)%00%(upstream:short)%00%(objectname)%00%(upstream:track)%00%(upstream:remotename)%00%(upstream:remoteref) refs/heads/main refs/remotes/main [2ms]
2025-03-14 23:14:45.021 [info] > git for-each-ref --sort -committerdate --format %(refname) %(objectname) %(*objectname) [2ms]
2025-03-14 23:14:45.077 [info] > git status -z -uall [60ms]
2025-03-14 23:14:52.200 [info] > git config --get commit.template [4ms]
2025-03-14 23:14:52.201 [info] > git for-each-ref --format=%(refname)%00%(upstream:short)%00%(objectname)%00%(upstream:track)%00%(upstream:remotename)%00%(upstream:remoteref) refs/heads/main refs/remotes/main [2ms]
2025-03-14 23:14:52.208 [info] > git for-each-ref --sort -committerdate --format %(refname) %(objectname) %(*objectname) [2ms]
2025-03-14 23:14:52.262 [info] > git status -z -uall [58ms]
2025-03-14 23:15:03.181 [info] > git config --get commit.template [3ms]
2025-03-14 23:15:03.181 [info] > git for-each-ref --format=%(refname)%00%(upstream:short)%00%(objectname)%00%(upstream:track)%00%(upstream:remotename)%00%(upstream:remoteref) refs/heads/main refs/remotes/main [1ms]
2025-03-14 23:15:03.189 [info] > git for-each-ref --sort -committerdate --format %(refname) %(objectname) %(*objectname) [2ms]
2025-03-14 23:15:03.240 [info] > git status -z -uall [56ms]
2025-03-14 23:15:05.530 [info] > git check-ignore -v -z --stdin [4ms]
2025-03-14 23:15:08.289 [info] > git config --get commit.template [4ms]
2025-03-14 23:15:08.290 [info] > git for-each-ref --format=%(refname)%00%(upstream:short)%00%(objectname)%00%(upstream:track)%00%(upstream:remotename)%00%(upstream:remoteref) refs/heads/main refs/remotes/main [2ms]
2025-03-14 23:15:08.299 [info] > git for-each-ref --sort -committerdate --format %(refname) %(objectname) %(*objectname) [4ms]
2025-03-14 23:15:08.352 [info] > git status -z -uall [59ms]
2025-03-14 23:15:13.426 [info] > git config --get commit.template [2ms]
2025-03-14 23:15:13.440 [info] > git for-each-ref --format=%(refname)%00%(upstream:short)%00%(objectname)%00%(upstream:track)%00%(upstream:remotename)%00%(upstream:remoteref) refs/heads/main refs/remotes/main [1ms]
2025-03-14 23:15:13.462 [info] > git for-each-ref --sort -committerdate --format %(refname) %(objectname) %(*objectname) [10ms]
2025-03-14 23:15:13.509 [info] > git status -z -uall [65ms]
2025-03-14 23:15:18.560 [info] > git config --get commit.template [4ms]
2025-03-14 23:15:18.561 [info] > git for-each-ref --format=%(refname)%00%(upstream:short)%00%(objectname)%00%(upstream:track)%00%(upstream:remotename)%00%(upstream:remoteref) refs/heads/main refs/remotes/main [1ms]
2025-03-14 23:15:18.570 [info] > git for-each-ref --sort -committerdate --format %(refname) %(objectname) %(*objectname) [4ms]
2025-03-14 23:15:18.625 [info] > git status -z -uall [61ms]
2025-03-14 23:15:27.787 [info] > git config --get commit.template [4ms]
2025-03-14 23:15:27.787 [info] > git for-each-ref --format=%(refname)%00%(upstream:short)%00%(objectname)%00%(upstream:track)%00%(upstream:remotename)%00%(upstream:remoteref) refs/heads/main refs/remotes/main [1ms]
2025-03-14 23:15:27.795 [info] > git for-each-ref --sort -committerdate --format %(refname) %(objectname) %(*objectname) [1ms]
2025-03-14 23:15:27.853 [info] > git status -z -uall [62ms]
2025-03-14 23:15:32.902 [info] > git config --get commit.template [3ms]
2025-03-14 23:15:32.903 [info] > git for-each-ref --format=%(refname)%00%(upstream:short)%00%(objectname)%00%(upstream:track)%00%(upstream:remotename)%00%(upstream:remoteref) refs/heads/main refs/remotes/main [1ms]
2025-03-14 23:15:32.913 [info] > git for-each-ref --sort -committerdate --format %(refname) %(objectname) %(*objectname) [5ms]
2025-03-14 23:15:32.960 [info] > git status -z -uall [54ms]
2025-03-14 23:15:38.008 [info] > git config --get commit.template [4ms]
2025-03-14 23:15:38.009 [info] > git for-each-ref --format=%(refname)%00%(upstream:short)%00%(objectname)%00%(upstream:track)%00%(upstream:remotename)%00%(upstream:remoteref) refs/heads/main refs/remotes/main [2ms]
2025-03-14 23:15:38.022 [info] > git for-each-ref --sort -committerdate --format %(refname) %(objectname) %(*objectname) [7ms]
2025-03-14 23:15:38.068 [info] > git status -z -uall [56ms]
2025-03-14 23:15:43.113 [info] > git config --get commit.template [4ms]
2025-03-14 23:15:43.114 [info] > git for-each-ref --format=%(refname)%00%(upstream:short)%00%(objectname)%00%(upstream:track)%00%(upstream:remotename)%00%(upstream:remoteref) refs/heads/main refs/remotes/main [2ms]
2025-03-14 23:15:43.122 [info] > git for-each-ref --sort -committerdate --format %(refname) %(objectname) %(*objectname) [2ms]
2025-03-14 23:15:43.172 [info] > git status -z -uall [55ms]
2025-03-14 23:15:48.223 [info] > git config --get commit.template [3ms]
2025-03-14 23:15:48.224 [info] > git for-each-ref --format=%(refname)%00%(upstream:short)%00%(objectname)%00%(upstream:track)%00%(upstream:remotename)%00%(upstream:remoteref) refs/heads/main refs/remotes/main [1ms]
2025-03-14 23:15:48.240 [info] > git for-each-ref --sort -committerdate --format %(refname) %(objectname) %(*objectname) [10ms]
2025-03-14 23:15:48.281 [info] > git status -z -uall [54ms]
2025-03-14 23:15:53.331 [info] > git config --get commit.template [5ms]
2025-03-14 23:15:53.332 [info] > git for-each-ref --format=%(refname)%00%(upstream:short)%00%(objectname)%00%(upstream:track)%00%(upstream:remotename)%00%(upstream:remoteref) refs/heads/main refs/remotes/main [2ms]
2025-03-14 23:15:53.350 [info] > git for-each-ref --sort -committerdate --format %(refname) %(objectname) %(*objectname) [11ms]
2025-03-14 23:15:53.396 [info] > git status -z -uall [61ms]
2025-03-14 23:15:58.473 [info] > git config --get commit.template [1ms]
2025-03-14 23:15:58.479 [info] > git for-each-ref --format=%(refname)%00%(upstream:short)%00%(objectname)%00%(upstream:track)%00%(upstream:remotename)%00%(upstream:remoteref) refs/heads/main refs/remotes/main [1ms]
2025-03-14 23:15:58.488 [info] > git for-each-ref --sort -committerdate --format %(refname) %(objectname) %(*objectname) [0ms]
2025-03-14 23:15:58.538 [info] > git status -z -uall [56ms]
2025-03-14 23:16:03.584 [info] > git config --get commit.template [3ms]
2025-03-14 23:16:03.585 [info] > git for-each-ref --format=%(refname)%00%(upstream:short)%00%(objectname)%00%(upstream:track)%00%(upstream:remotename)%00%(upstream:remoteref) refs/heads/main refs/remotes/main [1ms]
2025-03-14 23:16:03.593 [info] > git for-each-ref --sort -committerdate --format %(refname) %(objectname) %(*objectname) [3ms]
2025-03-14 23:16:03.643 [info] > git status -z -uall [55ms]
2025-03-14 23:16:08.689 [info] > git config --get commit.template [3ms]
2025-03-14 23:16:08.690 [info] > git for-each-ref --format=%(refname)%00%(upstream:short)%00%(objectname)%00%(upstream:track)%00%(upstream:remotename)%00%(upstream:remoteref) refs/heads/main refs/remotes/main [2ms]
2025-03-14 23:16:08.697 [info] > git for-each-ref --sort -committerdate --format %(refname) %(objectname) %(*objectname) [2ms]
2025-03-14 23:16:08.750 [info] > git status -z -uall [57ms]
2025-03-14 23:16:13.801 [info] > git config --get commit.template [3ms]
2025-03-14 23:16:13.802 [info] > git for-each-ref --format=%(refname)%00%(upstream:short)%00%(objectname)%00%(upstream:track)%00%(upstream:remotename)%00%(upstream:remoteref) refs/heads/main refs/remotes/main [2ms]
2025-03-14 23:16:13.811 [info] > git for-each-ref --sort -committerdate --format %(refname) %(objectname) %(*objectname) [1ms]
2025-03-14 23:16:13.859 [info] > git status -z -uall [54ms]
2025-03-14 23:16:18.911 [info] > git config --get commit.template [3ms]
2025-03-14 23:16:18.912 [info] > git for-each-ref --format=%(refname)%00%(upstream:short)%00%(objectname)%00%(upstream:track)%00%(upstream:remotename)%00%(upstream:remoteref) refs/heads/main refs/remotes/main [1ms]
2025-03-14 23:16:18.927 [info] > git for-each-ref --sort -committerdate --format %(refname) %(objectname) %(*objectname) [2ms]
2025-03-14 23:16:18.988 [info] > git status -z -uall [66ms]
2025-03-14 23:16:32.727 [info] > git config --get commit.template [4ms]
2025-03-14 23:16:32.728 [info] > git for-each-ref --format=%(refname)%00%(upstream:short)%00%(objectname)%00%(upstream:track)%00%(upstream:remotename)%00%(upstream:remoteref) refs/heads/main refs/remotes/main [2ms]
2025-03-14 23:16:32.741 [info] > git for-each-ref --sort -committerdate --format %(refname) %(objectname) %(*objectname) [7ms]
2025-03-14 23:16:32.797 [info] > git status -z -uall [66ms]
2025-03-14 23:16:37.841 [info] > git config --get commit.template [4ms]
2025-03-14 23:16:37.846 [info] > git for-each-ref --format=%(refname)%00%(upstream:short)%00%(objectname)%00%(upstream:track)%00%(upstream:remotename)%00%(upstream:remoteref) refs/heads/main refs/remotes/main [6ms]
2025-03-14 23:16:37.860 [info] > git for-each-ref --sort -committerdate --format %(refname) %(objectname) %(*objectname) [5ms]
2025-03-14 23:16:37.905 [info] > git status -z -uall [56ms]
2025-03-14 23:16:42.950 [info] > git config --get commit.template [4ms]
2025-03-14 23:16:42.950 [info] > git for-each-ref --format=%(refname)%00%(upstream:short)%00%(objectname)%00%(upstream:track)%00%(upstream:remotename)%00%(upstream:remoteref) refs/heads/main refs/remotes/main [1ms]
2025-03-14 23:16:42.968 [info] > git for-each-ref --sort -committerdate --format %(refname) %(objectname) %(*objectname) [1ms]
2025-03-14 23:16:43.016 [info] > git status -z -uall [61ms]
2025-03-14 23:16:48.095 [info] > git config --get commit.template [3ms]
2025-03-14 23:16:48.096 [info] > git for-each-ref --format=%(refname)%00%(upstream:short)%00%(objectname)%00%(upstream:track)%00%(upstream:remotename)%00%(upstream:remoteref) refs/heads/main refs/remotes/main [1ms]
2025-03-14 23:16:48.104 [info] > git for-each-ref --sort -committerdate --format %(refname) %(objectname) %(*objectname) [2ms]
2025-03-14 23:16:48.154 [info] > git status -z -uall [55ms]
2025-03-14 23:16:53.202 [info] > git config --get commit.template [4ms]
2025-03-14 23:16:53.203 [info] > git for-each-ref --format=%(refname)%00%(upstream:short)%00%(objectname)%00%(upstream:track)%00%(upstream:remotename)%00%(upstream:remoteref) refs/heads/main refs/remotes/main [1ms]
2025-03-14 23:16:53.219 [info] > git for-each-ref --sort -committerdate --format %(refname) %(objectname) %(*objectname) [6ms]
2025-03-14 23:16:53.263 [info] > git status -z -uall [57ms]
2025-03-14 23:16:58.314 [info] > git config --get commit.template [4ms]
2025-03-14 23:16:58.315 [info] > git for-each-ref --format=%(refname)%00%(upstream:short)%00%(objectname)%00%(upstream:track)%00%(upstream:remotename)%00%(upstream:remoteref) refs/heads/main refs/remotes/main [2ms]
2025-03-14 23:16:58.326 [info] > git for-each-ref --sort -committerdate --format %(refname) %(objectname) %(*objectname) [4ms]
2025-03-14 23:16:58.382 [info] > git status -z -uall [64ms]
2025-03-14 23:17:03.430 [info] > git config --get commit.template [4ms]
2025-03-14 23:17:03.432 [info] > git for-each-ref --format=%(refname)%00%(upstream:short)%00%(objectname)%00%(upstream:track)%00%(upstream:remotename)%00%(upstream:remoteref) refs/heads/main refs/remotes/main [3ms]
2025-03-14 23:17:03.440 [info] > git for-each-ref --sort -committerdate --format %(refname) %(objectname) %(*objectname) [2ms]
2025-03-14 23:17:03.494 [info] > git status -z -uall [59ms]
2025-03-14 23:17:08.546 [info] > git config --get commit.template [4ms]
2025-03-14 23:17:08.547 [info] > git for-each-ref --format=%(refname)%00%(upstream:short)%00%(objectname)%00%(upstream:track)%00%(upstream:remotename)%00%(upstream:remoteref) refs/heads/main refs/remotes/main [2ms]
2025-03-14 23:17:08.559 [info] > git for-each-ref --sort -committerdate --format %(refname) %(objectname) %(*objectname) [6ms]
2025-03-14 23:17:08.610 [info] > git status -z -uall [60ms]
2025-03-14 23:17:13.655 [info] > git config --get commit.template [4ms]
2025-03-14 23:17:13.656 [info] > git for-each-ref --format=%(refname)%00%(upstream:short)%00%(objectname)%00%(upstream:track)%00%(upstream:remotename)%00%(upstream:remoteref) refs/heads/main refs/remotes/main [2ms]
2025-03-14 23:17:13.669 [info] > git for-each-ref --sort -committerdate --format %(refname) %(objectname) %(*objectname) [7ms]
2025-03-14 23:17:13.718 [info] > git status -z -uall [58ms]
2025-03-14 23:17:18.771 [info] > git config --get commit.template [4ms]
2025-03-14 23:17:18.772 [info] > git for-each-ref --format=%(refname)%00%(upstream:short)%00%(objectname)%00%(upstream:track)%00%(upstream:remotename)%00%(upstream:remoteref) refs/heads/main refs/remotes/main [2ms]
2025-03-14 23:17:18.780 [info] > git for-each-ref --sort -committerdate --format %(refname) %(objectname) %(*objectname) [2ms]
2025-03-14 23:17:18.830 [info] > git status -z -uall [55ms]
2025-03-14 23:17:23.885 [info] > git config --get commit.template [6ms]
2025-03-14 23:17:23.886 [info] > git for-each-ref --format=%(refname)%00%(upstream:short)%00%(objectname)%00%(upstream:track)%00%(upstream:remotename)%00%(upstream:remoteref) refs/heads/main refs/remotes/main [2ms]
2025-03-14 23:17:23.895 [info] > git for-each-ref --sort -committerdate --format %(refname) %(objectname) %(*objectname) [2ms]
2025-03-14 23:17:23.948 [info] > git status -z -uall [59ms]
2025-03-14 23:17:29.000 [info] > git config --get commit.template [3ms]
2025-03-14 23:17:29.000 [info] > git for-each-ref --format=%(refname)%00%(upstream:short)%00%(objectname)%00%(upstream:track)%00%(upstream:remotename)%00%(upstream:remoteref) refs/heads/main refs/remotes/main [1ms]
2025-03-14 23:17:29.013 [info] > git for-each-ref --sort -committerdate --format %(refname) %(objectname) %(*objectname) [7ms]
2025-03-14 23:17:29.063 [info] > git status -z -uall [60ms]
2025-03-14 23:17:34.117 [info] > git config --get commit.template [4ms]
2025-03-14 23:17:34.118 [info] > git for-each-ref --format=%(refname)%00%(upstream:short)%00%(objectname)%00%(upstream:track)%00%(upstream:remotename)%00%(upstream:remoteref) refs/heads/main refs/remotes/main [1ms]
2025-03-14 23:17:34.133 [info] > git for-each-ref --sort -committerdate --format %(refname) %(objectname) %(*objectname) [8ms]
2025-03-14 23:17:34.179 [info] > git status -z -uall [57ms]
2025-03-14 23:17:39.234 [info] > git config --get commit.template [4ms]
2025-03-14 23:17:39.235 [info] > git for-each-ref --format=%(refname)%00%(upstream:short)%00%(objectname)%00%(upstream:track)%00%(upstream:remotename)%00%(upstream:remoteref) refs/heads/main refs/remotes/main [2ms]
2025-03-14 23:17:39.247 [info] > git for-each-ref --sort -committerdate --format %(refname) %(objectname) %(*objectname) [7ms]
2025-03-14 23:17:39.292 [info] > git status -z -uall [54ms]
2025-03-14 23:17:44.335 [info] > git config --get commit.template [3ms]
2025-03-14 23:17:44.336 [info] > git for-each-ref --format=%(refname)%00%(upstream:short)%00%(objectname)%00%(upstream:track)%00%(upstream:remotename)%00%(upstream:remoteref) refs/heads/main refs/remotes/main [1ms]
2025-03-14 23:17:44.346 [info] > git for-each-ref --sort -committerdate --format %(refname) %(objectname) %(*objectname) [4ms]
2025-03-14 23:17:44.395 [info] > git status -z -uall [56ms]
2025-03-14 23:18:21.442 [info] > git config --get commit.template [3ms]
2025-03-14 23:18:21.443 [info] > git for-each-ref --format=%(refname)%00%(upstream:short)%00%(objectname)%00%(upstream:track)%00%(upstream:remotename)%00%(upstream:remoteref) refs/heads/main refs/remotes/main [1ms]
2025-03-14 23:18:21.451 [info] > git for-each-ref --sort -committerdate --format %(refname) %(objectname) %(*objectname) [2ms]
2025-03-14 23:18:21.500 [info] > git status -z -uall [54ms]
2025-03-14 23:18:26.576 [info] > git config --get commit.template [3ms]
2025-03-14 23:18:26.577 [info] > git for-each-ref --format=%(refname)%00%(upstream:short)%00%(objectname)%00%(upstream:track)%00%(upstream:remotename)%00%(upstream:remoteref) refs/heads/main refs/remotes/main [1ms]
2025-03-14 23:18:26.587 [info] > git for-each-ref --sort -committerdate --format %(refname) %(objectname) %(*objectname) [5ms]
2025-03-14 23:18:26.636 [info] > git status -z -uall [57ms]
2025-03-14 23:18:31.690 [info] > git config --get commit.template [4ms]
2025-03-14 23:18:31.691 [info] > git for-each-ref --format=%(refname)%00%(upstream:short)%00%(objectname)%00%(upstream:track)%00%(upstream:remotename)%00%(upstream:remoteref) refs/heads/main refs/remotes/main [2ms]
2025-03-14 23:18:31.707 [info] > git for-each-ref --sort -committerdate --format %(refname) %(objectname) %(*objectname) [6ms]
2025-03-14 23:18:31.753 [info] > git status -z -uall [56ms]
2025-03-14 23:18:34.074 [info] > git check-ignore -v -z --stdin [4ms]
2025-03-14 23:18:36.808 [info] > git config --get commit.template [4ms]
2025-03-14 23:18:36.809 [info] > git for-each-ref --format=%(refname)%00%(upstream:short)%00%(objectname)%00%(upstream:track)%00%(upstream:remotename)%00%(upstream:remoteref) refs/heads/main refs/remotes/main [2ms]
2025-03-14 23:18:36.816 [info] > git for-each-ref --sort -committerdate --format %(refname) %(objectname) %(*objectname) [2ms]
2025-03-14 23:18:36.868 [info] > git status -z -uall [56ms]
2025-03-14 23:18:41.920 [info] > git config --get commit.template [3ms]
2025-03-14 23:18:41.921 [info] > git for-each-ref --format=%(refname)%00%(upstream:short)%00%(objectname)%00%(upstream:track)%00%(upstream:remotename)%00%(upstream:remoteref) refs/heads/main refs/remotes/main [2ms]
2025-03-14 23:18:41.931 [info] > git for-each-ref --sort -committerdate --format %(refname) %(objectname) %(*objectname) [5ms]
2025-03-14 23:18:41.978 [info] > git status -z -uall [54ms]
2025-03-14 23:18:47.032 [info] > git config --get commit.template [4ms]
2025-03-14 23:18:47.033 [info] > git for-each-ref --format=%(refname)%00%(upstream:short)%00%(objectname)%00%(upstream:track)%00%(upstream:remotename)%00%(upstream:remoteref) refs/heads/main refs/remotes/main [2ms]
2025-03-14 23:18:47.049 [info] > git for-each-ref --sort -committerdate --format %(refname) %(objectname) %(*objectname) [9ms]
2025-03-14 23:18:47.094 [info] > git status -z -uall [58ms]
2025-03-14 23:18:52.140 [info] > git config --get commit.template [4ms]
2025-03-14 23:18:52.142 [info] > git for-each-ref --format=%(refname)%00%(upstream:short)%00%(objectname)%00%(upstream:track)%00%(upstream:remotename)%00%(upstream:remoteref) refs/heads/main refs/remotes/main [2ms]
2025-03-14 23:18:52.155 [info] > git for-each-ref --sort -committerdate --format %(refname) %(objectname) %(*objectname) [6ms]
2025-03-14 23:18:52.204 [info] > git status -z -uall [59ms]
2025-03-14 23:18:57.255 [info] > git for-each-ref --format=%(refname)%00%(upstream:short)%00%(objectname)%00%(upstream:track)%00%(upstream:remotename)%00%(upstream:remoteref) refs/heads/main refs/remotes/main [0ms]
2025-03-14 23:18:57.255 [info] > git config --get commit.template [6ms]
2025-03-14 23:18:57.267 [info] > git for-each-ref --sort -committerdate --format %(refname) %(objectname) %(*objectname) [6ms]
2025-03-14 23:18:57.316 [info] > git status -z -uall [58ms]
2025-03-14 23:19:02.361 [info] > git config --get commit.template [4ms]
2025-03-14 23:19:02.362 [info] > git for-each-ref --format=%(refname)%00%(upstream:short)%00%(objectname)%00%(upstream:track)%00%(upstream:remotename)%00%(upstream:remoteref) refs/heads/main refs/remotes/main [1ms]
2025-03-14 23:19:02.371 [info] > git for-each-ref --sort -committerdate --format %(refname) %(objectname) %(*objectname) [2ms]
2025-03-14 23:19:02.424 [info] > git status -z -uall [58ms]
2025-03-14 23:19:07.473 [info] > git config --get commit.template [4ms]
2025-03-14 23:19:07.474 [info] > git for-each-ref --format=%(refname)%00%(upstream:short)%00%(objectname)%00%(upstream:track)%00%(upstream:remotename)%00%(upstream:remoteref) refs/heads/main refs/remotes/main [2ms]
2025-03-14 23:19:07.488 [info] > git for-each-ref --sort -committerdate --format %(refname) %(objectname) %(*objectname) [8ms]
2025-03-14 23:19:07.532 [info] > git status -z -uall [55ms]
2025-03-14 23:19:12.582 [info] > git config --get commit.template [4ms]
2025-03-14 23:19:12.583 [info] > git for-each-ref --format=%(refname)%00%(upstream:short)%00%(objectname)%00%(upstream:track)%00%(upstream:remotename)%00%(upstream:remoteref) refs/heads/main refs/remotes/main [1ms]
2025-03-14 23:19:12.591 [info] > git for-each-ref --sort -committerdate --format %(refname) %(objectname) %(*objectname) [2ms]
2025-03-14 23:19:12.646 [info] > git status -z -uall [60ms]
2025-03-14 23:19:17.696 [info] > git config --get commit.template [4ms]
2025-03-14 23:19:17.697 [info] > git for-each-ref --format=%(refname)%00%(upstream:short)%00%(objectname)%00%(upstream:track)%00%(upstream:remotename)%00%(upstream:remoteref) refs/heads/main refs/remotes/main [1ms]
2025-03-14 23:19:17.707 [info] > git for-each-ref --sort -committerdate --format %(refname) %(objectname) %(*objectname) [1ms]
2025-03-14 23:19:17.755 [info] > git status -z -uall [54ms]
2025-03-14 23:19:22.803 [info] > git config --get commit.template [4ms]
2025-03-14 23:19:22.805 [info] > git for-each-ref --format=%(refname)%00%(upstream:short)%00%(objectname)%00%(upstream:track)%00%(upstream:remotename)%00%(upstream:remoteref) refs/heads/main refs/remotes/main [1ms]
2025-03-14 23:19:22.816 [info] > git for-each-ref --sort -committerdate --format %(refname) %(objectname) %(*objectname) [0ms]
2025-03-14 23:19:22.866 [info] > git status -z -uall [57ms]
2025-03-14 23:19:27.921 [info] > git config --get commit.template [4ms]
2025-03-14 23:19:27.922 [info] > git for-each-ref --format=%(refname)%00%(upstream:short)%00%(objectname)%00%(upstream:track)%00%(upstream:remotename)%00%(upstream:remoteref) refs/heads/main refs/remotes/main [2ms]
2025-03-14 23:19:27.935 [info] > git for-each-ref --sort -committerdate --format %(refname) %(objectname) %(*objectname) [7ms]
2025-03-14 23:19:27.984 [info] > git status -z -uall [59ms]
2025-03-14 23:19:33.031 [info] > git config --get commit.template [4ms]
2025-03-14 23:19:33.034 [info] > git for-each-ref --format=%(refname)%00%(upstream:short)%00%(objectname)%00%(upstream:track)%00%(upstream:remotename)%00%(upstream:remoteref) refs/heads/main refs/remotes/main [4ms]
2025-03-14 23:19:33.047 [info] > git for-each-ref --sort -committerdate --format %(refname) %(objectname) %(*objectname) [7ms]
2025-03-14 23:19:33.097 [info] > git status -z -uall [60ms]
2025-03-14 23:19:38.145 [info] > git config --get commit.template [4ms]
2025-03-14 23:19:38.146 [info] > git for-each-ref --format=%(refname)%00%(upstream:short)%00%(objectname)%00%(upstream:track)%00%(upstream:remotename)%00%(upstream:remoteref) refs/heads/main refs/remotes/main [2ms]
2025-03-14 23:19:38.160 [info] > git for-each-ref --sort -committerdate --format %(refname) %(objectname) %(*objectname) [8ms]
2025-03-14 23:19:38.213 [info] > git status -z -uall [64ms]
2025-03-14 23:19:43.263 [info] > git config --get commit.template [5ms]
2025-03-14 23:19:43.264 [info] > git for-each-ref --format=%(refname)%00%(upstream:short)%00%(objectname)%00%(upstream:track)%00%(upstream:remotename)%00%(upstream:remoteref) refs/heads/main refs/remotes/main [2ms]
2025-03-14 23:19:43.282 [info] > git for-each-ref --sort -committerdate --format %(refname) %(objectname) %(*objectname) [1ms]
2025-03-14 23:19:43.331 [info] > git status -z -uall [62ms]
2025-03-14 23:19:48.415 [info] > git config --get commit.template [3ms]
2025-03-14 23:19:48.425 [info] > git for-each-ref --format=%(refname)%00%(upstream:short)%00%(objectname)%00%(upstream:track)%00%(upstream:remotename)%00%(upstream:remoteref) refs/heads/main refs/remotes/main [1ms]
2025-03-14 23:19:48.450 [info] > git for-each-ref --sort -committerdate --format %(refname) %(objectname) %(*objectname) [2ms]
2025-03-14 23:19:48.501 [info] > git status -z -uall [66ms]
2025-03-14 23:19:53.547 [info] > git config --get commit.template [4ms]
2025-03-14 23:19:53.548 [info] > git for-each-ref --format=%(refname)%00%(upstream:short)%00%(objectname)%00%(upstream:track)%00%(upstream:remotename)%00%(upstream:remoteref) refs/heads/main refs/remotes/main [2ms]
2025-03-14 23:19:53.555 [info] > git for-each-ref --sort -committerdate --format %(refname) %(objectname) %(*objectname) [2ms]
2025-03-14 23:19:53.606 [info] > git status -z -uall [55ms]
2025-03-14 23:19:58.651 [info] > git config --get commit.template [4ms]
2025-03-14 23:19:58.652 [info] > git for-each-ref --format=%(refname)%00%(upstream:short)%00%(objectname)%00%(upstream:track)%00%(upstream:remotename)%00%(upstream:remoteref) refs/heads/main refs/remotes/main [2ms]
2025-03-14 23:19:58.659 [info] > git for-each-ref --sort -committerdate --format %(refname) %(objectname) %(*objectname) [2ms]
2025-03-14 23:19:58.708 [info] > git status -z -uall [54ms]
2025-03-14 23:20:03.764 [info] > git config --get commit.template [3ms]
2025-03-14 23:20:03.765 [info] > git for-each-ref --format=%(refname)%00%(upstream:short)%00%(objectname)%00%(upstream:track)%00%(upstream:remotename)%00%(upstream:remoteref) refs/heads/main refs/remotes/main [2ms]
2025-03-14 23:20:03.774 [info] > git for-each-ref --sort -committerdate --format %(refname) %(objectname) %(*objectname) [2ms]
2025-03-14 23:20:03.828 [info] > git status -z -uall [60ms]
2025-03-14 23:20:08.878 [info] > git config --get commit.template [3ms]
2025-03-14 23:20:08.879 [info] > git for-each-ref --format=%(refname)%00%(upstream:short)%00%(objectname)%00%(upstream:track)%00%(upstream:remotename)%00%(upstream:remoteref) refs/heads/main refs/remotes/main [2ms]
2025-03-14 23:20:08.892 [info] > git for-each-ref --sort -committerdate --format %(refname) %(objectname) %(*objectname) [8ms]
2025-03-14 23:20:08.943 [info] > git status -z -uall [60ms]
2025-03-14 23:20:13.992 [info] > git config --get commit.template [1ms]
2025-03-14 23:20:13.997 [info] > git for-each-ref --format=%(refname)%00%(upstream:short)%00%(objectname)%00%(upstream:track)%00%(upstream:remotename)%00%(upstream:remoteref) refs/heads/main refs/remotes/main [1ms]
2025-03-14 23:20:14.007 [info] > git for-each-ref --sort -committerdate --format %(refname) %(objectname) %(*objectname) [4ms]
2025-03-14 23:20:14.054 [info] > git status -z -uall [54ms]
2025-03-14 23:20:19.099 [info] > git config --get commit.template [4ms]
2025-03-14 23:20:19.100 [info] > git for-each-ref --format=%(refname)%00%(upstream:short)%00%(objectname)%00%(upstream:track)%00%(upstream:remotename)%00%(upstream:remoteref) refs/heads/main refs/remotes/main [1ms]
2025-03-14 23:20:19.112 [info] > git for-each-ref --sort -committerdate --format %(refname) %(objectname) %(*objectname) [3ms]
2025-03-14 23:20:19.157 [info] > git status -z -uall [54ms]
2025-03-14 23:20:24.212 [info] > git config --get commit.template [3ms]
2025-03-14 23:20:24.213 [info] > git for-each-ref --format=%(refname)%00%(upstream:short)%00%(objectname)%00%(upstream:track)%00%(upstream:remotename)%00%(upstream:remoteref) refs/heads/main refs/remotes/main [1ms]
2025-03-14 23:20:24.224 [info] > git for-each-ref --sort -committerdate --format %(refname) %(objectname) %(*objectname) [4ms]
2025-03-14 23:20:24.277 [info] > git status -z -uall [61ms]
2025-03-14 23:20:29.324 [info] > git config --get commit.template [5ms]
2025-03-14 23:20:29.325 [info] > git for-each-ref --format=%(refname)%00%(upstream:short)%00%(objectname)%00%(upstream:track)%00%(upstream:remotename)%00%(upstream:remoteref) refs/heads/main refs/remotes/main [1ms]
2025-03-14 23:20:29.340 [info] > git for-each-ref --sort -committerdate --format %(refname) %(objectname) %(*objectname) [7ms]
2025-03-14 23:20:29.384 [info] > git status -z -uall [54ms]
2025-03-14 23:20:34.432 [info] > git config --get commit.template [4ms]
2025-03-14 23:20:34.437 [info] > git for-each-ref --format=%(refname)%00%(upstream:short)%00%(objectname)%00%(upstream:track)%00%(upstream:remotename)%00%(upstream:remoteref) refs/heads/main refs/remotes/main [1ms]
2025-03-14 23:20:34.448 [info] > git for-each-ref --sort -committerdate --format %(refname) %(objectname) %(*objectname) [1ms]
2025-03-14 23:20:34.500 [info] > git status -z -uall [59ms]
2025-03-14 23:20:39.550 [info] > git config --get commit.template [4ms]
2025-03-14 23:20:39.551 [info] > git for-each-ref --format=%(refname)%00%(upstream:short)%00%(objectname)%00%(upstream:track)%00%(upstream:remotename)%00%(upstream:remoteref) refs/heads/main refs/remotes/main [2ms]
2025-03-14 23:20:39.564 [info] > git for-each-ref --sort -committerdate --format %(refname) %(objectname) %(*objectname) [2ms]
2025-03-14 23:20:39.608 [info] > git status -z -uall [54ms]
2025-03-14 23:20:44.660 [info] > git config --get commit.template [5ms]
2025-03-14 23:20:44.661 [info] > git for-each-ref --format=%(refname)%00%(upstream:short)%00%(objectname)%00%(upstream:track)%00%(upstream:remotename)%00%(upstream:remoteref) refs/heads/main refs/remotes/main [1ms]
2025-03-14 23:20:44.670 [info] > git for-each-ref --sort -committerdate --format %(refname) %(objectname) %(*objectname) [1ms]
2025-03-14 23:20:44.725 [info] > git status -z -uall [61ms]
2025-03-14 23:20:49.771 [info] > git config --get commit.template [4ms]
2025-03-14 23:20:49.771 [info] > git for-each-ref --format=%(refname)%00%(upstream:short)%00%(objectname)%00%(upstream:track)%00%(upstream:remotename)%00%(upstream:remoteref) refs/heads/main refs/remotes/main [1ms]
2025-03-14 23:20:49.782 [info] > git for-each-ref --sort -committerdate --format %(refname) %(objectname) %(*objectname) [0ms]
2025-03-14 23:20:49.831 [info] > git status -z -uall [56ms]
2025-03-14 23:20:54.880 [info] > git config --get commit.template [5ms]
2025-03-14 23:20:54.881 [info] > git for-each-ref --format=%(refname)%00%(upstream:short)%00%(objectname)%00%(upstream:track)%00%(upstream:remotename)%00%(upstream:remoteref) refs/heads/main refs/remotes/main [2ms]
2025-03-14 23:20:54.894 [info] > git for-each-ref --sort -committerdate --format %(refname) %(objectname) %(*objectname) [4ms]
2025-03-14 23:20:54.942 [info] > git status -z -uall [58ms]
2025-03-14 23:20:59.986 [info] > git config --get commit.template [4ms]
2025-03-14 23:20:59.987 [info] > git for-each-ref --format=%(refname)%00%(upstream:short)%00%(objectname)%00%(upstream:track)%00%(upstream:remotename)%00%(upstream:remoteref) refs/heads/main refs/remotes/main [1ms]
2025-03-14 23:20:59.997 [info] > git for-each-ref --sort -committerdate --format %(refname) %(objectname) %(*objectname) [1ms]
2025-03-14 23:21:00.050 [info] > git status -z -uall [59ms]
2025-03-14 23:21:05.104 [info] > git config --get commit.template [4ms]
2025-03-14 23:21:05.105 [info] > git for-each-ref --format=%(refname)%00%(upstream:short)%00%(objectname)%00%(upstream:track)%00%(upstream:remotename)%00%(upstream:remoteref) refs/heads/main refs/remotes/main [1ms]
2025-03-14 23:21:05.121 [info] > git for-each-ref --sort -committerdate --format %(refname) %(objectname) %(*objectname) [4ms]
2025-03-14 23:21:05.165 [info] > git status -z -uall [54ms]
2025-03-14 23:21:10.211 [info] > git config --get commit.template [4ms]
2025-03-14 23:21:10.212 [info] > git for-each-ref --format=%(refname)%00%(upstream:short)%00%(objectname)%00%(upstream:track)%00%(upstream:remotename)%00%(upstream:remoteref) refs/heads/main refs/remotes/main [2ms]
2025-03-14 23:21:10.220 [info] > git for-each-ref --sort -committerdate --format %(refname) %(objectname) %(*objectname) [2ms]
2025-03-14 23:21:10.269 [info] > git status -z -uall [54ms]
2025-03-14 23:21:15.317 [info] > git config --get commit.template [4ms]
2025-03-14 23:21:15.318 [info] > git for-each-ref --format=%(refname)%00%(upstream:short)%00%(objectname)%00%(upstream:track)%00%(upstream:remotename)%00%(upstream:remoteref) refs/heads/main refs/remotes/main [2ms]
2025-03-14 23:21:15.332 [info] > git for-each-ref --sort -committerdate --format %(refname) %(objectname) %(*objectname) [4ms]
2025-03-14 23:21:15.378 [info] > git status -z -uall [57ms]
2025-03-14 23:21:20.430 [info] > git config --get commit.template [4ms]
2025-03-14 23:21:20.431 [info] > git for-each-ref --format=%(refname)%00%(upstream:short)%00%(objectname)%00%(upstream:track)%00%(upstream:remotename)%00%(upstream:remoteref) refs/heads/main refs/remotes/main [1ms]
2025-03-14 23:21:20.445 [info] > git for-each-ref --sort -committerdate --format %(refname) %(objectname) %(*objectname) [2ms]
2025-03-14 23:21:20.495 [info] > git status -z -uall [61ms]
2025-03-14 23:21:25.544 [info] > git config --get commit.template [4ms]
2025-03-14 23:21:25.545 [info] > git for-each-ref --format=%(refname)%00%(upstream:short)%00%(objectname)%00%(upstream:track)%00%(upstream:remotename)%00%(upstream:remoteref) refs/heads/main refs/remotes/main [2ms]
2025-03-14 23:21:25.558 [info] > git for-each-ref --sort -committerdate --format %(refname) %(objectname) %(*objectname) [7ms]
2025-03-14 23:21:25.607 [info] > git status -z -uall [59ms]
2025-03-14 23:21:30.656 [info] > git config --get commit.template [4ms]
2025-03-14 23:21:30.657 [info] > git for-each-ref --format=%(refname)%00%(upstream:short)%00%(objectname)%00%(upstream:track)%00%(upstream:remotename)%00%(upstream:remoteref) refs/heads/main refs/remotes/main [2ms]
2025-03-14 23:21:30.672 [info] > git for-each-ref --sort -committerdate --format %(refname) %(objectname) %(*objectname) [9ms]
2025-03-14 23:21:30.714 [info] > git status -z -uall [54ms]
2025-03-14 23:21:35.761 [info] > git config --get commit.template [3ms]
2025-03-14 23:21:35.766 [info] > git for-each-ref --format=%(refname)%00%(upstream:short)%00%(objectname)%00%(upstream:track)%00%(upstream:remotename)%00%(upstream:remoteref) refs/heads/main refs/remotes/main [1ms]
2025-03-14 23:21:35.781 [info] > git for-each-ref --sort -committerdate --format %(refname) %(objectname) %(*objectname) [0ms]
2025-03-14 23:21:35.829 [info] > git status -z -uall [59ms]
2025-03-14 23:21:40.880 [info] > git config --get commit.template [4ms]
2025-03-14 23:21:40.881 [info] > git for-each-ref --format=%(refname)%00%(upstream:short)%00%(objectname)%00%(upstream:track)%00%(upstream:remotename)%00%(upstream:remoteref) refs/heads/main refs/remotes/main [2ms]
2025-03-14 23:21:40.896 [info] > git for-each-ref --sort -committerdate --format %(refname) %(objectname) %(*objectname) [2ms]
2025-03-14 23:21:40.939 [info] > git status -z -uall [53ms]
2025-03-14 23:21:45.987 [info] > git config --get commit.template [4ms]
2025-03-14 23:21:45.988 [info] > git for-each-ref --format=%(refname)%00%(upstream:short)%00%(objectname)%00%(upstream:track)%00%(upstream:remotename)%00%(upstream:remoteref) refs/heads/main refs/remotes/main [2ms]
2025-03-14 23:21:46.000 [info] > git for-each-ref --sort -committerdate --format %(refname) %(objectname) %(*objectname) [6ms]
2025-03-14 23:21:46.052 [info] > git status -z -uall [61ms]
2025-03-14 23:21:51.097 [info] > git config --get commit.template [4ms]
2025-03-14 23:21:51.098 [info] > git for-each-ref --format=%(refname)%00%(upstream:short)%00%(objectname)%00%(upstream:track)%00%(upstream:remotename)%00%(upstream:remoteref) refs/heads/main refs/remotes/main [2ms]
2025-03-14 23:21:51.112 [info] > git for-each-ref --sort -committerdate --format %(refname) %(objectname) %(*objectname) [8ms]
2025-03-14 23:21:51.155 [info] > git status -z -uall [53ms]
2025-03-14 23:21:56.204 [info] > git config --get commit.template [4ms]
2025-03-14 23:21:56.204 [info] > git for-each-ref --format=%(refname)%00%(upstream:short)%00%(objectname)%00%(upstream:track)%00%(upstream:remotename)%00%(upstream:remoteref) refs/heads/main refs/remotes/main [1ms]
2025-03-14 23:21:56.218 [info] > git for-each-ref --sort -committerdate --format %(refname) %(objectname) %(*objectname) [1ms]
2025-03-14 23:21:56.261 [info] > git status -z -uall [53ms]
2025-03-14 23:22:01.305 [info] > git config --get commit.template [3ms]
2025-03-14 23:22:01.306 [info] > git for-each-ref --format=%(refname)%00%(upstream:short)%00%(objectname)%00%(upstream:track)%00%(upstream:remotename)%00%(upstream:remoteref) refs/heads/main refs/remotes/main [2ms]
2025-03-14 23:22:01.323 [info] > git for-each-ref --sort -committerdate --format %(refname) %(objectname) %(*objectname) [1ms]
2025-03-14 23:22:01.368 [info] > git status -z -uall [59ms]
2025-03-14 23:22:06.415 [info] > git config --get commit.template [4ms]
2025-03-14 23:22:06.416 [info] > git for-each-ref --format=%(refname)%00%(upstream:short)%00%(objectname)%00%(upstream:track)%00%(upstream:remotename)%00%(upstream:remoteref) refs/heads/main refs/remotes/main [2ms]
2025-03-14 23:22:06.429 [info] > git for-each-ref --sort -committerdate --format %(refname) %(objectname) %(*objectname) [6ms]
2025-03-14 23:22:06.473 [info] > git status -z -uall [54ms]
2025-03-14 23:22:11.519 [info] > git config --get commit.template [4ms]
2025-03-14 23:22:11.520 [info] > git for-each-ref --format=%(refname)%00%(upstream:short)%00%(objectname)%00%(upstream:track)%00%(upstream:remotename)%00%(upstream:remoteref) refs/heads/main refs/remotes/main [1ms]
2025-03-14 23:22:11.531 [info] > git for-each-ref --sort -committerdate --format %(refname) %(objectname) %(*objectname) [5ms]
2025-03-14 23:22:11.577 [info] > git status -z -uall [54ms]
2025-03-14 23:22:16.626 [info] > git config --get commit.template [5ms]
2025-03-14 23:22:16.627 [info] > git for-each-ref --format=%(refname)%00%(upstream:short)%00%(objectname)%00%(upstream:track)%00%(upstream:remotename)%00%(upstream:remoteref) refs/heads/main refs/remotes/main [2ms]
2025-03-14 23:22:16.636 [info] > git for-each-ref --sort -committerdate --format %(refname) %(objectname) %(*objectname) [0ms]
2025-03-14 23:22:16.684 [info] > git status -z -uall [54ms]
2025-03-14 23:22:21.732 [info] > git config --get commit.template [4ms]
2025-03-14 23:22:21.733 [info] > git for-each-ref --format=%(refname)%00%(upstream:short)%00%(objectname)%00%(upstream:track)%00%(upstream:remotename)%00%(upstream:remoteref) refs/heads/main refs/remotes/main [2ms]
2025-03-14 23:22:21.741 [info] > git for-each-ref --sort -committerdate --format %(refname) %(objectname) %(*objectname) [2ms]
2025-03-14 23:22:21.795 [info] > git status -z -uall [59ms]
2025-03-14 23:22:26.874 [info] > git config --get commit.template [4ms]
2025-03-14 23:22:26.875 [info] > git for-each-ref --format=%(refname)%00%(upstream:short)%00%(objectname)%00%(upstream:track)%00%(upstream:remotename)%00%(upstream:remoteref) refs/heads/main refs/remotes/main [1ms]
2025-03-14 23:22:26.888 [info] > git for-each-ref --sort -committerdate --format %(refname) %(objectname) %(*objectname) [7ms]
2025-03-14 23:22:26.932 [info] > git status -z -uall [54ms]
2025-03-14 23:22:31.977 [info] > git config --get commit.template [5ms]
2025-03-14 23:22:31.978 [info] > git for-each-ref --format=%(refname)%00%(upstream:short)%00%(objectname)%00%(upstream:track)%00%(upstream:remotename)%00%(upstream:remoteref) refs/heads/main refs/remotes/main [2ms]
2025-03-14 23:22:31.987 [info] > git for-each-ref --sort -committerdate --format %(refname) %(objectname) %(*objectname) [3ms]
2025-03-14 23:22:32.035 [info] > git status -z -uall [54ms]
2025-03-14 23:22:37.090 [info] > git config --get commit.template [4ms]
2025-03-14 23:22:37.091 [info] > git for-each-ref --format=%(refname)%00%(upstream:short)%00%(objectname)%00%(upstream:track)%00%(upstream:remotename)%00%(upstream:remoteref) refs/heads/main refs/remotes/main [1ms]
2025-03-14 23:22:37.106 [info] > git for-each-ref --sort -committerdate --format %(refname) %(objectname) %(*objectname) [0ms]
2025-03-14 23:22:37.149 [info] > git status -z -uall [54ms]
2025-03-14 23:22:42.195 [info] > git config --get commit.template [3ms]
2025-03-14 23:22:42.196 [info] > git for-each-ref --format=%(refname)%00%(upstream:short)%00%(objectname)%00%(upstream:track)%00%(upstream:remotename)%00%(upstream:remoteref) refs/heads/main refs/remotes/main [1ms]
2025-03-14 23:22:42.204 [info] > git for-each-ref --sort -committerdate --format %(refname) %(objectname) %(*objectname) [1ms]
2025-03-14 23:22:42.254 [info] > git status -z -uall [54ms]
2025-03-14 23:22:47.307 [info] > git config --get commit.template [4ms]
2025-03-14 23:22:47.308 [info] > git for-each-ref --format=%(refname)%00%(upstream:short)%00%(objectname)%00%(upstream:track)%00%(upstream:remotename)%00%(upstream:remoteref) refs/heads/main refs/remotes/main [2ms]
2025-03-14 23:22:47.315 [info] > git for-each-ref --sort -committerdate --format %(refname) %(objectname) %(*objectname) [1ms]
2025-03-14 23:22:47.364 [info] > git status -z -uall [53ms]
2025-03-14 23:23:13.108 [info] > git config --get commit.template [3ms]
2025-03-14 23:23:13.109 [info] > git for-each-ref --format=%(refname)%00%(upstream:short)%00%(objectname)%00%(upstream:track)%00%(upstream:remotename)%00%(upstream:remoteref) refs/heads/main refs/remotes/main [2ms]
2025-03-14 23:23:13.121 [info] > git for-each-ref --sort -committerdate --format %(refname) %(objectname) %(*objectname) [7ms]
2025-03-14 23:23:13.166 [info] > git status -z -uall [54ms]
2025-03-14 23:23:21.618 [info] > git config --get commit.template [3ms]
2025-03-14 23:23:21.619 [info] > git for-each-ref --format=%(refname)%00%(upstream:short)%00%(objectname)%00%(upstream:track)%00%(upstream:remotename)%00%(upstream:remoteref) refs/heads/main refs/remotes/main [1ms]
2025-03-14 23:23:21.627 [info] > git for-each-ref --sort -committerdate --format %(refname) %(objectname) %(*objectname) [2ms]
2025-03-14 23:23:21.678 [info] > git status -z -uall [56ms]
2025-03-14 23:23:26.735 [info] > git config --get commit.template [5ms]
2025-03-14 23:23:26.735 [info] > git for-each-ref --format=%(refname)%00%(upstream:short)%00%(objectname)%00%(upstream:track)%00%(upstream:remotename)%00%(upstream:remoteref) refs/heads/main refs/remotes/main [1ms]
2025-03-14 23:23:26.747 [info] > git for-each-ref --sort -committerdate --format %(refname) %(objectname) %(*objectname) [6ms]
2025-03-14 23:23:26.792 [info] > git status -z -uall [54ms]
2025-03-14 23:23:31.843 [info] > git config --get commit.template [4ms]
2025-03-14 23:23:31.844 [info] > git for-each-ref --format=%(refname)%00%(upstream:short)%00%(objectname)%00%(upstream:track)%00%(upstream:remotename)%00%(upstream:remoteref) refs/heads/main refs/remotes/main [2ms]
2025-03-14 23:23:31.851 [info] > git for-each-ref --sort -committerdate --format %(refname) %(objectname) %(*objectname) [1ms]
2025-03-14 23:23:31.901 [info] > git status -z -uall [54ms]
2025-03-14 23:23:36.950 [info] > git config --get commit.template [4ms]
2025-03-14 23:23:36.951 [info] > git for-each-ref --format=%(refname)%00%(upstream:short)%00%(objectname)%00%(upstream:track)%00%(upstream:remotename)%00%(upstream:remoteref) refs/heads/main refs/remotes/main [1ms]
2025-03-14 23:23:36.961 [info] > git for-each-ref --sort -committerdate --format %(refname) %(objectname) %(*objectname) [4ms]
2025-03-14 23:23:37.008 [info] > git status -z -uall [54ms]
2025-03-14 23:23:42.053 [info] > git config --get commit.template [4ms]
2025-03-14 23:23:42.056 [info] > git for-each-ref --format=%(refname)%00%(upstream:short)%00%(objectname)%00%(upstream:track)%00%(upstream:remotename)%00%(upstream:remoteref) refs/heads/main refs/remotes/main [2ms]
2025-03-14 23:23:42.065 [info] > git for-each-ref --sort -committerdate --format %(refname) %(objectname) %(*objectname) [2ms]
2025-03-14 23:23:42.118 [info] > git status -z -uall [59ms]
2025-03-14 23:23:47.167 [info] > git config --get commit.template [4ms]
2025-03-14 23:23:47.169 [info] > git for-each-ref --format=%(refname)%00%(upstream:short)%00%(objectname)%00%(upstream:track)%00%(upstream:remotename)%00%(upstream:remoteref) refs/heads/main refs/remotes/main [1ms]
2025-03-14 23:23:47.182 [info] > git for-each-ref --sort -committerdate --format %(refname) %(objectname) %(*objectname) [7ms]
2025-03-14 23:23:47.227 [info] > git status -z -uall [55ms]
2025-03-14 23:23:52.273 [info] > git config --get commit.template [3ms]
2025-03-14 23:23:52.273 [info] > git for-each-ref --format=%(refname)%00%(upstream:short)%00%(objectname)%00%(upstream:track)%00%(upstream:remotename)%00%(upstream:remoteref) refs/heads/main refs/remotes/main [1ms]
2025-03-14 23:23:52.286 [info] > git for-each-ref --sort -committerdate --format %(refname) %(objectname) %(*objectname) [7ms]
2025-03-14 23:23:52.330 [info] > git status -z -uall [54ms]
2025-03-14 23:23:57.380 [info] > git config --get commit.template [3ms]
2025-03-14 23:23:57.380 [info] > git for-each-ref --format=%(refname)%00%(upstream:short)%00%(objectname)%00%(upstream:track)%00%(upstream:remotename)%00%(upstream:remoteref) refs/heads/main refs/remotes/main [1ms]
2025-03-14 23:23:57.393 [info] > git for-each-ref --sort -committerdate --format %(refname) %(objectname) %(*objectname) [6ms]
2025-03-14 23:23:57.437 [info] > git status -z -uall [54ms]
2025-03-14 23:24:02.481 [info] > git config --get commit.template [4ms]
2025-03-14 23:24:02.482 [info] > git for-each-ref --format=%(refname)%00%(upstream:short)%00%(objectname)%00%(upstream:track)%00%(upstream:remotename)%00%(upstream:remoteref) refs/heads/main refs/remotes/main [1ms]
2025-03-14 23:24:02.491 [info] > git for-each-ref --sort -committerdate --format %(refname) %(objectname) %(*objectname) [2ms]
2025-03-14 23:24:02.541 [info] > git status -z -uall [54ms]
2025-03-14 23:24:07.590 [info] > git config --get commit.template [4ms]
2025-03-14 23:24:07.591 [info] > git for-each-ref --format=%(refname)%00%(upstream:short)%00%(objectname)%00%(upstream:track)%00%(upstream:remotename)%00%(upstream:remoteref) refs/heads/main refs/remotes/main [2ms]
2025-03-14 23:24:07.603 [info] > git for-each-ref --sort -committerdate --format %(refname) %(objectname) %(*objectname) [7ms]
2025-03-14 23:24:07.649 [info] > git status -z -uall [55ms]
2025-03-14 23:24:12.696 [info] > git config --get commit.template [4ms]
2025-03-14 23:24:12.697 [info] > git for-each-ref --format=%(refname)%00%(upstream:short)%00%(objectname)%00%(upstream:track)%00%(upstream:remotename)%00%(upstream:remoteref) refs/heads/main refs/remotes/main [2ms]
2025-03-14 23:24:12.709 [info] > git for-each-ref --sort -committerdate --format %(refname) %(objectname) %(*objectname) [6ms]
2025-03-14 23:24:12.758 [info] > git status -z -uall [58ms]
2025-03-14 23:24:17.807 [info] > git config --get commit.template [4ms]
2025-03-14 23:24:17.808 [info] > git for-each-ref --format=%(refname)%00%(upstream:short)%00%(objectname)%00%(upstream:track)%00%(upstream:remotename)%00%(upstream:remoteref) refs/heads/main refs/remotes/main [1ms]
2025-03-14 23:24:17.818 [info] > git for-each-ref --sort -committerdate --format %(refname) %(objectname) %(*objectname) [2ms]
2025-03-14 23:24:17.870 [info] > git status -z -uall [57ms]
2025-03-14 23:24:22.916 [info] > git config --get commit.template [4ms]
2025-03-14 23:24:22.918 [info] > git for-each-ref --format=%(refname)%00%(upstream:short)%00%(objectname)%00%(upstream:track)%00%(upstream:remotename)%00%(upstream:remoteref) refs/heads/main refs/remotes/main [2ms]
2025-03-14 23:24:22.934 [info] > git for-each-ref --sort -committerdate --format %(refname) %(objectname) %(*objectname) [5ms]
2025-03-14 23:24:22.978 [info] > git status -z -uall [53ms]
2025-03-14 23:24:28.027 [info] > git config --get commit.template [5ms]
2025-03-14 23:24:28.027 [info] > git for-each-ref --format=%(refname)%00%(upstream:short)%00%(objectname)%00%(upstream:track)%00%(upstream:remotename)%00%(upstream:remoteref) refs/heads/main refs/remotes/main [1ms]
2025-03-14 23:24:28.036 [info] > git for-each-ref --sort -committerdate --format %(refname) %(objectname) %(*objectname) [0ms]
2025-03-14 23:24:28.088 [info] > git status -z -uall [57ms]
2025-03-14 23:24:33.137 [info] > git config --get commit.template [4ms]
2025-03-14 23:24:33.138 [info] > git for-each-ref --format=%(refname)%00%(upstream:short)%00%(objectname)%00%(upstream:track)%00%(upstream:remotename)%00%(upstream:remoteref) refs/heads/main refs/remotes/main [1ms]
2025-03-14 23:24:33.146 [info] > git for-each-ref --sort -committerdate --format %(refname) %(objectname) %(*objectname) [2ms]
2025-03-14 23:24:33.196 [info] > git status -z -uall [55ms]
2025-03-14 23:24:38.244 [info] > git config --get commit.template [4ms]
2025-03-14 23:24:38.245 [info] > git for-each-ref --format=%(refname)%00%(upstream:short)%00%(objectname)%00%(upstream:track)%00%(upstream:remotename)%00%(upstream:remoteref) refs/heads/main refs/remotes/main [1ms]
2025-03-14 23:24:38.260 [info] > git for-each-ref --sort -committerdate --format %(refname) %(objectname) %(*objectname) [6ms]
2025-03-14 23:24:38.303 [info] > git status -z -uall [55ms]
2025-03-14 23:24:43.349 [info] > git config --get commit.template [4ms]
2025-03-14 23:24:43.350 [info] > git for-each-ref --format=%(refname)%00%(upstream:short)%00%(objectname)%00%(upstream:track)%00%(upstream:remotename)%00%(upstream:remoteref) refs/heads/main refs/remotes/main [1ms]
2025-03-14 23:24:43.360 [info] > git for-each-ref --sort -committerdate --format %(refname) %(objectname) %(*objectname) [0ms]
2025-03-14 23:24:43.408 [info] > git status -z -uall [54ms]
2025-03-14 23:24:48.490 [info] > git config --get commit.template [2ms]
2025-03-14 23:24:48.503 [info] > git for-each-ref --format=%(refname)%00%(upstream:short)%00%(objectname)%00%(upstream:track)%00%(upstream:remotename)%00%(upstream:remoteref) refs/heads/main refs/remotes/main [2ms]
2025-03-14 23:24:48.531 [info] > git for-each-ref --sort -committerdate --format %(refname) %(objectname) %(*objectname) [2ms]
2025-03-14 23:24:48.581 [info] > git status -z -uall [63ms]
2025-03-14 23:24:53.626 [info] > git config --get commit.template [4ms]
2025-03-14 23:24:53.627 [info] > git for-each-ref --format=%(refname)%00%(upstream:short)%00%(objectname)%00%(upstream:track)%00%(upstream:remotename)%00%(upstream:remoteref) refs/heads/main refs/remotes/main [2ms]
2025-03-14 23:24:53.634 [info] > git for-each-ref --sort -committerdate --format %(refname) %(objectname) %(*objectname) [2ms]
2025-03-14 23:24:53.684 [info] > git status -z -uall [54ms]
2025-03-14 23:24:58.730 [info] > git config --get commit.template [4ms]
2025-03-14 23:24:58.731 [info] > git for-each-ref --format=%(refname)%00%(upstream:short)%00%(objectname)%00%(upstream:track)%00%(upstream:remotename)%00%(upstream:remoteref) refs/heads/main refs/remotes/main [2ms]
2025-03-14 23:24:58.741 [info] > git for-each-ref --sort -committerdate --format %(refname) %(objectname) %(*objectname) [5ms]
2025-03-14 23:24:58.788 [info] > git status -z -uall [54ms]
2025-03-14 23:25:03.837 [info] > git config --get commit.template [4ms]
2025-03-14 23:25:03.838 [info] > git for-each-ref --format=%(refname)%00%(upstream:short)%00%(objectname)%00%(upstream:track)%00%(upstream:remotename)%00%(upstream:remoteref) refs/heads/main refs/remotes/main [1ms]
2025-03-14 23:25:03.849 [info] > git for-each-ref --sort -committerdate --format %(refname) %(objectname) %(*objectname) [5ms]
2025-03-14 23:25:03.897 [info] > git status -z -uall [55ms]
2025-03-14 23:25:23.851 [info] > git config --get commit.template [3ms]
2025-03-14 23:25:23.852 [info] > git for-each-ref --format=%(refname)%00%(upstream:short)%00%(objectname)%00%(upstream:track)%00%(upstream:remotename)%00%(upstream:remoteref) refs/heads/main refs/remotes/main [1ms]
2025-03-14 23:25:23.859 [info] > git for-each-ref --sort -committerdate --format %(refname) %(objectname) %(*objectname) [1ms]
2025-03-14 23:25:23.910 [info] > git status -z -uall [55ms]
2025-03-14 23:25:28.961 [info] > git config --get commit.template [4ms]
2025-03-14 23:25:28.962 [info] > git for-each-ref --format=%(refname)%00%(upstream:short)%00%(objectname)%00%(upstream:track)%00%(upstream:remotename)%00%(upstream:remoteref) refs/heads/main refs/remotes/main [1ms]
2025-03-14 23:25:28.975 [info] > git for-each-ref --sort -committerdate --format %(refname) %(objectname) %(*objectname) [9ms]
2025-03-14 23:25:29.018 [info] > git status -z -uall [54ms]
2025-03-14 23:25:34.073 [info] > git config --get commit.template [3ms]
2025-03-14 23:25:34.074 [info] > git for-each-ref --format=%(refname)%00%(upstream:short)%00%(objectname)%00%(upstream:track)%00%(upstream:remotename)%00%(upstream:remoteref) refs/heads/main refs/remotes/main [2ms]
2025-03-14 23:25:34.085 [info] > git for-each-ref --sort -committerdate --format %(refname) %(objectname) %(*objectname) [6ms]
2025-03-14 23:25:34.133 [info] > git status -z -uall [57ms]
2025-03-14 23:25:40.904 [info] > git config --get commit.template [3ms]
2025-03-14 23:25:40.905 [info] > git for-each-ref --format=%(refname)%00%(upstream:short)%00%(objectname)%00%(upstream:track)%00%(upstream:remotename)%00%(upstream:remoteref) refs/heads/main refs/remotes/main [1ms]
2025-03-14 23:25:40.912 [info] > git for-each-ref --sort -committerdate --format %(refname) %(objectname) %(*objectname) [2ms]
2025-03-14 23:25:40.961 [info] > git status -z -uall [53ms]
2025-03-14 23:25:46.008 [info] > git config --get commit.template [3ms]
2025-03-14 23:25:46.009 [info] > git for-each-ref --format=%(refname)%00%(upstream:short)%00%(objectname)%00%(upstream:track)%00%(upstream:remotename)%00%(upstream:remoteref) refs/heads/main refs/remotes/main [1ms]
2025-03-14 23:25:46.016 [info] > git for-each-ref --sort -committerdate --format %(refname) %(objectname) %(*objectname) [2ms]
2025-03-14 23:25:46.066 [info] > git status -z -uall [54ms]
2025-03-14 23:25:51.111 [info] > git config --get commit.template [4ms]
2025-03-14 23:25:51.112 [info] > git for-each-ref --format=%(refname)%00%(upstream:short)%00%(objectname)%00%(upstream:track)%00%(upstream:remotename)%00%(upstream:remoteref) refs/heads/main refs/remotes/main [2ms]
2025-03-14 23:25:51.121 [info] > git for-each-ref --sort -committerdate --format %(refname) %(objectname) %(*objectname) [4ms]
2025-03-14 23:25:51.168 [info] > git status -z -uall [53ms]
2025-03-14 23:25:56.216 [info] > git config --get commit.template [4ms]
2025-03-14 23:25:56.217 [info] > git for-each-ref --format=%(refname)%00%(upstream:short)%00%(objectname)%00%(upstream:track)%00%(upstream:remotename)%00%(upstream:remoteref) refs/heads/main refs/remotes/main [2ms]
2025-03-14 23:25:56.229 [info] > git for-each-ref --sort -committerdate --format %(refname) %(objectname) %(*objectname) [7ms]
2025-03-14 23:25:56.273 [info] > git status -z -uall [53ms]
2025-03-14 23:26:01.317 [info] > git config --get commit.template [4ms]
2025-03-14 23:26:01.318 [info] > git for-each-ref --format=%(refname)%00%(upstream:short)%00%(objectname)%00%(upstream:track)%00%(upstream:remotename)%00%(upstream:remoteref) refs/heads/main refs/remotes/main [1ms]
2025-03-14 23:26:01.326 [info] > git for-each-ref --sort -committerdate --format %(refname) %(objectname) %(*objectname) [2ms]
2025-03-14 23:26:01.375 [info] > git status -z -uall [54ms]
2025-03-14 23:26:06.422 [info] > git config --get commit.template [3ms]
2025-03-14 23:26:06.427 [info] > git for-each-ref --format=%(refname)%00%(upstream:short)%00%(objectname)%00%(upstream:track)%00%(upstream:remotename)%00%(upstream:remoteref) refs/heads/main refs/remotes/main [2ms]
2025-03-14 23:26:06.439 [info] > git for-each-ref --sort -committerdate --format %(refname) %(objectname) %(*objectname) [7ms]
2025-03-14 23:26:06.483 [info] > git status -z -uall [53ms]
2025-03-14 23:26:11.526 [info] > git config --get commit.template [4ms]
2025-03-14 23:26:11.527 [info] > git for-each-ref --format=%(refname)%00%(upstream:short)%00%(objectname)%00%(upstream:track)%00%(upstream:remotename)%00%(upstream:remoteref) refs/heads/main refs/remotes/main [1ms]
2025-03-14 23:26:11.540 [info] > git for-each-ref --sort -committerdate --format %(refname) %(objectname) %(*objectname) [7ms]
2025-03-14 23:26:11.584 [info] > git status -z -uall [54ms]
2025-03-14 23:26:16.634 [info] > git config --get commit.template [3ms]
2025-03-14 23:26:16.635 [info] > git for-each-ref --format=%(refname)%00%(upstream:short)%00%(objectname)%00%(upstream:track)%00%(upstream:remotename)%00%(upstream:remoteref) refs/heads/main refs/remotes/main [1ms]
2025-03-14 23:26:16.644 [info] > git for-each-ref --sort -committerdate --format %(refname) %(objectname) %(*objectname) [3ms]
2025-03-14 23:26:16.691 [info] > git status -z -uall [53ms]
2025-03-14 23:26:21.735 [info] > git config --get commit.template [4ms]
2025-03-14 23:26:21.736 [info] > git for-each-ref --format=%(refname)%00%(upstream:short)%00%(objectname)%00%(upstream:track)%00%(upstream:remotename)%00%(upstream:remoteref) refs/heads/main refs/remotes/main [2ms]
2025-03-14 23:26:21.748 [info] > git for-each-ref --sort -committerdate --format %(refname) %(objectname) %(*objectname) [7ms]
2025-03-14 23:26:21.792 [info] > git status -z -uall [54ms]
2025-03-14 23:26:26.842 [info] > git config --get commit.template [4ms]
2025-03-14 23:26:26.844 [info] > git for-each-ref --format=%(refname)%00%(upstream:short)%00%(objectname)%00%(upstream:track)%00%(upstream:remotename)%00%(upstream:remoteref) refs/heads/main refs/remotes/main [2ms]
2025-03-14 23:26:26.856 [info] > git for-each-ref --sort -committerdate --format %(refname) %(objectname) %(*objectname) [6ms]
2025-03-14 23:26:26.900 [info] > git status -z -uall [53ms]
2025-03-14 23:26:31.945 [info] > git config --get commit.template [4ms]
2025-03-14 23:26:31.946 [info] > git for-each-ref --format=%(refname)%00%(upstream:short)%00%(objectname)%00%(upstream:track)%00%(upstream:remotename)%00%(upstream:remoteref) refs/heads/main refs/remotes/main [1ms]
2025-03-14 23:26:31.959 [info] > git for-each-ref --sort -committerdate --format %(refname) %(objectname) %(*objectname) [0ms]
2025-03-14 23:26:32.004 [info] > git status -z -uall [54ms]
2025-03-14 23:26:37.052 [info] > git config --get commit.template [4ms]
2025-03-14 23:26:37.052 [info] > git for-each-ref --format=%(refname)%00%(upstream:short)%00%(objectname)%00%(upstream:track)%00%(upstream:remotename)%00%(upstream:remoteref) refs/heads/main refs/remotes/main [1ms]
2025-03-14 23:26:37.062 [info] > git for-each-ref --sort -committerdate --format %(refname) %(objectname) %(*objectname) [1ms]
2025-03-14 23:26:37.110 [info] > git status -z -uall [54ms]
2025-03-14 23:26:42.156 [info] > git config --get commit.template [5ms]
2025-03-14 23:26:42.157 [info] > git for-each-ref --format=%(refname)%00%(upstream:short)%00%(objectname)%00%(upstream:track)%00%(upstream:remotename)%00%(upstream:remoteref) refs/heads/main refs/remotes/main [2ms]
2025-03-14 23:26:42.168 [info] > git for-each-ref --sort -committerdate --format %(refname) %(objectname) %(*objectname) [0ms]
2025-03-14 23:26:42.214 [info] > git status -z -uall [54ms]
2025-03-14 23:26:47.259 [info] > git config --get commit.template [3ms]
2025-03-14 23:26:47.260 [info] > git for-each-ref --format=%(refname)%00%(upstream:short)%00%(objectname)%00%(upstream:track)%00%(upstream:remotename)%00%(upstream:remoteref) refs/heads/main refs/remotes/main [1ms]
2025-03-14 23:26:47.271 [info] > git for-each-ref --sort -committerdate --format %(refname) %(objectname) %(*objectname) [2ms]
2025-03-14 23:26:47.319 [info] > git status -z -uall [55ms]
2025-03-14 23:27:07.600 [info] > git config --get commit.template [3ms]
2025-03-14 23:27:07.601 [info] > git for-each-ref --format=%(refname)%00%(upstream:short)%00%(objectname)%00%(upstream:track)%00%(upstream:remotename)%00%(upstream:remoteref) refs/heads/main refs/remotes/main [2ms]
2025-03-14 23:27:07.612 [info] > git for-each-ref --sort -committerdate --format %(refname) %(objectname) %(*objectname) [6ms]
2025-03-14 23:27:07.656 [info] > git status -z -uall [53ms]
2025-03-14 23:27:12.701 [info] > git config --get commit.template [4ms]
2025-03-14 23:27:12.701 [info] > git for-each-ref --format=%(refname)%00%(upstream:short)%00%(objectname)%00%(upstream:track)%00%(upstream:remotename)%00%(upstream:remoteref) refs/heads/main refs/remotes/main [1ms]
2025-03-14 23:27:12.708 [info] > git for-each-ref --sort -committerdate --format %(refname) %(objectname) %(*objectname) [1ms]
2025-03-14 23:27:12.757 [info] > git status -z -uall [53ms]
2025-03-14 23:27:17.810 [info] > git config --get commit.template [3ms]
2025-03-14 23:27:17.811 [info] > git for-each-ref --format=%(refname)%00%(upstream:short)%00%(objectname)%00%(upstream:track)%00%(upstream:remotename)%00%(upstream:remoteref) refs/heads/main refs/remotes/main [2ms]
2025-03-14 23:27:17.824 [info] > git for-each-ref --sort -committerdate --format %(refname) %(objectname) %(*objectname) [8ms]
2025-03-14 23:27:17.869 [info] > git status -z -uall [55ms]
2025-03-14 23:27:22.915 [info] > git config --get commit.template [4ms]
2025-03-14 23:27:22.916 [info] > git for-each-ref --format=%(refname)%00%(upstream:short)%00%(objectname)%00%(upstream:track)%00%(upstream:remotename)%00%(upstream:remoteref) refs/heads/main refs/remotes/main [2ms]
2025-03-14 23:27:22.923 [info] > git for-each-ref --sort -committerdate --format %(refname) %(objectname) %(*objectname) [2ms]
2025-03-14 23:27:22.972 [info] > git status -z -uall [54ms]
2025-03-14 23:27:28.016 [info] > git config --get commit.template [4ms]
2025-03-14 23:27:28.017 [info] > git for-each-ref --format=%(refname)%00%(upstream:short)%00%(objectname)%00%(upstream:track)%00%(upstream:remotename)%00%(upstream:remoteref) refs/heads/main refs/remotes/main [2ms]
2025-03-14 23:27:28.024 [info] > git for-each-ref --sort -committerdate --format %(refname) %(objectname) %(*objectname) [2ms]
2025-03-14 23:27:28.073 [info] > git status -z -uall [53ms]
2025-03-14 23:27:33.117 [info] > git config --get commit.template [4ms]
2025-03-14 23:27:33.118 [info] > git for-each-ref --format=%(refname)%00%(upstream:short)%00%(objectname)%00%(upstream:track)%00%(upstream:remotename)%00%(upstream:remoteref) refs/heads/main refs/remotes/main [2ms]
2025-03-14 23:27:33.126 [info] > git for-each-ref --sort -committerdate --format %(refname) %(objectname) %(*objectname) [1ms]
2025-03-14 23:27:33.178 [info] > git status -z -uall [57ms]
2025-03-14 23:27:38.226 [info] > git config --get commit.template [4ms]
2025-03-14 23:27:38.227 [info] > git for-each-ref --format=%(refname)%00%(upstream:short)%00%(objectname)%00%(upstream:track)%00%(upstream:remotename)%00%(upstream:remoteref) refs/heads/main refs/remotes/main [2ms]
2025-03-14 23:27:38.239 [info] > git for-each-ref --sort -committerdate --format %(refname) %(objectname) %(*objectname) [6ms]
2025-03-14 23:27:38.284 [info] > git status -z -uall [54ms]
2025-03-14 23:27:43.330 [info] > git config --get commit.template [3ms]
2025-03-14 23:27:43.331 [info] > git for-each-ref --format=%(refname)%00%(upstream:short)%00%(objectname)%00%(upstream:track)%00%(upstream:remotename)%00%(upstream:remoteref) refs/heads/main refs/remotes/main [2ms]
2025-03-14 23:27:43.339 [info] > git for-each-ref --sort -committerdate --format %(refname) %(objectname) %(*objectname) [3ms]
2025-03-14 23:27:43.387 [info] > git status -z -uall [54ms]
2025-03-14 23:27:48.434 [info] > git config --get commit.template [4ms]
2025-03-14 23:27:48.435 [info] > git for-each-ref --format=%(refname)%00%(upstream:short)%00%(objectname)%00%(upstream:track)%00%(upstream:remotename)%00%(upstream:remoteref) refs/heads/main refs/remotes/main [2ms]
2025-03-14 23:27:48.443 [info] > git for-each-ref --sort -committerdate --format %(refname) %(objectname) %(*objectname) [2ms]
2025-03-14 23:27:48.492 [info] > git status -z -uall [54ms]
2025-03-14 23:27:53.535 [info] > git config --get commit.template [4ms]
2025-03-14 23:27:53.536 [info] > git for-each-ref --format=%(refname)%00%(upstream:short)%00%(objectname)%00%(upstream:track)%00%(upstream:remotename)%00%(upstream:remoteref) refs/heads/main refs/remotes/main [1ms]
2025-03-14 23:27:53.544 [info] > git for-each-ref --sort -committerdate --format %(refname) %(objectname) %(*objectname) [2ms]
2025-03-14 23:27:53.592 [info] > git status -z -uall [53ms]
2025-03-14 23:27:58.642 [info] > git config --get commit.template [4ms]
2025-03-14 23:27:58.643 [info] > git for-each-ref --format=%(refname)%00%(upstream:short)%00%(objectname)%00%(upstream:track)%00%(upstream:remotename)%00%(upstream:remoteref) refs/heads/main refs/remotes/main [2ms]
2025-03-14 23:27:58.653 [info] > git for-each-ref --sort -committerdate --format %(refname) %(objectname) %(*objectname) [1ms]
2025-03-14 23:27:58.701 [info] > git status -z -uall [54ms]
2025-03-14 23:28:03.745 [info] > git config --get commit.template [4ms]
2025-03-14 23:28:03.746 [info] > git for-each-ref --format=%(refname)%00%(upstream:short)%00%(objectname)%00%(upstream:track)%00%(upstream:remotename)%00%(upstream:remoteref) refs/heads/main refs/remotes/main [2ms]
2025-03-14 23:28:03.759 [info] > git for-each-ref --sort -committerdate --format %(refname) %(objectname) %(*objectname) [1ms]
2025-03-14 23:28:03.802 [info] > git status -z -uall [53ms]
2025-03-14 23:28:08.851 [info] > git config --get commit.template [4ms]
2025-03-14 23:28:08.852 [info] > git for-each-ref --format=%(refname)%00%(upstream:short)%00%(objectname)%00%(upstream:track)%00%(upstream:remotename)%00%(upstream:remoteref) refs/heads/main refs/remotes/main [2ms]
2025-03-14 23:28:08.860 [info] > git for-each-ref --sort -committerdate --format %(refname) %(objectname) %(*objectname) [2ms]
2025-03-14 23:28:08.908 [info] > git status -z -uall [53ms]
2025-03-14 23:28:13.951 [info] > git config --get commit.template [4ms]
2025-03-14 23:28:13.952 [info] > git for-each-ref --format=%(refname)%00%(upstream:short)%00%(objectname)%00%(upstream:track)%00%(upstream:remotename)%00%(upstream:remoteref) refs/heads/main refs/remotes/main [1ms]
2025-03-14 23:28:13.961 [info] > git for-each-ref --sort -committerdate --format %(refname) %(objectname) %(*objectname) [0ms]
2025-03-14 23:28:14.009 [info] > git status -z -uall [53ms]
2025-03-14 23:28:19.057 [info] > git config --get commit.template [4ms]
2025-03-14 23:28:19.058 [info] > git for-each-ref --format=%(refname)%00%(upstream:short)%00%(objectname)%00%(upstream:track)%00%(upstream:remotename)%00%(upstream:remoteref) refs/heads/main refs/remotes/main [2ms]
2025-03-14 23:28:19.067 [info] > git for-each-ref --sort -committerdate --format %(refname) %(objectname) %(*objectname) [1ms]
2025-03-14 23:28:19.114 [info] > git status -z -uall [53ms]
2025-03-14 23:28:24.158 [info] > git config --get commit.template [4ms]
2025-03-14 23:28:24.159 [info] > git for-each-ref --format=%(refname)%00%(upstream:short)%00%(objectname)%00%(upstream:track)%00%(upstream:remotename)%00%(upstream:remoteref) refs/heads/main refs/remotes/main [2ms]
2025-03-14 23:28:24.168 [info] > git for-each-ref --sort -committerdate --format %(refname) %(objectname) %(*objectname) [3ms]
2025-03-14 23:28:24.215 [info] > git status -z -uall [53ms]
2025-03-14 23:28:29.262 [info] > git config --get commit.template [4ms]
2025-03-14 23:28:29.263 [info] > git for-each-ref --format=%(refname)%00%(upstream:short)%00%(objectname)%00%(upstream:track)%00%(upstream:remotename)%00%(upstream:remoteref) refs/heads/main refs/remotes/main [2ms]
2025-03-14 23:28:29.270 [info] > git for-each-ref --sort -committerdate --format %(refname) %(objectname) %(*objectname) [2ms]
2025-03-14 23:28:29.319 [info] > git status -z -uall [53ms]
2025-03-14 23:28:34.365 [info] > git config --get commit.template [4ms]
2025-03-14 23:28:34.366 [info] > git for-each-ref --format=%(refname)%00%(upstream:short)%00%(objectname)%00%(upstream:track)%00%(upstream:remotename)%00%(upstream:remoteref) refs/heads/main refs/remotes/main [1ms]
2025-03-14 23:28:34.374 [info] > git for-each-ref --sort -committerdate --format %(refname) %(objectname) %(*objectname) [2ms]
2025-03-14 23:28:34.423 [info] > git status -z -uall [54ms]
2025-03-14 23:28:39.473 [info] > git config --get commit.template [4ms]
2025-03-14 23:28:39.473 [info] > git for-each-ref --format=%(refname)%00%(upstream:short)%00%(objectname)%00%(upstream:track)%00%(upstream:remotename)%00%(upstream:remoteref) refs/heads/main refs/remotes/main [1ms]
2025-03-14 23:28:39.488 [info] > git for-each-ref --sort -committerdate --format %(refname) %(objectname) %(*objectname) [8ms]
2025-03-14 23:28:39.531 [info] > git status -z -uall [54ms]
2025-03-14 23:28:44.576 [info] > git config --get commit.template [4ms]
2025-03-14 23:28:44.577 [info] > git for-each-ref --format=%(refname)%00%(upstream:short)%00%(objectname)%00%(upstream:track)%00%(upstream:remotename)%00%(upstream:remoteref) refs/heads/main refs/remotes/main [2ms]
2025-03-14 23:28:44.585 [info] > git for-each-ref --sort -committerdate --format %(refname) %(objectname) %(*objectname) [2ms]
2025-03-14 23:28:44.634 [info] > git status -z -uall [54ms]
2025-03-14 23:28:49.683 [info] > git config --get commit.template [4ms]
2025-03-14 23:28:49.684 [info] > git for-each-ref --format=%(refname)%00%(upstream:short)%00%(objectname)%00%(upstream:track)%00%(upstream:remotename)%00%(upstream:remoteref) refs/heads/main refs/remotes/main [1ms]
2025-03-14 23:28:49.692 [info] > git for-each-ref --sort -committerdate --format %(refname) %(objectname) %(*objectname) [2ms]
2025-03-14 23:28:49.742 [info] > git status -z -uall [55ms]
2025-03-14 23:30:12.564 [info] > git config --get commit.template [7ms]
2025-03-14 23:30:12.564 [info] > git for-each-ref --format=%(refname)%00%(upstream:short)%00%(objectname)%00%(upstream:track)%00%(upstream:remotename)%00%(upstream:remoteref) refs/heads/main refs/remotes/main [3ms]
2025-03-14 23:30:12.578 [info] > git for-each-ref --sort -committerdate --format %(refname) %(objectname) %(*objectname) [8ms]
2025-03-14 23:30:12.631 [info] > git status -z -uall [64ms]
2025-03-14 23:30:17.699 [info] > git config --get commit.template [4ms]
2025-03-14 23:30:17.700 [info] > git for-each-ref --format=%(refname)%00%(upstream:short)%00%(objectname)%00%(upstream:track)%00%(upstream:remotename)%00%(upstream:remoteref) refs/heads/main refs/remotes/main [2ms]
2025-03-14 23:30:17.707 [info] > git for-each-ref --sort -committerdate --format %(refname) %(objectname) %(*objectname) [2ms]
2025-03-14 23:30:17.757 [info] > git status -z -uall [55ms]
