2025-02-22 00:41:43.757 [info] Extension host with pid 1333 started
2025-02-22 00:41:43.758 [error] Error: EEXIST: file already exists, open '/home/student/.vscode-server/data/User/workspaceStorage/255174b9c84437907369f27ac92b5bdb/vscode.lock'
2025-02-22 00:41:43.760 [info] Lock '/home/student/.vscode-server/data/User/workspaceStorage/255174b9c84437907369f27ac92b5bdb/vscode.lock': Could not acquire lock, checking if the file is stale.
2025-02-22 00:41:43.766 [info] Lock '/home/student/.vscode-server/data/User/workspaceStorage/255174b9c84437907369f27ac92b5bdb/vscode.lock': The pid 1275 appears to be gone.
2025-02-22 00:41:43.766 [info] Lock '/home/student/.vscode-server/data/User/workspaceStorage/255174b9c84437907369f27ac92b5bdb/vscode.lock': Deleting a stale lock.
2025-02-22 00:41:43.779 [info] Lock '/home/student/.vscode-server/data/User/workspaceStorage/255174b9c84437907369f27ac92b5bdb/vscode.lock': Lock acquired.
2025-02-22 00:41:43.868 [info] ExtensionService#_doActivateExtension vscode.git-base, startup: false, activationEvent: '*', root cause: vscode.git
2025-02-22 00:41:44.005 [info] ExtensionService#_doActivateExtension vscode.git, startup: false, activationEvent: '*'
2025-02-22 00:41:44.005 [info] ExtensionService#_doActivateExtension vscode.github, startup: false, activationEvent: '*'
2025-02-22 00:41:44.329 [info] Eager extensions activated
2025-02-22 00:41:44.329 [info] ExtensionService#_doActivateExtension vscode.debug-auto-launch, startup: false, activationEvent: 'onStartupFinished'
2025-02-22 00:41:44.329 [info] ExtensionService#_doActivateExtension vscode.merge-conflict, startup: false, activationEvent: 'onStartupFinished'
2025-02-22 00:41:44.515 [info] ExtensionService#_doActivateExtension vscode.emmet, startup: false, activationEvent: 'onLanguage'
2025-02-22 00:41:44.645 [warning] [Decorations] CAPPING events from decorations provider vscode.git 1621
2025-02-22 00:41:45.155 [warning] [Decorations] CAPPING events from decorations provider vscode.git 1621
2025-02-22 00:41:48.333 [warning] [Decorations] CAPPING events from decorations provider vscode.git 1621
2025-02-22 00:41:53.589 [warning] [Decorations] CAPPING events from decorations provider vscode.git 1621
2025-02-22 00:41:58.658 [warning] [Decorations] CAPPING events from decorations provider vscode.git 1621
2025-02-22 00:42:03.725 [warning] [Decorations] CAPPING events from decorations provider vscode.git 1621
2025-02-22 00:42:24.904 [warning] [Decorations] CAPPING events from decorations provider vscode.git 1621
2025-02-22 00:42:29.975 [warning] [Decorations] CAPPING events from decorations provider vscode.git 1621
2025-02-22 00:42:35.049 [warning] [Decorations] CAPPING events from decorations provider vscode.git 1621
2025-02-22 00:42:40.123 [warning] [Decorations] CAPPING events from decorations provider vscode.git 1621
2025-02-22 00:46:23.728 [warning] [Decorations] CAPPING events from decorations provider vscode.git 1621
2025-02-22 00:46:28.802 [warning] [Decorations] CAPPING events from decorations provider vscode.git 1621
2025-02-22 00:47:04.712 [warning] [Decorations] CAPPING events from decorations provider vscode.git 1621
2025-02-22 00:47:11.059 [warning] [Decorations] CAPPING events from decorations provider vscode.git 1621
2025-02-22 00:47:16.138 [warning] [Decorations] CAPPING events from decorations provider vscode.git 1621
2025-02-22 00:47:21.209 [warning] [Decorations] CAPPING events from decorations provider vscode.git 1621
2025-02-22 00:47:36.229 [warning] [Decorations] CAPPING events from decorations provider vscode.git 1621
2025-02-22 00:47:41.297 [warning] [Decorations] CAPPING events from decorations provider vscode.git 1621
2025-02-22 00:48:30.932 [warning] [Decorations] CAPPING events from decorations provider vscode.git 1621
2025-02-22 00:48:36.004 [warning] [Decorations] CAPPING events from decorations provider vscode.git 1621
2025-02-22 00:48:41.099 [warning] [Decorations] CAPPING events from decorations provider vscode.git 1621
2025-02-22 00:48:41.847 [info] ExtensionService#_doActivateExtension vscode.npm, startup: false, activationEvent: 'onTerminalQuickFixRequest:ms-vscode.npm-command'
2025-02-22 00:48:46.169 [warning] [Decorations] CAPPING events from decorations provider vscode.git 1621
2025-02-22 00:48:47.641 [info] ExtensionService#_doActivateExtension vscode.configuration-editing, startup: false, activationEvent: 'onLanguage:json'
2025-02-22 00:48:47.642 [info] ExtensionService#_doActivateExtension vscode.extension-editing, startup: false, activationEvent: 'onLanguage:json'
2025-02-22 00:48:47.642 [info] ExtensionService#_doActivateExtension vscode.json-language-features, startup: false, activationEvent: 'onLanguage:json'
2025-02-22 00:48:58.313 [warning] [Decorations] CAPPING events from decorations provider vscode.git 1622
2025-02-22 00:49:03.381 [warning] [Decorations] CAPPING events from decorations provider vscode.git 1622
2025-02-22 00:49:08.446 [warning] [Decorations] CAPPING events from decorations provider vscode.git 1622
2025-02-22 00:49:13.661 [warning] [Decorations] CAPPING events from decorations provider vscode.git 1622
2025-02-22 00:49:18.760 [warning] [Decorations] CAPPING events from decorations provider vscode.git 1622
2025-02-22 00:49:23.851 [warning] [Decorations] CAPPING events from decorations provider vscode.git 1622
2025-02-22 00:49:29.128 [warning] [Decorations] CAPPING events from decorations provider vscode.git 1622
2025-02-22 00:49:34.197 [warning] [Decorations] CAPPING events from decorations provider vscode.git 1622
2025-02-22 00:49:39.263 [warning] [Decorations] CAPPING events from decorations provider vscode.git 1622
2025-02-22 00:49:44.329 [warning] [Decorations] CAPPING events from decorations provider vscode.git 1622
2025-02-22 00:49:49.399 [warning] [Decorations] CAPPING events from decorations provider vscode.git 1622
2025-02-22 00:49:54.467 [warning] [Decorations] CAPPING events from decorations provider vscode.git 1622
2025-02-22 00:49:59.538 [warning] [Decorations] CAPPING events from decorations provider vscode.git 1622
2025-02-22 00:50:04.604 [warning] [Decorations] CAPPING events from decorations provider vscode.git 1622
2025-02-22 00:50:06.043 [warning] vscode.json-language-features - Code actions of kind 'quickfix' requested but returned code action is of kind 'source.sort.json'. Code action will be dropped. Please check 'CodeActionContext.only' to only return requested code actions.
2025-02-22 00:50:09.677 [warning] [Decorations] CAPPING events from decorations provider vscode.git 1622
2025-02-22 00:50:14.745 [warning] [Decorations] CAPPING events from decorations provider vscode.git 1622
2025-02-22 00:50:19.812 [warning] [Decorations] CAPPING events from decorations provider vscode.git 1622
2025-02-22 00:50:24.878 [warning] [Decorations] CAPPING events from decorations provider vscode.git 1622
2025-02-22 00:50:49.457 [warning] [Decorations] CAPPING events from decorations provider vscode.git 1622
2025-02-22 00:50:59.365 [warning] [Decorations] CAPPING events from decorations provider vscode.git 1622
2025-02-22 00:51:13.625 [warning] [Decorations] CAPPING events from decorations provider vscode.git 1622
2025-02-22 00:51:18.727 [warning] [Decorations] CAPPING events from decorations provider vscode.git 1622
2025-02-22 00:51:23.797 [warning] [Decorations] CAPPING events from decorations provider vscode.git 1622
2025-02-22 00:51:28.868 [warning] [Decorations] CAPPING events from decorations provider vscode.git 1622
2025-02-22 00:51:49.778 [warning] [Decorations] CAPPING events from decorations provider vscode.git 1622
2025-02-22 00:51:54.853 [warning] [Decorations] CAPPING events from decorations provider vscode.git 1622
2025-02-22 00:51:59.924 [warning] [Decorations] CAPPING events from decorations provider vscode.git 1622
2025-02-22 00:52:04.992 [warning] [Decorations] CAPPING events from decorations provider vscode.git 1622
2025-02-22 00:52:10.059 [warning] [Decorations] CAPPING events from decorations provider vscode.git 1622
2025-02-22 00:52:24.730 [warning] [Decorations] CAPPING events from decorations provider vscode.git 1622
2025-02-22 00:52:29.798 [warning] [Decorations] CAPPING events from decorations provider vscode.git 1622
2025-02-22 00:52:34.867 [warning] [Decorations] CAPPING events from decorations provider vscode.git 1626
2025-02-22 00:52:39.934 [warning] [Decorations] CAPPING events from decorations provider vscode.git 1625
2025-02-22 00:52:45.001 [warning] [Decorations] CAPPING events from decorations provider vscode.git 1625
2025-02-22 00:52:50.074 [warning] [Decorations] CAPPING events from decorations provider vscode.git 1625
2025-02-22 00:52:55.164 [warning] [Decorations] CAPPING events from decorations provider vscode.git 1625
2025-02-22 00:53:04.374 [warning] [Decorations] CAPPING events from decorations provider vscode.git 1625
2025-02-22 00:53:22.590 [warning] [Decorations] CAPPING events from decorations provider vscode.git 1625
2025-02-22 00:53:29.497 [warning] [Decorations] CAPPING events from decorations provider vscode.git 1625
2025-02-22 00:53:38.211 [warning] [Decorations] CAPPING events from decorations provider vscode.git 1625
2025-02-22 00:53:43.283 [warning] [Decorations] CAPPING events from decorations provider vscode.git 1625
2025-02-22 00:53:48.351 [warning] [Decorations] CAPPING events from decorations provider vscode.git 1625
2025-02-22 00:53:53.420 [warning] [Decorations] CAPPING events from decorations provider vscode.git 1625
2025-02-22 00:54:03.696 [warning] [Decorations] CAPPING events from decorations provider vscode.git 1625
2025-02-22 00:54:08.763 [warning] [Decorations] CAPPING events from decorations provider vscode.git 1625
2025-02-22 00:54:15.449 [warning] [Decorations] CAPPING events from decorations provider vscode.git 1625
2025-02-22 00:54:20.983 [warning] [Decorations] CAPPING events from decorations provider vscode.git 1625
2025-02-22 00:54:26.049 [warning] [Decorations] CAPPING events from decorations provider vscode.git 1625
2025-02-22 00:54:31.118 [warning] [Decorations] CAPPING events from decorations provider vscode.git 1625
2025-02-22 00:54:36.295 [warning] [Decorations] CAPPING events from decorations provider vscode.git 1625
2025-02-22 00:54:41.360 [warning] [Decorations] CAPPING events from decorations provider vscode.git 1625
2025-02-22 00:54:53.458 [warning] [Decorations] CAPPING events from decorations provider vscode.git 1625
2025-02-22 00:54:58.526 [warning] [Decorations] CAPPING events from decorations provider vscode.git 1625
2025-02-22 00:55:03.592 [warning] [Decorations] CAPPING events from decorations provider vscode.git 1625
2025-02-22 00:55:08.659 [warning] [Decorations] CAPPING events from decorations provider vscode.git 1625
2025-02-22 00:55:13.724 [warning] [Decorations] CAPPING events from decorations provider vscode.git 1625
2025-02-22 00:55:18.795 [warning] [Decorations] CAPPING events from decorations provider vscode.git 1625
2025-02-22 00:55:23.865 [warning] [Decorations] CAPPING events from decorations provider vscode.git 1625
2025-02-22 00:55:46.543 [warning] [Decorations] CAPPING events from decorations provider vscode.git 1625
2025-02-22 00:55:51.611 [warning] [Decorations] CAPPING events from decorations provider vscode.git 1625
2025-02-22 00:55:56.677 [warning] [Decorations] CAPPING events from decorations provider vscode.git 1625
2025-02-22 00:56:01.746 [warning] [Decorations] CAPPING events from decorations provider vscode.git 1625
2025-02-22 00:58:01.256 [warning] [Decorations] CAPPING events from decorations provider vscode.git 1625
2025-02-22 00:58:06.353 [warning] [Decorations] CAPPING events from decorations provider vscode.git 1625
2025-02-22 00:58:11.421 [warning] [Decorations] CAPPING events from decorations provider vscode.git 1625
2025-02-22 00:58:22.727 [warning] [Decorations] CAPPING events from decorations provider vscode.git 1625
2025-02-22 00:58:27.793 [warning] [Decorations] CAPPING events from decorations provider vscode.git 1625
2025-02-22 00:58:32.859 [warning] [Decorations] CAPPING events from decorations provider vscode.git 1625
2025-02-22 00:58:37.925 [warning] [Decorations] CAPPING events from decorations provider vscode.git 1625
2025-02-22 00:58:42.991 [warning] [Decorations] CAPPING events from decorations provider vscode.git 1625
2025-02-22 00:59:15.195 [warning] [Decorations] CAPPING events from decorations provider vscode.git 1625
2025-02-22 00:59:24.859 [warning] [Decorations] CAPPING events from decorations provider vscode.git 1625
2025-02-22 00:59:29.928 [warning] [Decorations] CAPPING events from decorations provider vscode.git 1625
2025-02-22 00:59:34.995 [warning] [Decorations] CAPPING events from decorations provider vscode.git 1625
2025-02-22 01:00:31.305 [warning] [Decorations] CAPPING events from decorations provider vscode.git 1625
2025-02-22 01:00:36.375 [warning] [Decorations] CAPPING events from decorations provider vscode.git 1625
2025-02-22 01:00:41.470 [warning] [Decorations] CAPPING events from decorations provider vscode.git 1625
2025-02-22 01:00:55.749 [warning] [Decorations] CAPPING events from decorations provider vscode.git 1625
2025-02-22 01:01:00.849 [warning] [Decorations] CAPPING events from decorations provider vscode.git 1625
2025-02-22 01:01:17.623 [warning] [Decorations] CAPPING events from decorations provider vscode.git 1625
2025-02-22 01:01:23.286 [warning] [Decorations] CAPPING events from decorations provider vscode.git 1625
2025-02-22 01:01:29.111 [warning] [Decorations] CAPPING events from decorations provider vscode.git 1625
2025-02-22 01:01:34.177 [warning] [Decorations] CAPPING events from decorations provider vscode.git 1625
2025-02-22 01:01:39.248 [warning] [Decorations] CAPPING events from decorations provider vscode.git 1625
2025-02-22 01:02:27.590 [warning] [Decorations] CAPPING events from decorations provider vscode.git 1625
2025-02-22 01:02:32.658 [warning] [Decorations] CAPPING events from decorations provider vscode.git 1626
2025-02-22 01:02:37.749 [warning] [Decorations] CAPPING events from decorations provider vscode.git 1625
2025-02-22 01:03:07.977 [warning] [Decorations] CAPPING events from decorations provider vscode.git 1625
2025-02-22 01:05:30.422 [warning] [Decorations] CAPPING events from decorations provider vscode.git 1625
2025-02-22 01:05:35.497 [warning] [Decorations] CAPPING events from decorations provider vscode.git 1625
2025-02-22 01:07:29.823 [warning] [Decorations] CAPPING events from decorations provider vscode.git 1625
2025-02-22 01:07:34.894 [warning] [Decorations] CAPPING events from decorations provider vscode.git 1625
2025-02-22 01:07:39.962 [warning] [Decorations] CAPPING events from decorations provider vscode.git 1625
2025-02-22 01:07:45.036 [warning] [Decorations] CAPPING events from decorations provider vscode.git 1625
2025-02-22 01:07:50.104 [warning] [Decorations] CAPPING events from decorations provider vscode.git 1625
2025-02-22 01:07:55.170 [warning] [Decorations] CAPPING events from decorations provider vscode.git 1625
2025-02-22 01:08:00.243 [warning] [Decorations] CAPPING events from decorations provider vscode.git 1625
2025-02-22 01:08:05.310 [warning] [Decorations] CAPPING events from decorations provider vscode.git 1625
2025-02-22 01:08:10.379 [warning] [Decorations] CAPPING events from decorations provider vscode.git 1625
2025-02-22 01:08:48.663 [warning] [Decorations] CAPPING events from decorations provider vscode.git 1625
2025-02-22 01:08:53.735 [warning] [Decorations] CAPPING events from decorations provider vscode.git 1625
2025-02-22 01:08:58.805 [warning] [Decorations] CAPPING events from decorations provider vscode.git 1625
2025-02-22 01:09:03.872 [warning] [Decorations] CAPPING events from decorations provider vscode.git 1625
2025-02-22 01:09:08.948 [warning] [Decorations] CAPPING events from decorations provider vscode.git 1625
2025-02-22 01:10:00.846 [warning] [Decorations] CAPPING events from decorations provider vscode.git 1625
2025-02-22 01:10:14.469 [warning] [Decorations] CAPPING events from decorations provider vscode.git 1625
2025-02-22 01:10:19.541 [warning] [Decorations] CAPPING events from decorations provider vscode.git 1625
2025-02-22 01:13:03.721 [warning] [Decorations] CAPPING events from decorations provider vscode.git 1625
2025-02-22 01:16:37.924 [warning] [Decorations] CAPPING events from decorations provider vscode.git 1625
2025-02-22 01:16:46.404 [warning] [Decorations] CAPPING events from decorations provider vscode.git 1625
2025-02-22 01:16:51.498 [warning] [Decorations] CAPPING events from decorations provider vscode.git 1625
2025-02-22 01:16:56.574 [warning] [Decorations] CAPPING events from decorations provider vscode.git 1626
2025-02-22 01:17:09.436 [warning] [Decorations] CAPPING events from decorations provider vscode.git 1626
2025-02-22 01:17:14.532 [warning] [Decorations] CAPPING events from decorations provider vscode.git 1626
2025-02-22 01:17:31.847 [warning] [Decorations] CAPPING events from decorations provider vscode.git 1628
2025-02-22 01:18:12.025 [warning] [Decorations] CAPPING events from decorations provider vscode.git 1628
2025-02-22 01:19:32.391 [warning] [Decorations] CAPPING events from decorations provider vscode.git 1628
2025-02-22 01:19:37.462 [warning] [Decorations] CAPPING events from decorations provider vscode.git 1628
2025-02-22 01:20:33.509 [warning] [Decorations] CAPPING events from decorations provider vscode.git 1628
2025-02-22 01:20:38.588 [warning] [Decorations] CAPPING events from decorations provider vscode.git 1628
2025-02-22 01:20:43.662 [warning] [Decorations] CAPPING events from decorations provider vscode.git 1628
2025-02-22 01:20:48.965 [warning] [Decorations] CAPPING events from decorations provider vscode.git 1628
2025-02-22 01:20:55.180 [warning] [Decorations] CAPPING events from decorations provider vscode.git 1628
2025-02-22 01:21:00.283 [warning] [Decorations] CAPPING events from decorations provider vscode.git 1628
2025-02-22 01:21:05.356 [warning] [Decorations] CAPPING events from decorations provider vscode.git 1628
2025-02-22 01:21:10.424 [warning] [Decorations] CAPPING events from decorations provider vscode.git 1628
2025-02-22 01:21:15.490 [warning] [Decorations] CAPPING events from decorations provider vscode.git 1628
2025-02-22 01:21:20.564 [warning] [Decorations] CAPPING events from decorations provider vscode.git 1628
2025-02-22 01:21:25.640 [warning] [Decorations] CAPPING events from decorations provider vscode.git 1628
2025-02-22 01:21:30.713 [warning] [Decorations] CAPPING events from decorations provider vscode.git 1628
2025-02-22 01:21:35.781 [warning] [Decorations] CAPPING events from decorations provider vscode.git 1628
2025-02-22 01:21:43.293 [warning] [Decorations] CAPPING events from decorations provider vscode.git 1628
2025-02-22 01:22:11.205 [warning] [Decorations] CAPPING events from decorations provider vscode.git 1628
2025-02-22 01:22:16.302 [warning] [Decorations] CAPPING events from decorations provider vscode.git 1628
2025-02-22 01:22:21.371 [warning] [Decorations] CAPPING events from decorations provider vscode.git 1628
2025-02-22 01:22:26.439 [warning] [Decorations] CAPPING events from decorations provider vscode.git 1628
2025-02-22 01:22:31.506 [warning] [Decorations] CAPPING events from decorations provider vscode.git 1628
2025-02-22 01:22:36.573 [warning] [Decorations] CAPPING events from decorations provider vscode.git 1628
2025-02-22 01:22:41.647 [warning] [Decorations] CAPPING events from decorations provider vscode.git 1628
2025-02-22 01:22:46.716 [warning] [Decorations] CAPPING events from decorations provider vscode.git 1628
2025-02-22 01:22:51.789 [warning] [Decorations] CAPPING events from decorations provider vscode.git 1628
2025-02-22 01:22:56.881 [warning] [Decorations] CAPPING events from decorations provider vscode.git 1632
2025-02-22 01:23:02.396 [warning] [Decorations] CAPPING events from decorations provider vscode.git 1629
2025-02-22 01:23:07.465 [warning] [Decorations] CAPPING events from decorations provider vscode.git 1629
2025-02-22 01:23:12.532 [warning] [Decorations] CAPPING events from decorations provider vscode.git 1629
2025-02-22 01:23:17.604 [warning] [Decorations] CAPPING events from decorations provider vscode.git 1629
2025-02-22 01:23:22.674 [warning] [Decorations] CAPPING events from decorations provider vscode.git 1629
2025-02-22 01:23:27.741 [warning] [Decorations] CAPPING events from decorations provider vscode.git 1629
2025-02-22 01:23:32.808 [warning] [Decorations] CAPPING events from decorations provider vscode.git 1629
2025-02-22 01:23:37.876 [warning] [Decorations] CAPPING events from decorations provider vscode.git 1629
2025-02-22 01:23:43.762 [warning] [Decorations] CAPPING events from decorations provider vscode.git 1629
2025-02-22 01:23:48.831 [warning] [Decorations] CAPPING events from decorations provider vscode.git 1629
2025-02-22 01:23:53.905 [warning] [Decorations] CAPPING events from decorations provider vscode.git 1629
2025-02-22 01:23:58.976 [warning] [Decorations] CAPPING events from decorations provider vscode.git 1629
2025-02-22 01:24:04.044 [warning] [Decorations] CAPPING events from decorations provider vscode.git 1629
2025-02-22 01:24:09.122 [warning] [Decorations] CAPPING events from decorations provider vscode.git 1629
2025-02-22 01:24:14.189 [warning] [Decorations] CAPPING events from decorations provider vscode.git 1629
2025-02-22 01:24:19.261 [warning] [Decorations] CAPPING events from decorations provider vscode.git 1629
2025-02-22 01:24:26.100 [warning] [Decorations] CAPPING events from decorations provider vscode.git 1629
2025-02-22 01:24:31.176 [warning] [Decorations] CAPPING events from decorations provider vscode.git 1629
2025-02-22 01:24:36.245 [warning] [Decorations] CAPPING events from decorations provider vscode.git 1629
2025-02-22 01:24:41.316 [warning] [Decorations] CAPPING events from decorations provider vscode.git 1629
2025-02-22 01:25:24.029 [warning] [Decorations] CAPPING events from decorations provider vscode.git 1629
2025-02-22 01:25:29.099 [warning] [Decorations] CAPPING events from decorations provider vscode.git 1630
2025-02-22 01:26:41.221 [warning] [Decorations] CAPPING events from decorations provider vscode.git 1630
2025-02-22 01:26:46.290 [warning] [Decorations] CAPPING events from decorations provider vscode.git 1630
2025-02-22 01:26:51.383 [warning] [Decorations] CAPPING events from decorations provider vscode.git 1630
2025-02-22 01:26:56.448 [warning] [Decorations] CAPPING events from decorations provider vscode.git 1630
2025-02-22 01:27:01.516 [warning] [Decorations] CAPPING events from decorations provider vscode.git 1630
2025-02-22 01:27:06.584 [warning] [Decorations] CAPPING events from decorations provider vscode.git 1630
2025-02-22 01:27:24.183 [warning] [Decorations] CAPPING events from decorations provider vscode.git 1630
2025-02-22 01:27:29.251 [warning] [Decorations] CAPPING events from decorations provider vscode.git 1630
2025-02-22 01:29:01.773 [warning] [Decorations] CAPPING events from decorations provider vscode.git 1630
2025-02-22 01:29:06.844 [warning] [Decorations] CAPPING events from decorations provider vscode.git 1630
2025-02-22 01:29:12.387 [warning] [Decorations] CAPPING events from decorations provider vscode.git 1630
2025-02-22 01:30:14.570 [warning] [Decorations] CAPPING events from decorations provider vscode.git 1630
2025-02-22 01:30:19.638 [warning] [Decorations] CAPPING events from decorations provider vscode.git 1630
2025-02-22 01:31:16.498 [warning] [Decorations] CAPPING events from decorations provider vscode.git 1630
2025-02-22 01:31:21.594 [warning] [Decorations] CAPPING events from decorations provider vscode.git 1630
2025-02-22 01:31:36.797 [warning] [Decorations] CAPPING events from decorations provider vscode.git 1630
2025-02-22 01:31:41.867 [warning] [Decorations] CAPPING events from decorations provider vscode.git 1630
2025-02-22 01:31:46.936 [warning] [Decorations] CAPPING events from decorations provider vscode.git 1631
2025-02-22 01:31:52.004 [warning] [Decorations] CAPPING events from decorations provider vscode.git 1630
2025-02-22 01:31:57.073 [warning] [Decorations] CAPPING events from decorations provider vscode.git 1630
2025-02-22 01:34:21.254 [warning] [Decorations] CAPPING events from decorations provider vscode.git 1630
2025-02-22 01:38:22.025 [warning] [Decorations] CAPPING events from decorations provider vscode.git 1630
2025-02-22 01:40:10.697 [warning] [Decorations] CAPPING events from decorations provider vscode.git 1630
