2025-02-24 00:05:39.238 [info] [main] Log level: Info
2025-02-24 00:05:39.238 [info] [main] Validating found git in: "git"
2025-02-24 00:05:39.238 [info] [main] Using git "2.34.1" from "git"
2025-02-24 00:05:39.238 [info] [Model][doInitialScan] Initial repository scan started
2025-02-24 00:05:39.238 [info] > git rev-parse --show-toplevel [32ms]
2025-02-24 00:05:39.238 [info] > git rev-parse --git-dir --git-common-dir [1ms]
2025-02-24 00:05:39.238 [info] [Model][openRepository] Opened repository: /home/student
2025-02-24 00:05:39.238 [info] > git config --get commit.template [3ms]
2025-02-24 00:05:39.238 [info] > git rev-parse --show-toplevel [2ms]
2025-02-24 00:05:39.238 [info] > git rev-parse --show-toplevel [6ms]
2025-02-24 00:05:39.238 [info] > git for-each-ref --format=%(refname)%00%(upstream:short)%00%(objectname)%00%(upstream:track)%00%(upstream:remotename)%00%(upstream:remoteref) refs/heads/main refs/remotes/main [9ms]
2025-02-24 00:05:39.238 [info] > git for-each-ref --sort -committerdate --format %(refname) %(objectname) %(*objectname) [1ms]
2025-02-24 00:05:39.238 [info] > git rev-parse --show-toplevel [9ms]
2025-02-24 00:05:39.238 [info] > git rev-parse --show-toplevel [2ms]
2025-02-24 00:05:39.238 [info] [Model][doInitialScan] Initial repository scan completed - repositories (1), closed repositories (0), parent repositories (0), unsafe repositories (0)
2025-02-24 00:05:39.259 [info] > git status -z -uall [40ms]
2025-02-24 00:05:39.671 [info] > git for-each-ref --format=%(refname)%00%(upstream:short)%00%(objectname)%00%(upstream:track)%00%(upstream:remotename)%00%(upstream:remoteref) refs/heads/main refs/remotes/main [350ms]
2025-02-24 00:05:39.677 [info] > git config --get --local branch.main.vscode-merge-base [3ms]
2025-02-24 00:05:39.677 [warning] [Git][config] git config failed: Failed to execute git
2025-02-24 00:05:39.680 [info] > git config --get commit.template [10ms]
2025-02-24 00:05:39.684 [info] > git reflog main --grep-reflog=branch: Created from *. [4ms]
2025-02-24 00:05:39.686 [info] > git for-each-ref --format=%(refname)%00%(upstream:short)%00%(objectname)%00%(upstream:track)%00%(upstream:remotename)%00%(upstream:remoteref) refs/heads/main refs/remotes/main [4ms]
2025-02-24 00:05:39.694 [info] > git symbolic-ref --short refs/remotes/origin/HEAD [8ms]
2025-02-24 00:05:39.694 [info] fatal: ref refs/remotes/origin/HEAD is not a symbolic ref
2025-02-24 00:05:39.694 [warning] [Repository][getDefaultBranch] Failed to get default branch details: Failed to execute git.
2025-02-24 00:05:39.699 [info] > git for-each-ref --sort -committerdate --format %(refname) %(objectname) %(*objectname) [6ms]
2025-02-24 00:05:39.700 [info] > git merge-base refs/heads/main refs/remotes/origin/main [3ms]
2025-02-24 00:05:39.705 [info] > git diff --name-status -z --diff-filter=ADMR fd3386a112d170846eaa25b21e7febe210086900...refs/remotes/origin/main [2ms]
2025-02-24 00:05:39.729 [info] > git status -z -uall [40ms]
2025-02-24 00:05:40.309 [info] > git check-ignore -v -z --stdin [154ms]
2025-02-24 00:05:42.860 [info] > git config --get commit.template [3ms]
2025-02-24 00:05:42.861 [info] > git for-each-ref --format=%(refname)%00%(upstream:short)%00%(objectname)%00%(upstream:track)%00%(upstream:remotename)%00%(upstream:remoteref) refs/heads/main refs/remotes/main [2ms]
2025-02-24 00:05:42.869 [info] > git for-each-ref --sort -committerdate --format %(refname) %(objectname) %(*objectname) [0ms]
2025-02-24 00:05:42.898 [info] > git status -z -uall [35ms]
2025-02-24 00:05:47.932 [info] > git config --get commit.template [3ms]
2025-02-24 00:05:47.933 [info] > git for-each-ref --format=%(refname)%00%(upstream:short)%00%(objectname)%00%(upstream:track)%00%(upstream:remotename)%00%(upstream:remoteref) refs/heads/main refs/remotes/main [2ms]
2025-02-24 00:05:47.941 [info] > git for-each-ref --sort -committerdate --format %(refname) %(objectname) %(*objectname) [1ms]
2025-02-24 00:05:47.970 [info] > git status -z -uall [34ms]
2025-02-24 00:06:08.928 [info] > git config --get commit.template [3ms]
2025-02-24 00:06:08.929 [info] > git for-each-ref --format=%(refname)%00%(upstream:short)%00%(objectname)%00%(upstream:track)%00%(upstream:remotename)%00%(upstream:remoteref) refs/heads/main refs/remotes/main [2ms]
2025-02-24 00:06:08.940 [info] > git for-each-ref --sort -committerdate --format %(refname) %(objectname) %(*objectname) [2ms]
2025-02-24 00:06:08.981 [info] > git status -z -uall [49ms]
2025-02-24 00:06:14.022 [info] > git config --get commit.template [3ms]
2025-02-24 00:06:14.022 [info] > git for-each-ref --format=%(refname)%00%(upstream:short)%00%(objectname)%00%(upstream:track)%00%(upstream:remotename)%00%(upstream:remoteref) refs/heads/main refs/remotes/main [1ms]
2025-02-24 00:06:14.029 [info] > git for-each-ref --sort -committerdate --format %(refname) %(objectname) %(*objectname) [2ms]
2025-02-24 00:06:14.060 [info] > git status -z -uall [35ms]
2025-02-24 00:06:19.093 [info] > git config --get commit.template [3ms]
2025-02-24 00:06:19.094 [info] > git for-each-ref --format=%(refname)%00%(upstream:short)%00%(objectname)%00%(upstream:track)%00%(upstream:remotename)%00%(upstream:remoteref) refs/heads/main refs/remotes/main [2ms]
2025-02-24 00:06:19.101 [info] > git for-each-ref --sort -committerdate --format %(refname) %(objectname) %(*objectname) [1ms]
2025-02-24 00:06:19.131 [info] > git status -z -uall [35ms]
2025-02-24 00:06:24.163 [info] > git config --get commit.template [3ms]
2025-02-24 00:06:24.163 [info] > git for-each-ref --format=%(refname)%00%(upstream:short)%00%(objectname)%00%(upstream:track)%00%(upstream:remotename)%00%(upstream:remoteref) refs/heads/main refs/remotes/main [1ms]
2025-02-24 00:06:24.171 [info] > git for-each-ref --sort -committerdate --format %(refname) %(objectname) %(*objectname) [0ms]
2025-02-24 00:06:24.201 [info] > git status -z -uall [35ms]
2025-02-24 00:06:29.241 [info] > git config --get commit.template [3ms]
2025-02-24 00:06:29.241 [info] > git for-each-ref --format=%(refname)%00%(upstream:short)%00%(objectname)%00%(upstream:track)%00%(upstream:remotename)%00%(upstream:remoteref) refs/heads/main refs/remotes/main [1ms]
2025-02-24 00:06:29.249 [info] > git for-each-ref --sort -committerdate --format %(refname) %(objectname) %(*objectname) [1ms]
2025-02-24 00:06:29.278 [info] > git status -z -uall [34ms]
2025-02-24 00:06:34.315 [info] > git config --get commit.template [3ms]
2025-02-24 00:06:34.316 [info] > git for-each-ref --format=%(refname)%00%(upstream:short)%00%(objectname)%00%(upstream:track)%00%(upstream:remotename)%00%(upstream:remoteref) refs/heads/main refs/remotes/main [2ms]
2025-02-24 00:06:34.323 [info] > git for-each-ref --sort -committerdate --format %(refname) %(objectname) %(*objectname) [1ms]
2025-02-24 00:06:34.353 [info] > git status -z -uall [35ms]
2025-02-24 00:06:39.383 [info] > git config --get commit.template [3ms]
2025-02-24 00:06:39.383 [info] > git for-each-ref --format=%(refname)%00%(upstream:short)%00%(objectname)%00%(upstream:track)%00%(upstream:remotename)%00%(upstream:remoteref) refs/heads/main refs/remotes/main [1ms]
2025-02-24 00:06:39.391 [info] > git for-each-ref --sort -committerdate --format %(refname) %(objectname) %(*objectname) [0ms]
2025-02-24 00:06:39.422 [info] > git status -z -uall [36ms]
2025-02-24 00:06:44.461 [info] > git config --get commit.template [4ms]
2025-02-24 00:06:44.462 [info] > git for-each-ref --format=%(refname)%00%(upstream:short)%00%(objectname)%00%(upstream:track)%00%(upstream:remotename)%00%(upstream:remoteref) refs/heads/main refs/remotes/main [2ms]
2025-02-24 00:06:44.470 [info] > git for-each-ref --sort -committerdate --format %(refname) %(objectname) %(*objectname) [1ms]
2025-02-24 00:06:44.499 [info] > git status -z -uall [34ms]
2025-02-24 00:06:49.529 [info] > git config --get commit.template [3ms]
2025-02-24 00:06:49.530 [info] > git for-each-ref --format=%(refname)%00%(upstream:short)%00%(objectname)%00%(upstream:track)%00%(upstream:remotename)%00%(upstream:remoteref) refs/heads/main refs/remotes/main [2ms]
2025-02-24 00:06:49.538 [info] > git for-each-ref --sort -committerdate --format %(refname) %(objectname) %(*objectname) [1ms]
2025-02-24 00:06:49.567 [info] > git status -z -uall [34ms]
2025-02-24 00:06:54.597 [info] > git config --get commit.template [4ms]
2025-02-24 00:06:54.598 [info] > git for-each-ref --format=%(refname)%00%(upstream:short)%00%(objectname)%00%(upstream:track)%00%(upstream:remotename)%00%(upstream:remoteref) refs/heads/main refs/remotes/main [2ms]
2025-02-24 00:06:54.606 [info] > git for-each-ref --sort -committerdate --format %(refname) %(objectname) %(*objectname) [1ms]
2025-02-24 00:06:54.636 [info] > git status -z -uall [36ms]
2025-02-24 00:06:59.666 [info] > git config --get commit.template [4ms]
2025-02-24 00:06:59.667 [info] > git for-each-ref --format=%(refname)%00%(upstream:short)%00%(objectname)%00%(upstream:track)%00%(upstream:remotename)%00%(upstream:remoteref) refs/heads/main refs/remotes/main [2ms]
2025-02-24 00:06:59.675 [info] > git for-each-ref --sort -committerdate --format %(refname) %(objectname) %(*objectname) [0ms]
2025-02-24 00:06:59.705 [info] > git status -z -uall [35ms]
2025-02-24 00:07:14.188 [info] > git config --get commit.template [3ms]
2025-02-24 00:07:14.189 [info] > git for-each-ref --format=%(refname)%00%(upstream:short)%00%(objectname)%00%(upstream:track)%00%(upstream:remotename)%00%(upstream:remoteref) refs/heads/main refs/remotes/main [2ms]
2025-02-24 00:07:14.197 [info] > git for-each-ref --sort -committerdate --format %(refname) %(objectname) %(*objectname) [0ms]
2025-02-24 00:07:14.227 [info] > git status -z -uall [35ms]
2025-02-24 00:07:19.255 [info] > git config --get commit.template [3ms]
2025-02-24 00:07:19.256 [info] > git for-each-ref --format=%(refname)%00%(upstream:short)%00%(objectname)%00%(upstream:track)%00%(upstream:remotename)%00%(upstream:remoteref) refs/heads/main refs/remotes/main [1ms]
2025-02-24 00:07:19.264 [info] > git for-each-ref --sort -committerdate --format %(refname) %(objectname) %(*objectname) [2ms]
2025-02-24 00:07:19.295 [info] > git status -z -uall [35ms]
2025-02-24 00:07:24.324 [info] > git config --get commit.template [3ms]
2025-02-24 00:07:24.325 [info] > git for-each-ref --format=%(refname)%00%(upstream:short)%00%(objectname)%00%(upstream:track)%00%(upstream:remotename)%00%(upstream:remoteref) refs/heads/main refs/remotes/main [1ms]
2025-02-24 00:07:24.333 [info] > git for-each-ref --sort -committerdate --format %(refname) %(objectname) %(*objectname) [0ms]
2025-02-24 00:07:24.363 [info] > git status -z -uall [35ms]
2025-02-24 00:07:29.416 [info] > git config --get commit.template [4ms]
2025-02-24 00:07:29.416 [info] > git for-each-ref --format=%(refname)%00%(upstream:short)%00%(objectname)%00%(upstream:track)%00%(upstream:remotename)%00%(upstream:remoteref) refs/heads/main refs/remotes/main [1ms]
2025-02-24 00:07:29.424 [info] > git for-each-ref --sort -committerdate --format %(refname) %(objectname) %(*objectname) [2ms]
2025-02-24 00:07:29.454 [info] > git status -z -uall [35ms]
2025-02-24 00:07:34.483 [info] > git config --get commit.template [4ms]
2025-02-24 00:07:34.484 [info] > git for-each-ref --format=%(refname)%00%(upstream:short)%00%(objectname)%00%(upstream:track)%00%(upstream:remotename)%00%(upstream:remoteref) refs/heads/main refs/remotes/main [2ms]
2025-02-24 00:07:34.492 [info] > git for-each-ref --sort -committerdate --format %(refname) %(objectname) %(*objectname) [1ms]
2025-02-24 00:07:34.523 [info] > git status -z -uall [36ms]
2025-02-24 00:07:39.586 [info] > git config --get commit.template [4ms]
2025-02-24 00:07:39.586 [info] > git for-each-ref --format=%(refname)%00%(upstream:short)%00%(objectname)%00%(upstream:track)%00%(upstream:remotename)%00%(upstream:remoteref) refs/heads/main refs/remotes/main [2ms]
2025-02-24 00:07:39.594 [info] > git for-each-ref --sort -committerdate --format %(refname) %(objectname) %(*objectname) [1ms]
2025-02-24 00:07:39.624 [info] > git status -z -uall [35ms]
2025-02-24 00:07:48.953 [info] > git config --get commit.template [3ms]
2025-02-24 00:07:48.953 [info] > git for-each-ref --format=%(refname)%00%(upstream:short)%00%(objectname)%00%(upstream:track)%00%(upstream:remotename)%00%(upstream:remoteref) refs/heads/main refs/remotes/main [1ms]
2025-02-24 00:07:48.961 [info] > git for-each-ref --sort -committerdate --format %(refname) %(objectname) %(*objectname) [1ms]
2025-02-24 00:07:48.991 [info] > git status -z -uall [35ms]
2025-02-24 00:07:54.023 [info] > git config --get commit.template [4ms]
2025-02-24 00:07:54.024 [info] > git for-each-ref --format=%(refname)%00%(upstream:short)%00%(objectname)%00%(upstream:track)%00%(upstream:remotename)%00%(upstream:remoteref) refs/heads/main refs/remotes/main [2ms]
2025-02-24 00:07:54.031 [info] > git for-each-ref --sort -committerdate --format %(refname) %(objectname) %(*objectname) [0ms]
2025-02-24 00:07:54.061 [info] > git status -z -uall [35ms]
2025-02-24 00:07:59.096 [info] > git config --get commit.template [5ms]
2025-02-24 00:07:59.097 [info] > git for-each-ref --format=%(refname)%00%(upstream:short)%00%(objectname)%00%(upstream:track)%00%(upstream:remotename)%00%(upstream:remoteref) refs/heads/main refs/remotes/main [1ms]
2025-02-24 00:07:59.105 [info] > git for-each-ref --sort -committerdate --format %(refname) %(objectname) %(*objectname) [1ms]
2025-02-24 00:07:59.134 [info] > git status -z -uall [35ms]
2025-02-24 00:08:04.173 [info] > git config --get commit.template [3ms]
2025-02-24 00:08:04.174 [info] > git for-each-ref --format=%(refname)%00%(upstream:short)%00%(objectname)%00%(upstream:track)%00%(upstream:remotename)%00%(upstream:remoteref) refs/heads/main refs/remotes/main [2ms]
2025-02-24 00:08:04.182 [info] > git for-each-ref --sort -committerdate --format %(refname) %(objectname) %(*objectname) [1ms]
2025-02-24 00:08:04.211 [info] > git status -z -uall [34ms]
2025-02-24 00:08:09.241 [info] > git config --get commit.template [3ms]
2025-02-24 00:08:09.242 [info] > git for-each-ref --format=%(refname)%00%(upstream:short)%00%(objectname)%00%(upstream:track)%00%(upstream:remotename)%00%(upstream:remoteref) refs/heads/main refs/remotes/main [2ms]
2025-02-24 00:08:09.249 [info] > git for-each-ref --sort -committerdate --format %(refname) %(objectname) %(*objectname) [2ms]
2025-02-24 00:08:09.280 [info] > git status -z -uall [35ms]
2025-02-24 00:08:49.358 [info] > git config --get commit.template [3ms]
2025-02-24 00:08:49.359 [info] > git for-each-ref --format=%(refname)%00%(upstream:short)%00%(objectname)%00%(upstream:track)%00%(upstream:remotename)%00%(upstream:remoteref) refs/heads/main refs/remotes/main [1ms]
2025-02-24 00:08:49.368 [info] > git for-each-ref --sort -committerdate --format %(refname) %(objectname) %(*objectname) [1ms]
2025-02-24 00:08:49.398 [info] > git status -z -uall [36ms]
2025-02-24 00:08:57.365 [info] > git config --get commit.template [3ms]
2025-02-24 00:08:57.366 [info] > git for-each-ref --format=%(refname)%00%(upstream:short)%00%(objectname)%00%(upstream:track)%00%(upstream:remotename)%00%(upstream:remoteref) refs/heads/main refs/remotes/main [2ms]
2025-02-24 00:08:57.374 [info] > git for-each-ref --sort -committerdate --format %(refname) %(objectname) %(*objectname) [1ms]
2025-02-24 00:08:57.404 [info] > git status -z -uall [34ms]
2025-02-24 00:09:04.232 [info] > git config --get commit.template [4ms]
2025-02-24 00:09:04.233 [info] > git for-each-ref --format=%(refname)%00%(upstream:short)%00%(objectname)%00%(upstream:track)%00%(upstream:remotename)%00%(upstream:remoteref) refs/heads/main refs/remotes/main [2ms]
2025-02-24 00:09:04.242 [info] > git for-each-ref --sort -committerdate --format %(refname) %(objectname) %(*objectname) [2ms]
2025-02-24 00:09:04.273 [info] > git status -z -uall [37ms]
2025-02-24 00:09:09.303 [info] > git config --get commit.template [3ms]
2025-02-24 00:09:09.304 [info] > git for-each-ref --format=%(refname)%00%(upstream:short)%00%(objectname)%00%(upstream:track)%00%(upstream:remotename)%00%(upstream:remoteref) refs/heads/main refs/remotes/main [1ms]
2025-02-24 00:09:09.312 [info] > git for-each-ref --sort -committerdate --format %(refname) %(objectname) %(*objectname) [0ms]
2025-02-24 00:09:09.342 [info] > git status -z -uall [35ms]
2025-02-24 00:09:14.372 [info] > git config --get commit.template [3ms]
2025-02-24 00:09:14.373 [info] > git for-each-ref --format=%(refname)%00%(upstream:short)%00%(objectname)%00%(upstream:track)%00%(upstream:remotename)%00%(upstream:remoteref) refs/heads/main refs/remotes/main [2ms]
2025-02-24 00:09:14.381 [info] > git for-each-ref --sort -committerdate --format %(refname) %(objectname) %(*objectname) [1ms]
2025-02-24 00:09:14.411 [info] > git status -z -uall [35ms]
2025-02-24 00:09:20.678 [info] > git config --get commit.template [4ms]
2025-02-24 00:09:20.679 [info] > git for-each-ref --format=%(refname)%00%(upstream:short)%00%(objectname)%00%(upstream:track)%00%(upstream:remotename)%00%(upstream:remoteref) refs/heads/main refs/remotes/main [2ms]
2025-02-24 00:09:20.687 [info] > git for-each-ref --sort -committerdate --format %(refname) %(objectname) %(*objectname) [1ms]
2025-02-24 00:09:20.716 [info] > git status -z -uall [35ms]
2025-02-24 00:09:28.698 [info] > git config --get commit.template [3ms]
2025-02-24 00:09:28.698 [info] > git for-each-ref --format=%(refname)%00%(upstream:short)%00%(objectname)%00%(upstream:track)%00%(upstream:remotename)%00%(upstream:remoteref) refs/heads/main refs/remotes/main [1ms]
2025-02-24 00:09:28.706 [info] > git for-each-ref --sort -committerdate --format %(refname) %(objectname) %(*objectname) [0ms]
2025-02-24 00:09:28.736 [info] > git status -z -uall [35ms]
2025-02-24 00:09:33.928 [info] > git config --get commit.template [3ms]
2025-02-24 00:09:33.929 [info] > git for-each-ref --format=%(refname)%00%(upstream:short)%00%(objectname)%00%(upstream:track)%00%(upstream:remotename)%00%(upstream:remoteref) refs/heads/main refs/remotes/main [2ms]
2025-02-24 00:09:33.937 [info] > git for-each-ref --sort -committerdate --format %(refname) %(objectname) %(*objectname) [0ms]
2025-02-24 00:09:33.966 [info] > git status -z -uall [35ms]
2025-02-24 00:09:42.421 [info] > git config --get commit.template [3ms]
2025-02-24 00:09:42.422 [info] > git for-each-ref --format=%(refname)%00%(upstream:short)%00%(objectname)%00%(upstream:track)%00%(upstream:remotename)%00%(upstream:remoteref) refs/heads/main refs/remotes/main [2ms]
2025-02-24 00:09:42.429 [info] > git for-each-ref --sort -committerdate --format %(refname) %(objectname) %(*objectname) [0ms]
2025-02-24 00:09:42.459 [info] > git status -z -uall [35ms]
2025-02-24 00:09:48.351 [info] > git config --get commit.template [3ms]
2025-02-24 00:09:48.351 [info] > git for-each-ref --format=%(refname)%00%(upstream:short)%00%(objectname)%00%(upstream:track)%00%(upstream:remotename)%00%(upstream:remoteref) refs/heads/main refs/remotes/main [1ms]
2025-02-24 00:09:48.359 [info] > git for-each-ref --sort -committerdate --format %(refname) %(objectname) %(*objectname) [1ms]
2025-02-24 00:09:48.388 [info] > git status -z -uall [34ms]
2025-02-24 00:09:56.886 [info] > git config --get commit.template [3ms]
2025-02-24 00:09:56.887 [info] > git for-each-ref --format=%(refname)%00%(upstream:short)%00%(objectname)%00%(upstream:track)%00%(upstream:remotename)%00%(upstream:remoteref) refs/heads/main refs/remotes/main [1ms]
2025-02-24 00:09:56.895 [info] > git for-each-ref --sort -committerdate --format %(refname) %(objectname) %(*objectname) [0ms]
2025-02-24 00:09:56.925 [info] > git status -z -uall [35ms]
2025-02-24 00:10:01.958 [info] > git config --get commit.template [3ms]
2025-02-24 00:10:01.959 [info] > git for-each-ref --format=%(refname)%00%(upstream:short)%00%(objectname)%00%(upstream:track)%00%(upstream:remotename)%00%(upstream:remoteref) refs/heads/main refs/remotes/main [1ms]
2025-02-24 00:10:01.966 [info] > git for-each-ref --sort -committerdate --format %(refname) %(objectname) %(*objectname) [2ms]
2025-02-24 00:10:01.997 [info] > git status -z -uall [35ms]
2025-02-24 00:10:07.031 [info] > git config --get commit.template [3ms]
2025-02-24 00:10:07.032 [info] > git for-each-ref --format=%(refname)%00%(upstream:short)%00%(objectname)%00%(upstream:track)%00%(upstream:remotename)%00%(upstream:remoteref) refs/heads/main refs/remotes/main [2ms]
2025-02-24 00:10:07.040 [info] > git for-each-ref --sort -committerdate --format %(refname) %(objectname) %(*objectname) [0ms]
2025-02-24 00:10:07.070 [info] > git status -z -uall [35ms]
2025-02-24 00:10:12.098 [info] > git config --get commit.template [3ms]
2025-02-24 00:10:12.099 [info] > git for-each-ref --format=%(refname)%00%(upstream:short)%00%(objectname)%00%(upstream:track)%00%(upstream:remotename)%00%(upstream:remoteref) refs/heads/main refs/remotes/main [1ms]
2025-02-24 00:10:12.107 [info] > git for-each-ref --sort -committerdate --format %(refname) %(objectname) %(*objectname) [1ms]
2025-02-24 00:10:12.137 [info] > git status -z -uall [34ms]
2025-02-24 00:10:22.808 [info] > git config --get commit.template [3ms]
2025-02-24 00:10:22.809 [info] > git for-each-ref --format=%(refname)%00%(upstream:short)%00%(objectname)%00%(upstream:track)%00%(upstream:remotename)%00%(upstream:remoteref) refs/heads/main refs/remotes/main [1ms]
2025-02-24 00:10:22.817 [info] > git for-each-ref --sort -committerdate --format %(refname) %(objectname) %(*objectname) [1ms]
2025-02-24 00:10:22.847 [info] > git status -z -uall [35ms]
2025-02-24 00:10:36.923 [info] > git config --get commit.template [3ms]
2025-02-24 00:10:36.924 [info] > git for-each-ref --format=%(refname)%00%(upstream:short)%00%(objectname)%00%(upstream:track)%00%(upstream:remotename)%00%(upstream:remoteref) refs/heads/main refs/remotes/main [1ms]
2025-02-24 00:10:36.933 [info] > git for-each-ref --sort -committerdate --format %(refname) %(objectname) %(*objectname) [3ms]
2025-02-24 00:10:36.963 [info] > git status -z -uall [36ms]
2025-02-24 00:10:42.015 [info] > git config --get commit.template [4ms]
2025-02-24 00:10:42.016 [info] > git for-each-ref --format=%(refname)%00%(upstream:short)%00%(objectname)%00%(upstream:track)%00%(upstream:remotename)%00%(upstream:remoteref) refs/heads/main refs/remotes/main [1ms]
2025-02-24 00:10:42.024 [info] > git for-each-ref --sort -committerdate --format %(refname) %(objectname) %(*objectname) [1ms]
2025-02-24 00:10:42.053 [info] > git status -z -uall [34ms]
2025-02-24 00:11:05.388 [info] > git config --get commit.template [3ms]
2025-02-24 00:11:05.389 [info] > git for-each-ref --format=%(refname)%00%(upstream:short)%00%(objectname)%00%(upstream:track)%00%(upstream:remotename)%00%(upstream:remoteref) refs/heads/main refs/remotes/main [2ms]
2025-02-24 00:11:05.396 [info] > git for-each-ref --sort -committerdate --format %(refname) %(objectname) %(*objectname) [0ms]
2025-02-24 00:11:05.427 [info] > git status -z -uall [36ms]
2025-02-24 00:11:10.479 [info] > git config --get commit.template [3ms]
2025-02-24 00:11:10.480 [info] > git for-each-ref --format=%(refname)%00%(upstream:short)%00%(objectname)%00%(upstream:track)%00%(upstream:remotename)%00%(upstream:remoteref) refs/heads/main refs/remotes/main [1ms]
2025-02-24 00:11:10.489 [info] > git for-each-ref --sort -committerdate --format %(refname) %(objectname) %(*objectname) [0ms]
2025-02-24 00:11:10.518 [info] > git status -z -uall [34ms]
2025-02-24 00:11:19.978 [info] > git config --get commit.template [3ms]
2025-02-24 00:11:19.979 [info] > git for-each-ref --format=%(refname)%00%(upstream:short)%00%(objectname)%00%(upstream:track)%00%(upstream:remotename)%00%(upstream:remoteref) refs/heads/main refs/remotes/main [2ms]
2025-02-24 00:11:19.987 [info] > git for-each-ref --sort -committerdate --format %(refname) %(objectname) %(*objectname) [3ms]
2025-02-24 00:11:20.016 [info] > git status -z -uall [35ms]
2025-02-24 00:11:25.049 [info] > git config --get commit.template [4ms]
2025-02-24 00:11:25.050 [info] > git for-each-ref --format=%(refname)%00%(upstream:short)%00%(objectname)%00%(upstream:track)%00%(upstream:remotename)%00%(upstream:remoteref) refs/heads/main refs/remotes/main [2ms]
2025-02-24 00:11:25.058 [info] > git for-each-ref --sort -committerdate --format %(refname) %(objectname) %(*objectname) [2ms]
2025-02-24 00:11:25.088 [info] > git status -z -uall [35ms]
2025-02-24 00:11:30.120 [info] > git config --get commit.template [3ms]
2025-02-24 00:11:30.122 [info] > git for-each-ref --format=%(refname)%00%(upstream:short)%00%(objectname)%00%(upstream:track)%00%(upstream:remotename)%00%(upstream:remoteref) refs/heads/main refs/remotes/main [1ms]
2025-02-24 00:11:30.129 [info] > git for-each-ref --sort -committerdate --format %(refname) %(objectname) %(*objectname) [2ms]
2025-02-24 00:11:30.159 [info] > git status -z -uall [35ms]
2025-02-24 00:11:35.190 [info] > git config --get commit.template [4ms]
2025-02-24 00:11:35.191 [info] > git for-each-ref --format=%(refname)%00%(upstream:short)%00%(objectname)%00%(upstream:track)%00%(upstream:remotename)%00%(upstream:remoteref) refs/heads/main refs/remotes/main [2ms]
2025-02-24 00:11:35.199 [info] > git for-each-ref --sort -committerdate --format %(refname) %(objectname) %(*objectname) [0ms]
2025-02-24 00:11:35.229 [info] > git status -z -uall [34ms]
2025-02-24 00:11:40.258 [info] > git config --get commit.template [4ms]
2025-02-24 00:11:40.259 [info] > git for-each-ref --format=%(refname)%00%(upstream:short)%00%(objectname)%00%(upstream:track)%00%(upstream:remotename)%00%(upstream:remoteref) refs/heads/main refs/remotes/main [2ms]
2025-02-24 00:11:40.267 [info] > git for-each-ref --sort -committerdate --format %(refname) %(objectname) %(*objectname) [1ms]
2025-02-24 00:11:40.297 [info] > git status -z -uall [36ms]
2025-02-24 00:11:45.355 [info] > git config --get commit.template [4ms]
2025-02-24 00:11:45.356 [info] > git for-each-ref --format=%(refname)%00%(upstream:short)%00%(objectname)%00%(upstream:track)%00%(upstream:remotename)%00%(upstream:remoteref) refs/heads/main refs/remotes/main [2ms]
2025-02-24 00:11:45.364 [info] > git for-each-ref --sort -committerdate --format %(refname) %(objectname) %(*objectname) [0ms]
2025-02-24 00:11:45.393 [info] > git status -z -uall [35ms]
2025-02-24 00:12:16.937 [info] > git config --get commit.template [4ms]
2025-02-24 00:12:16.938 [info] > git for-each-ref --format=%(refname)%00%(upstream:short)%00%(objectname)%00%(upstream:track)%00%(upstream:remotename)%00%(upstream:remoteref) refs/heads/main refs/remotes/main [2ms]
2025-02-24 00:12:16.946 [info] > git for-each-ref --sort -committerdate --format %(refname) %(objectname) %(*objectname) [1ms]
2025-02-24 00:12:16.975 [info] > git status -z -uall [35ms]
2025-02-24 00:12:22.008 [info] > git config --get commit.template [3ms]
2025-02-24 00:12:22.009 [info] > git for-each-ref --format=%(refname)%00%(upstream:short)%00%(objectname)%00%(upstream:track)%00%(upstream:remotename)%00%(upstream:remoteref) refs/heads/main refs/remotes/main [1ms]
2025-02-24 00:12:22.016 [info] > git for-each-ref --sort -committerdate --format %(refname) %(objectname) %(*objectname) [2ms]
2025-02-24 00:12:22.047 [info] > git status -z -uall [35ms]
2025-02-24 00:12:27.082 [info] > git config --get commit.template [1ms]
2025-02-24 00:12:27.088 [info] > git for-each-ref --format=%(refname)%00%(upstream:short)%00%(objectname)%00%(upstream:track)%00%(upstream:remotename)%00%(upstream:remoteref) refs/heads/main refs/remotes/main [3ms]
2025-02-24 00:12:27.119 [info] > git for-each-ref --sort -committerdate --format %(refname) %(objectname) %(*objectname) [8ms]
2025-02-24 00:12:27.153 [info] > git status -z -uall [48ms]
2025-02-24 00:12:32.181 [info] > git config --get commit.template [4ms]
2025-02-24 00:12:32.182 [info] > git for-each-ref --format=%(refname)%00%(upstream:short)%00%(objectname)%00%(upstream:track)%00%(upstream:remotename)%00%(upstream:remoteref) refs/heads/main refs/remotes/main [2ms]
2025-02-24 00:12:32.190 [info] > git for-each-ref --sort -committerdate --format %(refname) %(objectname) %(*objectname) [1ms]
2025-02-24 00:12:32.223 [info] > git status -z -uall [38ms]
