2025-05-04 02:55:33.048 [info] [main] Log level: Info
2025-05-04 02:55:33.048 [info] [main] Validating found git in: "git"
2025-05-04 02:55:33.048 [info] [main] Using git "2.34.1" from "git"
2025-05-04 02:55:33.048 [info] [Model][doInitialScan] Initial repository scan started
2025-05-04 02:55:33.048 [info] > git rev-parse --show-toplevel [40ms]
2025-05-04 02:55:33.048 [info] > git rev-parse --git-dir --git-common-dir [1ms]
2025-05-04 02:55:33.048 [info] [Model][openRepository] Opened repository: /home/student
2025-05-04 02:55:33.048 [info] > git config --get commit.template [7ms]
2025-05-04 02:55:33.048 [info] > git rev-parse --show-toplevel [5ms]
2025-05-04 02:55:33.048 [info] > git rev-parse --show-toplevel [1ms]
2025-05-04 02:55:33.048 [info] > git rev-parse --show-toplevel [1ms]
2025-05-04 02:55:33.048 [info] > git rev-parse --show-toplevel [1ms]
2025-05-04 02:55:33.048 [info] [Model][doInitialScan] Initial repository scan completed - repositories (1), closed repositories (0), parent repositories (0), unsafe repositories (0)
2025-05-04 02:55:33.048 [info] > git for-each-ref --format=%(refname)%00%(upstream:short)%00%(objectname)%00%(upstream:track)%00%(upstream:remotename)%00%(upstream:remoteref) refs/heads/main refs/remotes/main [29ms]
2025-05-04 02:55:33.048 [info] > git for-each-ref --sort -committerdate --format %(refname)%00%(objectname)%00%(*objectname) [2ms]
2025-05-04 02:55:33.351 [info] > git status -z -uall [333ms]
2025-05-04 02:55:34.238 [info] > git check-ignore -v -z --stdin [553ms]
2025-05-04 02:55:34.239 [info] > git for-each-ref --format=%(refname)%00%(upstream:short)%00%(objectname)%00%(upstream:track)%00%(upstream:remotename)%00%(upstream:remoteref) refs/heads/main refs/remotes/main [560ms]
2025-05-04 02:55:34.246 [info] > git config --get --local branch.main.vscode-merge-base [5ms]
2025-05-04 02:55:34.246 [warning] [Git][config] git config failed: Failed to execute git
2025-05-04 02:55:34.251 [info] > git config --get commit.template [21ms]
2025-05-04 02:55:34.261 [info] > git for-each-ref --format=%(refname)%00%(upstream:short)%00%(objectname)%00%(upstream:track)%00%(upstream:remotename)%00%(upstream:remoteref) refs/heads/main refs/remotes/main [1ms]
2025-05-04 02:55:34.290 [info] > git for-each-ref --sort -committerdate --format %(refname)%00%(objectname)%00%(*objectname) [5ms]
2025-05-04 02:55:34.308 [info] > git reflog main --grep-reflog=branch: Created from *. [57ms]
2025-05-04 02:55:34.316 [info] > git symbolic-ref --short refs/remotes/origin/HEAD [5ms]
2025-05-04 02:55:34.316 [info] fatal: ref refs/remotes/origin/HEAD is not a symbolic ref
2025-05-04 02:55:34.316 [warning] [Repository][getDefaultBranch] Failed to get default branch details: Failed to execute git.
2025-05-04 02:55:34.321 [info] > git merge-base refs/heads/main refs/remotes/origin/main [2ms]
2025-05-04 02:55:34.325 [info] > git diff --name-status -z --diff-filter=ADMR 57003cdd9e773c8d196828f497b30ad9482d81cf...refs/remotes/origin/main [1ms]
2025-05-04 02:55:34.355 [info] > git status -z -uall [85ms]
2025-05-04 02:55:37.479 [info] > git config --get commit.template [3ms]
2025-05-04 02:55:37.480 [info] > git for-each-ref --format=%(refname)%00%(upstream:short)%00%(objectname)%00%(upstream:track)%00%(upstream:remotename)%00%(upstream:remoteref) refs/heads/main refs/remotes/main [1ms]
2025-05-04 02:55:37.487 [info] > git for-each-ref --sort -committerdate --format %(refname)%00%(objectname)%00%(*objectname) [2ms]
2025-05-04 02:55:37.551 [info] > git status -z -uall [68ms]
2025-05-04 02:55:42.682 [info] > git config --get commit.template [4ms]
2025-05-04 02:55:42.683 [info] > git for-each-ref --format=%(refname)%00%(upstream:short)%00%(objectname)%00%(upstream:track)%00%(upstream:remotename)%00%(upstream:remoteref) refs/heads/main refs/remotes/main [2ms]
2025-05-04 02:55:42.691 [info] > git for-each-ref --sort -committerdate --format %(refname)%00%(objectname)%00%(*objectname) [2ms]
2025-05-04 02:55:42.753 [info] > git status -z -uall [67ms]
2025-05-04 02:55:47.875 [info] > git config --get commit.template [4ms]
2025-05-04 02:55:47.876 [info] > git for-each-ref --format=%(refname)%00%(upstream:short)%00%(objectname)%00%(upstream:track)%00%(upstream:remotename)%00%(upstream:remoteref) refs/heads/main refs/remotes/main [2ms]
2025-05-04 02:55:47.883 [info] > git for-each-ref --sort -committerdate --format %(refname)%00%(objectname)%00%(*objectname) [2ms]
2025-05-04 02:55:47.945 [info] > git status -z -uall [67ms]
2025-05-04 02:55:53.067 [info] > git config --get commit.template [4ms]
2025-05-04 02:55:53.068 [info] > git for-each-ref --format=%(refname)%00%(upstream:short)%00%(objectname)%00%(upstream:track)%00%(upstream:remotename)%00%(upstream:remoteref) refs/heads/main refs/remotes/main [2ms]
2025-05-04 02:55:53.079 [info] > git for-each-ref --sort -committerdate --format %(refname)%00%(objectname)%00%(*objectname) [6ms]
2025-05-04 02:55:53.138 [info] > git status -z -uall [67ms]
2025-05-04 02:55:58.252 [info] > git config --get commit.template [4ms]
2025-05-04 02:55:58.253 [info] > git for-each-ref --format=%(refname)%00%(upstream:short)%00%(objectname)%00%(upstream:track)%00%(upstream:remotename)%00%(upstream:remoteref) refs/heads/main refs/remotes/main [2ms]
2025-05-04 02:55:58.260 [info] > git for-each-ref --sort -committerdate --format %(refname)%00%(objectname)%00%(*objectname) [1ms]
2025-05-04 02:55:58.322 [info] > git status -z -uall [66ms]
2025-05-04 02:56:03.428 [info] > git config --get commit.template [4ms]
2025-05-04 02:56:03.428 [info] > git for-each-ref --format=%(refname)%00%(upstream:short)%00%(objectname)%00%(upstream:track)%00%(upstream:remotename)%00%(upstream:remoteref) refs/heads/main refs/remotes/main [1ms]
2025-05-04 02:56:03.441 [info] > git for-each-ref --sort -committerdate --format %(refname)%00%(objectname)%00%(*objectname) [6ms]
2025-05-04 02:56:03.500 [info] > git status -z -uall [67ms]
2025-05-04 02:56:08.615 [info] > git config --get commit.template [4ms]
2025-05-04 02:56:08.616 [info] > git for-each-ref --format=%(refname)%00%(upstream:short)%00%(objectname)%00%(upstream:track)%00%(upstream:remotename)%00%(upstream:remoteref) refs/heads/main refs/remotes/main [2ms]
2025-05-04 02:56:08.624 [info] > git for-each-ref --sort -committerdate --format %(refname)%00%(objectname)%00%(*objectname) [2ms]
2025-05-04 02:56:08.688 [info] > git status -z -uall [69ms]
2025-05-04 02:56:57.453 [info] > git config --get commit.template [4ms]
2025-05-04 02:56:57.454 [info] > git for-each-ref --format=%(refname)%00%(upstream:short)%00%(objectname)%00%(upstream:track)%00%(upstream:remotename)%00%(upstream:remoteref) refs/heads/main refs/remotes/main [2ms]
2025-05-04 02:56:57.468 [info] > git for-each-ref --sort -committerdate --format %(refname)%00%(objectname)%00%(*objectname) [10ms]
2025-05-04 02:56:57.525 [info] > git status -z -uall [69ms]
2025-05-04 02:57:02.650 [info] > git config --get commit.template [4ms]
2025-05-04 02:57:02.650 [info] > git for-each-ref --format=%(refname)%00%(upstream:short)%00%(objectname)%00%(upstream:track)%00%(upstream:remotename)%00%(upstream:remoteref) refs/heads/main refs/remotes/main [2ms]
2025-05-04 02:57:02.657 [info] > git for-each-ref --sort -committerdate --format %(refname)%00%(objectname)%00%(*objectname) [2ms]
2025-05-04 02:57:02.720 [info] > git status -z -uall [67ms]
2025-05-04 03:03:48.124 [info] > git config --get commit.template [3ms]
2025-05-04 03:03:48.125 [info] > git for-each-ref --format=%(refname)%00%(upstream:short)%00%(objectname)%00%(upstream:track)%00%(upstream:remotename)%00%(upstream:remoteref) refs/heads/main refs/remotes/main [1ms]
2025-05-04 03:03:48.138 [info] > git for-each-ref --sort -committerdate --format %(refname)%00%(objectname)%00%(*objectname) [8ms]
2025-05-04 03:03:48.201 [info] > git status -z -uall [73ms]
2025-05-04 03:03:53.360 [info] > git config --get commit.template [4ms]
2025-05-04 03:03:53.361 [info] > git for-each-ref --format=%(refname)%00%(upstream:short)%00%(objectname)%00%(upstream:track)%00%(upstream:remotename)%00%(upstream:remoteref) refs/heads/main refs/remotes/main [2ms]
2025-05-04 03:03:53.367 [info] > git for-each-ref --sort -committerdate --format %(refname)%00%(objectname)%00%(*objectname) [1ms]
2025-05-04 03:03:53.430 [info] > git status -z -uall [67ms]
2025-05-04 03:03:58.551 [info] > git config --get commit.template [4ms]
2025-05-04 03:03:58.552 [info] > git for-each-ref --format=%(refname)%00%(upstream:short)%00%(objectname)%00%(upstream:track)%00%(upstream:remotename)%00%(upstream:remoteref) refs/heads/main refs/remotes/main [1ms]
2025-05-04 03:03:58.559 [info] > git for-each-ref --sort -committerdate --format %(refname)%00%(objectname)%00%(*objectname) [1ms]
2025-05-04 03:03:58.622 [info] > git status -z -uall [67ms]
2025-05-04 03:04:03.742 [info] > git config --get commit.template [4ms]
2025-05-04 03:04:03.742 [info] > git for-each-ref --format=%(refname)%00%(upstream:short)%00%(objectname)%00%(upstream:track)%00%(upstream:remotename)%00%(upstream:remoteref) refs/heads/main refs/remotes/main [1ms]
2025-05-04 03:04:03.749 [info] > git for-each-ref --sort -committerdate --format %(refname)%00%(objectname)%00%(*objectname) [1ms]
2025-05-04 03:04:03.812 [info] > git status -z -uall [67ms]
2025-05-04 03:04:08.930 [info] > git config --get commit.template [3ms]
2025-05-04 03:04:08.931 [info] > git for-each-ref --format=%(refname)%00%(upstream:short)%00%(objectname)%00%(upstream:track)%00%(upstream:remotename)%00%(upstream:remoteref) refs/heads/main refs/remotes/main [1ms]
2025-05-04 03:04:08.938 [info] > git for-each-ref --sort -committerdate --format %(refname)%00%(objectname)%00%(*objectname) [2ms]
2025-05-04 03:04:09.002 [info] > git status -z -uall [68ms]
2025-05-04 03:04:10.055 [info] > git check-ignore -v -z --stdin [7ms]
2025-05-04 03:04:11.437 [info] > git check-ignore -v -z --stdin [5ms]
2025-05-04 03:04:14.124 [info] > git config --get commit.template [4ms]
2025-05-04 03:04:14.125 [info] > git for-each-ref --format=%(refname)%00%(upstream:short)%00%(objectname)%00%(upstream:track)%00%(upstream:remotename)%00%(upstream:remoteref) refs/heads/main refs/remotes/main [1ms]
2025-05-04 03:04:14.132 [info] > git for-each-ref --sort -committerdate --format %(refname)%00%(objectname)%00%(*objectname) [1ms]
2025-05-04 03:04:14.197 [info] > git status -z -uall [69ms]
2025-05-04 03:04:52.306 [info] > git config --get commit.template [3ms]
2025-05-04 03:04:52.307 [info] > git for-each-ref --format=%(refname)%00%(upstream:short)%00%(objectname)%00%(upstream:track)%00%(upstream:remotename)%00%(upstream:remoteref) refs/heads/main refs/remotes/main [1ms]
2025-05-04 03:04:52.323 [info] > git for-each-ref --sort -committerdate --format %(refname)%00%(objectname)%00%(*objectname) [10ms]
2025-05-04 03:04:52.377 [info] > git status -z -uall [67ms]
2025-05-04 03:04:57.498 [info] > git config --get commit.template [3ms]
2025-05-04 03:04:57.499 [info] > git for-each-ref --format=%(refname)%00%(upstream:short)%00%(objectname)%00%(upstream:track)%00%(upstream:remotename)%00%(upstream:remoteref) refs/heads/main refs/remotes/main [2ms]
2025-05-04 03:04:57.505 [info] > git for-each-ref --sort -committerdate --format %(refname)%00%(objectname)%00%(*objectname) [1ms]
2025-05-04 03:04:57.568 [info] > git status -z -uall [67ms]
2025-05-04 03:04:59.263 [info] > git check-ignore -v -z --stdin [7ms]
2025-05-04 03:05:02.689 [info] > git config --get commit.template [3ms]
2025-05-04 03:05:02.690 [info] > git for-each-ref --format=%(refname)%00%(upstream:short)%00%(objectname)%00%(upstream:track)%00%(upstream:remotename)%00%(upstream:remoteref) refs/heads/main refs/remotes/main [2ms]
2025-05-04 03:05:02.704 [info] > git for-each-ref --sort -committerdate --format %(refname)%00%(objectname)%00%(*objectname) [9ms]
2025-05-04 03:05:02.761 [info] > git status -z -uall [69ms]
2025-05-04 03:05:07.894 [info] > git config --get commit.template [3ms]
2025-05-04 03:05:07.895 [info] > git for-each-ref --format=%(refname)%00%(upstream:short)%00%(objectname)%00%(upstream:track)%00%(upstream:remotename)%00%(upstream:remoteref) refs/heads/main refs/remotes/main [2ms]
2025-05-04 03:05:07.903 [info] > git for-each-ref --sort -committerdate --format %(refname)%00%(objectname)%00%(*objectname) [2ms]
2025-05-04 03:05:07.968 [info] > git status -z -uall [70ms]
2025-05-04 03:05:13.090 [info] > git config --get commit.template [4ms]
2025-05-04 03:05:13.091 [info] > git for-each-ref --format=%(refname)%00%(upstream:short)%00%(objectname)%00%(upstream:track)%00%(upstream:remotename)%00%(upstream:remoteref) refs/heads/main refs/remotes/main [2ms]
2025-05-04 03:05:13.106 [info] > git for-each-ref --sort -committerdate --format %(refname)%00%(objectname)%00%(*objectname) [10ms]
2025-05-04 03:05:13.162 [info] > git status -z -uall [69ms]
2025-05-04 03:05:18.292 [info] > git config --get commit.template [4ms]
2025-05-04 03:05:18.293 [info] > git for-each-ref --format=%(refname)%00%(upstream:short)%00%(objectname)%00%(upstream:track)%00%(upstream:remotename)%00%(upstream:remoteref) refs/heads/main refs/remotes/main [2ms]
2025-05-04 03:05:18.306 [info] > git for-each-ref --sort -committerdate --format %(refname)%00%(objectname)%00%(*objectname) [7ms]
2025-05-04 03:05:18.363 [info] > git status -z -uall [67ms]
2025-05-04 03:05:23.493 [info] > git config --get commit.template [3ms]
2025-05-04 03:05:23.494 [info] > git for-each-ref --format=%(refname)%00%(upstream:short)%00%(objectname)%00%(upstream:track)%00%(upstream:remotename)%00%(upstream:remoteref) refs/heads/main refs/remotes/main [2ms]
2025-05-04 03:05:23.501 [info] > git for-each-ref --sort -committerdate --format %(refname)%00%(objectname)%00%(*objectname) [2ms]
2025-05-04 03:05:23.564 [info] > git status -z -uall [67ms]
2025-05-04 03:05:36.270 [info] > git config --get commit.template [3ms]
2025-05-04 03:05:36.272 [info] > git for-each-ref --format=%(refname)%00%(upstream:short)%00%(objectname)%00%(upstream:track)%00%(upstream:remotename)%00%(upstream:remoteref) refs/heads/main refs/remotes/main [1ms]
2025-05-04 03:05:36.284 [info] > git for-each-ref --sort -committerdate --format %(refname)%00%(objectname)%00%(*objectname) [7ms]
2025-05-04 03:05:36.341 [info] > git status -z -uall [67ms]
2025-05-04 03:05:47.858 [info] > git config --get commit.template [4ms]
2025-05-04 03:05:47.859 [info] > git for-each-ref --format=%(refname)%00%(upstream:short)%00%(objectname)%00%(upstream:track)%00%(upstream:remotename)%00%(upstream:remoteref) refs/heads/main refs/remotes/main [2ms]
2025-05-04 03:05:47.873 [info] > git for-each-ref --sort -committerdate --format %(refname)%00%(objectname)%00%(*objectname) [9ms]
2025-05-04 03:05:47.930 [info] > git status -z -uall [68ms]
2025-05-04 03:05:53.043 [info] > git config --get commit.template [3ms]
2025-05-04 03:05:53.044 [info] > git for-each-ref --format=%(refname)%00%(upstream:short)%00%(objectname)%00%(upstream:track)%00%(upstream:remotename)%00%(upstream:remoteref) refs/heads/main refs/remotes/main [1ms]
2025-05-04 03:05:53.052 [info] > git for-each-ref --sort -committerdate --format %(refname)%00%(objectname)%00%(*objectname) [2ms]
2025-05-04 03:05:53.115 [info] > git status -z -uall [68ms]
2025-05-04 03:06:01.738 [info] > git config --get commit.template [4ms]
2025-05-04 03:06:01.739 [info] > git for-each-ref --format=%(refname)%00%(upstream:short)%00%(objectname)%00%(upstream:track)%00%(upstream:remotename)%00%(upstream:remoteref) refs/heads/main refs/remotes/main [2ms]
2025-05-04 03:06:01.747 [info] > git for-each-ref --sort -committerdate --format %(refname)%00%(objectname)%00%(*objectname) [2ms]
2025-05-04 03:06:01.811 [info] > git status -z -uall [69ms]
2025-05-04 03:06:06.926 [info] > git config --get commit.template [4ms]
2025-05-04 03:06:06.927 [info] > git for-each-ref --format=%(refname)%00%(upstream:short)%00%(objectname)%00%(upstream:track)%00%(upstream:remotename)%00%(upstream:remoteref) refs/heads/main refs/remotes/main [2ms]
2025-05-04 03:06:06.937 [info] > git for-each-ref --sort -committerdate --format %(refname)%00%(objectname)%00%(*objectname) [4ms]
2025-05-04 03:06:07.004 [info] > git status -z -uall [74ms]
2025-05-04 03:06:26.361 [info] > git config --get commit.template [3ms]
2025-05-04 03:06:26.362 [info] > git for-each-ref --format=%(refname)%00%(upstream:short)%00%(objectname)%00%(upstream:track)%00%(upstream:remotename)%00%(upstream:remoteref) refs/heads/main refs/remotes/main [1ms]
2025-05-04 03:06:26.372 [info] > git for-each-ref --sort -committerdate --format %(refname)%00%(objectname)%00%(*objectname) [5ms]
2025-05-04 03:06:26.433 [info] > git status -z -uall [68ms]
2025-05-04 03:06:45.558 [info] > git config --get commit.template [3ms]
2025-05-04 03:06:45.559 [info] > git for-each-ref --format=%(refname)%00%(upstream:short)%00%(objectname)%00%(upstream:track)%00%(upstream:remotename)%00%(upstream:remoteref) refs/heads/main refs/remotes/main [1ms]
2025-05-04 03:06:45.573 [info] > git for-each-ref --sort -committerdate --format %(refname)%00%(objectname)%00%(*objectname) [10ms]
2025-05-04 03:06:45.627 [info] > git status -z -uall [66ms]
2025-05-04 03:06:50.741 [info] > git config --get commit.template [5ms]
2025-05-04 03:06:50.742 [info] > git for-each-ref --format=%(refname)%00%(upstream:short)%00%(objectname)%00%(upstream:track)%00%(upstream:remotename)%00%(upstream:remoteref) refs/heads/main refs/remotes/main [1ms]
2025-05-04 03:06:50.750 [info] > git for-each-ref --sort -committerdate --format %(refname)%00%(objectname)%00%(*objectname) [2ms]
2025-05-04 03:06:50.815 [info] > git status -z -uall [70ms]
2025-05-04 03:06:53.565 [info] > git check-ignore -v -z --stdin [5ms]
2025-05-04 03:06:55.936 [info] > git config --get commit.template [4ms]
2025-05-04 03:06:55.937 [info] > git for-each-ref --format=%(refname)%00%(upstream:short)%00%(objectname)%00%(upstream:track)%00%(upstream:remotename)%00%(upstream:remoteref) refs/heads/main refs/remotes/main [2ms]
2025-05-04 03:06:55.944 [info] > git for-each-ref --sort -committerdate --format %(refname)%00%(objectname)%00%(*objectname) [2ms]
2025-05-04 03:06:56.009 [info] > git status -z -uall [69ms]
2025-05-04 03:07:01.129 [info] > git config --get commit.template [3ms]
2025-05-04 03:07:01.129 [info] > git for-each-ref --format=%(refname)%00%(upstream:short)%00%(objectname)%00%(upstream:track)%00%(upstream:remotename)%00%(upstream:remoteref) refs/heads/main refs/remotes/main [1ms]
2025-05-04 03:07:01.137 [info] > git for-each-ref --sort -committerdate --format %(refname)%00%(objectname)%00%(*objectname) [2ms]
2025-05-04 03:07:01.199 [info] > git status -z -uall [67ms]
2025-05-04 03:07:06.321 [info] > git config --get commit.template [3ms]
2025-05-04 03:07:06.322 [info] > git for-each-ref --format=%(refname)%00%(upstream:short)%00%(objectname)%00%(upstream:track)%00%(upstream:remotename)%00%(upstream:remoteref) refs/heads/main refs/remotes/main [1ms]
2025-05-04 03:07:06.338 [info] > git for-each-ref --sort -committerdate --format %(refname)%00%(objectname)%00%(*objectname) [10ms]
2025-05-04 03:07:06.392 [info] > git status -z -uall [67ms]
2025-05-04 03:07:11.513 [info] > git config --get commit.template [5ms]
2025-05-04 03:07:11.513 [info] > git for-each-ref --format=%(refname)%00%(upstream:short)%00%(objectname)%00%(upstream:track)%00%(upstream:remotename)%00%(upstream:remoteref) refs/heads/main refs/remotes/main [2ms]
2025-05-04 03:07:11.520 [info] > git for-each-ref --sort -committerdate --format %(refname)%00%(objectname)%00%(*objectname) [1ms]
2025-05-04 03:07:11.584 [info] > git status -z -uall [68ms]
2025-05-04 03:07:16.705 [info] > git config --get commit.template [4ms]
2025-05-04 03:07:16.706 [info] > git for-each-ref --format=%(refname)%00%(upstream:short)%00%(objectname)%00%(upstream:track)%00%(upstream:remotename)%00%(upstream:remoteref) refs/heads/main refs/remotes/main [2ms]
2025-05-04 03:07:16.713 [info] > git for-each-ref --sort -committerdate --format %(refname)%00%(objectname)%00%(*objectname) [2ms]
2025-05-04 03:07:16.777 [info] > git status -z -uall [69ms]
2025-05-04 03:07:35.174 [info] > git config --get commit.template [3ms]
2025-05-04 03:07:35.175 [info] > git for-each-ref --format=%(refname)%00%(upstream:short)%00%(objectname)%00%(upstream:track)%00%(upstream:remotename)%00%(upstream:remoteref) refs/heads/main refs/remotes/main [1ms]
2025-05-04 03:07:35.183 [info] > git for-each-ref --sort -committerdate --format %(refname)%00%(objectname)%00%(*objectname) [2ms]
2025-05-04 03:07:35.245 [info] > git status -z -uall [67ms]
2025-05-04 03:07:44.987 [info] > git config --get commit.template [4ms]
2025-05-04 03:07:44.988 [info] > git for-each-ref --format=%(refname)%00%(upstream:short)%00%(objectname)%00%(upstream:track)%00%(upstream:remotename)%00%(upstream:remoteref) refs/heads/main refs/remotes/main [2ms]
2025-05-04 03:07:44.998 [info] > git for-each-ref --sort -committerdate --format %(refname)%00%(objectname)%00%(*objectname) [4ms]
2025-05-04 03:07:45.058 [info] > git status -z -uall [67ms]
2025-05-04 03:08:38.708 [info] > git config --get commit.template [4ms]
2025-05-04 03:08:38.709 [info] > git for-each-ref --format=%(refname)%00%(upstream:short)%00%(objectname)%00%(upstream:track)%00%(upstream:remotename)%00%(upstream:remoteref) refs/heads/main refs/remotes/main [1ms]
2025-05-04 03:08:38.727 [info] > git for-each-ref --sort -committerdate --format %(refname)%00%(objectname)%00%(*objectname) [2ms]
2025-05-04 03:08:38.785 [info] > git status -z -uall [73ms]
2025-05-04 03:10:06.519 [info] > git config --get commit.template [1ms]
2025-05-04 03:10:06.523 [info] > git for-each-ref --format=%(refname)%00%(upstream:short)%00%(objectname)%00%(upstream:track)%00%(upstream:remotename)%00%(upstream:remoteref) refs/heads/main refs/remotes/main [1ms]
2025-05-04 03:10:06.541 [info] > git for-each-ref --sort -committerdate --format %(refname)%00%(objectname)%00%(*objectname) [12ms]
2025-05-04 03:10:06.602 [info] > git status -z -uall [75ms]
2025-05-04 03:10:11.772 [info] > git config --get commit.template [4ms]
2025-05-04 03:10:11.773 [info] > git for-each-ref --format=%(refname)%00%(upstream:short)%00%(objectname)%00%(upstream:track)%00%(upstream:remotename)%00%(upstream:remoteref) refs/heads/main refs/remotes/main [2ms]
2025-05-04 03:10:11.780 [info] > git for-each-ref --sort -committerdate --format %(refname)%00%(objectname)%00%(*objectname) [2ms]
2025-05-04 03:10:11.844 [info] > git status -z -uall [69ms]
2025-05-04 03:11:36.987 [info] > git config --get commit.template [3ms]
2025-05-04 03:11:36.988 [info] > git for-each-ref --format=%(refname)%00%(upstream:short)%00%(objectname)%00%(upstream:track)%00%(upstream:remotename)%00%(upstream:remoteref) refs/heads/main refs/remotes/main [2ms]
2025-05-04 03:11:36.994 [info] > git for-each-ref --sort -committerdate --format %(refname)%00%(objectname)%00%(*objectname) [2ms]
2025-05-04 03:11:37.057 [info] > git status -z -uall [67ms]
2025-05-04 03:11:42.190 [info] > git config --get commit.template [2ms]
2025-05-04 03:11:42.190 [info] > git for-each-ref --format=%(refname)%00%(upstream:short)%00%(objectname)%00%(upstream:track)%00%(upstream:remotename)%00%(upstream:remoteref) refs/heads/main refs/remotes/main [1ms]
2025-05-04 03:11:42.205 [info] > git for-each-ref --sort -committerdate --format %(refname)%00%(objectname)%00%(*objectname) [10ms]
2025-05-04 03:11:42.260 [info] > git status -z -uall [67ms]
2025-05-04 03:11:46.649 [info] > git check-ignore -v -z --stdin [3ms]
2025-05-04 03:11:47.387 [info] > git config --get commit.template [4ms]
2025-05-04 03:11:47.388 [info] > git for-each-ref --format=%(refname)%00%(upstream:short)%00%(objectname)%00%(upstream:track)%00%(upstream:remotename)%00%(upstream:remoteref) refs/heads/main refs/remotes/main [1ms]
2025-05-04 03:11:47.402 [info] > git for-each-ref --sort -committerdate --format %(refname)%00%(objectname)%00%(*objectname) [8ms]
2025-05-04 03:11:47.460 [info] > git status -z -uall [69ms]
2025-05-04 03:11:53.483 [info] > git config --get commit.template [3ms]
2025-05-04 03:11:53.484 [info] > git for-each-ref --format=%(refname)%00%(upstream:short)%00%(objectname)%00%(upstream:track)%00%(upstream:remotename)%00%(upstream:remoteref) refs/heads/main refs/remotes/main [1ms]
2025-05-04 03:11:53.498 [info] > git for-each-ref --sort -committerdate --format %(refname)%00%(objectname)%00%(*objectname) [9ms]
2025-05-04 03:11:53.553 [info] > git status -z -uall [67ms]
2025-05-04 03:12:02.529 [info] > git config --get commit.template [4ms]
2025-05-04 03:12:02.530 [info] > git for-each-ref --format=%(refname)%00%(upstream:short)%00%(objectname)%00%(upstream:track)%00%(upstream:remotename)%00%(upstream:remoteref) refs/heads/main refs/remotes/main [2ms]
2025-05-04 03:12:02.541 [info] > git for-each-ref --sort -committerdate --format %(refname)%00%(objectname)%00%(*objectname) [6ms]
2025-05-04 03:12:02.600 [info] > git status -z -uall [67ms]
2025-05-04 03:12:07.724 [info] > git config --get commit.template [4ms]
2025-05-04 03:12:07.725 [info] > git for-each-ref --format=%(refname)%00%(upstream:short)%00%(objectname)%00%(upstream:track)%00%(upstream:remotename)%00%(upstream:remoteref) refs/heads/main refs/remotes/main [2ms]
2025-05-04 03:12:07.734 [info] > git for-each-ref --sort -committerdate --format %(refname)%00%(objectname)%00%(*objectname) [3ms]
2025-05-04 03:12:07.799 [info] > git status -z -uall [71ms]
2025-05-04 03:12:27.619 [info] > git config --get commit.template [3ms]
2025-05-04 03:12:27.620 [info] > git for-each-ref --format=%(refname)%00%(upstream:short)%00%(objectname)%00%(upstream:track)%00%(upstream:remotename)%00%(upstream:remoteref) refs/heads/main refs/remotes/main [1ms]
2025-05-04 03:12:27.627 [info] > git for-each-ref --sort -committerdate --format %(refname)%00%(objectname)%00%(*objectname) [2ms]
2025-05-04 03:12:27.690 [info] > git status -z -uall [67ms]
2025-05-04 03:12:32.815 [info] > git config --get commit.template [3ms]
2025-05-04 03:12:32.816 [info] > git for-each-ref --format=%(refname)%00%(upstream:short)%00%(objectname)%00%(upstream:track)%00%(upstream:remotename)%00%(upstream:remoteref) refs/heads/main refs/remotes/main [2ms]
2025-05-04 03:12:32.826 [info] > git for-each-ref --sort -committerdate --format %(refname)%00%(objectname)%00%(*objectname) [4ms]
2025-05-04 03:12:32.887 [info] > git status -z -uall [68ms]
2025-05-04 03:13:41.813 [info] > git config --get commit.template [4ms]
2025-05-04 03:13:41.814 [info] > git for-each-ref --format=%(refname)%00%(upstream:short)%00%(objectname)%00%(upstream:track)%00%(upstream:remotename)%00%(upstream:remoteref) refs/heads/main refs/remotes/main [1ms]
2025-05-04 03:13:41.829 [info] > git for-each-ref --sort -committerdate --format %(refname)%00%(objectname)%00%(*objectname) [10ms]
2025-05-04 03:13:41.890 [info] > git status -z -uall [74ms]
2025-05-04 03:13:47.027 [info] > git config --get commit.template [3ms]
2025-05-04 03:13:47.028 [info] > git for-each-ref --format=%(refname)%00%(upstream:short)%00%(objectname)%00%(upstream:track)%00%(upstream:remotename)%00%(upstream:remoteref) refs/heads/main refs/remotes/main [1ms]
2025-05-04 03:13:47.035 [info] > git for-each-ref --sort -committerdate --format %(refname)%00%(objectname)%00%(*objectname) [2ms]
2025-05-04 03:13:47.099 [info] > git status -z -uall [68ms]
2025-05-04 03:13:59.713 [info] > git config --get commit.template [2ms]
2025-05-04 03:13:59.719 [info] > git for-each-ref --format=%(refname)%00%(upstream:short)%00%(objectname)%00%(upstream:track)%00%(upstream:remotename)%00%(upstream:remoteref) refs/heads/main refs/remotes/main [1ms]
2025-05-04 03:13:59.747 [info] > git for-each-ref --sort -committerdate --format %(refname)%00%(objectname)%00%(*objectname) [1ms]
2025-05-04 03:13:59.813 [info] > git status -z -uall [82ms]
2025-05-04 03:14:04.658 [info] > git check-ignore -v -z --stdin [4ms]
2025-05-04 03:14:04.953 [info] > git config --get commit.template [4ms]
2025-05-04 03:14:04.953 [info] > git for-each-ref --format=%(refname)%00%(upstream:short)%00%(objectname)%00%(upstream:track)%00%(upstream:remotename)%00%(upstream:remoteref) refs/heads/main refs/remotes/main [1ms]
2025-05-04 03:14:04.961 [info] > git for-each-ref --sort -committerdate --format %(refname)%00%(objectname)%00%(*objectname) [2ms]
2025-05-04 03:14:05.033 [info] > git status -z -uall [77ms]
2025-05-04 03:15:08.543 [info] > git config --get commit.template [4ms]
2025-05-04 03:15:08.544 [info] > git for-each-ref --format=%(refname)%00%(upstream:short)%00%(objectname)%00%(upstream:track)%00%(upstream:remotename)%00%(upstream:remoteref) refs/heads/main refs/remotes/main [2ms]
2025-05-04 03:15:08.553 [info] > git for-each-ref --sort -committerdate --format %(refname)%00%(objectname)%00%(*objectname) [2ms]
2025-05-04 03:15:08.634 [info] > git status -z -uall [87ms]
2025-05-04 03:16:06.048 [info] > git config --get commit.template [3ms]
2025-05-04 03:16:06.049 [info] > git for-each-ref --format=%(refname)%00%(upstream:short)%00%(objectname)%00%(upstream:track)%00%(upstream:remotename)%00%(upstream:remoteref) refs/heads/main refs/remotes/main [2ms]
2025-05-04 03:16:06.059 [info] > git for-each-ref --sort -committerdate --format %(refname)%00%(objectname)%00%(*objectname) [1ms]
2025-05-04 03:16:06.137 [info] > git status -z -uall [85ms]
2025-05-04 03:18:55.288 [info] > git config --get commit.template [5ms]
2025-05-04 03:18:55.288 [info] > git for-each-ref --format=%(refname)%00%(upstream:short)%00%(objectname)%00%(upstream:track)%00%(upstream:remotename)%00%(upstream:remoteref) refs/heads/main refs/remotes/main [1ms]
2025-05-04 03:18:55.303 [info] > git for-each-ref --sort -committerdate --format %(refname)%00%(objectname)%00%(*objectname) [8ms]
2025-05-04 03:18:55.380 [info] > git status -z -uall [88ms]
2025-05-04 03:19:00.663 [info] > git config --get commit.template [4ms]
2025-05-04 03:19:00.664 [info] > git for-each-ref --format=%(refname)%00%(upstream:short)%00%(objectname)%00%(upstream:track)%00%(upstream:remotename)%00%(upstream:remoteref) refs/heads/main refs/remotes/main [2ms]
2025-05-04 03:19:00.671 [info] > git for-each-ref --sort -committerdate --format %(refname)%00%(objectname)%00%(*objectname) [2ms]
2025-05-04 03:19:00.743 [info] > git status -z -uall [76ms]
2025-05-04 03:19:05.965 [info] > git config --get commit.template [3ms]
2025-05-04 03:19:05.966 [info] > git for-each-ref --format=%(refname)%00%(upstream:short)%00%(objectname)%00%(upstream:track)%00%(upstream:remotename)%00%(upstream:remoteref) refs/heads/main refs/remotes/main [2ms]
2025-05-04 03:19:05.973 [info] > git for-each-ref --sort -committerdate --format %(refname)%00%(objectname)%00%(*objectname) [2ms]
2025-05-04 03:19:06.046 [info] > git status -z -uall [78ms]
2025-05-04 03:19:11.271 [info] > git config --get commit.template [4ms]
2025-05-04 03:19:11.272 [info] > git for-each-ref --format=%(refname)%00%(upstream:short)%00%(objectname)%00%(upstream:track)%00%(upstream:remotename)%00%(upstream:remoteref) refs/heads/main refs/remotes/main [2ms]
2025-05-04 03:19:11.290 [info] > git for-each-ref --sort -committerdate --format %(refname)%00%(objectname)%00%(*objectname) [8ms]
2025-05-04 03:19:11.353 [info] > git status -z -uall [78ms]
2025-05-04 03:19:16.576 [info] > git config --get commit.template [4ms]
2025-05-04 03:19:16.577 [info] > git for-each-ref --format=%(refname)%00%(upstream:short)%00%(objectname)%00%(upstream:track)%00%(upstream:remotename)%00%(upstream:remoteref) refs/heads/main refs/remotes/main [1ms]
2025-05-04 03:19:16.585 [info] > git for-each-ref --sort -committerdate --format %(refname)%00%(objectname)%00%(*objectname) [2ms]
2025-05-04 03:19:16.657 [info] > git status -z -uall [77ms]
2025-05-04 03:19:21.876 [info] > git config --get commit.template [4ms]
2025-05-04 03:19:21.877 [info] > git for-each-ref --format=%(refname)%00%(upstream:short)%00%(objectname)%00%(upstream:track)%00%(upstream:remotename)%00%(upstream:remoteref) refs/heads/main refs/remotes/main [2ms]
2025-05-04 03:19:21.892 [info] > git for-each-ref --sort -committerdate --format %(refname)%00%(objectname)%00%(*objectname) [9ms]
2025-05-04 03:19:21.957 [info] > git status -z -uall [77ms]
2025-05-04 03:19:32.327 [info] > git config --get commit.template [3ms]
2025-05-04 03:19:32.328 [info] > git for-each-ref --format=%(refname)%00%(upstream:short)%00%(objectname)%00%(upstream:track)%00%(upstream:remotename)%00%(upstream:remoteref) refs/heads/main refs/remotes/main [1ms]
2025-05-04 03:19:32.342 [info] > git for-each-ref --sort -committerdate --format %(refname)%00%(objectname)%00%(*objectname) [7ms]
2025-05-04 03:19:32.409 [info] > git status -z -uall [78ms]
2025-05-04 03:19:54.503 [info] > git config --get commit.template [2ms]
2025-05-04 03:19:54.504 [info] > git for-each-ref --format=%(refname)%00%(upstream:short)%00%(objectname)%00%(upstream:track)%00%(upstream:remotename)%00%(upstream:remoteref) refs/heads/main refs/remotes/main [1ms]
2025-05-04 03:19:54.519 [info] > git for-each-ref --sort -committerdate --format %(refname)%00%(objectname)%00%(*objectname) [10ms]
2025-05-04 03:19:54.590 [info] > git status -z -uall [83ms]
2025-05-04 03:19:59.882 [info] > git config --get commit.template [4ms]
2025-05-04 03:19:59.883 [info] > git for-each-ref --format=%(refname)%00%(upstream:short)%00%(objectname)%00%(upstream:track)%00%(upstream:remotename)%00%(upstream:remoteref) refs/heads/main refs/remotes/main [1ms]
2025-05-04 03:19:59.896 [info] > git for-each-ref --sort -committerdate --format %(refname)%00%(objectname)%00%(*objectname) [7ms]
2025-05-04 03:19:59.962 [info] > git status -z -uall [76ms]
2025-05-04 03:20:05.186 [info] > git config --get commit.template [7ms]
2025-05-04 03:20:05.187 [info] > git for-each-ref --format=%(refname)%00%(upstream:short)%00%(objectname)%00%(upstream:track)%00%(upstream:remotename)%00%(upstream:remoteref) refs/heads/main refs/remotes/main [2ms]
2025-05-04 03:20:05.197 [info] > git for-each-ref --sort -committerdate --format %(refname)%00%(objectname)%00%(*objectname) [4ms]
2025-05-04 03:20:05.269 [info] > git status -z -uall [78ms]
2025-05-04 03:20:10.489 [info] > git config --get commit.template [3ms]
2025-05-04 03:20:10.490 [info] > git for-each-ref --format=%(refname)%00%(upstream:short)%00%(objectname)%00%(upstream:track)%00%(upstream:remotename)%00%(upstream:remoteref) refs/heads/main refs/remotes/main [1ms]
2025-05-04 03:20:10.498 [info] > git for-each-ref --sort -committerdate --format %(refname)%00%(objectname)%00%(*objectname) [2ms]
2025-05-04 03:20:10.568 [info] > git status -z -uall [75ms]
2025-05-04 03:20:13.751 [info] > git check-ignore -v -z --stdin [5ms]
2025-05-04 03:20:15.781 [info] > git config --get commit.template [3ms]
2025-05-04 03:20:15.782 [info] > git for-each-ref --format=%(refname)%00%(upstream:short)%00%(objectname)%00%(upstream:track)%00%(upstream:remotename)%00%(upstream:remoteref) refs/heads/main refs/remotes/main [1ms]
2025-05-04 03:20:15.792 [info] > git for-each-ref --sort -committerdate --format %(refname)%00%(objectname)%00%(*objectname) [4ms]
2025-05-04 03:20:15.861 [info] > git status -z -uall [76ms]
2025-05-04 03:20:21.080 [info] > git config --get commit.template [3ms]
2025-05-04 03:20:21.081 [info] > git for-each-ref --format=%(refname)%00%(upstream:short)%00%(objectname)%00%(upstream:track)%00%(upstream:remotename)%00%(upstream:remoteref) refs/heads/main refs/remotes/main [1ms]
2025-05-04 03:20:21.089 [info] > git for-each-ref --sort -committerdate --format %(refname)%00%(objectname)%00%(*objectname) [2ms]
2025-05-04 03:20:21.163 [info] > git status -z -uall [79ms]
2025-05-04 03:20:24.878 [info] > git check-ignore -v -z --stdin [5ms]
2025-05-04 03:20:26.444 [info] > git config --get commit.template [5ms]
2025-05-04 03:20:26.445 [info] > git for-each-ref --format=%(refname)%00%(upstream:short)%00%(objectname)%00%(upstream:track)%00%(upstream:remotename)%00%(upstream:remoteref) refs/heads/main refs/remotes/main [1ms]
2025-05-04 03:20:26.460 [info] > git for-each-ref --sort -committerdate --format %(refname)%00%(objectname)%00%(*objectname) [8ms]
2025-05-04 03:20:26.526 [info] > git status -z -uall [77ms]
2025-05-04 03:20:31.751 [info] > git config --get commit.template [4ms]
2025-05-04 03:20:31.752 [info] > git for-each-ref --format=%(refname)%00%(upstream:short)%00%(objectname)%00%(upstream:track)%00%(upstream:remotename)%00%(upstream:remoteref) refs/heads/main refs/remotes/main [2ms]
2025-05-04 03:20:31.766 [info] > git for-each-ref --sort -committerdate --format %(refname)%00%(objectname)%00%(*objectname) [9ms]
2025-05-04 03:20:31.831 [info] > git status -z -uall [77ms]
2025-05-04 03:20:37.051 [info] > git config --get commit.template [4ms]
2025-05-04 03:20:37.052 [info] > git for-each-ref --format=%(refname)%00%(upstream:short)%00%(objectname)%00%(upstream:track)%00%(upstream:remotename)%00%(upstream:remoteref) refs/heads/main refs/remotes/main [1ms]
2025-05-04 03:20:37.064 [info] > git for-each-ref --sort -committerdate --format %(refname)%00%(objectname)%00%(*objectname) [6ms]
2025-05-04 03:20:37.132 [info] > git status -z -uall [76ms]
2025-05-04 03:21:11.535 [info] > git config --get commit.template [4ms]
2025-05-04 03:21:11.536 [info] > git for-each-ref --format=%(refname)%00%(upstream:short)%00%(objectname)%00%(upstream:track)%00%(upstream:remotename)%00%(upstream:remoteref) refs/heads/main refs/remotes/main [2ms]
2025-05-04 03:21:11.543 [info] > git for-each-ref --sort -committerdate --format %(refname)%00%(objectname)%00%(*objectname) [1ms]
2025-05-04 03:21:11.617 [info] > git status -z -uall [78ms]
2025-05-04 03:21:22.937 [info] > git config --get commit.template [3ms]
2025-05-04 03:21:22.938 [info] > git for-each-ref --format=%(refname)%00%(upstream:short)%00%(objectname)%00%(upstream:track)%00%(upstream:remotename)%00%(upstream:remoteref) refs/heads/main refs/remotes/main [2ms]
2025-05-04 03:21:22.952 [info] > git for-each-ref --sort -committerdate --format %(refname)%00%(objectname)%00%(*objectname) [9ms]
2025-05-04 03:21:23.016 [info] > git status -z -uall [76ms]
2025-05-04 03:21:28.240 [info] > git config --get commit.template [4ms]
2025-05-04 03:21:28.241 [info] > git for-each-ref --format=%(refname)%00%(upstream:short)%00%(objectname)%00%(upstream:track)%00%(upstream:remotename)%00%(upstream:remoteref) refs/heads/main refs/remotes/main [2ms]
2025-05-04 03:21:28.249 [info] > git for-each-ref --sort -committerdate --format %(refname)%00%(objectname)%00%(*objectname) [2ms]
2025-05-04 03:21:28.322 [info] > git status -z -uall [78ms]
2025-05-04 03:21:38.284 [info] > git config --get commit.template [5ms]
2025-05-04 03:21:38.284 [info] > git for-each-ref --format=%(refname)%00%(upstream:short)%00%(objectname)%00%(upstream:track)%00%(upstream:remotename)%00%(upstream:remoteref) refs/heads/main refs/remotes/main [1ms]
2025-05-04 03:21:38.301 [info] > git for-each-ref --sort -committerdate --format %(refname)%00%(objectname)%00%(*objectname) [10ms]
2025-05-04 03:21:38.367 [info] > git status -z -uall [79ms]
2025-05-04 03:21:43.595 [info] > git config --get commit.template [4ms]
2025-05-04 03:21:43.596 [info] > git for-each-ref --format=%(refname)%00%(upstream:short)%00%(objectname)%00%(upstream:track)%00%(upstream:remotename)%00%(upstream:remoteref) refs/heads/main refs/remotes/main [2ms]
2025-05-04 03:21:43.606 [info] > git for-each-ref --sort -committerdate --format %(refname)%00%(objectname)%00%(*objectname) [5ms]
2025-05-04 03:21:43.676 [info] > git status -z -uall [77ms]
2025-05-04 03:21:48.895 [info] > git config --get commit.template [4ms]
2025-05-04 03:21:48.896 [info] > git for-each-ref --format=%(refname)%00%(upstream:short)%00%(objectname)%00%(upstream:track)%00%(upstream:remotename)%00%(upstream:remoteref) refs/heads/main refs/remotes/main [2ms]
2025-05-04 03:21:48.908 [info] > git for-each-ref --sort -committerdate --format %(refname)%00%(objectname)%00%(*objectname) [5ms]
2025-05-04 03:21:48.974 [info] > git status -z -uall [75ms]
2025-05-04 03:21:54.191 [info] > git config --get commit.template [3ms]
2025-05-04 03:21:54.192 [info] > git for-each-ref --format=%(refname)%00%(upstream:short)%00%(objectname)%00%(upstream:track)%00%(upstream:remotename)%00%(upstream:remoteref) refs/heads/main refs/remotes/main [1ms]
2025-05-04 03:21:54.202 [info] > git for-each-ref --sort -committerdate --format %(refname)%00%(objectname)%00%(*objectname) [4ms]
2025-05-04 03:21:54.272 [info] > git status -z -uall [77ms]
2025-05-04 03:21:59.494 [info] > git config --get commit.template [5ms]
2025-05-04 03:21:59.495 [info] > git for-each-ref --format=%(refname)%00%(upstream:short)%00%(objectname)%00%(upstream:track)%00%(upstream:remotename)%00%(upstream:remoteref) refs/heads/main refs/remotes/main [2ms]
2025-05-04 03:21:59.502 [info] > git for-each-ref --sort -committerdate --format %(refname)%00%(objectname)%00%(*objectname) [1ms]
2025-05-04 03:21:59.574 [info] > git status -z -uall [76ms]
2025-05-04 03:22:09.744 [info] > git config --get commit.template [4ms]
2025-05-04 03:22:09.745 [info] > git for-each-ref --format=%(refname)%00%(upstream:short)%00%(objectname)%00%(upstream:track)%00%(upstream:remotename)%00%(upstream:remoteref) refs/heads/main refs/remotes/main [1ms]
2025-05-04 03:22:09.753 [info] > git for-each-ref --sort -committerdate --format %(refname)%00%(objectname)%00%(*objectname) [2ms]
2025-05-04 03:22:09.824 [info] > git status -z -uall [75ms]
2025-05-04 03:22:15.043 [info] > git config --get commit.template [4ms]
2025-05-04 03:22:15.045 [info] > git for-each-ref --format=%(refname)%00%(upstream:short)%00%(objectname)%00%(upstream:track)%00%(upstream:remotename)%00%(upstream:remoteref) refs/heads/main refs/remotes/main [1ms]
2025-05-04 03:22:15.052 [info] > git for-each-ref --sort -committerdate --format %(refname)%00%(objectname)%00%(*objectname) [2ms]
2025-05-04 03:22:15.124 [info] > git status -z -uall [76ms]
2025-05-04 03:22:20.339 [info] > git config --get commit.template [3ms]
2025-05-04 03:22:20.340 [info] > git for-each-ref --format=%(refname)%00%(upstream:short)%00%(objectname)%00%(upstream:track)%00%(upstream:remotename)%00%(upstream:remoteref) refs/heads/main refs/remotes/main [1ms]
2025-05-04 03:22:20.351 [info] > git for-each-ref --sort -committerdate --format %(refname)%00%(objectname)%00%(*objectname) [5ms]
2025-05-04 03:22:20.419 [info] > git status -z -uall [76ms]
2025-05-04 03:22:25.636 [info] > git config --get commit.template [5ms]
2025-05-04 03:22:25.637 [info] > git for-each-ref --format=%(refname)%00%(upstream:short)%00%(objectname)%00%(upstream:track)%00%(upstream:remotename)%00%(upstream:remoteref) refs/heads/main refs/remotes/main [2ms]
2025-05-04 03:22:25.649 [info] > git for-each-ref --sort -committerdate --format %(refname)%00%(objectname)%00%(*objectname) [6ms]
2025-05-04 03:22:25.716 [info] > git status -z -uall [76ms]
2025-05-04 03:22:30.934 [info] > git config --get commit.template [3ms]
2025-05-04 03:22:30.935 [info] > git for-each-ref --format=%(refname)%00%(upstream:short)%00%(objectname)%00%(upstream:track)%00%(upstream:remotename)%00%(upstream:remoteref) refs/heads/main refs/remotes/main [1ms]
2025-05-04 03:22:30.949 [info] > git for-each-ref --sort -committerdate --format %(refname)%00%(objectname)%00%(*objectname) [8ms]
2025-05-04 03:22:31.016 [info] > git status -z -uall [78ms]
2025-05-04 03:22:36.234 [info] > git config --get commit.template [3ms]
2025-05-04 03:22:36.235 [info] > git for-each-ref --format=%(refname)%00%(upstream:short)%00%(objectname)%00%(upstream:track)%00%(upstream:remotename)%00%(upstream:remoteref) refs/heads/main refs/remotes/main [2ms]
2025-05-04 03:22:36.249 [info] > git for-each-ref --sort -committerdate --format %(refname)%00%(objectname)%00%(*objectname) [7ms]
2025-05-04 03:22:36.317 [info] > git status -z -uall [79ms]
2025-05-04 03:22:41.531 [info] > git config --get commit.template [5ms]
2025-05-04 03:22:41.532 [info] > git for-each-ref --format=%(refname)%00%(upstream:short)%00%(objectname)%00%(upstream:track)%00%(upstream:remotename)%00%(upstream:remoteref) refs/heads/main refs/remotes/main [1ms]
2025-05-04 03:22:41.544 [info] > git for-each-ref --sort -committerdate --format %(refname)%00%(objectname)%00%(*objectname) [7ms]
2025-05-04 03:22:41.611 [info] > git status -z -uall [77ms]
2025-05-04 03:22:46.832 [info] > git config --get commit.template [4ms]
2025-05-04 03:22:46.833 [info] > git for-each-ref --format=%(refname)%00%(upstream:short)%00%(objectname)%00%(upstream:track)%00%(upstream:remotename)%00%(upstream:remoteref) refs/heads/main refs/remotes/main [1ms]
2025-05-04 03:22:46.843 [info] > git for-each-ref --sort -committerdate --format %(refname)%00%(objectname)%00%(*objectname) [4ms]
2025-05-04 03:22:46.912 [info] > git status -z -uall [76ms]
2025-05-04 03:22:52.136 [info] > git config --get commit.template [5ms]
2025-05-04 03:22:52.137 [info] > git for-each-ref --format=%(refname)%00%(upstream:short)%00%(objectname)%00%(upstream:track)%00%(upstream:remotename)%00%(upstream:remoteref) refs/heads/main refs/remotes/main [2ms]
2025-05-04 03:22:52.153 [info] > git for-each-ref --sort -committerdate --format %(refname)%00%(objectname)%00%(*objectname) [10ms]
2025-05-04 03:22:52.216 [info] > git status -z -uall [76ms]
2025-05-04 03:23:54.928 [info] > git config --get commit.template [3ms]
2025-05-04 03:23:54.929 [info] > git for-each-ref --format=%(refname)%00%(upstream:short)%00%(objectname)%00%(upstream:track)%00%(upstream:remotename)%00%(upstream:remoteref) refs/heads/main refs/remotes/main [2ms]
2025-05-04 03:23:54.940 [info] > git for-each-ref --sort -committerdate --format %(refname)%00%(objectname)%00%(*objectname) [7ms]
2025-05-04 03:23:55.015 [info] > git status -z -uall [84ms]
2025-05-04 03:24:00.303 [info] > git config --get commit.template [4ms]
2025-05-04 03:24:00.303 [info] > git for-each-ref --format=%(refname)%00%(upstream:short)%00%(objectname)%00%(upstream:track)%00%(upstream:remotename)%00%(upstream:remoteref) refs/heads/main refs/remotes/main [1ms]
2025-05-04 03:24:00.312 [info] > git for-each-ref --sort -committerdate --format %(refname)%00%(objectname)%00%(*objectname) [3ms]
2025-05-04 03:24:00.387 [info] > git status -z -uall [81ms]
2025-05-04 03:24:05.614 [info] > git config --get commit.template [4ms]
2025-05-04 03:24:05.615 [info] > git for-each-ref --format=%(refname)%00%(upstream:short)%00%(objectname)%00%(upstream:track)%00%(upstream:remotename)%00%(upstream:remoteref) refs/heads/main refs/remotes/main [2ms]
2025-05-04 03:24:05.623 [info] > git for-each-ref --sort -committerdate --format %(refname)%00%(objectname)%00%(*objectname) [2ms]
2025-05-04 03:24:05.696 [info] > git status -z -uall [78ms]
2025-05-04 03:29:27.007 [info] > git config --get commit.template [3ms]
2025-05-04 03:29:27.008 [info] > git for-each-ref --format=%(refname)%00%(upstream:short)%00%(objectname)%00%(upstream:track)%00%(upstream:remotename)%00%(upstream:remoteref) refs/heads/main refs/remotes/main [1ms]
2025-05-04 03:29:27.015 [info] > git for-each-ref --sort -committerdate --format %(refname)%00%(objectname)%00%(*objectname) [2ms]
2025-05-04 03:29:27.096 [info] > git status -z -uall [85ms]
2025-05-04 03:53:10.753 [info] > git config --get commit.template [4ms]
2025-05-04 03:53:10.754 [info] > git for-each-ref --format=%(refname)%00%(upstream:short)%00%(objectname)%00%(upstream:track)%00%(upstream:remotename)%00%(upstream:remoteref) refs/heads/main refs/remotes/main [2ms]
2025-05-04 03:53:10.760 [info] > git for-each-ref --sort -committerdate --format %(refname)%00%(objectname)%00%(*objectname) [1ms]
2025-05-04 03:53:10.841 [info] > git status -z -uall [85ms]
2025-05-04 03:54:21.784 [info] > git config --get commit.template [5ms]
2025-05-04 03:54:21.784 [info] > git for-each-ref --format=%(refname)%00%(upstream:short)%00%(objectname)%00%(upstream:track)%00%(upstream:remotename)%00%(upstream:remoteref) refs/heads/main refs/remotes/main [1ms]
2025-05-04 03:54:21.792 [info] > git for-each-ref --sort -committerdate --format %(refname)%00%(objectname)%00%(*objectname) [3ms]
2025-05-04 03:54:21.874 [info] > git status -z -uall [87ms]
2025-05-04 03:54:27.168 [info] > git config --get commit.template [4ms]
2025-05-04 03:54:27.169 [info] > git for-each-ref --format=%(refname)%00%(upstream:short)%00%(objectname)%00%(upstream:track)%00%(upstream:remotename)%00%(upstream:remoteref) refs/heads/main refs/remotes/main [1ms]
2025-05-04 03:54:27.176 [info] > git for-each-ref --sort -committerdate --format %(refname)%00%(objectname)%00%(*objectname) [1ms]
2025-05-04 03:54:27.248 [info] > git status -z -uall [76ms]
2025-05-04 03:54:32.468 [info] > git config --get commit.template [4ms]
2025-05-04 03:54:32.469 [info] > git for-each-ref --format=%(refname)%00%(upstream:short)%00%(objectname)%00%(upstream:track)%00%(upstream:remotename)%00%(upstream:remoteref) refs/heads/main refs/remotes/main [2ms]
2025-05-04 03:54:32.476 [info] > git for-each-ref --sort -committerdate --format %(refname)%00%(objectname)%00%(*objectname) [1ms]
2025-05-04 03:54:32.549 [info] > git status -z -uall [77ms]
2025-05-04 03:54:38.931 [info] > git config --get commit.template [4ms]
2025-05-04 03:54:38.932 [info] > git for-each-ref --format=%(refname)%00%(upstream:short)%00%(objectname)%00%(upstream:track)%00%(upstream:remotename)%00%(upstream:remoteref) refs/heads/main refs/remotes/main [1ms]
2025-05-04 03:54:38.945 [info] > git for-each-ref --sort -committerdate --format %(refname)%00%(objectname)%00%(*objectname) [7ms]
2025-05-04 03:54:39.012 [info] > git status -z -uall [77ms]
2025-05-04 03:54:44.236 [info] > git config --get commit.template [4ms]
2025-05-04 03:54:44.237 [info] > git for-each-ref --format=%(refname)%00%(upstream:short)%00%(objectname)%00%(upstream:track)%00%(upstream:remotename)%00%(upstream:remoteref) refs/heads/main refs/remotes/main [1ms]
2025-05-04 03:54:44.245 [info] > git for-each-ref --sort -committerdate --format %(refname)%00%(objectname)%00%(*objectname) [2ms]
2025-05-04 03:54:44.317 [info] > git status -z -uall [76ms]
2025-05-04 03:54:49.540 [info] > git config --get commit.template [4ms]
2025-05-04 03:54:49.541 [info] > git for-each-ref --format=%(refname)%00%(upstream:short)%00%(objectname)%00%(upstream:track)%00%(upstream:remotename)%00%(upstream:remoteref) refs/heads/main refs/remotes/main [2ms]
2025-05-04 03:54:49.548 [info] > git for-each-ref --sort -committerdate --format %(refname)%00%(objectname)%00%(*objectname) [1ms]
2025-05-04 03:54:49.620 [info] > git status -z -uall [76ms]
2025-05-04 03:54:54.838 [info] > git config --get commit.template [5ms]
2025-05-04 03:54:54.838 [info] > git for-each-ref --format=%(refname)%00%(upstream:short)%00%(objectname)%00%(upstream:track)%00%(upstream:remotename)%00%(upstream:remoteref) refs/heads/main refs/remotes/main [1ms]
2025-05-04 03:54:54.847 [info] > git for-each-ref --sort -committerdate --format %(refname)%00%(objectname)%00%(*objectname) [2ms]
2025-05-04 03:54:54.918 [info] > git status -z -uall [76ms]
2025-05-04 03:55:00.140 [info] > git config --get commit.template [5ms]
2025-05-04 03:55:00.141 [info] > git for-each-ref --format=%(refname)%00%(upstream:short)%00%(objectname)%00%(upstream:track)%00%(upstream:remotename)%00%(upstream:remoteref) refs/heads/main refs/remotes/main [3ms]
2025-05-04 03:55:00.148 [info] > git for-each-ref --sort -committerdate --format %(refname)%00%(objectname)%00%(*objectname) [1ms]
2025-05-04 03:55:00.222 [info] > git status -z -uall [78ms]
2025-05-04 03:55:05.441 [info] > git config --get commit.template [5ms]
2025-05-04 03:55:05.441 [info] > git for-each-ref --format=%(refname)%00%(upstream:short)%00%(objectname)%00%(upstream:track)%00%(upstream:remotename)%00%(upstream:remoteref) refs/heads/main refs/remotes/main [1ms]
2025-05-04 03:55:05.455 [info] > git for-each-ref --sort -committerdate --format %(refname)%00%(objectname)%00%(*objectname) [8ms]
2025-05-04 03:55:05.521 [info] > git status -z -uall [77ms]
2025-05-04 03:55:10.741 [info] > git config --get commit.template [4ms]
2025-05-04 03:55:10.742 [info] > git for-each-ref --format=%(refname)%00%(upstream:short)%00%(objectname)%00%(upstream:track)%00%(upstream:remotename)%00%(upstream:remoteref) refs/heads/main refs/remotes/main [1ms]
2025-05-04 03:55:10.755 [info] > git for-each-ref --sort -committerdate --format %(refname)%00%(objectname)%00%(*objectname) [7ms]
2025-05-04 03:55:10.822 [info] > git status -z -uall [77ms]
2025-05-04 03:55:16.039 [info] > git config --get commit.template [4ms]
2025-05-04 03:55:16.040 [info] > git for-each-ref --format=%(refname)%00%(upstream:short)%00%(objectname)%00%(upstream:track)%00%(upstream:remotename)%00%(upstream:remoteref) refs/heads/main refs/remotes/main [2ms]
2025-05-04 03:55:16.048 [info] > git for-each-ref --sort -committerdate --format %(refname)%00%(objectname)%00%(*objectname) [2ms]
2025-05-04 03:55:16.120 [info] > git status -z -uall [77ms]
2025-05-04 03:55:21.335 [info] > git config --get commit.template [1ms]
2025-05-04 03:55:21.340 [info] > git for-each-ref --format=%(refname)%00%(upstream:short)%00%(objectname)%00%(upstream:track)%00%(upstream:remotename)%00%(upstream:remoteref) refs/heads/main refs/remotes/main [2ms]
2025-05-04 03:55:21.353 [info] > git for-each-ref --sort -committerdate --format %(refname)%00%(objectname)%00%(*objectname) [7ms]
2025-05-04 03:55:21.421 [info] > git status -z -uall [78ms]
2025-05-04 03:55:26.640 [info] > git config --get commit.template [4ms]
2025-05-04 03:55:26.641 [info] > git for-each-ref --format=%(refname)%00%(upstream:short)%00%(objectname)%00%(upstream:track)%00%(upstream:remotename)%00%(upstream:remoteref) refs/heads/main refs/remotes/main [2ms]
2025-05-04 03:55:26.649 [info] > git for-each-ref --sort -committerdate --format %(refname)%00%(objectname)%00%(*objectname) [2ms]
2025-05-04 03:55:26.721 [info] > git status -z -uall [77ms]
2025-05-04 03:55:31.939 [info] > git config --get commit.template [4ms]
2025-05-04 03:55:31.939 [info] > git for-each-ref --format=%(refname)%00%(upstream:short)%00%(objectname)%00%(upstream:track)%00%(upstream:remotename)%00%(upstream:remoteref) refs/heads/main refs/remotes/main [1ms]
2025-05-04 03:55:31.955 [info] > git for-each-ref --sort -committerdate --format %(refname)%00%(objectname)%00%(*objectname) [10ms]
2025-05-04 03:55:32.018 [info] > git status -z -uall [76ms]
2025-05-04 03:55:37.239 [info] > git config --get commit.template [4ms]
2025-05-04 03:55:37.240 [info] > git for-each-ref --format=%(refname)%00%(upstream:short)%00%(objectname)%00%(upstream:track)%00%(upstream:remotename)%00%(upstream:remoteref) refs/heads/main refs/remotes/main [1ms]
2025-05-04 03:55:37.247 [info] > git for-each-ref --sort -committerdate --format %(refname)%00%(objectname)%00%(*objectname) [1ms]
2025-05-04 03:55:37.320 [info] > git status -z -uall [77ms]
2025-05-04 03:55:42.538 [info] > git config --get commit.template [4ms]
2025-05-04 03:55:42.539 [info] > git for-each-ref --format=%(refname)%00%(upstream:short)%00%(objectname)%00%(upstream:track)%00%(upstream:remotename)%00%(upstream:remoteref) refs/heads/main refs/remotes/main [2ms]
2025-05-04 03:55:42.552 [info] > git for-each-ref --sort -committerdate --format %(refname)%00%(objectname)%00%(*objectname) [7ms]
2025-05-04 03:55:42.618 [info] > git status -z -uall [76ms]
2025-05-04 04:00:28.565 [info] > git config --get commit.template [1ms]
2025-05-04 04:00:28.569 [info] > git for-each-ref --format=%(refname)%00%(upstream:short)%00%(objectname)%00%(upstream:track)%00%(upstream:remotename)%00%(upstream:remoteref) refs/heads/main refs/remotes/main [1ms]
2025-05-04 04:00:28.577 [info] > git for-each-ref --sort -committerdate --format %(refname)%00%(objectname)%00%(*objectname) [1ms]
2025-05-04 04:00:28.658 [info] > git status -z -uall [86ms]
2025-05-04 04:00:33.943 [info] > git config --get commit.template [3ms]
2025-05-04 04:00:33.944 [info] > git for-each-ref --format=%(refname)%00%(upstream:short)%00%(objectname)%00%(upstream:track)%00%(upstream:remotename)%00%(upstream:remoteref) refs/heads/main refs/remotes/main [1ms]
2025-05-04 04:00:33.958 [info] > git for-each-ref --sort -committerdate --format %(refname)%00%(objectname)%00%(*objectname) [9ms]
2025-05-04 04:00:34.024 [info] > git status -z -uall [77ms]
2025-05-04 04:00:39.250 [info] > git config --get commit.template [4ms]
2025-05-04 04:00:39.251 [info] > git for-each-ref --format=%(refname)%00%(upstream:short)%00%(objectname)%00%(upstream:track)%00%(upstream:remotename)%00%(upstream:remoteref) refs/heads/main refs/remotes/main [1ms]
2025-05-04 04:00:39.265 [info] > git for-each-ref --sort -committerdate --format %(refname)%00%(objectname)%00%(*objectname) [9ms]
2025-05-04 04:00:39.331 [info] > git status -z -uall [77ms]
2025-05-04 04:00:44.544 [info] > git config --get commit.template [4ms]
2025-05-04 04:00:44.545 [info] > git for-each-ref --format=%(refname)%00%(upstream:short)%00%(objectname)%00%(upstream:track)%00%(upstream:remotename)%00%(upstream:remoteref) refs/heads/main refs/remotes/main [2ms]
2025-05-04 04:00:44.557 [info] > git for-each-ref --sort -committerdate --format %(refname)%00%(objectname)%00%(*objectname) [6ms]
2025-05-04 04:00:44.625 [info] > git status -z -uall [77ms]
2025-05-04 04:00:49.842 [info] > git config --get commit.template [4ms]
2025-05-04 04:00:49.843 [info] > git for-each-ref --format=%(refname)%00%(upstream:short)%00%(objectname)%00%(upstream:track)%00%(upstream:remotename)%00%(upstream:remoteref) refs/heads/main refs/remotes/main [2ms]
2025-05-04 04:00:49.850 [info] > git for-each-ref --sort -committerdate --format %(refname)%00%(objectname)%00%(*objectname) [1ms]
2025-05-04 04:00:49.922 [info] > git status -z -uall [76ms]
2025-05-04 04:00:55.135 [info] > git config --get commit.template [4ms]
2025-05-04 04:00:55.136 [info] > git for-each-ref --format=%(refname)%00%(upstream:short)%00%(objectname)%00%(upstream:track)%00%(upstream:remotename)%00%(upstream:remoteref) refs/heads/main refs/remotes/main [1ms]
2025-05-04 04:00:55.147 [info] > git for-each-ref --sort -committerdate --format %(refname)%00%(objectname)%00%(*objectname) [5ms]
2025-05-04 04:00:55.214 [info] > git status -z -uall [75ms]
2025-05-04 04:01:00.429 [info] > git config --get commit.template [4ms]
2025-05-04 04:01:00.430 [info] > git for-each-ref --format=%(refname)%00%(upstream:short)%00%(objectname)%00%(upstream:track)%00%(upstream:remotename)%00%(upstream:remoteref) refs/heads/main refs/remotes/main [2ms]
2025-05-04 04:01:00.438 [info] > git for-each-ref --sort -committerdate --format %(refname)%00%(objectname)%00%(*objectname) [2ms]
2025-05-04 04:01:00.511 [info] > git status -z -uall [77ms]
2025-05-04 04:01:05.734 [info] > git config --get commit.template [4ms]
2025-05-04 04:01:05.735 [info] > git for-each-ref --format=%(refname)%00%(upstream:short)%00%(objectname)%00%(upstream:track)%00%(upstream:remotename)%00%(upstream:remoteref) refs/heads/main refs/remotes/main [1ms]
2025-05-04 04:01:05.743 [info] > git for-each-ref --sort -committerdate --format %(refname)%00%(objectname)%00%(*objectname) [2ms]
2025-05-04 04:01:05.815 [info] > git status -z -uall [77ms]
2025-05-04 04:01:11.030 [info] > git config --get commit.template [3ms]
2025-05-04 04:01:11.031 [info] > git for-each-ref --format=%(refname)%00%(upstream:short)%00%(objectname)%00%(upstream:track)%00%(upstream:remotename)%00%(upstream:remoteref) refs/heads/main refs/remotes/main [1ms]
2025-05-04 04:01:11.044 [info] > git for-each-ref --sort -committerdate --format %(refname)%00%(objectname)%00%(*objectname) [7ms]
2025-05-04 04:01:11.110 [info] > git status -z -uall [76ms]
2025-05-04 04:01:16.327 [info] > git config --get commit.template [4ms]
2025-05-04 04:01:16.328 [info] > git for-each-ref --format=%(refname)%00%(upstream:short)%00%(objectname)%00%(upstream:track)%00%(upstream:remotename)%00%(upstream:remoteref) refs/heads/main refs/remotes/main [1ms]
2025-05-04 04:01:16.337 [info] > git for-each-ref --sort -committerdate --format %(refname)%00%(objectname)%00%(*objectname) [2ms]
2025-05-04 04:01:16.407 [info] > git status -z -uall [76ms]
2025-05-04 04:01:21.636 [info] > git config --get commit.template [4ms]
2025-05-04 04:01:21.637 [info] > git for-each-ref --format=%(refname)%00%(upstream:short)%00%(objectname)%00%(upstream:track)%00%(upstream:remotename)%00%(upstream:remoteref) refs/heads/main refs/remotes/main [2ms]
2025-05-04 04:01:21.645 [info] > git for-each-ref --sort -committerdate --format %(refname)%00%(objectname)%00%(*objectname) [2ms]
2025-05-04 04:01:21.717 [info] > git status -z -uall [77ms]
2025-05-04 04:01:26.933 [info] > git config --get commit.template [4ms]
2025-05-04 04:01:26.934 [info] > git for-each-ref --format=%(refname)%00%(upstream:short)%00%(objectname)%00%(upstream:track)%00%(upstream:remotename)%00%(upstream:remoteref) refs/heads/main refs/remotes/main [2ms]
2025-05-04 04:01:26.944 [info] > git for-each-ref --sort -committerdate --format %(refname)%00%(objectname)%00%(*objectname) [4ms]
2025-05-04 04:01:27.013 [info] > git status -z -uall [76ms]
2025-05-04 04:01:47.138 [info] > git config --get commit.template [3ms]
2025-05-04 04:01:47.139 [info] > git for-each-ref --format=%(refname)%00%(upstream:short)%00%(objectname)%00%(upstream:track)%00%(upstream:remotename)%00%(upstream:remoteref) refs/heads/main refs/remotes/main [2ms]
2025-05-04 04:01:47.153 [info] > git for-each-ref --sort -committerdate --format %(refname)%00%(objectname)%00%(*objectname) [6ms]
2025-05-04 04:01:47.221 [info] > git status -z -uall [79ms]
2025-05-04 04:01:52.518 [info] > git config --get commit.template [4ms]
2025-05-04 04:01:52.518 [info] > git for-each-ref --format=%(refname)%00%(upstream:short)%00%(objectname)%00%(upstream:track)%00%(upstream:remotename)%00%(upstream:remoteref) refs/heads/main refs/remotes/main [1ms]
2025-05-04 04:01:52.527 [info] > git for-each-ref --sort -committerdate --format %(refname)%00%(objectname)%00%(*objectname) [3ms]
2025-05-04 04:01:52.598 [info] > git status -z -uall [77ms]
2025-05-04 04:01:57.818 [info] > git config --get commit.template [4ms]
2025-05-04 04:01:57.819 [info] > git for-each-ref --format=%(refname)%00%(upstream:short)%00%(objectname)%00%(upstream:track)%00%(upstream:remotename)%00%(upstream:remoteref) refs/heads/main refs/remotes/main [2ms]
2025-05-04 04:01:57.826 [info] > git for-each-ref --sort -committerdate --format %(refname)%00%(objectname)%00%(*objectname) [2ms]
2025-05-04 04:01:57.900 [info] > git status -z -uall [78ms]
2025-05-04 04:02:03.127 [info] > git config --get commit.template [4ms]
2025-05-04 04:02:03.128 [info] > git for-each-ref --format=%(refname)%00%(upstream:short)%00%(objectname)%00%(upstream:track)%00%(upstream:remotename)%00%(upstream:remoteref) refs/heads/main refs/remotes/main [1ms]
2025-05-04 04:02:03.142 [info] > git for-each-ref --sort -committerdate --format %(refname)%00%(objectname)%00%(*objectname) [8ms]
2025-05-04 04:02:03.208 [info] > git status -z -uall [77ms]
2025-05-04 04:02:08.429 [info] > git config --get commit.template [4ms]
2025-05-04 04:02:08.430 [info] > git for-each-ref --format=%(refname)%00%(upstream:short)%00%(objectname)%00%(upstream:track)%00%(upstream:remotename)%00%(upstream:remoteref) refs/heads/main refs/remotes/main [1ms]
2025-05-04 04:02:08.438 [info] > git for-each-ref --sort -committerdate --format %(refname)%00%(objectname)%00%(*objectname) [2ms]
2025-05-04 04:02:08.510 [info] > git status -z -uall [77ms]
2025-05-04 04:02:13.728 [info] > git config --get commit.template [3ms]
2025-05-04 04:02:13.730 [info] > git for-each-ref --format=%(refname)%00%(upstream:short)%00%(objectname)%00%(upstream:track)%00%(upstream:remotename)%00%(upstream:remoteref) refs/heads/main refs/remotes/main [2ms]
2025-05-04 04:02:13.737 [info] > git for-each-ref --sort -committerdate --format %(refname)%00%(objectname)%00%(*objectname) [2ms]
2025-05-04 04:02:13.807 [info] > git status -z -uall [75ms]
2025-05-04 04:09:56.092 [info] > git config --get commit.template [2ms]
2025-05-04 04:09:56.093 [info] > git for-each-ref --format=%(refname)%00%(upstream:short)%00%(objectname)%00%(upstream:track)%00%(upstream:remotename)%00%(upstream:remoteref) refs/heads/main refs/remotes/main [1ms]
2025-05-04 04:09:56.100 [info] > git for-each-ref --sort -committerdate --format %(refname)%00%(objectname)%00%(*objectname) [2ms]
2025-05-04 04:09:56.182 [info] > git status -z -uall [87ms]
2025-05-04 04:10:04.523 [info] > git config --get commit.template [3ms]
2025-05-04 04:10:04.524 [info] > git for-each-ref --format=%(refname)%00%(upstream:short)%00%(objectname)%00%(upstream:track)%00%(upstream:remotename)%00%(upstream:remoteref) refs/heads/main refs/remotes/main [2ms]
2025-05-04 04:10:04.533 [info] > git for-each-ref --sort -committerdate --format %(refname)%00%(objectname)%00%(*objectname) [4ms]
2025-05-04 04:10:04.604 [info] > git status -z -uall [77ms]
2025-05-04 04:10:09.824 [info] > git config --get commit.template [3ms]
2025-05-04 04:10:09.825 [info] > git for-each-ref --format=%(refname)%00%(upstream:short)%00%(objectname)%00%(upstream:track)%00%(upstream:remotename)%00%(upstream:remoteref) refs/heads/main refs/remotes/main [1ms]
2025-05-04 04:10:09.832 [info] > git for-each-ref --sort -committerdate --format %(refname)%00%(objectname)%00%(*objectname) [2ms]
2025-05-04 04:10:09.905 [info] > git status -z -uall [77ms]
2025-05-04 04:10:16.276 [info] > git config --get commit.template [3ms]
2025-05-04 04:10:16.277 [info] > git for-each-ref --format=%(refname)%00%(upstream:short)%00%(objectname)%00%(upstream:track)%00%(upstream:remotename)%00%(upstream:remoteref) refs/heads/main refs/remotes/main [1ms]
2025-05-04 04:10:16.292 [info] > git for-each-ref --sort -committerdate --format %(refname)%00%(objectname)%00%(*objectname) [10ms]
2025-05-04 04:10:16.355 [info] > git status -z -uall [75ms]
2025-05-04 04:10:27.221 [info] > git config --get commit.template [4ms]
2025-05-04 04:10:27.222 [info] > git for-each-ref --format=%(refname)%00%(upstream:short)%00%(objectname)%00%(upstream:track)%00%(upstream:remotename)%00%(upstream:remoteref) refs/heads/main refs/remotes/main [1ms]
2025-05-04 04:10:27.235 [info] > git for-each-ref --sort -committerdate --format %(refname)%00%(objectname)%00%(*objectname) [8ms]
2025-05-04 04:10:27.300 [info] > git status -z -uall [75ms]
2025-05-04 04:10:32.520 [info] > git config --get commit.template [4ms]
2025-05-04 04:10:32.521 [info] > git for-each-ref --format=%(refname)%00%(upstream:short)%00%(objectname)%00%(upstream:track)%00%(upstream:remotename)%00%(upstream:remoteref) refs/heads/main refs/remotes/main [2ms]
2025-05-04 04:10:32.529 [info] > git for-each-ref --sort -committerdate --format %(refname)%00%(objectname)%00%(*objectname) [2ms]
2025-05-04 04:10:32.599 [info] > git status -z -uall [75ms]
2025-05-04 04:10:37.817 [info] > git config --get commit.template [4ms]
2025-05-04 04:10:37.818 [info] > git for-each-ref --format=%(refname)%00%(upstream:short)%00%(objectname)%00%(upstream:track)%00%(upstream:remotename)%00%(upstream:remoteref) refs/heads/main refs/remotes/main [2ms]
2025-05-04 04:10:37.831 [info] > git for-each-ref --sort -committerdate --format %(refname)%00%(objectname)%00%(*objectname) [8ms]
2025-05-04 04:10:37.897 [info] > git status -z -uall [76ms]
2025-05-04 04:12:05.962 [info] > git config --get commit.template [3ms]
2025-05-04 04:12:05.963 [info] > git for-each-ref --format=%(refname)%00%(upstream:short)%00%(objectname)%00%(upstream:track)%00%(upstream:remotename)%00%(upstream:remoteref) refs/heads/main refs/remotes/main [2ms]
2025-05-04 04:12:05.969 [info] > git for-each-ref --sort -committerdate --format %(refname)%00%(objectname)%00%(*objectname) [1ms]
2025-05-04 04:12:06.051 [info] > git status -z -uall [85ms]
2025-05-04 04:12:11.338 [info] > git config --get commit.template [4ms]
2025-05-04 04:12:11.339 [info] > git for-each-ref --format=%(refname)%00%(upstream:short)%00%(objectname)%00%(upstream:track)%00%(upstream:remotename)%00%(upstream:remoteref) refs/heads/main refs/remotes/main [2ms]
2025-05-04 04:12:11.352 [info] > git for-each-ref --sort -committerdate --format %(refname)%00%(objectname)%00%(*objectname) [8ms]
2025-05-04 04:12:11.419 [info] > git status -z -uall [78ms]
2025-05-04 04:12:16.645 [info] > git config --get commit.template [3ms]
2025-05-04 04:12:16.646 [info] > git for-each-ref --format=%(refname)%00%(upstream:short)%00%(objectname)%00%(upstream:track)%00%(upstream:remotename)%00%(upstream:remoteref) refs/heads/main refs/remotes/main [2ms]
2025-05-04 04:12:16.653 [info] > git for-each-ref --sort -committerdate --format %(refname)%00%(objectname)%00%(*objectname) [2ms]
2025-05-04 04:12:16.725 [info] > git status -z -uall [77ms]
2025-05-04 04:12:21.949 [info] > git config --get commit.template [3ms]
2025-05-04 04:12:21.950 [info] > git for-each-ref --format=%(refname)%00%(upstream:short)%00%(objectname)%00%(upstream:track)%00%(upstream:remotename)%00%(upstream:remoteref) refs/heads/main refs/remotes/main [1ms]
2025-05-04 04:12:21.964 [info] > git for-each-ref --sort -committerdate --format %(refname)%00%(objectname)%00%(*objectname) [9ms]
2025-05-04 04:12:22.030 [info] > git status -z -uall [77ms]
2025-05-04 04:12:27.266 [info] > git config --get commit.template [4ms]
2025-05-04 04:12:27.267 [info] > git for-each-ref --format=%(refname)%00%(upstream:short)%00%(objectname)%00%(upstream:track)%00%(upstream:remotename)%00%(upstream:remoteref) refs/heads/main refs/remotes/main [2ms]
2025-05-04 04:12:27.283 [info] > git for-each-ref --sort -committerdate --format %(refname)%00%(objectname)%00%(*objectname) [1ms]
2025-05-04 04:12:27.350 [info] > git status -z -uall [79ms]
2025-05-04 04:12:38.264 [info] > git config --get commit.template [4ms]
2025-05-04 04:12:38.265 [info] > git for-each-ref --format=%(refname)%00%(upstream:short)%00%(objectname)%00%(upstream:track)%00%(upstream:remotename)%00%(upstream:remoteref) refs/heads/main refs/remotes/main [2ms]
2025-05-04 04:12:38.274 [info] > git for-each-ref --sort -committerdate --format %(refname)%00%(objectname)%00%(*objectname) [4ms]
2025-05-04 04:12:38.346 [info] > git status -z -uall [78ms]
2025-05-04 04:12:43.574 [info] > git config --get commit.template [4ms]
2025-05-04 04:12:43.575 [info] > git for-each-ref --format=%(refname)%00%(upstream:short)%00%(objectname)%00%(upstream:track)%00%(upstream:remotename)%00%(upstream:remoteref) refs/heads/main refs/remotes/main [2ms]
2025-05-04 04:12:43.589 [info] > git for-each-ref --sort -committerdate --format %(refname)%00%(objectname)%00%(*objectname) [8ms]
2025-05-04 04:12:43.655 [info] > git status -z -uall [77ms]
2025-05-04 04:14:58.379 [info] > git config --get commit.template [4ms]
2025-05-04 04:14:58.379 [info] > git for-each-ref --format=%(refname)%00%(upstream:short)%00%(objectname)%00%(upstream:track)%00%(upstream:remotename)%00%(upstream:remoteref) refs/heads/main refs/remotes/main [2ms]
2025-05-04 04:14:58.396 [info] > git for-each-ref --sort -committerdate --format %(refname)%00%(objectname)%00%(*objectname) [10ms]
2025-05-04 04:14:58.470 [info] > git status -z -uall [88ms]
2025-05-04 04:15:11.043 [info] > git config --get commit.template [2ms]
2025-05-04 04:15:11.043 [info] > git for-each-ref --format=%(refname)%00%(upstream:short)%00%(objectname)%00%(upstream:track)%00%(upstream:remotename)%00%(upstream:remoteref) refs/heads/main refs/remotes/main [1ms]
2025-05-04 04:15:11.051 [info] > git for-each-ref --sort -committerdate --format %(refname)%00%(objectname)%00%(*objectname) [2ms]
2025-05-04 04:15:11.124 [info] > git status -z -uall [78ms]
2025-05-04 04:15:16.354 [info] > git config --get commit.template [3ms]
2025-05-04 04:15:16.354 [info] > git for-each-ref --format=%(refname)%00%(upstream:short)%00%(objectname)%00%(upstream:track)%00%(upstream:remotename)%00%(upstream:remoteref) refs/heads/main refs/remotes/main [1ms]
2025-05-04 04:15:16.362 [info] > git for-each-ref --sort -committerdate --format %(refname)%00%(objectname)%00%(*objectname) [2ms]
2025-05-04 04:15:16.437 [info] > git status -z -uall [80ms]
