2025-02-14 21:24:04.610 [info] [main] Log level: Info
2025-02-14 21:24:04.610 [info] [main] Validating found git in: "git"
2025-02-14 21:24:04.610 [info] [main] Using git "2.34.1" from "git"
2025-02-14 21:24:04.610 [info] [Model][doInitialScan] Initial repository scan started
2025-02-14 21:24:04.610 [info] > git rev-parse --show-toplevel [26ms]
2025-02-14 21:24:04.610 [info] > git rev-parse --git-dir --git-common-dir [2ms]
2025-02-14 21:24:04.610 [info] [Model][openRepository] Opened repository: /home/student
2025-02-14 21:24:04.610 [info] > git rev-parse --show-toplevel [5ms]
2025-02-14 21:24:04.610 [info] > git config --get commit.template [8ms]
2025-02-14 21:24:04.610 [info] [Git][getRemotes] No remotes found in the git config file
2025-02-14 21:24:04.610 [info] > git rev-parse --show-toplevel [3ms]
2025-02-14 21:24:04.610 [info] > git rev-parse --show-toplevel [1ms]
2025-02-14 21:24:04.611 [info] [Model][doInitialScan] Initial repository scan completed - repositories (1), closed repositories (0), parent repositories (0), unsafe repositories (0)
2025-02-14 21:24:04.611 [info] > git for-each-ref --format=%(refname)%00%(upstream:short)%00%(objectname)%00%(upstream:track)%00%(upstream:remotename)%00%(upstream:remoteref) refs/heads/main refs/remotes/main [9ms]
2025-02-14 21:24:04.624 [info] > git for-each-ref --sort -committerdate --format %(refname) %(objectname) %(*objectname) [17ms]
2025-02-14 21:24:04.664 [info] > git status -z -uall [60ms]
2025-02-14 21:24:05.132 [info] > git for-each-ref --format=%(refname)%00%(upstream:short)%00%(objectname)%00%(upstream:track)%00%(upstream:remotename)%00%(upstream:remoteref) refs/heads/main refs/remotes/main [422ms]
2025-02-14 21:24:05.137 [info] > git config --get --local branch.main.vscode-merge-base [2ms]
2025-02-14 21:24:05.137 [warning] [Git][config] git config failed: Failed to execute git
2025-02-14 21:24:05.140 [info] > git config --get commit.template [8ms]
2025-02-14 21:24:05.140 [info] [Git][getRemotes] No remotes found in the git config file
2025-02-14 21:24:05.144 [info] > git for-each-ref --format=%(refname)%00%(upstream:short)%00%(objectname)%00%(upstream:track)%00%(upstream:remotename)%00%(upstream:remoteref) refs/heads/main refs/remotes/main [2ms]
2025-02-14 21:24:05.150 [info] > git reflog main --grep-reflog=branch: Created from *. [11ms]
2025-02-14 21:24:05.151 [info] > git for-each-ref --sort -committerdate --format %(refname) %(objectname) %(*objectname) [2ms]
2025-02-14 21:24:05.169 [info] > git status -z -uall [24ms]
2025-02-14 21:24:05.588 [info] > git check-ignore -v -z --stdin [3ms]
2025-02-14 21:24:07.984 [info] > git ls-files --stage -- /home/student/Engr212_Tsegay_Asmerom [3ms]
2025-02-14 21:24:07.987 [info] > git show --textconv :Engr212_Tsegay_Asmerom [8ms]
2025-02-14 21:24:07.987 [info] > git cat-file -s a13ca7dcc37eb971d6ef1c7409c5244c31420477 [1ms]
2025-02-14 21:24:08.190 [info] > git blame --root --incremental 00a3036e707f2876d3c04f67d439dc1a741db202 -- /home/student/Engr212_Tsegay_Asmerom [2ms]
2025-02-14 21:24:08.396 [info] > git config --get commit.template [3ms]
2025-02-14 21:24:08.396 [info] [Git][getRemotes] No remotes found in the git config file
2025-02-14 21:24:08.396 [info] > git for-each-ref --format=%(refname)%00%(upstream:short)%00%(objectname)%00%(upstream:track)%00%(upstream:remotename)%00%(upstream:remoteref) refs/heads/main refs/remotes/main [1ms]
2025-02-14 21:24:08.402 [info] > git for-each-ref --sort -committerdate --format %(refname) %(objectname) %(*objectname) [2ms]
2025-02-14 21:24:08.421 [info] > git status -z -uall [23ms]
2025-02-14 21:24:13.454 [info] [Git][getRemotes] No remotes found in the git config file
2025-02-14 21:24:13.455 [info] > git config --get commit.template [3ms]
2025-02-14 21:24:13.455 [info] > git for-each-ref --format=%(refname)%00%(upstream:short)%00%(objectname)%00%(upstream:track)%00%(upstream:remotename)%00%(upstream:remoteref) refs/heads/main refs/remotes/main [1ms]
2025-02-14 21:24:13.462 [info] > git for-each-ref --sort -committerdate --format %(refname) %(objectname) %(*objectname) [1ms]
2025-02-14 21:24:13.479 [info] > git status -z -uall [22ms]
2025-02-14 21:24:18.509 [info] [Git][getRemotes] No remotes found in the git config file
2025-02-14 21:24:18.510 [info] > git config --get commit.template [3ms]
2025-02-14 21:24:18.511 [info] > git for-each-ref --format=%(refname)%00%(upstream:short)%00%(objectname)%00%(upstream:track)%00%(upstream:remotename)%00%(upstream:remoteref) refs/heads/main refs/remotes/main [2ms]
2025-02-14 21:24:18.517 [info] > git for-each-ref --sort -committerdate --format %(refname) %(objectname) %(*objectname) [1ms]
2025-02-14 21:24:18.536 [info] > git status -z -uall [23ms]
2025-02-14 21:24:23.566 [info] [Git][getRemotes] No remotes found in the git config file
2025-02-14 21:24:23.567 [info] > git config --get commit.template [4ms]
2025-02-14 21:24:23.568 [info] > git for-each-ref --format=%(refname)%00%(upstream:short)%00%(objectname)%00%(upstream:track)%00%(upstream:remotename)%00%(upstream:remoteref) refs/heads/main refs/remotes/main [2ms]
2025-02-14 21:24:23.574 [info] > git for-each-ref --sort -committerdate --format %(refname) %(objectname) %(*objectname) [2ms]
2025-02-14 21:24:23.592 [info] > git status -z -uall [22ms]
2025-02-14 21:24:28.620 [info] [Git][getRemotes] No remotes found in the git config file
2025-02-14 21:24:28.620 [info] > git config --get commit.template [3ms]
2025-02-14 21:24:28.621 [info] > git for-each-ref --format=%(refname)%00%(upstream:short)%00%(objectname)%00%(upstream:track)%00%(upstream:remotename)%00%(upstream:remoteref) refs/heads/main refs/remotes/main [1ms]
2025-02-14 21:24:28.627 [info] > git for-each-ref --sort -committerdate --format %(refname) %(objectname) %(*objectname) [2ms]
2025-02-14 21:24:28.645 [info] > git status -z -uall [22ms]
2025-02-14 21:24:33.674 [info] [Git][getRemotes] No remotes found in the git config file
2025-02-14 21:24:33.675 [info] > git config --get commit.template [3ms]
2025-02-14 21:24:33.675 [info] > git for-each-ref --format=%(refname)%00%(upstream:short)%00%(objectname)%00%(upstream:track)%00%(upstream:remotename)%00%(upstream:remoteref) refs/heads/main refs/remotes/main [1ms]
2025-02-14 21:24:33.682 [info] > git for-each-ref --sort -committerdate --format %(refname) %(objectname) %(*objectname) [2ms]
2025-02-14 21:24:33.700 [info] > git status -z -uall [23ms]
2025-02-14 21:24:38.732 [info] [Git][getRemotes] No remotes found in the git config file
2025-02-14 21:24:38.733 [info] > git config --get commit.template [3ms]
2025-02-14 21:24:38.734 [info] > git for-each-ref --format=%(refname)%00%(upstream:short)%00%(objectname)%00%(upstream:track)%00%(upstream:remotename)%00%(upstream:remoteref) refs/heads/main refs/remotes/main [2ms]
2025-02-14 21:24:38.740 [info] > git for-each-ref --sort -committerdate --format %(refname) %(objectname) %(*objectname) [2ms]
2025-02-14 21:24:38.758 [info] > git status -z -uall [22ms]
2025-02-14 21:24:43.785 [info] [Git][getRemotes] No remotes found in the git config file
2025-02-14 21:24:43.786 [info] > git config --get commit.template [4ms]
2025-02-14 21:24:43.786 [info] > git for-each-ref --format=%(refname)%00%(upstream:short)%00%(objectname)%00%(upstream:track)%00%(upstream:remotename)%00%(upstream:remoteref) refs/heads/main refs/remotes/main [1ms]
2025-02-14 21:24:43.793 [info] > git for-each-ref --sort -committerdate --format %(refname) %(objectname) %(*objectname) [2ms]
2025-02-14 21:24:43.811 [info] > git status -z -uall [22ms]
2025-02-14 21:24:48.840 [info] [Git][getRemotes] No remotes found in the git config file
2025-02-14 21:24:48.841 [info] > git config --get commit.template [3ms]
2025-02-14 21:24:48.841 [info] > git for-each-ref --format=%(refname)%00%(upstream:short)%00%(objectname)%00%(upstream:track)%00%(upstream:remotename)%00%(upstream:remoteref) refs/heads/main refs/remotes/main [1ms]
2025-02-14 21:24:48.847 [info] > git for-each-ref --sort -committerdate --format %(refname) %(objectname) %(*objectname) [1ms]
2025-02-14 21:24:48.866 [info] > git status -z -uall [23ms]
2025-02-14 21:24:53.894 [info] [Git][getRemotes] No remotes found in the git config file
2025-02-14 21:24:53.894 [info] > git config --get commit.template [3ms]
2025-02-14 21:24:53.895 [info] > git for-each-ref --format=%(refname)%00%(upstream:short)%00%(objectname)%00%(upstream:track)%00%(upstream:remotename)%00%(upstream:remoteref) refs/heads/main refs/remotes/main [1ms]
2025-02-14 21:24:53.902 [info] > git for-each-ref --sort -committerdate --format %(refname) %(objectname) %(*objectname) [1ms]
2025-02-14 21:24:53.920 [info] > git status -z -uall [23ms]
2025-02-14 21:24:58.952 [info] [Git][getRemotes] No remotes found in the git config file
2025-02-14 21:24:58.952 [info] > git config --get commit.template [3ms]
2025-02-14 21:24:58.953 [info] > git for-each-ref --format=%(refname)%00%(upstream:short)%00%(objectname)%00%(upstream:track)%00%(upstream:remotename)%00%(upstream:remoteref) refs/heads/main refs/remotes/main [2ms]
2025-02-14 21:24:58.959 [info] > git for-each-ref --sort -committerdate --format %(refname) %(objectname) %(*objectname) [2ms]
2025-02-14 21:24:58.977 [info] > git status -z -uall [22ms]
2025-02-14 21:25:04.006 [info] [Git][getRemotes] No remotes found in the git config file
2025-02-14 21:25:04.006 [info] > git config --get commit.template [4ms]
2025-02-14 21:25:04.007 [info] > git for-each-ref --format=%(refname)%00%(upstream:short)%00%(objectname)%00%(upstream:track)%00%(upstream:remotename)%00%(upstream:remoteref) refs/heads/main refs/remotes/main [2ms]
2025-02-14 21:25:04.014 [info] > git for-each-ref --sort -committerdate --format %(refname) %(objectname) %(*objectname) [1ms]
2025-02-14 21:25:04.032 [info] > git status -z -uall [23ms]
2025-02-14 21:25:09.063 [info] [Git][getRemotes] No remotes found in the git config file
2025-02-14 21:25:09.064 [info] > git config --get commit.template [3ms]
2025-02-14 21:25:09.064 [info] > git for-each-ref --format=%(refname)%00%(upstream:short)%00%(objectname)%00%(upstream:track)%00%(upstream:remotename)%00%(upstream:remoteref) refs/heads/main refs/remotes/main [1ms]
2025-02-14 21:25:09.070 [info] > git for-each-ref --sort -committerdate --format %(refname) %(objectname) %(*objectname) [1ms]
2025-02-14 21:25:09.089 [info] > git status -z -uall [23ms]
2025-02-14 21:25:11.732 [info] > git check-ignore -v -z --stdin [3ms]
2025-02-14 21:25:14.116 [info] [Git][getRemotes] No remotes found in the git config file
2025-02-14 21:25:14.117 [info] > git config --get commit.template [4ms]
2025-02-14 21:25:14.118 [info] > git for-each-ref --format=%(refname)%00%(upstream:short)%00%(objectname)%00%(upstream:track)%00%(upstream:remotename)%00%(upstream:remoteref) refs/heads/main refs/remotes/main [1ms]
2025-02-14 21:25:14.124 [info] > git for-each-ref --sort -committerdate --format %(refname) %(objectname) %(*objectname) [0ms]
2025-02-14 21:25:14.142 [info] > git status -z -uall [22ms]
2025-02-14 21:25:19.170 [info] [Git][getRemotes] No remotes found in the git config file
2025-02-14 21:25:19.171 [info] > git config --get commit.template [3ms]
2025-02-14 21:25:19.171 [info] > git for-each-ref --format=%(refname)%00%(upstream:short)%00%(objectname)%00%(upstream:track)%00%(upstream:remotename)%00%(upstream:remoteref) refs/heads/main refs/remotes/main [1ms]
2025-02-14 21:25:19.177 [info] > git for-each-ref --sort -committerdate --format %(refname) %(objectname) %(*objectname) [1ms]
2025-02-14 21:25:19.197 [info] > git status -z -uall [23ms]
2025-02-14 21:25:22.581 [info] > git check-ignore -v -z --stdin [2ms]
2025-02-14 21:25:24.224 [info] [Git][getRemotes] No remotes found in the git config file
2025-02-14 21:25:24.225 [info] > git config --get commit.template [3ms]
2025-02-14 21:25:24.226 [info] > git for-each-ref --format=%(refname)%00%(upstream:short)%00%(objectname)%00%(upstream:track)%00%(upstream:remotename)%00%(upstream:remoteref) refs/heads/main refs/remotes/main [1ms]
2025-02-14 21:25:24.231 [info] > git for-each-ref --sort -committerdate --format %(refname) %(objectname) %(*objectname) [1ms]
2025-02-14 21:25:24.250 [info] > git status -z -uall [22ms]
2025-02-14 21:25:28.369 [info] > git show --textconv :Engr [3ms]
2025-02-14 21:25:28.371 [info] > git ls-files --stage -- /home/student/Engr [3ms]
2025-02-14 21:25:28.374 [info] > git cat-file -s e69de29bb2d1d6434b8b29ae775ad8c2e48c5391 [1ms]
2025-02-14 21:25:29.279 [info] [Git][getRemotes] No remotes found in the git config file
2025-02-14 21:25:29.280 [info] > git config --get commit.template [4ms]
2025-02-14 21:25:29.280 [info] > git for-each-ref --format=%(refname)%00%(upstream:short)%00%(objectname)%00%(upstream:track)%00%(upstream:remotename)%00%(upstream:remoteref) refs/heads/main refs/remotes/main [1ms]
2025-02-14 21:25:29.291 [info] > git for-each-ref --sort -committerdate --format %(refname) %(objectname) %(*objectname) [1ms]
2025-02-14 21:25:29.306 [info] > git status -z -uall [23ms]
2025-02-14 21:25:34.335 [info] [Git][getRemotes] No remotes found in the git config file
2025-02-14 21:25:34.335 [info] > git config --get commit.template [3ms]
2025-02-14 21:25:34.336 [info] > git for-each-ref --format=%(refname)%00%(upstream:short)%00%(objectname)%00%(upstream:track)%00%(upstream:remotename)%00%(upstream:remoteref) refs/heads/main refs/remotes/main [2ms]
2025-02-14 21:25:34.342 [info] > git for-each-ref --sort -committerdate --format %(refname) %(objectname) %(*objectname) [2ms]
2025-02-14 21:25:34.361 [info] > git status -z -uall [23ms]
2025-02-14 21:25:39.412 [info] [Git][getRemotes] No remotes found in the git config file
2025-02-14 21:25:39.412 [info] > git config --get commit.template [3ms]
2025-02-14 21:25:39.413 [info] > git for-each-ref --format=%(refname)%00%(upstream:short)%00%(objectname)%00%(upstream:track)%00%(upstream:remotename)%00%(upstream:remoteref) refs/heads/main refs/remotes/main [1ms]
2025-02-14 21:25:39.419 [info] > git for-each-ref --sort -committerdate --format %(refname) %(objectname) %(*objectname) [2ms]
2025-02-14 21:25:39.437 [info] > git status -z -uall [23ms]
2025-02-14 21:25:44.462 [info] [Git][getRemotes] No remotes found in the git config file
2025-02-14 21:25:44.465 [info] > git config --get commit.template [3ms]
2025-02-14 21:25:44.466 [info] > git for-each-ref --format=%(refname)%00%(upstream:short)%00%(objectname)%00%(upstream:track)%00%(upstream:remotename)%00%(upstream:remoteref) refs/heads/main refs/remotes/main [2ms]
2025-02-14 21:25:44.472 [info] > git for-each-ref --sort -committerdate --format %(refname) %(objectname) %(*objectname) [2ms]
2025-02-14 21:25:44.490 [info] > git status -z -uall [22ms]
2025-02-14 21:25:44.527 [info] > git show --textconv :Engr212_Tsegay_Asmerom [3ms]
2025-02-14 21:25:44.529 [info] > git ls-files --stage -- /home/student/Engr212_Tsegay_Asmerom [2ms]
2025-02-14 21:25:44.532 [info] > git cat-file -s a13ca7dcc37eb971d6ef1c7409c5244c31420477 [1ms]
2025-02-14 21:25:49.517 [info] [Git][getRemotes] No remotes found in the git config file
2025-02-14 21:25:49.518 [info] > git config --get commit.template [3ms]
2025-02-14 21:25:49.518 [info] > git for-each-ref --format=%(refname)%00%(upstream:short)%00%(objectname)%00%(upstream:track)%00%(upstream:remotename)%00%(upstream:remoteref) refs/heads/main refs/remotes/main [1ms]
2025-02-14 21:25:49.524 [info] > git for-each-ref --sort -committerdate --format %(refname) %(objectname) %(*objectname) [2ms]
2025-02-14 21:25:49.543 [info] > git status -z -uall [23ms]
2025-02-14 21:25:54.571 [info] [Git][getRemotes] No remotes found in the git config file
2025-02-14 21:25:54.572 [info] > git config --get commit.template [4ms]
2025-02-14 21:25:54.573 [info] > git for-each-ref --format=%(refname)%00%(upstream:short)%00%(objectname)%00%(upstream:track)%00%(upstream:remotename)%00%(upstream:remoteref) refs/heads/main refs/remotes/main [2ms]
2025-02-14 21:25:54.579 [info] > git for-each-ref --sort -committerdate --format %(refname) %(objectname) %(*objectname) [1ms]
2025-02-14 21:25:54.598 [info] > git status -z -uall [23ms]
2025-02-14 21:26:12.951 [info] [Git][getRemotes] No remotes found in the git config file
2025-02-14 21:26:12.952 [info] > git config --get commit.template [3ms]
2025-02-14 21:26:12.953 [info] > git for-each-ref --format=%(refname)%00%(upstream:short)%00%(objectname)%00%(upstream:track)%00%(upstream:remotename)%00%(upstream:remoteref) refs/heads/main refs/remotes/main [2ms]
2025-02-14 21:26:12.959 [info] > git for-each-ref --sort -committerdate --format %(refname) %(objectname) %(*objectname) [2ms]
2025-02-14 21:26:12.977 [info] > git status -z -uall [22ms]
2025-02-14 21:26:18.003 [info] [Git][getRemotes] No remotes found in the git config file
2025-02-14 21:26:18.004 [info] > git config --get commit.template [4ms]
2025-02-14 21:26:18.004 [info] > git for-each-ref --format=%(refname)%00%(upstream:short)%00%(objectname)%00%(upstream:track)%00%(upstream:remotename)%00%(upstream:remoteref) refs/heads/main refs/remotes/main [1ms]
2025-02-14 21:26:18.011 [info] > git for-each-ref --sort -committerdate --format %(refname) %(objectname) %(*objectname) [2ms]
2025-02-14 21:26:18.029 [info] > git status -z -uall [22ms]
2025-02-14 21:26:23.056 [info] [Git][getRemotes] No remotes found in the git config file
2025-02-14 21:26:23.057 [info] > git config --get commit.template [4ms]
2025-02-14 21:26:23.058 [info] > git for-each-ref --format=%(refname)%00%(upstream:short)%00%(objectname)%00%(upstream:track)%00%(upstream:remotename)%00%(upstream:remoteref) refs/heads/main refs/remotes/main [2ms]
2025-02-14 21:26:23.064 [info] > git for-each-ref --sort -committerdate --format %(refname) %(objectname) %(*objectname) [1ms]
2025-02-14 21:26:23.082 [info] > git status -z -uall [22ms]
2025-02-14 21:26:28.114 [info] [Git][getRemotes] No remotes found in the git config file
2025-02-14 21:26:28.115 [info] > git config --get commit.template [3ms]
2025-02-14 21:26:28.115 [info] > git for-each-ref --format=%(refname)%00%(upstream:short)%00%(objectname)%00%(upstream:track)%00%(upstream:remotename)%00%(upstream:remoteref) refs/heads/main refs/remotes/main [2ms]
2025-02-14 21:26:28.122 [info] > git for-each-ref --sort -committerdate --format %(refname) %(objectname) %(*objectname) [2ms]
2025-02-14 21:26:28.139 [info] > git status -z -uall [22ms]
2025-02-14 21:26:33.167 [info] [Git][getRemotes] No remotes found in the git config file
2025-02-14 21:26:33.167 [info] > git config --get commit.template [3ms]
2025-02-14 21:26:33.168 [info] > git for-each-ref --format=%(refname)%00%(upstream:short)%00%(objectname)%00%(upstream:track)%00%(upstream:remotename)%00%(upstream:remoteref) refs/heads/main refs/remotes/main [1ms]
2025-02-14 21:26:33.174 [info] > git for-each-ref --sort -committerdate --format %(refname) %(objectname) %(*objectname) [1ms]
2025-02-14 21:26:33.192 [info] > git status -z -uall [22ms]
2025-02-14 21:26:38.218 [info] [Git][getRemotes] No remotes found in the git config file
2025-02-14 21:26:38.218 [info] > git config --get commit.template [3ms]
2025-02-14 21:26:38.219 [info] > git for-each-ref --format=%(refname)%00%(upstream:short)%00%(objectname)%00%(upstream:track)%00%(upstream:remotename)%00%(upstream:remoteref) refs/heads/main refs/remotes/main [1ms]
2025-02-14 21:26:38.225 [info] > git for-each-ref --sort -committerdate --format %(refname) %(objectname) %(*objectname) [2ms]
2025-02-14 21:26:38.243 [info] > git status -z -uall [22ms]
2025-02-14 21:26:43.270 [info] [Git][getRemotes] No remotes found in the git config file
2025-02-14 21:26:43.271 [info] > git config --get commit.template [3ms]
2025-02-14 21:26:43.272 [info] > git for-each-ref --format=%(refname)%00%(upstream:short)%00%(objectname)%00%(upstream:track)%00%(upstream:remotename)%00%(upstream:remoteref) refs/heads/main refs/remotes/main [2ms]
2025-02-14 21:26:43.278 [info] > git for-each-ref --sort -committerdate --format %(refname) %(objectname) %(*objectname) [2ms]
2025-02-14 21:26:43.296 [info] > git status -z -uall [22ms]
2025-02-14 21:26:48.323 [info] [Git][getRemotes] No remotes found in the git config file
2025-02-14 21:26:48.324 [info] > git config --get commit.template [3ms]
2025-02-14 21:26:48.324 [info] > git for-each-ref --format=%(refname)%00%(upstream:short)%00%(objectname)%00%(upstream:track)%00%(upstream:remotename)%00%(upstream:remoteref) refs/heads/main refs/remotes/main [1ms]
2025-02-14 21:26:48.330 [info] > git for-each-ref --sort -committerdate --format %(refname) %(objectname) %(*objectname) [1ms]
2025-02-14 21:26:48.349 [info] > git status -z -uall [23ms]
2025-02-14 21:26:53.375 [info] [Git][getRemotes] No remotes found in the git config file
2025-02-14 21:26:53.376 [info] > git config --get commit.template [3ms]
2025-02-14 21:26:53.376 [info] > git for-each-ref --format=%(refname)%00%(upstream:short)%00%(objectname)%00%(upstream:track)%00%(upstream:remotename)%00%(upstream:remoteref) refs/heads/main refs/remotes/main [1ms]
2025-02-14 21:26:53.382 [info] > git for-each-ref --sort -committerdate --format %(refname) %(objectname) %(*objectname) [1ms]
2025-02-14 21:26:53.401 [info] > git status -z -uall [23ms]
2025-02-14 21:26:58.429 [info] [Git][getRemotes] No remotes found in the git config file
2025-02-14 21:26:58.429 [info] > git config --get commit.template [3ms]
2025-02-14 21:26:58.430 [info] > git for-each-ref --format=%(refname)%00%(upstream:short)%00%(objectname)%00%(upstream:track)%00%(upstream:remotename)%00%(upstream:remoteref) refs/heads/main refs/remotes/main [2ms]
2025-02-14 21:26:58.436 [info] > git for-each-ref --sort -committerdate --format %(refname) %(objectname) %(*objectname) [2ms]
2025-02-14 21:26:58.456 [info] > git status -z -uall [24ms]
2025-02-14 21:27:03.505 [info] [Git][getRemotes] No remotes found in the git config file
2025-02-14 21:27:03.506 [info] > git config --get commit.template [3ms]
2025-02-14 21:27:03.506 [info] > git for-each-ref --format=%(refname)%00%(upstream:short)%00%(objectname)%00%(upstream:track)%00%(upstream:remotename)%00%(upstream:remoteref) refs/heads/main refs/remotes/main [1ms]
2025-02-14 21:27:03.513 [info] > git for-each-ref --sort -committerdate --format %(refname) %(objectname) %(*objectname) [1ms]
2025-02-14 21:27:03.531 [info] > git status -z -uall [23ms]
2025-02-14 21:27:08.560 [info] [Git][getRemotes] No remotes found in the git config file
2025-02-14 21:27:08.561 [info] > git config --get commit.template [3ms]
2025-02-14 21:27:08.561 [info] > git for-each-ref --format=%(refname)%00%(upstream:short)%00%(objectname)%00%(upstream:track)%00%(upstream:remotename)%00%(upstream:remoteref) refs/heads/main refs/remotes/main [1ms]
2025-02-14 21:27:08.568 [info] > git for-each-ref --sort -committerdate --format %(refname) %(objectname) %(*objectname) [2ms]
2025-02-14 21:27:08.586 [info] > git status -z -uall [22ms]
2025-02-14 21:27:13.614 [info] [Git][getRemotes] No remotes found in the git config file
2025-02-14 21:27:13.615 [info] > git config --get commit.template [3ms]
2025-02-14 21:27:13.615 [info] > git for-each-ref --format=%(refname)%00%(upstream:short)%00%(objectname)%00%(upstream:track)%00%(upstream:remotename)%00%(upstream:remoteref) refs/heads/main refs/remotes/main [1ms]
2025-02-14 21:27:13.622 [info] > git for-each-ref --sort -committerdate --format %(refname) %(objectname) %(*objectname) [2ms]
2025-02-14 21:27:13.640 [info] > git status -z -uall [22ms]
2025-02-14 21:27:18.665 [info] [Git][getRemotes] No remotes found in the git config file
2025-02-14 21:27:18.668 [info] > git config --get commit.template [3ms]
2025-02-14 21:27:18.669 [info] > git for-each-ref --format=%(refname)%00%(upstream:short)%00%(objectname)%00%(upstream:track)%00%(upstream:remotename)%00%(upstream:remoteref) refs/heads/main refs/remotes/main [1ms]
2025-02-14 21:27:18.676 [info] > git for-each-ref --sort -committerdate --format %(refname) %(objectname) %(*objectname) [0ms]
2025-02-14 21:27:18.694 [info] > git status -z -uall [23ms]
2025-02-14 21:27:23.725 [info] [Git][getRemotes] No remotes found in the git config file
2025-02-14 21:27:23.728 [info] > git config --get commit.template [4ms]
2025-02-14 21:27:23.728 [info] > git for-each-ref --format=%(refname)%00%(upstream:short)%00%(objectname)%00%(upstream:track)%00%(upstream:remotename)%00%(upstream:remoteref) refs/heads/main refs/remotes/main [1ms]
2025-02-14 21:27:23.735 [info] > git for-each-ref --sort -committerdate --format %(refname) %(objectname) %(*objectname) [2ms]
2025-02-14 21:27:23.752 [info] > git status -z -uall [22ms]
2025-02-14 21:27:27.184 [info] > git check-ignore -v -z --stdin [2ms]
2025-02-14 21:27:28.780 [info] [Git][getRemotes] No remotes found in the git config file
2025-02-14 21:27:28.781 [info] > git config --get commit.template [3ms]
2025-02-14 21:27:28.781 [info] > git for-each-ref --format=%(refname)%00%(upstream:short)%00%(objectname)%00%(upstream:track)%00%(upstream:remotename)%00%(upstream:remoteref) refs/heads/main refs/remotes/main [1ms]
2025-02-14 21:27:28.788 [info] > git for-each-ref --sort -committerdate --format %(refname) %(objectname) %(*objectname) [1ms]
2025-02-14 21:27:28.806 [info] > git status -z -uall [23ms]
2025-02-14 21:27:33.833 [info] [Git][getRemotes] No remotes found in the git config file
2025-02-14 21:27:33.833 [info] > git config --get commit.template [3ms]
2025-02-14 21:27:33.834 [info] > git for-each-ref --format=%(refname)%00%(upstream:short)%00%(objectname)%00%(upstream:track)%00%(upstream:remotename)%00%(upstream:remoteref) refs/heads/main refs/remotes/main [1ms]
2025-02-14 21:27:33.840 [info] > git for-each-ref --sort -committerdate --format %(refname) %(objectname) %(*objectname) [1ms]
2025-02-14 21:27:33.858 [info] > git status -z -uall [22ms]
2025-02-14 21:27:34.188 [info] > git check-ignore -v -z --stdin [4ms]
2025-02-14 21:27:38.886 [info] [Git][getRemotes] No remotes found in the git config file
2025-02-14 21:27:38.886 [info] > git config --get commit.template [3ms]
2025-02-14 21:27:38.887 [info] > git for-each-ref --format=%(refname)%00%(upstream:short)%00%(objectname)%00%(upstream:track)%00%(upstream:remotename)%00%(upstream:remoteref) refs/heads/main refs/remotes/main [2ms]
2025-02-14 21:27:38.894 [info] > git for-each-ref --sort -committerdate --format %(refname) %(objectname) %(*objectname) [2ms]
2025-02-14 21:27:38.912 [info] > git status -z -uall [22ms]
2025-02-14 21:27:39.727 [info] > git check-ignore -v -z --stdin [1ms]
2025-02-14 21:27:43.944 [info] [Git][getRemotes] No remotes found in the git config file
2025-02-14 21:27:43.945 [info] > git config --get commit.template [4ms]
2025-02-14 21:27:43.946 [info] > git for-each-ref --format=%(refname)%00%(upstream:short)%00%(objectname)%00%(upstream:track)%00%(upstream:remotename)%00%(upstream:remoteref) refs/heads/main refs/remotes/main [2ms]
2025-02-14 21:27:43.952 [info] > git for-each-ref --sort -committerdate --format %(refname) %(objectname) %(*objectname) [2ms]
2025-02-14 21:27:43.971 [info] > git status -z -uall [23ms]
2025-02-14 21:27:47.920 [info] > git check-ignore -v -z --stdin [3ms]
2025-02-14 21:27:49.000 [info] [Git][getRemotes] No remotes found in the git config file
2025-02-14 21:27:49.000 [info] > git config --get commit.template [3ms]
2025-02-14 21:27:49.001 [info] > git for-each-ref --format=%(refname)%00%(upstream:short)%00%(objectname)%00%(upstream:track)%00%(upstream:remotename)%00%(upstream:remoteref) refs/heads/main refs/remotes/main [1ms]
2025-02-14 21:27:49.007 [info] > git for-each-ref --sort -committerdate --format %(refname) %(objectname) %(*objectname) [1ms]
2025-02-14 21:27:49.026 [info] > git status -z -uall [23ms]
2025-02-14 21:27:49.879 [info] > git check-ignore -v -z --stdin [2ms]
2025-02-14 21:27:52.649 [info] > git show --textconv HEAD:.wget-hsts [94ms]
2025-02-14 21:27:52.650 [info] > git show --textconv HEAD:Engr [92ms]
2025-02-14 21:27:52.650 [info] > git show --textconv HEAD:Engr212_Tsegay_Asmerom [89ms]
2025-02-14 21:27:52.650 [info] > git show --textconv HEAD:.vscode-server/.cli.cd4ee3b1c348a13bafd8f9ad8060705f6d4b9cba.log [87ms]
2025-02-14 21:27:52.650 [info] > git show --textconv HEAD:.vscode-server/cli/servers/lru.json [85ms]
2025-02-14 21:27:52.650 [info] > git show --textconv HEAD:.vscode-server/cli/servers/Stable-cd4ee3b1c348a13bafd8f9ad8060705f6d4b9cba/log.txt [82ms]
2025-02-14 21:27:52.650 [info] > git show --textconv HEAD:.vscode-server/data/CachedProfilesData/__default__profile__/extensions.user.cache [77ms]
2025-02-14 21:27:52.650 [info] > git show --textconv HEAD:.vscode-server/data/User/workspaceStorage/255174b9c84437907369f27ac92b5bdb/vscode.lock [75ms]
2025-02-14 21:27:52.650 [info] > git show --textconv HEAD:.vscode-server/data/logs/20250208T012341/remoteagent.log [72ms]
2025-02-14 21:27:52.650 [info] > git show --textconv HEAD:.vscode-server/data/logs/20250208T012341/exthost1/remoteexthost.log [67ms]
2025-02-14 21:27:52.650 [info] > git show --textconv HEAD:.vscode-server/data/logs/20250208T012341/exthost3/vscode.git/Git.log [65ms]
2025-02-14 21:27:52.650 [info] > git ls-tree -l HEAD -- /home/student/.vscode-server/data/logs/20250208T012341/exthost3/vscode.git/Git.log [5ms]
2025-02-14 21:27:52.651 [info] > git ls-tree -l HEAD -- /home/student/.vscode-server/data/logs/20250208T012341/exthost1/remoteexthost.log [9ms]
2025-02-14 21:27:52.651 [info] > git ls-tree -l HEAD -- /home/student/.vscode-server/data/logs/20250208T012341/remoteagent.log [11ms]
2025-02-14 21:27:52.651 [info] > git ls-tree -l HEAD -- /home/student/.vscode-server/data/User/workspaceStorage/255174b9c84437907369f27ac92b5bdb/vscode.lock [14ms]
2025-02-14 21:27:52.652 [info] > git ls-tree -l HEAD -- /home/student/.vscode-server/data/CachedProfilesData/__default__profile__/extensions.user.cache [18ms]
2025-02-14 21:27:52.652 [info] > git ls-tree -l HEAD -- /home/student/.vscode-server/data/CachedProfilesData/__default__profile__/extensions.builtin.cache [21ms]
2025-02-14 21:27:52.652 [info] > git ls-tree -l HEAD -- /home/student/.vscode-server/cli/servers/Stable-cd4ee3b1c348a13bafd8f9ad8060705f6d4b9cba/log.txt [23ms]
2025-02-14 21:27:52.653 [info] > git ls-tree -l HEAD -- /home/student/.vscode-server/cli/servers/lru.json [27ms]
2025-02-14 21:27:52.653 [info] > git ls-tree -l HEAD -- /home/student/.vscode-server/.cli.cd4ee3b1c348a13bafd8f9ad8060705f6d4b9cba.log [30ms]
2025-02-14 21:27:52.655 [info] > git ls-tree -l HEAD -- /home/student/Engr212_Tsegay_Asmerom [33ms]
2025-02-14 21:27:52.656 [info] > git ls-tree -l HEAD -- /home/student/Engr [64ms]
2025-02-14 21:27:52.658 [info] > git ls-tree -l HEAD -- /home/student/.wget-hsts [70ms]
2025-02-14 21:27:52.664 [info] > git show --textconv HEAD:.vscode-server/data/CachedProfilesData/__default__profile__/extensions.builtin.cache [94ms]
2025-02-14 21:27:54.091 [info] [Git][getRemotes] No remotes found in the git config file
2025-02-14 21:27:54.092 [info] > git config --get commit.template [3ms]
2025-02-14 21:27:54.092 [info] > git for-each-ref --format=%(refname)%00%(upstream:short)%00%(objectname)%00%(upstream:track)%00%(upstream:remotename)%00%(upstream:remoteref) refs/heads/main refs/remotes/main [1ms]
2025-02-14 21:27:54.099 [info] > git for-each-ref --sort -committerdate --format %(refname) %(objectname) %(*objectname) [2ms]
2025-02-14 21:27:54.127 [info] > git status -z -uall [33ms]
2025-02-14 21:28:09.314 [info] > git show --textconv :.wget-hsts [9ms]
2025-02-14 21:28:09.314 [info] > git show --textconv :.vscode-server/.cli.cd4ee3b1c348a13bafd8f9ad8060705f6d4b9cba.log [7ms]
2025-02-14 21:28:09.314 [info] > git ls-files --stage -- /home/student/.wget-hsts [4ms]
2025-02-14 21:28:09.317 [info] > git ls-files --stage -- /home/student/.vscode-server/.cli.cd4ee3b1c348a13bafd8f9ad8060705f6d4b9cba.log [5ms]
2025-02-14 21:28:09.319 [info] > git cat-file -s 137d15efd4675b120ee9877f3a5aa950a5fd1200 [3ms]
2025-02-14 21:28:09.320 [info] > git cat-file -s 2d21f86f9357021134ed9ad6bc3ff54293a386d7 [1ms]
2025-02-14 21:29:34.997 [info] > git ls-tree -l HEAD -- /home/student/.vscode-server/.cli.cd4ee3b1c348a13bafd8f9ad8060705f6d4b9cba.log [5ms]
2025-02-14 21:29:34.997 [info] > git ls-tree -l HEAD -- /home/student/Engr212_Tsegay_Asmerom [8ms]
2025-02-14 21:29:34.998 [info] > git ls-tree -l HEAD -- /home/student/Engr [13ms]
2025-02-14 21:29:34.998 [info] > git ls-tree -l HEAD -- /home/student/.wget-hsts [15ms]
2025-02-14 21:29:34.998 [info] > git config --get commit.template [2ms]
2025-02-14 21:29:35.001 [info] [Git][getRemotes] No remotes found in the git config file
2025-02-14 21:29:35.002 [info] > git for-each-ref --format=%(refname)%00%(upstream:short)%00%(objectname)%00%(upstream:track)%00%(upstream:remotename)%00%(upstream:remoteref) refs/heads/main refs/remotes/main [1ms]
2025-02-14 21:29:35.008 [info] > git for-each-ref --sort -committerdate --format %(refname) %(objectname) %(*objectname) [1ms]
2025-02-14 21:29:35.027 [info] > git status -z -uall [23ms]
2025-02-14 21:29:40.073 [info] [Git][getRemotes] No remotes found in the git config file
2025-02-14 21:29:40.073 [info] > git config --get commit.template [4ms]
2025-02-14 21:29:40.074 [info] > git for-each-ref --format=%(refname)%00%(upstream:short)%00%(objectname)%00%(upstream:track)%00%(upstream:remotename)%00%(upstream:remoteref) refs/heads/main refs/remotes/main [2ms]
2025-02-14 21:29:40.080 [info] > git for-each-ref --sort -committerdate --format %(refname) %(objectname) %(*objectname) [1ms]
2025-02-14 21:29:40.100 [info] > git status -z -uall [24ms]
2025-02-14 21:29:45.128 [info] [Git][getRemotes] No remotes found in the git config file
2025-02-14 21:29:45.131 [info] > git config --get commit.template [3ms]
2025-02-14 21:29:45.132 [info] > git for-each-ref --format=%(refname)%00%(upstream:short)%00%(objectname)%00%(upstream:track)%00%(upstream:remotename)%00%(upstream:remoteref) refs/heads/main refs/remotes/main [1ms]
2025-02-14 21:29:45.139 [info] > git for-each-ref --sort -committerdate --format %(refname) %(objectname) %(*objectname) [2ms]
2025-02-14 21:29:45.157 [info] > git status -z -uall [23ms]
2025-02-14 21:29:50.186 [info] [Git][getRemotes] No remotes found in the git config file
2025-02-14 21:29:50.186 [info] > git config --get commit.template [3ms]
2025-02-14 21:29:50.187 [info] > git for-each-ref --format=%(refname)%00%(upstream:short)%00%(objectname)%00%(upstream:track)%00%(upstream:remotename)%00%(upstream:remoteref) refs/heads/main refs/remotes/main [2ms]
2025-02-14 21:29:50.197 [info] > git for-each-ref --sort -committerdate --format %(refname) %(objectname) %(*objectname) [5ms]
2025-02-14 21:29:50.221 [info] > git status -z -uall [32ms]
2025-02-14 21:29:55.322 [info] > git ls-tree -l HEAD -- /home/student/Engr212_Tsegay_Asmerom [7ms]
2025-02-14 21:29:55.322 [info] > git ls-tree -l HEAD -- /home/student/Engr [9ms]
2025-02-14 21:29:55.322 [info] > git ls-tree -l HEAD -- /home/student/.wget-hsts [12ms]
2025-02-14 21:29:55.323 [info] > git config --get commit.template [2ms]
2025-02-14 21:29:55.323 [info] > git ls-tree -l HEAD -- /home/student/.vscode-server/.cli.cd4ee3b1c348a13bafd8f9ad8060705f6d4b9cba.log [5ms]
2025-02-14 21:29:55.325 [info] [Git][getRemotes] No remotes found in the git config file
2025-02-14 21:29:55.326 [info] > git for-each-ref --format=%(refname)%00%(upstream:short)%00%(objectname)%00%(upstream:track)%00%(upstream:remotename)%00%(upstream:remoteref) refs/heads/main refs/remotes/main [1ms]
2025-02-14 21:29:55.334 [info] > git for-each-ref --sort -committerdate --format %(refname) %(objectname) %(*objectname) [2ms]
2025-02-14 21:29:55.351 [info] > git status -z -uall [22ms]
2025-02-14 21:30:32.390 [info] > git ls-tree -l HEAD -- /home/student/Engr212_Tsegay_Asmerom [6ms]
2025-02-14 21:30:32.391 [info] > git ls-tree -l HEAD -- /home/student/Engr [9ms]
2025-02-14 21:30:32.391 [info] > git ls-tree -l HEAD -- /home/student/.wget-hsts [12ms]
2025-02-14 21:30:32.392 [info] > git config --get commit.template [2ms]
2025-02-14 21:30:32.392 [info] > git ls-tree -l HEAD -- /home/student/.vscode-server/.cli.cd4ee3b1c348a13bafd8f9ad8060705f6d4b9cba.log [5ms]
2025-02-14 21:30:32.394 [info] [Git][getRemotes] No remotes found in the git config file
2025-02-14 21:30:32.395 [info] > git for-each-ref --format=%(refname)%00%(upstream:short)%00%(objectname)%00%(upstream:track)%00%(upstream:remotename)%00%(upstream:remoteref) refs/heads/main refs/remotes/main [1ms]
2025-02-14 21:30:32.401 [info] > git for-each-ref --sort -committerdate --format %(refname) %(objectname) %(*objectname) [2ms]
2025-02-14 21:30:32.420 [info] > git status -z -uall [23ms]
2025-02-14 21:30:37.446 [info] [Git][getRemotes] No remotes found in the git config file
2025-02-14 21:30:37.447 [info] > git config --get commit.template [4ms]
2025-02-14 21:30:37.447 [info] > git for-each-ref --format=%(refname)%00%(upstream:short)%00%(objectname)%00%(upstream:track)%00%(upstream:remotename)%00%(upstream:remoteref) refs/heads/main refs/remotes/main [1ms]
2025-02-14 21:30:37.454 [info] > git for-each-ref --sort -committerdate --format %(refname) %(objectname) %(*objectname) [2ms]
2025-02-14 21:30:37.472 [info] > git status -z -uall [22ms]
2025-02-14 21:30:42.505 [info] [Git][getRemotes] No remotes found in the git config file
2025-02-14 21:30:42.505 [info] > git config --get commit.template [3ms]
2025-02-14 21:30:42.506 [info] > git for-each-ref --format=%(refname)%00%(upstream:short)%00%(objectname)%00%(upstream:track)%00%(upstream:remotename)%00%(upstream:remoteref) refs/heads/main refs/remotes/main [2ms]
2025-02-14 21:30:42.512 [info] > git for-each-ref --sort -committerdate --format %(refname) %(objectname) %(*objectname) [1ms]
2025-02-14 21:30:42.531 [info] > git status -z -uall [23ms]
2025-02-14 21:31:08.971 [info] > git ls-tree -l HEAD -- /home/student/.vscode-server/.cli.cd4ee3b1c348a13bafd8f9ad8060705f6d4b9cba.log [4ms]
2025-02-14 21:31:08.971 [info] > git ls-tree -l HEAD -- /home/student/Engr212_Tsegay_Asmerom [8ms]
2025-02-14 21:31:08.971 [info] > git ls-tree -l HEAD -- /home/student/Engr [13ms]
2025-02-14 21:31:08.971 [info] > git ls-tree -l HEAD -- /home/student/.wget-hsts [16ms]
2025-02-14 21:31:08.972 [info] > git config --get commit.template [2ms]
2025-02-14 21:31:08.974 [info] [Git][getRemotes] No remotes found in the git config file
2025-02-14 21:31:08.975 [info] > git for-each-ref --format=%(refname)%00%(upstream:short)%00%(objectname)%00%(upstream:track)%00%(upstream:remotename)%00%(upstream:remoteref) refs/heads/main refs/remotes/main [1ms]
2025-02-14 21:31:08.982 [info] > git for-each-ref --sort -committerdate --format %(refname) %(objectname) %(*objectname) [1ms]
2025-02-14 21:31:09.000 [info] > git status -z -uall [23ms]
