2025-03-23 00:14:24.898 [info] Extension host with pid 1181 started
2025-03-23 00:14:24.898 [error] Error: EEXIST: file already exists, open '/home/student/.vscode-server/data/User/workspaceStorage/255174b9c84437907369f27ac92b5bdb/vscode.lock'
2025-03-23 00:14:24.905 [info] Lock '/home/student/.vscode-server/data/User/workspaceStorage/255174b9c84437907369f27ac92b5bdb/vscode.lock': Could not acquire lock, checking if the file is stale.
2025-03-23 00:14:24.911 [info] Lock '/home/student/.vscode-server/data/User/workspaceStorage/255174b9c84437907369f27ac92b5bdb/vscode.lock': The pid 1244 appears to be gone.
2025-03-23 00:14:24.911 [info] Lock '/home/student/.vscode-server/data/User/workspaceStorage/255174b9c84437907369f27ac92b5bdb/vscode.lock': Deleting a stale lock.
2025-03-23 00:14:24.923 [info] Lock '/home/student/.vscode-server/data/User/workspaceStorage/255174b9c84437907369f27ac92b5bdb/vscode.lock': Lock acquired.
2025-03-23 00:14:25.038 [info] ExtensionService#_doActivateExtension vscode.emmet, startup: false, activationEvent: 'onLanguage'
2025-03-23 00:14:25.039 [info] ExtensionService#_doActivateExtension vscode.git-base, startup: false, activationEvent: '*', root cause: vscode.git
2025-03-23 00:14:25.192 [info] ExtensionService#_doActivateExtension vscode.git, startup: false, activationEvent: '*'
2025-03-23 00:14:25.193 [info] ExtensionService#_doActivateExtension vscode.github, startup: false, activationEvent: '*'
2025-03-23 00:14:25.514 [info] Eager extensions activated
2025-03-23 00:14:25.515 [info] ExtensionService#_doActivateExtension vscode.debug-auto-launch, startup: false, activationEvent: 'onStartupFinished'
2025-03-23 00:14:25.515 [info] ExtensionService#_doActivateExtension vscode.merge-conflict, startup: false, activationEvent: 'onStartupFinished'
2025-03-23 00:14:26.164 [warning] [Decorations] CAPPING events from decorations provider vscode.git 7820
2025-03-23 00:14:27.473 [warning] [Decorations] CAPPING events from decorations provider vscode.git 7820
2025-03-23 00:14:31.834 [warning] [Decorations] CAPPING events from decorations provider vscode.git 7820
2025-03-23 00:14:37.066 [warning] [Decorations] CAPPING events from decorations provider vscode.git 7838
2025-03-23 00:14:42.298 [warning] [Decorations] CAPPING events from decorations provider vscode.git 7838
2025-03-23 00:19:19.537 [warning] [Decorations] CAPPING events from decorations provider vscode.git 7838
2025-03-23 00:19:24.769 [warning] [Decorations] CAPPING events from decorations provider vscode.git 7838
2025-03-23 00:19:33.053 [warning] [Decorations] CAPPING events from decorations provider vscode.git 7838
2025-03-23 00:19:38.277 [warning] [Decorations] CAPPING events from decorations provider vscode.git 7838
2025-03-23 00:19:43.505 [warning] [Decorations] CAPPING events from decorations provider vscode.git 7838
2025-03-23 00:19:48.734 [warning] [Decorations] CAPPING events from decorations provider vscode.git 7838
2025-03-23 00:19:53.963 [warning] [Decorations] CAPPING events from decorations provider vscode.git 7838
2025-03-23 00:19:57.568 [info] ExtensionService#_doActivateExtension vscode.npm, startup: false, activationEvent: 'onTerminalQuickFixRequest:ms-vscode.npm-command'
2025-03-23 00:19:59.197 [warning] [Decorations] CAPPING events from decorations provider vscode.git 7838
2025-03-23 00:20:03.370 [info] ExtensionService#_doActivateExtension vscode.configuration-editing, startup: false, activationEvent: 'onLanguage:json'
2025-03-23 00:20:03.370 [info] ExtensionService#_doActivateExtension vscode.extension-editing, startup: false, activationEvent: 'onLanguage:json'
2025-03-23 00:20:03.370 [info] ExtensionService#_doActivateExtension vscode.json-language-features, startup: false, activationEvent: 'onLanguage:json'
2025-03-23 00:20:04.439 [warning] [Decorations] CAPPING events from decorations provider vscode.git 7839
2025-03-23 00:20:09.667 [warning] [Decorations] CAPPING events from decorations provider vscode.git 7839
2025-03-23 00:20:14.891 [warning] [Decorations] CAPPING events from decorations provider vscode.git 7839
2025-03-23 00:20:20.120 [warning] [Decorations] CAPPING events from decorations provider vscode.git 7839
2025-03-23 00:20:25.357 [warning] [Decorations] CAPPING events from decorations provider vscode.git 7839
2025-03-23 00:20:30.582 [warning] [Decorations] CAPPING events from decorations provider vscode.git 7839
2025-03-23 00:20:35.829 [warning] [Decorations] CAPPING events from decorations provider vscode.git 7839
2025-03-23 00:20:41.063 [warning] [Decorations] CAPPING events from decorations provider vscode.git 7839
2025-03-23 00:20:46.298 [warning] [Decorations] CAPPING events from decorations provider vscode.git 7839
2025-03-23 00:20:51.572 [warning] [Decorations] CAPPING events from decorations provider vscode.git 7839
2025-03-23 00:20:56.796 [warning] [Decorations] CAPPING events from decorations provider vscode.git 7839
2025-03-23 00:21:02.025 [warning] [Decorations] CAPPING events from decorations provider vscode.git 7839
2025-03-23 00:21:07.267 [warning] [Decorations] CAPPING events from decorations provider vscode.git 7839
2025-03-23 00:21:12.502 [warning] [Decorations] CAPPING events from decorations provider vscode.git 7839
2025-03-23 00:21:17.741 [warning] [Decorations] CAPPING events from decorations provider vscode.git 7839
2025-03-23 00:21:22.964 [warning] [Decorations] CAPPING events from decorations provider vscode.git 7839
2025-03-23 00:21:28.202 [warning] [Decorations] CAPPING events from decorations provider vscode.git 7839
2025-03-23 00:21:33.439 [warning] [Decorations] CAPPING events from decorations provider vscode.git 7839
2025-03-23 00:21:38.677 [warning] [Decorations] CAPPING events from decorations provider vscode.git 7839
2025-03-23 00:21:43.909 [warning] [Decorations] CAPPING events from decorations provider vscode.git 7839
2025-03-23 00:21:49.135 [warning] [Decorations] CAPPING events from decorations provider vscode.git 7839
2025-03-23 00:21:54.360 [warning] [Decorations] CAPPING events from decorations provider vscode.git 7839
2025-03-23 00:21:59.593 [warning] [Decorations] CAPPING events from decorations provider vscode.git 7839
2025-03-23 00:22:04.816 [warning] [Decorations] CAPPING events from decorations provider vscode.git 7839
2025-03-23 00:22:10.053 [warning] [Decorations] CAPPING events from decorations provider vscode.git 7839
2025-03-23 00:22:15.293 [warning] [Decorations] CAPPING events from decorations provider vscode.git 7839
2025-03-23 00:22:20.520 [warning] [Decorations] CAPPING events from decorations provider vscode.git 7839
2025-03-23 00:22:25.744 [warning] [Decorations] CAPPING events from decorations provider vscode.git 7839
2025-03-23 00:22:30.968 [warning] [Decorations] CAPPING events from decorations provider vscode.git 7839
2025-03-23 00:22:36.204 [warning] [Decorations] CAPPING events from decorations provider vscode.git 7839
2025-03-23 00:22:41.436 [warning] [Decorations] CAPPING events from decorations provider vscode.git 7839
2025-03-23 00:22:46.668 [warning] [Decorations] CAPPING events from decorations provider vscode.git 7839
2025-03-23 00:22:51.942 [warning] [Decorations] CAPPING events from decorations provider vscode.git 7839
2025-03-23 00:22:57.175 [warning] [Decorations] CAPPING events from decorations provider vscode.git 7839
2025-03-23 00:23:02.401 [warning] [Decorations] CAPPING events from decorations provider vscode.git 7839
2025-03-23 00:23:07.631 [warning] [Decorations] CAPPING events from decorations provider vscode.git 7839
2025-03-23 00:23:12.859 [warning] [Decorations] CAPPING events from decorations provider vscode.git 7839
2025-03-23 00:24:22.879 [warning] [Decorations] CAPPING events from decorations provider vscode.git 7839
2025-03-23 00:24:23.763 [warning] vscode.json-language-features - Code actions of kind 'quickfix' requested but returned code action is of kind 'source.sort.json'. Code action will be dropped. Please check 'CodeActionContext.only' to only return requested code actions.
2025-03-23 00:24:42.192 [warning] [Decorations] CAPPING events from decorations provider vscode.git 7839
2025-03-23 00:26:06.358 [warning] [Decorations] CAPPING events from decorations provider vscode.git 7839
2025-03-23 00:26:11.588 [warning] [Decorations] CAPPING events from decorations provider vscode.git 7839
2025-03-23 00:26:16.814 [warning] [Decorations] CAPPING events from decorations provider vscode.git 7839
2025-03-23 00:26:22.043 [warning] [Decorations] CAPPING events from decorations provider vscode.git 7839
2025-03-23 00:26:27.269 [warning] [Decorations] CAPPING events from decorations provider vscode.git 7839
2025-03-23 00:26:43.076 [warning] [Decorations] CAPPING events from decorations provider vscode.git 7839
2025-03-23 00:26:48.301 [warning] [Decorations] CAPPING events from decorations provider vscode.git 7839
2025-03-23 00:26:53.527 [warning] [Decorations] CAPPING events from decorations provider vscode.git 7839
2025-03-23 00:27:09.740 [warning] [Decorations] CAPPING events from decorations provider vscode.git 7839
2025-03-23 00:27:14.968 [warning] [Decorations] CAPPING events from decorations provider vscode.git 7839
2025-03-23 00:27:20.196 [warning] [Decorations] CAPPING events from decorations provider vscode.git 7839
2025-03-23 00:28:12.904 [warning] [Decorations] CAPPING events from decorations provider vscode.git 7839
2025-03-23 00:28:19.443 [warning] [Decorations] CAPPING events from decorations provider vscode.git 7839
2025-03-23 00:28:52.916 [warning] [Decorations] CAPPING events from decorations provider vscode.git 7839
2025-03-23 00:28:58.146 [warning] [Decorations] CAPPING events from decorations provider vscode.git 7839
2025-03-23 00:30:11.803 [warning] [Decorations] CAPPING events from decorations provider vscode.git 7839
2025-03-23 00:30:17.034 [warning] [Decorations] CAPPING events from decorations provider vscode.git 7839
2025-03-23 00:30:22.263 [warning] [Decorations] CAPPING events from decorations provider vscode.git 7839
2025-03-23 00:30:27.489 [warning] [Decorations] CAPPING events from decorations provider vscode.git 7839
2025-03-23 00:30:32.715 [warning] [Decorations] CAPPING events from decorations provider vscode.git 7839
2025-03-23 00:30:37.959 [warning] [Decorations] CAPPING events from decorations provider vscode.git 7839
2025-03-23 00:30:43.188 [warning] [Decorations] CAPPING events from decorations provider vscode.git 7839
2025-03-23 00:30:50.872 [warning] [Decorations] CAPPING events from decorations provider vscode.git 7839
2025-03-23 00:30:56.102 [warning] [Decorations] CAPPING events from decorations provider vscode.git 7839
2025-03-23 00:31:02.307 [warning] [Decorations] CAPPING events from decorations provider vscode.git 7839
2025-03-23 00:34:04.050 [warning] [Decorations] CAPPING events from decorations provider vscode.git 7839
2025-03-23 00:34:09.281 [warning] [Decorations] CAPPING events from decorations provider vscode.git 7839
2025-03-23 00:34:14.516 [warning] [Decorations] CAPPING events from decorations provider vscode.git 7839
2025-03-23 00:39:32.719 [warning] [Decorations] CAPPING events from decorations provider vscode.git 7839
2025-03-23 00:39:37.951 [warning] [Decorations] CAPPING events from decorations provider vscode.git 7839
2025-03-23 00:39:43.184 [warning] [Decorations] CAPPING events from decorations provider vscode.git 7839
2025-03-23 00:40:01.080 [warning] [Decorations] CAPPING events from decorations provider vscode.git 7839
2025-03-23 00:40:06.311 [warning] [Decorations] CAPPING events from decorations provider vscode.git 7839
2025-03-23 00:40:12.643 [warning] [Decorations] CAPPING events from decorations provider vscode.git 7839
2025-03-23 00:40:17.873 [warning] [Decorations] CAPPING events from decorations provider vscode.git 7839
2025-03-23 00:40:23.103 [warning] [Decorations] CAPPING events from decorations provider vscode.git 7839
2025-03-23 00:40:28.332 [warning] [Decorations] CAPPING events from decorations provider vscode.git 7839
2025-03-23 00:40:33.557 [warning] [Decorations] CAPPING events from decorations provider vscode.git 7839
2025-03-23 00:40:38.785 [warning] [Decorations] CAPPING events from decorations provider vscode.git 7839
2025-03-23 00:40:49.450 [warning] [Decorations] CAPPING events from decorations provider vscode.git 7839
2025-03-23 00:40:54.677 [warning] [Decorations] CAPPING events from decorations provider vscode.git 7839
2025-03-23 00:40:59.907 [warning] [Decorations] CAPPING events from decorations provider vscode.git 7839
2025-03-23 00:41:05.169 [warning] [Decorations] CAPPING events from decorations provider vscode.git 7839
2025-03-23 00:42:32.207 [warning] [Decorations] CAPPING events from decorations provider vscode.git 7839
2025-03-23 00:42:37.434 [warning] [Decorations] CAPPING events from decorations provider vscode.git 7839
2025-03-23 00:42:42.664 [warning] [Decorations] CAPPING events from decorations provider vscode.git 7839
2025-03-23 00:42:47.894 [warning] [Decorations] CAPPING events from decorations provider vscode.git 7839
2025-03-23 00:42:53.148 [warning] [Decorations] CAPPING events from decorations provider vscode.git 7839
2025-03-23 00:42:58.385 [warning] [Decorations] CAPPING events from decorations provider vscode.git 7839
2025-03-23 00:43:03.617 [warning] [Decorations] CAPPING events from decorations provider vscode.git 7839
2025-03-23 00:43:08.845 [warning] [Decorations] CAPPING events from decorations provider vscode.git 7839
2025-03-23 00:43:14.073 [warning] [Decorations] CAPPING events from decorations provider vscode.git 7839
2025-03-23 00:43:19.330 [warning] [Decorations] CAPPING events from decorations provider vscode.git 7839
2025-03-23 00:43:24.557 [warning] [Decorations] CAPPING events from decorations provider vscode.git 7839
2025-03-23 00:43:29.803 [warning] [Decorations] CAPPING events from decorations provider vscode.git 7839
2025-03-23 00:43:35.035 [warning] [Decorations] CAPPING events from decorations provider vscode.git 7839
2025-03-23 00:43:40.269 [warning] [Decorations] CAPPING events from decorations provider vscode.git 7839
2025-03-23 00:43:45.500 [warning] [Decorations] CAPPING events from decorations provider vscode.git 7839
2025-03-23 00:43:50.730 [warning] [Decorations] CAPPING events from decorations provider vscode.git 7839
2025-03-23 00:44:16.633 [warning] [Decorations] CAPPING events from decorations provider vscode.git 7839
2025-03-23 00:44:21.854 [warning] [Decorations] CAPPING events from decorations provider vscode.git 7839
2025-03-23 00:44:27.081 [warning] [Decorations] CAPPING events from decorations provider vscode.git 7839
2025-03-23 00:44:32.311 [warning] [Decorations] CAPPING events from decorations provider vscode.git 7839
2025-03-23 00:44:37.542 [warning] [Decorations] CAPPING events from decorations provider vscode.git 7839
2025-03-23 00:44:42.769 [warning] [Decorations] CAPPING events from decorations provider vscode.git 7839
2025-03-23 00:44:48.000 [warning] [Decorations] CAPPING events from decorations provider vscode.git 7839
2025-03-23 00:44:53.230 [warning] [Decorations] CAPPING events from decorations provider vscode.git 7839
2025-03-23 00:44:58.456 [warning] [Decorations] CAPPING events from decorations provider vscode.git 7839
2025-03-23 00:45:03.686 [warning] [Decorations] CAPPING events from decorations provider vscode.git 7839
2025-03-23 00:45:08.915 [warning] [Decorations] CAPPING events from decorations provider vscode.git 7839
2025-03-23 00:45:14.145 [warning] [Decorations] CAPPING events from decorations provider vscode.git 7839
2025-03-23 00:45:19.376 [warning] [Decorations] CAPPING events from decorations provider vscode.git 7839
2025-03-23 00:45:24.606 [warning] [Decorations] CAPPING events from decorations provider vscode.git 7839
2025-03-23 00:45:29.836 [warning] [Decorations] CAPPING events from decorations provider vscode.git 7839
2025-03-23 00:45:35.063 [warning] [Decorations] CAPPING events from decorations provider vscode.git 7839
2025-03-23 00:45:40.294 [warning] [Decorations] CAPPING events from decorations provider vscode.git 7839
2025-03-23 00:45:45.526 [warning] [Decorations] CAPPING events from decorations provider vscode.git 7839
2025-03-23 00:45:50.755 [warning] [Decorations] CAPPING events from decorations provider vscode.git 7839
2025-03-23 00:45:55.986 [warning] [Decorations] CAPPING events from decorations provider vscode.git 7839
2025-03-23 00:46:01.214 [warning] [Decorations] CAPPING events from decorations provider vscode.git 7839
2025-03-23 00:46:06.440 [warning] [Decorations] CAPPING events from decorations provider vscode.git 7839
2025-03-23 00:46:11.665 [warning] [Decorations] CAPPING events from decorations provider vscode.git 7839
2025-03-23 00:49:09.877 [warning] [Decorations] CAPPING events from decorations provider vscode.git 7839
2025-03-23 00:49:15.105 [warning] [Decorations] CAPPING events from decorations provider vscode.git 7839
2025-03-23 00:49:44.669 [warning] [Decorations] CAPPING events from decorations provider vscode.git 7839
2025-03-23 00:49:49.898 [warning] [Decorations] CAPPING events from decorations provider vscode.git 7839
2025-03-23 00:52:56.782 [warning] [Decorations] CAPPING events from decorations provider vscode.git 7839
2025-03-23 00:53:02.011 [warning] [Decorations] CAPPING events from decorations provider vscode.git 7839
2025-03-23 00:53:19.972 [warning] [Decorations] CAPPING events from decorations provider vscode.git 7839
2025-03-23 00:53:25.207 [warning] [Decorations] CAPPING events from decorations provider vscode.git 7839
2025-03-23 00:53:33.761 [warning] [Decorations] CAPPING events from decorations provider vscode.git 7839
2025-03-23 00:54:26.061 [warning] [Decorations] CAPPING events from decorations provider vscode.git 7839
2025-03-23 00:54:31.287 [warning] [Decorations] CAPPING events from decorations provider vscode.git 7839
2025-03-23 00:54:36.515 [warning] [Decorations] CAPPING events from decorations provider vscode.git 7839
2025-03-23 00:54:41.741 [warning] [Decorations] CAPPING events from decorations provider vscode.git 7839
2025-03-23 00:54:46.973 [warning] [Decorations] CAPPING events from decorations provider vscode.git 7839
2025-03-23 00:54:52.200 [warning] [Decorations] CAPPING events from decorations provider vscode.git 7839
2025-03-23 00:54:57.434 [warning] [Decorations] CAPPING events from decorations provider vscode.git 7839
2025-03-23 00:55:15.606 [warning] [Decorations] CAPPING events from decorations provider vscode.git 7839
2025-03-23 00:55:20.834 [warning] [Decorations] CAPPING events from decorations provider vscode.git 7839
2025-03-23 00:55:26.058 [warning] [Decorations] CAPPING events from decorations provider vscode.git 7839
2025-03-23 00:55:31.284 [warning] [Decorations] CAPPING events from decorations provider vscode.git 7839
2025-03-23 00:58:18.246 [warning] [Decorations] CAPPING events from decorations provider vscode.git 7839
2025-03-23 00:58:23.479 [warning] [Decorations] CAPPING events from decorations provider vscode.git 7839
2025-03-23 01:02:28.758 [warning] [Decorations] CAPPING events from decorations provider vscode.git 7839
2025-03-23 01:06:20.772 [warning] [Decorations] CAPPING events from decorations provider vscode.git 7839
2025-03-23 01:06:26.003 [warning] [Decorations] CAPPING events from decorations provider vscode.git 7839
2025-03-23 01:06:31.232 [warning] [Decorations] CAPPING events from decorations provider vscode.git 7839
2025-03-23 01:06:36.461 [warning] [Decorations] CAPPING events from decorations provider vscode.git 7839
2025-03-23 01:06:41.687 [warning] [Decorations] CAPPING events from decorations provider vscode.git 7839
2025-03-23 01:06:46.914 [warning] [Decorations] CAPPING events from decorations provider vscode.git 7839
2025-03-23 01:06:52.196 [warning] [Decorations] CAPPING events from decorations provider vscode.git 7839
2025-03-23 01:06:57.424 [warning] [Decorations] CAPPING events from decorations provider vscode.git 7839
2025-03-23 01:07:02.652 [warning] [Decorations] CAPPING events from decorations provider vscode.git 7839
2025-03-23 01:07:16.964 [warning] [Decorations] CAPPING events from decorations provider vscode.git 7839
2025-03-23 01:07:22.666 [warning] [Decorations] CAPPING events from decorations provider vscode.git 7839
2025-03-23 01:07:27.892 [warning] [Decorations] CAPPING events from decorations provider vscode.git 7839
2025-03-23 01:07:33.281 [warning] [Decorations] CAPPING events from decorations provider vscode.git 7839
2025-03-23 01:07:38.510 [warning] [Decorations] CAPPING events from decorations provider vscode.git 7839
2025-03-23 01:07:43.736 [warning] [Decorations] CAPPING events from decorations provider vscode.git 7839
2025-03-23 01:07:48.962 [warning] [Decorations] CAPPING events from decorations provider vscode.git 7839
2025-03-23 01:07:54.190 [warning] [Decorations] CAPPING events from decorations provider vscode.git 7839
2025-03-23 01:07:59.415 [warning] [Decorations] CAPPING events from decorations provider vscode.git 7839
2025-03-23 01:08:04.643 [warning] [Decorations] CAPPING events from decorations provider vscode.git 7839
2025-03-23 01:08:09.876 [warning] [Decorations] CAPPING events from decorations provider vscode.git 7839
2025-03-23 01:08:15.103 [warning] [Decorations] CAPPING events from decorations provider vscode.git 7839
2025-03-23 01:08:20.332 [warning] [Decorations] CAPPING events from decorations provider vscode.git 7839
2025-03-23 01:08:25.560 [warning] [Decorations] CAPPING events from decorations provider vscode.git 7839
2025-03-23 01:09:40.698 [warning] [Decorations] CAPPING events from decorations provider vscode.git 7839
2025-03-23 01:09:59.569 [warning] [Decorations] CAPPING events from decorations provider vscode.git 7839
2025-03-23 01:10:04.795 [warning] [Decorations] CAPPING events from decorations provider vscode.git 7839
2025-03-23 01:10:11.649 [warning] [Decorations] CAPPING events from decorations provider vscode.git 7839
2025-03-23 01:10:16.875 [warning] [Decorations] CAPPING events from decorations provider vscode.git 7839
2025-03-23 01:10:22.099 [warning] [Decorations] CAPPING events from decorations provider vscode.git 7839
2025-03-23 01:10:27.329 [warning] [Decorations] CAPPING events from decorations provider vscode.git 7839
2025-03-23 01:10:32.559 [warning] [Decorations] CAPPING events from decorations provider vscode.git 7839
2025-03-23 01:10:37.793 [warning] [Decorations] CAPPING events from decorations provider vscode.git 7839
2025-03-23 01:10:45.524 [warning] [Decorations] CAPPING events from decorations provider vscode.git 7839
2025-03-23 01:10:50.754 [warning] [Decorations] CAPPING events from decorations provider vscode.git 7839
2025-03-23 01:13:51.079 [warning] [Decorations] CAPPING events from decorations provider vscode.git 7839
2025-03-23 01:13:56.311 [warning] [Decorations] CAPPING events from decorations provider vscode.git 7839
2025-03-23 01:14:01.542 [warning] [Decorations] CAPPING events from decorations provider vscode.git 7839
2025-03-23 01:14:06.771 [warning] [Decorations] CAPPING events from decorations provider vscode.git 7839
2025-03-23 01:14:18.233 [warning] [Decorations] CAPPING events from decorations provider vscode.git 7839
2025-03-23 01:14:23.462 [warning] [Decorations] CAPPING events from decorations provider vscode.git 7839
2025-03-23 01:14:28.691 [warning] [Decorations] CAPPING events from decorations provider vscode.git 7839
2025-03-23 01:14:33.920 [warning] [Decorations] CAPPING events from decorations provider vscode.git 7839
2025-03-23 01:14:39.148 [warning] [Decorations] CAPPING events from decorations provider vscode.git 7839
2025-03-23 01:14:44.378 [warning] [Decorations] CAPPING events from decorations provider vscode.git 7839
2025-03-23 01:14:49.609 [warning] [Decorations] CAPPING events from decorations provider vscode.git 7839
2025-03-23 01:14:54.840 [warning] [Decorations] CAPPING events from decorations provider vscode.git 7839
2025-03-23 01:15:00.067 [warning] [Decorations] CAPPING events from decorations provider vscode.git 7839
2025-03-23 01:15:05.297 [warning] [Decorations] CAPPING events from decorations provider vscode.git 7839
2025-03-23 01:15:10.525 [warning] [Decorations] CAPPING events from decorations provider vscode.git 7839
2025-03-23 01:15:15.752 [warning] [Decorations] CAPPING events from decorations provider vscode.git 7839
2025-03-23 01:15:20.980 [warning] [Decorations] CAPPING events from decorations provider vscode.git 7839
2025-03-23 01:15:26.223 [warning] [Decorations] CAPPING events from decorations provider vscode.git 7839
2025-03-23 01:16:08.543 [warning] [Decorations] CAPPING events from decorations provider vscode.git 7839
2025-03-23 01:20:44.852 [warning] [Decorations] CAPPING events from decorations provider vscode.git 7839
2025-03-23 01:21:11.153 [warning] [Decorations] CAPPING events from decorations provider vscode.git 7839
2025-03-23 01:21:16.379 [warning] [Decorations] CAPPING events from decorations provider vscode.git 7839
2025-03-23 01:22:12.723 [warning] [Decorations] CAPPING events from decorations provider vscode.git 7839
2025-03-23 01:22:17.951 [warning] [Decorations] CAPPING events from decorations provider vscode.git 7839
2025-03-23 01:22:23.181 [warning] [Decorations] CAPPING events from decorations provider vscode.git 7839
2025-03-23 01:22:28.405 [warning] [Decorations] CAPPING events from decorations provider vscode.git 7839
2025-03-23 01:22:33.632 [warning] [Decorations] CAPPING events from decorations provider vscode.git 7839
2025-03-23 01:22:38.859 [warning] [Decorations] CAPPING events from decorations provider vscode.git 7839
2025-03-23 01:22:44.086 [warning] [Decorations] CAPPING events from decorations provider vscode.git 7839
2025-03-23 01:22:49.315 [warning] [Decorations] CAPPING events from decorations provider vscode.git 7839
2025-03-23 01:24:11.878 [warning] [Decorations] CAPPING events from decorations provider vscode.git 7839
2025-03-23 01:24:29.055 [warning] [Decorations] CAPPING events from decorations provider vscode.git 7839
2025-03-23 01:25:03.661 [warning] [Decorations] CAPPING events from decorations provider vscode.git 7839
2025-03-23 01:25:08.890 [warning] [Decorations] CAPPING events from decorations provider vscode.git 7839
2025-03-23 01:25:14.115 [warning] [Decorations] CAPPING events from decorations provider vscode.git 7839
2025-03-23 01:25:19.341 [warning] [Decorations] CAPPING events from decorations provider vscode.git 7839
2025-03-23 01:25:24.566 [warning] [Decorations] CAPPING events from decorations provider vscode.git 7839
2025-03-23 01:25:29.794 [warning] [Decorations] CAPPING events from decorations provider vscode.git 7839
2025-03-23 01:25:37.092 [warning] [Decorations] CAPPING events from decorations provider vscode.git 7839
2025-03-23 01:25:42.320 [warning] [Decorations] CAPPING events from decorations provider vscode.git 7839
2025-03-23 01:26:22.329 [warning] [Decorations] CAPPING events from decorations provider vscode.git 7839
2025-03-23 01:26:27.555 [warning] [Decorations] CAPPING events from decorations provider vscode.git 7839
2025-03-23 01:26:34.617 [warning] [Decorations] CAPPING events from decorations provider vscode.git 7839
2025-03-23 01:28:40.104 [warning] [Decorations] CAPPING events from decorations provider vscode.git 7839
2025-03-23 01:34:31.464 [warning] [Decorations] CAPPING events from decorations provider vscode.git 7839
2025-03-23 01:34:36.697 [warning] [Decorations] CAPPING events from decorations provider vscode.git 7839
2025-03-23 01:44:14.974 [warning] [Decorations] CAPPING events from decorations provider vscode.git 7839
2025-03-23 01:44:29.779 [warning] [Decorations] CAPPING events from decorations provider vscode.git 7839
2025-03-23 01:47:39.832 [warning] [Decorations] CAPPING events from decorations provider vscode.git 7839
2025-03-23 01:47:45.061 [warning] [Decorations] CAPPING events from decorations provider vscode.git 7839
2025-03-23 01:47:50.289 [warning] [Decorations] CAPPING events from decorations provider vscode.git 7839
2025-03-23 01:48:04.945 [warning] [Decorations] CAPPING events from decorations provider vscode.git 7839
2025-03-23 01:48:10.174 [warning] [Decorations] CAPPING events from decorations provider vscode.git 7839
2025-03-23 01:48:15.402 [warning] [Decorations] CAPPING events from decorations provider vscode.git 7839
2025-03-23 01:48:20.629 [warning] [Decorations] CAPPING events from decorations provider vscode.git 7839
2025-03-23 01:48:25.855 [warning] [Decorations] CAPPING events from decorations provider vscode.git 7839
2025-03-23 01:48:31.084 [warning] [Decorations] CAPPING events from decorations provider vscode.git 7839
2025-03-23 01:48:36.310 [warning] [Decorations] CAPPING events from decorations provider vscode.git 7839
2025-03-23 01:48:41.535 [warning] [Decorations] CAPPING events from decorations provider vscode.git 7839
2025-03-23 01:48:46.766 [warning] [Decorations] CAPPING events from decorations provider vscode.git 7839
2025-03-23 01:48:51.993 [warning] [Decorations] CAPPING events from decorations provider vscode.git 7839
2025-03-23 01:49:37.303 [warning] [Decorations] CAPPING events from decorations provider vscode.git 7839
2025-03-23 01:49:42.531 [warning] [Decorations] CAPPING events from decorations provider vscode.git 7839
2025-03-23 01:49:48.356 [warning] [Decorations] CAPPING events from decorations provider vscode.git 7839
2025-03-23 01:49:53.584 [warning] [Decorations] CAPPING events from decorations provider vscode.git 7839
2025-03-23 01:50:35.243 [warning] [Decorations] CAPPING events from decorations provider vscode.git 7839
2025-03-23 01:50:40.468 [warning] [Decorations] CAPPING events from decorations provider vscode.git 7839
2025-03-23 01:50:45.694 [warning] [Decorations] CAPPING events from decorations provider vscode.git 7839
2025-03-23 01:50:50.920 [warning] [Decorations] CAPPING events from decorations provider vscode.git 7839
2025-03-23 01:50:56.149 [warning] [Decorations] CAPPING events from decorations provider vscode.git 7839
2025-03-23 01:51:01.376 [warning] [Decorations] CAPPING events from decorations provider vscode.git 7839
2025-03-23 01:51:06.603 [warning] [Decorations] CAPPING events from decorations provider vscode.git 7839
2025-03-23 01:51:11.830 [warning] [Decorations] CAPPING events from decorations provider vscode.git 7839
2025-03-23 01:51:17.058 [warning] [Decorations] CAPPING events from decorations provider vscode.git 7839
2025-03-23 01:51:22.285 [warning] [Decorations] CAPPING events from decorations provider vscode.git 7839
2025-03-23 01:51:27.511 [warning] [Decorations] CAPPING events from decorations provider vscode.git 7839
2025-03-23 01:51:32.737 [warning] [Decorations] CAPPING events from decorations provider vscode.git 7839
2025-03-23 01:51:37.965 [warning] [Decorations] CAPPING events from decorations provider vscode.git 7839
2025-03-23 01:51:43.192 [warning] [Decorations] CAPPING events from decorations provider vscode.git 7839
2025-03-23 01:51:48.417 [warning] [Decorations] CAPPING events from decorations provider vscode.git 7839
2025-03-23 01:51:53.646 [warning] [Decorations] CAPPING events from decorations provider vscode.git 7839
2025-03-23 01:51:58.869 [warning] [Decorations] CAPPING events from decorations provider vscode.git 7839
2025-03-23 01:52:04.098 [warning] [Decorations] CAPPING events from decorations provider vscode.git 7839
2025-03-23 01:52:09.326 [warning] [Decorations] CAPPING events from decorations provider vscode.git 7839
2025-03-23 01:52:14.552 [warning] [Decorations] CAPPING events from decorations provider vscode.git 7839
2025-03-23 01:52:19.778 [warning] [Decorations] CAPPING events from decorations provider vscode.git 7839
2025-03-23 01:52:25.004 [warning] [Decorations] CAPPING events from decorations provider vscode.git 7839
2025-03-23 01:57:18.833 [warning] [Decorations] CAPPING events from decorations provider vscode.git 7839
2025-03-23 01:57:46.000 [warning] [Decorations] CAPPING events from decorations provider vscode.git 7839
2025-03-23 01:57:51.223 [warning] [Decorations] CAPPING events from decorations provider vscode.git 7839
2025-03-23 01:58:23.571 [warning] [Decorations] CAPPING events from decorations provider vscode.git 7839
2025-03-23 01:58:28.799 [warning] [Decorations] CAPPING events from decorations provider vscode.git 7839
2025-03-23 01:58:34.029 [warning] [Decorations] CAPPING events from decorations provider vscode.git 7839
2025-03-23 01:58:39.256 [warning] [Decorations] CAPPING events from decorations provider vscode.git 7839
2025-03-23 01:59:07.734 [warning] [Decorations] CAPPING events from decorations provider vscode.git 7839
2025-03-23 01:59:12.961 [warning] [Decorations] CAPPING events from decorations provider vscode.git 7839
2025-03-23 01:59:18.184 [warning] [Decorations] CAPPING events from decorations provider vscode.git 7839
2025-03-23 01:59:26.374 [warning] [Decorations] CAPPING events from decorations provider vscode.git 7839
2025-03-23 01:59:41.095 [warning] [Decorations] CAPPING events from decorations provider vscode.git 7839
2025-03-23 01:59:46.327 [warning] [Decorations] CAPPING events from decorations provider vscode.git 7839
2025-03-23 01:59:56.320 [warning] [Decorations] CAPPING events from decorations provider vscode.git 7839
2025-03-23 02:00:18.295 [warning] [Decorations] CAPPING events from decorations provider vscode.git 7839
2025-03-23 02:00:49.289 [warning] [Decorations] CAPPING events from decorations provider vscode.git 7839
2025-03-23 02:00:54.516 [warning] [Decorations] CAPPING events from decorations provider vscode.git 7839
2025-03-23 02:01:34.218 [warning] [Decorations] CAPPING events from decorations provider vscode.git 7839
2025-03-23 02:02:29.317 [warning] [Decorations] CAPPING events from decorations provider vscode.git 7839
2025-03-23 02:02:34.546 [warning] [Decorations] CAPPING events from decorations provider vscode.git 7839
2025-03-23 02:02:39.780 [warning] [Decorations] CAPPING events from decorations provider vscode.git 7839
2025-03-23 02:02:45.002 [warning] [Decorations] CAPPING events from decorations provider vscode.git 7839
2025-03-23 02:02:50.229 [warning] [Decorations] CAPPING events from decorations provider vscode.git 7839
2025-03-23 02:02:55.456 [warning] [Decorations] CAPPING events from decorations provider vscode.git 7839
2025-03-23 02:03:00.684 [warning] [Decorations] CAPPING events from decorations provider vscode.git 7839
2025-03-23 02:03:05.916 [warning] [Decorations] CAPPING events from decorations provider vscode.git 7839
2025-03-23 02:03:11.142 [warning] [Decorations] CAPPING events from decorations provider vscode.git 7839
2025-03-23 02:03:23.555 [warning] [Decorations] CAPPING events from decorations provider vscode.git 7839
2025-03-23 02:03:41.594 [warning] [Decorations] CAPPING events from decorations provider vscode.git 7839
2025-03-23 02:03:46.821 [warning] [Decorations] CAPPING events from decorations provider vscode.git 7839
2025-03-23 02:04:31.146 [warning] [Decorations] CAPPING events from decorations provider vscode.git 7839
2025-03-23 02:04:54.089 [warning] [Decorations] CAPPING events from decorations provider vscode.git 7839
2025-03-23 02:04:59.374 [warning] [Decorations] CAPPING events from decorations provider vscode.git 7839
2025-03-23 02:05:05.595 [warning] [Decorations] CAPPING events from decorations provider vscode.git 7839
2025-03-23 02:05:10.819 [warning] [Decorations] CAPPING events from decorations provider vscode.git 7839
2025-03-23 02:05:16.044 [warning] [Decorations] CAPPING events from decorations provider vscode.git 7839
2025-03-23 02:05:22.372 [warning] [Decorations] CAPPING events from decorations provider vscode.git 7839
2025-03-23 02:05:27.596 [warning] [Decorations] CAPPING events from decorations provider vscode.git 7839
2025-03-23 02:05:32.830 [warning] [Decorations] CAPPING events from decorations provider vscode.git 7839
2025-03-23 02:05:38.057 [warning] [Decorations] CAPPING events from decorations provider vscode.git 7839
2025-03-23 02:06:26.514 [warning] [Decorations] CAPPING events from decorations provider vscode.git 7839
2025-03-23 02:06:31.742 [warning] [Decorations] CAPPING events from decorations provider vscode.git 7839
2025-03-23 02:06:36.970 [warning] [Decorations] CAPPING events from decorations provider vscode.git 7839
2025-03-23 02:07:36.671 [warning] [Decorations] CAPPING events from decorations provider vscode.git 7839
2025-03-23 02:07:46.256 [warning] [Decorations] CAPPING events from decorations provider vscode.git 7839
2025-03-23 02:07:51.482 [warning] [Decorations] CAPPING events from decorations provider vscode.git 7839
2025-03-23 02:09:23.897 [warning] [Decorations] CAPPING events from decorations provider vscode.git 7839
2025-03-23 02:09:29.124 [warning] [Decorations] CAPPING events from decorations provider vscode.git 7839
2025-03-23 02:09:34.353 [warning] [Decorations] CAPPING events from decorations provider vscode.git 7839
2025-03-23 02:10:08.760 [warning] [Decorations] CAPPING events from decorations provider vscode.git 7839
2025-03-23 02:13:20.823 [warning] [Decorations] CAPPING events from decorations provider vscode.git 7839
2025-03-23 02:13:33.320 [warning] [Decorations] CAPPING events from decorations provider vscode.git 7839
2025-03-23 02:13:38.546 [warning] [Decorations] CAPPING events from decorations provider vscode.git 7839
2025-03-23 02:13:47.832 [warning] [Decorations] CAPPING events from decorations provider vscode.git 7839
2025-03-23 02:13:53.086 [warning] [Decorations] CAPPING events from decorations provider vscode.git 7839
2025-03-23 02:13:58.345 [warning] [Decorations] CAPPING events from decorations provider vscode.git 7839
2025-03-23 02:14:03.575 [warning] [Decorations] CAPPING events from decorations provider vscode.git 7839
2025-03-23 02:14:09.880 [warning] [Decorations] CAPPING events from decorations provider vscode.git 7839
2025-03-23 02:14:15.107 [warning] [Decorations] CAPPING events from decorations provider vscode.git 6214
2025-03-23 02:14:21.005 [warning] [Decorations] CAPPING events from decorations provider vscode.git 6214
