2025-05-04 02:55:32.254 [info] Extension host with pid 1300 started
2025-05-04 02:55:32.254 [error] Error: EEXIST: file already exists, open '/home/student/.vscode-server/data/User/workspaceStorage/255174b9c84437907369f27ac92b5bdb/vscode.lock'
2025-05-04 02:55:32.263 [info] Lock '/home/student/.vscode-server/data/User/workspaceStorage/255174b9c84437907369f27ac92b5bdb/vscode.lock': Could not acquire lock, checking if the file is stale.
2025-05-04 02:55:32.267 [info] Lock '/home/student/.vscode-server/data/User/workspaceStorage/255174b9c84437907369f27ac92b5bdb/vscode.lock': The pid 1631 appears to be gone.
2025-05-04 02:55:32.267 [info] Lock '/home/student/.vscode-server/data/User/workspaceStorage/255174b9c84437907369f27ac92b5bdb/vscode.lock': Deleting a stale lock.
2025-05-04 02:55:32.290 [info] Lock '/home/student/.vscode-server/data/User/workspaceStorage/255174b9c84437907369f27ac92b5bdb/vscode.lock': Lock acquired.
2025-05-04 02:55:32.400 [info] ExtensionService#_doActivateExtension vscode.emmet, startup: false, activationEvent: 'onLanguage'
2025-05-04 02:55:32.402 [info] ExtensionService#_doActivateExtension vscode.git-base, startup: false, activationEvent: '*', root cause: vscode.git
2025-05-04 02:55:32.590 [info] ExtensionService#_doActivateExtension vscode.git, startup: false, activationEvent: '*'
2025-05-04 02:55:32.591 [info] ExtensionService#_doActivateExtension vscode.github, startup: false, activationEvent: '*'
2025-05-04 02:55:32.923 [info] Eager extensions activated
2025-05-04 02:55:32.923 [info] ExtensionService#_doActivateExtension vscode.debug-auto-launch, startup: false, activationEvent: 'onStartupFinished'
2025-05-04 02:55:32.924 [info] ExtensionService#_doActivateExtension vscode.merge-conflict, startup: false, activationEvent: 'onStartupFinished'
2025-05-04 02:55:33.556 [warning] [Decorations] CAPPING events from decorations provider vscode.git 4903
2025-05-04 02:55:34.464 [warning] [Decorations] CAPPING events from decorations provider vscode.git 4903
2025-05-04 02:55:37.663 [warning] [Decorations] CAPPING events from decorations provider vscode.git 4903
2025-05-04 02:55:42.859 [warning] [Decorations] CAPPING events from decorations provider vscode.git 4925
2025-05-04 02:55:48.049 [warning] [Decorations] CAPPING events from decorations provider vscode.git 4925
2025-05-04 02:55:53.238 [warning] [Decorations] CAPPING events from decorations provider vscode.git 4925
2025-05-04 02:55:58.412 [warning] [Decorations] CAPPING events from decorations provider vscode.git 4925
2025-05-04 02:56:03.599 [warning] [Decorations] CAPPING events from decorations provider vscode.git 4925
2025-05-04 02:56:08.789 [warning] [Decorations] CAPPING events from decorations provider vscode.git 4925
2025-05-04 02:56:57.632 [warning] [Decorations] CAPPING events from decorations provider vscode.git 4925
2025-05-04 02:57:02.822 [warning] [Decorations] CAPPING events from decorations provider vscode.git 4925
2025-05-04 03:03:48.329 [warning] [Decorations] CAPPING events from decorations provider vscode.git 4925
2025-05-04 03:03:53.535 [warning] [Decorations] CAPPING events from decorations provider vscode.git 4925
2025-05-04 03:03:58.726 [warning] [Decorations] CAPPING events from decorations provider vscode.git 4925
2025-05-04 03:04:03.914 [warning] [Decorations] CAPPING events from decorations provider vscode.git 4925
2025-05-04 03:04:09.107 [warning] [Decorations] CAPPING events from decorations provider vscode.git 4925
2025-05-04 03:04:14.301 [warning] [Decorations] CAPPING events from decorations provider vscode.git 4925
2025-05-04 03:04:52.483 [warning] [Decorations] CAPPING events from decorations provider vscode.git 4925
2025-05-04 03:04:54.353 [info] ExtensionService#_doActivateExtension vscode.npm, startup: false, activationEvent: 'onTerminalQuickFixRequest:ms-vscode.npm-command'
2025-05-04 03:04:57.673 [warning] [Decorations] CAPPING events from decorations provider vscode.git 4925
2025-05-04 03:05:00.323 [info] ExtensionService#_doActivateExtension vscode.configuration-editing, startup: false, activationEvent: 'onLanguage:json'
2025-05-04 03:05:00.323 [info] ExtensionService#_doActivateExtension vscode.extension-editing, startup: false, activationEvent: 'onLanguage:json'
2025-05-04 03:05:00.323 [info] ExtensionService#_doActivateExtension vscode.json-language-features, startup: false, activationEvent: 'onLanguage:json'
2025-05-04 03:05:02.878 [warning] [Decorations] CAPPING events from decorations provider vscode.git 4926
2025-05-04 03:05:08.073 [warning] [Decorations] CAPPING events from decorations provider vscode.git 4926
2025-05-04 03:05:13.270 [warning] [Decorations] CAPPING events from decorations provider vscode.git 4926
2025-05-04 03:05:18.478 [warning] [Decorations] CAPPING events from decorations provider vscode.git 4926
2025-05-04 03:05:23.667 [warning] [Decorations] CAPPING events from decorations provider vscode.git 4926
2025-05-04 03:05:36.449 [warning] [Decorations] CAPPING events from decorations provider vscode.git 4926
2025-05-04 03:05:48.028 [warning] [Decorations] CAPPING events from decorations provider vscode.git 4926
2025-05-04 03:05:53.225 [warning] [Decorations] CAPPING events from decorations provider vscode.git 4926
2025-05-04 03:06:01.911 [warning] [Decorations] CAPPING events from decorations provider vscode.git 4926
2025-05-04 03:06:07.099 [warning] [Decorations] CAPPING events from decorations provider vscode.git 4926
2025-05-04 03:06:26.556 [warning] [Decorations] CAPPING events from decorations provider vscode.git 4926
2025-05-04 03:06:45.725 [warning] [Decorations] CAPPING events from decorations provider vscode.git 4926
2025-05-04 03:06:50.919 [warning] [Decorations] CAPPING events from decorations provider vscode.git 4926
2025-05-04 03:06:56.114 [warning] [Decorations] CAPPING events from decorations provider vscode.git 4926
2025-05-04 03:07:01.305 [warning] [Decorations] CAPPING events from decorations provider vscode.git 4926
2025-05-04 03:07:06.494 [warning] [Decorations] CAPPING events from decorations provider vscode.git 4926
2025-05-04 03:07:11.690 [warning] [Decorations] CAPPING events from decorations provider vscode.git 4926
2025-05-04 03:07:16.884 [warning] [Decorations] CAPPING events from decorations provider vscode.git 4926
2025-05-04 03:07:35.352 [warning] [Decorations] CAPPING events from decorations provider vscode.git 4926
2025-05-04 03:07:45.151 [warning] [Decorations] CAPPING events from decorations provider vscode.git 4926
2025-05-04 03:08:38.904 [warning] [Decorations] CAPPING events from decorations provider vscode.git 4926
2025-05-04 03:10:06.739 [warning] [Decorations] CAPPING events from decorations provider vscode.git 4926
2025-05-04 03:10:11.946 [warning] [Decorations] CAPPING events from decorations provider vscode.git 4926
2025-05-04 03:11:37.174 [warning] [Decorations] CAPPING events from decorations provider vscode.git 4926
2025-05-04 03:11:42.371 [warning] [Decorations] CAPPING events from decorations provider vscode.git 4926
2025-05-04 03:11:47.565 [warning] [Decorations] CAPPING events from decorations provider vscode.git 4926
2025-05-04 03:11:53.660 [warning] [Decorations] CAPPING events from decorations provider vscode.git 4926
2025-05-04 03:12:02.708 [warning] [Decorations] CAPPING events from decorations provider vscode.git 4926
2025-05-04 03:12:07.948 [warning] [Decorations] CAPPING events from decorations provider vscode.git 4926
2025-05-04 03:12:27.799 [warning] [Decorations] CAPPING events from decorations provider vscode.git 4926
2025-05-04 03:12:32.988 [warning] [Decorations] CAPPING events from decorations provider vscode.git 4926
2025-05-04 03:13:42.012 [warning] [Decorations] CAPPING events from decorations provider vscode.git 4926
2025-05-04 03:13:47.220 [warning] [Decorations] CAPPING events from decorations provider vscode.git 4926
2025-05-04 03:13:59.936 [warning] [Decorations] CAPPING events from decorations provider vscode.git 4926
2025-05-04 03:14:05.252 [warning] [Decorations] CAPPING events from decorations provider vscode.git 8886
2025-05-04 03:15:08.898 [warning] [Decorations] CAPPING events from decorations provider vscode.git 8886
2025-05-04 03:16:06.404 [warning] [Decorations] CAPPING events from decorations provider vscode.git 8886
2025-05-04 03:18:55.644 [warning] [Decorations] CAPPING events from decorations provider vscode.git 8886
2025-05-04 03:19:00.948 [warning] [Decorations] CAPPING events from decorations provider vscode.git 8886
2025-05-04 03:19:06.254 [warning] [Decorations] CAPPING events from decorations provider vscode.git 8886
2025-05-04 03:19:11.554 [warning] [Decorations] CAPPING events from decorations provider vscode.git 8886
2025-05-04 03:19:16.859 [warning] [Decorations] CAPPING events from decorations provider vscode.git 8886
2025-05-04 03:19:22.159 [warning] [Decorations] CAPPING events from decorations provider vscode.git 8886
2025-05-04 03:19:32.615 [warning] [Decorations] CAPPING events from decorations provider vscode.git 8886
2025-05-04 03:19:54.861 [warning] [Decorations] CAPPING events from decorations provider vscode.git 8886
2025-05-04 03:20:00.166 [warning] [Decorations] CAPPING events from decorations provider vscode.git 8886
2025-05-04 03:20:05.474 [warning] [Decorations] CAPPING events from decorations provider vscode.git 8886
2025-05-04 03:20:10.766 [warning] [Decorations] CAPPING events from decorations provider vscode.git 8886
2025-05-04 03:20:16.063 [warning] [Decorations] CAPPING events from decorations provider vscode.git 8886
2025-05-04 03:20:21.426 [warning] [Decorations] CAPPING events from decorations provider vscode.git 8886
2025-05-04 03:20:26.734 [warning] [Decorations] CAPPING events from decorations provider vscode.git 8886
2025-05-04 03:20:32.034 [warning] [Decorations] CAPPING events from decorations provider vscode.git 8886
2025-05-04 03:20:37.343 [warning] [Decorations] CAPPING events from decorations provider vscode.git 8886
2025-05-04 03:21:11.897 [warning] [Decorations] CAPPING events from decorations provider vscode.git 8886
2025-05-04 03:21:23.223 [warning] [Decorations] CAPPING events from decorations provider vscode.git 8886
2025-05-04 03:21:28.523 [warning] [Decorations] CAPPING events from decorations provider vscode.git 8886
2025-05-04 03:21:38.579 [warning] [Decorations] CAPPING events from decorations provider vscode.git 8886
2025-05-04 03:21:43.879 [warning] [Decorations] CAPPING events from decorations provider vscode.git 8886
2025-05-04 03:21:49.176 [warning] [Decorations] CAPPING events from decorations provider vscode.git 8886
2025-05-04 03:21:54.477 [warning] [Decorations] CAPPING events from decorations provider vscode.git 8886
2025-05-04 03:21:59.784 [warning] [Decorations] CAPPING events from decorations provider vscode.git 8886
2025-05-04 03:22:10.027 [warning] [Decorations] CAPPING events from decorations provider vscode.git 8886
2025-05-04 03:22:15.324 [warning] [Decorations] CAPPING events from decorations provider vscode.git 8886
2025-05-04 03:22:20.619 [warning] [Decorations] CAPPING events from decorations provider vscode.git 8886
2025-05-04 03:22:25.918 [warning] [Decorations] CAPPING events from decorations provider vscode.git 8886
2025-05-04 03:22:31.218 [warning] [Decorations] CAPPING events from decorations provider vscode.git 8886
2025-05-04 03:22:36.514 [warning] [Decorations] CAPPING events from decorations provider vscode.git 8886
2025-05-04 03:22:41.817 [warning] [Decorations] CAPPING events from decorations provider vscode.git 8886
2025-05-04 03:22:47.119 [warning] [Decorations] CAPPING events from decorations provider vscode.git 8886
2025-05-04 03:22:52.429 [warning] [Decorations] CAPPING events from decorations provider vscode.git 8886
2025-05-04 03:23:55.284 [warning] [Decorations] CAPPING events from decorations provider vscode.git 8886
2025-05-04 03:24:00.596 [warning] [Decorations] CAPPING events from decorations provider vscode.git 8886
2025-05-04 03:24:05.897 [warning] [Decorations] CAPPING events from decorations provider vscode.git 8886
2025-05-04 03:29:27.364 [warning] [Decorations] CAPPING events from decorations provider vscode.git 8886
2025-05-04 03:53:11.105 [warning] [Decorations] CAPPING events from decorations provider vscode.git 8886
2025-05-04 03:54:22.149 [warning] [Decorations] CAPPING events from decorations provider vscode.git 8886
2025-05-04 03:54:27.450 [warning] [Decorations] CAPPING events from decorations provider vscode.git 8886
2025-05-04 03:54:32.750 [warning] [Decorations] CAPPING events from decorations provider vscode.git 8886
2025-05-04 03:54:39.219 [warning] [Decorations] CAPPING events from decorations provider vscode.git 8886
2025-05-04 03:54:44.524 [warning] [Decorations] CAPPING events from decorations provider vscode.git 8886
2025-05-04 03:54:49.820 [warning] [Decorations] CAPPING events from decorations provider vscode.git 8886
2025-05-04 03:54:55.121 [warning] [Decorations] CAPPING events from decorations provider vscode.git 8886
2025-05-04 03:55:00.425 [warning] [Decorations] CAPPING events from decorations provider vscode.git 8886
2025-05-04 03:55:05.724 [warning] [Decorations] CAPPING events from decorations provider vscode.git 8886
2025-05-04 03:55:11.024 [warning] [Decorations] CAPPING events from decorations provider vscode.git 8886
2025-05-04 03:55:16.321 [warning] [Decorations] CAPPING events from decorations provider vscode.git 8886
2025-05-04 03:55:21.623 [warning] [Decorations] CAPPING events from decorations provider vscode.git 8886
2025-05-04 03:55:26.923 [warning] [Decorations] CAPPING events from decorations provider vscode.git 8886
2025-05-04 03:55:32.221 [warning] [Decorations] CAPPING events from decorations provider vscode.git 8886
2025-05-04 03:55:37.521 [warning] [Decorations] CAPPING events from decorations provider vscode.git 8886
2025-05-04 03:55:42.814 [warning] [Decorations] CAPPING events from decorations provider vscode.git 8886
2025-05-04 04:00:28.925 [warning] [Decorations] CAPPING events from decorations provider vscode.git 8886
2025-05-04 04:00:34.232 [warning] [Decorations] CAPPING events from decorations provider vscode.git 8886
2025-05-04 04:00:39.528 [warning] [Decorations] CAPPING events from decorations provider vscode.git 8886
2025-05-04 04:00:44.826 [warning] [Decorations] CAPPING events from decorations provider vscode.git 8886
2025-05-04 04:00:50.119 [warning] [Decorations] CAPPING events from decorations provider vscode.git 8886
2025-05-04 04:00:55.413 [warning] [Decorations] CAPPING events from decorations provider vscode.git 8886
2025-05-04 04:01:00.717 [warning] [Decorations] CAPPING events from decorations provider vscode.git 8886
2025-05-04 04:01:06.016 [warning] [Decorations] CAPPING events from decorations provider vscode.git 8886
2025-05-04 04:01:11.310 [warning] [Decorations] CAPPING events from decorations provider vscode.git 8886
2025-05-04 04:01:16.614 [warning] [Decorations] CAPPING events from decorations provider vscode.git 8886
2025-05-04 04:01:21.917 [warning] [Decorations] CAPPING events from decorations provider vscode.git 8886
2025-05-04 04:01:27.219 [warning] [Decorations] CAPPING events from decorations provider vscode.git 8886
2025-05-04 04:01:47.503 [warning] [Decorations] CAPPING events from decorations provider vscode.git 8886
2025-05-04 04:01:52.801 [warning] [Decorations] CAPPING events from decorations provider vscode.git 8886
2025-05-04 04:01:58.112 [warning] [Decorations] CAPPING events from decorations provider vscode.git 8886
2025-05-04 04:02:03.413 [warning] [Decorations] CAPPING events from decorations provider vscode.git 8886
2025-05-04 04:02:08.713 [warning] [Decorations] CAPPING events from decorations provider vscode.git 8886
2025-05-04 04:02:14.007 [warning] [Decorations] CAPPING events from decorations provider vscode.git 8886
2025-05-04 04:09:56.453 [warning] [Decorations] CAPPING events from decorations provider vscode.git 8886
2025-05-04 04:10:04.809 [warning] [Decorations] CAPPING events from decorations provider vscode.git 8886
2025-05-04 04:10:10.104 [warning] [Decorations] CAPPING events from decorations provider vscode.git 8886
2025-05-04 04:10:16.555 [warning] [Decorations] CAPPING events from decorations provider vscode.git 8886
2025-05-04 04:10:27.502 [warning] [Decorations] CAPPING events from decorations provider vscode.git 8886
2025-05-04 04:10:32.801 [warning] [Decorations] CAPPING events from decorations provider vscode.git 8886
2025-05-04 04:10:38.098 [warning] [Decorations] CAPPING events from decorations provider vscode.git 8886
2025-05-04 04:12:06.319 [warning] [Decorations] CAPPING events from decorations provider vscode.git 8886
2025-05-04 04:12:11.628 [warning] [Decorations] CAPPING events from decorations provider vscode.git 8886
2025-05-04 04:12:16.933 [warning] [Decorations] CAPPING events from decorations provider vscode.git 8886
2025-05-04 04:12:22.248 [warning] [Decorations] CAPPING events from decorations provider vscode.git 8886
2025-05-04 04:12:27.563 [warning] [Decorations] CAPPING events from decorations provider vscode.git 8886
2025-05-04 04:12:38.558 [warning] [Decorations] CAPPING events from decorations provider vscode.git 8886
2025-05-04 04:12:43.862 [warning] [Decorations] CAPPING events from decorations provider vscode.git 8886
2025-05-04 04:14:58.746 [warning] [Decorations] CAPPING events from decorations provider vscode.git 8886
2025-05-04 04:15:11.336 [warning] [Decorations] CAPPING events from decorations provider vscode.git 8886
2025-05-04 04:15:16.648 [warning] [Decorations] CAPPING events from decorations provider vscode.git 8886
