2025-02-21 21:37:44.604 [info] [main] Log level: Info
2025-02-21 21:37:44.604 [info] [main] Validating found git in: "git"
2025-02-21 21:37:44.604 [info] [main] Using git "2.34.1" from "git"
2025-02-21 21:37:44.604 [info] [Model][doInitialScan] Initial repository scan started
2025-02-21 21:37:44.604 [info] > git rev-parse --show-toplevel [44ms]
2025-02-21 21:37:44.604 [info] > git rev-parse --git-dir --git-common-dir [1ms]
2025-02-21 21:37:44.604 [info] [Model][openRepository] Opened repository: /home/student
2025-02-21 21:37:44.604 [info] > git rev-parse --show-toplevel [4ms]
2025-02-21 21:37:44.604 [info] > git config --get commit.template [7ms]
2025-02-21 21:37:44.604 [info] > git rev-parse --show-toplevel [1ms]
2025-02-21 21:37:44.604 [info] > git rev-parse --show-toplevel [1ms]
2025-02-21 21:37:44.604 [info] > git rev-parse --show-toplevel [1ms]
2025-02-21 21:37:44.604 [info] > git rev-parse --show-toplevel [1ms]
2025-02-21 21:37:44.604 [info] > git rev-parse --show-toplevel [1ms]
2025-02-21 21:37:44.604 [info] [Model][doInitialScan] Initial repository scan completed - repositories (1), closed repositories (0), parent repositories (0), unsafe repositories (0)
2025-02-21 21:37:44.604 [info] > git for-each-ref --format=%(refname)%00%(upstream:short)%00%(objectname)%00%(upstream:track)%00%(upstream:remotename)%00%(upstream:remoteref) refs/heads/main refs/remotes/main [32ms]
2025-02-21 21:37:44.604 [info] > git for-each-ref --sort -committerdate --format %(refname) %(objectname) %(*objectname) [1ms]
2025-02-21 21:37:44.604 [info] > git status -z -uall [71ms]
2025-02-21 21:37:44.604 [info] > git for-each-ref --format=%(refname)%00%(upstream:short)%00%(objectname)%00%(upstream:track)%00%(upstream:remotename)%00%(upstream:remoteref) refs/heads/main refs/remotes/main [11ms]
2025-02-21 21:37:44.604 [info] > git config --get commit.template [4ms]
2025-02-21 21:37:44.604 [info] > git config --get --local branch.main.vscode-merge-base [2ms]
2025-02-21 21:37:44.604 [warning] [Git][config] git config failed: Failed to execute git
2025-02-21 21:37:44.604 [info] > git for-each-ref --format=%(refname)%00%(upstream:short)%00%(objectname)%00%(upstream:track)%00%(upstream:remotename)%00%(upstream:remoteref) refs/heads/main refs/remotes/main [32ms]
2025-02-21 21:37:44.604 [info] > git reflog main --grep-reflog=branch: Created from *. [335ms]
2025-02-21 21:37:44.613 [info] > git for-each-ref --sort -committerdate --format %(refname) %(objectname) %(*objectname) [1ms]
2025-02-21 21:37:44.614 [info] > git symbolic-ref --short refs/remotes/origin/HEAD [12ms]
2025-02-21 21:37:44.614 [info] fatal: ref refs/remotes/origin/HEAD is not a symbolic ref
2025-02-21 21:37:44.614 [warning] [Repository][getDefaultBranch] Failed to get default branch details: Failed to execute git.
2025-02-21 21:37:44.619 [info] > git merge-base refs/heads/main refs/remotes/origin/main [2ms]
2025-02-21 21:37:44.624 [info] > git diff --name-status -z --diff-filter=ADMR fd3386a112d170846eaa25b21e7febe210086900...refs/remotes/origin/main [1ms]
2025-02-21 21:37:44.645 [info] > git status -z -uall [38ms]
2025-02-21 21:37:45.171 [info] > git check-ignore -v -z --stdin [160ms]
2025-02-21 21:37:50.641 [info] > git config --get commit.template [4ms]
2025-02-21 21:37:50.641 [info] > git for-each-ref --format=%(refname)%00%(upstream:short)%00%(objectname)%00%(upstream:track)%00%(upstream:remotename)%00%(upstream:remoteref) refs/heads/main refs/remotes/main [2ms]
2025-02-21 21:37:50.650 [info] > git for-each-ref --sort -committerdate --format %(refname) %(objectname) %(*objectname) [0ms]
2025-02-21 21:37:50.679 [info] > git status -z -uall [35ms]
2025-02-21 21:37:53.584 [info] > git check-ignore -v -z --stdin [3ms]
2025-02-21 21:37:55.717 [info] > git show --textconv :Practice/Lab3. [10ms]
2025-02-21 21:37:55.721 [info] > git config --get commit.template [6ms]
2025-02-21 21:37:55.721 [info] > git ls-files --stage -- /home/student/Practice/Lab3. [11ms]
2025-02-21 21:37:55.724 [info] > git hash-object -t tree /dev/null [5ms]
2025-02-21 21:37:55.724 [warning] [GitFileSystemProvider][readFile] File not found - git:/home/student/Practice/Lab3..git?%7B%22path%22%3A%22%2Fhome%2Fstudent%2FPractice%2FLab3.%22%2C%22ref%22%3A%22%22%7D
2025-02-21 21:37:55.730 [info] > git hash-object -t tree /dev/null [7ms]
2025-02-21 21:37:55.730 [warning] [GitFileSystemProvider][stat] File not found - git:/home/student/Practice/Lab3..git?%7B%22path%22%3A%22%2Fhome%2Fstudent%2FPractice%2FLab3.%22%2C%22ref%22%3A%22%22%7D
2025-02-21 21:37:55.730 [info] > git for-each-ref --format=%(refname)%00%(upstream:short)%00%(objectname)%00%(upstream:track)%00%(upstream:remotename)%00%(upstream:remoteref) refs/heads/main refs/remotes/main [1ms]
2025-02-21 21:37:55.738 [info] > git for-each-ref --sort -committerdate --format %(refname) %(objectname) %(*objectname) [0ms]
2025-02-21 21:37:55.768 [info] > git status -z -uall [35ms]
2025-02-21 21:37:55.821 [info] > git check-ignore -v -z --stdin [2ms]
2025-02-21 21:38:00.805 [info] > git config --get commit.template [3ms]
2025-02-21 21:38:00.807 [info] > git for-each-ref --format=%(refname)%00%(upstream:short)%00%(objectname)%00%(upstream:track)%00%(upstream:remotename)%00%(upstream:remoteref) refs/heads/main refs/remotes/main [1ms]
2025-02-21 21:38:00.814 [info] > git for-each-ref --sort -committerdate --format %(refname) %(objectname) %(*objectname) [1ms]
2025-02-21 21:38:00.844 [info] > git status -z -uall [35ms]
2025-02-21 21:38:05.879 [info] > git config --get commit.template [3ms]
2025-02-21 21:38:05.880 [info] > git for-each-ref --format=%(refname)%00%(upstream:short)%00%(objectname)%00%(upstream:track)%00%(upstream:remotename)%00%(upstream:remoteref) refs/heads/main refs/remotes/main [1ms]
2025-02-21 21:38:05.888 [info] > git for-each-ref --sort -committerdate --format %(refname) %(objectname) %(*objectname) [1ms]
2025-02-21 21:38:05.918 [info] > git status -z -uall [34ms]
2025-02-21 21:38:10.634 [info] > git check-ignore -v -z --stdin [2ms]
2025-02-21 21:38:10.948 [info] > git config --get commit.template [4ms]
2025-02-21 21:38:10.949 [info] > git for-each-ref --format=%(refname)%00%(upstream:short)%00%(objectname)%00%(upstream:track)%00%(upstream:remotename)%00%(upstream:remoteref) refs/heads/main refs/remotes/main [2ms]
2025-02-21 21:38:10.957 [info] > git for-each-ref --sort -committerdate --format %(refname) %(objectname) %(*objectname) [1ms]
2025-02-21 21:38:10.986 [info] > git status -z -uall [34ms]
2025-02-21 21:38:35.970 [info] > git config --get commit.template [3ms]
2025-02-21 21:38:35.971 [info] > git for-each-ref --format=%(refname)%00%(upstream:short)%00%(objectname)%00%(upstream:track)%00%(upstream:remotename)%00%(upstream:remoteref) refs/heads/main refs/remotes/main [2ms]
2025-02-21 21:38:35.979 [info] > git for-each-ref --sort -committerdate --format %(refname) %(objectname) %(*objectname) [1ms]
2025-02-21 21:38:36.008 [info] > git status -z -uall [34ms]
2025-02-21 21:38:41.041 [info] > git config --get commit.template [4ms]
2025-02-21 21:38:41.042 [info] > git for-each-ref --format=%(refname)%00%(upstream:short)%00%(objectname)%00%(upstream:track)%00%(upstream:remotename)%00%(upstream:remoteref) refs/heads/main refs/remotes/main [2ms]
2025-02-21 21:38:41.050 [info] > git for-each-ref --sort -committerdate --format %(refname) %(objectname) %(*objectname) [1ms]
2025-02-21 21:38:41.079 [info] > git status -z -uall [34ms]
2025-02-21 21:38:51.721 [info] > git config --get commit.template [2ms]
2025-02-21 21:38:51.728 [info] > git for-each-ref --format=%(refname)%00%(upstream:short)%00%(objectname)%00%(upstream:track)%00%(upstream:remotename)%00%(upstream:remoteref) refs/heads/main refs/remotes/main [2ms]
2025-02-21 21:38:51.752 [info] > git for-each-ref --sort -committerdate --format %(refname) %(objectname) %(*objectname) [6ms]
2025-02-21 21:38:51.783 [info] > git status -z -uall [42ms]
2025-02-21 21:38:56.821 [info] > git config --get commit.template [4ms]
2025-02-21 21:38:56.824 [info] > git for-each-ref --format=%(refname)%00%(upstream:short)%00%(objectname)%00%(upstream:track)%00%(upstream:remotename)%00%(upstream:remoteref) refs/heads/main refs/remotes/main [4ms]
2025-02-21 21:38:56.849 [info] > git for-each-ref --sort -committerdate --format %(refname) %(objectname) %(*objectname) [7ms]
2025-02-21 21:38:56.881 [info] > git status -z -uall [43ms]
2025-02-21 21:38:57.800 [info] > git check-ignore -v -z --stdin [2ms]
2025-02-21 21:39:16.342 [info] > git config --get commit.template [4ms]
2025-02-21 21:39:16.343 [info] > git for-each-ref --format=%(refname)%00%(upstream:short)%00%(objectname)%00%(upstream:track)%00%(upstream:remotename)%00%(upstream:remoteref) refs/heads/main refs/remotes/main [2ms]
2025-02-21 21:39:16.351 [info] > git for-each-ref --sort -committerdate --format %(refname) %(objectname) %(*objectname) [1ms]
2025-02-21 21:39:16.380 [info] > git status -z -uall [34ms]
2025-02-21 21:39:23.320 [info] > git config --get commit.template [3ms]
2025-02-21 21:39:23.322 [info] > git for-each-ref --format=%(refname)%00%(upstream:short)%00%(objectname)%00%(upstream:track)%00%(upstream:remotename)%00%(upstream:remoteref) refs/heads/main refs/remotes/main [2ms]
2025-02-21 21:39:23.330 [info] > git for-each-ref --sort -committerdate --format %(refname) %(objectname) %(*objectname) [3ms]
2025-02-21 21:39:23.360 [info] > git status -z -uall [36ms]
2025-02-21 21:39:29.523 [info] > git config --get commit.template [4ms]
2025-02-21 21:39:29.524 [info] > git for-each-ref --format=%(refname)%00%(upstream:short)%00%(objectname)%00%(upstream:track)%00%(upstream:remotename)%00%(upstream:remoteref) refs/heads/main refs/remotes/main [2ms]
2025-02-21 21:39:29.532 [info] > git for-each-ref --sort -committerdate --format %(refname) %(objectname) %(*objectname) [1ms]
2025-02-21 21:39:29.561 [info] > git status -z -uall [34ms]
2025-02-21 21:39:38.141 [info] > git config --get commit.template [4ms]
2025-02-21 21:39:38.142 [info] > git for-each-ref --format=%(refname)%00%(upstream:short)%00%(objectname)%00%(upstream:track)%00%(upstream:remotename)%00%(upstream:remoteref) refs/heads/main refs/remotes/main [2ms]
2025-02-21 21:39:38.150 [info] > git for-each-ref --sort -committerdate --format %(refname) %(objectname) %(*objectname) [1ms]
2025-02-21 21:39:38.180 [info] > git status -z -uall [35ms]
2025-02-21 21:39:43.251 [info] > git config --get commit.template [8ms]
2025-02-21 21:39:43.255 [info] > git for-each-ref --format=%(refname)%00%(upstream:short)%00%(objectname)%00%(upstream:track)%00%(upstream:remotename)%00%(upstream:remoteref) refs/heads/main refs/remotes/main [2ms]
2025-02-21 21:39:43.262 [info] > git for-each-ref --sort -committerdate --format %(refname) %(objectname) %(*objectname) [2ms]
2025-02-21 21:39:43.292 [info] > git status -z -uall [34ms]
2025-02-21 21:41:10.208 [info] > git config --get commit.template [4ms]
2025-02-21 21:41:10.209 [info] > git for-each-ref --format=%(refname)%00%(upstream:short)%00%(objectname)%00%(upstream:track)%00%(upstream:remotename)%00%(upstream:remoteref) refs/heads/main refs/remotes/main [2ms]
2025-02-21 21:41:10.217 [info] > git for-each-ref --sort -committerdate --format %(refname) %(objectname) %(*objectname) [0ms]
2025-02-21 21:41:10.251 [info] > git status -z -uall [38ms]
2025-02-21 21:41:15.299 [info] > git config --get commit.template [4ms]
2025-02-21 21:41:15.300 [info] > git for-each-ref --format=%(refname)%00%(upstream:short)%00%(objectname)%00%(upstream:track)%00%(upstream:remotename)%00%(upstream:remoteref) refs/heads/main refs/remotes/main [1ms]
2025-02-21 21:41:15.310 [info] > git for-each-ref --sort -committerdate --format %(refname) %(objectname) %(*objectname) [0ms]
2025-02-21 21:41:15.345 [info] > git status -z -uall [43ms]
2025-02-21 21:41:20.396 [info] > git config --get commit.template [4ms]
2025-02-21 21:41:20.397 [info] > git for-each-ref --format=%(refname)%00%(upstream:short)%00%(objectname)%00%(upstream:track)%00%(upstream:remotename)%00%(upstream:remoteref) refs/heads/main refs/remotes/main [1ms]
2025-02-21 21:41:20.406 [info] > git for-each-ref --sort -committerdate --format %(refname) %(objectname) %(*objectname) [1ms]
2025-02-21 21:41:20.436 [info] > git status -z -uall [36ms]
2025-02-21 21:41:25.474 [info] > git config --get commit.template [4ms]
2025-02-21 21:41:25.475 [info] > git for-each-ref --format=%(refname)%00%(upstream:short)%00%(objectname)%00%(upstream:track)%00%(upstream:remotename)%00%(upstream:remoteref) refs/heads/main refs/remotes/main [1ms]
2025-02-21 21:41:25.486 [info] > git for-each-ref --sort -committerdate --format %(refname) %(objectname) %(*objectname) [2ms]
2025-02-21 21:41:25.516 [info] > git status -z -uall [38ms]
