2025-02-24 02:42:29.003 [info] Extension host with pid 1290 started
2025-02-24 02:42:29.003 [error] Error: EEXIST: file already exists, open '/home/student/.vscode-server/data/User/workspaceStorage/255174b9c84437907369f27ac92b5bdb/vscode.lock'
2025-02-24 02:42:29.007 [info] Lock '/home/student/.vscode-server/data/User/workspaceStorage/255174b9c84437907369f27ac92b5bdb/vscode.lock': Could not acquire lock, checking if the file is stale.
2025-02-24 02:42:29.015 [info] Lock '/home/student/.vscode-server/data/User/workspaceStorage/255174b9c84437907369f27ac92b5bdb/vscode.lock': The pid 1334 appears to be gone.
2025-02-24 02:42:29.015 [info] Lock '/home/student/.vscode-server/data/User/workspaceStorage/255174b9c84437907369f27ac92b5bdb/vscode.lock': Deleting a stale lock.
2025-02-24 02:42:29.030 [info] Lock '/home/student/.vscode-server/data/User/workspaceStorage/255174b9c84437907369f27ac92b5bdb/vscode.lock': Lock acquired.
2025-02-24 02:42:29.142 [info] ExtensionService#_doActivateExtension vscode.emmet, startup: false, activationEvent: 'onLanguage'
2025-02-24 02:42:29.144 [info] ExtensionService#_doActivateExtension vscode.git-base, startup: false, activationEvent: '*', root cause: vscode.git
2025-02-24 02:42:29.365 [info] ExtensionService#_doActivateExtension vscode.git, startup: false, activationEvent: '*'
2025-02-24 02:42:29.365 [info] ExtensionService#_doActivateExtension vscode.github, startup: false, activationEvent: '*'
2025-02-24 02:42:29.741 [info] Eager extensions activated
2025-02-24 02:42:29.741 [info] ExtensionService#_doActivateExtension vscode.debug-auto-launch, startup: false, activationEvent: 'onStartupFinished'
2025-02-24 02:42:29.742 [info] ExtensionService#_doActivateExtension vscode.merge-conflict, startup: false, activationEvent: 'onStartupFinished'
2025-02-24 02:42:29.988 [warning] [Decorations] CAPPING events from decorations provider vscode.git 1699
2025-02-24 02:42:30.525 [warning] [Decorations] CAPPING events from decorations provider vscode.git 1699
2025-02-24 02:42:32.368 [warning] [Decorations] CAPPING events from decorations provider vscode.git 1699
2025-02-24 02:42:37.450 [warning] [Decorations] CAPPING events from decorations provider vscode.git 1721
2025-02-24 02:42:48.406 [warning] [Decorations] CAPPING events from decorations provider vscode.git 1721
2025-02-24 02:42:53.481 [warning] [Decorations] CAPPING events from decorations provider vscode.git 1721
2025-02-24 02:42:55.907 [warning] [Decorations] CAPPING events from decorations provider vscode.git 1721
2025-02-24 02:42:58.646 [warning] [Decorations] CAPPING events from decorations provider vscode.git 1694
2025-02-24 02:43:03.802 [warning] [Decorations] CAPPING events from decorations provider vscode.git 1694
2025-02-24 02:43:08.966 [warning] [Decorations] CAPPING events from decorations provider vscode.git 1694
2025-02-24 02:43:14.125 [warning] [Decorations] CAPPING events from decorations provider vscode.git 1694
2025-02-24 02:43:19.306 [warning] [Decorations] CAPPING events from decorations provider vscode.git 1694
2025-02-24 02:43:24.466 [warning] [Decorations] CAPPING events from decorations provider vscode.git 1694
2025-02-24 02:43:29.635 [warning] [Decorations] CAPPING events from decorations provider vscode.git 1694
2025-02-24 02:43:34.802 [warning] [Decorations] CAPPING events from decorations provider vscode.git 1694
2025-02-24 02:43:39.971 [warning] [Decorations] CAPPING events from decorations provider vscode.git 1694
2025-02-24 02:43:45.133 [warning] [Decorations] CAPPING events from decorations provider vscode.git 1694
2025-02-24 02:43:53.906 [warning] [Decorations] CAPPING events from decorations provider vscode.git 1694
2025-02-24 02:43:56.779 [info] ExtensionService#_doActivateExtension vscode.npm, startup: false, activationEvent: 'onTerminalQuickFixRequest:ms-vscode.npm-command'
2025-02-24 02:43:59.072 [warning] [Decorations] CAPPING events from decorations provider vscode.git 1694
2025-02-24 02:44:03.045 [info] ExtensionService#_doActivateExtension vscode.configuration-editing, startup: false, activationEvent: 'onLanguage:json'
2025-02-24 02:44:03.045 [info] ExtensionService#_doActivateExtension vscode.extension-editing, startup: false, activationEvent: 'onLanguage:json'
2025-02-24 02:44:03.045 [info] ExtensionService#_doActivateExtension vscode.json-language-features, startup: false, activationEvent: 'onLanguage:json'
2025-02-24 02:44:04.243 [warning] [Decorations] CAPPING events from decorations provider vscode.git 1695
2025-02-24 02:44:09.738 [warning] [Decorations] CAPPING events from decorations provider vscode.git 1695
2025-02-24 02:44:14.895 [warning] [Decorations] CAPPING events from decorations provider vscode.git 1695
2025-02-24 02:44:30.048 [warning] [Decorations] CAPPING events from decorations provider vscode.git 1695
2025-02-24 02:44:33.948 [warning] [Decorations] CAPPING events from decorations provider vscode.git 1695
2025-02-24 02:45:08.272 [info] Extension host terminating: received terminate message from renderer
2025-02-24 02:45:08.273 [info] Lock '/home/student/.vscode-server/data/User/workspaceStorage/255174b9c84437907369f27ac92b5bdb/vscode.lock': Marking the lockfile as scheduled to be released in 6000 ms.
2025-02-24 02:45:08.310 [error] Canceled: Canceled
	at new XT (file:///home/student/.vscode-server/cli/servers/Stable-e249dada235c2083c83813bd65b7f4707fb97b76/server/out/vs/workbench/api/node/extensionHostProcess.js:29:153701)
	at Uy.U (file:///home/student/.vscode-server/cli/servers/Stable-e249dada235c2083c83813bd65b7f4707fb97b76/server/out/vs/workbench/api/node/extensionHostProcess.js:29:158311)
	at s.<computed>.n.charCodeAt.s.<computed> (file:///home/student/.vscode-server/cli/servers/Stable-e249dada235c2083c83813bd65b7f4707fb97b76/server/out/vs/workbench/api/node/extensionHostProcess.js:29:155805)
	at mw.g (file:///home/student/.vscode-server/cli/servers/Stable-e249dada235c2083c83813bd65b7f4707fb97b76/server/out/vs/workbench/api/node/extensionHostProcess.js:112:32221)
	at mw.executeCommand (file:///home/student/.vscode-server/cli/servers/Stable-e249dada235c2083c83813bd65b7f4707fb97b76/server/out/vs/workbench/api/node/extensionHostProcess.js:112:31725)
	at r.registerCommand.description (file:///home/student/.vscode-server/cli/servers/Stable-e249dada235c2083c83813bd65b7f4707fb97b76/server/out/vs/workbench/api/node/extensionHostProcess.js:112:31055)
	at mw.h (file:///home/student/.vscode-server/cli/servers/Stable-e249dada235c2083c83813bd65b7f4707fb97b76/server/out/vs/workbench/api/node/extensionHostProcess.js:112:32741)
	at mw.g (file:///home/student/.vscode-server/cli/servers/Stable-e249dada235c2083c83813bd65b7f4707fb97b76/server/out/vs/workbench/api/node/extensionHostProcess.js:112:31818)
	at mw.executeCommand (file:///home/student/.vscode-server/cli/servers/Stable-e249dada235c2083c83813bd65b7f4707fb97b76/server/out/vs/workbench/api/node/extensionHostProcess.js:112:31725)
	at Object.executeCommand (file:///home/student/.vscode-server/cli/servers/Stable-e249dada235c2083c83813bd65b7f4707fb97b76/server/out/vs/workbench/api/node/extensionHostProcess.js:172:37254)
	at Ah.L [as value] (/home/student/.vscode-server/cli/servers/Stable-e249dada235c2083c83813bd65b7f4707fb97b76/server/extensions/git/dist/main.js:2:997602)
	at D.B (file:///home/student/.vscode-server/cli/servers/Stable-e249dada235c2083c83813bd65b7f4707fb97b76/server/out/vs/workbench/api/node/extensionHostProcess.js:27:2373)
	at D.C (file:///home/student/.vscode-server/cli/servers/Stable-e249dada235c2083c83813bd65b7f4707fb97b76/server/out/vs/workbench/api/node/extensionHostProcess.js:27:2443)
	at D.fire (file:///home/student/.vscode-server/cli/servers/Stable-e249dada235c2083c83813bd65b7f4707fb97b76/server/out/vs/workbench/api/node/extensionHostProcess.js:27:2660)
	at Object.p [as dispose] (/home/student/.vscode-server/cli/servers/Stable-e249dada235c2083c83813bd65b7f4707fb97b76/server/extensions/git/dist/main.js:2:1020242)
	at /home/student/.vscode-server/cli/servers/Stable-e249dada235c2083c83813bd65b7f4707fb97b76/server/extensions/git/dist/main.js:2:1026621
	at Array.forEach (<anonymous>)
	at b.dispose (/home/student/.vscode-server/cli/servers/Stable-e249dada235c2083c83813bd65b7f4707fb97b76/server/extensions/git/dist/main.js:2:1026607)
	at cv.<anonymous> (file:///home/student/.vscode-server/cli/servers/Stable-e249dada235c2083c83813bd65b7f4707fb97b76/server/out/vs/workbench/api/node/extensionHostProcess.js:106:20084)
	at cv.dispose (file:///home/student/.vscode-server/cli/servers/Stable-e249dada235c2083c83813bd65b7f4707fb97b76/server/out/vs/workbench/api/node/extensionHostProcess.js:106:20180)
	at cv.<anonymous> (/home/student/.vscode-server/cli/servers/Stable-e249dada235c2083c83813bd65b7f4707fb97b76/server/extensions/git/dist/main.js:2:1000086)
	at cv.dispose (file:///home/student/.vscode-server/cli/servers/Stable-e249dada235c2083c83813bd65b7f4707fb97b76/server/out/vs/workbench/api/node/extensionHostProcess.js:106:20180)
	at ui (file:///home/student/.vscode-server/cli/servers/Stable-e249dada235c2083c83813bd65b7f4707fb97b76/server/out/vs/workbench/api/node/extensionHostProcess.js:25:699)
	at file:///home/student/.vscode-server/cli/servers/Stable-e249dada235c2083c83813bd65b7f4707fb97b76/server/out/vs/workbench/api/node/extensionHostProcess.js:116:14992
	at file:///home/student/.vscode-server/cli/servers/Stable-e249dada235c2083c83813bd65b7f4707fb97b76/server/out/vs/workbench/api/node/extensionHostProcess.js:25:1009
	at Object.dispose (file:///home/student/.vscode-server/cli/servers/Stable-e249dada235c2083c83813bd65b7f4707fb97b76/server/out/vs/workbench/api/node/extensionHostProcess.js:8:705)
	at PW.eb (file:///home/student/.vscode-server/cli/servers/Stable-e249dada235c2083c83813bd65b7f4707fb97b76/server/out/vs/workbench/api/node/extensionHostProcess.js:116:11919)
	at file:///home/student/.vscode-server/cli/servers/Stable-e249dada235c2083c83813bd65b7f4707fb97b76/server/out/vs/workbench/api/node/extensionHostProcess.js:116:9874
	at Array.map (<anonymous>)
	at PW.$ (file:///home/student/.vscode-server/cli/servers/Stable-e249dada235c2083c83813bd65b7f4707fb97b76/server/out/vs/workbench/api/node/extensionHostProcess.js:116:9862)
	at PW.terminate (file:///home/student/.vscode-server/cli/servers/Stable-e249dada235c2083c83813bd65b7f4707fb97b76/server/out/vs/workbench/api/node/extensionHostProcess.js:116:10105)
	at wC.terminate (file:///home/student/.vscode-server/cli/servers/Stable-e249dada235c2083c83813bd65b7f4707fb97b76/server/out/vs/workbench/api/node/extensionHostProcess.js:117:1434)
	at ts (file:///home/student/.vscode-server/cli/servers/Stable-e249dada235c2083c83813bd65b7f4707fb97b76/server/out/vs/workbench/api/node/extensionHostProcess.js:190:15080)
	at Ah.value (file:///home/student/.vscode-server/cli/servers/Stable-e249dada235c2083c83813bd65b7f4707fb97b76/server/out/vs/workbench/api/node/extensionHostProcess.js:190:13241)
	at D.B (file:///home/student/.vscode-server/cli/servers/Stable-e249dada235c2083c83813bd65b7f4707fb97b76/server/out/vs/workbench/api/node/extensionHostProcess.js:27:2373)
	at D.fire (file:///home/student/.vscode-server/cli/servers/Stable-e249dada235c2083c83813bd65b7f4707fb97b76/server/out/vs/workbench/api/node/extensionHostProcess.js:27:2591)
	at Xn.fire (file:///home/student/.vscode-server/cli/servers/Stable-e249dada235c2083c83813bd65b7f4707fb97b76/server/out/vs/workbench/api/node/extensionHostProcess.js:29:9458)
	at Gm.A (file:///home/student/.vscode-server/cli/servers/Stable-e249dada235c2083c83813bd65b7f4707fb97b76/server/out/vs/workbench/api/node/extensionHostProcess.js:29:12574)
	at Ah.value (file:///home/student/.vscode-server/cli/servers/Stable-e249dada235c2083c83813bd65b7f4707fb97b76/server/out/vs/workbench/api/node/extensionHostProcess.js:29:10994)
	at D.B (file:///home/student/.vscode-server/cli/servers/Stable-e249dada235c2083c83813bd65b7f4707fb97b76/server/out/vs/workbench/api/node/extensionHostProcess.js:27:2373)
	at D.fire (file:///home/student/.vscode-server/cli/servers/Stable-e249dada235c2083c83813bd65b7f4707fb97b76/server/out/vs/workbench/api/node/extensionHostProcess.js:27:2591)
	at m6.acceptChunk (file:///home/student/.vscode-server/cli/servers/Stable-e249dada235c2083c83813bd65b7f4707fb97b76/server/out/vs/workbench/api/node/extensionHostProcess.js:29:7941)
	at file:///home/student/.vscode-server/cli/servers/Stable-e249dada235c2083c83813bd65b7f4707fb97b76/server/out/vs/workbench/api/node/extensionHostProcess.js:29:7227
	at Socket.t (file:///home/student/.vscode-server/cli/servers/Stable-e249dada235c2083c83813bd65b7f4707fb97b76/server/out/vs/workbench/api/node/extensionHostProcess.js:29:14761)
	at Socket.emit (node:events:518:28)
	at addChunk (node:internal/streams/readable:561:12)
	at readableAddChunkPushByteMode (node:internal/streams/readable:512:3)
	at Readable.push (node:internal/streams/readable:392:5)
	at Pipe.onStreamRead (node:internal/stream_base_commons:191:23) setContext undefined
2025-02-24 02:45:08.311 [error] Canceled: Canceled
	at new XT (file:///home/student/.vscode-server/cli/servers/Stable-e249dada235c2083c83813bd65b7f4707fb97b76/server/out/vs/workbench/api/node/extensionHostProcess.js:29:153701)
	at Uy.U (file:///home/student/.vscode-server/cli/servers/Stable-e249dada235c2083c83813bd65b7f4707fb97b76/server/out/vs/workbench/api/node/extensionHostProcess.js:29:158311)
	at s.<computed>.n.charCodeAt.s.<computed> (file:///home/student/.vscode-server/cli/servers/Stable-e249dada235c2083c83813bd65b7f4707fb97b76/server/out/vs/workbench/api/node/extensionHostProcess.js:29:155805)
	at mw.g (file:///home/student/.vscode-server/cli/servers/Stable-e249dada235c2083c83813bd65b7f4707fb97b76/server/out/vs/workbench/api/node/extensionHostProcess.js:112:32221)
	at mw.executeCommand (file:///home/student/.vscode-server/cli/servers/Stable-e249dada235c2083c83813bd65b7f4707fb97b76/server/out/vs/workbench/api/node/extensionHostProcess.js:112:31725)
	at r.registerCommand.description (file:///home/student/.vscode-server/cli/servers/Stable-e249dada235c2083c83813bd65b7f4707fb97b76/server/out/vs/workbench/api/node/extensionHostProcess.js:112:31055)
	at mw.h (file:///home/student/.vscode-server/cli/servers/Stable-e249dada235c2083c83813bd65b7f4707fb97b76/server/out/vs/workbench/api/node/extensionHostProcess.js:112:32741)
	at mw.g (file:///home/student/.vscode-server/cli/servers/Stable-e249dada235c2083c83813bd65b7f4707fb97b76/server/out/vs/workbench/api/node/extensionHostProcess.js:112:31818)
	at mw.executeCommand (file:///home/student/.vscode-server/cli/servers/Stable-e249dada235c2083c83813bd65b7f4707fb97b76/server/out/vs/workbench/api/node/extensionHostProcess.js:112:31725)
	at Object.executeCommand (file:///home/student/.vscode-server/cli/servers/Stable-e249dada235c2083c83813bd65b7f4707fb97b76/server/out/vs/workbench/api/node/extensionHostProcess.js:172:37254)
	at set hasGitHubRepositories [as hasGitHubRepositories] (/home/student/.vscode-server/cli/servers/Stable-e249dada235c2083c83813bd65b7f4707fb97b76/server/extensions/github/dist/extension.js:2:344164)
	at /home/student/.vscode-server/cli/servers/Stable-e249dada235c2083c83813bd65b7f4707fb97b76/server/extensions/github/dist/extension.js:2:345123
	at Ah.value (/home/student/.vscode-server/cli/servers/Stable-e249dada235c2083c83813bd65b7f4707fb97b76/server/extensions/git/dist/main.js:2:1117802)
	at D.B (file:///home/student/.vscode-server/cli/servers/Stable-e249dada235c2083c83813bd65b7f4707fb97b76/server/out/vs/workbench/api/node/extensionHostProcess.js:27:2373)
	at D.C (file:///home/student/.vscode-server/cli/servers/Stable-e249dada235c2083c83813bd65b7f4707fb97b76/server/out/vs/workbench/api/node/extensionHostProcess.js:27:2443)
	at D.fire (file:///home/student/.vscode-server/cli/servers/Stable-e249dada235c2083c83813bd65b7f4707fb97b76/server/out/vs/workbench/api/node/extensionHostProcess.js:27:2660)
	at Object.p [as dispose] (/home/student/.vscode-server/cli/servers/Stable-e249dada235c2083c83813bd65b7f4707fb97b76/server/extensions/git/dist/main.js:2:1020242)
	at /home/student/.vscode-server/cli/servers/Stable-e249dada235c2083c83813bd65b7f4707fb97b76/server/extensions/git/dist/main.js:2:1026621
	at Array.forEach (<anonymous>)
	at b.dispose (/home/student/.vscode-server/cli/servers/Stable-e249dada235c2083c83813bd65b7f4707fb97b76/server/extensions/git/dist/main.js:2:1026607)
	at cv.<anonymous> (file:///home/student/.vscode-server/cli/servers/Stable-e249dada235c2083c83813bd65b7f4707fb97b76/server/out/vs/workbench/api/node/extensionHostProcess.js:106:20084)
	at cv.dispose (file:///home/student/.vscode-server/cli/servers/Stable-e249dada235c2083c83813bd65b7f4707fb97b76/server/out/vs/workbench/api/node/extensionHostProcess.js:106:20180)
	at cv.<anonymous> (/home/student/.vscode-server/cli/servers/Stable-e249dada235c2083c83813bd65b7f4707fb97b76/server/extensions/git/dist/main.js:2:1000086)
	at cv.dispose (file:///home/student/.vscode-server/cli/servers/Stable-e249dada235c2083c83813bd65b7f4707fb97b76/server/out/vs/workbench/api/node/extensionHostProcess.js:106:20180)
	at ui (file:///home/student/.vscode-server/cli/servers/Stable-e249dada235c2083c83813bd65b7f4707fb97b76/server/out/vs/workbench/api/node/extensionHostProcess.js:25:699)
	at file:///home/student/.vscode-server/cli/servers/Stable-e249dada235c2083c83813bd65b7f4707fb97b76/server/out/vs/workbench/api/node/extensionHostProcess.js:116:14992
	at file:///home/student/.vscode-server/cli/servers/Stable-e249dada235c2083c83813bd65b7f4707fb97b76/server/out/vs/workbench/api/node/extensionHostProcess.js:25:1009
	at Object.dispose (file:///home/student/.vscode-server/cli/servers/Stable-e249dada235c2083c83813bd65b7f4707fb97b76/server/out/vs/workbench/api/node/extensionHostProcess.js:8:705)
	at PW.eb (file:///home/student/.vscode-server/cli/servers/Stable-e249dada235c2083c83813bd65b7f4707fb97b76/server/out/vs/workbench/api/node/extensionHostProcess.js:116:11919)
	at file:///home/student/.vscode-server/cli/servers/Stable-e249dada235c2083c83813bd65b7f4707fb97b76/server/out/vs/workbench/api/node/extensionHostProcess.js:116:9874
	at Array.map (<anonymous>)
	at PW.$ (file:///home/student/.vscode-server/cli/servers/Stable-e249dada235c2083c83813bd65b7f4707fb97b76/server/out/vs/workbench/api/node/extensionHostProcess.js:116:9862)
	at PW.terminate (file:///home/student/.vscode-server/cli/servers/Stable-e249dada235c2083c83813bd65b7f4707fb97b76/server/out/vs/workbench/api/node/extensionHostProcess.js:116:10105)
	at wC.terminate (file:///home/student/.vscode-server/cli/servers/Stable-e249dada235c2083c83813bd65b7f4707fb97b76/server/out/vs/workbench/api/node/extensionHostProcess.js:117:1434)
	at ts (file:///home/student/.vscode-server/cli/servers/Stable-e249dada235c2083c83813bd65b7f4707fb97b76/server/out/vs/workbench/api/node/extensionHostProcess.js:190:15080)
	at Ah.value (file:///home/student/.vscode-server/cli/servers/Stable-e249dada235c2083c83813bd65b7f4707fb97b76/server/out/vs/workbench/api/node/extensionHostProcess.js:190:13241)
	at D.B (file:///home/student/.vscode-server/cli/servers/Stable-e249dada235c2083c83813bd65b7f4707fb97b76/server/out/vs/workbench/api/node/extensionHostProcess.js:27:2373)
	at D.fire (file:///home/student/.vscode-server/cli/servers/Stable-e249dada235c2083c83813bd65b7f4707fb97b76/server/out/vs/workbench/api/node/extensionHostProcess.js:27:2591)
	at Xn.fire (file:///home/student/.vscode-server/cli/servers/Stable-e249dada235c2083c83813bd65b7f4707fb97b76/server/out/vs/workbench/api/node/extensionHostProcess.js:29:9458)
	at Gm.A (file:///home/student/.vscode-server/cli/servers/Stable-e249dada235c2083c83813bd65b7f4707fb97b76/server/out/vs/workbench/api/node/extensionHostProcess.js:29:12574)
	at Ah.value (file:///home/student/.vscode-server/cli/servers/Stable-e249dada235c2083c83813bd65b7f4707fb97b76/server/out/vs/workbench/api/node/extensionHostProcess.js:29:10994)
	at D.B (file:///home/student/.vscode-server/cli/servers/Stable-e249dada235c2083c83813bd65b7f4707fb97b76/server/out/vs/workbench/api/node/extensionHostProcess.js:27:2373)
	at D.fire (file:///home/student/.vscode-server/cli/servers/Stable-e249dada235c2083c83813bd65b7f4707fb97b76/server/out/vs/workbench/api/node/extensionHostProcess.js:27:2591)
	at m6.acceptChunk (file:///home/student/.vscode-server/cli/servers/Stable-e249dada235c2083c83813bd65b7f4707fb97b76/server/out/vs/workbench/api/node/extensionHostProcess.js:29:7941)
	at file:///home/student/.vscode-server/cli/servers/Stable-e249dada235c2083c83813bd65b7f4707fb97b76/server/out/vs/workbench/api/node/extensionHostProcess.js:29:7227
	at Socket.t (file:///home/student/.vscode-server/cli/servers/Stable-e249dada235c2083c83813bd65b7f4707fb97b76/server/out/vs/workbench/api/node/extensionHostProcess.js:29:14761)
	at Socket.emit (node:events:518:28)
	at addChunk (node:internal/streams/readable:561:12)
	at readableAddChunkPushByteMode (node:internal/streams/readable:512:3)
	at Readable.push (node:internal/streams/readable:392:5)
	at Pipe.onStreamRead (node:internal/stream_base_commons:191:23) setContext undefined
2025-02-24 02:45:08.313 [info] Extension host with pid 1290 exiting with code 0
