2025-05-04 05:15:40.462 [info] Extension host with pid 4135 started
2025-05-04 05:15:40.462 [error] Error: EEXIST: file already exists, open '/home/student/.vscode-server/data/User/workspaceStorage/255174b9c84437907369f27ac92b5bdb/vscode.lock'
2025-05-04 05:15:40.464 [info] Lock '/home/student/.vscode-server/data/User/workspaceStorage/255174b9c84437907369f27ac92b5bdb/vscode.lock': Could not acquire lock, checking if the file is stale.
2025-05-04 05:15:40.471 [info] Lock '/home/student/.vscode-server/data/User/workspaceStorage/255174b9c84437907369f27ac92b5bdb/vscode.lock': The lock does not look stale, elapsed: 932 ms, giving up.
2025-05-04 05:15:40.482 [info] Lock '/home/student/.vscode-server/data/User/workspaceStorage/255174b9c84437907369f27ac92b5bdb-1/vscode.lock': Lock acquired.
2025-05-04 05:15:40.670 [info] ExtensionService#_doActivateExtension vscode.emmet, startup: false, activationEvent: 'onLanguage'
2025-05-04 05:15:40.671 [info] ExtensionService#_doActivateExtension vscode.git-base, startup: false, activationEvent: '*', root cause: vscode.git
2025-05-04 05:15:40.830 [info] ExtensionService#_doActivateExtension vscode.git, startup: false, activationEvent: '*'
2025-05-04 05:15:40.830 [info] ExtensionService#_doActivateExtension vscode.github, startup: false, activationEvent: '*'
2025-05-04 05:15:41.109 [info] Eager extensions activated
2025-05-04 05:15:41.109 [info] ExtensionService#_doActivateExtension vscode.debug-auto-launch, startup: false, activationEvent: 'onStartupFinished'
2025-05-04 05:15:41.110 [info] ExtensionService#_doActivateExtension vscode.merge-conflict, startup: false, activationEvent: 'onStartupFinished'
2025-05-04 05:15:41.613 [warning] [Decorations] CAPPING events from decorations provider vscode.git 8925
2025-05-04 05:15:42.766 [warning] [Decorations] CAPPING events from decorations provider vscode.git 8925
2025-05-04 05:16:22.046 [info] ExtensionService#_doActivateExtension vscode.npm, startup: false, activationEvent: 'onTerminalQuickFixRequest:ms-vscode.npm-command'
2025-05-04 05:16:27.788 [info] ExtensionService#_doActivateExtension vscode.configuration-editing, startup: false, activationEvent: 'onLanguage:json'
2025-05-04 05:16:27.789 [info] ExtensionService#_doActivateExtension vscode.extension-editing, startup: false, activationEvent: 'onLanguage:json'
2025-05-04 05:16:27.789 [info] ExtensionService#_doActivateExtension vscode.json-language-features, startup: false, activationEvent: 'onLanguage:json'
2025-05-04 05:20:02.502 [warning] [Decorations] CAPPING events from decorations provider vscode.git 8927
2025-05-04 05:20:07.813 [warning] [Decorations] CAPPING events from decorations provider vscode.git 8927
2025-05-04 05:20:13.088 [warning] [Decorations] CAPPING events from decorations provider vscode.git 8927
2025-05-04 05:20:18.373 [warning] [Decorations] CAPPING events from decorations provider vscode.git 8927
2025-05-04 05:20:23.648 [warning] [Decorations] CAPPING events from decorations provider vscode.git 8927
2025-05-04 05:20:28.918 [warning] [Decorations] CAPPING events from decorations provider vscode.git 8927
2025-05-04 05:20:34.193 [warning] [Decorations] CAPPING events from decorations provider vscode.git 8927
2025-05-04 05:20:39.476 [warning] [Decorations] CAPPING events from decorations provider vscode.git 8927
2025-05-04 05:20:44.758 [warning] [Decorations] CAPPING events from decorations provider vscode.git 8927
2025-05-04 05:20:50.031 [warning] [Decorations] CAPPING events from decorations provider vscode.git 8927
2025-05-04 05:20:55.318 [warning] [Decorations] CAPPING events from decorations provider vscode.git 8927
2025-05-04 05:21:00.594 [warning] [Decorations] CAPPING events from decorations provider vscode.git 8927
2025-05-04 05:21:05.866 [warning] [Decorations] CAPPING events from decorations provider vscode.git 8927
2025-05-04 05:21:27.415 [warning] [Decorations] CAPPING events from decorations provider vscode.git 8927
2025-05-04 05:21:32.693 [warning] [Decorations] CAPPING events from decorations provider vscode.git 8927
2025-05-04 05:21:37.972 [warning] [Decorations] CAPPING events from decorations provider vscode.git 8927
2025-05-04 05:23:10.030 [warning] [Decorations] CAPPING events from decorations provider vscode.git 8927
2025-05-04 05:23:15.412 [warning] [Decorations] CAPPING events from decorations provider vscode.git 8927
2025-05-04 05:23:20.761 [warning] [Decorations] CAPPING events from decorations provider vscode.git 7464
2025-05-04 05:23:26.110 [warning] [Decorations] CAPPING events from decorations provider vscode.git 7464
2025-05-04 05:23:31.466 [warning] [Decorations] CAPPING events from decorations provider vscode.git 7464
2025-05-04 05:23:36.814 [warning] [Decorations] CAPPING events from decorations provider vscode.git 7464
2025-05-04 05:24:26.379 [warning] [Decorations] CAPPING events from decorations provider vscode.git 7464
2025-05-04 05:24:33.984 [warning] [Decorations] CAPPING events from decorations provider vscode.git 7464
2025-05-04 05:24:39.345 [warning] [Decorations] CAPPING events from decorations provider vscode.git 7464
2025-05-04 05:24:44.680 [warning] [Decorations] CAPPING events from decorations provider vscode.git 7464
2025-05-04 05:24:50.025 [warning] [Decorations] CAPPING events from decorations provider vscode.git 7464
2025-05-04 05:24:55.367 [warning] [Decorations] CAPPING events from decorations provider vscode.git 7464
2025-05-04 05:25:00.711 [warning] [Decorations] CAPPING events from decorations provider vscode.git 7464
2025-05-04 05:25:06.060 [warning] [Decorations] CAPPING events from decorations provider vscode.git 7464
2025-05-04 05:25:11.407 [warning] [Decorations] CAPPING events from decorations provider vscode.git 7464
2025-05-04 05:25:16.755 [warning] [Decorations] CAPPING events from decorations provider vscode.git 7464
2025-05-04 05:25:22.101 [warning] [Decorations] CAPPING events from decorations provider vscode.git 7464
2025-05-04 05:25:27.448 [warning] [Decorations] CAPPING events from decorations provider vscode.git 7464
2025-05-04 05:25:32.782 [warning] [Decorations] CAPPING events from decorations provider vscode.git 7464
2025-05-04 05:25:38.128 [warning] [Decorations] CAPPING events from decorations provider vscode.git 7464
2025-05-04 05:25:43.473 [warning] [Decorations] CAPPING events from decorations provider vscode.git 7464
2025-05-04 05:25:48.813 [warning] [Decorations] CAPPING events from decorations provider vscode.git 7464
2025-05-04 05:25:54.157 [warning] [Decorations] CAPPING events from decorations provider vscode.git 7464
2025-05-04 05:25:59.514 [warning] [Decorations] CAPPING events from decorations provider vscode.git 7464
2025-05-04 05:26:04.860 [warning] [Decorations] CAPPING events from decorations provider vscode.git 7464
2025-05-04 05:26:10.224 [warning] [Decorations] CAPPING events from decorations provider vscode.git 7464
2025-05-04 05:26:15.579 [warning] [Decorations] CAPPING events from decorations provider vscode.git 7464
2025-05-04 05:26:20.940 [warning] [Decorations] CAPPING events from decorations provider vscode.git 7464
2025-05-04 05:26:26.283 [warning] [Decorations] CAPPING events from decorations provider vscode.git 7464
2025-05-04 05:26:31.668 [warning] [Decorations] CAPPING events from decorations provider vscode.git 7464
2025-05-04 05:26:37.019 [warning] [Decorations] CAPPING events from decorations provider vscode.git 7464
2025-05-04 05:26:42.368 [warning] [Decorations] CAPPING events from decorations provider vscode.git 7464
2025-05-04 05:26:47.716 [warning] [Decorations] CAPPING events from decorations provider vscode.git 7464
2025-05-04 05:26:53.052 [warning] [Decorations] CAPPING events from decorations provider vscode.git 7464
2025-05-04 05:26:58.387 [warning] [Decorations] CAPPING events from decorations provider vscode.git 7464
2025-05-04 05:27:03.742 [warning] [Decorations] CAPPING events from decorations provider vscode.git 7464
2025-05-04 05:27:09.093 [warning] [Decorations] CAPPING events from decorations provider vscode.git 7464
2025-05-04 05:27:14.443 [warning] [Decorations] CAPPING events from decorations provider vscode.git 7464
2025-05-04 05:27:19.821 [warning] [Decorations] CAPPING events from decorations provider vscode.git 7464
2025-05-04 05:27:25.181 [warning] [Decorations] CAPPING events from decorations provider vscode.git 7464
2025-05-04 05:27:30.524 [warning] [Decorations] CAPPING events from decorations provider vscode.git 7464
2025-05-04 05:27:35.870 [warning] [Decorations] CAPPING events from decorations provider vscode.git 7464
2025-05-04 05:27:41.215 [warning] [Decorations] CAPPING events from decorations provider vscode.git 7464
2025-05-04 05:27:46.554 [warning] [Decorations] CAPPING events from decorations provider vscode.git 7464
2025-05-04 05:27:51.895 [warning] [Decorations] CAPPING events from decorations provider vscode.git 7464
2025-05-04 05:27:57.274 [warning] [Decorations] CAPPING events from decorations provider vscode.git 7464
2025-05-04 05:28:02.628 [warning] [Decorations] CAPPING events from decorations provider vscode.git 7464
2025-05-04 05:28:07.969 [warning] [Decorations] CAPPING events from decorations provider vscode.git 7464
2025-05-04 05:28:13.310 [warning] [Decorations] CAPPING events from decorations provider vscode.git 7464
2025-05-04 05:28:18.658 [warning] [Decorations] CAPPING events from decorations provider vscode.git 7464
2025-05-04 05:28:24.031 [warning] [Decorations] CAPPING events from decorations provider vscode.git 7464
2025-05-04 05:28:29.391 [warning] [Decorations] CAPPING events from decorations provider vscode.git 7464
2025-05-04 05:28:34.740 [warning] [Decorations] CAPPING events from decorations provider vscode.git 7464
2025-05-04 05:28:40.096 [warning] [Decorations] CAPPING events from decorations provider vscode.git 7464
2025-05-04 05:28:45.448 [warning] [Decorations] CAPPING events from decorations provider vscode.git 7464
2025-05-04 05:28:50.783 [warning] [Decorations] CAPPING events from decorations provider vscode.git 7464
2025-05-04 05:28:56.131 [warning] [Decorations] CAPPING events from decorations provider vscode.git 7464
2025-05-04 05:29:01.512 [warning] [Decorations] CAPPING events from decorations provider vscode.git 7464
2025-05-04 05:29:06.862 [warning] [Decorations] CAPPING events from decorations provider vscode.git 7464
2025-05-04 05:29:12.211 [warning] [Decorations] CAPPING events from decorations provider vscode.git 7464
2025-05-04 05:29:17.547 [warning] [Decorations] CAPPING events from decorations provider vscode.git 7464
2025-05-04 05:29:22.891 [warning] [Decorations] CAPPING events from decorations provider vscode.git 7464
2025-05-04 05:29:28.240 [warning] [Decorations] CAPPING events from decorations provider vscode.git 7464
2025-05-04 05:29:33.593 [warning] [Decorations] CAPPING events from decorations provider vscode.git 7464
2025-05-04 05:29:38.971 [warning] [Decorations] CAPPING events from decorations provider vscode.git 7464
2025-05-04 05:29:44.334 [warning] [Decorations] CAPPING events from decorations provider vscode.git 7464
2025-05-04 05:29:49.678 [warning] [Decorations] CAPPING events from decorations provider vscode.git 7464
2025-05-04 05:29:55.011 [warning] [Decorations] CAPPING events from decorations provider vscode.git 7464
2025-05-04 05:30:00.358 [warning] [Decorations] CAPPING events from decorations provider vscode.git 7464
2025-05-04 05:30:05.704 [warning] [Decorations] CAPPING events from decorations provider vscode.git 7464
2025-05-04 05:30:11.056 [warning] [Decorations] CAPPING events from decorations provider vscode.git 7464
2025-05-04 05:30:16.436 [warning] [Decorations] CAPPING events from decorations provider vscode.git 7464
2025-05-04 05:30:21.792 [warning] [Decorations] CAPPING events from decorations provider vscode.git 7464
2025-05-04 05:30:27.140 [warning] [Decorations] CAPPING events from decorations provider vscode.git 7464
2025-05-04 05:30:32.477 [warning] [Decorations] CAPPING events from decorations provider vscode.git 7464
2025-05-04 05:30:37.832 [warning] [Decorations] CAPPING events from decorations provider vscode.git 7464
2025-05-04 05:30:43.182 [warning] [Decorations] CAPPING events from decorations provider vscode.git 7464
2025-05-04 05:30:48.529 [warning] [Decorations] CAPPING events from decorations provider vscode.git 7464
2025-05-04 05:30:53.911 [warning] [Decorations] CAPPING events from decorations provider vscode.git 7464
2025-05-04 05:30:59.264 [warning] [Decorations] CAPPING events from decorations provider vscode.git 7464
2025-05-04 05:31:04.613 [warning] [Decorations] CAPPING events from decorations provider vscode.git 7464
2025-05-04 05:31:09.949 [warning] [Decorations] CAPPING events from decorations provider vscode.git 7464
2025-05-04 05:31:15.304 [warning] [Decorations] CAPPING events from decorations provider vscode.git 7464
2025-05-04 05:31:20.645 [warning] [Decorations] CAPPING events from decorations provider vscode.git 7464
2025-05-04 05:31:25.992 [warning] [Decorations] CAPPING events from decorations provider vscode.git 7464
2025-05-04 05:31:31.373 [warning] [Decorations] CAPPING events from decorations provider vscode.git 7464
2025-05-04 05:31:36.734 [warning] [Decorations] CAPPING events from decorations provider vscode.git 7464
2025-05-04 05:31:42.103 [warning] [Decorations] CAPPING events from decorations provider vscode.git 7464
2025-05-04 05:31:47.469 [warning] [Decorations] CAPPING events from decorations provider vscode.git 7464
2025-05-04 05:31:52.826 [warning] [Decorations] CAPPING events from decorations provider vscode.git 7464
2025-05-04 05:31:58.174 [warning] [Decorations] CAPPING events from decorations provider vscode.git 7464
2025-05-04 05:32:03.552 [warning] [Decorations] CAPPING events from decorations provider vscode.git 7464
2025-05-04 05:32:08.946 [warning] [Decorations] CAPPING events from decorations provider vscode.git 7464
2025-05-04 05:32:14.316 [warning] [Decorations] CAPPING events from decorations provider vscode.git 7464
2025-05-04 05:32:19.676 [warning] [Decorations] CAPPING events from decorations provider vscode.git 7464
2025-05-04 05:32:25.030 [warning] [Decorations] CAPPING events from decorations provider vscode.git 7464
2025-05-04 05:32:30.376 [warning] [Decorations] CAPPING events from decorations provider vscode.git 7464
2025-05-04 05:32:35.747 [warning] [Decorations] CAPPING events from decorations provider vscode.git 7464
2025-05-04 05:32:41.106 [warning] [Decorations] CAPPING events from decorations provider vscode.git 7464
2025-05-04 05:32:46.496 [warning] [Decorations] CAPPING events from decorations provider vscode.git 7464
2025-05-04 05:32:51.874 [warning] [Decorations] CAPPING events from decorations provider vscode.git 7464
2025-05-04 05:32:57.242 [warning] [Decorations] CAPPING events from decorations provider vscode.git 7464
2025-05-04 05:33:02.617 [warning] [Decorations] CAPPING events from decorations provider vscode.git 7464
2025-05-04 05:34:59.754 [warning] [Decorations] CAPPING events from decorations provider vscode.git 7464
2025-05-04 05:35:09.533 [warning] [Decorations] CAPPING events from decorations provider vscode.git 7464
2025-05-04 05:35:14.884 [warning] [Decorations] CAPPING events from decorations provider vscode.git 7464
2025-05-04 05:35:37.226 [warning] [Decorations] CAPPING events from decorations provider vscode.git 7464
2025-05-04 05:35:42.571 [warning] [Decorations] CAPPING events from decorations provider vscode.git 7464
2025-05-04 05:35:47.917 [warning] [Decorations] CAPPING events from decorations provider vscode.git 7464
2025-05-04 05:35:53.254 [warning] [Decorations] CAPPING events from decorations provider vscode.git 7464
2025-05-04 05:35:58.594 [warning] [Decorations] CAPPING events from decorations provider vscode.git 7464
2025-05-04 05:36:03.942 [warning] [Decorations] CAPPING events from decorations provider vscode.git 7464
2025-05-04 05:36:09.294 [warning] [Decorations] CAPPING events from decorations provider vscode.git 7464
2025-05-04 05:36:14.666 [warning] [Decorations] CAPPING events from decorations provider vscode.git 7464
2025-05-04 05:36:26.014 [warning] [Decorations] CAPPING events from decorations provider vscode.git 7464
2025-05-04 05:36:59.003 [warning] [Decorations] CAPPING events from decorations provider vscode.git 7464
2025-05-04 05:37:04.353 [warning] [Decorations] CAPPING events from decorations provider vscode.git 7464
2025-05-04 05:37:09.760 [warning] [Decorations] CAPPING events from decorations provider vscode.git 7464
2025-05-04 05:37:15.104 [warning] [Decorations] CAPPING events from decorations provider vscode.git 7464
2025-05-04 05:37:20.444 [warning] [Decorations] CAPPING events from decorations provider vscode.git 7464
2025-05-04 05:37:37.485 [warning] [Decorations] CAPPING events from decorations provider vscode.git 7464
2025-05-04 05:37:42.822 [warning] [Decorations] CAPPING events from decorations provider vscode.git 7464
2025-05-04 05:37:48.163 [warning] [Decorations] CAPPING events from decorations provider vscode.git 7464
2025-05-04 05:37:53.502 [warning] [Decorations] CAPPING events from decorations provider vscode.git 7464
2025-05-04 05:37:58.855 [warning] [Decorations] CAPPING events from decorations provider vscode.git 7464
2025-05-04 05:38:04.205 [warning] [Decorations] CAPPING events from decorations provider vscode.git 7464
2025-05-04 05:38:09.545 [warning] [Decorations] CAPPING events from decorations provider vscode.git 7464
2025-05-04 05:38:14.910 [warning] [Decorations] CAPPING events from decorations provider vscode.git 7464
2025-05-04 05:38:20.250 [warning] [Decorations] CAPPING events from decorations provider vscode.git 7464
2025-05-04 05:38:25.593 [warning] [Decorations] CAPPING events from decorations provider vscode.git 7464
2025-05-04 05:38:30.937 [warning] [Decorations] CAPPING events from decorations provider vscode.git 7464
2025-05-04 05:38:36.290 [warning] [Decorations] CAPPING events from decorations provider vscode.git 7464
2025-05-04 05:38:41.628 [warning] [Decorations] CAPPING events from decorations provider vscode.git 7464
2025-05-04 05:38:46.972 [warning] [Decorations] CAPPING events from decorations provider vscode.git 7464
2025-05-04 05:38:52.310 [warning] [Decorations] CAPPING events from decorations provider vscode.git 7464
2025-05-04 05:38:57.645 [warning] [Decorations] CAPPING events from decorations provider vscode.git 7464
2025-05-04 05:39:02.999 [warning] [Decorations] CAPPING events from decorations provider vscode.git 7464
2025-05-04 05:39:08.342 [warning] [Decorations] CAPPING events from decorations provider vscode.git 7464
2025-05-04 05:39:13.684 [warning] [Decorations] CAPPING events from decorations provider vscode.git 7464
2025-05-04 05:39:19.075 [warning] [Decorations] CAPPING events from decorations provider vscode.git 7464
2025-05-04 05:39:24.428 [warning] [Decorations] CAPPING events from decorations provider vscode.git 7464
2025-05-04 05:39:29.770 [warning] [Decorations] CAPPING events from decorations provider vscode.git 7464
2025-05-04 05:39:35.118 [warning] [Decorations] CAPPING events from decorations provider vscode.git 7464
2025-05-04 05:39:40.455 [warning] [Decorations] CAPPING events from decorations provider vscode.git 7464
2025-05-04 05:39:45.811 [warning] [Decorations] CAPPING events from decorations provider vscode.git 7464
2025-05-04 05:39:51.151 [warning] [Decorations] CAPPING events from decorations provider vscode.git 7464
2025-05-04 05:39:56.498 [warning] [Decorations] CAPPING events from decorations provider vscode.git 7464
2025-05-04 05:40:06.596 [warning] [Decorations] CAPPING events from decorations provider vscode.git 7464
2025-05-04 05:40:11.949 [warning] [Decorations] CAPPING events from decorations provider vscode.git 7464
2025-05-04 05:40:17.293 [warning] [Decorations] CAPPING events from decorations provider vscode.git 7464
2025-05-04 05:40:22.631 [warning] [Decorations] CAPPING events from decorations provider vscode.git 7464
2025-05-04 05:47:51.876 [warning] [Decorations] CAPPING events from decorations provider vscode.git 7464
2025-05-04 05:47:57.220 [warning] [Decorations] CAPPING events from decorations provider vscode.git 7464
2025-05-04 05:48:02.554 [warning] [Decorations] CAPPING events from decorations provider vscode.git 7464
2025-05-04 05:48:07.902 [warning] [Decorations] CAPPING events from decorations provider vscode.git 7464
2025-05-04 05:48:41.038 [warning] [Decorations] CAPPING events from decorations provider vscode.git 7464
2025-05-04 05:48:46.386 [warning] [Decorations] CAPPING events from decorations provider vscode.git 7464
2025-05-04 05:53:39.677 [warning] [Decorations] CAPPING events from decorations provider vscode.git 7464
2025-05-04 05:53:45.023 [warning] [Decorations] CAPPING events from decorations provider vscode.git 7464
2025-05-04 05:59:29.100 [warning] [Decorations] CAPPING events from decorations provider vscode.git 7464
2025-05-04 05:59:34.464 [warning] [Decorations] CAPPING events from decorations provider vscode.git 7464
2025-05-04 05:59:39.822 [warning] [Decorations] CAPPING events from decorations provider vscode.git 7464
2025-05-04 05:59:45.196 [warning] [Decorations] CAPPING events from decorations provider vscode.git 7464
2025-05-04 06:01:05.648 [warning] [Decorations] CAPPING events from decorations provider vscode.git 7464
2025-05-04 06:08:26.609 [warning] [Decorations] CAPPING events from decorations provider vscode.git 7464
2025-05-04 06:08:31.952 [warning] [Decorations] CAPPING events from decorations provider vscode.git 7464
2025-05-04 06:08:37.293 [warning] [Decorations] CAPPING events from decorations provider vscode.git 7464
2025-05-04 06:08:42.630 [warning] [Decorations] CAPPING events from decorations provider vscode.git 7464
2025-05-04 06:08:47.980 [warning] [Decorations] CAPPING events from decorations provider vscode.git 7464
2025-05-04 06:08:53.325 [warning] [Decorations] CAPPING events from decorations provider vscode.git 7464
2025-05-04 06:08:59.260 [warning] [Decorations] CAPPING events from decorations provider vscode.git 7464
2025-05-04 06:09:14.281 [warning] [Decorations] CAPPING events from decorations provider vscode.git 7512
2025-05-04 06:09:19.633 [warning] [Decorations] CAPPING events from decorations provider vscode.git 7512
2025-05-04 06:09:44.909 [warning] [Decorations] CAPPING events from decorations provider vscode.git 7512
2025-05-04 06:09:52.836 [warning] [Decorations] CAPPING events from decorations provider vscode.git 7512
2025-05-04 06:09:58.184 [warning] [Decorations] CAPPING events from decorations provider vscode.git 7512
2025-05-04 06:10:53.238 [warning] [Decorations] CAPPING events from decorations provider vscode.git 7512
2025-05-04 06:10:58.587 [warning] [Decorations] CAPPING events from decorations provider vscode.git 7512
2025-05-04 06:11:15.814 [warning] [Decorations] CAPPING events from decorations provider vscode.git 7512
2025-05-04 06:11:22.601 [warning] [Decorations] CAPPING events from decorations provider vscode.git 7512
2025-05-04 06:11:30.693 [warning] [Decorations] CAPPING events from decorations provider vscode.git 7512
2025-05-04 06:11:36.045 [warning] [Decorations] CAPPING events from decorations provider vscode.git 7512
2025-05-04 06:11:53.634 [warning] [Decorations] CAPPING events from decorations provider vscode.git 7512
2025-05-04 06:11:58.985 [warning] [Decorations] CAPPING events from decorations provider vscode.git 7512
2025-05-04 06:12:04.338 [warning] [Decorations] CAPPING events from decorations provider vscode.git 7512
2025-05-04 06:12:25.678 [warning] [Decorations] CAPPING events from decorations provider vscode.git 7512
2025-05-04 06:12:31.026 [warning] [Decorations] CAPPING events from decorations provider vscode.git 7746
2025-05-04 06:12:50.733 [warning] [Decorations] CAPPING events from decorations provider vscode.git 7746
2025-05-04 06:13:27.139 [warning] [Decorations] CAPPING events from decorations provider vscode.git 7746
2025-05-04 06:16:22.280 [warning] [Decorations] CAPPING events from decorations provider vscode.git 7746
2025-05-04 06:19:25.533 [warning] [Decorations] CAPPING events from decorations provider vscode.git 7746
2025-05-04 06:19:38.495 [warning] [Decorations] CAPPING events from decorations provider vscode.git 7746
2025-05-04 06:19:51.775 [warning] [Decorations] CAPPING events from decorations provider vscode.git 7746
2025-05-04 06:19:57.123 [warning] [Decorations] CAPPING events from decorations provider vscode.git 7746
2025-05-04 06:20:02.470 [warning] [Decorations] CAPPING events from decorations provider vscode.git 7746
2025-05-04 06:20:07.716 [warning] [Decorations] CAPPING events from decorations provider vscode.git 7746
2025-05-04 06:20:12.962 [warning] [Decorations] CAPPING events from decorations provider vscode.git 7746
2025-05-04 06:20:18.206 [warning] [Decorations] CAPPING events from decorations provider vscode.git 7746
2025-05-04 06:20:23.450 [warning] [Decorations] CAPPING events from decorations provider vscode.git 7746
2025-05-04 06:20:37.201 [warning] [Decorations] CAPPING events from decorations provider vscode.git 7746
2025-05-04 06:20:39.482 [warning] [Decorations] CAPPING events from decorations provider vscode.git 7746
2025-05-04 06:20:42.445 [warning] [Decorations] CAPPING events from decorations provider vscode.git 7746
2025-05-04 06:20:47.686 [warning] [Decorations] CAPPING events from decorations provider vscode.git 7746
2025-05-04 06:22:24.800 [warning] [Decorations] CAPPING events from decorations provider vscode.git 7746
2025-05-04 06:22:30.079 [warning] [Decorations] CAPPING events from decorations provider vscode.git 7746
2025-05-04 06:22:35.327 [warning] [Decorations] CAPPING events from decorations provider vscode.git 7746
2025-05-04 06:22:40.569 [warning] [Decorations] CAPPING events from decorations provider vscode.git 7746
2025-05-04 06:22:45.815 [warning] [Decorations] CAPPING events from decorations provider vscode.git 7746
2025-05-04 06:22:51.054 [warning] [Decorations] CAPPING events from decorations provider vscode.git 7746
2025-05-04 06:22:56.301 [warning] [Decorations] CAPPING events from decorations provider vscode.git 7746
2025-05-04 06:23:01.581 [warning] [Decorations] CAPPING events from decorations provider vscode.git 7746
2025-05-04 06:23:06.837 [warning] [Decorations] CAPPING events from decorations provider vscode.git 7746
2025-05-04 06:23:12.074 [warning] [Decorations] CAPPING events from decorations provider vscode.git 7746
2025-05-04 06:23:17.316 [warning] [Decorations] CAPPING events from decorations provider vscode.git 7746
2025-05-04 06:23:23.507 [warning] [Decorations] CAPPING events from decorations provider vscode.git 7746
2025-05-04 06:23:28.776 [warning] [Decorations] CAPPING events from decorations provider vscode.git 7746
2025-05-04 06:23:34.031 [warning] [Decorations] CAPPING events from decorations provider vscode.git 7746
2025-05-04 06:23:39.277 [warning] [Decorations] CAPPING events from decorations provider vscode.git 7746
2025-05-04 06:23:44.523 [warning] [Decorations] CAPPING events from decorations provider vscode.git 7746
2025-05-04 06:23:49.767 [warning] [Decorations] CAPPING events from decorations provider vscode.git 7746
2025-05-04 06:23:55.019 [warning] [Decorations] CAPPING events from decorations provider vscode.git 7746
2025-05-04 06:24:05.229 [warning] [Decorations] CAPPING events from decorations provider vscode.git 7746
