2025-03-01 01:00:11.450 [info] [main] Log level: Info
2025-03-01 01:00:11.450 [info] [main] Validating found git in: "git"
2025-03-01 01:00:11.450 [info] [main] Using git "2.34.1" from "git"
2025-03-01 01:00:11.450 [info] [Model][doInitialScan] Initial repository scan started
2025-03-01 01:00:11.450 [info] > git rev-parse --show-toplevel [26ms]
2025-03-01 01:00:11.450 [info] > git rev-parse --git-dir --git-common-dir [2ms]
2025-03-01 01:00:11.450 [info] [Model][openRepository] Opened repository: /home/student
2025-03-01 01:00:11.450 [info] > git config --get commit.template [3ms]
2025-03-01 01:00:11.450 [info] > git rev-parse --show-toplevel [2ms]
2025-03-01 01:00:11.450 [info] > git for-each-ref --format=%(refname)%00%(upstream:short)%00%(objectname)%00%(upstream:track)%00%(upstream:remotename)%00%(upstream:remoteref) refs/heads/main refs/remotes/main [3ms]
2025-03-01 01:00:11.450 [info] > git rev-parse --show-toplevel [1ms]
2025-03-01 01:00:11.450 [info] > git for-each-ref --sort -committerdate --format %(refname) %(objectname) %(*objectname) [24ms]
2025-03-01 01:00:11.450 [info] > git rev-parse --show-toplevel [32ms]
2025-03-01 01:00:11.450 [info] > git rev-parse --show-toplevel [7ms]
2025-03-01 01:00:11.450 [info] [Model][doInitialScan] Initial repository scan completed - repositories (1), closed repositories (0), parent repositories (0), unsafe repositories (0)
2025-03-01 01:00:11.450 [info] > git status -z -uall [82ms]
2025-03-01 01:00:11.450 [info] > git for-each-ref --format=%(refname)%00%(upstream:short)%00%(objectname)%00%(upstream:track)%00%(upstream:remotename)%00%(upstream:remoteref) refs/heads/main refs/remotes/main [35ms]
2025-03-01 01:00:11.471 [info] > git config --get --local branch.main.vscode-merge-base [397ms]
2025-03-01 01:00:11.471 [warning] [Git][config] git config failed: Failed to execute git
2025-03-01 01:00:11.475 [info] > git config --get commit.template [435ms]
2025-03-01 01:00:11.481 [info] > git reflog main --grep-reflog=branch: Created from *. [6ms]
2025-03-01 01:00:11.488 [info] > git check-ignore -v -z --stdin [9ms]
2025-03-01 01:00:11.490 [info] > git for-each-ref --format=%(refname)%00%(upstream:short)%00%(objectname)%00%(upstream:track)%00%(upstream:remotename)%00%(upstream:remoteref) refs/heads/main refs/remotes/main [4ms]
2025-03-01 01:00:11.490 [info] > git symbolic-ref --short refs/remotes/origin/HEAD [6ms]
2025-03-01 01:00:11.490 [info] fatal: ref refs/remotes/origin/HEAD is not a symbolic ref
2025-03-01 01:00:11.490 [warning] [Repository][getDefaultBranch] Failed to get default branch details: Failed to execute git.
2025-03-01 01:00:11.496 [info] > git merge-base refs/heads/main refs/remotes/origin/main [3ms]
2025-03-01 01:00:11.506 [info] > git diff --name-status -z --diff-filter=ADMR 16b49f9f0dad829177dd6ba65f92abc6f5dc235a...refs/remotes/origin/main [7ms]
2025-03-01 01:00:11.511 [info] > git for-each-ref --sort -committerdate --format %(refname) %(objectname) %(*objectname) [6ms]
2025-03-01 01:00:11.552 [info] > git status -z -uall [49ms]
2025-03-01 01:00:14.277 [info] > git config --get commit.template [5ms]
2025-03-01 01:00:14.278 [info] > git for-each-ref --format=%(refname)%00%(upstream:short)%00%(objectname)%00%(upstream:track)%00%(upstream:remotename)%00%(upstream:remoteref) refs/heads/main refs/remotes/main [2ms]
2025-03-01 01:00:14.286 [info] > git for-each-ref --sort -committerdate --format %(refname) %(objectname) %(*objectname) [2ms]
2025-03-01 01:00:14.329 [info] > git status -z -uall [48ms]
2025-03-01 01:00:19.363 [info] > git config --get commit.template [5ms]
2025-03-01 01:00:19.364 [info] > git for-each-ref --format=%(refname)%00%(upstream:short)%00%(objectname)%00%(upstream:track)%00%(upstream:remotename)%00%(upstream:remoteref) refs/heads/main refs/remotes/main [2ms]
2025-03-01 01:00:19.376 [info] > git for-each-ref --sort -committerdate --format %(refname) %(objectname) %(*objectname) [5ms]
2025-03-01 01:00:19.414 [info] > git status -z -uall [47ms]
