2025-03-01 01:19:31.449 [info] [main] Log level: Info
2025-03-01 01:19:31.449 [info] [main] Validating found git in: "git"
2025-03-01 01:19:31.449 [info] [main] Using git "2.34.1" from "git"
2025-03-01 01:19:31.449 [info] [Model][doInitialScan] Initial repository scan started
2025-03-01 01:19:31.449 [info] > git rev-parse --show-toplevel [29ms]
2025-03-01 01:19:31.449 [info] > git rev-parse --git-dir --git-common-dir [2ms]
2025-03-01 01:19:31.449 [info] [Model][openRepository] Opened repository: /home/student
2025-03-01 01:19:31.449 [info] > git rev-parse --show-toplevel [6ms]
2025-03-01 01:19:31.449 [info] > git config --get commit.template [9ms]
2025-03-01 01:19:31.449 [info] > git rev-parse --show-toplevel [5ms]
2025-03-01 01:19:31.449 [info] > git for-each-ref --format=%(refname)%00%(upstream:short)%00%(objectname)%00%(upstream:track)%00%(upstream:remotename)%00%(upstream:remoteref) refs/heads/main refs/remotes/main [4ms]
2025-03-01 01:19:31.449 [info] > git rev-parse --show-toplevel [2ms]
2025-03-01 01:19:31.449 [info] > git rev-parse --show-toplevel [2ms]
2025-03-01 01:19:31.449 [info] [Model][doInitialScan] Initial repository scan completed - repositories (1), closed repositories (0), parent repositories (0), unsafe repositories (0)
2025-03-01 01:19:31.450 [info] > git for-each-ref --sort -committerdate --format %(refname) %(objectname) %(*objectname) [1ms]
2025-03-01 01:19:31.496 [info] > git status -z -uall [53ms]
2025-03-01 01:19:31.928 [info] > git for-each-ref --format=%(refname)%00%(upstream:short)%00%(objectname)%00%(upstream:track)%00%(upstream:remotename)%00%(upstream:remoteref) refs/heads/main refs/remotes/main [374ms]
2025-03-01 01:19:31.935 [info] > git config --get --local branch.main.vscode-merge-base [3ms]
2025-03-01 01:19:31.935 [warning] [Git][config] git config failed: Failed to execute git
2025-03-01 01:19:31.938 [info] > git config --get commit.template [10ms]
2025-03-01 01:19:31.942 [info] > git reflog main --grep-reflog=branch: Created from *. [4ms]
2025-03-01 01:19:31.945 [info] > git for-each-ref --format=%(refname)%00%(upstream:short)%00%(objectname)%00%(upstream:track)%00%(upstream:remotename)%00%(upstream:remoteref) refs/heads/main refs/remotes/main [4ms]
2025-03-01 01:19:31.946 [info] > git symbolic-ref --short refs/remotes/origin/HEAD [1ms]
2025-03-01 01:19:31.946 [info] fatal: ref refs/remotes/origin/HEAD is not a symbolic ref
2025-03-01 01:19:31.946 [warning] [Repository][getDefaultBranch] Failed to get default branch details: Failed to execute git.
2025-03-01 01:19:31.955 [info] > git merge-base refs/heads/main refs/remotes/origin/main [6ms]
2025-03-01 01:19:31.964 [info] > git for-each-ref --sort -committerdate --format %(refname) %(objectname) %(*objectname) [9ms]
2025-03-01 01:19:31.964 [info] > git diff --name-status -z --diff-filter=ADMR 16b49f9f0dad829177dd6ba65f92abc6f5dc235a...refs/remotes/origin/main [2ms]
2025-03-01 01:19:31.988 [info] > git check-ignore -v -z --stdin [5ms]
2025-03-01 01:19:32.001 [info] > git status -z -uall [49ms]
2025-03-01 01:19:35.124 [info] > git config --get commit.template [4ms]
2025-03-01 01:19:35.125 [info] > git for-each-ref --format=%(refname)%00%(upstream:short)%00%(objectname)%00%(upstream:track)%00%(upstream:remotename)%00%(upstream:remoteref) refs/heads/main refs/remotes/main [2ms]
2025-03-01 01:19:35.136 [info] > git for-each-ref --sort -committerdate --format %(refname) %(objectname) %(*objectname) [5ms]
2025-03-01 01:19:35.209 [info] > git status -z -uall [81ms]
