2025-03-08 05:26:45.734 [info] Extension host with pid 1344 started
2025-03-08 05:26:45.748 [info] Lock '/home/student/.vscode-server/data/User/workspaceStorage/255174b9c84437907369f27ac92b5bdb/vscode.lock': Lock acquired.
2025-03-08 05:26:46.222 [info] ExtensionService#_doActivateExtension vscode.git-base, startup: false, activationEvent: '*', root cause: vscode.git
2025-03-08 05:26:46.332 [info] ExtensionService#_doActivateExtension vscode.git, startup: false, activationEvent: '*'
2025-03-08 05:26:46.333 [info] ExtensionService#_doActivateExtension vscode.github, startup: false, activationEvent: '*'
2025-03-08 05:26:46.663 [info] Eager extensions activated
2025-03-08 05:26:46.663 [info] ExtensionService#_doActivateExtension vscode.debug-auto-launch, startup: false, activationEvent: 'onStartupFinished'
2025-03-08 05:26:46.663 [info] ExtensionService#_doActivateExtension vscode.merge-conflict, startup: false, activationEvent: 'onStartupFinished'
2025-03-08 05:26:46.827 [info] ExtensionService#_doActivateExtension vscode.emmet, startup: false, activationEvent: 'onLanguage'
2025-03-08 05:32:16.662 [warning] [Decorations] CAPPING events from decorations provider vscode.git 753
2025-03-08 05:32:25.084 [warning] [Decorations] CAPPING events from decorations provider vscode.git 753
2025-03-08 05:32:35.574 [warning] [Decorations] CAPPING events from decorations provider vscode.git 753
2025-03-08 05:32:40.645 [warning] [Decorations] CAPPING events from decorations provider vscode.git 753
2025-03-08 05:32:45.716 [warning] [Decorations] CAPPING events from decorations provider vscode.git 753
2025-03-08 05:32:50.785 [warning] [Decorations] CAPPING events from decorations provider vscode.git 753
2025-03-08 05:32:55.858 [warning] [Decorations] CAPPING events from decorations provider vscode.git 753
2025-03-08 05:33:00.927 [warning] [Decorations] CAPPING events from decorations provider vscode.git 753
2025-03-08 05:33:05.999 [warning] [Decorations] CAPPING events from decorations provider vscode.git 753
2025-03-08 05:33:11.070 [warning] [Decorations] CAPPING events from decorations provider vscode.git 753
2025-03-08 05:33:16.636 [warning] [Decorations] CAPPING events from decorations provider vscode.git 753
2025-03-08 05:33:21.705 [warning] [Decorations] CAPPING events from decorations provider vscode.git 753
2025-03-08 05:33:26.775 [warning] [Decorations] CAPPING events from decorations provider vscode.git 753
2025-03-08 05:33:31.846 [warning] [Decorations] CAPPING events from decorations provider vscode.git 753
2025-03-08 05:33:38.133 [warning] [Decorations] CAPPING events from decorations provider vscode.git 753
2025-03-08 05:33:43.217 [warning] [Decorations] CAPPING events from decorations provider vscode.git 1413
2025-03-08 05:33:48.304 [warning] [Decorations] CAPPING events from decorations provider vscode.git 1413
2025-03-08 05:33:53.390 [warning] [Decorations] CAPPING events from decorations provider vscode.git 1413
2025-03-08 05:33:58.497 [warning] [Decorations] CAPPING events from decorations provider vscode.git 1413
2025-03-08 05:34:03.579 [warning] [Decorations] CAPPING events from decorations provider vscode.git 1413
2025-03-08 05:34:08.682 [warning] [Decorations] CAPPING events from decorations provider vscode.git 1413
2025-03-08 05:34:13.764 [warning] [Decorations] CAPPING events from decorations provider vscode.git 1413
2025-03-08 05:34:18.846 [warning] [Decorations] CAPPING events from decorations provider vscode.git 1413
2025-03-08 05:34:23.926 [warning] [Decorations] CAPPING events from decorations provider vscode.git 1413
2025-03-08 05:34:29.031 [warning] [Decorations] CAPPING events from decorations provider vscode.git 1413
2025-03-08 05:34:34.112 [warning] [Decorations] CAPPING events from decorations provider vscode.git 1413
2025-03-08 05:34:39.209 [warning] [Decorations] CAPPING events from decorations provider vscode.git 1413
2025-03-08 05:34:44.292 [warning] [Decorations] CAPPING events from decorations provider vscode.git 1413
2025-03-08 05:34:49.399 [warning] [Decorations] CAPPING events from decorations provider vscode.git 1413
2025-03-08 05:34:54.479 [warning] [Decorations] CAPPING events from decorations provider vscode.git 1413
2025-03-08 05:34:59.581 [warning] [Decorations] CAPPING events from decorations provider vscode.git 1413
2025-03-08 05:35:09.105 [warning] [Decorations] CAPPING events from decorations provider vscode.git 1413
2025-03-08 05:35:14.192 [warning] [Decorations] CAPPING events from decorations provider vscode.git 1413
2025-03-08 05:35:19.270 [warning] [Decorations] CAPPING events from decorations provider vscode.git 1413
2025-03-08 05:35:24.350 [warning] [Decorations] CAPPING events from decorations provider vscode.git 1413
2025-03-08 05:35:29.431 [warning] [Decorations] CAPPING events from decorations provider vscode.git 1413
2025-03-08 05:35:34.519 [warning] [Decorations] CAPPING events from decorations provider vscode.git 1413
2025-03-08 05:35:39.598 [warning] [Decorations] CAPPING events from decorations provider vscode.git 1413
2025-03-08 05:35:44.702 [warning] [Decorations] CAPPING events from decorations provider vscode.git 1413
2025-03-08 05:35:49.782 [warning] [Decorations] CAPPING events from decorations provider vscode.git 1413
2025-03-08 05:35:54.885 [warning] [Decorations] CAPPING events from decorations provider vscode.git 1413
2025-03-08 05:35:59.964 [warning] [Decorations] CAPPING events from decorations provider vscode.git 1413
2025-03-08 05:36:05.072 [warning] [Decorations] CAPPING events from decorations provider vscode.git 1413
2025-03-08 05:36:10.151 [warning] [Decorations] CAPPING events from decorations provider vscode.git 1413
2025-03-08 05:36:15.230 [warning] [Decorations] CAPPING events from decorations provider vscode.git 1413
2025-03-08 05:36:20.307 [warning] [Decorations] CAPPING events from decorations provider vscode.git 1413
2025-03-08 05:36:25.387 [warning] [Decorations] CAPPING events from decorations provider vscode.git 1413
2025-03-08 05:36:35.270 [warning] [Decorations] CAPPING events from decorations provider vscode.git 1413
2025-03-08 05:37:03.414 [warning] [Decorations] CAPPING events from decorations provider vscode.git 1413
2025-03-08 05:37:08.502 [warning] [Decorations] CAPPING events from decorations provider vscode.git 1413
2025-03-08 05:37:13.586 [warning] [Decorations] CAPPING events from decorations provider vscode.git 1413
2025-03-08 05:37:18.668 [warning] [Decorations] CAPPING events from decorations provider vscode.git 1413
2025-03-08 05:37:23.752 [warning] [Decorations] CAPPING events from decorations provider vscode.git 1413
2025-03-08 05:37:28.830 [warning] [Decorations] CAPPING events from decorations provider vscode.git 1413
2025-03-08 05:37:33.918 [warning] [Decorations] CAPPING events from decorations provider vscode.git 1413
2025-03-08 05:37:39.001 [warning] [Decorations] CAPPING events from decorations provider vscode.git 1413
2025-03-08 05:37:44.082 [warning] [Decorations] CAPPING events from decorations provider vscode.git 1413
2025-03-08 05:37:49.160 [warning] [Decorations] CAPPING events from decorations provider vscode.git 1413
2025-03-08 05:37:54.239 [warning] [Decorations] CAPPING events from decorations provider vscode.git 1413
2025-03-08 05:37:59.318 [warning] [Decorations] CAPPING events from decorations provider vscode.git 1413
2025-03-08 05:38:04.424 [warning] [Decorations] CAPPING events from decorations provider vscode.git 1413
2025-03-08 05:38:09.503 [warning] [Decorations] CAPPING events from decorations provider vscode.git 1413
2025-03-08 05:38:14.612 [warning] [Decorations] CAPPING events from decorations provider vscode.git 1413
2025-03-08 05:38:19.691 [warning] [Decorations] CAPPING events from decorations provider vscode.git 1413
2025-03-08 05:38:24.793 [warning] [Decorations] CAPPING events from decorations provider vscode.git 1413
2025-03-08 05:38:29.871 [warning] [Decorations] CAPPING events from decorations provider vscode.git 1413
2025-03-08 05:38:59.199 [warning] [Decorations] CAPPING events from decorations provider vscode.git 1413
2025-03-08 05:39:04.285 [warning] [Decorations] CAPPING events from decorations provider vscode.git 1413
2025-03-08 05:39:09.369 [warning] [Decorations] CAPPING events from decorations provider vscode.git 1413
2025-03-08 05:39:14.450 [warning] [Decorations] CAPPING events from decorations provider vscode.git 1413
2025-03-08 05:39:19.529 [warning] [Decorations] CAPPING events from decorations provider vscode.git 1413
2025-03-08 05:39:24.636 [warning] [Decorations] CAPPING events from decorations provider vscode.git 1413
2025-03-08 05:39:29.714 [warning] [Decorations] CAPPING events from decorations provider vscode.git 1413
2025-03-08 05:39:34.816 [warning] [Decorations] CAPPING events from decorations provider vscode.git 1413
2025-03-08 05:40:08.942 [warning] [Decorations] CAPPING events from decorations provider vscode.git 1413
2025-03-08 05:40:14.028 [warning] [Decorations] CAPPING events from decorations provider vscode.git 1413
2025-03-08 05:40:17.080 [info] ExtensionService#_doActivateExtension vscode.npm, startup: false, activationEvent: 'onTerminalQuickFixRequest:ms-vscode.npm-command'
2025-03-08 05:40:19.114 [warning] [Decorations] CAPPING events from decorations provider vscode.git 1413
2025-03-08 05:40:22.878 [info] ExtensionService#_doActivateExtension vscode.configuration-editing, startup: false, activationEvent: 'onLanguage:json'
2025-03-08 05:40:22.878 [info] ExtensionService#_doActivateExtension vscode.extension-editing, startup: false, activationEvent: 'onLanguage:json'
2025-03-08 05:40:22.878 [info] ExtensionService#_doActivateExtension vscode.json-language-features, startup: false, activationEvent: 'onLanguage:json'
2025-03-08 05:40:59.215 [warning] [Decorations] CAPPING events from decorations provider vscode.git 1414
2025-03-08 05:41:04.293 [warning] [Decorations] CAPPING events from decorations provider vscode.git 1414
2025-03-08 05:41:09.377 [warning] [Decorations] CAPPING events from decorations provider vscode.git 1414
2025-03-08 05:41:14.457 [warning] [Decorations] CAPPING events from decorations provider vscode.git 1414
2025-03-08 05:41:25.006 [warning] [Decorations] CAPPING events from decorations provider vscode.git 1414
2025-03-08 05:41:30.094 [warning] [Decorations] CAPPING events from decorations provider vscode.git 1414
2025-03-08 05:41:35.173 [warning] [Decorations] CAPPING events from decorations provider vscode.git 1414
2025-03-08 05:41:40.253 [warning] [Decorations] CAPPING events from decorations provider vscode.git 1414
2025-03-08 05:41:45.337 [warning] [Decorations] CAPPING events from decorations provider vscode.git 1414
2025-03-08 05:41:50.419 [warning] [Decorations] CAPPING events from decorations provider vscode.git 1414
2025-03-08 05:41:55.500 [warning] [Decorations] CAPPING events from decorations provider vscode.git 1414
2025-03-08 05:42:00.578 [warning] [Decorations] CAPPING events from decorations provider vscode.git 1414
2025-03-08 05:42:05.655 [warning] [Decorations] CAPPING events from decorations provider vscode.git 1414
2025-03-08 05:42:10.734 [warning] [Decorations] CAPPING events from decorations provider vscode.git 1414
2025-03-08 05:42:15.814 [warning] [Decorations] CAPPING events from decorations provider vscode.git 1414
2025-03-08 05:42:20.895 [warning] [Decorations] CAPPING events from decorations provider vscode.git 1414
2025-03-08 05:42:25.974 [warning] [Decorations] CAPPING events from decorations provider vscode.git 1414
2025-03-08 05:42:31.054 [warning] [Decorations] CAPPING events from decorations provider vscode.git 1414
2025-03-08 05:42:34.052 [warning] vscode.json-language-features - Code actions of kind 'quickfix' requested but returned code action is of kind 'source.sort.json'. Code action will be dropped. Please check 'CodeActionContext.only' to only return requested code actions.
2025-03-08 05:42:34.577 [warning] vscode.json-language-features - Code actions of kind 'quickfix' requested but returned code action is of kind 'source.sort.json'. Code action will be dropped. Please check 'CodeActionContext.only' to only return requested code actions.
2025-03-08 05:42:36.147 [warning] [Decorations] CAPPING events from decorations provider vscode.git 1414
2025-03-08 05:42:41.233 [warning] [Decorations] CAPPING events from decorations provider vscode.git 1422
2025-03-08 05:42:46.317 [warning] [Decorations] CAPPING events from decorations provider vscode.git 1422
2025-03-08 05:42:51.401 [warning] [Decorations] CAPPING events from decorations provider vscode.git 1422
2025-03-08 05:42:56.479 [warning] [Decorations] CAPPING events from decorations provider vscode.git 1422
2025-03-08 05:43:01.561 [warning] [Decorations] CAPPING events from decorations provider vscode.git 1422
2025-03-08 05:43:06.642 [warning] [Decorations] CAPPING events from decorations provider vscode.git 1422
2025-03-08 05:43:11.730 [warning] [Decorations] CAPPING events from decorations provider vscode.git 1422
2025-03-08 05:43:16.813 [warning] [Decorations] CAPPING events from decorations provider vscode.git 1422
2025-03-08 05:43:21.893 [warning] [Decorations] CAPPING events from decorations provider vscode.git 1422
2025-03-08 05:43:26.973 [warning] [Decorations] CAPPING events from decorations provider vscode.git 1422
2025-03-08 05:43:32.054 [warning] [Decorations] CAPPING events from decorations provider vscode.git 1422
2025-03-08 05:43:37.134 [warning] [Decorations] CAPPING events from decorations provider vscode.git 1422
2025-03-08 05:43:42.217 [warning] [Decorations] CAPPING events from decorations provider vscode.git 1422
2025-03-08 05:43:47.300 [warning] [Decorations] CAPPING events from decorations provider vscode.git 1422
2025-03-08 05:43:52.379 [warning] [Decorations] CAPPING events from decorations provider vscode.git 1422
2025-03-08 05:43:57.458 [warning] [Decorations] CAPPING events from decorations provider vscode.git 1422
2025-03-08 05:44:02.536 [warning] [Decorations] CAPPING events from decorations provider vscode.git 1422
2025-03-08 05:44:07.615 [warning] [Decorations] CAPPING events from decorations provider vscode.git 1422
2025-03-08 05:44:12.695 [warning] [Decorations] CAPPING events from decorations provider vscode.git 1422
2025-03-08 05:44:17.772 [warning] [Decorations] CAPPING events from decorations provider vscode.git 1422
2025-03-08 05:44:22.851 [warning] [Decorations] CAPPING events from decorations provider vscode.git 1422
2025-03-08 05:44:27.932 [warning] [Decorations] CAPPING events from decorations provider vscode.git 1422
2025-03-08 05:44:33.014 [warning] [Decorations] CAPPING events from decorations provider vscode.git 1422
2025-03-08 05:44:40.628 [warning] [Decorations] CAPPING events from decorations provider vscode.git 1422
2025-03-08 05:44:49.523 [warning] [Decorations] CAPPING events from decorations provider vscode.git 1422
2025-03-08 05:44:54.606 [warning] [Decorations] CAPPING events from decorations provider vscode.git 1422
2025-03-08 05:44:59.689 [warning] [Decorations] CAPPING events from decorations provider vscode.git 1422
2025-03-08 05:45:04.778 [warning] [Decorations] CAPPING events from decorations provider vscode.git 1422
2025-03-08 05:45:09.858 [warning] [Decorations] CAPPING events from decorations provider vscode.git 1422
2025-03-08 05:45:18.185 [warning] [Decorations] CAPPING events from decorations provider vscode.git 1422
2025-03-08 05:45:23.264 [warning] [Decorations] CAPPING events from decorations provider vscode.git 1422
2025-03-08 05:45:28.342 [warning] [Decorations] CAPPING events from decorations provider vscode.git 1422
2025-03-08 05:45:33.421 [warning] [Decorations] CAPPING events from decorations provider vscode.git 1422
2025-03-08 05:45:38.499 [warning] [Decorations] CAPPING events from decorations provider vscode.git 1422
2025-03-08 05:49:57.667 [warning] [Decorations] CAPPING events from decorations provider vscode.git 1422
2025-03-08 05:50:02.758 [warning] [Decorations] CAPPING events from decorations provider vscode.git 1422
2025-03-08 05:50:07.842 [warning] [Decorations] CAPPING events from decorations provider vscode.git 1422
2025-03-08 05:50:12.923 [warning] [Decorations] CAPPING events from decorations provider vscode.git 1422
2025-03-08 05:50:18.001 [warning] [Decorations] CAPPING events from decorations provider vscode.git 1422
2025-03-08 05:50:23.078 [warning] [Decorations] CAPPING events from decorations provider vscode.git 1422
2025-03-08 05:50:28.162 [warning] [Decorations] CAPPING events from decorations provider vscode.git 1422
2025-03-08 05:51:23.506 [warning] [Decorations] CAPPING events from decorations provider vscode.git 1422
2025-03-08 05:51:28.590 [warning] [Decorations] CAPPING events from decorations provider vscode.git 1422
2025-03-08 05:52:01.976 [warning] [Decorations] CAPPING events from decorations provider vscode.git 1422
2025-03-08 05:52:12.721 [warning] [Decorations] CAPPING events from decorations provider vscode.git 1422
2025-03-08 05:52:17.805 [warning] [Decorations] CAPPING events from decorations provider vscode.git 1422
2025-03-08 05:52:50.149 [warning] [Decorations] CAPPING events from decorations provider vscode.git 1422
2025-03-08 05:52:55.232 [warning] [Decorations] CAPPING events from decorations provider vscode.git 1422
2025-03-08 05:53:30.581 [warning] [Decorations] CAPPING events from decorations provider vscode.git 1422
2025-03-08 05:54:33.414 [warning] [Decorations] CAPPING events from decorations provider vscode.git 1422
2025-03-08 05:54:43.544 [warning] [Decorations] CAPPING events from decorations provider vscode.git 1422
2025-03-08 05:54:51.995 [warning] [Decorations] CAPPING events from decorations provider vscode.git 1422
2025-03-08 05:55:02.654 [warning] [Decorations] CAPPING events from decorations provider vscode.git 1422
2025-03-08 05:55:10.101 [warning] [Decorations] CAPPING events from decorations provider vscode.git 1422
2025-03-08 05:57:30.150 [warning] [Decorations] CAPPING events from decorations provider vscode.git 1422
2025-03-08 05:57:40.576 [warning] [Decorations] CAPPING events from decorations provider vscode.git 1422
2025-03-08 05:57:51.837 [warning] [Decorations] CAPPING events from decorations provider vscode.git 1422
2025-03-08 05:58:54.231 [warning] [Decorations] CAPPING events from decorations provider vscode.git 1422
2025-03-08 05:58:59.315 [warning] [Decorations] CAPPING events from decorations provider vscode.git 1422
2025-03-08 05:59:04.393 [warning] [Decorations] CAPPING events from decorations provider vscode.git 1422
2025-03-08 05:59:09.473 [warning] [Decorations] CAPPING events from decorations provider vscode.git 1422
2025-03-08 05:59:41.304 [warning] [Decorations] CAPPING events from decorations provider vscode.git 1422
2025-03-08 05:59:46.390 [warning] [Decorations] CAPPING events from decorations provider vscode.git 1422
2025-03-08 05:59:55.574 [warning] [Decorations] CAPPING events from decorations provider vscode.git 1422
2025-03-08 06:00:16.680 [warning] [Decorations] CAPPING events from decorations provider vscode.git 1422
2025-03-08 06:00:21.762 [warning] [Decorations] CAPPING events from decorations provider vscode.git 1422
2025-03-08 06:00:26.839 [warning] [Decorations] CAPPING events from decorations provider vscode.git 1422
2025-03-08 06:00:31.917 [warning] [Decorations] CAPPING events from decorations provider vscode.git 1422
2025-03-08 06:00:36.999 [warning] [Decorations] CAPPING events from decorations provider vscode.git 1422
2025-03-08 06:00:42.077 [warning] [Decorations] CAPPING events from decorations provider vscode.git 1422
2025-03-08 06:01:03.082 [warning] [Decorations] CAPPING events from decorations provider vscode.git 1422
2025-03-08 06:01:08.171 [warning] [Decorations] CAPPING events from decorations provider vscode.git 2742
2025-03-08 06:01:15.253 [warning] [Decorations] CAPPING events from decorations provider vscode.git 1422
2025-03-08 06:01:20.334 [warning] [Decorations] CAPPING events from decorations provider vscode.git 1422
2025-03-08 06:01:25.419 [warning] [Decorations] CAPPING events from decorations provider vscode.git 1422
2025-03-08 06:11:08.105 [warning] [Decorations] CAPPING events from decorations provider vscode.git 1422
