2025-04-02 02:15:21.992 [info] Extension host with pid 1237 started
2025-04-02 02:15:21.993 [error] Error: EEXIST: file already exists, open '/home/student/.vscode-server/data/User/workspaceStorage/255174b9c84437907369f27ac92b5bdb/vscode.lock'
2025-04-02 02:15:22.002 [info] Lock '/home/student/.vscode-server/data/User/workspaceStorage/255174b9c84437907369f27ac92b5bdb/vscode.lock': Could not acquire lock, checking if the file is stale.
2025-04-02 02:15:22.014 [info] Lock '/home/student/.vscode-server/data/User/workspaceStorage/255174b9c84437907369f27ac92b5bdb/vscode.lock': The pid 1326 appears to be gone.
2025-04-02 02:15:22.014 [info] Lock '/home/student/.vscode-server/data/User/workspaceStorage/255174b9c84437907369f27ac92b5bdb/vscode.lock': Deleting a stale lock.
2025-04-02 02:15:22.028 [info] Lock '/home/student/.vscode-server/data/User/workspaceStorage/255174b9c84437907369f27ac92b5bdb/vscode.lock': Lock acquired.
2025-04-02 02:15:22.170 [info] ExtensionService#_doActivateExtension vscode.git-base, startup: false, activationEvent: '*', root cause: vscode.git
2025-04-02 02:15:22.171 [info] ExtensionService#_doActivateExtension vscode.emmet, startup: false, activationEvent: 'onLanguage'
2025-04-02 02:15:22.731 [info] ExtensionService#_doActivateExtension vscode.git, startup: false, activationEvent: '*'
2025-04-02 02:15:22.732 [info] ExtensionService#_doActivateExtension vscode.github, startup: false, activationEvent: '*'
2025-04-02 02:15:23.021 [info] Eager extensions activated
2025-04-02 02:15:23.021 [info] ExtensionService#_doActivateExtension vscode.debug-auto-launch, startup: false, activationEvent: 'onStartupFinished'
2025-04-02 02:15:23.022 [info] ExtensionService#_doActivateExtension vscode.merge-conflict, startup: false, activationEvent: 'onStartupFinished'
2025-04-02 02:31:21.318 [info] ExtensionService#_doActivateExtension vscode.npm, startup: false, activationEvent: 'onTerminalQuickFixRequest:ms-vscode.npm-command'
2025-04-02 02:31:27.104 [info] ExtensionService#_doActivateExtension vscode.configuration-editing, startup: false, activationEvent: 'onLanguage:json'
2025-04-02 02:31:27.104 [info] ExtensionService#_doActivateExtension vscode.extension-editing, startup: false, activationEvent: 'onLanguage:json'
2025-04-02 02:31:27.104 [info] ExtensionService#_doActivateExtension vscode.json-language-features, startup: false, activationEvent: 'onLanguage:json'
2025-04-02 02:32:52.414 [warning] [Decorations] CAPPING events from decorations provider vscode.git 251
2025-04-02 02:32:57.495 [warning] [Decorations] CAPPING events from decorations provider vscode.git 251
2025-04-02 02:33:02.565 [warning] [Decorations] CAPPING events from decorations provider vscode.git 251
2025-04-02 02:33:10.089 [warning] [Decorations] CAPPING events from decorations provider vscode.git 251
2025-04-02 02:33:17.583 [warning] [Decorations] CAPPING events from decorations provider vscode.git 251
2025-04-02 02:34:46.529 [warning] [Decorations] CAPPING events from decorations provider vscode.git 251
2025-04-02 02:37:32.615 [warning] [Decorations] CAPPING events from decorations provider vscode.git 251
2025-04-02 02:37:37.687 [warning] [Decorations] CAPPING events from decorations provider vscode.git 251
2025-04-02 02:37:42.756 [warning] [Decorations] CAPPING events from decorations provider vscode.git 251
2025-04-02 02:37:47.829 [warning] [Decorations] CAPPING events from decorations provider vscode.git 251
2025-04-02 02:37:52.899 [warning] [Decorations] CAPPING events from decorations provider vscode.git 251
2025-04-02 02:37:57.971 [warning] [Decorations] CAPPING events from decorations provider vscode.git 251
2025-04-02 02:38:03.044 [warning] [Decorations] CAPPING events from decorations provider vscode.git 251
2025-04-02 02:38:08.117 [warning] [Decorations] CAPPING events from decorations provider vscode.git 251
2025-04-02 02:38:13.187 [warning] [Decorations] CAPPING events from decorations provider vscode.git 251
2025-04-02 02:38:18.259 [warning] [Decorations] CAPPING events from decorations provider vscode.git 251
2025-04-02 02:38:23.329 [warning] [Decorations] CAPPING events from decorations provider vscode.git 251
2025-04-02 02:38:28.403 [warning] [Decorations] CAPPING events from decorations provider vscode.git 251
2025-04-02 02:38:33.475 [warning] [Decorations] CAPPING events from decorations provider vscode.git 251
2025-04-02 02:38:38.547 [warning] [Decorations] CAPPING events from decorations provider vscode.git 251
2025-04-02 02:38:43.621 [warning] [Decorations] CAPPING events from decorations provider vscode.git 251
2025-04-02 02:38:48.691 [warning] [Decorations] CAPPING events from decorations provider vscode.git 251
2025-04-02 02:38:53.761 [warning] [Decorations] CAPPING events from decorations provider vscode.git 251
2025-04-02 02:38:58.837 [warning] [Decorations] CAPPING events from decorations provider vscode.git 251
2025-04-02 02:39:03.911 [warning] [Decorations] CAPPING events from decorations provider vscode.git 251
2025-04-02 02:39:08.981 [warning] [Decorations] CAPPING events from decorations provider vscode.git 251
2025-04-02 02:39:14.052 [warning] [Decorations] CAPPING events from decorations provider vscode.git 251
2025-04-02 02:39:19.125 [warning] [Decorations] CAPPING events from decorations provider vscode.git 251
2025-04-02 02:39:24.195 [warning] [Decorations] CAPPING events from decorations provider vscode.git 251
2025-04-02 02:39:29.267 [warning] [Decorations] CAPPING events from decorations provider vscode.git 251
2025-04-02 02:39:34.338 [warning] [Decorations] CAPPING events from decorations provider vscode.git 251
2025-04-02 02:39:39.411 [warning] [Decorations] CAPPING events from decorations provider vscode.git 251
2025-04-02 02:39:44.483 [warning] [Decorations] CAPPING events from decorations provider vscode.git 251
2025-04-02 02:39:49.556 [warning] [Decorations] CAPPING events from decorations provider vscode.git 251
2025-04-02 02:39:54.628 [warning] [Decorations] CAPPING events from decorations provider vscode.git 251
2025-04-02 02:39:59.699 [warning] [Decorations] CAPPING events from decorations provider vscode.git 251
2025-04-02 02:40:04.770 [warning] [Decorations] CAPPING events from decorations provider vscode.git 251
2025-04-02 02:40:09.841 [warning] [Decorations] CAPPING events from decorations provider vscode.git 251
2025-04-02 02:40:14.912 [warning] [Decorations] CAPPING events from decorations provider vscode.git 251
2025-04-02 02:40:19.983 [warning] [Decorations] CAPPING events from decorations provider vscode.git 251
2025-04-02 02:40:25.055 [warning] [Decorations] CAPPING events from decorations provider vscode.git 251
2025-04-02 02:40:30.129 [warning] [Decorations] CAPPING events from decorations provider vscode.git 251
2025-04-02 02:43:03.033 [warning] [Decorations] CAPPING events from decorations provider vscode.git 251
2025-04-02 02:43:08.116 [warning] [Decorations] CAPPING events from decorations provider vscode.git 251
2025-04-02 02:43:13.201 [warning] [Decorations] CAPPING events from decorations provider vscode.git 251
2025-04-02 02:43:18.280 [warning] [Decorations] CAPPING events from decorations provider vscode.git 251
2025-04-02 02:43:23.361 [warning] [Decorations] CAPPING events from decorations provider vscode.git 251
2025-04-02 02:44:26.076 [warning] [Decorations] CAPPING events from decorations provider vscode.git 251
2025-04-02 02:47:41.768 [warning] [Decorations] CAPPING events from decorations provider vscode.git 251
2025-04-02 02:47:46.839 [warning] [Decorations] CAPPING events from decorations provider vscode.git 251
2025-04-02 02:48:34.087 [warning] [Decorations] CAPPING events from decorations provider vscode.git 251
2025-04-02 02:48:54.324 [warning] [Decorations] CAPPING events from decorations provider vscode.git 251
2025-04-02 02:48:59.396 [warning] [Decorations] CAPPING events from decorations provider vscode.git 251
2025-04-02 02:49:04.478 [warning] [Decorations] CAPPING events from decorations provider vscode.git 251
2025-04-02 02:49:14.060 [warning] [Decorations] CAPPING events from decorations provider vscode.git 251
2025-04-02 02:49:19.137 [warning] [Decorations] CAPPING events from decorations provider vscode.git 251
2025-04-02 02:49:30.535 [warning] [Decorations] CAPPING events from decorations provider vscode.git 251
2025-04-02 02:49:35.608 [warning] [Decorations] CAPPING events from decorations provider vscode.git 251
2025-04-02 02:49:40.684 [warning] [Decorations] CAPPING events from decorations provider vscode.git 251
2025-04-02 02:49:45.762 [warning] [Decorations] CAPPING events from decorations provider vscode.git 251
2025-04-02 02:49:51.882 [warning] [Decorations] CAPPING events from decorations provider vscode.git 251
2025-04-02 02:49:56.951 [warning] [Decorations] CAPPING events from decorations provider vscode.git 251
2025-04-02 02:50:02.023 [warning] [Decorations] CAPPING events from decorations provider vscode.git 251
2025-04-02 02:50:52.941 [warning] [Decorations] CAPPING events from decorations provider vscode.git 251
2025-04-02 02:50:58.013 [warning] [Decorations] CAPPING events from decorations provider vscode.git 251
2025-04-02 02:51:03.090 [warning] [Decorations] CAPPING events from decorations provider vscode.git 251
2025-04-02 02:51:08.170 [warning] [Decorations] CAPPING events from decorations provider vscode.git 251
2025-04-02 02:51:55.781 [warning] [Decorations] CAPPING events from decorations provider vscode.git 251
2025-04-02 02:52:05.649 [warning] [Decorations] CAPPING events from decorations provider vscode.git 251
2025-04-02 02:52:10.723 [warning] [Decorations] CAPPING events from decorations provider vscode.git 251
2025-04-02 02:52:15.797 [warning] [Decorations] CAPPING events from decorations provider vscode.git 251
2025-04-02 02:52:20.868 [warning] [Decorations] CAPPING events from decorations provider vscode.git 251
2025-04-02 02:52:25.948 [warning] [Decorations] CAPPING events from decorations provider vscode.git 251
2025-04-02 02:52:31.022 [warning] [Decorations] CAPPING events from decorations provider vscode.git 251
2025-04-02 02:52:36.094 [warning] [Decorations] CAPPING events from decorations provider vscode.git 251
2025-04-02 02:52:41.178 [warning] [Decorations] CAPPING events from decorations provider vscode.git 251
2025-04-02 02:53:03.108 [warning] [Decorations] CAPPING events from decorations provider vscode.git 251
2025-04-02 02:53:08.181 [warning] [Decorations] CAPPING events from decorations provider vscode.git 251
2025-04-02 02:53:31.139 [warning] [Decorations] CAPPING events from decorations provider vscode.git 251
2025-04-02 02:53:36.224 [warning] [Decorations] CAPPING events from decorations provider vscode.git 251
2025-04-02 02:53:41.303 [warning] [Decorations] CAPPING events from decorations provider vscode.git 251
2025-04-02 02:53:46.381 [warning] [Decorations] CAPPING events from decorations provider vscode.git 251
2025-04-02 02:53:51.457 [warning] [Decorations] CAPPING events from decorations provider vscode.git 251
2025-04-02 02:53:56.530 [warning] [Decorations] CAPPING events from decorations provider vscode.git 251
2025-04-02 02:54:01.599 [warning] [Decorations] CAPPING events from decorations provider vscode.git 251
2025-04-02 02:54:06.669 [warning] [Decorations] CAPPING events from decorations provider vscode.git 251
2025-04-02 02:54:11.740 [warning] [Decorations] CAPPING events from decorations provider vscode.git 251
2025-04-02 02:54:16.809 [warning] [Decorations] CAPPING events from decorations provider vscode.git 251
2025-04-02 02:54:21.878 [warning] [Decorations] CAPPING events from decorations provider vscode.git 251
2025-04-02 02:54:26.950 [warning] [Decorations] CAPPING events from decorations provider vscode.git 251
2025-04-02 02:54:32.019 [warning] [Decorations] CAPPING events from decorations provider vscode.git 251
2025-04-02 02:54:37.088 [warning] [Decorations] CAPPING events from decorations provider vscode.git 251
2025-04-02 02:54:42.158 [warning] [Decorations] CAPPING events from decorations provider vscode.git 251
2025-04-02 02:54:47.230 [warning] [Decorations] CAPPING events from decorations provider vscode.git 251
2025-04-02 02:54:52.299 [warning] [Decorations] CAPPING events from decorations provider vscode.git 251
2025-04-02 02:54:57.368 [warning] [Decorations] CAPPING events from decorations provider vscode.git 251
2025-04-02 02:56:12.443 [warning] [Decorations] CAPPING events from decorations provider vscode.git 251
2025-04-02 02:56:17.529 [warning] [Decorations] CAPPING events from decorations provider vscode.git 251
2025-04-02 02:56:22.619 [warning] [Decorations] CAPPING events from decorations provider vscode.git 251
2025-04-02 03:01:23.425 [warning] [Decorations] CAPPING events from decorations provider vscode.git 251
2025-04-02 03:01:28.497 [warning] [Decorations] CAPPING events from decorations provider vscode.git 251
2025-04-02 03:01:34.993 [warning] [Decorations] CAPPING events from decorations provider vscode.git 251
2025-04-02 03:01:40.064 [warning] [Decorations] CAPPING events from decorations provider vscode.git 251
2025-04-02 03:05:01.002 [warning] [Decorations] CAPPING events from decorations provider vscode.git 251
2025-04-02 03:05:06.075 [warning] [Decorations] CAPPING events from decorations provider vscode.git 251
2025-04-02 03:05:11.150 [warning] [Decorations] CAPPING events from decorations provider vscode.git 251
2025-04-02 03:05:50.813 [warning] [Decorations] CAPPING events from decorations provider vscode.git 251
2025-04-02 03:05:55.888 [warning] [Decorations] CAPPING events from decorations provider vscode.git 251
2025-04-02 03:06:00.959 [warning] [Decorations] CAPPING events from decorations provider vscode.git 251
2025-04-02 03:09:08.832 [warning] [Decorations] CAPPING events from decorations provider vscode.git 251
2025-04-02 03:09:13.906 [warning] [Decorations] CAPPING events from decorations provider vscode.git 251
2025-04-02 03:09:29.029 [warning] [Decorations] CAPPING events from decorations provider vscode.git 251
2025-04-02 03:09:34.102 [warning] [Decorations] CAPPING events from decorations provider vscode.git 251
2025-04-02 03:10:41.719 [warning] [Decorations] CAPPING events from decorations provider vscode.git 251
2025-04-02 03:13:20.307 [warning] [Decorations] CAPPING events from decorations provider vscode.git 251
2025-04-02 03:13:26.779 [warning] [Decorations] CAPPING events from decorations provider vscode.git 251
2025-04-02 03:13:31.849 [warning] [Decorations] CAPPING events from decorations provider vscode.git 251
2025-04-02 03:14:28.973 [warning] [Decorations] CAPPING events from decorations provider vscode.git 251
2025-04-02 03:14:34.050 [warning] [Decorations] CAPPING events from decorations provider vscode.git 252
2025-04-02 03:14:47.070 [warning] [Decorations] CAPPING events from decorations provider vscode.git 252
2025-04-02 03:14:54.809 [warning] [Decorations] CAPPING events from decorations provider vscode.git 253
2025-04-02 03:14:59.878 [warning] [Decorations] CAPPING events from decorations provider vscode.git 254
2025-04-02 03:17:44.596 [warning] [Decorations] CAPPING events from decorations provider vscode.git 254
2025-04-02 03:19:12.060 [warning] [Decorations] CAPPING events from decorations provider vscode.git 254
2025-04-02 03:19:17.134 [warning] [Decorations] CAPPING events from decorations provider vscode.git 255
2025-04-02 03:19:22.204 [warning] [Decorations] CAPPING events from decorations provider vscode.git 255
2025-04-02 03:19:27.280 [warning] [Decorations] CAPPING events from decorations provider vscode.git 255
2025-04-02 03:19:32.350 [warning] [Decorations] CAPPING events from decorations provider vscode.git 255
2025-04-02 03:19:37.422 [warning] [Decorations] CAPPING events from decorations provider vscode.git 255
2025-04-02 03:19:43.169 [warning] [Decorations] CAPPING events from decorations provider vscode.git 255
2025-04-02 03:19:50.242 [warning] [Decorations] CAPPING events from decorations provider vscode.git 255
2025-04-02 03:19:55.310 [warning] [Decorations] CAPPING events from decorations provider vscode.git 254
2025-04-02 03:21:22.145 [warning] [Decorations] CAPPING events from decorations provider vscode.git 254
2025-04-02 03:21:27.217 [warning] [Decorations] CAPPING events from decorations provider vscode.git 254
2025-04-02 03:21:32.292 [warning] [Decorations] CAPPING events from decorations provider vscode.git 255
2025-04-02 03:21:37.362 [warning] [Decorations] CAPPING events from decorations provider vscode.git 255
2025-04-02 03:22:18.232 [warning] [Decorations] CAPPING events from decorations provider vscode.git 255
2025-04-02 03:22:45.671 [warning] [Decorations] CAPPING events from decorations provider vscode.git 255
2025-04-02 03:24:44.438 [warning] [Decorations] CAPPING events from decorations provider vscode.git 255
2025-04-02 03:24:49.509 [warning] [Decorations] CAPPING events from decorations provider vscode.git 255
2025-04-02 03:25:11.110 [warning] [Decorations] CAPPING events from decorations provider vscode.git 255
2025-04-02 03:25:16.179 [warning] [Decorations] CAPPING events from decorations provider vscode.git 255
2025-04-02 03:27:34.490 [warning] [Decorations] CAPPING events from decorations provider vscode.git 255
2025-04-02 03:27:39.561 [warning] [Decorations] CAPPING events from decorations provider vscode.git 255
2025-04-02 03:27:47.135 [warning] [Decorations] CAPPING events from decorations provider vscode.git 255
2025-04-02 03:28:20.991 [warning] [Decorations] CAPPING events from decorations provider vscode.git 255
2025-04-02 03:28:26.063 [warning] [Decorations] CAPPING events from decorations provider vscode.git 255
2025-04-02 03:29:21.156 [warning] [Decorations] CAPPING events from decorations provider vscode.git 255
2025-04-02 03:29:26.226 [warning] [Decorations] CAPPING events from decorations provider vscode.git 256
2025-04-02 03:29:43.534 [warning] [Decorations] CAPPING events from decorations provider vscode.git 256
2025-04-02 03:31:13.445 [warning] [Decorations] CAPPING events from decorations provider vscode.git 256
2025-04-02 03:31:18.514 [warning] [Decorations] CAPPING events from decorations provider vscode.git 257
2025-04-02 03:31:47.550 [warning] [Decorations] CAPPING events from decorations provider vscode.git 257
2025-04-02 03:32:11.616 [warning] [Decorations] CAPPING events from decorations provider vscode.git 257
2025-04-02 03:32:16.687 [warning] [Decorations] CAPPING events from decorations provider vscode.git 257
2025-04-02 03:32:21.758 [warning] [Decorations] CAPPING events from decorations provider vscode.git 257
2025-04-02 03:32:26.962 [warning] [Decorations] CAPPING events from decorations provider vscode.git 257
2025-04-02 03:32:32.031 [warning] [Decorations] CAPPING events from decorations provider vscode.git 257
2025-04-02 03:36:49.062 [warning] [Decorations] CAPPING events from decorations provider vscode.git 257
2025-04-02 03:36:54.132 [warning] [Decorations] CAPPING events from decorations provider vscode.git 257
2025-04-02 03:37:04.136 [warning] [Decorations] CAPPING events from decorations provider vscode.git 257
2025-04-02 03:37:09.207 [warning] [Decorations] CAPPING events from decorations provider vscode.git 257
2025-04-02 03:37:18.568 [warning] [Decorations] CAPPING events from decorations provider vscode.git 256
2025-04-02 03:37:23.638 [warning] [Decorations] CAPPING events from decorations provider vscode.git 256
2025-04-02 03:37:31.901 [warning] [Decorations] CAPPING events from decorations provider vscode.git 256
2025-04-02 03:37:36.973 [warning] [Decorations] CAPPING events from decorations provider vscode.git 256
2025-04-02 03:37:42.043 [warning] [Decorations] CAPPING events from decorations provider vscode.git 256
2025-04-02 03:37:47.114 [warning] [Decorations] CAPPING events from decorations provider vscode.git 256
2025-04-02 03:37:52.442 [warning] [Decorations] CAPPING events from decorations provider vscode.git 256
2025-04-02 03:38:02.882 [warning] [Decorations] CAPPING events from decorations provider vscode.git 256
2025-04-02 03:39:08.929 [warning] [Decorations] CAPPING events from decorations provider vscode.git 256
2025-04-02 03:39:13.998 [warning] [Decorations] CAPPING events from decorations provider vscode.git 256
2025-04-02 03:39:34.864 [warning] [Decorations] CAPPING events from decorations provider vscode.git 256
2025-04-02 03:39:39.933 [warning] [Decorations] CAPPING events from decorations provider vscode.git 257
2025-04-02 03:39:52.478 [warning] [Decorations] CAPPING events from decorations provider vscode.git 257
2025-04-02 03:39:57.547 [warning] [Decorations] CAPPING events from decorations provider vscode.git 257
2025-04-02 03:40:02.617 [warning] [Decorations] CAPPING events from decorations provider vscode.git 257
2025-04-02 03:40:07.704 [warning] [Decorations] CAPPING events from decorations provider vscode.git 257
2025-04-02 03:40:12.777 [warning] [Decorations] CAPPING events from decorations provider vscode.git 257
2025-04-02 03:40:49.606 [warning] [Decorations] CAPPING events from decorations provider vscode.git 257
2025-04-02 03:40:54.678 [warning] [Decorations] CAPPING events from decorations provider vscode.git 257
2025-04-02 03:40:59.746 [warning] [Decorations] CAPPING events from decorations provider vscode.git 257
2025-04-02 03:42:04.535 [warning] [Decorations] CAPPING events from decorations provider vscode.git 257
2025-04-02 03:43:26.298 [warning] [Decorations] CAPPING events from decorations provider vscode.git 257
2025-04-02 03:43:31.369 [warning] [Decorations] CAPPING events from decorations provider vscode.git 257
2025-04-02 03:43:36.439 [warning] [Decorations] CAPPING events from decorations provider vscode.git 257
2025-04-02 03:43:41.508 [warning] [Decorations] CAPPING events from decorations provider vscode.git 257
2025-04-02 03:43:46.577 [warning] [Decorations] CAPPING events from decorations provider vscode.git 257
2025-04-02 03:43:51.648 [warning] [Decorations] CAPPING events from decorations provider vscode.git 257
2025-04-02 03:43:56.733 [warning] [Decorations] CAPPING events from decorations provider vscode.git 257
2025-04-02 03:44:01.805 [warning] [Decorations] CAPPING events from decorations provider vscode.git 257
2025-04-02 03:44:06.875 [warning] [Decorations] CAPPING events from decorations provider vscode.git 257
2025-04-02 03:44:11.947 [warning] [Decorations] CAPPING events from decorations provider vscode.git 257
2025-04-02 03:44:17.017 [warning] [Decorations] CAPPING events from decorations provider vscode.git 257
2025-04-02 03:44:22.085 [warning] [Decorations] CAPPING events from decorations provider vscode.git 257
2025-04-02 03:44:27.153 [warning] [Decorations] CAPPING events from decorations provider vscode.git 257
2025-04-02 03:44:32.223 [warning] [Decorations] CAPPING events from decorations provider vscode.git 257
2025-04-02 03:44:37.295 [warning] [Decorations] CAPPING events from decorations provider vscode.git 257
2025-04-02 03:44:42.367 [warning] [Decorations] CAPPING events from decorations provider vscode.git 257
2025-04-02 03:44:47.436 [warning] [Decorations] CAPPING events from decorations provider vscode.git 257
2025-04-02 03:44:52.509 [warning] [Decorations] CAPPING events from decorations provider vscode.git 257
2025-04-02 03:44:57.597 [warning] [Decorations] CAPPING events from decorations provider vscode.git 257
2025-04-02 03:45:02.667 [warning] [Decorations] CAPPING events from decorations provider vscode.git 257
2025-04-02 03:45:07.738 [warning] [Decorations] CAPPING events from decorations provider vscode.git 257
2025-04-02 03:45:12.810 [warning] [Decorations] CAPPING events from decorations provider vscode.git 257
2025-04-02 03:45:17.883 [warning] [Decorations] CAPPING events from decorations provider vscode.git 257
2025-04-02 03:45:22.954 [warning] [Decorations] CAPPING events from decorations provider vscode.git 257
2025-04-02 03:45:28.025 [warning] [Decorations] CAPPING events from decorations provider vscode.git 257
2025-04-02 03:45:33.094 [warning] [Decorations] CAPPING events from decorations provider vscode.git 257
2025-04-02 03:45:38.165 [warning] [Decorations] CAPPING events from decorations provider vscode.git 257
2025-04-02 03:45:43.235 [warning] [Decorations] CAPPING events from decorations provider vscode.git 257
2025-04-02 03:45:48.303 [warning] [Decorations] CAPPING events from decorations provider vscode.git 257
2025-04-02 03:45:53.373 [warning] [Decorations] CAPPING events from decorations provider vscode.git 257
2025-04-02 03:46:43.981 [warning] [Decorations] CAPPING events from decorations provider vscode.git 257
2025-04-02 03:46:49.053 [warning] [Decorations] CAPPING events from decorations provider vscode.git 257
2025-04-02 03:46:54.125 [warning] [Decorations] CAPPING events from decorations provider vscode.git 257
2025-04-02 03:46:59.197 [warning] [Decorations] CAPPING events from decorations provider vscode.git 257
2025-04-02 03:47:04.268 [warning] [Decorations] CAPPING events from decorations provider vscode.git 257
2025-04-02 03:47:09.341 [warning] [Decorations] CAPPING events from decorations provider vscode.git 257
2025-04-02 03:47:39.987 [warning] [Decorations] CAPPING events from decorations provider vscode.git 257
2025-04-02 03:47:45.059 [warning] [Decorations] CAPPING events from decorations provider vscode.git 257
2025-04-02 03:47:50.131 [warning] [Decorations] CAPPING events from decorations provider vscode.git 257
2025-04-02 03:47:55.203 [warning] [Decorations] CAPPING events from decorations provider vscode.git 257
2025-04-02 03:48:00.273 [warning] [Decorations] CAPPING events from decorations provider vscode.git 257
2025-04-02 03:48:05.344 [warning] [Decorations] CAPPING events from decorations provider vscode.git 257
2025-04-02 03:48:10.416 [warning] [Decorations] CAPPING events from decorations provider vscode.git 257
2025-04-02 03:48:15.485 [warning] [Decorations] CAPPING events from decorations provider vscode.git 257
2025-04-02 03:48:20.555 [warning] [Decorations] CAPPING events from decorations provider vscode.git 257
2025-04-02 03:48:25.625 [warning] [Decorations] CAPPING events from decorations provider vscode.git 257
2025-04-02 03:48:30.697 [warning] [Decorations] CAPPING events from decorations provider vscode.git 257
2025-04-02 03:48:35.766 [warning] [Decorations] CAPPING events from decorations provider vscode.git 257
2025-04-02 03:48:40.836 [warning] [Decorations] CAPPING events from decorations provider vscode.git 257
2025-04-02 03:48:45.905 [warning] [Decorations] CAPPING events from decorations provider vscode.git 257
2025-04-02 03:48:50.974 [warning] [Decorations] CAPPING events from decorations provider vscode.git 257
2025-04-02 03:48:56.045 [warning] [Decorations] CAPPING events from decorations provider vscode.git 257
2025-04-02 03:49:02.308 [warning] [Decorations] CAPPING events from decorations provider vscode.git 257
2025-04-02 03:49:07.378 [warning] [Decorations] CAPPING events from decorations provider vscode.git 257
2025-04-02 03:50:18.057 [warning] [Decorations] CAPPING events from decorations provider vscode.git 257
2025-04-02 03:50:23.126 [warning] [Decorations] CAPPING events from decorations provider vscode.git 257
2025-04-02 03:50:46.020 [warning] [Decorations] CAPPING events from decorations provider vscode.git 257
2025-04-02 03:51:47.105 [warning] [Decorations] CAPPING events from decorations provider vscode.git 257
