2025-02-24 02:42:29.806 [info] [main] Log level: Info
2025-02-24 02:42:29.806 [info] [main] Validating found git in: "git"
2025-02-24 02:42:29.806 [info] [main] Using git "2.34.1" from "git"
2025-02-24 02:42:29.807 [info] [Model][doInitialScan] Initial repository scan started
2025-02-24 02:42:29.807 [info] > git rev-parse --show-toplevel [40ms]
2025-02-24 02:42:29.807 [info] > git rev-parse --git-dir --git-common-dir [2ms]
2025-02-24 02:42:29.807 [info] [Model][openRepository] Opened repository: /home/student
2025-02-24 02:42:29.810 [info] > git rev-parse --show-toplevel [4ms]
2025-02-24 02:42:29.811 [info] > git config --get commit.template [7ms]
2025-02-24 02:42:29.814 [info] > git rev-parse --show-toplevel [1ms]
2025-02-24 02:42:29.817 [info] > git rev-parse --show-toplevel [1ms]
2025-02-24 02:42:29.821 [info] > git rev-parse --show-toplevel [0ms]
2025-02-24 02:42:29.824 [info] > git rev-parse --show-toplevel [1ms]
2025-02-24 02:42:29.827 [info] [Model][doInitialScan] Initial repository scan completed - repositories (1), closed repositories (0), parent repositories (0), unsafe repositories (0)
2025-02-24 02:42:29.865 [info] > git for-each-ref --format=%(refname)%00%(upstream:short)%00%(objectname)%00%(upstream:track)%00%(upstream:remotename)%00%(upstream:remoteref) refs/heads/main refs/remotes/main [56ms]
2025-02-24 02:42:29.899 [info] > git for-each-ref --sort -committerdate --format %(refname) %(objectname) %(*objectname) [23ms]
2025-02-24 02:42:29.946 [info] > git status -z -uall [73ms]
2025-02-24 02:42:30.444 [info] > git for-each-ref --format=%(refname)%00%(upstream:short)%00%(objectname)%00%(upstream:track)%00%(upstream:remotename)%00%(upstream:remoteref) refs/heads/main refs/remotes/main [319ms]
2025-02-24 02:42:30.452 [info] > git config --get --local branch.main.vscode-merge-base [6ms]
2025-02-24 02:42:30.453 [warning] [Git][config] git config failed: Failed to execute git
2025-02-24 02:42:30.455 [info] > git config --get commit.template [12ms]
2025-02-24 02:42:30.456 [info] > git check-ignore -v -z --stdin [7ms]
2025-02-24 02:42:30.461 [info] > git for-each-ref --format=%(refname)%00%(upstream:short)%00%(objectname)%00%(upstream:track)%00%(upstream:remotename)%00%(upstream:remoteref) refs/heads/main refs/remotes/main [2ms]
2025-02-24 02:42:30.470 [info] > git for-each-ref --sort -committerdate --format %(refname) %(objectname) %(*objectname) [1ms]
2025-02-24 02:42:30.471 [info] > git reflog main --grep-reflog=branch: Created from *. [16ms]
2025-02-24 02:42:30.477 [info] > git symbolic-ref --short refs/remotes/origin/HEAD [4ms]
2025-02-24 02:42:30.477 [info] fatal: ref refs/remotes/origin/HEAD is not a symbolic ref
2025-02-24 02:42:30.477 [warning] [Repository][getDefaultBranch] Failed to get default branch details: Failed to execute git.
2025-02-24 02:42:30.482 [info] > git merge-base refs/heads/main refs/remotes/origin/main [1ms]
2025-02-24 02:42:30.486 [info] > git diff --name-status -z --diff-filter=ADMR fd3386a112d170846eaa25b21e7febe210086900...refs/remotes/origin/main [1ms]
2025-02-24 02:42:30.504 [info] > git status -z -uall [40ms]
2025-02-24 02:42:32.311 [info] > git config --get commit.template [3ms]
2025-02-24 02:42:32.312 [info] > git for-each-ref --format=%(refname)%00%(upstream:short)%00%(objectname)%00%(upstream:track)%00%(upstream:remotename)%00%(upstream:remoteref) refs/heads/main refs/remotes/main [1ms]
2025-02-24 02:42:32.320 [info] > git for-each-ref --sort -committerdate --format %(refname) %(objectname) %(*objectname) [0ms]
2025-02-24 02:42:32.349 [info] > git status -z -uall [35ms]
2025-02-24 02:42:37.385 [info] > git config --get commit.template [4ms]
2025-02-24 02:42:37.385 [info] > git for-each-ref --format=%(refname)%00%(upstream:short)%00%(objectname)%00%(upstream:track)%00%(upstream:remotename)%00%(upstream:remoteref) refs/heads/main refs/remotes/main [2ms]
2025-02-24 02:42:37.393 [info] > git for-each-ref --sort -committerdate --format %(refname) %(objectname) %(*objectname) [1ms]
2025-02-24 02:42:37.423 [info] > git status -z -uall [35ms]
2025-02-24 02:42:48.344 [info] > git config --get commit.template [3ms]
2025-02-24 02:42:48.345 [info] > git for-each-ref --format=%(refname)%00%(upstream:short)%00%(objectname)%00%(upstream:track)%00%(upstream:remotename)%00%(upstream:remoteref) refs/heads/main refs/remotes/main [2ms]
2025-02-24 02:42:48.353 [info] > git for-each-ref --sort -committerdate --format %(refname) %(objectname) %(*objectname) [1ms]
2025-02-24 02:42:48.381 [info] > git status -z -uall [34ms]
2025-02-24 02:42:53.416 [info] > git config --get commit.template [3ms]
2025-02-24 02:42:53.417 [info] > git for-each-ref --format=%(refname)%00%(upstream:short)%00%(objectname)%00%(upstream:track)%00%(upstream:remotename)%00%(upstream:remoteref) refs/heads/main refs/remotes/main [1ms]
2025-02-24 02:42:53.426 [info] > git for-each-ref --sort -committerdate --format %(refname) %(objectname) %(*objectname) [2ms]
2025-02-24 02:42:53.455 [info] > git status -z -uall [36ms]
