2025-02-28 23:45:43.946 [info] [main] Log level: Info
2025-02-28 23:45:43.946 [info] [main] Validating found git in: "git"
2025-02-28 23:45:43.946 [info] [main] Using git "2.34.1" from "git"
2025-02-28 23:45:43.946 [info] [Model][doInitialScan] Initial repository scan started
2025-02-28 23:45:43.947 [info] > git rev-parse --show-toplevel [39ms]
2025-02-28 23:45:43.947 [info] > git rev-parse --git-dir --git-common-dir [2ms]
2025-02-28 23:45:43.947 [info] [Model][openRepository] Opened repository: /home/student
2025-02-28 23:45:43.947 [info] > git rev-parse --show-toplevel [2ms]
2025-02-28 23:45:43.947 [info] > git config --get commit.template [13ms]
2025-02-28 23:45:43.947 [info] > git rev-parse --show-toplevel [3ms]
2025-02-28 23:45:43.950 [info] > git rev-parse --show-toplevel [1ms]
2025-02-28 23:45:43.954 [info] > git rev-parse --show-toplevel [1ms]
2025-02-28 23:45:43.957 [info] > git rev-parse --show-toplevel [1ms]
2025-02-28 23:45:43.961 [info] [Model][doInitialScan] Initial repository scan completed - repositories (1), closed repositories (0), parent repositories (0), unsafe repositories (0)
2025-02-28 23:45:43.962 [info] > git for-each-ref --format=%(refname)%00%(upstream:short)%00%(objectname)%00%(upstream:track)%00%(upstream:remotename)%00%(upstream:remoteref) refs/heads/main refs/remotes/main [23ms]
2025-02-28 23:45:43.971 [info] > git for-each-ref --sort -committerdate --format %(refname) %(objectname) %(*objectname) [1ms]
2025-02-28 23:45:44.097 [info] > git status -z -uall [132ms]
2025-02-28 23:45:44.180 [info] > git for-each-ref --format=%(refname)%00%(upstream:short)%00%(objectname)%00%(upstream:track)%00%(upstream:remotename)%00%(upstream:remoteref) refs/heads/main refs/remotes/main [7ms]
2025-02-28 23:45:44.185 [info] > git config --get commit.template [5ms]
2025-02-28 23:45:44.185 [info] > git config --get --local branch.main.vscode-merge-base [2ms]
2025-02-28 23:45:44.185 [warning] [Git][config] git config failed: Failed to execute git
2025-02-28 23:45:44.191 [info] > git for-each-ref --format=%(refname)%00%(upstream:short)%00%(objectname)%00%(upstream:track)%00%(upstream:remotename)%00%(upstream:remoteref) refs/heads/main refs/remotes/main [1ms]
2025-02-28 23:45:44.201 [info] > git for-each-ref --sort -committerdate --format %(refname) %(objectname) %(*objectname) [1ms]
2025-02-28 23:45:44.205 [info] > git reflog main --grep-reflog=branch: Created from *. [17ms]
2025-02-28 23:45:44.612 [info] > git symbolic-ref --short refs/remotes/origin/HEAD [402ms]
2025-02-28 23:45:44.612 [info] fatal: ref refs/remotes/origin/HEAD is not a symbolic ref
2025-02-28 23:45:44.612 [warning] [Repository][getDefaultBranch] Failed to get default branch details: Failed to execute git.
2025-02-28 23:45:44.630 [info] > git status -z -uall [436ms]
2025-02-28 23:45:44.630 [info] > git merge-base refs/heads/main refs/remotes/origin/main [8ms]
2025-02-28 23:45:44.671 [info] > git check-ignore -v -z --stdin [45ms]
2025-02-28 23:45:44.672 [info] > git merge-base refs/heads/main refs/remotes/origin/main [4ms]
2025-02-28 23:45:44.675 [info] > git diff --name-status -z --diff-filter=ADMR 16b49f9f0dad829177dd6ba65f92abc6f5dc235a...refs/remotes/origin/main [41ms]
2025-02-28 23:45:44.676 [info] > git diff --name-status -z --diff-filter=ADMR 16b49f9f0dad829177dd6ba65f92abc6f5dc235a...refs/remotes/origin/main [1ms]
2025-02-28 23:45:45.062 [info] > git show --textconv :Engr212_Tsegay_Asmerom/Lab3/Lab3hardlink.txt [28ms]
2025-02-28 23:45:45.062 [info] > git ls-files --stage -- /home/student/Engr212_Tsegay_Asmerom/Lab3/Lab3hardlink.txt [25ms]
2025-02-28 23:45:45.223 [info] > git cat-file -s 64ff00478e6c0f228b9f93b41004ff8c11f58beb [158ms]
2025-02-28 23:45:46.272 [info] > git config --get commit.template [1ms]
2025-02-28 23:45:46.276 [info] > git for-each-ref --format=%(refname)%00%(upstream:short)%00%(objectname)%00%(upstream:track)%00%(upstream:remotename)%00%(upstream:remoteref) refs/heads/main refs/remotes/main [1ms]
2025-02-28 23:45:46.288 [info] > git for-each-ref --sort -committerdate --format %(refname) %(objectname) %(*objectname) [6ms]
2025-02-28 23:45:46.327 [info] > git status -z -uall [48ms]
2025-02-28 23:45:46.706 [info] > git blame --root --incremental 16b49f9f0dad829177dd6ba65f92abc6f5dc235a -- /home/student/Engr212_Tsegay_Asmerom/Lab3/Lab3hardlink.txt [1235ms]
2025-02-28 23:45:51.372 [info] > git config --get commit.template [4ms]
2025-02-28 23:45:51.373 [info] > git for-each-ref --format=%(refname)%00%(upstream:short)%00%(objectname)%00%(upstream:track)%00%(upstream:remotename)%00%(upstream:remoteref) refs/heads/main refs/remotes/main [2ms]
2025-02-28 23:45:51.381 [info] > git for-each-ref --sort -committerdate --format %(refname) %(objectname) %(*objectname) [2ms]
2025-02-28 23:45:51.423 [info] > git status -z -uall [47ms]
2025-02-28 23:48:59.811 [info] > git config --get commit.template [2ms]
2025-02-28 23:48:59.815 [info] > git for-each-ref --format=%(refname)%00%(upstream:short)%00%(objectname)%00%(upstream:track)%00%(upstream:remotename)%00%(upstream:remoteref) refs/heads/main refs/remotes/main [1ms]
2025-02-28 23:48:59.822 [info] > git for-each-ref --sort -committerdate --format %(refname) %(objectname) %(*objectname) [2ms]
2025-02-28 23:48:59.867 [info] > git status -z -uall [49ms]
2025-02-28 23:49:04.916 [info] > git config --get commit.template [5ms]
2025-02-28 23:49:04.917 [info] > git for-each-ref --format=%(refname)%00%(upstream:short)%00%(objectname)%00%(upstream:track)%00%(upstream:remotename)%00%(upstream:remoteref) refs/heads/main refs/remotes/main [2ms]
2025-02-28 23:49:04.924 [info] > git for-each-ref --sort -committerdate --format %(refname) %(objectname) %(*objectname) [2ms]
2025-02-28 23:49:04.968 [info] > git status -z -uall [48ms]
2025-02-28 23:49:10.004 [info] > git config --get commit.template [4ms]
2025-02-28 23:49:10.006 [info] > git for-each-ref --format=%(refname)%00%(upstream:short)%00%(objectname)%00%(upstream:track)%00%(upstream:remotename)%00%(upstream:remoteref) refs/heads/main refs/remotes/main [2ms]
2025-02-28 23:49:10.029 [info] > git for-each-ref --sort -committerdate --format %(refname) %(objectname) %(*objectname) [1ms]
2025-02-28 23:49:10.080 [info] > git status -z -uall [60ms]
2025-02-28 23:49:15.113 [info] > git config --get commit.template [4ms]
2025-02-28 23:49:15.113 [info] > git for-each-ref --format=%(refname)%00%(upstream:short)%00%(objectname)%00%(upstream:track)%00%(upstream:remotename)%00%(upstream:remoteref) refs/heads/main refs/remotes/main [2ms]
2025-02-28 23:49:15.120 [info] > git for-each-ref --sort -committerdate --format %(refname) %(objectname) %(*objectname) [1ms]
2025-02-28 23:49:15.166 [info] > git status -z -uall [50ms]
2025-02-28 23:49:20.226 [info] > git config --get commit.template [4ms]
2025-02-28 23:49:20.226 [info] > git for-each-ref --format=%(refname)%00%(upstream:short)%00%(objectname)%00%(upstream:track)%00%(upstream:remotename)%00%(upstream:remoteref) refs/heads/main refs/remotes/main [1ms]
2025-02-28 23:49:20.238 [info] > git for-each-ref --sort -committerdate --format %(refname) %(objectname) %(*objectname) [6ms]
2025-02-28 23:49:20.276 [info] > git status -z -uall [47ms]
2025-02-28 23:49:25.314 [info] > git config --get commit.template [4ms]
2025-02-28 23:49:25.314 [info] > git for-each-ref --format=%(refname)%00%(upstream:short)%00%(objectname)%00%(upstream:track)%00%(upstream:remotename)%00%(upstream:remoteref) refs/heads/main refs/remotes/main [1ms]
2025-02-28 23:49:25.322 [info] > git for-each-ref --sort -committerdate --format %(refname) %(objectname) %(*objectname) [2ms]
2025-02-28 23:49:25.366 [info] > git status -z -uall [49ms]
2025-02-28 23:49:30.399 [info] > git config --get commit.template [3ms]
2025-02-28 23:49:30.399 [info] > git for-each-ref --format=%(refname)%00%(upstream:short)%00%(objectname)%00%(upstream:track)%00%(upstream:remotename)%00%(upstream:remoteref) refs/heads/main refs/remotes/main [1ms]
2025-02-28 23:49:30.406 [info] > git for-each-ref --sort -committerdate --format %(refname) %(objectname) %(*objectname) [1ms]
2025-02-28 23:49:30.448 [info] > git status -z -uall [46ms]
2025-02-28 23:49:35.481 [info] > git config --get commit.template [4ms]
2025-02-28 23:49:35.482 [info] > git for-each-ref --format=%(refname)%00%(upstream:short)%00%(objectname)%00%(upstream:track)%00%(upstream:remotename)%00%(upstream:remoteref) refs/heads/main refs/remotes/main [1ms]
2025-02-28 23:49:35.495 [info] > git for-each-ref --sort -committerdate --format %(refname) %(objectname) %(*objectname) [7ms]
2025-02-28 23:49:35.533 [info] > git status -z -uall [48ms]
2025-02-28 23:49:40.565 [info] > git config --get commit.template [4ms]
2025-02-28 23:49:40.567 [info] > git for-each-ref --format=%(refname)%00%(upstream:short)%00%(objectname)%00%(upstream:track)%00%(upstream:remotename)%00%(upstream:remoteref) refs/heads/main refs/remotes/main [1ms]
2025-02-28 23:49:40.574 [info] > git for-each-ref --sort -committerdate --format %(refname) %(objectname) %(*objectname) [2ms]
2025-02-28 23:49:40.616 [info] > git status -z -uall [47ms]
2025-02-28 23:49:45.648 [info] > git config --get commit.template [5ms]
2025-02-28 23:49:45.649 [info] > git for-each-ref --format=%(refname)%00%(upstream:short)%00%(objectname)%00%(upstream:track)%00%(upstream:remotename)%00%(upstream:remoteref) refs/heads/main refs/remotes/main [2ms]
2025-02-28 23:49:45.659 [info] > git for-each-ref --sort -committerdate --format %(refname) %(objectname) %(*objectname) [1ms]
2025-02-28 23:49:45.702 [info] > git status -z -uall [50ms]
2025-02-28 23:49:50.747 [info] > git config --get commit.template [4ms]
2025-02-28 23:49:50.748 [info] > git for-each-ref --format=%(refname)%00%(upstream:short)%00%(objectname)%00%(upstream:track)%00%(upstream:remotename)%00%(upstream:remoteref) refs/heads/main refs/remotes/main [2ms]
2025-02-28 23:49:50.758 [info] > git for-each-ref --sort -committerdate --format %(refname) %(objectname) %(*objectname) [5ms]
2025-02-28 23:49:50.799 [info] > git status -z -uall [48ms]
2025-02-28 23:49:55.828 [info] > git config --get commit.template [4ms]
2025-02-28 23:49:55.829 [info] > git for-each-ref --format=%(refname)%00%(upstream:short)%00%(objectname)%00%(upstream:track)%00%(upstream:remotename)%00%(upstream:remoteref) refs/heads/main refs/remotes/main [2ms]
2025-02-28 23:49:55.837 [info] > git for-each-ref --sort -committerdate --format %(refname) %(objectname) %(*objectname) [2ms]
2025-02-28 23:49:55.879 [info] > git status -z -uall [47ms]
2025-02-28 23:50:00.911 [info] > git config --get commit.template [4ms]
2025-02-28 23:50:00.912 [info] > git for-each-ref --format=%(refname)%00%(upstream:short)%00%(objectname)%00%(upstream:track)%00%(upstream:remotename)%00%(upstream:remoteref) refs/heads/main refs/remotes/main [2ms]
2025-02-28 23:50:00.920 [info] > git for-each-ref --sort -committerdate --format %(refname) %(objectname) %(*objectname) [0ms]
2025-02-28 23:50:00.962 [info] > git status -z -uall [47ms]
2025-02-28 23:50:05.994 [info] > git config --get commit.template [4ms]
2025-02-28 23:50:05.994 [info] > git for-each-ref --format=%(refname)%00%(upstream:short)%00%(objectname)%00%(upstream:track)%00%(upstream:remotename)%00%(upstream:remoteref) refs/heads/main refs/remotes/main [1ms]
2025-02-28 23:50:06.003 [info] > git for-each-ref --sort -committerdate --format %(refname) %(objectname) %(*objectname) [3ms]
2025-02-28 23:50:06.045 [info] > git status -z -uall [48ms]
2025-02-28 23:50:11.076 [info] > git config --get commit.template [3ms]
2025-02-28 23:50:11.076 [info] > git for-each-ref --format=%(refname)%00%(upstream:short)%00%(objectname)%00%(upstream:track)%00%(upstream:remotename)%00%(upstream:remoteref) refs/heads/main refs/remotes/main [1ms]
2025-02-28 23:50:11.084 [info] > git for-each-ref --sort -committerdate --format %(refname) %(objectname) %(*objectname) [2ms]
2025-02-28 23:50:11.127 [info] > git status -z -uall [48ms]
2025-02-28 23:50:16.165 [info] > git config --get commit.template [5ms]
2025-02-28 23:50:16.166 [info] > git for-each-ref --format=%(refname)%00%(upstream:short)%00%(objectname)%00%(upstream:track)%00%(upstream:remotename)%00%(upstream:remoteref) refs/heads/main refs/remotes/main [2ms]
2025-02-28 23:50:16.178 [info] > git for-each-ref --sort -committerdate --format %(refname) %(objectname) %(*objectname) [3ms]
2025-02-28 23:50:16.221 [info] > git status -z -uall [52ms]
2025-02-28 23:50:21.251 [info] > git config --get commit.template [4ms]
2025-02-28 23:50:21.252 [info] > git for-each-ref --format=%(refname)%00%(upstream:short)%00%(objectname)%00%(upstream:track)%00%(upstream:remotename)%00%(upstream:remoteref) refs/heads/main refs/remotes/main [1ms]
2025-02-28 23:50:21.264 [info] > git for-each-ref --sort -committerdate --format %(refname) %(objectname) %(*objectname) [5ms]
2025-02-28 23:50:21.303 [info] > git status -z -uall [48ms]
2025-02-28 23:50:26.334 [info] > git config --get commit.template [5ms]
2025-02-28 23:50:26.335 [info] > git for-each-ref --format=%(refname)%00%(upstream:short)%00%(objectname)%00%(upstream:track)%00%(upstream:remotename)%00%(upstream:remoteref) refs/heads/main refs/remotes/main [2ms]
2025-02-28 23:50:26.346 [info] > git for-each-ref --sort -committerdate --format %(refname) %(objectname) %(*objectname) [5ms]
2025-02-28 23:50:26.386 [info] > git status -z -uall [48ms]
2025-02-28 23:50:31.417 [info] > git config --get commit.template [4ms]
2025-02-28 23:50:31.418 [info] > git for-each-ref --format=%(refname)%00%(upstream:short)%00%(objectname)%00%(upstream:track)%00%(upstream:remotename)%00%(upstream:remoteref) refs/heads/main refs/remotes/main [1ms]
2025-02-28 23:50:31.431 [info] > git for-each-ref --sort -committerdate --format %(refname) %(objectname) %(*objectname) [2ms]
2025-02-28 23:50:31.469 [info] > git status -z -uall [48ms]
2025-02-28 23:50:36.503 [info] > git config --get commit.template [4ms]
2025-02-28 23:50:36.503 [info] > git for-each-ref --format=%(refname)%00%(upstream:short)%00%(objectname)%00%(upstream:track)%00%(upstream:remotename)%00%(upstream:remoteref) refs/heads/main refs/remotes/main [1ms]
2025-02-28 23:50:36.513 [info] > git for-each-ref --sort -committerdate --format %(refname) %(objectname) %(*objectname) [1ms]
2025-02-28 23:50:36.554 [info] > git status -z -uall [48ms]
2025-02-28 23:50:41.584 [info] > git config --get commit.template [3ms]
2025-02-28 23:50:41.585 [info] > git for-each-ref --format=%(refname)%00%(upstream:short)%00%(objectname)%00%(upstream:track)%00%(upstream:remotename)%00%(upstream:remoteref) refs/heads/main refs/remotes/main [1ms]
2025-02-28 23:50:41.593 [info] > git for-each-ref --sort -committerdate --format %(refname) %(objectname) %(*objectname) [2ms]
2025-02-28 23:50:41.636 [info] > git status -z -uall [48ms]
2025-02-28 23:50:46.668 [info] > git config --get commit.template [5ms]
2025-02-28 23:50:46.669 [info] > git for-each-ref --format=%(refname)%00%(upstream:short)%00%(objectname)%00%(upstream:track)%00%(upstream:remotename)%00%(upstream:remoteref) refs/heads/main refs/remotes/main [1ms]
2025-02-28 23:50:46.679 [info] > git for-each-ref --sort -committerdate --format %(refname) %(objectname) %(*objectname) [4ms]
2025-02-28 23:50:46.719 [info] > git status -z -uall [47ms]
2025-02-28 23:50:51.751 [info] > git config --get commit.template [5ms]
2025-02-28 23:50:51.752 [info] > git for-each-ref --format=%(refname)%00%(upstream:short)%00%(objectname)%00%(upstream:track)%00%(upstream:remotename)%00%(upstream:remoteref) refs/heads/main refs/remotes/main [1ms]
2025-02-28 23:50:51.763 [info] > git for-each-ref --sort -committerdate --format %(refname) %(objectname) %(*objectname) [5ms]
2025-02-28 23:50:51.804 [info] > git status -z -uall [48ms]
2025-02-28 23:50:56.836 [info] > git config --get commit.template [5ms]
2025-02-28 23:50:56.837 [info] > git for-each-ref --format=%(refname)%00%(upstream:short)%00%(objectname)%00%(upstream:track)%00%(upstream:remotename)%00%(upstream:remoteref) refs/heads/main refs/remotes/main [2ms]
2025-02-28 23:50:56.846 [info] > git for-each-ref --sort -committerdate --format %(refname) %(objectname) %(*objectname) [3ms]
2025-02-28 23:50:56.887 [info] > git status -z -uall [47ms]
2025-02-28 23:51:01.922 [info] > git config --get commit.template [4ms]
2025-02-28 23:51:01.923 [info] > git for-each-ref --format=%(refname)%00%(upstream:short)%00%(objectname)%00%(upstream:track)%00%(upstream:remotename)%00%(upstream:remoteref) refs/heads/main refs/remotes/main [2ms]
2025-02-28 23:51:01.935 [info] > git for-each-ref --sort -committerdate --format %(refname) %(objectname) %(*objectname) [6ms]
2025-02-28 23:51:01.973 [info] > git status -z -uall [47ms]
2025-02-28 23:51:07.003 [info] > git config --get commit.template [3ms]
2025-02-28 23:51:07.003 [info] > git for-each-ref --format=%(refname)%00%(upstream:short)%00%(objectname)%00%(upstream:track)%00%(upstream:remotename)%00%(upstream:remoteref) refs/heads/main refs/remotes/main [1ms]
2025-02-28 23:51:07.016 [info] > git for-each-ref --sort -committerdate --format %(refname) %(objectname) %(*objectname) [6ms]
2025-02-28 23:51:07.053 [info] > git status -z -uall [46ms]
2025-02-28 23:51:10.103 [info] > git show --textconv :Engr212_Tsegay_Asmerom/Lab3/Lab3hardlink.txt [4ms]
2025-02-28 23:51:10.106 [info] > git ls-files --stage -- /home/student/Engr212_Tsegay_Asmerom/Lab3/Lab3hardlink.txt [4ms]
2025-02-28 23:51:10.110 [info] > git cat-file -s 64ff00478e6c0f228b9f93b41004ff8c11f58beb [1ms]
2025-02-28 23:51:12.083 [info] > git config --get commit.template [4ms]
2025-02-28 23:51:12.084 [info] > git for-each-ref --format=%(refname)%00%(upstream:short)%00%(objectname)%00%(upstream:track)%00%(upstream:remotename)%00%(upstream:remoteref) refs/heads/main refs/remotes/main [2ms]
2025-02-28 23:51:12.093 [info] > git for-each-ref --sort -committerdate --format %(refname) %(objectname) %(*objectname) [3ms]
2025-02-28 23:51:12.134 [info] > git status -z -uall [47ms]
2025-02-28 23:51:17.167 [info] > git config --get commit.template [4ms]
2025-02-28 23:51:17.168 [info] > git for-each-ref --format=%(refname)%00%(upstream:short)%00%(objectname)%00%(upstream:track)%00%(upstream:remotename)%00%(upstream:remoteref) refs/heads/main refs/remotes/main [2ms]
2025-02-28 23:51:17.177 [info] > git for-each-ref --sort -committerdate --format %(refname) %(objectname) %(*objectname) [3ms]
2025-02-28 23:51:17.222 [info] > git status -z -uall [51ms]
2025-02-28 23:51:22.254 [info] > git config --get commit.template [4ms]
2025-02-28 23:51:22.255 [info] > git for-each-ref --format=%(refname)%00%(upstream:short)%00%(objectname)%00%(upstream:track)%00%(upstream:remotename)%00%(upstream:remoteref) refs/heads/main refs/remotes/main [2ms]
2025-02-28 23:51:22.263 [info] > git for-each-ref --sort -committerdate --format %(refname) %(objectname) %(*objectname) [2ms]
2025-02-28 23:51:22.305 [info] > git status -z -uall [47ms]
2025-02-28 23:51:27.338 [info] > git config --get commit.template [5ms]
2025-02-28 23:51:27.342 [info] > git for-each-ref --format=%(refname)%00%(upstream:short)%00%(objectname)%00%(upstream:track)%00%(upstream:remotename)%00%(upstream:remoteref) refs/heads/main refs/remotes/main [5ms]
2025-02-28 23:51:27.357 [info] > git for-each-ref --sort -committerdate --format %(refname) %(objectname) %(*objectname) [2ms]
2025-02-28 23:51:27.394 [info] > git status -z -uall [46ms]
2025-02-28 23:51:32.432 [info] > git config --get commit.template [4ms]
2025-02-28 23:51:32.433 [info] > git for-each-ref --format=%(refname)%00%(upstream:short)%00%(objectname)%00%(upstream:track)%00%(upstream:remotename)%00%(upstream:remoteref) refs/heads/main refs/remotes/main [2ms]
2025-02-28 23:51:32.444 [info] > git for-each-ref --sort -committerdate --format %(refname) %(objectname) %(*objectname) [5ms]
2025-02-28 23:51:32.485 [info] > git status -z -uall [49ms]
2025-02-28 23:51:37.516 [info] > git config --get commit.template [3ms]
2025-02-28 23:51:37.517 [info] > git for-each-ref --format=%(refname)%00%(upstream:short)%00%(objectname)%00%(upstream:track)%00%(upstream:remotename)%00%(upstream:remoteref) refs/heads/main refs/remotes/main [1ms]
2025-02-28 23:51:37.528 [info] > git for-each-ref --sort -committerdate --format %(refname) %(objectname) %(*objectname) [5ms]
2025-02-28 23:51:37.568 [info] > git status -z -uall [48ms]
2025-02-28 23:51:42.604 [info] > git config --get commit.template [4ms]
2025-02-28 23:51:42.605 [info] > git for-each-ref --format=%(refname)%00%(upstream:short)%00%(objectname)%00%(upstream:track)%00%(upstream:remotename)%00%(upstream:remoteref) refs/heads/main refs/remotes/main [2ms]
2025-02-28 23:51:42.613 [info] > git for-each-ref --sort -committerdate --format %(refname) %(objectname) %(*objectname) [3ms]
2025-02-28 23:51:42.655 [info] > git status -z -uall [48ms]
2025-02-28 23:51:47.689 [info] > git config --get commit.template [4ms]
2025-02-28 23:51:47.689 [info] > git for-each-ref --format=%(refname)%00%(upstream:short)%00%(objectname)%00%(upstream:track)%00%(upstream:remotename)%00%(upstream:remoteref) refs/heads/main refs/remotes/main [1ms]
2025-02-28 23:51:47.700 [info] > git for-each-ref --sort -committerdate --format %(refname) %(objectname) %(*objectname) [5ms]
2025-02-28 23:51:47.740 [info] > git status -z -uall [48ms]
2025-02-28 23:51:52.772 [info] > git config --get commit.template [3ms]
2025-02-28 23:51:52.773 [info] > git for-each-ref --format=%(refname)%00%(upstream:short)%00%(objectname)%00%(upstream:track)%00%(upstream:remotename)%00%(upstream:remoteref) refs/heads/main refs/remotes/main [2ms]
2025-02-28 23:51:52.780 [info] > git for-each-ref --sort -committerdate --format %(refname) %(objectname) %(*objectname) [2ms]
2025-02-28 23:51:52.824 [info] > git status -z -uall [48ms]
2025-02-28 23:51:57.862 [info] > git config --get commit.template [4ms]
2025-02-28 23:51:57.863 [info] > git for-each-ref --format=%(refname)%00%(upstream:short)%00%(objectname)%00%(upstream:track)%00%(upstream:remotename)%00%(upstream:remoteref) refs/heads/main refs/remotes/main [2ms]
2025-02-28 23:51:57.875 [info] > git for-each-ref --sort -committerdate --format %(refname) %(objectname) %(*objectname) [1ms]
2025-02-28 23:51:57.915 [info] > git status -z -uall [49ms]
2025-02-28 23:52:02.953 [info] > git config --get commit.template [4ms]
2025-02-28 23:52:02.954 [info] > git for-each-ref --format=%(refname)%00%(upstream:short)%00%(objectname)%00%(upstream:track)%00%(upstream:remotename)%00%(upstream:remoteref) refs/heads/main refs/remotes/main [2ms]
2025-02-28 23:52:02.965 [info] > git for-each-ref --sort -committerdate --format %(refname) %(objectname) %(*objectname) [6ms]
2025-02-28 23:52:03.004 [info] > git status -z -uall [47ms]
2025-02-28 23:52:08.037 [info] > git config --get commit.template [4ms]
2025-02-28 23:52:08.038 [info] > git for-each-ref --format=%(refname)%00%(upstream:short)%00%(objectname)%00%(upstream:track)%00%(upstream:remotename)%00%(upstream:remoteref) refs/heads/main refs/remotes/main [2ms]
2025-02-28 23:52:08.046 [info] > git for-each-ref --sort -committerdate --format %(refname) %(objectname) %(*objectname) [2ms]
2025-02-28 23:52:08.092 [info] > git status -z -uall [49ms]
2025-02-28 23:52:13.123 [info] > git config --get commit.template [4ms]
2025-02-28 23:52:13.124 [info] > git for-each-ref --format=%(refname)%00%(upstream:short)%00%(objectname)%00%(upstream:track)%00%(upstream:remotename)%00%(upstream:remoteref) refs/heads/main refs/remotes/main [2ms]
2025-02-28 23:52:13.131 [info] > git for-each-ref --sort -committerdate --format %(refname) %(objectname) %(*objectname) [2ms]
2025-02-28 23:52:13.173 [info] > git status -z -uall [46ms]
2025-02-28 23:52:18.206 [info] > git config --get commit.template [4ms]
2025-02-28 23:52:18.207 [info] > git for-each-ref --format=%(refname)%00%(upstream:short)%00%(objectname)%00%(upstream:track)%00%(upstream:remotename)%00%(upstream:remoteref) refs/heads/main refs/remotes/main [2ms]
2025-02-28 23:52:18.214 [info] > git for-each-ref --sort -committerdate --format %(refname) %(objectname) %(*objectname) [2ms]
2025-02-28 23:52:18.257 [info] > git status -z -uall [48ms]
2025-02-28 23:52:23.289 [info] > git config --get commit.template [4ms]
2025-02-28 23:52:23.290 [info] > git for-each-ref --format=%(refname)%00%(upstream:short)%00%(objectname)%00%(upstream:track)%00%(upstream:remotename)%00%(upstream:remoteref) refs/heads/main refs/remotes/main [2ms]
2025-02-28 23:52:23.298 [info] > git for-each-ref --sort -committerdate --format %(refname) %(objectname) %(*objectname) [2ms]
2025-02-28 23:52:23.340 [info] > git status -z -uall [46ms]
2025-02-28 23:52:28.372 [info] > git config --get commit.template [4ms]
2025-02-28 23:52:28.373 [info] > git for-each-ref --format=%(refname)%00%(upstream:short)%00%(objectname)%00%(upstream:track)%00%(upstream:remotename)%00%(upstream:remoteref) refs/heads/main refs/remotes/main [2ms]
2025-02-28 23:52:28.383 [info] > git for-each-ref --sort -committerdate --format %(refname) %(objectname) %(*objectname) [5ms]
2025-02-28 23:52:28.422 [info] > git status -z -uall [47ms]
2025-02-28 23:52:33.459 [info] > git config --get commit.template [4ms]
2025-02-28 23:52:33.460 [info] > git for-each-ref --format=%(refname)%00%(upstream:short)%00%(objectname)%00%(upstream:track)%00%(upstream:remotename)%00%(upstream:remoteref) refs/heads/main refs/remotes/main [1ms]
2025-02-28 23:52:33.469 [info] > git for-each-ref --sort -committerdate --format %(refname) %(objectname) %(*objectname) [4ms]
2025-02-28 23:52:33.510 [info] > git status -z -uall [48ms]
2025-02-28 23:52:38.543 [info] > git config --get commit.template [4ms]
2025-02-28 23:52:38.544 [info] > git for-each-ref --format=%(refname)%00%(upstream:short)%00%(objectname)%00%(upstream:track)%00%(upstream:remotename)%00%(upstream:remoteref) refs/heads/main refs/remotes/main [2ms]
2025-02-28 23:52:38.555 [info] > git for-each-ref --sort -committerdate --format %(refname) %(objectname) %(*objectname) [5ms]
2025-02-28 23:52:38.595 [info] > git status -z -uall [48ms]
2025-02-28 23:52:43.627 [info] > git config --get commit.template [4ms]
2025-02-28 23:52:43.628 [info] > git for-each-ref --format=%(refname)%00%(upstream:short)%00%(objectname)%00%(upstream:track)%00%(upstream:remotename)%00%(upstream:remoteref) refs/heads/main refs/remotes/main [2ms]
2025-02-28 23:52:43.636 [info] > git for-each-ref --sort -committerdate --format %(refname) %(objectname) %(*objectname) [2ms]
2025-02-28 23:52:43.678 [info] > git status -z -uall [46ms]
2025-02-28 23:52:48.708 [info] > git config --get commit.template [4ms]
2025-02-28 23:52:48.709 [info] > git for-each-ref --format=%(refname)%00%(upstream:short)%00%(objectname)%00%(upstream:track)%00%(upstream:remotename)%00%(upstream:remoteref) refs/heads/main refs/remotes/main [1ms]
2025-02-28 23:52:48.717 [info] > git for-each-ref --sort -committerdate --format %(refname) %(objectname) %(*objectname) [2ms]
2025-02-28 23:52:48.760 [info] > git status -z -uall [48ms]
2025-02-28 23:52:53.795 [info] > git config --get commit.template [3ms]
2025-02-28 23:52:53.796 [info] > git for-each-ref --format=%(refname)%00%(upstream:short)%00%(objectname)%00%(upstream:track)%00%(upstream:remotename)%00%(upstream:remoteref) refs/heads/main refs/remotes/main [1ms]
2025-02-28 23:52:53.808 [info] > git for-each-ref --sort -committerdate --format %(refname) %(objectname) %(*objectname) [7ms]
2025-02-28 23:52:53.845 [info] > git status -z -uall [46ms]
2025-02-28 23:52:58.876 [info] > git config --get commit.template [4ms]
2025-02-28 23:52:58.877 [info] > git for-each-ref --format=%(refname)%00%(upstream:short)%00%(objectname)%00%(upstream:track)%00%(upstream:remotename)%00%(upstream:remoteref) refs/heads/main refs/remotes/main [2ms]
2025-02-28 23:52:58.884 [info] > git for-each-ref --sort -committerdate --format %(refname) %(objectname) %(*objectname) [1ms]
2025-02-28 23:52:58.926 [info] > git status -z -uall [46ms]
2025-02-28 23:53:03.957 [info] > git config --get commit.template [4ms]
2025-02-28 23:53:03.958 [info] > git for-each-ref --format=%(refname)%00%(upstream:short)%00%(objectname)%00%(upstream:track)%00%(upstream:remotename)%00%(upstream:remoteref) refs/heads/main refs/remotes/main [2ms]
2025-02-28 23:53:03.965 [info] > git for-each-ref --sort -committerdate --format %(refname) %(objectname) %(*objectname) [1ms]
2025-02-28 23:53:04.008 [info] > git status -z -uall [47ms]
2025-02-28 23:53:09.044 [info] > git config --get commit.template [5ms]
2025-02-28 23:53:09.045 [info] > git for-each-ref --format=%(refname)%00%(upstream:short)%00%(objectname)%00%(upstream:track)%00%(upstream:remotename)%00%(upstream:remoteref) refs/heads/main refs/remotes/main [1ms]
2025-02-28 23:53:09.056 [info] > git for-each-ref --sort -committerdate --format %(refname) %(objectname) %(*objectname) [5ms]
2025-02-28 23:53:09.095 [info] > git status -z -uall [47ms]
2025-02-28 23:53:14.127 [info] > git config --get commit.template [4ms]
2025-02-28 23:53:14.128 [info] > git for-each-ref --format=%(refname)%00%(upstream:short)%00%(objectname)%00%(upstream:track)%00%(upstream:remotename)%00%(upstream:remoteref) refs/heads/main refs/remotes/main [1ms]
2025-02-28 23:53:14.138 [info] > git for-each-ref --sort -committerdate --format %(refname) %(objectname) %(*objectname) [4ms]
2025-02-28 23:53:14.180 [info] > git status -z -uall [49ms]
2025-02-28 23:53:19.211 [info] > git config --get commit.template [3ms]
2025-02-28 23:53:19.212 [info] > git for-each-ref --format=%(refname)%00%(upstream:short)%00%(objectname)%00%(upstream:track)%00%(upstream:remotename)%00%(upstream:remoteref) refs/heads/main refs/remotes/main [1ms]
2025-02-28 23:53:19.222 [info] > git for-each-ref --sort -committerdate --format %(refname) %(objectname) %(*objectname) [3ms]
2025-02-28 23:53:19.262 [info] > git status -z -uall [47ms]
2025-02-28 23:53:24.301 [info] > git config --get commit.template [4ms]
2025-02-28 23:53:24.302 [info] > git for-each-ref --format=%(refname)%00%(upstream:short)%00%(objectname)%00%(upstream:track)%00%(upstream:remotename)%00%(upstream:remoteref) refs/heads/main refs/remotes/main [2ms]
2025-02-28 23:53:24.311 [info] > git for-each-ref --sort -committerdate --format %(refname) %(objectname) %(*objectname) [2ms]
2025-02-28 23:53:24.353 [info] > git status -z -uall [48ms]
