2025-03-08 05:26:46.769 [info] [main] Log level: Info
2025-03-08 05:26:46.769 [info] [main] Validating found git in: "git"
2025-03-08 05:26:46.769 [info] [main] Using git "2.34.1" from "git"
2025-03-08 05:26:46.769 [info] [Model][doInitialScan] Initial repository scan started
2025-03-08 05:26:46.769 [info] > git rev-parse --show-toplevel [37ms]
2025-03-08 05:26:46.769 [info] > git rev-parse --git-dir --git-common-dir [1ms]
2025-03-08 05:26:46.769 [info] [Model][openRepository] Opened repository: /home/student
2025-03-08 05:26:46.769 [info] > git config --get commit.template [6ms]
2025-03-08 05:26:46.769 [info] > git rev-parse --show-toplevel [5ms]
2025-03-08 05:26:46.769 [info] > git rev-parse --show-toplevel [1ms]
2025-03-08 05:26:46.769 [info] > git rev-parse --show-toplevel [2ms]
2025-03-08 05:26:46.769 [info] > git rev-parse --show-toplevel [7ms]
2025-03-08 05:26:46.769 [info] > git rev-parse --show-toplevel [2ms]
2025-03-08 05:26:46.769 [info] [Model][doInitialScan] Initial repository scan completed - repositories (1), closed repositories (0), parent repositories (0), unsafe repositories (0)
2025-03-08 05:26:46.769 [info] > git for-each-ref --format=%(refname)%00%(upstream:short)%00%(objectname)%00%(upstream:track)%00%(upstream:remotename)%00%(upstream:remoteref) refs/heads/main refs/remotes/main [28ms]
2025-03-08 05:26:46.769 [info] > git for-each-ref --sort -committerdate --format %(refname) %(objectname) %(*objectname) [2ms]
2025-03-08 05:26:46.945 [info] > git status -z -uall [185ms]
2025-03-08 05:26:47.121 [info] > git for-each-ref --format=%(refname)%00%(upstream:short)%00%(objectname)%00%(upstream:track)%00%(upstream:remotename)%00%(upstream:remoteref) refs/heads/main refs/remotes/main [38ms]
2025-03-08 05:26:47.125 [info] > git config --get commit.template [5ms]
2025-03-08 05:26:47.126 [info] > git config --get --local branch.main.vscode-merge-base [1ms]
2025-03-08 05:26:47.126 [warning] [Git][config] git config failed: Failed to execute git
2025-03-08 05:26:47.132 [info] > git for-each-ref --format=%(refname)%00%(upstream:short)%00%(objectname)%00%(upstream:track)%00%(upstream:remotename)%00%(upstream:remoteref) refs/heads/main refs/remotes/main [2ms]
2025-03-08 05:26:47.145 [info] > git for-each-ref --sort -committerdate --format %(refname) %(objectname) %(*objectname) [6ms]
2025-03-08 05:26:47.154 [info] > git reflog main --grep-reflog=branch: Created from *. [26ms]
2025-03-08 05:26:47.163 [info] > git symbolic-ref --short refs/remotes/origin/HEAD [5ms]
2025-03-08 05:26:47.163 [info] fatal: ref refs/remotes/origin/HEAD is not a symbolic ref
2025-03-08 05:26:47.163 [warning] [Repository][getDefaultBranch] Failed to get default branch details: Failed to execute git.
2025-03-08 05:26:47.168 [info] > git merge-base refs/heads/main refs/remotes/origin/main [2ms]
2025-03-08 05:26:47.174 [info] > git diff --name-status -z --diff-filter=ADMR 7ebd56723eb290d785ff9d03833ad42fcecfe631...refs/remotes/origin/main [2ms]
2025-03-08 05:26:47.183 [info] > git status -z -uall [49ms]
2025-03-08 05:26:47.325 [info] > git check-ignore -v -z --stdin [39ms]
2025-03-08 05:26:50.926 [info] > git config --get commit.template [3ms]
2025-03-08 05:26:50.927 [info] > git for-each-ref --format=%(refname)%00%(upstream:short)%00%(objectname)%00%(upstream:track)%00%(upstream:remotename)%00%(upstream:remoteref) refs/heads/main refs/remotes/main [1ms]
2025-03-08 05:26:50.933 [info] > git for-each-ref --sort -committerdate --format %(refname) %(objectname) %(*objectname) [2ms]
2025-03-08 05:26:50.972 [info] > git status -z -uall [43ms]
2025-03-08 05:26:55.984 [info] > git config --get commit.template [3ms]
2025-03-08 05:26:55.984 [info] > git for-each-ref --format=%(refname)%00%(upstream:short)%00%(objectname)%00%(upstream:track)%00%(upstream:remotename)%00%(upstream:remoteref) refs/heads/main refs/remotes/main [1ms]
2025-03-08 05:26:55.996 [info] > git for-each-ref --sort -committerdate --format %(refname) %(objectname) %(*objectname) [7ms]
2025-03-08 05:26:56.031 [info] > git status -z -uall [44ms]
2025-03-08 05:28:02.875 [info] > git config --get commit.template [3ms]
2025-03-08 05:28:02.875 [info] > git for-each-ref --format=%(refname)%00%(upstream:short)%00%(objectname)%00%(upstream:track)%00%(upstream:remotename)%00%(upstream:remoteref) refs/heads/main refs/remotes/main [2ms]
2025-03-08 05:28:02.886 [info] > git for-each-ref --sort -committerdate --format %(refname) %(objectname) %(*objectname) [6ms]
2025-03-08 05:28:02.921 [info] > git status -z -uall [43ms]
2025-03-08 05:31:10.807 [info] > git config --get commit.template [3ms]
2025-03-08 05:31:10.808 [info] > git for-each-ref --format=%(refname)%00%(upstream:short)%00%(objectname)%00%(upstream:track)%00%(upstream:remotename)%00%(upstream:remoteref) refs/heads/main refs/remotes/main [2ms]
2025-03-08 05:31:10.819 [info] > git for-each-ref --sort -committerdate --format %(refname) %(objectname) %(*objectname) [7ms]
2025-03-08 05:31:10.853 [info] > git status -z -uall [43ms]
2025-03-08 05:31:58.680 [info] > git config --get commit.template [3ms]
2025-03-08 05:31:58.681 [info] > git for-each-ref --format=%(refname)%00%(upstream:short)%00%(objectname)%00%(upstream:track)%00%(upstream:remotename)%00%(upstream:remoteref) refs/heads/main refs/remotes/main [2ms]
2025-03-08 05:31:58.687 [info] > git for-each-ref --sort -committerdate --format %(refname) %(objectname) %(*objectname) [1ms]
2025-03-08 05:31:58.726 [info] > git status -z -uall [42ms]
2025-03-08 05:32:11.536 [info] > git config --get commit.template [3ms]
2025-03-08 05:32:11.537 [info] > git for-each-ref --format=%(refname)%00%(upstream:short)%00%(objectname)%00%(upstream:track)%00%(upstream:remotename)%00%(upstream:remoteref) refs/heads/main refs/remotes/main [1ms]
2025-03-08 05:32:11.544 [info] > git for-each-ref --sort -committerdate --format %(refname) %(objectname) %(*objectname) [2ms]
2025-03-08 05:32:11.583 [info] > git status -z -uall [43ms]
2025-03-08 05:32:16.595 [info] > git config --get commit.template [3ms]
2025-03-08 05:32:16.596 [info] > git for-each-ref --format=%(refname)%00%(upstream:short)%00%(objectname)%00%(upstream:track)%00%(upstream:remotename)%00%(upstream:remoteref) refs/heads/main refs/remotes/main [2ms]
2025-03-08 05:32:16.604 [info] > git for-each-ref --sort -committerdate --format %(refname) %(objectname) %(*objectname) [4ms]
2025-03-08 05:32:16.645 [info] > git status -z -uall [46ms]
2025-03-08 05:32:25.022 [info] > git config --get commit.template [3ms]
2025-03-08 05:32:25.023 [info] > git for-each-ref --format=%(refname)%00%(upstream:short)%00%(objectname)%00%(upstream:track)%00%(upstream:remotename)%00%(upstream:remoteref) refs/heads/main refs/remotes/main [1ms]
2025-03-08 05:32:25.032 [info] > git for-each-ref --sort -committerdate --format %(refname) %(objectname) %(*objectname) [5ms]
2025-03-08 05:32:25.072 [info] > git status -z -uall [47ms]
2025-03-08 05:32:35.503 [info] > git config --get commit.template [5ms]
2025-03-08 05:32:35.504 [info] > git for-each-ref --format=%(refname)%00%(upstream:short)%00%(objectname)%00%(upstream:track)%00%(upstream:remotename)%00%(upstream:remoteref) refs/heads/main refs/remotes/main [2ms]
2025-03-08 05:32:35.514 [info] > git for-each-ref --sort -committerdate --format %(refname) %(objectname) %(*objectname) [4ms]
2025-03-08 05:32:35.557 [info] > git status -z -uall [50ms]
2025-03-08 05:32:40.584 [info] > git config --get commit.template [3ms]
2025-03-08 05:32:40.585 [info] > git for-each-ref --format=%(refname)%00%(upstream:short)%00%(objectname)%00%(upstream:track)%00%(upstream:remotename)%00%(upstream:remoteref) refs/heads/main refs/remotes/main [2ms]
2025-03-08 05:32:40.596 [info] > git for-each-ref --sort -committerdate --format %(refname) %(objectname) %(*objectname) [6ms]
2025-03-08 05:32:40.633 [info] > git status -z -uall [46ms]
2025-03-08 05:32:45.655 [info] > git config --get commit.template [4ms]
2025-03-08 05:32:45.656 [info] > git for-each-ref --format=%(refname)%00%(upstream:short)%00%(objectname)%00%(upstream:track)%00%(upstream:remotename)%00%(upstream:remoteref) refs/heads/main refs/remotes/main [2ms]
2025-03-08 05:32:45.664 [info] > git for-each-ref --sort -committerdate --format %(refname) %(objectname) %(*objectname) [2ms]
2025-03-08 05:32:45.705 [info] > git status -z -uall [46ms]
2025-03-08 05:32:50.725 [info] > git config --get commit.template [3ms]
2025-03-08 05:32:50.726 [info] > git for-each-ref --format=%(refname)%00%(upstream:short)%00%(objectname)%00%(upstream:track)%00%(upstream:remotename)%00%(upstream:remoteref) refs/heads/main refs/remotes/main [1ms]
2025-03-08 05:32:50.738 [info] > git for-each-ref --sort -committerdate --format %(refname) %(objectname) %(*objectname) [7ms]
2025-03-08 05:32:50.774 [info] > git status -z -uall [45ms]
2025-03-08 05:32:55.795 [info] > git config --get commit.template [3ms]
2025-03-08 05:32:55.795 [info] > git for-each-ref --format=%(refname)%00%(upstream:short)%00%(objectname)%00%(upstream:track)%00%(upstream:remotename)%00%(upstream:remoteref) refs/heads/main refs/remotes/main [1ms]
2025-03-08 05:32:55.805 [info] > git for-each-ref --sort -committerdate --format %(refname) %(objectname) %(*objectname) [4ms]
2025-03-08 05:32:55.846 [info] > git status -z -uall [47ms]
2025-03-08 05:33:00.869 [info] > git config --get commit.template [4ms]
2025-03-08 05:33:00.870 [info] > git for-each-ref --format=%(refname)%00%(upstream:short)%00%(objectname)%00%(upstream:track)%00%(upstream:remotename)%00%(upstream:remoteref) refs/heads/main refs/remotes/main [2ms]
2025-03-08 05:33:00.880 [info] > git for-each-ref --sort -committerdate --format %(refname) %(objectname) %(*objectname) [4ms]
2025-03-08 05:33:00.918 [info] > git status -z -uall [45ms]
2025-03-08 05:33:05.938 [info] > git config --get commit.template [4ms]
2025-03-08 05:33:05.940 [info] > git for-each-ref --format=%(refname)%00%(upstream:short)%00%(objectname)%00%(upstream:track)%00%(upstream:remotename)%00%(upstream:remoteref) refs/heads/main refs/remotes/main [2ms]
2025-03-08 05:33:05.948 [info] > git for-each-ref --sort -committerdate --format %(refname) %(objectname) %(*objectname) [2ms]
2025-03-08 05:33:05.989 [info] > git status -z -uall [46ms]
2025-03-08 05:33:11.010 [info] > git config --get commit.template [4ms]
2025-03-08 05:33:11.011 [info] > git for-each-ref --format=%(refname)%00%(upstream:short)%00%(objectname)%00%(upstream:track)%00%(upstream:remotename)%00%(upstream:remoteref) refs/heads/main refs/remotes/main [2ms]
2025-03-08 05:33:11.018 [info] > git for-each-ref --sort -committerdate --format %(refname) %(objectname) %(*objectname) [2ms]
2025-03-08 05:33:11.059 [info] > git status -z -uall [45ms]
2025-03-08 05:33:16.574 [info] > git config --get commit.template [1ms]
2025-03-08 05:33:16.578 [info] > git for-each-ref --format=%(refname)%00%(upstream:short)%00%(objectname)%00%(upstream:track)%00%(upstream:remotename)%00%(upstream:remoteref) refs/heads/main refs/remotes/main [1ms]
2025-03-08 05:33:16.586 [info] > git for-each-ref --sort -committerdate --format %(refname) %(objectname) %(*objectname) [2ms]
2025-03-08 05:33:16.626 [info] > git status -z -uall [45ms]
2025-03-08 05:33:21.645 [info] > git config --get commit.template [3ms]
2025-03-08 05:33:21.647 [info] > git for-each-ref --format=%(refname)%00%(upstream:short)%00%(objectname)%00%(upstream:track)%00%(upstream:remotename)%00%(upstream:remoteref) refs/heads/main refs/remotes/main [1ms]
2025-03-08 05:33:21.654 [info] > git for-each-ref --sort -committerdate --format %(refname) %(objectname) %(*objectname) [1ms]
2025-03-08 05:33:21.696 [info] > git status -z -uall [47ms]
2025-03-08 05:33:26.715 [info] > git config --get commit.template [3ms]
2025-03-08 05:33:26.716 [info] > git for-each-ref --format=%(refname)%00%(upstream:short)%00%(objectname)%00%(upstream:track)%00%(upstream:remotename)%00%(upstream:remoteref) refs/heads/main refs/remotes/main [1ms]
2025-03-08 05:33:26.725 [info] > git for-each-ref --sort -committerdate --format %(refname) %(objectname) %(*objectname) [2ms]
2025-03-08 05:33:26.766 [info] > git status -z -uall [45ms]
2025-03-08 05:33:31.782 [info] > git config --get commit.template [1ms]
2025-03-08 05:33:31.786 [info] > git for-each-ref --format=%(refname)%00%(upstream:short)%00%(objectname)%00%(upstream:track)%00%(upstream:remotename)%00%(upstream:remoteref) refs/heads/main refs/remotes/main [2ms]
2025-03-08 05:33:31.799 [info] > git for-each-ref --sort -committerdate --format %(refname) %(objectname) %(*objectname) [7ms]
2025-03-08 05:33:31.837 [info] > git status -z -uall [48ms]
2025-03-08 05:33:38.068 [info] > git config --get commit.template [4ms]
2025-03-08 05:33:38.069 [info] > git for-each-ref --format=%(refname)%00%(upstream:short)%00%(objectname)%00%(upstream:track)%00%(upstream:remotename)%00%(upstream:remoteref) refs/heads/main refs/remotes/main [2ms]
2025-03-08 05:33:38.082 [info] > git for-each-ref --sort -committerdate --format %(refname) %(objectname) %(*objectname) [7ms]
2025-03-08 05:33:38.123 [info] > git status -z -uall [51ms]
2025-03-08 05:33:38.972 [info] > git ls-files --stage -- /home/student/Engr212_Tsegay_Asmerom/Lab1.txt [3ms]
2025-03-08 05:33:38.978 [info] > git cat-file -s a13ca7dcc37eb971d6ef1c7409c5244c31420477 [3ms]
2025-03-08 05:33:38.978 [info] > git show --textconv :Engr212_Tsegay_Asmerom/Lab1.txt [12ms]
2025-03-08 05:33:39.836 [info] > git check-ignore -v -z --stdin [4ms]
2025-03-08 05:33:39.877 [info] > git blame --root --incremental 7ebd56723eb290d785ff9d03833ad42fcecfe631 -- /home/student/Engr212_Tsegay_Asmerom/Lab1.txt [636ms]
2025-03-08 05:33:40.620 [info] > git check-ignore -v -z --stdin [3ms]
2025-03-08 05:33:43.143 [info] > git config --get commit.template [3ms]
2025-03-08 05:33:43.144 [info] > git for-each-ref --format=%(refname)%00%(upstream:short)%00%(objectname)%00%(upstream:track)%00%(upstream:remotename)%00%(upstream:remoteref) refs/heads/main refs/remotes/main [2ms]
2025-03-08 05:33:43.156 [info] > git for-each-ref --sort -committerdate --format %(refname) %(objectname) %(*objectname) [7ms]
2025-03-08 05:33:43.194 [info] > git status -z -uall [47ms]
2025-03-08 05:33:48.228 [info] > git config --get commit.template [4ms]
2025-03-08 05:33:48.229 [info] > git for-each-ref --format=%(refname)%00%(upstream:short)%00%(objectname)%00%(upstream:track)%00%(upstream:remotename)%00%(upstream:remoteref) refs/heads/main refs/remotes/main [2ms]
2025-03-08 05:33:48.236 [info] > git for-each-ref --sort -committerdate --format %(refname) %(objectname) %(*objectname) [2ms]
2025-03-08 05:33:48.279 [info] > git status -z -uall [47ms]
2025-03-08 05:33:53.316 [info] > git config --get commit.template [4ms]
2025-03-08 05:33:53.317 [info] > git for-each-ref --format=%(refname)%00%(upstream:short)%00%(objectname)%00%(upstream:track)%00%(upstream:remotename)%00%(upstream:remoteref) refs/heads/main refs/remotes/main [2ms]
2025-03-08 05:33:53.327 [info] > git for-each-ref --sort -committerdate --format %(refname) %(objectname) %(*objectname) [4ms]
2025-03-08 05:33:53.368 [info] > git status -z -uall [48ms]
2025-03-08 05:33:58.402 [info] > git config --get commit.template [4ms]
2025-03-08 05:33:58.403 [info] > git for-each-ref --format=%(refname)%00%(upstream:short)%00%(objectname)%00%(upstream:track)%00%(upstream:remotename)%00%(upstream:remoteref) refs/heads/main refs/remotes/main [2ms]
2025-03-08 05:33:58.413 [info] > git for-each-ref --sort -committerdate --format %(refname) %(objectname) %(*objectname) [5ms]
2025-03-08 05:33:58.473 [info] > git status -z -uall [68ms]
2025-03-08 05:34:03.509 [info] > git config --get commit.template [4ms]
2025-03-08 05:34:03.510 [info] > git for-each-ref --format=%(refname)%00%(upstream:short)%00%(objectname)%00%(upstream:track)%00%(upstream:remotename)%00%(upstream:remoteref) refs/heads/main refs/remotes/main [2ms]
2025-03-08 05:34:03.522 [info] > git for-each-ref --sort -committerdate --format %(refname) %(objectname) %(*objectname) [6ms]
2025-03-08 05:34:03.560 [info] > git status -z -uall [47ms]
2025-03-08 05:34:08.590 [info] > git config --get commit.template [5ms]
2025-03-08 05:34:08.591 [info] > git for-each-ref --format=%(refname)%00%(upstream:short)%00%(objectname)%00%(upstream:track)%00%(upstream:remotename)%00%(upstream:remoteref) refs/heads/main refs/remotes/main [3ms]
2025-03-08 05:34:08.614 [info] > git for-each-ref --sort -committerdate --format %(refname) %(objectname) %(*objectname) [3ms]
2025-03-08 05:34:08.662 [info] > git status -z -uall [62ms]
2025-03-08 05:34:13.694 [info] > git config --get commit.template [3ms]
2025-03-08 05:34:13.695 [info] > git for-each-ref --format=%(refname)%00%(upstream:short)%00%(objectname)%00%(upstream:track)%00%(upstream:remotename)%00%(upstream:remoteref) refs/heads/main refs/remotes/main [1ms]
2025-03-08 05:34:13.708 [info] > git for-each-ref --sort -committerdate --format %(refname) %(objectname) %(*objectname) [7ms]
2025-03-08 05:34:13.745 [info] > git status -z -uall [47ms]
2025-03-08 05:34:18.776 [info] > git config --get commit.template [4ms]
2025-03-08 05:34:18.777 [info] > git for-each-ref --format=%(refname)%00%(upstream:short)%00%(objectname)%00%(upstream:track)%00%(upstream:remotename)%00%(upstream:remoteref) refs/heads/main refs/remotes/main [2ms]
2025-03-08 05:34:18.791 [info] > git for-each-ref --sort -committerdate --format %(refname) %(objectname) %(*objectname) [8ms]
2025-03-08 05:34:18.828 [info] > git status -z -uall [48ms]
2025-03-08 05:34:23.858 [info] > git config --get commit.template [4ms]
2025-03-08 05:34:23.859 [info] > git for-each-ref --format=%(refname)%00%(upstream:short)%00%(objectname)%00%(upstream:track)%00%(upstream:remotename)%00%(upstream:remoteref) refs/heads/main refs/remotes/main [1ms]
2025-03-08 05:34:23.871 [info] > git for-each-ref --sort -committerdate --format %(refname) %(objectname) %(*objectname) [6ms]
2025-03-08 05:34:23.908 [info] > git status -z -uall [46ms]
2025-03-08 05:34:28.938 [info] > git config --get commit.template [4ms]
2025-03-08 05:34:28.939 [info] > git for-each-ref --format=%(refname)%00%(upstream:short)%00%(objectname)%00%(upstream:track)%00%(upstream:remotename)%00%(upstream:remoteref) refs/heads/main refs/remotes/main [2ms]
2025-03-08 05:34:28.952 [info] > git for-each-ref --sort -committerdate --format %(refname) %(objectname) %(*objectname) [6ms]
2025-03-08 05:34:28.991 [info] > git status -z -uall [49ms]
2025-03-08 05:34:34.043 [info] > git config --get commit.template [4ms]
2025-03-08 05:34:34.044 [info] > git for-each-ref --format=%(refname)%00%(upstream:short)%00%(objectname)%00%(upstream:track)%00%(upstream:remotename)%00%(upstream:remoteref) refs/heads/main refs/remotes/main [2ms]
2025-03-08 05:34:34.054 [info] > git for-each-ref --sort -committerdate --format %(refname) %(objectname) %(*objectname) [5ms]
2025-03-08 05:34:34.094 [info] > git status -z -uall [47ms]
2025-03-08 05:34:39.122 [info] > git config --get commit.template [4ms]
2025-03-08 05:34:39.123 [info] > git for-each-ref --format=%(refname)%00%(upstream:short)%00%(objectname)%00%(upstream:track)%00%(upstream:remotename)%00%(upstream:remoteref) refs/heads/main refs/remotes/main [2ms]
2025-03-08 05:34:39.141 [info] > git for-each-ref --sort -committerdate --format %(refname) %(objectname) %(*objectname) [12ms]
2025-03-08 05:34:39.186 [info] > git status -z -uall [60ms]
2025-03-08 05:34:44.221 [info] > git config --get commit.template [4ms]
2025-03-08 05:34:44.221 [info] > git for-each-ref --format=%(refname)%00%(upstream:short)%00%(objectname)%00%(upstream:track)%00%(upstream:remotename)%00%(upstream:remoteref) refs/heads/main refs/remotes/main [1ms]
2025-03-08 05:34:44.229 [info] > git for-each-ref --sort -committerdate --format %(refname) %(objectname) %(*objectname) [1ms]
2025-03-08 05:34:44.273 [info] > git status -z -uall [49ms]
2025-03-08 05:34:49.303 [info] > git config --get commit.template [3ms]
2025-03-08 05:34:49.304 [info] > git for-each-ref --format=%(refname)%00%(upstream:short)%00%(objectname)%00%(upstream:track)%00%(upstream:remotename)%00%(upstream:remoteref) refs/heads/main refs/remotes/main [2ms]
2025-03-08 05:34:49.311 [info] > git for-each-ref --sort -committerdate --format %(refname) %(objectname) %(*objectname) [2ms]
2025-03-08 05:34:49.355 [info] > git status -z -uall [48ms]
2025-03-08 05:34:54.410 [info] > git config --get commit.template [4ms]
2025-03-08 05:34:54.411 [info] > git for-each-ref --format=%(refname)%00%(upstream:short)%00%(objectname)%00%(upstream:track)%00%(upstream:remotename)%00%(upstream:remoteref) refs/heads/main refs/remotes/main [2ms]
2025-03-08 05:34:54.419 [info] > git for-each-ref --sort -committerdate --format %(refname) %(objectname) %(*objectname) [2ms]
2025-03-08 05:34:54.461 [info] > git status -z -uall [47ms]
2025-03-08 05:34:59.489 [info] > git config --get commit.template [4ms]
2025-03-08 05:34:59.493 [info] > git for-each-ref --format=%(refname)%00%(upstream:short)%00%(objectname)%00%(upstream:track)%00%(upstream:remotename)%00%(upstream:remoteref) refs/heads/main refs/remotes/main [1ms]
2025-03-08 05:34:59.502 [info] > git for-each-ref --sort -committerdate --format %(refname) %(objectname) %(*objectname) [3ms]
2025-03-08 05:34:59.543 [info] > git status -z -uall [47ms]
2025-03-08 05:35:09.037 [info] > git config --get commit.template [4ms]
2025-03-08 05:35:09.037 [info] > git for-each-ref --format=%(refname)%00%(upstream:short)%00%(objectname)%00%(upstream:track)%00%(upstream:remotename)%00%(upstream:remoteref) refs/heads/main refs/remotes/main [2ms]
2025-03-08 05:35:09.049 [info] > git for-each-ref --sort -committerdate --format %(refname) %(objectname) %(*objectname) [6ms]
2025-03-08 05:35:09.087 [info] > git status -z -uall [47ms]
2025-03-08 05:35:14.115 [info] > git config --get commit.template [4ms]
2025-03-08 05:35:14.116 [info] > git for-each-ref --format=%(refname)%00%(upstream:short)%00%(objectname)%00%(upstream:track)%00%(upstream:remotename)%00%(upstream:remoteref) refs/heads/main refs/remotes/main [2ms]
2025-03-08 05:35:14.129 [info] > git for-each-ref --sort -committerdate --format %(refname) %(objectname) %(*objectname) [7ms]
2025-03-08 05:35:14.167 [info] > git status -z -uall [48ms]
2025-03-08 05:35:19.201 [info] > git config --get commit.template [3ms]
2025-03-08 05:35:19.202 [info] > git for-each-ref --format=%(refname)%00%(upstream:short)%00%(objectname)%00%(upstream:track)%00%(upstream:remotename)%00%(upstream:remoteref) refs/heads/main refs/remotes/main [1ms]
2025-03-08 05:35:19.214 [info] > git for-each-ref --sort -committerdate --format %(refname) %(objectname) %(*objectname) [7ms]
2025-03-08 05:35:19.252 [info] > git status -z -uall [48ms]
2025-03-08 05:35:24.280 [info] > git config --get commit.template [4ms]
2025-03-08 05:35:24.281 [info] > git for-each-ref --format=%(refname)%00%(upstream:short)%00%(objectname)%00%(upstream:track)%00%(upstream:remotename)%00%(upstream:remoteref) refs/heads/main refs/remotes/main [1ms]
2025-03-08 05:35:24.288 [info] > git for-each-ref --sort -committerdate --format %(refname) %(objectname) %(*objectname) [2ms]
2025-03-08 05:35:24.331 [info] > git status -z -uall [47ms]
2025-03-08 05:35:29.360 [info] > git config --get commit.template [3ms]
2025-03-08 05:35:29.361 [info] > git for-each-ref --format=%(refname)%00%(upstream:short)%00%(objectname)%00%(upstream:track)%00%(upstream:remotename)%00%(upstream:remoteref) refs/heads/main refs/remotes/main [1ms]
2025-03-08 05:35:29.371 [info] > git for-each-ref --sort -committerdate --format %(refname) %(objectname) %(*objectname) [4ms]
2025-03-08 05:35:29.412 [info] > git status -z -uall [48ms]
2025-03-08 05:35:34.441 [info] > git config --get commit.template [4ms]
2025-03-08 05:35:34.442 [info] > git for-each-ref --format=%(refname)%00%(upstream:short)%00%(objectname)%00%(upstream:track)%00%(upstream:remotename)%00%(upstream:remoteref) refs/heads/main refs/remotes/main [2ms]
2025-03-08 05:35:34.456 [info] > git for-each-ref --sort -committerdate --format %(refname) %(objectname) %(*objectname) [7ms]
2025-03-08 05:35:34.493 [info] > git status -z -uall [48ms]
2025-03-08 05:35:39.530 [info] > git config --get commit.template [3ms]
2025-03-08 05:35:39.531 [info] > git for-each-ref --format=%(refname)%00%(upstream:short)%00%(objectname)%00%(upstream:track)%00%(upstream:remotename)%00%(upstream:remoteref) refs/heads/main refs/remotes/main [1ms]
2025-03-08 05:35:39.541 [info] > git for-each-ref --sort -committerdate --format %(refname) %(objectname) %(*objectname) [4ms]
2025-03-08 05:35:39.580 [info] > git status -z -uall [46ms]
2025-03-08 05:35:44.607 [info] > git config --get commit.template [4ms]
2025-03-08 05:35:44.608 [info] > git for-each-ref --format=%(refname)%00%(upstream:short)%00%(objectname)%00%(upstream:track)%00%(upstream:remotename)%00%(upstream:remoteref) refs/heads/main refs/remotes/main [2ms]
2025-03-08 05:35:44.619 [info] > git for-each-ref --sort -committerdate --format %(refname) %(objectname) %(*objectname) [6ms]
2025-03-08 05:35:44.660 [info] > git status -z -uall [48ms]
2025-03-08 05:35:49.713 [info] > git config --get commit.template [4ms]
2025-03-08 05:35:49.713 [info] > git for-each-ref --format=%(refname)%00%(upstream:short)%00%(objectname)%00%(upstream:track)%00%(upstream:remotename)%00%(upstream:remoteref) refs/heads/main refs/remotes/main [2ms]
2025-03-08 05:35:49.728 [info] > git for-each-ref --sort -committerdate --format %(refname) %(objectname) %(*objectname) [8ms]
2025-03-08 05:35:49.764 [info] > git status -z -uall [48ms]
2025-03-08 05:35:54.792 [info] > git config --get commit.template [3ms]
2025-03-08 05:35:54.793 [info] > git for-each-ref --format=%(refname)%00%(upstream:short)%00%(objectname)%00%(upstream:track)%00%(upstream:remotename)%00%(upstream:remoteref) refs/heads/main refs/remotes/main [2ms]
2025-03-08 05:35:54.800 [info] > git for-each-ref --sort -committerdate --format %(refname) %(objectname) %(*objectname) [2ms]
2025-03-08 05:35:54.843 [info] > git status -z -uall [47ms]
2025-03-08 05:35:59.896 [info] > git config --get commit.template [4ms]
2025-03-08 05:35:59.897 [info] > git for-each-ref --format=%(refname)%00%(upstream:short)%00%(objectname)%00%(upstream:track)%00%(upstream:remotename)%00%(upstream:remoteref) refs/heads/main refs/remotes/main [2ms]
2025-03-08 05:35:59.904 [info] > git for-each-ref --sort -committerdate --format %(refname) %(objectname) %(*objectname) [2ms]
2025-03-08 05:35:59.947 [info] > git status -z -uall [47ms]
2025-03-08 05:36:04.975 [info] > git config --get commit.template [5ms]
2025-03-08 05:36:04.976 [info] > git for-each-ref --format=%(refname)%00%(upstream:short)%00%(objectname)%00%(upstream:track)%00%(upstream:remotename)%00%(upstream:remoteref) refs/heads/main refs/remotes/main [2ms]
2025-03-08 05:36:04.997 [info] > git for-each-ref --sort -committerdate --format %(refname) %(objectname) %(*objectname) [3ms]
2025-03-08 05:36:05.052 [info] > git status -z -uall [64ms]
2025-03-08 05:36:10.082 [info] > git config --get commit.template [3ms]
2025-03-08 05:36:10.083 [info] > git for-each-ref --format=%(refname)%00%(upstream:short)%00%(objectname)%00%(upstream:track)%00%(upstream:remotename)%00%(upstream:remoteref) refs/heads/main refs/remotes/main [1ms]
2025-03-08 05:36:10.096 [info] > git for-each-ref --sort -committerdate --format %(refname) %(objectname) %(*objectname) [8ms]
2025-03-08 05:36:10.132 [info] > git status -z -uall [46ms]
2025-03-08 05:36:15.161 [info] > git config --get commit.template [4ms]
2025-03-08 05:36:15.162 [info] > git for-each-ref --format=%(refname)%00%(upstream:short)%00%(objectname)%00%(upstream:track)%00%(upstream:remotename)%00%(upstream:remoteref) refs/heads/main refs/remotes/main [2ms]
2025-03-08 05:36:15.169 [info] > git for-each-ref --sort -committerdate --format %(refname) %(objectname) %(*objectname) [2ms]
2025-03-08 05:36:15.211 [info] > git status -z -uall [47ms]
2025-03-08 05:36:20.240 [info] > git config --get commit.template [3ms]
2025-03-08 05:36:20.241 [info] > git for-each-ref --format=%(refname)%00%(upstream:short)%00%(objectname)%00%(upstream:track)%00%(upstream:remotename)%00%(upstream:remoteref) refs/heads/main refs/remotes/main [2ms]
2025-03-08 05:36:20.253 [info] > git for-each-ref --sort -committerdate --format %(refname) %(objectname) %(*objectname) [6ms]
2025-03-08 05:36:20.290 [info] > git status -z -uall [47ms]
2025-03-08 05:36:25.318 [info] > git config --get commit.template [4ms]
2025-03-08 05:36:25.319 [info] > git for-each-ref --format=%(refname)%00%(upstream:short)%00%(objectname)%00%(upstream:track)%00%(upstream:remotename)%00%(upstream:remoteref) refs/heads/main refs/remotes/main [2ms]
2025-03-08 05:36:25.331 [info] > git for-each-ref --sort -committerdate --format %(refname) %(objectname) %(*objectname) [7ms]
2025-03-08 05:36:25.369 [info] > git status -z -uall [47ms]
2025-03-08 05:36:35.202 [info] > git config --get commit.template [2ms]
2025-03-08 05:36:35.204 [info] > git for-each-ref --format=%(refname)%00%(upstream:short)%00%(objectname)%00%(upstream:track)%00%(upstream:remotename)%00%(upstream:remoteref) refs/heads/main refs/remotes/main [2ms]
2025-03-08 05:36:35.210 [info] > git for-each-ref --sort -committerdate --format %(refname) %(objectname) %(*objectname) [2ms]
2025-03-08 05:36:35.252 [info] > git status -z -uall [46ms]
2025-03-08 05:37:03.330 [info] > git config --get commit.template [3ms]
2025-03-08 05:37:03.331 [info] > git for-each-ref --format=%(refname)%00%(upstream:short)%00%(objectname)%00%(upstream:track)%00%(upstream:remotename)%00%(upstream:remoteref) refs/heads/main refs/remotes/main [2ms]
2025-03-08 05:37:03.344 [info] > git for-each-ref --sort -committerdate --format %(refname) %(objectname) %(*objectname) [9ms]
2025-03-08 05:37:03.380 [info] > git status -z -uall [47ms]
2025-03-08 05:37:08.426 [info] > git config --get commit.template [3ms]
2025-03-08 05:37:08.427 [info] > git for-each-ref --format=%(refname)%00%(upstream:short)%00%(objectname)%00%(upstream:track)%00%(upstream:remotename)%00%(upstream:remoteref) refs/heads/main refs/remotes/main [1ms]
2025-03-08 05:37:08.434 [info] > git for-each-ref --sort -committerdate --format %(refname) %(objectname) %(*objectname) [2ms]
2025-03-08 05:37:08.476 [info] > git status -z -uall [46ms]
2025-03-08 05:37:13.513 [info] > git config --get commit.template [4ms]
2025-03-08 05:37:13.514 [info] > git for-each-ref --format=%(refname)%00%(upstream:short)%00%(objectname)%00%(upstream:track)%00%(upstream:remotename)%00%(upstream:remoteref) refs/heads/main refs/remotes/main [2ms]
2025-03-08 05:37:13.522 [info] > git for-each-ref --sort -committerdate --format %(refname) %(objectname) %(*objectname) [3ms]
2025-03-08 05:37:13.563 [info] > git status -z -uall [47ms]
2025-03-08 05:37:18.596 [info] > git config --get commit.template [3ms]
2025-03-08 05:37:18.597 [info] > git for-each-ref --format=%(refname)%00%(upstream:short)%00%(objectname)%00%(upstream:track)%00%(upstream:remotename)%00%(upstream:remoteref) refs/heads/main refs/remotes/main [1ms]
2025-03-08 05:37:18.604 [info] > git for-each-ref --sort -committerdate --format %(refname) %(objectname) %(*objectname) [2ms]
2025-03-08 05:37:18.646 [info] > git status -z -uall [46ms]
2025-03-08 05:37:23.679 [info] > git config --get commit.template [3ms]
2025-03-08 05:37:23.680 [info] > git for-each-ref --format=%(refname)%00%(upstream:short)%00%(objectname)%00%(upstream:track)%00%(upstream:remotename)%00%(upstream:remoteref) refs/heads/main refs/remotes/main [2ms]
2025-03-08 05:37:23.689 [info] > git for-each-ref --sort -committerdate --format %(refname) %(objectname) %(*objectname) [4ms]
2025-03-08 05:37:23.729 [info] > git status -z -uall [46ms]
2025-03-08 05:37:28.762 [info] > git config --get commit.template [3ms]
2025-03-08 05:37:28.764 [info] > git for-each-ref --format=%(refname)%00%(upstream:short)%00%(objectname)%00%(upstream:track)%00%(upstream:remotename)%00%(upstream:remoteref) refs/heads/main refs/remotes/main [1ms]
2025-03-08 05:37:28.776 [info] > git for-each-ref --sort -committerdate --format %(refname) %(objectname) %(*objectname) [6ms]
2025-03-08 05:37:28.813 [info] > git status -z -uall [47ms]
2025-03-08 05:37:33.842 [info] > git config --get commit.template [4ms]
2025-03-08 05:37:33.843 [info] > git for-each-ref --format=%(refname)%00%(upstream:short)%00%(objectname)%00%(upstream:track)%00%(upstream:remotename)%00%(upstream:remoteref) refs/heads/main refs/remotes/main [1ms]
2025-03-08 05:37:33.853 [info] > git for-each-ref --sort -committerdate --format %(refname) %(objectname) %(*objectname) [5ms]
2025-03-08 05:37:33.893 [info] > git status -z -uall [47ms]
2025-03-08 05:37:38.929 [info] > git config --get commit.template [4ms]
2025-03-08 05:37:38.930 [info] > git for-each-ref --format=%(refname)%00%(upstream:short)%00%(objectname)%00%(upstream:track)%00%(upstream:remotename)%00%(upstream:remoteref) refs/heads/main refs/remotes/main [2ms]
2025-03-08 05:37:38.943 [info] > git for-each-ref --sort -committerdate --format %(refname) %(objectname) %(*objectname) [8ms]
2025-03-08 05:37:38.979 [info] > git status -z -uall [46ms]
2025-03-08 05:37:44.011 [info] > git config --get commit.template [3ms]
2025-03-08 05:37:44.012 [info] > git for-each-ref --format=%(refname)%00%(upstream:short)%00%(objectname)%00%(upstream:track)%00%(upstream:remotename)%00%(upstream:remoteref) refs/heads/main refs/remotes/main [1ms]
2025-03-08 05:37:44.020 [info] > git for-each-ref --sort -committerdate --format %(refname) %(objectname) %(*objectname) [2ms]
2025-03-08 05:37:44.063 [info] > git status -z -uall [48ms]
2025-03-08 05:37:49.093 [info] > git config --get commit.template [3ms]
2025-03-08 05:37:49.094 [info] > git for-each-ref --format=%(refname)%00%(upstream:short)%00%(objectname)%00%(upstream:track)%00%(upstream:remotename)%00%(upstream:remoteref) refs/heads/main refs/remotes/main [1ms]
2025-03-08 05:37:49.105 [info] > git for-each-ref --sort -committerdate --format %(refname) %(objectname) %(*objectname) [6ms]
2025-03-08 05:37:49.142 [info] > git status -z -uall [45ms]
2025-03-08 05:37:54.171 [info] > git config --get commit.template [4ms]
2025-03-08 05:37:54.172 [info] > git for-each-ref --format=%(refname)%00%(upstream:short)%00%(objectname)%00%(upstream:track)%00%(upstream:remotename)%00%(upstream:remoteref) refs/heads/main refs/remotes/main [1ms]
2025-03-08 05:37:54.183 [info] > git for-each-ref --sort -committerdate --format %(refname) %(objectname) %(*objectname) [6ms]
2025-03-08 05:37:54.221 [info] > git status -z -uall [46ms]
2025-03-08 05:37:59.248 [info] > git config --get commit.template [4ms]
2025-03-08 05:37:59.249 [info] > git for-each-ref --format=%(refname)%00%(upstream:short)%00%(objectname)%00%(upstream:track)%00%(upstream:remotename)%00%(upstream:remoteref) refs/heads/main refs/remotes/main [2ms]
2025-03-08 05:37:59.262 [info] > git for-each-ref --sort -committerdate --format %(refname) %(objectname) %(*objectname) [7ms]
2025-03-08 05:37:59.299 [info] > git status -z -uall [47ms]
2025-03-08 05:38:04.329 [info] > git config --get commit.template [4ms]
2025-03-08 05:38:04.330 [info] > git for-each-ref --format=%(refname)%00%(upstream:short)%00%(objectname)%00%(upstream:track)%00%(upstream:remotename)%00%(upstream:remoteref) refs/heads/main refs/remotes/main [2ms]
2025-03-08 05:38:04.339 [info] > git for-each-ref --sort -committerdate --format %(refname) %(objectname) %(*objectname) [4ms]
2025-03-08 05:38:04.382 [info] > git status -z -uall [49ms]
2025-03-08 05:38:09.434 [info] > git config --get commit.template [4ms]
2025-03-08 05:38:09.435 [info] > git for-each-ref --format=%(refname)%00%(upstream:short)%00%(objectname)%00%(upstream:track)%00%(upstream:remotename)%00%(upstream:remoteref) refs/heads/main refs/remotes/main [2ms]
2025-03-08 05:38:09.442 [info] > git for-each-ref --sort -committerdate --format %(refname) %(objectname) %(*objectname) [2ms]
2025-03-08 05:38:09.485 [info] > git status -z -uall [48ms]
2025-03-08 05:38:14.513 [info] > git config --get commit.template [4ms]
2025-03-08 05:38:14.514 [info] > git for-each-ref --format=%(refname)%00%(upstream:short)%00%(objectname)%00%(upstream:track)%00%(upstream:remotename)%00%(upstream:remoteref) refs/heads/main refs/remotes/main [2ms]
2025-03-08 05:38:14.525 [info] > git for-each-ref --sort -committerdate --format %(refname) %(objectname) %(*objectname) [6ms]
2025-03-08 05:38:14.565 [info] > git status -z -uall [48ms]
2025-03-08 05:38:19.622 [info] > git config --get commit.template [3ms]
2025-03-08 05:38:19.623 [info] > git for-each-ref --format=%(refname)%00%(upstream:short)%00%(objectname)%00%(upstream:track)%00%(upstream:remotename)%00%(upstream:remoteref) refs/heads/main refs/remotes/main [1ms]
2025-03-08 05:38:19.633 [info] > git for-each-ref --sort -committerdate --format %(refname) %(objectname) %(*objectname) [4ms]
2025-03-08 05:38:19.673 [info] > git status -z -uall [47ms]
2025-03-08 05:38:24.700 [info] > git config --get commit.template [4ms]
2025-03-08 05:38:24.701 [info] > git for-each-ref --format=%(refname)%00%(upstream:short)%00%(objectname)%00%(upstream:track)%00%(upstream:remotename)%00%(upstream:remoteref) refs/heads/main refs/remotes/main [2ms]
2025-03-08 05:38:24.708 [info] > git for-each-ref --sort -committerdate --format %(refname) %(objectname) %(*objectname) [2ms]
2025-03-08 05:38:24.751 [info] > git status -z -uall [47ms]
2025-03-08 05:38:29.804 [info] > git config --get commit.template [4ms]
2025-03-08 05:38:29.805 [info] > git for-each-ref --format=%(refname)%00%(upstream:short)%00%(objectname)%00%(upstream:track)%00%(upstream:remotename)%00%(upstream:remoteref) refs/heads/main refs/remotes/main [1ms]
2025-03-08 05:38:29.812 [info] > git for-each-ref --sort -committerdate --format %(refname) %(objectname) %(*objectname) [2ms]
2025-03-08 05:38:29.854 [info] > git status -z -uall [46ms]
2025-03-08 05:38:59.118 [info] > git config --get commit.template [4ms]
2025-03-08 05:38:59.119 [info] > git for-each-ref --format=%(refname)%00%(upstream:short)%00%(objectname)%00%(upstream:track)%00%(upstream:remotename)%00%(upstream:remoteref) refs/heads/main refs/remotes/main [2ms]
2025-03-08 05:38:59.128 [info] > git for-each-ref --sort -committerdate --format %(refname) %(objectname) %(*objectname) [4ms]
2025-03-08 05:38:59.170 [info] > git status -z -uall [48ms]
2025-03-08 05:39:04.210 [info] > git config --get commit.template [3ms]
2025-03-08 05:39:04.211 [info] > git for-each-ref --format=%(refname)%00%(upstream:short)%00%(objectname)%00%(upstream:track)%00%(upstream:remotename)%00%(upstream:remoteref) refs/heads/main refs/remotes/main [2ms]
2025-03-08 05:39:04.218 [info] > git for-each-ref --sort -committerdate --format %(refname) %(objectname) %(*objectname) [1ms]
2025-03-08 05:39:04.260 [info] > git status -z -uall [46ms]
2025-03-08 05:39:09.296 [info] > git config --get commit.template [3ms]
2025-03-08 05:39:09.300 [info] > git for-each-ref --format=%(refname)%00%(upstream:short)%00%(objectname)%00%(upstream:track)%00%(upstream:remotename)%00%(upstream:remoteref) refs/heads/main refs/remotes/main [1ms]
2025-03-08 05:39:09.310 [info] > git for-each-ref --sort -committerdate --format %(refname) %(objectname) %(*objectname) [4ms]
2025-03-08 05:39:09.350 [info] > git status -z -uall [47ms]
2025-03-08 05:39:14.378 [info] > git config --get commit.template [3ms]
2025-03-08 05:39:14.379 [info] > git for-each-ref --format=%(refname)%00%(upstream:short)%00%(objectname)%00%(upstream:track)%00%(upstream:remotename)%00%(upstream:remoteref) refs/heads/main refs/remotes/main [1ms]
2025-03-08 05:39:14.386 [info] > git for-each-ref --sort -committerdate --format %(refname) %(objectname) %(*objectname) [2ms]
2025-03-08 05:39:14.428 [info] > git status -z -uall [46ms]
2025-03-08 05:39:19.460 [info] > git config --get commit.template [4ms]
2025-03-08 05:39:19.461 [info] > git for-each-ref --format=%(refname)%00%(upstream:short)%00%(objectname)%00%(upstream:track)%00%(upstream:remotename)%00%(upstream:remoteref) refs/heads/main refs/remotes/main [2ms]
2025-03-08 05:39:19.468 [info] > git for-each-ref --sort -committerdate --format %(refname) %(objectname) %(*objectname) [2ms]
2025-03-08 05:39:19.511 [info] > git status -z -uall [47ms]
2025-03-08 05:39:24.539 [info] > git config --get commit.template [4ms]
2025-03-08 05:39:24.540 [info] > git for-each-ref --format=%(refname)%00%(upstream:short)%00%(objectname)%00%(upstream:track)%00%(upstream:remotename)%00%(upstream:remoteref) refs/heads/main refs/remotes/main [2ms]
2025-03-08 05:39:24.552 [info] > git for-each-ref --sort -committerdate --format %(refname) %(objectname) %(*objectname) [6ms]
2025-03-08 05:39:24.591 [info] > git status -z -uall [49ms]
2025-03-08 05:39:29.646 [info] > git config --get commit.template [4ms]
2025-03-08 05:39:29.647 [info] > git for-each-ref --format=%(refname)%00%(upstream:short)%00%(objectname)%00%(upstream:track)%00%(upstream:remotename)%00%(upstream:remoteref) refs/heads/main refs/remotes/main [1ms]
2025-03-08 05:39:29.653 [info] > git for-each-ref --sort -committerdate --format %(refname) %(objectname) %(*objectname) [2ms]
2025-03-08 05:39:29.696 [info] > git status -z -uall [47ms]
2025-03-08 05:39:34.724 [info] > git config --get commit.template [3ms]
2025-03-08 05:39:34.725 [info] > git for-each-ref --format=%(refname)%00%(upstream:short)%00%(objectname)%00%(upstream:track)%00%(upstream:remotename)%00%(upstream:remoteref) refs/heads/main refs/remotes/main [2ms]
2025-03-08 05:39:34.736 [info] > git for-each-ref --sort -committerdate --format %(refname) %(objectname) %(*objectname) [7ms]
2025-03-08 05:39:34.774 [info] > git status -z -uall [47ms]
2025-03-08 05:40:08.870 [info] > git config --get commit.template [3ms]
2025-03-08 05:40:08.871 [info] > git for-each-ref --format=%(refname)%00%(upstream:short)%00%(objectname)%00%(upstream:track)%00%(upstream:remotename)%00%(upstream:remoteref) refs/heads/main refs/remotes/main [1ms]
2025-03-08 05:40:08.878 [info] > git for-each-ref --sort -committerdate --format %(refname) %(objectname) %(*objectname) [2ms]
2025-03-08 05:40:08.921 [info] > git status -z -uall [47ms]
2025-03-08 05:40:13.952 [info] > git config --get commit.template [3ms]
2025-03-08 05:40:13.953 [info] > git for-each-ref --format=%(refname)%00%(upstream:short)%00%(objectname)%00%(upstream:track)%00%(upstream:remotename)%00%(upstream:remoteref) refs/heads/main refs/remotes/main [2ms]
2025-03-08 05:40:13.960 [info] > git for-each-ref --sort -committerdate --format %(refname) %(objectname) %(*objectname) [1ms]
2025-03-08 05:40:14.002 [info] > git status -z -uall [47ms]
2025-03-08 05:40:19.039 [info] > git config --get commit.template [3ms]
2025-03-08 05:40:19.040 [info] > git for-each-ref --format=%(refname)%00%(upstream:short)%00%(objectname)%00%(upstream:track)%00%(upstream:remotename)%00%(upstream:remoteref) refs/heads/main refs/remotes/main [1ms]
2025-03-08 05:40:19.051 [info] > git for-each-ref --sort -committerdate --format %(refname) %(objectname) %(*objectname) [6ms]
2025-03-08 05:40:19.089 [info] > git status -z -uall [47ms]
2025-03-08 05:40:59.138 [info] > git config --get commit.template [3ms]
2025-03-08 05:40:59.139 [info] > git for-each-ref --format=%(refname)%00%(upstream:short)%00%(objectname)%00%(upstream:track)%00%(upstream:remotename)%00%(upstream:remoteref) refs/heads/main refs/remotes/main [2ms]
2025-03-08 05:40:59.147 [info] > git for-each-ref --sort -committerdate --format %(refname) %(objectname) %(*objectname) [4ms]
2025-03-08 05:40:59.188 [info] > git status -z -uall [47ms]
2025-03-08 05:41:04.224 [info] > git config --get commit.template [3ms]
2025-03-08 05:41:04.225 [info] > git for-each-ref --format=%(refname)%00%(upstream:short)%00%(objectname)%00%(upstream:track)%00%(upstream:remotename)%00%(upstream:remoteref) refs/heads/main refs/remotes/main [1ms]
2025-03-08 05:41:04.236 [info] > git for-each-ref --sort -committerdate --format %(refname) %(objectname) %(*objectname) [6ms]
2025-03-08 05:41:04.275 [info] > git status -z -uall [47ms]
2025-03-08 05:41:09.304 [info] > git config --get commit.template [5ms]
2025-03-08 05:41:09.305 [info] > git for-each-ref --format=%(refname)%00%(upstream:short)%00%(objectname)%00%(upstream:track)%00%(upstream:remotename)%00%(upstream:remoteref) refs/heads/main refs/remotes/main [2ms]
2025-03-08 05:41:09.312 [info] > git for-each-ref --sort -committerdate --format %(refname) %(objectname) %(*objectname) [2ms]
2025-03-08 05:41:09.354 [info] > git status -z -uall [47ms]
2025-03-08 05:41:14.387 [info] > git config --get commit.template [4ms]
2025-03-08 05:41:14.388 [info] > git for-each-ref --format=%(refname)%00%(upstream:short)%00%(objectname)%00%(upstream:track)%00%(upstream:remotename)%00%(upstream:remoteref) refs/heads/main refs/remotes/main [2ms]
2025-03-08 05:41:14.396 [info] > git for-each-ref --sort -committerdate --format %(refname) %(objectname) %(*objectname) [2ms]
2025-03-08 05:41:14.438 [info] > git status -z -uall [47ms]
2025-03-08 05:41:24.905 [info] > git config --get commit.template [3ms]
2025-03-08 05:41:24.906 [info] > git for-each-ref --format=%(refname)%00%(upstream:short)%00%(objectname)%00%(upstream:track)%00%(upstream:remotename)%00%(upstream:remoteref) refs/heads/main refs/remotes/main [1ms]
2025-03-08 05:41:24.920 [info] > git for-each-ref --sort -committerdate --format %(refname) %(objectname) %(*objectname) [9ms]
2025-03-08 05:41:24.978 [info] > git status -z -uall [69ms]
2025-03-08 05:41:30.016 [info] > git config --get commit.template [3ms]
2025-03-08 05:41:30.017 [info] > git for-each-ref --format=%(refname)%00%(upstream:short)%00%(objectname)%00%(upstream:track)%00%(upstream:remotename)%00%(upstream:remoteref) refs/heads/main refs/remotes/main [1ms]
2025-03-08 05:41:30.024 [info] > git for-each-ref --sort -committerdate --format %(refname) %(objectname) %(*objectname) [2ms]
2025-03-08 05:41:30.066 [info] > git status -z -uall [46ms]
2025-03-08 05:41:35.102 [info] > git config --get commit.template [3ms]
2025-03-08 05:41:35.103 [info] > git for-each-ref --format=%(refname)%00%(upstream:short)%00%(objectname)%00%(upstream:track)%00%(upstream:remotename)%00%(upstream:remoteref) refs/heads/main refs/remotes/main [2ms]
2025-03-08 05:41:35.112 [info] > git for-each-ref --sort -committerdate --format %(refname) %(objectname) %(*objectname) [4ms]
2025-03-08 05:41:35.152 [info] > git status -z -uall [47ms]
2025-03-08 05:41:40.184 [info] > git config --get commit.template [4ms]
2025-03-08 05:41:40.185 [info] > git for-each-ref --format=%(refname)%00%(upstream:short)%00%(objectname)%00%(upstream:track)%00%(upstream:remotename)%00%(upstream:remoteref) refs/heads/main refs/remotes/main [2ms]
2025-03-08 05:41:40.199 [info] > git for-each-ref --sort -committerdate --format %(refname) %(objectname) %(*objectname) [9ms]
2025-03-08 05:41:40.235 [info] > git status -z -uall [47ms]
2025-03-08 05:41:45.264 [info] > git config --get commit.template [4ms]
2025-03-08 05:41:45.265 [info] > git for-each-ref --format=%(refname)%00%(upstream:short)%00%(objectname)%00%(upstream:track)%00%(upstream:remotename)%00%(upstream:remoteref) refs/heads/main refs/remotes/main [2ms]
2025-03-08 05:41:45.273 [info] > git for-each-ref --sort -committerdate --format %(refname) %(objectname) %(*objectname) [2ms]
2025-03-08 05:41:45.315 [info] > git status -z -uall [47ms]
2025-03-08 05:41:50.346 [info] > git config --get commit.template [3ms]
2025-03-08 05:41:50.347 [info] > git for-each-ref --format=%(refname)%00%(upstream:short)%00%(objectname)%00%(upstream:track)%00%(upstream:remotename)%00%(upstream:remoteref) refs/heads/main refs/remotes/main [1ms]
2025-03-08 05:41:50.355 [info] > git for-each-ref --sort -committerdate --format %(refname) %(objectname) %(*objectname) [2ms]
2025-03-08 05:41:50.397 [info] > git status -z -uall [47ms]
2025-03-08 05:41:55.430 [info] > git config --get commit.template [4ms]
2025-03-08 05:41:55.431 [info] > git for-each-ref --format=%(refname)%00%(upstream:short)%00%(objectname)%00%(upstream:track)%00%(upstream:remotename)%00%(upstream:remoteref) refs/heads/main refs/remotes/main [2ms]
2025-03-08 05:41:55.438 [info] > git for-each-ref --sort -committerdate --format %(refname) %(objectname) %(*objectname) [2ms]
2025-03-08 05:41:55.481 [info] > git status -z -uall [47ms]
2025-03-08 05:42:00.510 [info] > git config --get commit.template [3ms]
2025-03-08 05:42:00.511 [info] > git for-each-ref --format=%(refname)%00%(upstream:short)%00%(objectname)%00%(upstream:track)%00%(upstream:remotename)%00%(upstream:remoteref) refs/heads/main refs/remotes/main [1ms]
2025-03-08 05:42:00.523 [info] > git for-each-ref --sort -committerdate --format %(refname) %(objectname) %(*objectname) [6ms]
2025-03-08 05:42:00.560 [info] > git status -z -uall [46ms]
2025-03-08 05:42:05.587 [info] > git config --get commit.template [3ms]
2025-03-08 05:42:05.588 [info] > git for-each-ref --format=%(refname)%00%(upstream:short)%00%(objectname)%00%(upstream:track)%00%(upstream:remotename)%00%(upstream:remoteref) refs/heads/main refs/remotes/main [1ms]
2025-03-08 05:42:05.597 [info] > git for-each-ref --sort -committerdate --format %(refname) %(objectname) %(*objectname) [4ms]
2025-03-08 05:42:05.637 [info] > git status -z -uall [46ms]
2025-03-08 05:42:10.665 [info] > git config --get commit.template [4ms]
2025-03-08 05:42:10.666 [info] > git for-each-ref --format=%(refname)%00%(upstream:short)%00%(objectname)%00%(upstream:track)%00%(upstream:remotename)%00%(upstream:remoteref) refs/heads/main refs/remotes/main [1ms]
2025-03-08 05:42:10.674 [info] > git for-each-ref --sort -committerdate --format %(refname) %(objectname) %(*objectname) [1ms]
2025-03-08 05:42:10.715 [info] > git status -z -uall [46ms]
2025-03-08 05:42:15.744 [info] > git config --get commit.template [4ms]
2025-03-08 05:42:15.745 [info] > git for-each-ref --format=%(refname)%00%(upstream:short)%00%(objectname)%00%(upstream:track)%00%(upstream:remotename)%00%(upstream:remoteref) refs/heads/main refs/remotes/main [2ms]
2025-03-08 05:42:15.752 [info] > git for-each-ref --sort -committerdate --format %(refname) %(objectname) %(*objectname) [2ms]
2025-03-08 05:42:15.794 [info] > git status -z -uall [46ms]
2025-03-08 05:42:20.824 [info] > git config --get commit.template [4ms]
2025-03-08 05:42:20.825 [info] > git for-each-ref --format=%(refname)%00%(upstream:short)%00%(objectname)%00%(upstream:track)%00%(upstream:remotename)%00%(upstream:remoteref) refs/heads/main refs/remotes/main [1ms]
2025-03-08 05:42:20.833 [info] > git for-each-ref --sort -committerdate --format %(refname) %(objectname) %(*objectname) [2ms]
2025-03-08 05:42:20.874 [info] > git status -z -uall [46ms]
2025-03-08 05:42:25.906 [info] > git config --get commit.template [3ms]
2025-03-08 05:42:25.906 [info] > git for-each-ref --format=%(refname)%00%(upstream:short)%00%(objectname)%00%(upstream:track)%00%(upstream:remotename)%00%(upstream:remoteref) refs/heads/main refs/remotes/main [1ms]
2025-03-08 05:42:25.919 [info] > git for-each-ref --sort -committerdate --format %(refname) %(objectname) %(*objectname) [7ms]
2025-03-08 05:42:25.956 [info] > git status -z -uall [47ms]
2025-03-08 05:42:30.985 [info] > git config --get commit.template [4ms]
2025-03-08 05:42:30.986 [info] > git for-each-ref --format=%(refname)%00%(upstream:short)%00%(objectname)%00%(upstream:track)%00%(upstream:remotename)%00%(upstream:remoteref) refs/heads/main refs/remotes/main [2ms]
2025-03-08 05:42:30.999 [info] > git for-each-ref --sort -committerdate --format %(refname) %(objectname) %(*objectname) [6ms]
2025-03-08 05:42:31.035 [info] > git status -z -uall [46ms]
2025-03-08 05:42:35.891 [info] > git ls-files --stage -- /home/student/.vscode-server/cli/servers/Stable-33fc5a94a3f99ebe7087e8fe79fbe1d37a251016/server/extensions/git-base/package.json [4ms]
2025-03-08 05:42:35.894 [info] > git show --textconv :.vscode-server/cli/servers/Stable-33fc5a94a3f99ebe7087e8fe79fbe1d37a251016/server/extensions/git-base/package.json [10ms]
2025-03-08 05:42:35.895 [info] > git cat-file -s 4e15409593df90820be95f253425845a6b6535be [1ms]
2025-03-08 05:42:36.064 [info] > git config --get commit.template [3ms]
2025-03-08 05:42:36.065 [info] > git for-each-ref --format=%(refname)%00%(upstream:short)%00%(objectname)%00%(upstream:track)%00%(upstream:remotename)%00%(upstream:remoteref) refs/heads/main refs/remotes/main [1ms]
2025-03-08 05:42:36.072 [info] > git for-each-ref --sort -committerdate --format %(refname) %(objectname) %(*objectname) [2ms]
2025-03-08 05:42:36.126 [info] > git status -z -uall [59ms]
2025-03-08 05:42:36.150 [info] > git blame --root --incremental 7ebd56723eb290d785ff9d03833ad42fcecfe631 -- /home/student/.vscode-server/cli/servers/Stable-33fc5a94a3f99ebe7087e8fe79fbe1d37a251016/server/extensions/git-base/package.json [34ms]
2025-03-08 05:42:36.182 [info] > git check-ignore -v -z --stdin [5ms]
2025-03-08 05:42:37.318 [info] > git check-ignore -v -z --stdin [15ms]
2025-03-08 05:42:41.159 [info] > git config --get commit.template [4ms]
2025-03-08 05:42:41.160 [info] > git for-each-ref --format=%(refname)%00%(upstream:short)%00%(objectname)%00%(upstream:track)%00%(upstream:remotename)%00%(upstream:remoteref) refs/heads/main refs/remotes/main [2ms]
2025-03-08 05:42:41.173 [info] > git for-each-ref --sort -committerdate --format %(refname) %(objectname) %(*objectname) [5ms]
2025-03-08 05:42:41.213 [info] > git status -z -uall [49ms]
2025-03-08 05:42:46.244 [info] > git config --get commit.template [4ms]
2025-03-08 05:42:46.245 [info] > git for-each-ref --format=%(refname)%00%(upstream:short)%00%(objectname)%00%(upstream:track)%00%(upstream:remotename)%00%(upstream:remoteref) refs/heads/main refs/remotes/main [1ms]
2025-03-08 05:42:46.257 [info] > git for-each-ref --sort -committerdate --format %(refname) %(objectname) %(*objectname) [5ms]
2025-03-08 05:42:46.297 [info] > git status -z -uall [48ms]
2025-03-08 05:42:51.329 [info] > git config --get commit.template [4ms]
2025-03-08 05:42:51.331 [info] > git for-each-ref --format=%(refname)%00%(upstream:short)%00%(objectname)%00%(upstream:track)%00%(upstream:remotename)%00%(upstream:remoteref) refs/heads/main refs/remotes/main [1ms]
2025-03-08 05:42:51.339 [info] > git for-each-ref --sort -committerdate --format %(refname) %(objectname) %(*objectname) [2ms]
2025-03-08 05:42:51.381 [info] > git status -z -uall [47ms]
2025-03-08 05:42:56.412 [info] > git config --get commit.template [4ms]
2025-03-08 05:42:56.413 [info] > git for-each-ref --format=%(refname)%00%(upstream:short)%00%(objectname)%00%(upstream:track)%00%(upstream:remotename)%00%(upstream:remoteref) refs/heads/main refs/remotes/main [1ms]
2025-03-08 05:42:56.424 [info] > git for-each-ref --sort -committerdate --format %(refname) %(objectname) %(*objectname) [4ms]
2025-03-08 05:42:56.463 [info] > git status -z -uall [46ms]
2025-03-08 05:43:01.491 [info] > git config --get commit.template [4ms]
2025-03-08 05:43:01.493 [info] > git for-each-ref --format=%(refname)%00%(upstream:short)%00%(objectname)%00%(upstream:track)%00%(upstream:remotename)%00%(upstream:remoteref) refs/heads/main refs/remotes/main [2ms]
2025-03-08 05:43:01.503 [info] > git for-each-ref --sort -committerdate --format %(refname) %(objectname) %(*objectname) [4ms]
2025-03-08 05:43:01.543 [info] > git status -z -uall [47ms]
2025-03-08 05:43:06.573 [info] > git config --get commit.template [5ms]
2025-03-08 05:43:06.574 [info] > git for-each-ref --format=%(refname)%00%(upstream:short)%00%(objectname)%00%(upstream:track)%00%(upstream:remotename)%00%(upstream:remoteref) refs/heads/main refs/remotes/main [2ms]
2025-03-08 05:43:06.587 [info] > git for-each-ref --sort -committerdate --format %(refname) %(objectname) %(*objectname) [6ms]
2025-03-08 05:43:06.624 [info] > git status -z -uall [47ms]
2025-03-08 05:43:11.653 [info] > git config --get commit.template [3ms]
2025-03-08 05:43:11.653 [info] > git for-each-ref --format=%(refname)%00%(upstream:short)%00%(objectname)%00%(upstream:track)%00%(upstream:remotename)%00%(upstream:remoteref) refs/heads/main refs/remotes/main [1ms]
2025-03-08 05:43:11.663 [info] > git for-each-ref --sort -committerdate --format %(refname) %(objectname) %(*objectname) [4ms]
2025-03-08 05:43:11.705 [info] > git status -z -uall [49ms]
2025-03-08 05:43:16.741 [info] > git config --get commit.template [3ms]
2025-03-08 05:43:16.742 [info] > git for-each-ref --format=%(refname)%00%(upstream:short)%00%(objectname)%00%(upstream:track)%00%(upstream:remotename)%00%(upstream:remoteref) refs/heads/main refs/remotes/main [1ms]
2025-03-08 05:43:16.754 [info] > git for-each-ref --sort -committerdate --format %(refname) %(objectname) %(*objectname) [5ms]
2025-03-08 05:43:16.792 [info] > git status -z -uall [47ms]
2025-03-08 05:43:21.823 [info] > git config --get commit.template [4ms]
2025-03-08 05:43:21.824 [info] > git for-each-ref --format=%(refname)%00%(upstream:short)%00%(objectname)%00%(upstream:track)%00%(upstream:remotename)%00%(upstream:remoteref) refs/heads/main refs/remotes/main [1ms]
2025-03-08 05:43:21.831 [info] > git for-each-ref --sort -committerdate --format %(refname) %(objectname) %(*objectname) [2ms]
2025-03-08 05:43:21.874 [info] > git status -z -uall [47ms]
2025-03-08 05:43:26.904 [info] > git config --get commit.template [4ms]
2025-03-08 05:43:26.905 [info] > git for-each-ref --format=%(refname)%00%(upstream:short)%00%(objectname)%00%(upstream:track)%00%(upstream:remotename)%00%(upstream:remoteref) refs/heads/main refs/remotes/main [1ms]
2025-03-08 05:43:26.915 [info] > git for-each-ref --sort -committerdate --format %(refname) %(objectname) %(*objectname) [4ms]
2025-03-08 05:43:26.955 [info] > git status -z -uall [47ms]
2025-03-08 05:43:27.961 [info] > git check-ignore -v -z --stdin [4ms]
2025-03-08 05:43:31.985 [info] > git config --get commit.template [4ms]
2025-03-08 05:43:31.986 [info] > git for-each-ref --format=%(refname)%00%(upstream:short)%00%(objectname)%00%(upstream:track)%00%(upstream:remotename)%00%(upstream:remoteref) refs/heads/main refs/remotes/main [2ms]
2025-03-08 05:43:32.000 [info] > git for-each-ref --sort -committerdate --format %(refname) %(objectname) %(*objectname) [8ms]
2025-03-08 05:43:32.036 [info] > git status -z -uall [47ms]
2025-03-08 05:43:37.066 [info] > git config --get commit.template [4ms]
2025-03-08 05:43:37.067 [info] > git for-each-ref --format=%(refname)%00%(upstream:short)%00%(objectname)%00%(upstream:track)%00%(upstream:remotename)%00%(upstream:remoteref) refs/heads/main refs/remotes/main [2ms]
2025-03-08 05:43:37.081 [info] > git for-each-ref --sort -committerdate --format %(refname) %(objectname) %(*objectname) [8ms]
2025-03-08 05:43:37.117 [info] > git status -z -uall [47ms]
2025-03-08 05:43:42.145 [info] > git config --get commit.template [4ms]
2025-03-08 05:43:42.146 [info] > git for-each-ref --format=%(refname)%00%(upstream:short)%00%(objectname)%00%(upstream:track)%00%(upstream:remotename)%00%(upstream:remoteref) refs/heads/main refs/remotes/main [2ms]
2025-03-08 05:43:42.153 [info] > git for-each-ref --sort -committerdate --format %(refname) %(objectname) %(*objectname) [2ms]
2025-03-08 05:43:42.196 [info] > git status -z -uall [47ms]
2025-03-08 05:43:47.228 [info] > git config --get commit.template [4ms]
2025-03-08 05:43:47.229 [info] > git for-each-ref --format=%(refname)%00%(upstream:short)%00%(objectname)%00%(upstream:track)%00%(upstream:remotename)%00%(upstream:remoteref) refs/heads/main refs/remotes/main [2ms]
2025-03-08 05:43:47.236 [info] > git for-each-ref --sort -committerdate --format %(refname) %(objectname) %(*objectname) [2ms]
2025-03-08 05:43:47.279 [info] > git status -z -uall [47ms]
2025-03-08 05:43:52.309 [info] > git config --get commit.template [3ms]
2025-03-08 05:43:52.311 [info] > git for-each-ref --format=%(refname)%00%(upstream:short)%00%(objectname)%00%(upstream:track)%00%(upstream:remotename)%00%(upstream:remoteref) refs/heads/main refs/remotes/main [1ms]
2025-03-08 05:43:52.318 [info] > git for-each-ref --sort -committerdate --format %(refname) %(objectname) %(*objectname) [2ms]
2025-03-08 05:43:52.362 [info] > git status -z -uall [49ms]
2025-03-08 05:43:57.390 [info] > git config --get commit.template [4ms]
2025-03-08 05:43:57.391 [info] > git for-each-ref --format=%(refname)%00%(upstream:short)%00%(objectname)%00%(upstream:track)%00%(upstream:remotename)%00%(upstream:remoteref) refs/heads/main refs/remotes/main [2ms]
2025-03-08 05:43:57.398 [info] > git for-each-ref --sort -committerdate --format %(refname) %(objectname) %(*objectname) [2ms]
2025-03-08 05:43:57.442 [info] > git status -z -uall [47ms]
2025-03-08 05:44:02.469 [info] > git config --get commit.template [4ms]
2025-03-08 05:44:02.470 [info] > git for-each-ref --format=%(refname)%00%(upstream:short)%00%(objectname)%00%(upstream:track)%00%(upstream:remotename)%00%(upstream:remoteref) refs/heads/main refs/remotes/main [2ms]
2025-03-08 05:44:02.477 [info] > git for-each-ref --sort -committerdate --format %(refname) %(objectname) %(*objectname) [2ms]
2025-03-08 05:44:02.519 [info] > git status -z -uall [46ms]
2025-03-08 05:44:07.545 [info] > git config --get commit.template [4ms]
2025-03-08 05:44:07.546 [info] > git for-each-ref --format=%(refname)%00%(upstream:short)%00%(objectname)%00%(upstream:track)%00%(upstream:remotename)%00%(upstream:remoteref) refs/heads/main refs/remotes/main [2ms]
2025-03-08 05:44:07.553 [info] > git for-each-ref --sort -committerdate --format %(refname) %(objectname) %(*objectname) [2ms]
2025-03-08 05:44:07.595 [info] > git status -z -uall [46ms]
2025-03-08 05:44:12.624 [info] > git config --get commit.template [3ms]
2025-03-08 05:44:12.626 [info] > git for-each-ref --format=%(refname)%00%(upstream:short)%00%(objectname)%00%(upstream:track)%00%(upstream:remotename)%00%(upstream:remoteref) refs/heads/main refs/remotes/main [1ms]
2025-03-08 05:44:12.635 [info] > git for-each-ref --sort -committerdate --format %(refname) %(objectname) %(*objectname) [3ms]
2025-03-08 05:44:12.678 [info] > git status -z -uall [50ms]
2025-03-08 05:44:17.706 [info] > git config --get commit.template [4ms]
2025-03-08 05:44:17.707 [info] > git for-each-ref --format=%(refname)%00%(upstream:short)%00%(objectname)%00%(upstream:track)%00%(upstream:remotename)%00%(upstream:remoteref) refs/heads/main refs/remotes/main [2ms]
2025-03-08 05:44:17.714 [info] > git for-each-ref --sort -committerdate --format %(refname) %(objectname) %(*objectname) [2ms]
2025-03-08 05:44:17.755 [info] > git status -z -uall [46ms]
2025-03-08 05:44:22.782 [info] > git config --get commit.template [4ms]
2025-03-08 05:44:22.783 [info] > git for-each-ref --format=%(refname)%00%(upstream:short)%00%(objectname)%00%(upstream:track)%00%(upstream:remotename)%00%(upstream:remoteref) refs/heads/main refs/remotes/main [2ms]
2025-03-08 05:44:22.799 [info] > git for-each-ref --sort -committerdate --format %(refname) %(objectname) %(*objectname) [8ms]
2025-03-08 05:44:22.834 [info] > git status -z -uall [48ms]
2025-03-08 05:44:27.862 [info] > git config --get commit.template [4ms]
2025-03-08 05:44:27.863 [info] > git for-each-ref --format=%(refname)%00%(upstream:short)%00%(objectname)%00%(upstream:track)%00%(upstream:remotename)%00%(upstream:remoteref) refs/heads/main refs/remotes/main [2ms]
2025-03-08 05:44:27.877 [info] > git for-each-ref --sort -committerdate --format %(refname) %(objectname) %(*objectname) [7ms]
2025-03-08 05:44:27.915 [info] > git status -z -uall [49ms]
2025-03-08 05:44:32.943 [info] > git config --get commit.template [4ms]
2025-03-08 05:44:32.944 [info] > git for-each-ref --format=%(refname)%00%(upstream:short)%00%(objectname)%00%(upstream:track)%00%(upstream:remotename)%00%(upstream:remoteref) refs/heads/main refs/remotes/main [2ms]
2025-03-08 05:44:32.957 [info] > git for-each-ref --sort -committerdate --format %(refname) %(objectname) %(*objectname) [6ms]
2025-03-08 05:44:32.994 [info] > git status -z -uall [47ms]
2025-03-08 05:44:40.555 [info] > git config --get commit.template [3ms]
2025-03-08 05:44:40.560 [info] > git for-each-ref --format=%(refname)%00%(upstream:short)%00%(objectname)%00%(upstream:track)%00%(upstream:remotename)%00%(upstream:remoteref) refs/heads/main refs/remotes/main [2ms]
2025-03-08 05:44:40.572 [info] > git for-each-ref --sort -committerdate --format %(refname) %(objectname) %(*objectname) [6ms]
2025-03-08 05:44:40.611 [info] > git status -z -uall [48ms]
2025-03-08 05:44:49.455 [info] > git config --get commit.template [4ms]
2025-03-08 05:44:49.456 [info] > git for-each-ref --format=%(refname)%00%(upstream:short)%00%(objectname)%00%(upstream:track)%00%(upstream:remotename)%00%(upstream:remoteref) refs/heads/main refs/remotes/main [1ms]
2025-03-08 05:44:49.463 [info] > git for-each-ref --sort -committerdate --format %(refname) %(objectname) %(*objectname) [2ms]
2025-03-08 05:44:49.506 [info] > git status -z -uall [47ms]
2025-03-08 05:44:54.535 [info] > git config --get commit.template [5ms]
2025-03-08 05:44:54.536 [info] > git for-each-ref --format=%(refname)%00%(upstream:short)%00%(objectname)%00%(upstream:track)%00%(upstream:remotename)%00%(upstream:remoteref) refs/heads/main refs/remotes/main [2ms]
2025-03-08 05:44:54.546 [info] > git for-each-ref --sort -committerdate --format %(refname) %(objectname) %(*objectname) [1ms]
2025-03-08 05:44:54.589 [info] > git status -z -uall [49ms]
2025-03-08 05:44:59.617 [info] > git config --get commit.template [4ms]
2025-03-08 05:44:59.618 [info] > git for-each-ref --format=%(refname)%00%(upstream:short)%00%(objectname)%00%(upstream:track)%00%(upstream:remotename)%00%(upstream:remoteref) refs/heads/main refs/remotes/main [2ms]
2025-03-08 05:44:59.630 [info] > git for-each-ref --sort -committerdate --format %(refname) %(objectname) %(*objectname) [3ms]
2025-03-08 05:44:59.669 [info] > git status -z -uall [48ms]
2025-03-08 05:45:04.699 [info] > git config --get commit.template [4ms]
2025-03-08 05:45:04.700 [info] > git for-each-ref --format=%(refname)%00%(upstream:short)%00%(objectname)%00%(upstream:track)%00%(upstream:remotename)%00%(upstream:remoteref) refs/heads/main refs/remotes/main [2ms]
2025-03-08 05:45:04.708 [info] > git for-each-ref --sort -committerdate --format %(refname) %(objectname) %(*objectname) [2ms]
2025-03-08 05:45:04.756 [info] > git status -z -uall [53ms]
2025-03-08 05:45:09.789 [info] > git config --get commit.template [3ms]
2025-03-08 05:45:09.790 [info] > git for-each-ref --format=%(refname)%00%(upstream:short)%00%(objectname)%00%(upstream:track)%00%(upstream:remotename)%00%(upstream:remoteref) refs/heads/main refs/remotes/main [2ms]
2025-03-08 05:45:09.802 [info] > git for-each-ref --sort -committerdate --format %(refname) %(objectname) %(*objectname) [7ms]
2025-03-08 05:45:09.839 [info] > git status -z -uall [46ms]
2025-03-08 05:45:18.112 [info] > git config --get commit.template [3ms]
2025-03-08 05:45:18.113 [info] > git for-each-ref --format=%(refname)%00%(upstream:short)%00%(objectname)%00%(upstream:track)%00%(upstream:remotename)%00%(upstream:remoteref) refs/heads/main refs/remotes/main [1ms]
2025-03-08 05:45:18.120 [info] > git for-each-ref --sort -committerdate --format %(refname) %(objectname) %(*objectname) [2ms]
2025-03-08 05:45:18.162 [info] > git status -z -uall [47ms]
2025-03-08 05:45:23.196 [info] > git config --get commit.template [3ms]
2025-03-08 05:45:23.197 [info] > git for-each-ref --format=%(refname)%00%(upstream:short)%00%(objectname)%00%(upstream:track)%00%(upstream:remotename)%00%(upstream:remoteref) refs/heads/main refs/remotes/main [2ms]
2025-03-08 05:45:23.208 [info] > git for-each-ref --sort -committerdate --format %(refname) %(objectname) %(*objectname) [6ms]
2025-03-08 05:45:23.246 [info] > git status -z -uall [46ms]
2025-03-08 05:45:28.274 [info] > git config --get commit.template [3ms]
2025-03-08 05:45:28.275 [info] > git for-each-ref --format=%(refname)%00%(upstream:short)%00%(objectname)%00%(upstream:track)%00%(upstream:remotename)%00%(upstream:remoteref) refs/heads/main refs/remotes/main [2ms]
2025-03-08 05:45:28.282 [info] > git for-each-ref --sort -committerdate --format %(refname) %(objectname) %(*objectname) [2ms]
2025-03-08 05:45:28.325 [info] > git status -z -uall [47ms]
2025-03-08 05:45:33.354 [info] > git config --get commit.template [4ms]
2025-03-08 05:45:33.354 [info] > git for-each-ref --format=%(refname)%00%(upstream:short)%00%(objectname)%00%(upstream:track)%00%(upstream:remotename)%00%(upstream:remoteref) refs/heads/main refs/remotes/main [1ms]
2025-03-08 05:45:33.368 [info] > git for-each-ref --sort -committerdate --format %(refname) %(objectname) %(*objectname) [9ms]
2025-03-08 05:45:33.403 [info] > git status -z -uall [46ms]
2025-03-08 05:45:38.431 [info] > git config --get commit.template [3ms]
2025-03-08 05:45:38.432 [info] > git for-each-ref --format=%(refname)%00%(upstream:short)%00%(objectname)%00%(upstream:track)%00%(upstream:remotename)%00%(upstream:remoteref) refs/heads/main refs/remotes/main [1ms]
2025-03-08 05:45:38.439 [info] > git for-each-ref --sort -committerdate --format %(refname) %(objectname) %(*objectname) [2ms]
2025-03-08 05:45:38.482 [info] > git status -z -uall [47ms]
2025-03-08 05:49:57.588 [info] > git config --get commit.template [3ms]
2025-03-08 05:49:57.589 [info] > git for-each-ref --format=%(refname)%00%(upstream:short)%00%(objectname)%00%(upstream:track)%00%(upstream:remotename)%00%(upstream:remoteref) refs/heads/main refs/remotes/main [2ms]
2025-03-08 05:49:57.600 [info] > git for-each-ref --sort -committerdate --format %(refname) %(objectname) %(*objectname) [6ms]
2025-03-08 05:49:57.639 [info] > git status -z -uall [48ms]
2025-03-08 05:50:02.677 [info] > git config --get commit.template [2ms]
2025-03-08 05:50:02.682 [info] > git for-each-ref --format=%(refname)%00%(upstream:short)%00%(objectname)%00%(upstream:track)%00%(upstream:remotename)%00%(upstream:remoteref) refs/heads/main refs/remotes/main [2ms]
2025-03-08 05:50:02.694 [info] > git for-each-ref --sort -committerdate --format %(refname) %(objectname) %(*objectname) [6ms]
2025-03-08 05:50:02.735 [info] > git status -z -uall [50ms]
2025-03-08 05:50:07.770 [info] > git config --get commit.template [3ms]
2025-03-08 05:50:07.771 [info] > git for-each-ref --format=%(refname)%00%(upstream:short)%00%(objectname)%00%(upstream:track)%00%(upstream:remotename)%00%(upstream:remoteref) refs/heads/main refs/remotes/main [2ms]
2025-03-08 05:50:07.782 [info] > git for-each-ref --sort -committerdate --format %(refname) %(objectname) %(*objectname) [5ms]
2025-03-08 05:50:07.821 [info] > git status -z -uall [47ms]
2025-03-08 05:50:12.853 [info] > git config --get commit.template [4ms]
2025-03-08 05:50:12.854 [info] > git for-each-ref --format=%(refname)%00%(upstream:short)%00%(objectname)%00%(upstream:track)%00%(upstream:remotename)%00%(upstream:remoteref) refs/heads/main refs/remotes/main [2ms]
2025-03-08 05:50:12.867 [info] > git for-each-ref --sort -committerdate --format %(refname) %(objectname) %(*objectname) [8ms]
2025-03-08 05:50:12.903 [info] > git status -z -uall [46ms]
2025-03-08 05:50:17.934 [info] > git config --get commit.template [3ms]
2025-03-08 05:50:17.935 [info] > git for-each-ref --format=%(refname)%00%(upstream:short)%00%(objectname)%00%(upstream:track)%00%(upstream:remotename)%00%(upstream:remoteref) refs/heads/main refs/remotes/main [2ms]
2025-03-08 05:50:17.942 [info] > git for-each-ref --sort -committerdate --format %(refname) %(objectname) %(*objectname) [2ms]
2025-03-08 05:50:17.984 [info] > git status -z -uall [46ms]
2025-03-08 05:50:23.011 [info] > git config --get commit.template [3ms]
2025-03-08 05:50:23.012 [info] > git for-each-ref --format=%(refname)%00%(upstream:short)%00%(objectname)%00%(upstream:track)%00%(upstream:remotename)%00%(upstream:remoteref) refs/heads/main refs/remotes/main [1ms]
2025-03-08 05:50:23.024 [info] > git for-each-ref --sort -committerdate --format %(refname) %(objectname) %(*objectname) [6ms]
2025-03-08 05:50:23.061 [info] > git status -z -uall [47ms]
2025-03-08 05:50:28.089 [info] > git config --get commit.template [4ms]
2025-03-08 05:50:28.089 [info] > git for-each-ref --format=%(refname)%00%(upstream:short)%00%(objectname)%00%(upstream:track)%00%(upstream:remotename)%00%(upstream:remoteref) refs/heads/main refs/remotes/main [1ms]
2025-03-08 05:50:28.101 [info] > git for-each-ref --sort -committerdate --format %(refname) %(objectname) %(*objectname) [6ms]
2025-03-08 05:50:28.139 [info] > git status -z -uall [47ms]
2025-03-08 05:51:23.439 [info] > git config --get commit.template [3ms]
2025-03-08 05:51:23.440 [info] > git for-each-ref --format=%(refname)%00%(upstream:short)%00%(objectname)%00%(upstream:track)%00%(upstream:remotename)%00%(upstream:remoteref) refs/heads/main refs/remotes/main [1ms]
2025-03-08 05:51:23.447 [info] > git for-each-ref --sort -committerdate --format %(refname) %(objectname) %(*objectname) [2ms]
2025-03-08 05:51:23.489 [info] > git status -z -uall [46ms]
2025-03-08 05:51:28.518 [info] > git config --get commit.template [5ms]
2025-03-08 05:51:28.519 [info] > git for-each-ref --format=%(refname)%00%(upstream:short)%00%(objectname)%00%(upstream:track)%00%(upstream:remotename)%00%(upstream:remoteref) refs/heads/main refs/remotes/main [2ms]
2025-03-08 05:51:28.528 [info] > git for-each-ref --sort -committerdate --format %(refname) %(objectname) %(*objectname) [4ms]
2025-03-08 05:51:28.567 [info] > git status -z -uall [45ms]
2025-03-08 05:52:01.906 [info] > git config --get commit.template [2ms]
2025-03-08 05:52:01.907 [info] > git for-each-ref --format=%(refname)%00%(upstream:short)%00%(objectname)%00%(upstream:track)%00%(upstream:remotename)%00%(upstream:remoteref) refs/heads/main refs/remotes/main [1ms]
2025-03-08 05:52:01.918 [info] > git for-each-ref --sort -committerdate --format %(refname) %(objectname) %(*objectname) [7ms]
2025-03-08 05:52:01.956 [info] > git status -z -uall [47ms]
2025-03-08 05:52:12.647 [info] > git config --get commit.template [2ms]
2025-03-08 05:52:12.647 [info] > git for-each-ref --format=%(refname)%00%(upstream:short)%00%(objectname)%00%(upstream:track)%00%(upstream:remotename)%00%(upstream:remoteref) refs/heads/main refs/remotes/main [1ms]
2025-03-08 05:52:12.654 [info] > git for-each-ref --sort -committerdate --format %(refname) %(objectname) %(*objectname) [2ms]
2025-03-08 05:52:12.696 [info] > git status -z -uall [46ms]
2025-03-08 05:52:17.733 [info] > git config --get commit.template [4ms]
2025-03-08 05:52:17.733 [info] > git for-each-ref --format=%(refname)%00%(upstream:short)%00%(objectname)%00%(upstream:track)%00%(upstream:remotename)%00%(upstream:remoteref) refs/heads/main refs/remotes/main [1ms]
2025-03-08 05:52:17.740 [info] > git for-each-ref --sort -committerdate --format %(refname) %(objectname) %(*objectname) [2ms]
2025-03-08 05:52:17.782 [info] > git status -z -uall [46ms]
2025-03-08 05:52:50.080 [info] > git config --get commit.template [3ms]
2025-03-08 05:52:50.081 [info] > git for-each-ref --format=%(refname)%00%(upstream:short)%00%(objectname)%00%(upstream:track)%00%(upstream:remotename)%00%(upstream:remoteref) refs/heads/main refs/remotes/main [2ms]
2025-03-08 05:52:50.094 [info] > git for-each-ref --sort -committerdate --format %(refname) %(objectname) %(*objectname) [8ms]
2025-03-08 05:52:50.129 [info] > git status -z -uall [46ms]
2025-03-08 05:52:55.160 [info] > git config --get commit.template [3ms]
2025-03-08 05:52:55.161 [info] > git for-each-ref --format=%(refname)%00%(upstream:short)%00%(objectname)%00%(upstream:track)%00%(upstream:remotename)%00%(upstream:remoteref) refs/heads/main refs/remotes/main [2ms]
2025-03-08 05:52:55.170 [info] > git for-each-ref --sort -committerdate --format %(refname) %(objectname) %(*objectname) [4ms]
2025-03-08 05:52:55.210 [info] > git status -z -uall [47ms]
2025-03-08 05:53:30.511 [info] > git config --get commit.template [2ms]
2025-03-08 05:53:30.512 [info] > git for-each-ref --format=%(refname)%00%(upstream:short)%00%(objectname)%00%(upstream:track)%00%(upstream:remotename)%00%(upstream:remoteref) refs/heads/main refs/remotes/main [2ms]
2025-03-08 05:53:30.520 [info] > git for-each-ref --sort -committerdate --format %(refname) %(objectname) %(*objectname) [4ms]
2025-03-08 05:53:30.560 [info] > git status -z -uall [46ms]
2025-03-08 05:54:33.335 [info] > git config --get commit.template [2ms]
2025-03-08 05:54:33.336 [info] > git for-each-ref --format=%(refname)%00%(upstream:short)%00%(objectname)%00%(upstream:track)%00%(upstream:remotename)%00%(upstream:remoteref) refs/heads/main refs/remotes/main [1ms]
2025-03-08 05:54:33.349 [info] > git for-each-ref --sort -committerdate --format %(refname) %(objectname) %(*objectname) [8ms]
2025-03-08 05:54:33.386 [info] > git status -z -uall [47ms]
2025-03-08 05:54:43.469 [info] > git config --get commit.template [3ms]
2025-03-08 05:54:43.470 [info] > git for-each-ref --format=%(refname)%00%(upstream:short)%00%(objectname)%00%(upstream:track)%00%(upstream:remotename)%00%(upstream:remoteref) refs/heads/main refs/remotes/main [2ms]
2025-03-08 05:54:43.476 [info] > git for-each-ref --sort -committerdate --format %(refname) %(objectname) %(*objectname) [2ms]
2025-03-08 05:54:43.519 [info] > git status -z -uall [47ms]
2025-03-08 05:54:51.917 [info] > git config --get commit.template [3ms]
2025-03-08 05:54:51.918 [info] > git for-each-ref --format=%(refname)%00%(upstream:short)%00%(objectname)%00%(upstream:track)%00%(upstream:remotename)%00%(upstream:remoteref) refs/heads/main refs/remotes/main [1ms]
2025-03-08 05:54:51.927 [info] > git for-each-ref --sort -committerdate --format %(refname) %(objectname) %(*objectname) [4ms]
2025-03-08 05:54:51.969 [info] > git status -z -uall [48ms]
2025-03-08 05:55:02.581 [info] > git config --get commit.template [3ms]
2025-03-08 05:55:02.582 [info] > git for-each-ref --format=%(refname)%00%(upstream:short)%00%(objectname)%00%(upstream:track)%00%(upstream:remotename)%00%(upstream:remoteref) refs/heads/main refs/remotes/main [2ms]
2025-03-08 05:55:02.593 [info] > git for-each-ref --sort -committerdate --format %(refname) %(objectname) %(*objectname) [7ms]
2025-03-08 05:55:02.630 [info] > git status -z -uall [46ms]
2025-03-08 05:55:10.027 [info] > git config --get commit.template [3ms]
2025-03-08 05:55:10.029 [info] > git for-each-ref --format=%(refname)%00%(upstream:short)%00%(objectname)%00%(upstream:track)%00%(upstream:remotename)%00%(upstream:remoteref) refs/heads/main refs/remotes/main [2ms]
2025-03-08 05:55:10.040 [info] > git for-each-ref --sort -committerdate --format %(refname) %(objectname) %(*objectname) [7ms]
2025-03-08 05:55:10.077 [info] > git status -z -uall [46ms]
2025-03-08 05:57:30.067 [info] > git config --get commit.template [5ms]
2025-03-08 05:57:30.067 [info] > git for-each-ref --format=%(refname)%00%(upstream:short)%00%(objectname)%00%(upstream:track)%00%(upstream:remotename)%00%(upstream:remoteref) refs/heads/main refs/remotes/main [1ms]
2025-03-08 05:57:30.075 [info] > git for-each-ref --sort -committerdate --format %(refname) %(objectname) %(*objectname) [2ms]
2025-03-08 05:57:30.119 [info] > git status -z -uall [49ms]
2025-03-08 05:57:40.503 [info] > git config --get commit.template [3ms]
2025-03-08 05:57:40.504 [info] > git for-each-ref --format=%(refname)%00%(upstream:short)%00%(objectname)%00%(upstream:track)%00%(upstream:remotename)%00%(upstream:remoteref) refs/heads/main refs/remotes/main [1ms]
2025-03-08 05:57:40.510 [info] > git for-each-ref --sort -committerdate --format %(refname) %(objectname) %(*objectname) [2ms]
2025-03-08 05:57:40.552 [info] > git status -z -uall [46ms]
2025-03-08 05:57:51.762 [info] > git config --get commit.template [3ms]
2025-03-08 05:57:51.763 [info] > git for-each-ref --format=%(refname)%00%(upstream:short)%00%(objectname)%00%(upstream:track)%00%(upstream:remotename)%00%(upstream:remoteref) refs/heads/main refs/remotes/main [1ms]
2025-03-08 05:57:51.774 [info] > git for-each-ref --sort -committerdate --format %(refname) %(objectname) %(*objectname) [7ms]
2025-03-08 05:57:51.810 [info] > git status -z -uall [45ms]
2025-03-08 05:58:54.154 [info] > git config --get commit.template [3ms]
2025-03-08 05:58:54.154 [info] > git for-each-ref --format=%(refname)%00%(upstream:short)%00%(objectname)%00%(upstream:track)%00%(upstream:remotename)%00%(upstream:remoteref) refs/heads/main refs/remotes/main [1ms]
2025-03-08 05:58:54.171 [info] > git for-each-ref --sort -committerdate --format %(refname) %(objectname) %(*objectname) [11ms]
2025-03-08 05:58:54.204 [info] > git status -z -uall [47ms]
2025-03-08 05:58:59.241 [info] > git config --get commit.template [3ms]
2025-03-08 05:58:59.242 [info] > git for-each-ref --format=%(refname)%00%(upstream:short)%00%(objectname)%00%(upstream:track)%00%(upstream:remotename)%00%(upstream:remoteref) refs/heads/main refs/remotes/main [2ms]
2025-03-08 05:58:59.251 [info] > git for-each-ref --sort -committerdate --format %(refname) %(objectname) %(*objectname) [1ms]
2025-03-08 05:58:59.292 [info] > git status -z -uall [47ms]
2025-03-08 05:59:04.324 [info] > git config --get commit.template [4ms]
2025-03-08 05:59:04.325 [info] > git for-each-ref --format=%(refname)%00%(upstream:short)%00%(objectname)%00%(upstream:track)%00%(upstream:remotename)%00%(upstream:remoteref) refs/heads/main refs/remotes/main [2ms]
2025-03-08 05:59:04.333 [info] > git for-each-ref --sort -committerdate --format %(refname) %(objectname) %(*objectname) [2ms]
2025-03-08 05:59:04.375 [info] > git status -z -uall [47ms]
2025-03-08 05:59:09.402 [info] > git config --get commit.template [3ms]
2025-03-08 05:59:09.403 [info] > git for-each-ref --format=%(refname)%00%(upstream:short)%00%(objectname)%00%(upstream:track)%00%(upstream:remotename)%00%(upstream:remoteref) refs/heads/main refs/remotes/main [1ms]
2025-03-08 05:59:09.414 [info] > git for-each-ref --sort -committerdate --format %(refname) %(objectname) %(*objectname) [6ms]
2025-03-08 05:59:09.452 [info] > git status -z -uall [46ms]
2025-03-08 05:59:41.231 [info] > git config --get commit.template [3ms]
2025-03-08 05:59:41.232 [info] > git for-each-ref --format=%(refname)%00%(upstream:short)%00%(objectname)%00%(upstream:track)%00%(upstream:remotename)%00%(upstream:remoteref) refs/heads/main refs/remotes/main [2ms]
2025-03-08 05:59:41.245 [info] > git for-each-ref --sort -committerdate --format %(refname) %(objectname) %(*objectname) [8ms]
2025-03-08 05:59:41.281 [info] > git status -z -uall [46ms]
2025-03-08 05:59:46.314 [info] > git config --get commit.template [3ms]
2025-03-08 05:59:46.315 [info] > git for-each-ref --format=%(refname)%00%(upstream:short)%00%(objectname)%00%(upstream:track)%00%(upstream:remotename)%00%(upstream:remoteref) refs/heads/main refs/remotes/main [1ms]
2025-03-08 05:59:46.325 [info] > git for-each-ref --sort -committerdate --format %(refname) %(objectname) %(*objectname) [0ms]
2025-03-08 05:59:46.366 [info] > git status -z -uall [47ms]
2025-03-08 05:59:55.505 [info] > git config --get commit.template [3ms]
2025-03-08 05:59:55.506 [info] > git for-each-ref --format=%(refname)%00%(upstream:short)%00%(objectname)%00%(upstream:track)%00%(upstream:remotename)%00%(upstream:remoteref) refs/heads/main refs/remotes/main [2ms]
2025-03-08 05:59:55.513 [info] > git for-each-ref --sort -committerdate --format %(refname) %(objectname) %(*objectname) [2ms]
2025-03-08 05:59:55.556 [info] > git status -z -uall [47ms]
2025-03-08 06:00:16.602 [info] > git config --get commit.template [3ms]
2025-03-08 06:00:16.603 [info] > git for-each-ref --format=%(refname)%00%(upstream:short)%00%(objectname)%00%(upstream:track)%00%(upstream:remotename)%00%(upstream:remoteref) refs/heads/main refs/remotes/main [2ms]
2025-03-08 06:00:16.612 [info] > git for-each-ref --sort -committerdate --format %(refname) %(objectname) %(*objectname) [4ms]
2025-03-08 06:00:16.654 [info] > git status -z -uall [48ms]
2025-03-08 06:00:21.692 [info] > git config --get commit.template [4ms]
2025-03-08 06:00:21.693 [info] > git for-each-ref --format=%(refname)%00%(upstream:short)%00%(objectname)%00%(upstream:track)%00%(upstream:remotename)%00%(upstream:remoteref) refs/heads/main refs/remotes/main [1ms]
2025-03-08 06:00:21.700 [info] > git for-each-ref --sort -committerdate --format %(refname) %(objectname) %(*objectname) [2ms]
2025-03-08 06:00:21.740 [info] > git status -z -uall [45ms]
2025-03-08 06:00:26.771 [info] > git config --get commit.template [3ms]
2025-03-08 06:00:26.772 [info] > git for-each-ref --format=%(refname)%00%(upstream:short)%00%(objectname)%00%(upstream:track)%00%(upstream:remotename)%00%(upstream:remoteref) refs/heads/main refs/remotes/main [1ms]
2025-03-08 06:00:26.782 [info] > git for-each-ref --sort -committerdate --format %(refname) %(objectname) %(*objectname) [3ms]
2025-03-08 06:00:26.822 [info] > git status -z -uall [47ms]
2025-03-08 06:00:31.848 [info] > git config --get commit.template [3ms]
2025-03-08 06:00:31.849 [info] > git for-each-ref --format=%(refname)%00%(upstream:short)%00%(objectname)%00%(upstream:track)%00%(upstream:remotename)%00%(upstream:remoteref) refs/heads/main refs/remotes/main [1ms]
2025-03-08 06:00:31.863 [info] > git for-each-ref --sort -committerdate --format %(refname) %(objectname) %(*objectname) [8ms]
2025-03-08 06:00:31.897 [info] > git status -z -uall [45ms]
2025-03-08 06:00:36.929 [info] > git config --get commit.template [4ms]
2025-03-08 06:00:36.930 [info] > git for-each-ref --format=%(refname)%00%(upstream:short)%00%(objectname)%00%(upstream:track)%00%(upstream:remotename)%00%(upstream:remoteref) refs/heads/main refs/remotes/main [1ms]
2025-03-08 06:00:36.942 [info] > git for-each-ref --sort -committerdate --format %(refname) %(objectname) %(*objectname) [6ms]
2025-03-08 06:00:36.981 [info] > git status -z -uall [48ms]
2025-03-08 06:00:42.010 [info] > git config --get commit.template [4ms]
2025-03-08 06:00:42.011 [info] > git for-each-ref --format=%(refname)%00%(upstream:short)%00%(objectname)%00%(upstream:track)%00%(upstream:remotename)%00%(upstream:remoteref) refs/heads/main refs/remotes/main [2ms]
2025-03-08 06:00:42.018 [info] > git for-each-ref --sort -committerdate --format %(refname) %(objectname) %(*objectname) [2ms]
2025-03-08 06:00:42.060 [info] > git status -z -uall [46ms]
2025-03-08 06:01:03.010 [info] > git config --get commit.template [3ms]
2025-03-08 06:01:03.012 [info] > git for-each-ref --format=%(refname)%00%(upstream:short)%00%(objectname)%00%(upstream:track)%00%(upstream:remotename)%00%(upstream:remoteref) refs/heads/main refs/remotes/main [1ms]
2025-03-08 06:01:03.023 [info] > git for-each-ref --sort -committerdate --format %(refname) %(objectname) %(*objectname) [7ms]
2025-03-08 06:01:03.061 [info] > git status -z -uall [47ms]
2025-03-08 06:01:08.092 [info] > git config --get commit.template [4ms]
2025-03-08 06:01:08.093 [info] > git for-each-ref --format=%(refname)%00%(upstream:short)%00%(objectname)%00%(upstream:track)%00%(upstream:remotename)%00%(upstream:remoteref) refs/heads/main refs/remotes/main [2ms]
2025-03-08 06:01:08.105 [info] > git for-each-ref --sort -committerdate --format %(refname) %(objectname) %(*objectname) [5ms]
2025-03-08 06:01:08.143 [info] > git status -z -uall [47ms]
2025-03-08 06:01:15.182 [info] > git config --get commit.template [3ms]
2025-03-08 06:01:15.182 [info] > git for-each-ref --format=%(refname)%00%(upstream:short)%00%(objectname)%00%(upstream:track)%00%(upstream:remotename)%00%(upstream:remoteref) refs/heads/main refs/remotes/main [1ms]
2025-03-08 06:01:15.189 [info] > git for-each-ref --sort -committerdate --format %(refname) %(objectname) %(*objectname) [1ms]
2025-03-08 06:01:15.234 [info] > git status -z -uall [49ms]
2025-03-08 06:01:18.718 [info] > git check-ignore -v -z --stdin [5ms]
2025-03-08 06:01:20.264 [info] > git config --get commit.template [4ms]
2025-03-08 06:01:20.265 [info] > git for-each-ref --format=%(refname)%00%(upstream:short)%00%(objectname)%00%(upstream:track)%00%(upstream:remotename)%00%(upstream:remoteref) refs/heads/main refs/remotes/main [2ms]
2025-03-08 06:01:20.278 [info] > git for-each-ref --sort -committerdate --format %(refname) %(objectname) %(*objectname) [8ms]
2025-03-08 06:01:20.316 [info] > git status -z -uall [48ms]
2025-03-08 06:01:25.345 [info] > git config --get commit.template [4ms]
2025-03-08 06:01:25.346 [info] > git for-each-ref --format=%(refname)%00%(upstream:short)%00%(objectname)%00%(upstream:track)%00%(upstream:remotename)%00%(upstream:remoteref) refs/heads/main refs/remotes/main [2ms]
2025-03-08 06:01:25.360 [info] > git for-each-ref --sort -committerdate --format %(refname) %(objectname) %(*objectname) [8ms]
2025-03-08 06:01:25.397 [info] > git status -z -uall [48ms]
2025-03-08 06:11:08.026 [info] > git config --get commit.template [4ms]
2025-03-08 06:11:08.027 [info] > git for-each-ref --format=%(refname)%00%(upstream:short)%00%(objectname)%00%(upstream:track)%00%(upstream:remotename)%00%(upstream:remoteref) refs/heads/main refs/remotes/main [2ms]
2025-03-08 06:11:08.036 [info] > git for-each-ref --sort -committerdate --format %(refname) %(objectname) %(*objectname) [4ms]
2025-03-08 06:11:08.078 [info] > git status -z -uall [48ms]
