2025-02-14 21:24:03.858 [info] Extension host with pid 1425 started
2025-02-14 21:24:03.871 [info] Lock '/home/student/.vscode-server/data/User/workspaceStorage/255174b9c84437907369f27ac92b5bdb/vscode.lock': Lock acquired.
2025-02-14 21:24:04.030 [info] ExtensionService#_doActivateExtension vscode.git-base, startup: false, activationEvent: '*', root cause: vscode.git
2025-02-14 21:24:04.151 [info] ExtensionService#_doActivateExtension vscode.git, startup: false, activationEvent: '*'
2025-02-14 21:24:04.151 [info] ExtensionService#_doActivateExtension vscode.github, startup: false, activationEvent: '*'
2025-02-14 21:24:04.534 [info] Eager extensions activated
2025-02-14 21:24:04.534 [info] ExtensionService#_doActivateExtension vscode.debug-auto-launch, startup: false, activationEvent: 'onStartupFinished'
2025-02-14 21:24:04.534 [info] ExtensionService#_doActivateExtension vscode.merge-conflict, startup: false, activationEvent: 'onStartupFinished'
2025-02-14 21:24:04.698 [warning] [Decorations] CAPPING events from decorations provider vscode.git 1606
2025-02-14 21:24:05.085 [info] ExtensionService#_doActivateExtension vscode.emmet, startup: false, activationEvent: 'onLanguage'
2025-02-14 21:24:05.186 [warning] [Decorations] CAPPING events from decorations provider vscode.git 1606
2025-02-14 21:24:08.445 [warning] [Decorations] CAPPING events from decorations provider vscode.git 1606
2025-02-14 21:24:13.499 [warning] [Decorations] CAPPING events from decorations provider vscode.git 1606
2025-02-14 21:24:18.556 [warning] [Decorations] CAPPING events from decorations provider vscode.git 1606
2025-02-14 21:24:23.610 [warning] [Decorations] CAPPING events from decorations provider vscode.git 1606
2025-02-14 21:24:28.663 [warning] [Decorations] CAPPING events from decorations provider vscode.git 1606
2025-02-14 21:24:33.722 [warning] [Decorations] CAPPING events from decorations provider vscode.git 1606
2025-02-14 21:24:38.775 [warning] [Decorations] CAPPING events from decorations provider vscode.git 1606
2025-02-14 21:24:43.829 [warning] [Decorations] CAPPING events from decorations provider vscode.git 1606
2025-02-14 21:24:48.884 [warning] [Decorations] CAPPING events from decorations provider vscode.git 1606
2025-02-14 21:24:53.941 [warning] [Decorations] CAPPING events from decorations provider vscode.git 1606
2025-02-14 21:24:58.994 [warning] [Decorations] CAPPING events from decorations provider vscode.git 1606
2025-02-14 21:25:04.053 [warning] [Decorations] CAPPING events from decorations provider vscode.git 1606
2025-02-14 21:25:09.106 [warning] [Decorations] CAPPING events from decorations provider vscode.git 1606
2025-02-14 21:25:14.160 [warning] [Decorations] CAPPING events from decorations provider vscode.git 1606
2025-02-14 21:25:15.940 [error] CodeExpectedError: Unable to write into user settings. Please open the user settings to correct errors/warnings in it and try again.
    at Glt.y (vscode-file://vscode-app/Applications/Visual%20Studio%20Code-2.app/Contents/Resources/app/out/vs/workbench/workbench.desktop.main.js:3202:6643)
    at Glt.o (vscode-file://vscode-app/Applications/Visual%20Studio%20Code-2.app/Contents/Resources/app/out/vs/workbench/workbench.desktop.main.js:3202:4111)
    at Glt.n (vscode-file://vscode-app/Applications/Visual%20Studio%20Code-2.app/Contents/Resources/app/out/vs/workbench/workbench.desktop.main.js:3202:4002)
    at async Object.factory (vscode-file://vscode-app/Applications/Visual%20Studio%20Code-2.app/Contents/Resources/app/out/vs/workbench/workbench.desktop.main.js:3202:3752)
2025-02-14 21:25:15.940 [info] ExtensionService#_doActivateExtension vscode.configuration-editing, startup: false, activationEvent: 'onLanguage:jsonc'
2025-02-14 21:25:15.941 [info] ExtensionService#_doActivateExtension vscode.json-language-features, startup: false, activationEvent: 'onLanguage:jsonc'
2025-02-14 21:25:15.941 [info] ExtensionService#_doActivateExtension vscode.typescript-language-features, startup: false, activationEvent: 'onLanguage:jsonc'
2025-02-14 21:25:19.215 [warning] [Decorations] CAPPING events from decorations provider vscode.git 1607
2025-02-14 21:25:24.269 [warning] [Decorations] CAPPING events from decorations provider vscode.git 1607
2025-02-14 21:25:29.324 [warning] [Decorations] CAPPING events from decorations provider vscode.git 1607
2025-02-14 21:25:34.401 [warning] [Decorations] CAPPING events from decorations provider vscode.git 1607
2025-02-14 21:25:39.456 [warning] [Decorations] CAPPING events from decorations provider vscode.git 1607
2025-02-14 21:25:44.507 [warning] [Decorations] CAPPING events from decorations provider vscode.git 1607
2025-02-14 21:25:49.561 [warning] [Decorations] CAPPING events from decorations provider vscode.git 1607
2025-02-14 21:25:54.616 [warning] [Decorations] CAPPING events from decorations provider vscode.git 1607
2025-02-14 21:26:12.994 [warning] [Decorations] CAPPING events from decorations provider vscode.git 1607
2025-02-14 21:26:18.047 [warning] [Decorations] CAPPING events from decorations provider vscode.git 1607
2025-02-14 21:26:23.104 [warning] [Decorations] CAPPING events from decorations provider vscode.git 1607
2025-02-14 21:26:28.156 [warning] [Decorations] CAPPING events from decorations provider vscode.git 1607
2025-02-14 21:26:33.209 [warning] [Decorations] CAPPING events from decorations provider vscode.git 1607
2025-02-14 21:26:38.260 [warning] [Decorations] CAPPING events from decorations provider vscode.git 1607
2025-02-14 21:26:43.314 [warning] [Decorations] CAPPING events from decorations provider vscode.git 1607
2025-02-14 21:26:48.366 [warning] [Decorations] CAPPING events from decorations provider vscode.git 1607
2025-02-14 21:26:53.418 [warning] [Decorations] CAPPING events from decorations provider vscode.git 1607
2025-02-14 21:26:58.494 [warning] [Decorations] CAPPING events from decorations provider vscode.git 1607
2025-02-14 21:27:03.550 [warning] [Decorations] CAPPING events from decorations provider vscode.git 1607
2025-02-14 21:27:08.604 [warning] [Decorations] CAPPING events from decorations provider vscode.git 1607
2025-02-14 21:27:13.658 [warning] [Decorations] CAPPING events from decorations provider vscode.git 1607
2025-02-14 21:27:18.717 [warning] [Decorations] CAPPING events from decorations provider vscode.git 1607
2025-02-14 21:27:23.770 [warning] [Decorations] CAPPING events from decorations provider vscode.git 1607
2025-02-14 21:27:28.823 [warning] [Decorations] CAPPING events from decorations provider vscode.git 1607
2025-02-14 21:27:33.876 [warning] [Decorations] CAPPING events from decorations provider vscode.git 1610
2025-02-14 21:27:38.932 [warning] [Decorations] CAPPING events from decorations provider vscode.git 1610
2025-02-14 21:27:43.988 [warning] [Decorations] CAPPING events from decorations provider vscode.git 1613
2025-02-14 21:27:49.051 [warning] [Decorations] CAPPING events from decorations provider vscode.git 1613
2025-02-14 21:27:52.776 [info] ExtensionService#_doActivateExtension vscode.extension-editing, startup: false, activationEvent: 'onLanguage:json'
2025-02-14 21:27:52.777 [info] ExtensionService#_doActivateExtension vscode.npm, startup: false, activationEvent: 'onLanguage:json'
2025-02-14 21:27:54.144 [warning] [Decorations] CAPPING events from decorations provider vscode.git 1613
2025-02-14 21:27:54.173 [info] ExtensionService#_doActivateExtension vscode.markdown-language-features, startup: false, activationEvent: 'onLanguage:markdown'
2025-02-14 21:27:56.199 [info] ExtensionService#_doActivateExtension vscode.css-language-features, startup: false, activationEvent: 'onLanguage:css'
2025-02-14 21:27:56.199 [info] ExtensionService#_doActivateExtension vscode.html-language-features, startup: false, activationEvent: 'onLanguage:html'
2025-02-14 21:28:07.691 [info] ExtensionService#_doActivateExtension ms-vscode.js-debug, startup: false, activationEvent: 'onLanguage:wat'
2025-02-14 21:28:09.275 [info] ExtensionService#_doActivateExtension vscode.markdown-math, startup: false, activationEvent: 'api', root cause: vscode.markdown-language-features
2025-02-14 21:29:35.061 [warning] [Decorations] CAPPING events from decorations provider vscode.git 1615
2025-02-14 21:29:40.120 [warning] [Decorations] CAPPING events from decorations provider vscode.git 1615
2025-02-14 21:29:45.176 [warning] [Decorations] CAPPING events from decorations provider vscode.git 1615
2025-02-14 21:29:50.263 [warning] [Decorations] CAPPING events from decorations provider vscode.git 1615
2025-02-14 21:29:55.371 [warning] [Decorations] CAPPING events from decorations provider vscode.git 1615
2025-02-14 21:30:32.436 [warning] [Decorations] CAPPING events from decorations provider vscode.git 1615
2025-02-14 21:30:37.492 [warning] [Decorations] CAPPING events from decorations provider vscode.git 1615
2025-02-14 21:30:42.548 [warning] [Decorations] CAPPING events from decorations provider vscode.git 1615
2025-02-14 21:31:09.030 [warning] [Decorations] CAPPING events from decorations provider vscode.git 1615
