2025-02-21 21:37:41.316 [info] Extension host with pid 1275 started
2025-02-21 21:37:41.316 [error] Error: EEXIST: file already exists, open '/home/student/.vscode-server/data/User/workspaceStorage/255174b9c84437907369f27ac92b5bdb/vscode.lock'
2025-02-21 21:37:41.321 [info] Lock '/home/student/.vscode-server/data/User/workspaceStorage/255174b9c84437907369f27ac92b5bdb/vscode.lock': Could not acquire lock, checking if the file is stale.
2025-02-21 21:37:41.329 [info] Lock '/home/student/.vscode-server/data/User/workspaceStorage/255174b9c84437907369f27ac92b5bdb/vscode.lock': The pid 1366 appears to be gone.
2025-02-21 21:37:41.329 [info] Lock '/home/student/.vscode-server/data/User/workspaceStorage/255174b9c84437907369f27ac92b5bdb/vscode.lock': Deleting a stale lock.
2025-02-21 21:37:41.344 [info] Lock '/home/student/.vscode-server/data/User/workspaceStorage/255174b9c84437907369f27ac92b5bdb/vscode.lock': Lock acquired.
2025-02-21 21:37:43.131 [info] ExtensionService#_doActivateExtension vscode.git-base, startup: false, activationEvent: '*', root cause: vscode.git
2025-02-21 21:37:43.132 [info] ExtensionService#_doActivateExtension vscode.emmet, startup: false, activationEvent: 'onLanguage'
2025-02-21 21:37:43.554 [info] ExtensionService#_doActivateExtension vscode.git, startup: false, activationEvent: '*'
2025-02-21 21:37:43.555 [info] ExtensionService#_doActivateExtension vscode.github, startup: false, activationEvent: '*'
2025-02-21 21:37:43.995 [info] Eager extensions activated
2025-02-21 21:37:43.996 [info] ExtensionService#_doActivateExtension vscode.debug-auto-launch, startup: false, activationEvent: 'onStartupFinished'
2025-02-21 21:37:43.996 [info] ExtensionService#_doActivateExtension vscode.merge-conflict, startup: false, activationEvent: 'onStartupFinished'
2025-02-21 21:37:44.224 [warning] [Decorations] CAPPING events from decorations provider vscode.git 1609
2025-02-21 21:37:44.668 [warning] [Decorations] CAPPING events from decorations provider vscode.git 1611
2025-02-21 21:37:50.701 [warning] [Decorations] CAPPING events from decorations provider vscode.git 1611
2025-02-21 21:37:55.792 [warning] [Decorations] CAPPING events from decorations provider vscode.git 1612
2025-02-21 21:38:00.865 [warning] [Decorations] CAPPING events from decorations provider vscode.git 1611
2025-02-21 21:38:05.936 [warning] [Decorations] CAPPING events from decorations provider vscode.git 1611
2025-02-21 21:38:11.005 [warning] [Decorations] CAPPING events from decorations provider vscode.git 1611
2025-02-21 21:38:36.029 [warning] [Decorations] CAPPING events from decorations provider vscode.git 1611
2025-02-21 21:38:41.102 [warning] [Decorations] CAPPING events from decorations provider vscode.git 1611
2025-02-21 21:38:51.806 [warning] [Decorations] CAPPING events from decorations provider vscode.git 1611
2025-02-21 21:38:56.900 [warning] [Decorations] CAPPING events from decorations provider vscode.git 1612
2025-02-21 21:39:16.400 [warning] [Decorations] CAPPING events from decorations provider vscode.git 1612
2025-02-21 21:39:23.381 [warning] [Decorations] CAPPING events from decorations provider vscode.git 1612
2025-02-21 21:39:29.582 [warning] [Decorations] CAPPING events from decorations provider vscode.git 1612
2025-02-21 21:39:32.768 [info] ExtensionService#_doActivateExtension vscode.npm, startup: false, activationEvent: 'onTerminalQuickFixRequest:ms-vscode.npm-command'
2025-02-21 21:39:38.204 [warning] [Decorations] CAPPING events from decorations provider vscode.git 1612
2025-02-21 21:39:38.925 [info] ExtensionService#_doActivateExtension vscode.configuration-editing, startup: false, activationEvent: 'onLanguage:json'
2025-02-21 21:39:38.925 [info] ExtensionService#_doActivateExtension vscode.extension-editing, startup: false, activationEvent: 'onLanguage:json'
2025-02-21 21:39:38.926 [info] ExtensionService#_doActivateExtension vscode.json-language-features, startup: false, activationEvent: 'onLanguage:json'
2025-02-21 21:39:43.311 [warning] [Decorations] CAPPING events from decorations provider vscode.git 1613
2025-02-21 21:41:10.282 [warning] [Decorations] CAPPING events from decorations provider vscode.git 1613
2025-02-21 21:41:15.376 [warning] [Decorations] CAPPING events from decorations provider vscode.git 1613
2025-02-21 21:41:16.227 [warning] vscode.json-language-features - Code actions of kind 'quickfix' requested but returned code action is of kind 'source.sort.json'. Code action will be dropped. Please check 'CodeActionContext.only' to only return requested code actions.
2025-02-21 21:41:20.461 [warning] [Decorations] CAPPING events from decorations provider vscode.git 1613
2025-02-21 21:41:25.542 [warning] [Decorations] CAPPING events from decorations provider vscode.git 1613
