2025-05-04 05:03:05.204 [info] [main] Log level: Info
2025-05-04 05:03:05.204 [info] [main] Validating found git in: "git"
2025-05-04 05:03:05.204 [info] [main] Using git "2.34.1" from "git"
2025-05-04 05:03:05.204 [info] [Model][doInitialScan] Initial repository scan started
2025-05-04 05:03:05.243 [info] > git rev-parse --show-toplevel [43ms]
2025-05-04 05:03:05.247 [info] > git rev-parse --git-dir --git-common-dir [1ms]
2025-05-04 05:03:05.258 [info] [Model][openRepository] Opened repository: /home/student
2025-05-04 05:03:05.267 [info] > git rev-parse --show-toplevel [3ms]
2025-05-04 05:03:05.268 [info] > git config --get commit.template [6ms]
2025-05-04 05:03:05.271 [info] > git rev-parse --show-toplevel [1ms]
2025-05-04 05:03:05.274 [info] > git rev-parse --show-toplevel [1ms]
2025-05-04 05:03:05.277 [info] > git rev-parse --show-toplevel [1ms]
2025-05-04 05:03:05.280 [info] [Model][doInitialScan] Initial repository scan completed - repositories (1), closed repositories (0), parent repositories (0), unsafe repositories (0)
2025-05-04 05:03:05.295 [info] > git for-each-ref --format=%(refname)%00%(upstream:short)%00%(objectname)%00%(upstream:track)%00%(upstream:remotename)%00%(upstream:remoteref) refs/heads/main refs/remotes/main [29ms]
2025-05-04 05:03:05.303 [info] > git for-each-ref --sort -committerdate --format %(refname)%00%(objectname)%00%(*objectname) [2ms]
2025-05-04 05:03:05.584 [info] > git status -z -uall [286ms]
2025-05-04 05:03:06.774 [info] > git check-ignore -v -z --stdin [9ms]
2025-05-04 05:03:06.775 [info] > git for-each-ref --format=%(refname)%00%(upstream:short)%00%(objectname)%00%(upstream:track)%00%(upstream:remotename)%00%(upstream:remoteref) refs/heads/main refs/remotes/main [778ms]
2025-05-04 05:03:06.783 [info] > git config --get --local branch.main.vscode-merge-base [4ms]
2025-05-04 05:03:06.783 [warning] [Git][config] git config failed: Failed to execute git
2025-05-04 05:03:06.786 [info] > git config --get commit.template [18ms]
2025-05-04 05:03:06.790 [info] > git for-each-ref --format=%(refname)%00%(upstream:short)%00%(objectname)%00%(upstream:track)%00%(upstream:remotename)%00%(upstream:remoteref) refs/heads/main refs/remotes/main [2ms]
2025-05-04 05:03:06.799 [info] > git for-each-ref --sort -committerdate --format %(refname)%00%(objectname)%00%(*objectname) [4ms]
2025-05-04 05:03:06.831 [info] > git reflog main --grep-reflog=branch: Created from *. [46ms]
2025-05-04 05:03:06.838 [info] > git symbolic-ref --short refs/remotes/origin/HEAD [5ms]
2025-05-04 05:03:06.838 [info] fatal: ref refs/remotes/origin/HEAD is not a symbolic ref
2025-05-04 05:03:06.838 [warning] [Repository][getDefaultBranch] Failed to get default branch details: Failed to execute git.
2025-05-04 05:03:06.843 [info] > git merge-base refs/heads/main refs/remotes/origin/main [2ms]
2025-05-04 05:03:06.847 [info] > git diff --name-status -z --diff-filter=ADMR 57003cdd9e773c8d196828f497b30ad9482d81cf...refs/remotes/origin/main [2ms]
2025-05-04 05:03:06.879 [info] > git status -z -uall [86ms]
2025-05-04 05:03:09.972 [info] > git config --get commit.template [4ms]
2025-05-04 05:03:09.973 [info] > git for-each-ref --format=%(refname)%00%(upstream:short)%00%(objectname)%00%(upstream:track)%00%(upstream:remotename)%00%(upstream:remoteref) refs/heads/main refs/remotes/main [2ms]
2025-05-04 05:03:09.984 [info] > git for-each-ref --sort -committerdate --format %(refname)%00%(objectname)%00%(*objectname) [6ms]
2025-05-04 05:03:10.056 [info] > git status -z -uall [81ms]
2025-05-04 05:05:24.215 [info] > git config --get commit.template [6ms]
2025-05-04 05:05:24.216 [info] > git for-each-ref --format=%(refname)%00%(upstream:short)%00%(objectname)%00%(upstream:track)%00%(upstream:remotename)%00%(upstream:remoteref) refs/heads/main refs/remotes/main [2ms]
2025-05-04 05:05:24.231 [info] > git for-each-ref --sort -committerdate --format %(refname)%00%(objectname)%00%(*objectname) [9ms]
2025-05-04 05:05:24.306 [info] > git status -z -uall [87ms]
2025-05-04 05:05:29.563 [info] > git config --get commit.template [3ms]
2025-05-04 05:05:29.564 [info] > git for-each-ref --format=%(refname)%00%(upstream:short)%00%(objectname)%00%(upstream:track)%00%(upstream:remotename)%00%(upstream:remoteref) refs/heads/main refs/remotes/main [2ms]
2025-05-04 05:05:29.577 [info] > git for-each-ref --sort -committerdate --format %(refname)%00%(objectname)%00%(*objectname) [8ms]
2025-05-04 05:05:29.641 [info] > git status -z -uall [75ms]
2025-05-04 05:05:34.844 [info] > git config --get commit.template [4ms]
2025-05-04 05:05:34.845 [info] > git for-each-ref --format=%(refname)%00%(upstream:short)%00%(objectname)%00%(upstream:track)%00%(upstream:remotename)%00%(upstream:remoteref) refs/heads/main refs/remotes/main [2ms]
2025-05-04 05:05:34.859 [info] > git for-each-ref --sort -committerdate --format %(refname)%00%(objectname)%00%(*objectname) [9ms]
2025-05-04 05:05:34.922 [info] > git status -z -uall [74ms]
2025-05-04 05:05:40.125 [info] > git config --get commit.template [4ms]
2025-05-04 05:05:40.126 [info] > git for-each-ref --format=%(refname)%00%(upstream:short)%00%(objectname)%00%(upstream:track)%00%(upstream:remotename)%00%(upstream:remoteref) refs/heads/main refs/remotes/main [2ms]
2025-05-04 05:05:40.137 [info] > git for-each-ref --sort -committerdate --format %(refname)%00%(objectname)%00%(*objectname) [5ms]
2025-05-04 05:05:40.205 [info] > git status -z -uall [75ms]
2025-05-04 05:05:42.064 [info] > git check-ignore -v -z --stdin [5ms]
2025-05-04 05:05:44.770 [info] > git check-ignore -v -z --stdin [4ms]
2025-05-04 05:05:45.396 [info] > git config --get commit.template [3ms]
2025-05-04 05:05:45.396 [info] > git for-each-ref --format=%(refname)%00%(upstream:short)%00%(objectname)%00%(upstream:track)%00%(upstream:remotename)%00%(upstream:remoteref) refs/heads/main refs/remotes/main [1ms]
2025-05-04 05:05:45.404 [info] > git for-each-ref --sort -committerdate --format %(refname)%00%(objectname)%00%(*objectname) [2ms]
2025-05-04 05:05:45.474 [info] > git status -z -uall [75ms]
2025-05-04 05:05:48.840 [info] > git check-ignore -v -z --stdin [4ms]
2025-05-04 05:05:50.670 [info] > git config --get commit.template [3ms]
2025-05-04 05:05:50.670 [info] > git for-each-ref --format=%(refname)%00%(upstream:short)%00%(objectname)%00%(upstream:track)%00%(upstream:remotename)%00%(upstream:remoteref) refs/heads/main refs/remotes/main [1ms]
2025-05-04 05:05:50.679 [info] > git for-each-ref --sort -committerdate --format %(refname)%00%(objectname)%00%(*objectname) [2ms]
2025-05-04 05:05:50.750 [info] > git status -z -uall [77ms]
2025-05-04 05:05:55.948 [info] > git config --get commit.template [4ms]
2025-05-04 05:05:55.950 [info] > git for-each-ref --format=%(refname)%00%(upstream:short)%00%(objectname)%00%(upstream:track)%00%(upstream:remotename)%00%(upstream:remoteref) refs/heads/main refs/remotes/main [2ms]
2025-05-04 05:05:55.970 [info] > git for-each-ref --sort -committerdate --format %(refname)%00%(objectname)%00%(*objectname) [6ms]
2025-05-04 05:05:56.033 [info] > git status -z -uall [76ms]
2025-05-04 05:06:01.226 [info] > git config --get commit.template [3ms]
2025-05-04 05:06:01.227 [info] > git for-each-ref --format=%(refname)%00%(upstream:short)%00%(objectname)%00%(upstream:track)%00%(upstream:remotename)%00%(upstream:remoteref) refs/heads/main refs/remotes/main [1ms]
2025-05-04 05:06:01.240 [info] > git for-each-ref --sort -committerdate --format %(refname)%00%(objectname)%00%(*objectname) [7ms]
2025-05-04 05:06:01.305 [info] > git status -z -uall [75ms]
2025-05-04 05:06:06.501 [info] > git config --get commit.template [3ms]
2025-05-04 05:06:06.502 [info] > git for-each-ref --format=%(refname)%00%(upstream:short)%00%(objectname)%00%(upstream:track)%00%(upstream:remotename)%00%(upstream:remoteref) refs/heads/main refs/remotes/main [1ms]
2025-05-04 05:06:06.509 [info] > git for-each-ref --sort -committerdate --format %(refname)%00%(objectname)%00%(*objectname) [1ms]
2025-05-04 05:06:06.591 [info] > git status -z -uall [86ms]
2025-05-04 05:06:12.032 [info] > git config --get commit.template [4ms]
2025-05-04 05:06:12.033 [info] > git for-each-ref --format=%(refname)%00%(upstream:short)%00%(objectname)%00%(upstream:track)%00%(upstream:remotename)%00%(upstream:remoteref) refs/heads/main refs/remotes/main [1ms]
2025-05-04 05:06:12.049 [info] > git for-each-ref --sort -committerdate --format %(refname)%00%(objectname)%00%(*objectname) [10ms]
2025-05-04 05:06:12.109 [info] > git status -z -uall [73ms]
2025-05-04 05:06:17.306 [info] > git config --get commit.template [3ms]
2025-05-04 05:06:17.307 [info] > git for-each-ref --format=%(refname)%00%(upstream:short)%00%(objectname)%00%(upstream:track)%00%(upstream:remotename)%00%(upstream:remoteref) refs/heads/main refs/remotes/main [2ms]
2025-05-04 05:06:17.323 [info] > git for-each-ref --sort -committerdate --format %(refname)%00%(objectname)%00%(*objectname) [11ms]
2025-05-04 05:06:17.384 [info] > git status -z -uall [75ms]
2025-05-04 05:06:22.586 [info] > git config --get commit.template [4ms]
2025-05-04 05:06:22.587 [info] > git for-each-ref --format=%(refname)%00%(upstream:short)%00%(objectname)%00%(upstream:track)%00%(upstream:remotename)%00%(upstream:remoteref) refs/heads/main refs/remotes/main [1ms]
2025-05-04 05:06:22.602 [info] > git for-each-ref --sort -committerdate --format %(refname)%00%(objectname)%00%(*objectname) [10ms]
2025-05-04 05:06:22.662 [info] > git status -z -uall [72ms]
2025-05-04 05:06:27.860 [info] > git config --get commit.template [4ms]
2025-05-04 05:06:27.861 [info] > git for-each-ref --format=%(refname)%00%(upstream:short)%00%(objectname)%00%(upstream:track)%00%(upstream:remotename)%00%(upstream:remoteref) refs/heads/main refs/remotes/main [2ms]
2025-05-04 05:06:27.878 [info] > git for-each-ref --sort -committerdate --format %(refname)%00%(objectname)%00%(*objectname) [2ms]
2025-05-04 05:06:27.941 [info] > git status -z -uall [77ms]
2025-05-04 05:06:33.189 [info] > git config --get commit.template [3ms]
2025-05-04 05:06:33.190 [info] > git for-each-ref --format=%(refname)%00%(upstream:short)%00%(objectname)%00%(upstream:track)%00%(upstream:remotename)%00%(upstream:remoteref) refs/heads/main refs/remotes/main [1ms]
2025-05-04 05:06:33.198 [info] > git for-each-ref --sort -committerdate --format %(refname)%00%(objectname)%00%(*objectname) [2ms]
2025-05-04 05:06:33.270 [info] > git status -z -uall [77ms]
2025-05-04 05:06:38.481 [info] > git config --get commit.template [3ms]
2025-05-04 05:06:38.482 [info] > git for-each-ref --format=%(refname)%00%(upstream:short)%00%(objectname)%00%(upstream:track)%00%(upstream:remotename)%00%(upstream:remoteref) refs/heads/main refs/remotes/main [1ms]
2025-05-04 05:06:38.490 [info] > git for-each-ref --sort -committerdate --format %(refname)%00%(objectname)%00%(*objectname) [2ms]
2025-05-04 05:06:38.564 [info] > git status -z -uall [79ms]
2025-05-04 05:06:43.777 [info] > git config --get commit.template [4ms]
2025-05-04 05:06:43.777 [info] > git for-each-ref --format=%(refname)%00%(upstream:short)%00%(objectname)%00%(upstream:track)%00%(upstream:remotename)%00%(upstream:remoteref) refs/heads/main refs/remotes/main [1ms]
2025-05-04 05:06:43.793 [info] > git for-each-ref --sort -committerdate --format %(refname)%00%(objectname)%00%(*objectname) [10ms]
2025-05-04 05:06:43.853 [info] > git status -z -uall [72ms]
2025-05-04 05:07:01.233 [info] > git config --get commit.template [3ms]
2025-05-04 05:07:01.234 [info] > git for-each-ref --format=%(refname)%00%(upstream:short)%00%(objectname)%00%(upstream:track)%00%(upstream:remotename)%00%(upstream:remoteref) refs/heads/main refs/remotes/main [2ms]
2025-05-04 05:07:01.241 [info] > git for-each-ref --sort -committerdate --format %(refname)%00%(objectname)%00%(*objectname) [2ms]
2025-05-04 05:07:01.315 [info] > git status -z -uall [79ms]
2025-05-04 05:07:09.134 [info] > git config --get commit.template [4ms]
2025-05-04 05:07:09.134 [info] > git for-each-ref --format=%(refname)%00%(upstream:short)%00%(objectname)%00%(upstream:track)%00%(upstream:remotename)%00%(upstream:remoteref) refs/heads/main refs/remotes/main [1ms]
2025-05-04 05:07:09.148 [info] > git for-each-ref --sort -committerdate --format %(refname)%00%(objectname)%00%(*objectname) [8ms]
2025-05-04 05:07:09.216 [info] > git status -z -uall [79ms]
2025-05-04 05:07:11.175 [info] > git check-ignore -v -z --stdin [4ms]
2025-05-04 05:07:14.422 [info] > git config --get commit.template [3ms]
2025-05-04 05:07:14.423 [info] > git for-each-ref --format=%(refname)%00%(upstream:short)%00%(objectname)%00%(upstream:track)%00%(upstream:remotename)%00%(upstream:remoteref) refs/heads/main refs/remotes/main [2ms]
2025-05-04 05:07:14.438 [info] > git for-each-ref --sort -committerdate --format %(refname)%00%(objectname)%00%(*objectname) [10ms]
2025-05-04 05:07:14.499 [info] > git status -z -uall [73ms]
2025-05-04 05:07:19.706 [info] > git config --get commit.template [5ms]
2025-05-04 05:07:19.707 [info] > git for-each-ref --format=%(refname)%00%(upstream:short)%00%(objectname)%00%(upstream:track)%00%(upstream:remotename)%00%(upstream:remoteref) refs/heads/main refs/remotes/main [2ms]
2025-05-04 05:07:19.716 [info] > git for-each-ref --sort -committerdate --format %(refname)%00%(objectname)%00%(*objectname) [1ms]
2025-05-04 05:07:19.786 [info] > git status -z -uall [76ms]
2025-05-04 05:07:24.989 [info] > git config --get commit.template [3ms]
2025-05-04 05:07:24.990 [info] > git for-each-ref --format=%(refname)%00%(upstream:short)%00%(objectname)%00%(upstream:track)%00%(upstream:remotename)%00%(upstream:remoteref) refs/heads/main refs/remotes/main [1ms]
2025-05-04 05:07:25.003 [info] > git for-each-ref --sort -committerdate --format %(refname)%00%(objectname)%00%(*objectname) [7ms]
2025-05-04 05:07:25.073 [info] > git status -z -uall [80ms]
2025-05-04 05:07:30.277 [info] > git config --get commit.template [4ms]
2025-05-04 05:07:30.278 [info] > git for-each-ref --format=%(refname)%00%(upstream:short)%00%(objectname)%00%(upstream:track)%00%(upstream:remotename)%00%(upstream:remoteref) refs/heads/main refs/remotes/main [2ms]
2025-05-04 05:07:30.295 [info] > git for-each-ref --sort -committerdate --format %(refname)%00%(objectname)%00%(*objectname) [11ms]
2025-05-04 05:07:30.359 [info] > git status -z -uall [78ms]
2025-05-04 05:07:35.557 [info] > git config --get commit.template [4ms]
2025-05-04 05:07:35.558 [info] > git for-each-ref --format=%(refname)%00%(upstream:short)%00%(objectname)%00%(upstream:track)%00%(upstream:remotename)%00%(upstream:remoteref) refs/heads/main refs/remotes/main [1ms]
2025-05-04 05:07:35.575 [info] > git for-each-ref --sort -committerdate --format %(refname)%00%(objectname)%00%(*objectname) [9ms]
2025-05-04 05:07:35.636 [info] > git status -z -uall [74ms]
2025-05-04 05:07:40.843 [info] > git config --get commit.template [5ms]
2025-05-04 05:07:40.844 [info] > git for-each-ref --format=%(refname)%00%(upstream:short)%00%(objectname)%00%(upstream:track)%00%(upstream:remotename)%00%(upstream:remoteref) refs/heads/main refs/remotes/main [3ms]
2025-05-04 05:07:40.853 [info] > git for-each-ref --sort -committerdate --format %(refname)%00%(objectname)%00%(*objectname) [1ms]
2025-05-04 05:07:40.924 [info] > git status -z -uall [77ms]
2025-05-04 05:07:46.144 [info] > git config --get commit.template [3ms]
2025-05-04 05:07:46.145 [info] > git for-each-ref --format=%(refname)%00%(upstream:short)%00%(objectname)%00%(upstream:track)%00%(upstream:remotename)%00%(upstream:remoteref) refs/heads/main refs/remotes/main [1ms]
2025-05-04 05:07:46.153 [info] > git for-each-ref --sort -committerdate --format %(refname)%00%(objectname)%00%(*objectname) [1ms]
2025-05-04 05:07:46.226 [info] > git status -z -uall [78ms]
2025-05-04 05:07:51.424 [info] > git config --get commit.template [2ms]
2025-05-04 05:07:51.428 [info] > git for-each-ref --format=%(refname)%00%(upstream:short)%00%(objectname)%00%(upstream:track)%00%(upstream:remotename)%00%(upstream:remoteref) refs/heads/main refs/remotes/main [2ms]
2025-05-04 05:07:51.448 [info] > git for-each-ref --sort -committerdate --format %(refname)%00%(objectname)%00%(*objectname) [10ms]
2025-05-04 05:07:51.512 [info] > git status -z -uall [77ms]
2025-05-04 05:07:56.722 [info] > git config --get commit.template [3ms]
2025-05-04 05:07:56.723 [info] > git for-each-ref --format=%(refname)%00%(upstream:short)%00%(objectname)%00%(upstream:track)%00%(upstream:remotename)%00%(upstream:remoteref) refs/heads/main refs/remotes/main [1ms]
2025-05-04 05:07:56.731 [info] > git for-each-ref --sort -committerdate --format %(refname)%00%(objectname)%00%(*objectname) [2ms]
2025-05-04 05:07:56.802 [info] > git status -z -uall [76ms]
2025-05-04 05:08:02.012 [info] > git config --get commit.template [3ms]
2025-05-04 05:08:02.012 [info] > git for-each-ref --format=%(refname)%00%(upstream:short)%00%(objectname)%00%(upstream:track)%00%(upstream:remotename)%00%(upstream:remoteref) refs/heads/main refs/remotes/main [1ms]
2025-05-04 05:08:02.026 [info] > git for-each-ref --sort -committerdate --format %(refname)%00%(objectname)%00%(*objectname) [5ms]
2025-05-04 05:08:02.090 [info] > git status -z -uall [75ms]
2025-05-04 05:08:07.298 [info] > git config --get commit.template [4ms]
2025-05-04 05:08:07.299 [info] > git for-each-ref --format=%(refname)%00%(upstream:short)%00%(objectname)%00%(upstream:track)%00%(upstream:remotename)%00%(upstream:remoteref) refs/heads/main refs/remotes/main [2ms]
2025-05-04 05:08:07.307 [info] > git for-each-ref --sort -committerdate --format %(refname)%00%(objectname)%00%(*objectname) [1ms]
2025-05-04 05:08:07.376 [info] > git status -z -uall [75ms]
2025-05-04 05:08:12.585 [info] > git config --get commit.template [3ms]
2025-05-04 05:08:12.586 [info] > git for-each-ref --format=%(refname)%00%(upstream:short)%00%(objectname)%00%(upstream:track)%00%(upstream:remotename)%00%(upstream:remoteref) refs/heads/main refs/remotes/main [1ms]
2025-05-04 05:08:12.597 [info] > git for-each-ref --sort -committerdate --format %(refname)%00%(objectname)%00%(*objectname) [6ms]
2025-05-04 05:08:12.667 [info] > git status -z -uall [78ms]
2025-05-04 05:08:17.871 [info] > git config --get commit.template [4ms]
2025-05-04 05:08:17.872 [info] > git for-each-ref --format=%(refname)%00%(upstream:short)%00%(objectname)%00%(upstream:track)%00%(upstream:remotename)%00%(upstream:remoteref) refs/heads/main refs/remotes/main [1ms]
2025-05-04 05:08:17.886 [info] > git for-each-ref --sort -committerdate --format %(refname)%00%(objectname)%00%(*objectname) [9ms]
2025-05-04 05:08:17.950 [info] > git status -z -uall [76ms]
2025-05-04 05:08:23.151 [info] > git config --get commit.template [3ms]
2025-05-04 05:08:23.152 [info] > git for-each-ref --format=%(refname)%00%(upstream:short)%00%(objectname)%00%(upstream:track)%00%(upstream:remotename)%00%(upstream:remoteref) refs/heads/main refs/remotes/main [1ms]
2025-05-04 05:08:23.168 [info] > git for-each-ref --sort -committerdate --format %(refname)%00%(objectname)%00%(*objectname) [10ms]
2025-05-04 05:08:23.229 [info] > git status -z -uall [74ms]
2025-05-04 05:08:28.427 [info] > git config --get commit.template [4ms]
2025-05-04 05:08:28.428 [info] > git for-each-ref --format=%(refname)%00%(upstream:short)%00%(objectname)%00%(upstream:track)%00%(upstream:remotename)%00%(upstream:remoteref) refs/heads/main refs/remotes/main [1ms]
2025-05-04 05:08:28.437 [info] > git for-each-ref --sort -committerdate --format %(refname)%00%(objectname)%00%(*objectname) [1ms]
2025-05-04 05:08:28.510 [info] > git status -z -uall [79ms]
2025-05-04 05:08:33.730 [info] > git for-each-ref --format=%(refname)%00%(upstream:short)%00%(objectname)%00%(upstream:track)%00%(upstream:remotename)%00%(upstream:remoteref) refs/heads/main refs/remotes/main [17ms]
2025-05-04 05:08:33.731 [info] > git config --get commit.template [23ms]
2025-05-04 05:08:33.749 [info] > git for-each-ref --sort -committerdate --format %(refname)%00%(objectname)%00%(*objectname) [0ms]
2025-05-04 05:08:33.812 [info] > git status -z -uall [78ms]
2025-05-04 05:08:39.020 [info] > git config --get commit.template [4ms]
2025-05-04 05:08:39.021 [info] > git for-each-ref --format=%(refname)%00%(upstream:short)%00%(objectname)%00%(upstream:track)%00%(upstream:remotename)%00%(upstream:remoteref) refs/heads/main refs/remotes/main [1ms]
2025-05-04 05:08:39.037 [info] > git for-each-ref --sort -committerdate --format %(refname)%00%(objectname)%00%(*objectname) [10ms]
2025-05-04 05:08:39.104 [info] > git status -z -uall [80ms]
2025-05-04 05:08:44.314 [info] > git config --get commit.template [4ms]
2025-05-04 05:08:44.315 [info] > git for-each-ref --format=%(refname)%00%(upstream:short)%00%(objectname)%00%(upstream:track)%00%(upstream:remotename)%00%(upstream:remoteref) refs/heads/main refs/remotes/main [2ms]
2025-05-04 05:08:44.322 [info] > git for-each-ref --sort -committerdate --format %(refname)%00%(objectname)%00%(*objectname) [2ms]
2025-05-04 05:08:44.394 [info] > git status -z -uall [75ms]
2025-05-04 05:08:49.600 [info] > git config --get commit.template [3ms]
2025-05-04 05:08:49.600 [info] > git for-each-ref --format=%(refname)%00%(upstream:short)%00%(objectname)%00%(upstream:track)%00%(upstream:remotename)%00%(upstream:remoteref) refs/heads/main refs/remotes/main [1ms]
2025-05-04 05:08:49.614 [info] > git for-each-ref --sort -committerdate --format %(refname)%00%(objectname)%00%(*objectname) [8ms]
2025-05-04 05:08:49.682 [info] > git status -z -uall [79ms]
2025-05-04 05:08:54.883 [info] > git config --get commit.template [3ms]
2025-05-04 05:08:54.884 [info] > git for-each-ref --format=%(refname)%00%(upstream:short)%00%(objectname)%00%(upstream:track)%00%(upstream:remotename)%00%(upstream:remoteref) refs/heads/main refs/remotes/main [1ms]
2025-05-04 05:08:54.893 [info] > git for-each-ref --sort -committerdate --format %(refname)%00%(objectname)%00%(*objectname) [4ms]
2025-05-04 05:08:54.961 [info] > git status -z -uall [75ms]
2025-05-04 05:09:00.173 [info] > git config --get commit.template [4ms]
2025-05-04 05:09:00.174 [info] > git for-each-ref --format=%(refname)%00%(upstream:short)%00%(objectname)%00%(upstream:track)%00%(upstream:remotename)%00%(upstream:remoteref) refs/heads/main refs/remotes/main [2ms]
2025-05-04 05:09:00.181 [info] > git for-each-ref --sort -committerdate --format %(refname)%00%(objectname)%00%(*objectname) [2ms]
2025-05-04 05:09:00.252 [info] > git status -z -uall [76ms]
2025-05-04 05:09:05.483 [info] > git for-each-ref --format=%(refname)%00%(upstream:short)%00%(objectname)%00%(upstream:track)%00%(upstream:remotename)%00%(upstream:remoteref) refs/heads/main refs/remotes/main [27ms]
2025-05-04 05:09:05.483 [info] > git config --get commit.template [31ms]
2025-05-04 05:09:05.509 [info] > git for-each-ref --sort -committerdate --format %(refname)%00%(objectname)%00%(*objectname) [14ms]
2025-05-04 05:09:05.586 [info] > git status -z -uall [96ms]
2025-05-04 05:09:10.811 [info] > git config --get commit.template [4ms]
2025-05-04 05:09:10.812 [info] > git for-each-ref --format=%(refname)%00%(upstream:short)%00%(objectname)%00%(upstream:track)%00%(upstream:remotename)%00%(upstream:remoteref) refs/heads/main refs/remotes/main [2ms]
2025-05-04 05:09:10.832 [info] > git for-each-ref --sort -committerdate --format %(refname)%00%(objectname)%00%(*objectname) [10ms]
2025-05-04 05:09:10.896 [info] > git status -z -uall [78ms]
2025-05-04 05:09:16.092 [info] > git config --get commit.template [3ms]
2025-05-04 05:09:16.093 [info] > git for-each-ref --format=%(refname)%00%(upstream:short)%00%(objectname)%00%(upstream:track)%00%(upstream:remotename)%00%(upstream:remoteref) refs/heads/main refs/remotes/main [1ms]
2025-05-04 05:09:16.101 [info] > git for-each-ref --sort -committerdate --format %(refname)%00%(objectname)%00%(*objectname) [2ms]
2025-05-04 05:09:16.173 [info] > git status -z -uall [77ms]
2025-05-04 05:09:21.378 [info] > git config --get commit.template [4ms]
2025-05-04 05:09:21.379 [info] > git for-each-ref --format=%(refname)%00%(upstream:short)%00%(objectname)%00%(upstream:track)%00%(upstream:remotename)%00%(upstream:remoteref) refs/heads/main refs/remotes/main [2ms]
2025-05-04 05:09:21.386 [info] > git for-each-ref --sort -committerdate --format %(refname)%00%(objectname)%00%(*objectname) [2ms]
2025-05-04 05:09:21.455 [info] > git status -z -uall [73ms]
2025-05-04 05:09:37.970 [info] > git config --get commit.template [3ms]
2025-05-04 05:09:37.971 [info] > git for-each-ref --format=%(refname)%00%(upstream:short)%00%(objectname)%00%(upstream:track)%00%(upstream:remotename)%00%(upstream:remoteref) refs/heads/main refs/remotes/main [2ms]
2025-05-04 05:09:37.984 [info] > git for-each-ref --sort -committerdate --format %(refname)%00%(objectname)%00%(*objectname) [7ms]
2025-05-04 05:09:38.049 [info] > git status -z -uall [76ms]
2025-05-04 05:09:43.255 [info] > git config --get commit.template [3ms]
2025-05-04 05:09:43.256 [info] > git for-each-ref --format=%(refname)%00%(upstream:short)%00%(objectname)%00%(upstream:track)%00%(upstream:remotename)%00%(upstream:remoteref) refs/heads/main refs/remotes/main [1ms]
2025-05-04 05:09:43.266 [info] > git for-each-ref --sort -committerdate --format %(refname)%00%(objectname)%00%(*objectname) [2ms]
2025-05-04 05:09:43.333 [info] > git status -z -uall [72ms]
2025-05-04 05:09:48.520 [info] > git config --get commit.template [4ms]
2025-05-04 05:09:48.521 [info] > git for-each-ref --format=%(refname)%00%(upstream:short)%00%(objectname)%00%(upstream:track)%00%(upstream:remotename)%00%(upstream:remoteref) refs/heads/main refs/remotes/main [1ms]
2025-05-04 05:09:48.528 [info] > git for-each-ref --sort -committerdate --format %(refname)%00%(objectname)%00%(*objectname) [1ms]
2025-05-04 05:09:48.598 [info] > git status -z -uall [74ms]
2025-05-04 05:10:20.505 [info] > git config --get commit.template [5ms]
2025-05-04 05:10:20.505 [info] > git for-each-ref --format=%(refname)%00%(upstream:short)%00%(objectname)%00%(upstream:track)%00%(upstream:remotename)%00%(upstream:remoteref) refs/heads/main refs/remotes/main [2ms]
2025-05-04 05:10:20.513 [info] > git for-each-ref --sort -committerdate --format %(refname)%00%(objectname)%00%(*objectname) [2ms]
2025-05-04 05:10:20.590 [info] > git status -z -uall [82ms]
2025-05-04 05:10:25.837 [info] > git config --get commit.template [3ms]
2025-05-04 05:10:25.838 [info] > git for-each-ref --format=%(refname)%00%(upstream:short)%00%(objectname)%00%(upstream:track)%00%(upstream:remotename)%00%(upstream:remoteref) refs/heads/main refs/remotes/main [2ms]
2025-05-04 05:10:25.852 [info] > git for-each-ref --sort -committerdate --format %(refname)%00%(objectname)%00%(*objectname) [9ms]
2025-05-04 05:10:25.912 [info] > git status -z -uall [72ms]
2025-05-04 05:10:31.125 [info] > git config --get commit.template [4ms]
2025-05-04 05:10:31.126 [info] > git for-each-ref --format=%(refname)%00%(upstream:short)%00%(objectname)%00%(upstream:track)%00%(upstream:remotename)%00%(upstream:remoteref) refs/heads/main refs/remotes/main [2ms]
2025-05-04 05:10:31.140 [info] > git for-each-ref --sort -committerdate --format %(refname)%00%(objectname)%00%(*objectname) [9ms]
2025-05-04 05:10:31.199 [info] > git status -z -uall [71ms]
2025-05-04 05:10:36.396 [info] > git config --get commit.template [3ms]
2025-05-04 05:10:36.397 [info] > git for-each-ref --format=%(refname)%00%(upstream:short)%00%(objectname)%00%(upstream:track)%00%(upstream:remotename)%00%(upstream:remoteref) refs/heads/main refs/remotes/main [1ms]
2025-05-04 05:10:36.404 [info] > git for-each-ref --sort -committerdate --format %(refname)%00%(objectname)%00%(*objectname) [2ms]
2025-05-04 05:10:36.477 [info] > git status -z -uall [77ms]
2025-05-04 05:10:41.666 [info] > git config --get commit.template [6ms]
2025-05-04 05:10:41.668 [info] > git for-each-ref --format=%(refname)%00%(upstream:short)%00%(objectname)%00%(upstream:track)%00%(upstream:remotename)%00%(upstream:remoteref) refs/heads/main refs/remotes/main [2ms]
2025-05-04 05:10:41.675 [info] > git for-each-ref --sort -committerdate --format %(refname)%00%(objectname)%00%(*objectname) [1ms]
2025-05-04 05:10:41.743 [info] > git status -z -uall [72ms]
2025-05-04 05:10:46.927 [info] > git config --get commit.template [3ms]
2025-05-04 05:10:46.928 [info] > git for-each-ref --format=%(refname)%00%(upstream:short)%00%(objectname)%00%(upstream:track)%00%(upstream:remotename)%00%(upstream:remoteref) refs/heads/main refs/remotes/main [2ms]
2025-05-04 05:10:46.938 [info] > git for-each-ref --sort -committerdate --format %(refname)%00%(objectname)%00%(*objectname) [5ms]
2025-05-04 05:10:47.000 [info] > git status -z -uall [69ms]
2025-05-04 05:10:52.183 [info] > git config --get commit.template [3ms]
2025-05-04 05:10:52.184 [info] > git for-each-ref --format=%(refname)%00%(upstream:short)%00%(objectname)%00%(upstream:track)%00%(upstream:remotename)%00%(upstream:remoteref) refs/heads/main refs/remotes/main [1ms]
2025-05-04 05:10:52.193 [info] > git for-each-ref --sort -committerdate --format %(refname)%00%(objectname)%00%(*objectname) [3ms]
2025-05-04 05:10:52.257 [info] > git status -z -uall [70ms]
2025-05-04 05:10:57.442 [info] > git config --get commit.template [4ms]
2025-05-04 05:10:57.443 [info] > git for-each-ref --format=%(refname)%00%(upstream:short)%00%(objectname)%00%(upstream:track)%00%(upstream:remotename)%00%(upstream:remoteref) refs/heads/main refs/remotes/main [2ms]
2025-05-04 05:10:57.452 [info] > git for-each-ref --sort -committerdate --format %(refname)%00%(objectname)%00%(*objectname) [1ms]
2025-05-04 05:10:57.521 [info] > git status -z -uall [75ms]
2025-05-04 05:11:02.760 [info] > git config --get commit.template [3ms]
2025-05-04 05:11:02.761 [info] > git for-each-ref --format=%(refname)%00%(upstream:short)%00%(objectname)%00%(upstream:track)%00%(upstream:remotename)%00%(upstream:remoteref) refs/heads/main refs/remotes/main [2ms]
2025-05-04 05:11:02.768 [info] > git for-each-ref --sort -committerdate --format %(refname)%00%(objectname)%00%(*objectname) [2ms]
2025-05-04 05:11:02.834 [info] > git status -z -uall [71ms]
2025-05-04 05:11:09.886 [info] > git config --get commit.template [3ms]
2025-05-04 05:11:09.887 [info] > git for-each-ref --format=%(refname)%00%(upstream:short)%00%(objectname)%00%(upstream:track)%00%(upstream:remotename)%00%(upstream:remoteref) refs/heads/main refs/remotes/main [1ms]
2025-05-04 05:11:09.901 [info] > git for-each-ref --sort -committerdate --format %(refname)%00%(objectname)%00%(*objectname) [1ms]
2025-05-04 05:11:09.968 [info] > git status -z -uall [78ms]
2025-05-04 05:11:17.458 [info] > git config --get commit.template [4ms]
2025-05-04 05:11:17.459 [info] > git for-each-ref --format=%(refname)%00%(upstream:short)%00%(objectname)%00%(upstream:track)%00%(upstream:remotename)%00%(upstream:remoteref) refs/heads/main refs/remotes/main [2ms]
2025-05-04 05:11:17.466 [info] > git for-each-ref --sort -committerdate --format %(refname)%00%(objectname)%00%(*objectname) [2ms]
2025-05-04 05:11:17.532 [info] > git status -z -uall [70ms]
2025-05-04 05:11:22.722 [info] > git config --get commit.template [3ms]
2025-05-04 05:11:22.723 [info] > git for-each-ref --format=%(refname)%00%(upstream:short)%00%(objectname)%00%(upstream:track)%00%(upstream:remotename)%00%(upstream:remoteref) refs/heads/main refs/remotes/main [1ms]
2025-05-04 05:11:22.731 [info] > git for-each-ref --sort -committerdate --format %(refname)%00%(objectname)%00%(*objectname) [2ms]
2025-05-04 05:11:22.806 [info] > git status -z -uall [80ms]
2025-05-04 05:11:46.704 [info] > git config --get commit.template [3ms]
2025-05-04 05:11:46.705 [info] > git for-each-ref --format=%(refname)%00%(upstream:short)%00%(objectname)%00%(upstream:track)%00%(upstream:remotename)%00%(upstream:remoteref) refs/heads/main refs/remotes/main [1ms]
2025-05-04 05:11:46.716 [info] > git for-each-ref --sort -committerdate --format %(refname)%00%(objectname)%00%(*objectname) [5ms]
2025-05-04 05:11:46.795 [info] > git status -z -uall [86ms]
2025-05-04 05:11:56.068 [info] > git config --get commit.template [4ms]
2025-05-04 05:11:56.069 [info] > git for-each-ref --format=%(refname)%00%(upstream:short)%00%(objectname)%00%(upstream:track)%00%(upstream:remotename)%00%(upstream:remoteref) refs/heads/main refs/remotes/main [1ms]
2025-05-04 05:11:56.077 [info] > git for-each-ref --sort -committerdate --format %(refname)%00%(objectname)%00%(*objectname) [2ms]
2025-05-04 05:11:56.147 [info] > git status -z -uall [75ms]
2025-05-04 05:12:02.527 [info] > git config --get commit.template [3ms]
2025-05-04 05:12:02.528 [info] > git for-each-ref --format=%(refname)%00%(upstream:short)%00%(objectname)%00%(upstream:track)%00%(upstream:remotename)%00%(upstream:remoteref) refs/heads/main refs/remotes/main [1ms]
2025-05-04 05:12:02.536 [info] > git for-each-ref --sort -committerdate --format %(refname)%00%(objectname)%00%(*objectname) [1ms]
2025-05-04 05:12:02.604 [info] > git status -z -uall [72ms]
2025-05-04 05:12:11.317 [info] > git config --get commit.template [3ms]
2025-05-04 05:12:11.318 [info] > git for-each-ref --format=%(refname)%00%(upstream:short)%00%(objectname)%00%(upstream:track)%00%(upstream:remotename)%00%(upstream:remoteref) refs/heads/main refs/remotes/main [1ms]
2025-05-04 05:12:11.329 [info] > git for-each-ref --sort -committerdate --format %(refname)%00%(objectname)%00%(*objectname) [3ms]
2025-05-04 05:12:11.425 [info] > git status -z -uall [104ms]
2025-05-04 05:12:22.931 [info] > git config --get commit.template [4ms]
2025-05-04 05:12:22.932 [info] > git for-each-ref --format=%(refname)%00%(upstream:short)%00%(objectname)%00%(upstream:track)%00%(upstream:remotename)%00%(upstream:remoteref) refs/heads/main refs/remotes/main [2ms]
2025-05-04 05:12:22.940 [info] > git for-each-ref --sort -committerdate --format %(refname)%00%(objectname)%00%(*objectname) [2ms]
2025-05-04 05:12:23.008 [info] > git status -z -uall [73ms]
2025-05-04 05:12:28.208 [info] > git config --get commit.template [3ms]
2025-05-04 05:12:28.209 [info] > git for-each-ref --format=%(refname)%00%(upstream:short)%00%(objectname)%00%(upstream:track)%00%(upstream:remotename)%00%(upstream:remoteref) refs/heads/main refs/remotes/main [1ms]
2025-05-04 05:12:28.224 [info] > git for-each-ref --sort -committerdate --format %(refname)%00%(objectname)%00%(*objectname) [9ms]
2025-05-04 05:12:28.287 [info] > git status -z -uall [75ms]
2025-05-04 05:12:33.481 [info] > git config --get commit.template [3ms]
2025-05-04 05:12:33.483 [info] > git for-each-ref --format=%(refname)%00%(upstream:short)%00%(objectname)%00%(upstream:track)%00%(upstream:remotename)%00%(upstream:remoteref) refs/heads/main refs/remotes/main [1ms]
2025-05-04 05:12:33.490 [info] > git for-each-ref --sort -committerdate --format %(refname)%00%(objectname)%00%(*objectname) [2ms]
2025-05-04 05:12:33.567 [info] > git status -z -uall [82ms]
2025-05-04 05:12:38.775 [info] > git config --get commit.template [3ms]
2025-05-04 05:12:38.775 [info] > git for-each-ref --format=%(refname)%00%(upstream:short)%00%(objectname)%00%(upstream:track)%00%(upstream:remotename)%00%(upstream:remoteref) refs/heads/main refs/remotes/main [1ms]
2025-05-04 05:12:38.783 [info] > git for-each-ref --sort -committerdate --format %(refname)%00%(objectname)%00%(*objectname) [2ms]
2025-05-04 05:12:38.853 [info] > git status -z -uall [74ms]
2025-05-04 05:12:45.090 [info] > git config --get commit.template [5ms]
2025-05-04 05:12:45.090 [info] > git for-each-ref --format=%(refname)%00%(upstream:short)%00%(objectname)%00%(upstream:track)%00%(upstream:remotename)%00%(upstream:remoteref) refs/heads/main refs/remotes/main [1ms]
2025-05-04 05:12:45.107 [info] > git for-each-ref --sort -committerdate --format %(refname)%00%(objectname)%00%(*objectname) [10ms]
2025-05-04 05:12:45.170 [info] > git status -z -uall [75ms]
2025-05-04 05:12:51.221 [info] > git config --get commit.template [6ms]
2025-05-04 05:12:51.222 [info] > git for-each-ref --format=%(refname)%00%(upstream:short)%00%(objectname)%00%(upstream:track)%00%(upstream:remotename)%00%(upstream:remoteref) refs/heads/main refs/remotes/main [2ms]
2025-05-04 05:12:51.231 [info] > git for-each-ref --sort -committerdate --format %(refname)%00%(objectname)%00%(*objectname) [1ms]
2025-05-04 05:12:51.300 [info] > git status -z -uall [75ms]
2025-05-04 05:12:56.568 [info] > git config --get commit.template [0ms]
2025-05-04 05:12:56.572 [info] > git for-each-ref --format=%(refname)%00%(upstream:short)%00%(objectname)%00%(upstream:track)%00%(upstream:remotename)%00%(upstream:remoteref) refs/heads/main refs/remotes/main [2ms]
2025-05-04 05:12:56.587 [info] > git for-each-ref --sort -committerdate --format %(refname)%00%(objectname)%00%(*objectname) [9ms]
2025-05-04 05:12:56.654 [info] > git status -z -uall [79ms]
2025-05-04 05:13:02.025 [info] > git config --get commit.template [7ms]
2025-05-04 05:13:02.025 [info] > git for-each-ref --format=%(refname)%00%(upstream:short)%00%(objectname)%00%(upstream:track)%00%(upstream:remotename)%00%(upstream:remoteref) refs/heads/main refs/remotes/main [1ms]
2025-05-04 05:13:02.041 [info] > git for-each-ref --sort -committerdate --format %(refname)%00%(objectname)%00%(*objectname) [10ms]
2025-05-04 05:13:02.101 [info] > git status -z -uall [73ms]
2025-05-04 05:13:07.297 [info] > git config --get commit.template [5ms]
2025-05-04 05:13:07.298 [info] > git for-each-ref --format=%(refname)%00%(upstream:short)%00%(objectname)%00%(upstream:track)%00%(upstream:remotename)%00%(upstream:remoteref) refs/heads/main refs/remotes/main [2ms]
2025-05-04 05:13:07.316 [info] > git for-each-ref --sort -committerdate --format %(refname)%00%(objectname)%00%(*objectname) [10ms]
2025-05-04 05:13:07.375 [info] > git status -z -uall [74ms]
2025-05-04 05:13:12.569 [info] > git config --get commit.template [4ms]
2025-05-04 05:13:12.570 [info] > git for-each-ref --format=%(refname)%00%(upstream:short)%00%(objectname)%00%(upstream:track)%00%(upstream:remotename)%00%(upstream:remoteref) refs/heads/main refs/remotes/main [1ms]
2025-05-04 05:13:12.586 [info] > git for-each-ref --sort -committerdate --format %(refname)%00%(objectname)%00%(*objectname) [7ms]
2025-05-04 05:13:12.644 [info] > git status -z -uall [71ms]
2025-05-04 05:13:17.856 [info] > git config --get commit.template [4ms]
2025-05-04 05:13:17.857 [info] > git for-each-ref --format=%(refname)%00%(upstream:short)%00%(objectname)%00%(upstream:track)%00%(upstream:remotename)%00%(upstream:remoteref) refs/heads/main refs/remotes/main [1ms]
2025-05-04 05:13:17.876 [info] > git for-each-ref --sort -committerdate --format %(refname)%00%(objectname)%00%(*objectname) [1ms]
2025-05-04 05:13:17.934 [info] > git status -z -uall [73ms]
2025-05-04 05:13:23.131 [info] > git config --get commit.template [4ms]
2025-05-04 05:13:23.132 [info] > git for-each-ref --format=%(refname)%00%(upstream:short)%00%(objectname)%00%(upstream:track)%00%(upstream:remotename)%00%(upstream:remoteref) refs/heads/main refs/remotes/main [2ms]
2025-05-04 05:13:23.142 [info] > git for-each-ref --sort -committerdate --format %(refname)%00%(objectname)%00%(*objectname) [1ms]
2025-05-04 05:13:23.212 [info] > git status -z -uall [76ms]
2025-05-04 05:13:29.016 [info] > git config --get commit.template [4ms]
2025-05-04 05:13:29.017 [info] > git for-each-ref --format=%(refname)%00%(upstream:short)%00%(objectname)%00%(upstream:track)%00%(upstream:remotename)%00%(upstream:remoteref) refs/heads/main refs/remotes/main [2ms]
2025-05-04 05:13:29.028 [info] > git for-each-ref --sort -committerdate --format %(refname)%00%(objectname)%00%(*objectname) [1ms]
2025-05-04 05:13:29.095 [info] > git status -z -uall [74ms]
2025-05-04 05:13:34.304 [info] > git config --get commit.template [3ms]
2025-05-04 05:13:34.304 [info] > git for-each-ref --format=%(refname)%00%(upstream:short)%00%(objectname)%00%(upstream:track)%00%(upstream:remotename)%00%(upstream:remoteref) refs/heads/main refs/remotes/main [1ms]
2025-05-04 05:13:34.317 [info] > git for-each-ref --sort -committerdate --format %(refname)%00%(objectname)%00%(*objectname) [5ms]
2025-05-04 05:13:34.379 [info] > git status -z -uall [72ms]
2025-05-04 05:13:39.582 [info] > git config --get commit.template [5ms]
2025-05-04 05:13:39.583 [info] > git for-each-ref --format=%(refname)%00%(upstream:short)%00%(objectname)%00%(upstream:track)%00%(upstream:remotename)%00%(upstream:remoteref) refs/heads/main refs/remotes/main [2ms]
2025-05-04 05:13:39.599 [info] > git for-each-ref --sort -committerdate --format %(refname)%00%(objectname)%00%(*objectname) [5ms]
2025-05-04 05:13:39.659 [info] > git status -z -uall [73ms]
2025-05-04 05:13:55.238 [info] > git config --get commit.template [4ms]
2025-05-04 05:13:55.239 [info] > git for-each-ref --format=%(refname)%00%(upstream:short)%00%(objectname)%00%(upstream:track)%00%(upstream:remotename)%00%(upstream:remoteref) refs/heads/main refs/remotes/main [2ms]
2025-05-04 05:13:55.255 [info] > git for-each-ref --sort -committerdate --format %(refname)%00%(objectname)%00%(*objectname) [0ms]
2025-05-04 05:13:55.319 [info] > git status -z -uall [77ms]
2025-05-04 05:14:25.278 [info] > git for-each-ref --format=%(refname)%00%(upstream:short)%00%(objectname)%00%(upstream:track)%00%(upstream:remotename)%00%(upstream:remoteref) refs/heads/main refs/remotes/main [1ms]
2025-05-04 05:14:25.278 [info] > git config --get commit.template [6ms]
2025-05-04 05:14:25.290 [info] > git for-each-ref --sort -committerdate --format %(refname)%00%(objectname)%00%(*objectname) [1ms]
2025-05-04 05:14:25.365 [info] > git status -z -uall [83ms]
2025-05-04 05:14:30.584 [info] > git config --get commit.template [4ms]
2025-05-04 05:14:30.585 [info] > git for-each-ref --format=%(refname)%00%(upstream:short)%00%(objectname)%00%(upstream:track)%00%(upstream:remotename)%00%(upstream:remoteref) refs/heads/main refs/remotes/main [2ms]
2025-05-04 05:14:30.596 [info] > git for-each-ref --sort -committerdate --format %(refname)%00%(objectname)%00%(*objectname) [3ms]
2025-05-04 05:14:30.667 [info] > git status -z -uall [79ms]
