2025-02-08 01:24:37.813 [info] [main] Log level: Info
2025-02-08 01:24:37.813 [info] [main] Validating found git in: "git"
2025-02-08 01:24:37.813 [info] [main] Using git "2.34.1" from "git"
2025-02-08 01:24:37.813 [info] [Model][doInitialScan] Initial repository scan started
2025-02-08 01:24:37.813 [info] > git rev-parse --show-toplevel [29ms]
2025-02-08 01:24:37.813 [info] > git rev-parse --git-dir --git-common-dir [1ms]
2025-02-08 01:24:37.813 [info] [Model][openRepository] Opened repository: /home/student
2025-02-08 01:24:37.813 [info] [Git][getRemotes] No remotes found in the git config file
2025-02-08 01:24:37.813 [info] > git rev-parse --show-toplevel [3ms]
2025-02-08 01:24:37.813 [info] > git config --get commit.template [8ms]
2025-02-08 01:24:37.813 [info] > git rev-parse --show-toplevel [2ms]
2025-02-08 01:24:37.813 [info] > git for-each-ref --format=%(refname)%00%(upstream:short)%00%(objectname)%00%(upstream:track)%00%(upstream:remotename)%00%(upstream:remoteref) refs/heads/main refs/remotes/main [7ms]
2025-02-08 01:24:37.813 [warning] [Git][getBranch] No such branch: main
2025-02-08 01:24:37.813 [info] > git rev-parse --show-toplevel [6ms]
2025-02-08 01:24:37.813 [info] [Model][doInitialScan] Initial repository scan completed - repositories (1), closed repositories (0), parent repositories (0), unsafe repositories (0)
2025-02-08 01:24:37.813 [info] > git for-each-ref --sort -committerdate --format %(refname) %(objectname) %(*objectname) [5ms]
2025-02-08 01:24:37.813 [info] > git status -z -uall [48ms]
2025-02-08 01:24:37.813 [info] > git for-each-ref --format=%(refname)%00%(upstream:short)%00%(objectname)%00%(upstream:track)%00%(upstream:remotename)%00%(upstream:remoteref) refs/heads/main refs/remotes/main [384ms]
2025-02-08 01:24:37.813 [warning] [Git][getBranch] No such branch: main
2025-02-08 01:24:37.813 [error] [GitHistoryProvider][resolveHEADMergeBase] Failed to resolve merge base for main: Error: No such branch: main.
2025-02-08 01:24:37.813 [info] > git config --get commit.template [5ms]
2025-02-08 01:24:37.813 [info] [Git][getRemotes] No remotes found in the git config file
2025-02-08 01:24:37.813 [info] > git for-each-ref --format=%(refname)%00%(upstream:short)%00%(objectname)%00%(upstream:track)%00%(upstream:remotename)%00%(upstream:remoteref) refs/heads/main refs/remotes/main [2ms]
2025-02-08 01:24:37.813 [warning] [Git][getBranch] No such branch: main
2025-02-08 01:24:37.813 [info] > git for-each-ref --sort -committerdate --format %(refname) %(objectname) %(*objectname) [1ms]
2025-02-08 01:24:37.828 [info] > git status -z -uall [18ms]
2025-02-08 01:24:38.237 [info] > git show --textconv :Engr212_Tsegay_Asmerom [25ms]
2025-02-08 01:24:38.237 [info] > git show --textconv HEAD:Engr212_Tsegay_Asmerom [24ms]
2025-02-08 01:24:38.237 [info] > git ls-tree -l HEAD -- /home/student/Engr212_Tsegay_Asmerom [19ms]
2025-02-08 01:24:38.237 [info] fatal: Not a valid object name HEAD
2025-02-08 01:24:38.238 [info] > git ls-files --stage -- /home/student/Engr212_Tsegay_Asmerom [23ms]
2025-02-08 01:24:38.246 [info] > git cat-file -s e69de29bb2d1d6434b8b29ae775ad8c2e48c5391 [2ms]
2025-02-08 01:24:38.275 [info] > git check-ignore -v -z --stdin [2ms]
2025-02-08 01:24:39.456 [info] > git config --get commit.template [4ms]
2025-02-08 01:24:39.456 [info] [Git][getRemotes] No remotes found in the git config file
2025-02-08 01:24:39.457 [info] > git for-each-ref --format=%(refname)%00%(upstream:short)%00%(objectname)%00%(upstream:track)%00%(upstream:remotename)%00%(upstream:remoteref) refs/heads/main refs/remotes/main [1ms]
2025-02-08 01:24:39.457 [warning] [Git][getBranch] No such branch: main
2025-02-08 01:24:39.463 [info] > git for-each-ref --sort -committerdate --format %(refname) %(objectname) %(*objectname) [1ms]
2025-02-08 01:24:39.475 [info] > git status -z -uall [16ms]
2025-02-08 01:24:44.501 [info] [Git][getRemotes] No remotes found in the git config file
2025-02-08 01:24:44.502 [info] > git config --get commit.template [3ms]
2025-02-08 01:24:44.502 [info] > git for-each-ref --format=%(refname)%00%(upstream:short)%00%(objectname)%00%(upstream:track)%00%(upstream:remotename)%00%(upstream:remoteref) refs/heads/main refs/remotes/main [1ms]
2025-02-08 01:24:44.502 [warning] [Git][getBranch] No such branch: main
2025-02-08 01:24:44.508 [info] > git for-each-ref --sort -committerdate --format %(refname) %(objectname) %(*objectname) [1ms]
2025-02-08 01:24:44.520 [info] > git status -z -uall [16ms]
2025-02-08 01:25:28.381 [info] > git check-ignore -v -z --stdin [2ms]
