2025-02-24 00:05:38.326 [info] Extension host with pid 2262 started
2025-02-24 00:05:38.343 [info] Lock '/home/student/.vscode-server/data/User/workspaceStorage/255174b9c84437907369f27ac92b5bdb/vscode.lock': Lock acquired.
2025-02-24 00:05:38.544 [info] ExtensionService#_doActivateExtension vscode.git-base, startup: false, activationEvent: '*', root cause: vscode.git
2025-02-24 00:05:38.796 [info] ExtensionService#_doActivateExtension vscode.git, startup: false, activationEvent: '*'
2025-02-24 00:05:38.796 [info] ExtensionService#_doActivateExtension vscode.github, startup: false, activationEvent: '*'
2025-02-24 00:05:39.145 [info] Eager extensions activated
2025-02-24 00:05:39.146 [info] ExtensionService#_doActivateExtension vscode.debug-auto-launch, startup: false, activationEvent: 'onStartupFinished'
2025-02-24 00:05:39.146 [info] ExtensionService#_doActivateExtension vscode.merge-conflict, startup: false, activationEvent: 'onStartupFinished'
2025-02-24 00:05:39.294 [warning] [Decorations] CAPPING events from decorations provider vscode.git 1645
2025-02-24 00:05:39.621 [info] ExtensionService#_doActivateExtension vscode.emmet, startup: false, activationEvent: 'onLanguage'
2025-02-24 00:05:39.751 [warning] [Decorations] CAPPING events from decorations provider vscode.git 1647
2025-02-24 00:05:42.919 [warning] [Decorations] CAPPING events from decorations provider vscode.git 1647
2025-02-24 00:05:47.991 [warning] [Decorations] CAPPING events from decorations provider vscode.git 1647
2025-02-24 00:06:09.010 [warning] [Decorations] CAPPING events from decorations provider vscode.git 1647
2025-02-24 00:06:14.081 [warning] [Decorations] CAPPING events from decorations provider vscode.git 1647
2025-02-24 00:06:14.447 [info] ExtensionService#_doActivateExtension vscode.npm, startup: false, activationEvent: 'onTerminalQuickFixRequest:ms-vscode.npm-command'
2025-02-24 00:06:19.152 [warning] [Decorations] CAPPING events from decorations provider vscode.git 1646
2025-02-24 00:06:20.487 [info] ExtensionService#_doActivateExtension vscode.configuration-editing, startup: false, activationEvent: 'onLanguage:json'
2025-02-24 00:06:20.487 [info] ExtensionService#_doActivateExtension vscode.extension-editing, startup: false, activationEvent: 'onLanguage:json'
2025-02-24 00:06:20.488 [info] ExtensionService#_doActivateExtension vscode.json-language-features, startup: false, activationEvent: 'onLanguage:json'
2025-02-24 00:06:24.228 [warning] [Decorations] CAPPING events from decorations provider vscode.git 1647
2025-02-24 00:06:29.301 [warning] [Decorations] CAPPING events from decorations provider vscode.git 1647
2025-02-24 00:06:34.372 [warning] [Decorations] CAPPING events from decorations provider vscode.git 1647
2025-02-24 00:06:39.448 [warning] [Decorations] CAPPING events from decorations provider vscode.git 1647
2025-02-24 00:06:44.517 [warning] [Decorations] CAPPING events from decorations provider vscode.git 1647
2025-02-24 00:06:49.585 [warning] [Decorations] CAPPING events from decorations provider vscode.git 1647
2025-02-24 00:06:54.654 [warning] [Decorations] CAPPING events from decorations provider vscode.git 1647
2025-02-24 00:06:59.745 [warning] [Decorations] CAPPING events from decorations provider vscode.git 1647
2025-02-24 00:07:14.244 [warning] [Decorations] CAPPING events from decorations provider vscode.git 1647
2025-02-24 00:07:19.312 [warning] [Decorations] CAPPING events from decorations provider vscode.git 1648
2025-02-24 00:07:24.404 [warning] [Decorations] CAPPING events from decorations provider vscode.git 1648
2025-02-24 00:07:29.472 [warning] [Decorations] CAPPING events from decorations provider vscode.git 1648
2025-02-24 00:07:34.570 [warning] [Decorations] CAPPING events from decorations provider vscode.git 1648
2025-02-24 00:07:39.643 [warning] [Decorations] CAPPING events from decorations provider vscode.git 1648
2025-02-24 00:07:49.011 [warning] [Decorations] CAPPING events from decorations provider vscode.git 1648
2025-02-24 00:07:54.080 [warning] [Decorations] CAPPING events from decorations provider vscode.git 1648
2025-02-24 00:07:59.161 [warning] [Decorations] CAPPING events from decorations provider vscode.git 1648
2025-02-24 00:08:04.230 [warning] [Decorations] CAPPING events from decorations provider vscode.git 1648
2025-02-24 00:08:09.299 [warning] [Decorations] CAPPING events from decorations provider vscode.git 1647
2025-02-24 00:08:49.425 [warning] [Decorations] CAPPING events from decorations provider vscode.git 1647
2025-02-24 00:08:57.425 [warning] [Decorations] CAPPING events from decorations provider vscode.git 1647
2025-02-24 00:09:04.293 [warning] [Decorations] CAPPING events from decorations provider vscode.git 1647
2025-02-24 00:09:09.360 [warning] [Decorations] CAPPING events from decorations provider vscode.git 1647
2025-02-24 00:09:14.430 [warning] [Decorations] CAPPING events from decorations provider vscode.git 1647
2025-02-24 00:09:20.735 [warning] [Decorations] CAPPING events from decorations provider vscode.git 1647
2025-02-24 00:09:28.754 [warning] [Decorations] CAPPING events from decorations provider vscode.git 1647
2025-02-24 00:09:33.990 [warning] [Decorations] CAPPING events from decorations provider vscode.git 1647
2025-02-24 00:09:42.478 [warning] [Decorations] CAPPING events from decorations provider vscode.git 1647
2025-02-24 00:09:48.408 [warning] [Decorations] CAPPING events from decorations provider vscode.git 1647
2025-02-24 00:09:56.945 [warning] [Decorations] CAPPING events from decorations provider vscode.git 1647
2025-02-24 00:10:02.017 [warning] [Decorations] CAPPING events from decorations provider vscode.git 1647
2025-02-24 00:10:07.088 [warning] [Decorations] CAPPING events from decorations provider vscode.git 1646
2025-02-24 00:10:12.157 [warning] [Decorations] CAPPING events from decorations provider vscode.git 1648
2025-02-24 00:10:22.870 [warning] [Decorations] CAPPING events from decorations provider vscode.git 1648
2025-02-24 00:10:37.004 [warning] [Decorations] CAPPING events from decorations provider vscode.git 1648
2025-02-24 00:10:42.074 [warning] [Decorations] CAPPING events from decorations provider vscode.git 1648
2025-02-24 00:11:05.468 [warning] [Decorations] CAPPING events from decorations provider vscode.git 1649
2025-02-24 00:11:10.539 [warning] [Decorations] CAPPING events from decorations provider vscode.git 1649
2025-02-24 00:11:20.036 [warning] [Decorations] CAPPING events from decorations provider vscode.git 1649
2025-02-24 00:11:25.109 [warning] [Decorations] CAPPING events from decorations provider vscode.git 1649
2025-02-24 00:11:30.179 [warning] [Decorations] CAPPING events from decorations provider vscode.git 1649
2025-02-24 00:11:35.247 [warning] [Decorations] CAPPING events from decorations provider vscode.git 1649
2025-02-24 00:11:40.344 [warning] [Decorations] CAPPING events from decorations provider vscode.git 1649
2025-02-24 00:11:45.412 [warning] [Decorations] CAPPING events from decorations provider vscode.git 1649
2025-02-24 00:12:16.998 [warning] [Decorations] CAPPING events from decorations provider vscode.git 1649
2025-02-24 00:12:22.070 [warning] [Decorations] CAPPING events from decorations provider vscode.git 1649
2025-02-24 00:12:27.170 [warning] [Decorations] CAPPING events from decorations provider vscode.git 1649
2025-02-24 00:12:32.243 [warning] [Decorations] CAPPING events from decorations provider vscode.git 1649
2025-02-24 00:12:32.249 [info] Extension host terminating: received terminate message from renderer
2025-02-24 00:12:32.250 [info] Lock '/home/student/.vscode-server/data/User/workspaceStorage/255174b9c84437907369f27ac92b5bdb/vscode.lock': Marking the lockfile as scheduled to be released in 6000 ms.
2025-02-24 00:12:32.284 [error] Canceled: Canceled
	at jc (file:///home/student/.vscode-server/cli/servers/Stable-e249dada235c2083c83813bd65b7f4707fb97b76/server/out/vs/workbench/api/node/extensionHostProcess.js:7:1218)
	at file:///home/student/.vscode-server/cli/servers/Stable-e249dada235c2083c83813bd65b7f4707fb97b76/server/out/vs/workbench/api/node/extensionHostProcess.js:29:155152
	at Array.forEach (<anonymous>)
	at Uy.dispose (file:///home/student/.vscode-server/cli/servers/Stable-e249dada235c2083c83813bd65b7f4707fb97b76/server/out/vs/workbench/api/node/extensionHostProcess.js:29:155092)
	at PW.terminate (file:///home/student/.vscode-server/cli/servers/Stable-e249dada235c2083c83813bd65b7f4707fb97b76/server/out/vs/workbench/api/node/extensionHostProcess.js:116:10082)
	at wC.terminate (file:///home/student/.vscode-server/cli/servers/Stable-e249dada235c2083c83813bd65b7f4707fb97b76/server/out/vs/workbench/api/node/extensionHostProcess.js:117:1434)
	at ts (file:///home/student/.vscode-server/cli/servers/Stable-e249dada235c2083c83813bd65b7f4707fb97b76/server/out/vs/workbench/api/node/extensionHostProcess.js:190:15080)
	at Ah.value (file:///home/student/.vscode-server/cli/servers/Stable-e249dada235c2083c83813bd65b7f4707fb97b76/server/out/vs/workbench/api/node/extensionHostProcess.js:190:13241)
	at D.B (file:///home/student/.vscode-server/cli/servers/Stable-e249dada235c2083c83813bd65b7f4707fb97b76/server/out/vs/workbench/api/node/extensionHostProcess.js:27:2373)
	at D.fire (file:///home/student/.vscode-server/cli/servers/Stable-e249dada235c2083c83813bd65b7f4707fb97b76/server/out/vs/workbench/api/node/extensionHostProcess.js:27:2591)
	at Xn.fire (file:///home/student/.vscode-server/cli/servers/Stable-e249dada235c2083c83813bd65b7f4707fb97b76/server/out/vs/workbench/api/node/extensionHostProcess.js:29:9458)
	at Gm.A (file:///home/student/.vscode-server/cli/servers/Stable-e249dada235c2083c83813bd65b7f4707fb97b76/server/out/vs/workbench/api/node/extensionHostProcess.js:29:12574)
	at Ah.value (file:///home/student/.vscode-server/cli/servers/Stable-e249dada235c2083c83813bd65b7f4707fb97b76/server/out/vs/workbench/api/node/extensionHostProcess.js:29:10994)
	at D.B (file:///home/student/.vscode-server/cli/servers/Stable-e249dada235c2083c83813bd65b7f4707fb97b76/server/out/vs/workbench/api/node/extensionHostProcess.js:27:2373)
	at D.fire (file:///home/student/.vscode-server/cli/servers/Stable-e249dada235c2083c83813bd65b7f4707fb97b76/server/out/vs/workbench/api/node/extensionHostProcess.js:27:2591)
	at m6.acceptChunk (file:///home/student/.vscode-server/cli/servers/Stable-e249dada235c2083c83813bd65b7f4707fb97b76/server/out/vs/workbench/api/node/extensionHostProcess.js:29:7941)
	at file:///home/student/.vscode-server/cli/servers/Stable-e249dada235c2083c83813bd65b7f4707fb97b76/server/out/vs/workbench/api/node/extensionHostProcess.js:29:7227
	at Socket.t (file:///home/student/.vscode-server/cli/servers/Stable-e249dada235c2083c83813bd65b7f4707fb97b76/server/out/vs/workbench/api/node/extensionHostProcess.js:29:14761)
	at Socket.emit (node:events:518:28)
	at addChunk (node:internal/streams/readable:561:12)
	at readableAddChunkPushByteMode (node:internal/streams/readable:512:3)
	at Readable.push (node:internal/streams/readable:392:5)
	at Pipe.onStreamRead (node:internal/stream_base_commons:191:23) setContext undefined
2025-02-24 00:12:32.285 [error] Canceled: Canceled
	at jc (file:///home/student/.vscode-server/cli/servers/Stable-e249dada235c2083c83813bd65b7f4707fb97b76/server/out/vs/workbench/api/node/extensionHostProcess.js:7:1218)
	at file:///home/student/.vscode-server/cli/servers/Stable-e249dada235c2083c83813bd65b7f4707fb97b76/server/out/vs/workbench/api/node/extensionHostProcess.js:29:155152
	at Array.forEach (<anonymous>)
	at Uy.dispose (file:///home/student/.vscode-server/cli/servers/Stable-e249dada235c2083c83813bd65b7f4707fb97b76/server/out/vs/workbench/api/node/extensionHostProcess.js:29:155092)
	at PW.terminate (file:///home/student/.vscode-server/cli/servers/Stable-e249dada235c2083c83813bd65b7f4707fb97b76/server/out/vs/workbench/api/node/extensionHostProcess.js:116:10082)
	at wC.terminate (file:///home/student/.vscode-server/cli/servers/Stable-e249dada235c2083c83813bd65b7f4707fb97b76/server/out/vs/workbench/api/node/extensionHostProcess.js:117:1434)
	at ts (file:///home/student/.vscode-server/cli/servers/Stable-e249dada235c2083c83813bd65b7f4707fb97b76/server/out/vs/workbench/api/node/extensionHostProcess.js:190:15080)
	at Ah.value (file:///home/student/.vscode-server/cli/servers/Stable-e249dada235c2083c83813bd65b7f4707fb97b76/server/out/vs/workbench/api/node/extensionHostProcess.js:190:13241)
	at D.B (file:///home/student/.vscode-server/cli/servers/Stable-e249dada235c2083c83813bd65b7f4707fb97b76/server/out/vs/workbench/api/node/extensionHostProcess.js:27:2373)
	at D.fire (file:///home/student/.vscode-server/cli/servers/Stable-e249dada235c2083c83813bd65b7f4707fb97b76/server/out/vs/workbench/api/node/extensionHostProcess.js:27:2591)
	at Xn.fire (file:///home/student/.vscode-server/cli/servers/Stable-e249dada235c2083c83813bd65b7f4707fb97b76/server/out/vs/workbench/api/node/extensionHostProcess.js:29:9458)
	at Gm.A (file:///home/student/.vscode-server/cli/servers/Stable-e249dada235c2083c83813bd65b7f4707fb97b76/server/out/vs/workbench/api/node/extensionHostProcess.js:29:12574)
	at Ah.value (file:///home/student/.vscode-server/cli/servers/Stable-e249dada235c2083c83813bd65b7f4707fb97b76/server/out/vs/workbench/api/node/extensionHostProcess.js:29:10994)
	at D.B (file:///home/student/.vscode-server/cli/servers/Stable-e249dada235c2083c83813bd65b7f4707fb97b76/server/out/vs/workbench/api/node/extensionHostProcess.js:27:2373)
	at D.fire (file:///home/student/.vscode-server/cli/servers/Stable-e249dada235c2083c83813bd65b7f4707fb97b76/server/out/vs/workbench/api/node/extensionHostProcess.js:27:2591)
	at m6.acceptChunk (file:///home/student/.vscode-server/cli/servers/Stable-e249dada235c2083c83813bd65b7f4707fb97b76/server/out/vs/workbench/api/node/extensionHostProcess.js:29:7941)
	at file:///home/student/.vscode-server/cli/servers/Stable-e249dada235c2083c83813bd65b7f4707fb97b76/server/out/vs/workbench/api/node/extensionHostProcess.js:29:7227
	at Socket.t (file:///home/student/.vscode-server/cli/servers/Stable-e249dada235c2083c83813bd65b7f4707fb97b76/server/out/vs/workbench/api/node/extensionHostProcess.js:29:14761)
	at Socket.emit (node:events:518:28)
	at addChunk (node:internal/streams/readable:561:12)
	at readableAddChunkPushByteMode (node:internal/streams/readable:512:3)
	at Readable.push (node:internal/streams/readable:392:5)
	at Pipe.onStreamRead (node:internal/stream_base_commons:191:23) setContext undefined
2025-02-24 00:12:32.285 [error] Canceled: Canceled
	at jc (file:///home/student/.vscode-server/cli/servers/Stable-e249dada235c2083c83813bd65b7f4707fb97b76/server/out/vs/workbench/api/node/extensionHostProcess.js:7:1218)
	at file:///home/student/.vscode-server/cli/servers/Stable-e249dada235c2083c83813bd65b7f4707fb97b76/server/out/vs/workbench/api/node/extensionHostProcess.js:29:155152
	at Array.forEach (<anonymous>)
	at Uy.dispose (file:///home/student/.vscode-server/cli/servers/Stable-e249dada235c2083c83813bd65b7f4707fb97b76/server/out/vs/workbench/api/node/extensionHostProcess.js:29:155092)
	at PW.terminate (file:///home/student/.vscode-server/cli/servers/Stable-e249dada235c2083c83813bd65b7f4707fb97b76/server/out/vs/workbench/api/node/extensionHostProcess.js:116:10082)
	at wC.terminate (file:///home/student/.vscode-server/cli/servers/Stable-e249dada235c2083c83813bd65b7f4707fb97b76/server/out/vs/workbench/api/node/extensionHostProcess.js:117:1434)
	at ts (file:///home/student/.vscode-server/cli/servers/Stable-e249dada235c2083c83813bd65b7f4707fb97b76/server/out/vs/workbench/api/node/extensionHostProcess.js:190:15080)
	at Ah.value (file:///home/student/.vscode-server/cli/servers/Stable-e249dada235c2083c83813bd65b7f4707fb97b76/server/out/vs/workbench/api/node/extensionHostProcess.js:190:13241)
	at D.B (file:///home/student/.vscode-server/cli/servers/Stable-e249dada235c2083c83813bd65b7f4707fb97b76/server/out/vs/workbench/api/node/extensionHostProcess.js:27:2373)
	at D.fire (file:///home/student/.vscode-server/cli/servers/Stable-e249dada235c2083c83813bd65b7f4707fb97b76/server/out/vs/workbench/api/node/extensionHostProcess.js:27:2591)
	at Xn.fire (file:///home/student/.vscode-server/cli/servers/Stable-e249dada235c2083c83813bd65b7f4707fb97b76/server/out/vs/workbench/api/node/extensionHostProcess.js:29:9458)
	at Gm.A (file:///home/student/.vscode-server/cli/servers/Stable-e249dada235c2083c83813bd65b7f4707fb97b76/server/out/vs/workbench/api/node/extensionHostProcess.js:29:12574)
	at Ah.value (file:///home/student/.vscode-server/cli/servers/Stable-e249dada235c2083c83813bd65b7f4707fb97b76/server/out/vs/workbench/api/node/extensionHostProcess.js:29:10994)
	at D.B (file:///home/student/.vscode-server/cli/servers/Stable-e249dada235c2083c83813bd65b7f4707fb97b76/server/out/vs/workbench/api/node/extensionHostProcess.js:27:2373)
	at D.fire (file:///home/student/.vscode-server/cli/servers/Stable-e249dada235c2083c83813bd65b7f4707fb97b76/server/out/vs/workbench/api/node/extensionHostProcess.js:27:2591)
	at m6.acceptChunk (file:///home/student/.vscode-server/cli/servers/Stable-e249dada235c2083c83813bd65b7f4707fb97b76/server/out/vs/workbench/api/node/extensionHostProcess.js:29:7941)
	at file:///home/student/.vscode-server/cli/servers/Stable-e249dada235c2083c83813bd65b7f4707fb97b76/server/out/vs/workbench/api/node/extensionHostProcess.js:29:7227
	at Socket.t (file:///home/student/.vscode-server/cli/servers/Stable-e249dada235c2083c83813bd65b7f4707fb97b76/server/out/vs/workbench/api/node/extensionHostProcess.js:29:14761)
	at Socket.emit (node:events:518:28)
	at addChunk (node:internal/streams/readable:561:12)
	at readableAddChunkPushByteMode (node:internal/streams/readable:512:3)
	at Readable.push (node:internal/streams/readable:392:5)
	at Pipe.onStreamRead (node:internal/stream_base_commons:191:23) setContext undefined
2025-02-24 00:12:32.285 [error] Canceled: Canceled
	at jc (file:///home/student/.vscode-server/cli/servers/Stable-e249dada235c2083c83813bd65b7f4707fb97b76/server/out/vs/workbench/api/node/extensionHostProcess.js:7:1218)
	at file:///home/student/.vscode-server/cli/servers/Stable-e249dada235c2083c83813bd65b7f4707fb97b76/server/out/vs/workbench/api/node/extensionHostProcess.js:29:155152
	at Array.forEach (<anonymous>)
	at Uy.dispose (file:///home/student/.vscode-server/cli/servers/Stable-e249dada235c2083c83813bd65b7f4707fb97b76/server/out/vs/workbench/api/node/extensionHostProcess.js:29:155092)
	at PW.terminate (file:///home/student/.vscode-server/cli/servers/Stable-e249dada235c2083c83813bd65b7f4707fb97b76/server/out/vs/workbench/api/node/extensionHostProcess.js:116:10082)
	at wC.terminate (file:///home/student/.vscode-server/cli/servers/Stable-e249dada235c2083c83813bd65b7f4707fb97b76/server/out/vs/workbench/api/node/extensionHostProcess.js:117:1434)
	at ts (file:///home/student/.vscode-server/cli/servers/Stable-e249dada235c2083c83813bd65b7f4707fb97b76/server/out/vs/workbench/api/node/extensionHostProcess.js:190:15080)
	at Ah.value (file:///home/student/.vscode-server/cli/servers/Stable-e249dada235c2083c83813bd65b7f4707fb97b76/server/out/vs/workbench/api/node/extensionHostProcess.js:190:13241)
	at D.B (file:///home/student/.vscode-server/cli/servers/Stable-e249dada235c2083c83813bd65b7f4707fb97b76/server/out/vs/workbench/api/node/extensionHostProcess.js:27:2373)
	at D.fire (file:///home/student/.vscode-server/cli/servers/Stable-e249dada235c2083c83813bd65b7f4707fb97b76/server/out/vs/workbench/api/node/extensionHostProcess.js:27:2591)
	at Xn.fire (file:///home/student/.vscode-server/cli/servers/Stable-e249dada235c2083c83813bd65b7f4707fb97b76/server/out/vs/workbench/api/node/extensionHostProcess.js:29:9458)
	at Gm.A (file:///home/student/.vscode-server/cli/servers/Stable-e249dada235c2083c83813bd65b7f4707fb97b76/server/out/vs/workbench/api/node/extensionHostProcess.js:29:12574)
	at Ah.value (file:///home/student/.vscode-server/cli/servers/Stable-e249dada235c2083c83813bd65b7f4707fb97b76/server/out/vs/workbench/api/node/extensionHostProcess.js:29:10994)
	at D.B (file:///home/student/.vscode-server/cli/servers/Stable-e249dada235c2083c83813bd65b7f4707fb97b76/server/out/vs/workbench/api/node/extensionHostProcess.js:27:2373)
	at D.fire (file:///home/student/.vscode-server/cli/servers/Stable-e249dada235c2083c83813bd65b7f4707fb97b76/server/out/vs/workbench/api/node/extensionHostProcess.js:27:2591)
	at m6.acceptChunk (file:///home/student/.vscode-server/cli/servers/Stable-e249dada235c2083c83813bd65b7f4707fb97b76/server/out/vs/workbench/api/node/extensionHostProcess.js:29:7941)
	at file:///home/student/.vscode-server/cli/servers/Stable-e249dada235c2083c83813bd65b7f4707fb97b76/server/out/vs/workbench/api/node/extensionHostProcess.js:29:7227
	at Socket.t (file:///home/student/.vscode-server/cli/servers/Stable-e249dada235c2083c83813bd65b7f4707fb97b76/server/out/vs/workbench/api/node/extensionHostProcess.js:29:14761)
	at Socket.emit (node:events:518:28)
	at addChunk (node:internal/streams/readable:561:12)
	at readableAddChunkPushByteMode (node:internal/streams/readable:512:3)
	at Readable.push (node:internal/streams/readable:392:5)
	at Pipe.onStreamRead (node:internal/stream_base_commons:191:23) setContext undefined
2025-02-24 00:12:32.285 [error] Canceled: Canceled
	at jc (file:///home/student/.vscode-server/cli/servers/Stable-e249dada235c2083c83813bd65b7f4707fb97b76/server/out/vs/workbench/api/node/extensionHostProcess.js:7:1218)
	at file:///home/student/.vscode-server/cli/servers/Stable-e249dada235c2083c83813bd65b7f4707fb97b76/server/out/vs/workbench/api/node/extensionHostProcess.js:29:155152
	at Array.forEach (<anonymous>)
	at Uy.dispose (file:///home/student/.vscode-server/cli/servers/Stable-e249dada235c2083c83813bd65b7f4707fb97b76/server/out/vs/workbench/api/node/extensionHostProcess.js:29:155092)
	at PW.terminate (file:///home/student/.vscode-server/cli/servers/Stable-e249dada235c2083c83813bd65b7f4707fb97b76/server/out/vs/workbench/api/node/extensionHostProcess.js:116:10082)
	at wC.terminate (file:///home/student/.vscode-server/cli/servers/Stable-e249dada235c2083c83813bd65b7f4707fb97b76/server/out/vs/workbench/api/node/extensionHostProcess.js:117:1434)
	at ts (file:///home/student/.vscode-server/cli/servers/Stable-e249dada235c2083c83813bd65b7f4707fb97b76/server/out/vs/workbench/api/node/extensionHostProcess.js:190:15080)
	at Ah.value (file:///home/student/.vscode-server/cli/servers/Stable-e249dada235c2083c83813bd65b7f4707fb97b76/server/out/vs/workbench/api/node/extensionHostProcess.js:190:13241)
	at D.B (file:///home/student/.vscode-server/cli/servers/Stable-e249dada235c2083c83813bd65b7f4707fb97b76/server/out/vs/workbench/api/node/extensionHostProcess.js:27:2373)
	at D.fire (file:///home/student/.vscode-server/cli/servers/Stable-e249dada235c2083c83813bd65b7f4707fb97b76/server/out/vs/workbench/api/node/extensionHostProcess.js:27:2591)
	at Xn.fire (file:///home/student/.vscode-server/cli/servers/Stable-e249dada235c2083c83813bd65b7f4707fb97b76/server/out/vs/workbench/api/node/extensionHostProcess.js:29:9458)
	at Gm.A (file:///home/student/.vscode-server/cli/servers/Stable-e249dada235c2083c83813bd65b7f4707fb97b76/server/out/vs/workbench/api/node/extensionHostProcess.js:29:12574)
	at Ah.value (file:///home/student/.vscode-server/cli/servers/Stable-e249dada235c2083c83813bd65b7f4707fb97b76/server/out/vs/workbench/api/node/extensionHostProcess.js:29:10994)
	at D.B (file:///home/student/.vscode-server/cli/servers/Stable-e249dada235c2083c83813bd65b7f4707fb97b76/server/out/vs/workbench/api/node/extensionHostProcess.js:27:2373)
	at D.fire (file:///home/student/.vscode-server/cli/servers/Stable-e249dada235c2083c83813bd65b7f4707fb97b76/server/out/vs/workbench/api/node/extensionHostProcess.js:27:2591)
	at m6.acceptChunk (file:///home/student/.vscode-server/cli/servers/Stable-e249dada235c2083c83813bd65b7f4707fb97b76/server/out/vs/workbench/api/node/extensionHostProcess.js:29:7941)
	at file:///home/student/.vscode-server/cli/servers/Stable-e249dada235c2083c83813bd65b7f4707fb97b76/server/out/vs/workbench/api/node/extensionHostProcess.js:29:7227
	at Socket.t (file:///home/student/.vscode-server/cli/servers/Stable-e249dada235c2083c83813bd65b7f4707fb97b76/server/out/vs/workbench/api/node/extensionHostProcess.js:29:14761)
	at Socket.emit (node:events:518:28)
	at addChunk (node:internal/streams/readable:561:12)
	at readableAddChunkPushByteMode (node:internal/streams/readable:512:3)
	at Readable.push (node:internal/streams/readable:392:5)
	at Pipe.onStreamRead (node:internal/stream_base_commons:191:23) setContext undefined
2025-02-24 00:12:32.285 [error] Canceled: Canceled
	at jc (file:///home/student/.vscode-server/cli/servers/Stable-e249dada235c2083c83813bd65b7f4707fb97b76/server/out/vs/workbench/api/node/extensionHostProcess.js:7:1218)
	at file:///home/student/.vscode-server/cli/servers/Stable-e249dada235c2083c83813bd65b7f4707fb97b76/server/out/vs/workbench/api/node/extensionHostProcess.js:29:155152
	at Array.forEach (<anonymous>)
	at Uy.dispose (file:///home/student/.vscode-server/cli/servers/Stable-e249dada235c2083c83813bd65b7f4707fb97b76/server/out/vs/workbench/api/node/extensionHostProcess.js:29:155092)
	at PW.terminate (file:///home/student/.vscode-server/cli/servers/Stable-e249dada235c2083c83813bd65b7f4707fb97b76/server/out/vs/workbench/api/node/extensionHostProcess.js:116:10082)
	at wC.terminate (file:///home/student/.vscode-server/cli/servers/Stable-e249dada235c2083c83813bd65b7f4707fb97b76/server/out/vs/workbench/api/node/extensionHostProcess.js:117:1434)
	at ts (file:///home/student/.vscode-server/cli/servers/Stable-e249dada235c2083c83813bd65b7f4707fb97b76/server/out/vs/workbench/api/node/extensionHostProcess.js:190:15080)
	at Ah.value (file:///home/student/.vscode-server/cli/servers/Stable-e249dada235c2083c83813bd65b7f4707fb97b76/server/out/vs/workbench/api/node/extensionHostProcess.js:190:13241)
	at D.B (file:///home/student/.vscode-server/cli/servers/Stable-e249dada235c2083c83813bd65b7f4707fb97b76/server/out/vs/workbench/api/node/extensionHostProcess.js:27:2373)
	at D.fire (file:///home/student/.vscode-server/cli/servers/Stable-e249dada235c2083c83813bd65b7f4707fb97b76/server/out/vs/workbench/api/node/extensionHostProcess.js:27:2591)
	at Xn.fire (file:///home/student/.vscode-server/cli/servers/Stable-e249dada235c2083c83813bd65b7f4707fb97b76/server/out/vs/workbench/api/node/extensionHostProcess.js:29:9458)
	at Gm.A (file:///home/student/.vscode-server/cli/servers/Stable-e249dada235c2083c83813bd65b7f4707fb97b76/server/out/vs/workbench/api/node/extensionHostProcess.js:29:12574)
	at Ah.value (file:///home/student/.vscode-server/cli/servers/Stable-e249dada235c2083c83813bd65b7f4707fb97b76/server/out/vs/workbench/api/node/extensionHostProcess.js:29:10994)
	at D.B (file:///home/student/.vscode-server/cli/servers/Stable-e249dada235c2083c83813bd65b7f4707fb97b76/server/out/vs/workbench/api/node/extensionHostProcess.js:27:2373)
	at D.fire (file:///home/student/.vscode-server/cli/servers/Stable-e249dada235c2083c83813bd65b7f4707fb97b76/server/out/vs/workbench/api/node/extensionHostProcess.js:27:2591)
	at m6.acceptChunk (file:///home/student/.vscode-server/cli/servers/Stable-e249dada235c2083c83813bd65b7f4707fb97b76/server/out/vs/workbench/api/node/extensionHostProcess.js:29:7941)
	at file:///home/student/.vscode-server/cli/servers/Stable-e249dada235c2083c83813bd65b7f4707fb97b76/server/out/vs/workbench/api/node/extensionHostProcess.js:29:7227
	at Socket.t (file:///home/student/.vscode-server/cli/servers/Stable-e249dada235c2083c83813bd65b7f4707fb97b76/server/out/vs/workbench/api/node/extensionHostProcess.js:29:14761)
	at Socket.emit (node:events:518:28)
	at addChunk (node:internal/streams/readable:561:12)
	at readableAddChunkPushByteMode (node:internal/streams/readable:512:3)
	at Readable.push (node:internal/streams/readable:392:5)
	at Pipe.onStreamRead (node:internal/stream_base_commons:191:23) setContext undefined
2025-02-24 00:12:32.285 [error] Canceled: Canceled
	at jc (file:///home/student/.vscode-server/cli/servers/Stable-e249dada235c2083c83813bd65b7f4707fb97b76/server/out/vs/workbench/api/node/extensionHostProcess.js:7:1218)
	at file:///home/student/.vscode-server/cli/servers/Stable-e249dada235c2083c83813bd65b7f4707fb97b76/server/out/vs/workbench/api/node/extensionHostProcess.js:29:155152
	at Array.forEach (<anonymous>)
	at Uy.dispose (file:///home/student/.vscode-server/cli/servers/Stable-e249dada235c2083c83813bd65b7f4707fb97b76/server/out/vs/workbench/api/node/extensionHostProcess.js:29:155092)
	at PW.terminate (file:///home/student/.vscode-server/cli/servers/Stable-e249dada235c2083c83813bd65b7f4707fb97b76/server/out/vs/workbench/api/node/extensionHostProcess.js:116:10082)
	at wC.terminate (file:///home/student/.vscode-server/cli/servers/Stable-e249dada235c2083c83813bd65b7f4707fb97b76/server/out/vs/workbench/api/node/extensionHostProcess.js:117:1434)
	at ts (file:///home/student/.vscode-server/cli/servers/Stable-e249dada235c2083c83813bd65b7f4707fb97b76/server/out/vs/workbench/api/node/extensionHostProcess.js:190:15080)
	at Ah.value (file:///home/student/.vscode-server/cli/servers/Stable-e249dada235c2083c83813bd65b7f4707fb97b76/server/out/vs/workbench/api/node/extensionHostProcess.js:190:13241)
	at D.B (file:///home/student/.vscode-server/cli/servers/Stable-e249dada235c2083c83813bd65b7f4707fb97b76/server/out/vs/workbench/api/node/extensionHostProcess.js:27:2373)
	at D.fire (file:///home/student/.vscode-server/cli/servers/Stable-e249dada235c2083c83813bd65b7f4707fb97b76/server/out/vs/workbench/api/node/extensionHostProcess.js:27:2591)
	at Xn.fire (file:///home/student/.vscode-server/cli/servers/Stable-e249dada235c2083c83813bd65b7f4707fb97b76/server/out/vs/workbench/api/node/extensionHostProcess.js:29:9458)
	at Gm.A (file:///home/student/.vscode-server/cli/servers/Stable-e249dada235c2083c83813bd65b7f4707fb97b76/server/out/vs/workbench/api/node/extensionHostProcess.js:29:12574)
	at Ah.value (file:///home/student/.vscode-server/cli/servers/Stable-e249dada235c2083c83813bd65b7f4707fb97b76/server/out/vs/workbench/api/node/extensionHostProcess.js:29:10994)
	at D.B (file:///home/student/.vscode-server/cli/servers/Stable-e249dada235c2083c83813bd65b7f4707fb97b76/server/out/vs/workbench/api/node/extensionHostProcess.js:27:2373)
	at D.fire (file:///home/student/.vscode-server/cli/servers/Stable-e249dada235c2083c83813bd65b7f4707fb97b76/server/out/vs/workbench/api/node/extensionHostProcess.js:27:2591)
	at m6.acceptChunk (file:///home/student/.vscode-server/cli/servers/Stable-e249dada235c2083c83813bd65b7f4707fb97b76/server/out/vs/workbench/api/node/extensionHostProcess.js:29:7941)
	at file:///home/student/.vscode-server/cli/servers/Stable-e249dada235c2083c83813bd65b7f4707fb97b76/server/out/vs/workbench/api/node/extensionHostProcess.js:29:7227
	at Socket.t (file:///home/student/.vscode-server/cli/servers/Stable-e249dada235c2083c83813bd65b7f4707fb97b76/server/out/vs/workbench/api/node/extensionHostProcess.js:29:14761)
	at Socket.emit (node:events:518:28)
	at addChunk (node:internal/streams/readable:561:12)
	at readableAddChunkPushByteMode (node:internal/streams/readable:512:3)
	at Readable.push (node:internal/streams/readable:392:5)
	at Pipe.onStreamRead (node:internal/stream_base_commons:191:23) setContext undefined
2025-02-24 00:12:32.288 [error] Canceled: Canceled
	at new XT (file:///home/student/.vscode-server/cli/servers/Stable-e249dada235c2083c83813bd65b7f4707fb97b76/server/out/vs/workbench/api/node/extensionHostProcess.js:29:153701)
	at Uy.U (file:///home/student/.vscode-server/cli/servers/Stable-e249dada235c2083c83813bd65b7f4707fb97b76/server/out/vs/workbench/api/node/extensionHostProcess.js:29:158311)
	at s.<computed>.n.charCodeAt.s.<computed> (file:///home/student/.vscode-server/cli/servers/Stable-e249dada235c2083c83813bd65b7f4707fb97b76/server/out/vs/workbench/api/node/extensionHostProcess.js:29:155805)
	at mw.g (file:///home/student/.vscode-server/cli/servers/Stable-e249dada235c2083c83813bd65b7f4707fb97b76/server/out/vs/workbench/api/node/extensionHostProcess.js:112:32221)
	at mw.executeCommand (file:///home/student/.vscode-server/cli/servers/Stable-e249dada235c2083c83813bd65b7f4707fb97b76/server/out/vs/workbench/api/node/extensionHostProcess.js:112:31725)
	at r.registerCommand.description (file:///home/student/.vscode-server/cli/servers/Stable-e249dada235c2083c83813bd65b7f4707fb97b76/server/out/vs/workbench/api/node/extensionHostProcess.js:112:31055)
	at mw.h (file:///home/student/.vscode-server/cli/servers/Stable-e249dada235c2083c83813bd65b7f4707fb97b76/server/out/vs/workbench/api/node/extensionHostProcess.js:112:32741)
	at mw.g (file:///home/student/.vscode-server/cli/servers/Stable-e249dada235c2083c83813bd65b7f4707fb97b76/server/out/vs/workbench/api/node/extensionHostProcess.js:112:31818)
	at mw.executeCommand (file:///home/student/.vscode-server/cli/servers/Stable-e249dada235c2083c83813bd65b7f4707fb97b76/server/out/vs/workbench/api/node/extensionHostProcess.js:112:31725)
	at Object.executeCommand (file:///home/student/.vscode-server/cli/servers/Stable-e249dada235c2083c83813bd65b7f4707fb97b76/server/out/vs/workbench/api/node/extensionHostProcess.js:172:37254)
	at Ah.L [as value] (/home/student/.vscode-server/cli/servers/Stable-e249dada235c2083c83813bd65b7f4707fb97b76/server/extensions/git/dist/main.js:2:997602)
	at D.B (file:///home/student/.vscode-server/cli/servers/Stable-e249dada235c2083c83813bd65b7f4707fb97b76/server/out/vs/workbench/api/node/extensionHostProcess.js:27:2373)
	at D.C (file:///home/student/.vscode-server/cli/servers/Stable-e249dada235c2083c83813bd65b7f4707fb97b76/server/out/vs/workbench/api/node/extensionHostProcess.js:27:2443)
	at D.fire (file:///home/student/.vscode-server/cli/servers/Stable-e249dada235c2083c83813bd65b7f4707fb97b76/server/out/vs/workbench/api/node/extensionHostProcess.js:27:2660)
	at Object.p [as dispose] (/home/student/.vscode-server/cli/servers/Stable-e249dada235c2083c83813bd65b7f4707fb97b76/server/extensions/git/dist/main.js:2:1020242)
	at /home/student/.vscode-server/cli/servers/Stable-e249dada235c2083c83813bd65b7f4707fb97b76/server/extensions/git/dist/main.js:2:1026621
	at Array.forEach (<anonymous>)
	at b.dispose (/home/student/.vscode-server/cli/servers/Stable-e249dada235c2083c83813bd65b7f4707fb97b76/server/extensions/git/dist/main.js:2:1026607)
	at cv.<anonymous> (file:///home/student/.vscode-server/cli/servers/Stable-e249dada235c2083c83813bd65b7f4707fb97b76/server/out/vs/workbench/api/node/extensionHostProcess.js:106:20084)
	at cv.dispose (file:///home/student/.vscode-server/cli/servers/Stable-e249dada235c2083c83813bd65b7f4707fb97b76/server/out/vs/workbench/api/node/extensionHostProcess.js:106:20180)
	at cv.<anonymous> (/home/student/.vscode-server/cli/servers/Stable-e249dada235c2083c83813bd65b7f4707fb97b76/server/extensions/git/dist/main.js:2:1000086)
	at cv.dispose (file:///home/student/.vscode-server/cli/servers/Stable-e249dada235c2083c83813bd65b7f4707fb97b76/server/out/vs/workbench/api/node/extensionHostProcess.js:106:20180)
	at ui (file:///home/student/.vscode-server/cli/servers/Stable-e249dada235c2083c83813bd65b7f4707fb97b76/server/out/vs/workbench/api/node/extensionHostProcess.js:25:699)
	at file:///home/student/.vscode-server/cli/servers/Stable-e249dada235c2083c83813bd65b7f4707fb97b76/server/out/vs/workbench/api/node/extensionHostProcess.js:116:14992
	at file:///home/student/.vscode-server/cli/servers/Stable-e249dada235c2083c83813bd65b7f4707fb97b76/server/out/vs/workbench/api/node/extensionHostProcess.js:25:1009
	at Object.dispose (file:///home/student/.vscode-server/cli/servers/Stable-e249dada235c2083c83813bd65b7f4707fb97b76/server/out/vs/workbench/api/node/extensionHostProcess.js:8:705)
	at PW.eb (file:///home/student/.vscode-server/cli/servers/Stable-e249dada235c2083c83813bd65b7f4707fb97b76/server/out/vs/workbench/api/node/extensionHostProcess.js:116:11919)
	at file:///home/student/.vscode-server/cli/servers/Stable-e249dada235c2083c83813bd65b7f4707fb97b76/server/out/vs/workbench/api/node/extensionHostProcess.js:116:9874
	at Array.map (<anonymous>)
	at PW.$ (file:///home/student/.vscode-server/cli/servers/Stable-e249dada235c2083c83813bd65b7f4707fb97b76/server/out/vs/workbench/api/node/extensionHostProcess.js:116:9862)
	at PW.terminate (file:///home/student/.vscode-server/cli/servers/Stable-e249dada235c2083c83813bd65b7f4707fb97b76/server/out/vs/workbench/api/node/extensionHostProcess.js:116:10105)
	at wC.terminate (file:///home/student/.vscode-server/cli/servers/Stable-e249dada235c2083c83813bd65b7f4707fb97b76/server/out/vs/workbench/api/node/extensionHostProcess.js:117:1434)
	at ts (file:///home/student/.vscode-server/cli/servers/Stable-e249dada235c2083c83813bd65b7f4707fb97b76/server/out/vs/workbench/api/node/extensionHostProcess.js:190:15080)
	at Ah.value (file:///home/student/.vscode-server/cli/servers/Stable-e249dada235c2083c83813bd65b7f4707fb97b76/server/out/vs/workbench/api/node/extensionHostProcess.js:190:13241)
	at D.B (file:///home/student/.vscode-server/cli/servers/Stable-e249dada235c2083c83813bd65b7f4707fb97b76/server/out/vs/workbench/api/node/extensionHostProcess.js:27:2373)
	at D.fire (file:///home/student/.vscode-server/cli/servers/Stable-e249dada235c2083c83813bd65b7f4707fb97b76/server/out/vs/workbench/api/node/extensionHostProcess.js:27:2591)
	at Xn.fire (file:///home/student/.vscode-server/cli/servers/Stable-e249dada235c2083c83813bd65b7f4707fb97b76/server/out/vs/workbench/api/node/extensionHostProcess.js:29:9458)
	at Gm.A (file:///home/student/.vscode-server/cli/servers/Stable-e249dada235c2083c83813bd65b7f4707fb97b76/server/out/vs/workbench/api/node/extensionHostProcess.js:29:12574)
	at Ah.value (file:///home/student/.vscode-server/cli/servers/Stable-e249dada235c2083c83813bd65b7f4707fb97b76/server/out/vs/workbench/api/node/extensionHostProcess.js:29:10994)
	at D.B (file:///home/student/.vscode-server/cli/servers/Stable-e249dada235c2083c83813bd65b7f4707fb97b76/server/out/vs/workbench/api/node/extensionHostProcess.js:27:2373)
	at D.fire (file:///home/student/.vscode-server/cli/servers/Stable-e249dada235c2083c83813bd65b7f4707fb97b76/server/out/vs/workbench/api/node/extensionHostProcess.js:27:2591)
	at m6.acceptChunk (file:///home/student/.vscode-server/cli/servers/Stable-e249dada235c2083c83813bd65b7f4707fb97b76/server/out/vs/workbench/api/node/extensionHostProcess.js:29:7941)
	at file:///home/student/.vscode-server/cli/servers/Stable-e249dada235c2083c83813bd65b7f4707fb97b76/server/out/vs/workbench/api/node/extensionHostProcess.js:29:7227
	at Socket.t (file:///home/student/.vscode-server/cli/servers/Stable-e249dada235c2083c83813bd65b7f4707fb97b76/server/out/vs/workbench/api/node/extensionHostProcess.js:29:14761)
	at Socket.emit (node:events:518:28)
	at addChunk (node:internal/streams/readable:561:12)
	at readableAddChunkPushByteMode (node:internal/streams/readable:512:3)
	at Readable.push (node:internal/streams/readable:392:5)
	at Pipe.onStreamRead (node:internal/stream_base_commons:191:23) setContext undefined
2025-02-24 00:12:32.289 [error] Canceled: Canceled
	at new XT (file:///home/student/.vscode-server/cli/servers/Stable-e249dada235c2083c83813bd65b7f4707fb97b76/server/out/vs/workbench/api/node/extensionHostProcess.js:29:153701)
	at Uy.U (file:///home/student/.vscode-server/cli/servers/Stable-e249dada235c2083c83813bd65b7f4707fb97b76/server/out/vs/workbench/api/node/extensionHostProcess.js:29:158311)
	at s.<computed>.n.charCodeAt.s.<computed> (file:///home/student/.vscode-server/cli/servers/Stable-e249dada235c2083c83813bd65b7f4707fb97b76/server/out/vs/workbench/api/node/extensionHostProcess.js:29:155805)
	at mw.g (file:///home/student/.vscode-server/cli/servers/Stable-e249dada235c2083c83813bd65b7f4707fb97b76/server/out/vs/workbench/api/node/extensionHostProcess.js:112:32221)
	at mw.executeCommand (file:///home/student/.vscode-server/cli/servers/Stable-e249dada235c2083c83813bd65b7f4707fb97b76/server/out/vs/workbench/api/node/extensionHostProcess.js:112:31725)
	at r.registerCommand.description (file:///home/student/.vscode-server/cli/servers/Stable-e249dada235c2083c83813bd65b7f4707fb97b76/server/out/vs/workbench/api/node/extensionHostProcess.js:112:31055)
	at mw.h (file:///home/student/.vscode-server/cli/servers/Stable-e249dada235c2083c83813bd65b7f4707fb97b76/server/out/vs/workbench/api/node/extensionHostProcess.js:112:32741)
	at mw.g (file:///home/student/.vscode-server/cli/servers/Stable-e249dada235c2083c83813bd65b7f4707fb97b76/server/out/vs/workbench/api/node/extensionHostProcess.js:112:31818)
	at mw.executeCommand (file:///home/student/.vscode-server/cli/servers/Stable-e249dada235c2083c83813bd65b7f4707fb97b76/server/out/vs/workbench/api/node/extensionHostProcess.js:112:31725)
	at Object.executeCommand (file:///home/student/.vscode-server/cli/servers/Stable-e249dada235c2083c83813bd65b7f4707fb97b76/server/out/vs/workbench/api/node/extensionHostProcess.js:172:37254)
	at set hasGitHubRepositories [as hasGitHubRepositories] (/home/student/.vscode-server/cli/servers/Stable-e249dada235c2083c83813bd65b7f4707fb97b76/server/extensions/github/dist/extension.js:2:344164)
	at /home/student/.vscode-server/cli/servers/Stable-e249dada235c2083c83813bd65b7f4707fb97b76/server/extensions/github/dist/extension.js:2:345123
	at Ah.value (/home/student/.vscode-server/cli/servers/Stable-e249dada235c2083c83813bd65b7f4707fb97b76/server/extensions/git/dist/main.js:2:1117802)
	at D.B (file:///home/student/.vscode-server/cli/servers/Stable-e249dada235c2083c83813bd65b7f4707fb97b76/server/out/vs/workbench/api/node/extensionHostProcess.js:27:2373)
	at D.C (file:///home/student/.vscode-server/cli/servers/Stable-e249dada235c2083c83813bd65b7f4707fb97b76/server/out/vs/workbench/api/node/extensionHostProcess.js:27:2443)
	at D.fire (file:///home/student/.vscode-server/cli/servers/Stable-e249dada235c2083c83813bd65b7f4707fb97b76/server/out/vs/workbench/api/node/extensionHostProcess.js:27:2660)
	at Object.p [as dispose] (/home/student/.vscode-server/cli/servers/Stable-e249dada235c2083c83813bd65b7f4707fb97b76/server/extensions/git/dist/main.js:2:1020242)
	at /home/student/.vscode-server/cli/servers/Stable-e249dada235c2083c83813bd65b7f4707fb97b76/server/extensions/git/dist/main.js:2:1026621
	at Array.forEach (<anonymous>)
	at b.dispose (/home/student/.vscode-server/cli/servers/Stable-e249dada235c2083c83813bd65b7f4707fb97b76/server/extensions/git/dist/main.js:2:1026607)
	at cv.<anonymous> (file:///home/student/.vscode-server/cli/servers/Stable-e249dada235c2083c83813bd65b7f4707fb97b76/server/out/vs/workbench/api/node/extensionHostProcess.js:106:20084)
	at cv.dispose (file:///home/student/.vscode-server/cli/servers/Stable-e249dada235c2083c83813bd65b7f4707fb97b76/server/out/vs/workbench/api/node/extensionHostProcess.js:106:20180)
	at cv.<anonymous> (/home/student/.vscode-server/cli/servers/Stable-e249dada235c2083c83813bd65b7f4707fb97b76/server/extensions/git/dist/main.js:2:1000086)
	at cv.dispose (file:///home/student/.vscode-server/cli/servers/Stable-e249dada235c2083c83813bd65b7f4707fb97b76/server/out/vs/workbench/api/node/extensionHostProcess.js:106:20180)
	at ui (file:///home/student/.vscode-server/cli/servers/Stable-e249dada235c2083c83813bd65b7f4707fb97b76/server/out/vs/workbench/api/node/extensionHostProcess.js:25:699)
	at file:///home/student/.vscode-server/cli/servers/Stable-e249dada235c2083c83813bd65b7f4707fb97b76/server/out/vs/workbench/api/node/extensionHostProcess.js:116:14992
	at file:///home/student/.vscode-server/cli/servers/Stable-e249dada235c2083c83813bd65b7f4707fb97b76/server/out/vs/workbench/api/node/extensionHostProcess.js:25:1009
	at Object.dispose (file:///home/student/.vscode-server/cli/servers/Stable-e249dada235c2083c83813bd65b7f4707fb97b76/server/out/vs/workbench/api/node/extensionHostProcess.js:8:705)
	at PW.eb (file:///home/student/.vscode-server/cli/servers/Stable-e249dada235c2083c83813bd65b7f4707fb97b76/server/out/vs/workbench/api/node/extensionHostProcess.js:116:11919)
	at file:///home/student/.vscode-server/cli/servers/Stable-e249dada235c2083c83813bd65b7f4707fb97b76/server/out/vs/workbench/api/node/extensionHostProcess.js:116:9874
	at Array.map (<anonymous>)
	at PW.$ (file:///home/student/.vscode-server/cli/servers/Stable-e249dada235c2083c83813bd65b7f4707fb97b76/server/out/vs/workbench/api/node/extensionHostProcess.js:116:9862)
	at PW.terminate (file:///home/student/.vscode-server/cli/servers/Stable-e249dada235c2083c83813bd65b7f4707fb97b76/server/out/vs/workbench/api/node/extensionHostProcess.js:116:10105)
	at wC.terminate (file:///home/student/.vscode-server/cli/servers/Stable-e249dada235c2083c83813bd65b7f4707fb97b76/server/out/vs/workbench/api/node/extensionHostProcess.js:117:1434)
	at ts (file:///home/student/.vscode-server/cli/servers/Stable-e249dada235c2083c83813bd65b7f4707fb97b76/server/out/vs/workbench/api/node/extensionHostProcess.js:190:15080)
	at Ah.value (file:///home/student/.vscode-server/cli/servers/Stable-e249dada235c2083c83813bd65b7f4707fb97b76/server/out/vs/workbench/api/node/extensionHostProcess.js:190:13241)
	at D.B (file:///home/student/.vscode-server/cli/servers/Stable-e249dada235c2083c83813bd65b7f4707fb97b76/server/out/vs/workbench/api/node/extensionHostProcess.js:27:2373)
	at D.fire (file:///home/student/.vscode-server/cli/servers/Stable-e249dada235c2083c83813bd65b7f4707fb97b76/server/out/vs/workbench/api/node/extensionHostProcess.js:27:2591)
	at Xn.fire (file:///home/student/.vscode-server/cli/servers/Stable-e249dada235c2083c83813bd65b7f4707fb97b76/server/out/vs/workbench/api/node/extensionHostProcess.js:29:9458)
	at Gm.A (file:///home/student/.vscode-server/cli/servers/Stable-e249dada235c2083c83813bd65b7f4707fb97b76/server/out/vs/workbench/api/node/extensionHostProcess.js:29:12574)
	at Ah.value (file:///home/student/.vscode-server/cli/servers/Stable-e249dada235c2083c83813bd65b7f4707fb97b76/server/out/vs/workbench/api/node/extensionHostProcess.js:29:10994)
	at D.B (file:///home/student/.vscode-server/cli/servers/Stable-e249dada235c2083c83813bd65b7f4707fb97b76/server/out/vs/workbench/api/node/extensionHostProcess.js:27:2373)
	at D.fire (file:///home/student/.vscode-server/cli/servers/Stable-e249dada235c2083c83813bd65b7f4707fb97b76/server/out/vs/workbench/api/node/extensionHostProcess.js:27:2591)
	at m6.acceptChunk (file:///home/student/.vscode-server/cli/servers/Stable-e249dada235c2083c83813bd65b7f4707fb97b76/server/out/vs/workbench/api/node/extensionHostProcess.js:29:7941)
	at file:///home/student/.vscode-server/cli/servers/Stable-e249dada235c2083c83813bd65b7f4707fb97b76/server/out/vs/workbench/api/node/extensionHostProcess.js:29:7227
	at Socket.t (file:///home/student/.vscode-server/cli/servers/Stable-e249dada235c2083c83813bd65b7f4707fb97b76/server/out/vs/workbench/api/node/extensionHostProcess.js:29:14761)
	at Socket.emit (node:events:518:28)
	at addChunk (node:internal/streams/readable:561:12)
	at readableAddChunkPushByteMode (node:internal/streams/readable:512:3)
	at Readable.push (node:internal/streams/readable:392:5)
	at Pipe.onStreamRead (node:internal/stream_base_commons:191:23) setContext undefined
2025-02-24 00:12:32.292 [info] Extension host with pid 2262 exiting with code 0
