2025-02-24 01:16:52.159 [info] Extension host with pid 1334 started
2025-02-24 01:16:52.183 [info] Lock '/home/student/.vscode-server/data/User/workspaceStorage/255174b9c84437907369f27ac92b5bdb/vscode.lock': Lock acquired.
2025-02-24 01:16:52.414 [info] ExtensionService#_doActivateExtension vscode.git-base, startup: false, activationEvent: '*', root cause: vscode.git
2025-02-24 01:16:52.415 [info] ExtensionService#_doActivateExtension vscode.emmet, startup: false, activationEvent: 'onLanguage'
2025-02-24 01:16:52.650 [info] ExtensionService#_doActivateExtension vscode.git, startup: false, activationEvent: '*'
2025-02-24 01:16:52.650 [info] ExtensionService#_doActivateExtension vscode.github, startup: false, activationEvent: '*'
2025-02-24 01:16:52.977 [info] Eager extensions activated
2025-02-24 01:16:52.977 [info] ExtensionService#_doActivateExtension vscode.debug-auto-launch, startup: false, activationEvent: 'onStartupFinished'
2025-02-24 01:16:52.978 [info] ExtensionService#_doActivateExtension vscode.merge-conflict, startup: false, activationEvent: 'onStartupFinished'
2025-02-24 01:16:53.244 [warning] [Decorations] CAPPING events from decorations provider vscode.git 1691
2025-02-24 01:16:53.755 [warning] [Decorations] CAPPING events from decorations provider vscode.git 1691
2025-02-24 01:17:01.886 [warning] [Decorations] CAPPING events from decorations provider vscode.git 1691
2025-02-24 01:17:06.960 [warning] [Decorations] CAPPING events from decorations provider vscode.git 1691
2025-02-24 01:17:35.103 [warning] [Decorations] CAPPING events from decorations provider vscode.git 1691
2025-02-24 01:17:40.179 [warning] [Decorations] CAPPING events from decorations provider vscode.git 1691
2025-02-24 01:17:49.775 [warning] [Decorations] CAPPING events from decorations provider vscode.git 1691
2025-02-24 01:17:52.960 [info] ExtensionService#_doActivateExtension vscode.npm, startup: false, activationEvent: 'onTerminalQuickFixRequest:ms-vscode.npm-command'
2025-02-24 01:17:54.852 [warning] [Decorations] CAPPING events from decorations provider vscode.git 1691
2025-02-24 01:17:58.779 [info] ExtensionService#_doActivateExtension vscode.configuration-editing, startup: false, activationEvent: 'onLanguage:json'
2025-02-24 01:17:58.779 [info] ExtensionService#_doActivateExtension vscode.extension-editing, startup: false, activationEvent: 'onLanguage:json'
2025-02-24 01:17:58.780 [info] ExtensionService#_doActivateExtension vscode.json-language-features, startup: false, activationEvent: 'onLanguage:json'
2025-02-24 01:18:09.472 [warning] [Decorations] CAPPING events from decorations provider vscode.git 1692
2025-02-24 01:18:14.579 [warning] [Decorations] CAPPING events from decorations provider vscode.git 1692
2025-02-24 01:18:19.655 [warning] [Decorations] CAPPING events from decorations provider vscode.git 1691
2025-02-24 01:18:24.729 [warning] [Decorations] CAPPING events from decorations provider vscode.git 1691
2025-02-24 01:18:30.216 [warning] [Decorations] CAPPING events from decorations provider vscode.git 1691
2025-02-24 01:18:37.834 [warning] [Decorations] CAPPING events from decorations provider vscode.git 1691
2025-02-24 01:18:42.931 [warning] [Decorations] CAPPING events from decorations provider vscode.git 1691
2025-02-24 01:18:48.003 [warning] [Decorations] CAPPING events from decorations provider vscode.git 1691
2025-02-24 01:20:43.181 [warning] [Decorations] CAPPING events from decorations provider vscode.git 1691
2025-02-24 01:22:12.415 [warning] [Decorations] CAPPING events from decorations provider vscode.git 1691
2025-02-24 01:22:17.512 [warning] [Decorations] CAPPING events from decorations provider vscode.git 1692
2025-02-24 01:22:22.589 [warning] [Decorations] CAPPING events from decorations provider vscode.git 1692
2025-02-24 01:22:27.696 [warning] [Decorations] CAPPING events from decorations provider vscode.git 1692
2025-02-24 01:23:37.788 [warning] [Decorations] CAPPING events from decorations provider vscode.git 1692
2025-02-24 01:23:42.905 [warning] [Decorations] CAPPING events from decorations provider vscode.git 1691
2025-02-24 01:23:54.415 [warning] [Decorations] CAPPING events from decorations provider vscode.git 1691
2025-02-24 01:23:59.497 [warning] [Decorations] CAPPING events from decorations provider vscode.git 1691
2025-02-24 01:24:15.175 [warning] [Decorations] CAPPING events from decorations provider vscode.git 1691
2025-02-24 01:24:20.280 [warning] [Decorations] CAPPING events from decorations provider vscode.git 1691
2025-02-24 01:24:29.762 [warning] [Decorations] CAPPING events from decorations provider vscode.git 1691
2025-02-24 01:24:34.841 [warning] [Decorations] CAPPING events from decorations provider vscode.git 1691
2025-02-24 01:24:40.634 [warning] [Decorations] CAPPING events from decorations provider vscode.git 1691
2025-02-24 01:24:45.711 [warning] [Decorations] CAPPING events from decorations provider vscode.git 1691
2025-02-24 01:24:54.263 [warning] [Decorations] CAPPING events from decorations provider vscode.git 1691
2025-02-24 01:24:59.337 [warning] [Decorations] CAPPING events from decorations provider vscode.git 1691
2025-02-24 01:25:04.412 [warning] [Decorations] CAPPING events from decorations provider vscode.git 1692
2025-02-24 01:25:09.482 [warning] [Decorations] CAPPING events from decorations provider vscode.git 1692
2025-02-24 01:25:14.555 [warning] [Decorations] CAPPING events from decorations provider vscode.git 1692
2025-02-24 01:25:19.623 [warning] [Decorations] CAPPING events from decorations provider vscode.git 1692
2025-02-24 01:26:44.918 [warning] [Decorations] CAPPING events from decorations provider vscode.git 1692
2025-02-24 01:27:07.491 [warning] [Decorations] CAPPING events from decorations provider vscode.git 1692
2025-02-24 01:27:12.589 [warning] [Decorations] CAPPING events from decorations provider vscode.git 1692
2025-02-24 01:27:17.658 [warning] [Decorations] CAPPING events from decorations provider vscode.git 1692
2025-02-24 01:27:22.731 [warning] [Decorations] CAPPING events from decorations provider vscode.git 1693
2025-02-24 01:28:02.215 [warning] [Decorations] CAPPING events from decorations provider vscode.git 1693
2025-02-24 01:28:07.297 [warning] [Decorations] CAPPING events from decorations provider vscode.git 1693
2025-02-24 01:28:12.371 [warning] [Decorations] CAPPING events from decorations provider vscode.git 1693
2025-02-24 01:28:17.442 [warning] [Decorations] CAPPING events from decorations provider vscode.git 1693
2025-02-24 01:28:22.516 [warning] [Decorations] CAPPING events from decorations provider vscode.git 1693
2025-02-24 01:28:56.658 [warning] [Decorations] CAPPING events from decorations provider vscode.git 1693
2025-02-24 01:29:01.729 [warning] [Decorations] CAPPING events from decorations provider vscode.git 1693
2025-02-24 01:29:06.806 [warning] [Decorations] CAPPING events from decorations provider vscode.git 1693
2025-02-24 01:29:11.877 [warning] [Decorations] CAPPING events from decorations provider vscode.git 1693
2025-02-24 01:34:57.653 [warning] [Decorations] CAPPING events from decorations provider vscode.git 1693
2025-02-24 01:36:34.490 [warning] [Decorations] CAPPING events from decorations provider vscode.git 1693
2025-02-24 01:36:39.570 [warning] [Decorations] CAPPING events from decorations provider vscode.git 1693
2025-02-24 01:37:57.451 [warning] [Decorations] CAPPING events from decorations provider vscode.git 1693
2025-02-24 01:38:02.526 [warning] [Decorations] CAPPING events from decorations provider vscode.git 1693
2025-02-24 01:38:07.597 [warning] [Decorations] CAPPING events from decorations provider vscode.git 1693
2025-02-24 01:38:12.683 [warning] [Decorations] CAPPING events from decorations provider vscode.git 1693
2025-02-24 01:38:17.762 [warning] [Decorations] CAPPING events from decorations provider vscode.git 1693
2025-02-24 01:38:22.861 [warning] [Decorations] CAPPING events from decorations provider vscode.git 1694
2025-02-24 01:40:26.847 [warning] [Decorations] CAPPING events from decorations provider vscode.git 1694
2025-02-24 01:40:31.925 [warning] [Decorations] CAPPING events from decorations provider vscode.git 1694
2025-02-24 01:42:21.918 [warning] [Decorations] CAPPING events from decorations provider vscode.git 1694
2025-02-24 01:42:26.995 [warning] [Decorations] CAPPING events from decorations provider vscode.git 1694
2025-02-24 01:53:20.664 [warning] [Decorations] CAPPING events from decorations provider vscode.git 1694
2025-02-24 01:53:32.277 [warning] [Decorations] CAPPING events from decorations provider vscode.git 1694
2025-02-24 01:53:37.349 [warning] [Decorations] CAPPING events from decorations provider vscode.git 1694
2025-02-24 01:53:42.418 [warning] [Decorations] CAPPING events from decorations provider vscode.git 1694
2025-02-24 01:53:47.489 [warning] [Decorations] CAPPING events from decorations provider vscode.git 1694
2025-02-24 01:53:52.559 [warning] [Decorations] CAPPING events from decorations provider vscode.git 1694
2025-02-24 01:54:02.271 [warning] [Decorations] CAPPING events from decorations provider vscode.git 1694
2025-02-24 01:54:14.104 [warning] [Decorations] CAPPING events from decorations provider vscode.git 1694
2025-02-24 01:55:02.676 [warning] [Decorations] CAPPING events from decorations provider vscode.git 1694
2025-02-24 01:55:07.772 [warning] [Decorations] CAPPING events from decorations provider vscode.git 1694
2025-02-24 01:56:00.914 [warning] [Decorations] CAPPING events from decorations provider vscode.git 1694
2025-02-24 01:56:05.990 [warning] [Decorations] CAPPING events from decorations provider vscode.git 1695
2025-02-24 01:57:17.424 [warning] [Decorations] CAPPING events from decorations provider vscode.git 1694
2025-02-24 01:57:46.425 [warning] [Decorations] CAPPING events from decorations provider vscode.git 1694
2025-02-24 01:57:51.506 [warning] [Decorations] CAPPING events from decorations provider vscode.git 1694
2025-02-24 01:57:56.575 [warning] [Decorations] CAPPING events from decorations provider vscode.git 1694
2025-02-24 01:58:01.645 [warning] [Decorations] CAPPING events from decorations provider vscode.git 1694
2025-02-24 01:58:19.879 [warning] [Decorations] CAPPING events from decorations provider vscode.git 1694
2025-02-24 01:58:24.947 [warning] [Decorations] CAPPING events from decorations provider vscode.git 1694
2025-02-24 01:59:22.126 [warning] [Decorations] CAPPING events from decorations provider vscode.git 1694
2025-02-24 01:59:27.204 [warning] [Decorations] CAPPING events from decorations provider vscode.git 1694
2025-02-24 01:59:34.418 [warning] [Decorations] CAPPING events from decorations provider vscode.git 1694
2025-02-24 02:00:40.998 [warning] [Decorations] CAPPING events from decorations provider vscode.git 1694
2025-02-24 02:00:47.794 [warning] [Decorations] CAPPING events from decorations provider vscode.git 1694
2025-02-24 02:00:52.865 [warning] [Decorations] CAPPING events from decorations provider vscode.git 1694
2025-02-24 02:00:57.941 [warning] [Decorations] CAPPING events from decorations provider vscode.git 1694
2025-02-24 02:01:03.012 [warning] [Decorations] CAPPING events from decorations provider vscode.git 1694
2025-02-24 02:01:08.082 [warning] [Decorations] CAPPING events from decorations provider vscode.git 1694
2025-02-24 02:01:47.925 [warning] [Decorations] CAPPING events from decorations provider vscode.git 1694
2025-02-24 02:01:58.071 [warning] [Decorations] CAPPING events from decorations provider vscode.git 1694
2025-02-24 02:02:03.148 [warning] [Decorations] CAPPING events from decorations provider vscode.git 1694
2025-02-24 02:02:08.216 [warning] [Decorations] CAPPING events from decorations provider vscode.git 1694
2025-02-24 02:02:47.406 [warning] [Decorations] CAPPING events from decorations provider vscode.git 1694
2025-02-24 02:02:56.340 [warning] [Decorations] CAPPING events from decorations provider vscode.git 1694
2025-02-24 02:03:01.429 [warning] [Decorations] CAPPING events from decorations provider vscode.git 1694
2025-02-24 02:03:06.525 [warning] [Decorations] CAPPING events from decorations provider vscode.git 1694
2025-02-24 02:03:17.110 [warning] [Decorations] CAPPING events from decorations provider vscode.git 1694
2025-02-24 02:08:33.559 [warning] [Decorations] CAPPING events from decorations provider vscode.git 1694
2025-02-24 02:08:38.636 [warning] [Decorations] CAPPING events from decorations provider vscode.git 1694
2025-02-24 02:08:48.192 [warning] [Decorations] CAPPING events from decorations provider vscode.git 1694
2025-02-24 02:13:11.699 [warning] [Decorations] CAPPING events from decorations provider vscode.git 1694
2025-02-24 02:13:16.780 [warning] [Decorations] CAPPING events from decorations provider vscode.git 1694
2025-02-24 02:13:50.951 [warning] [Decorations] CAPPING events from decorations provider vscode.git 1694
2025-02-24 02:13:56.030 [warning] [Decorations] CAPPING events from decorations provider vscode.git 1694
2025-02-24 02:14:01.306 [warning] [Decorations] CAPPING events from decorations provider vscode.git 1694
2025-02-24 02:16:53.699 [warning] [Decorations] CAPPING events from decorations provider vscode.git 1694
2025-02-24 02:17:03.456 [warning] [Decorations] CAPPING events from decorations provider vscode.git 1694
2025-02-24 02:17:36.715 [warning] [Decorations] CAPPING events from decorations provider vscode.git 1694
2025-02-24 02:17:41.792 [warning] [Decorations] CAPPING events from decorations provider vscode.git 1694
2025-02-24 02:18:19.581 [warning] [Decorations] CAPPING events from decorations provider vscode.git 1694
2025-02-24 02:18:24.659 [warning] [Decorations] CAPPING events from decorations provider vscode.git 1694
2025-02-24 02:18:29.729 [warning] [Decorations] CAPPING events from decorations provider vscode.git 1694
2025-02-24 02:18:34.801 [warning] [Decorations] CAPPING events from decorations provider vscode.git 1694
2025-02-24 02:18:39.873 [warning] [Decorations] CAPPING events from decorations provider vscode.git 1694
2025-02-24 02:19:44.463 [warning] [Decorations] CAPPING events from decorations provider vscode.git 1694
2025-02-24 02:19:49.537 [warning] [Decorations] CAPPING events from decorations provider vscode.git 1694
2025-02-24 02:19:54.612 [warning] [Decorations] CAPPING events from decorations provider vscode.git 1694
2025-02-24 02:19:59.682 [warning] [Decorations] CAPPING events from decorations provider vscode.git 1694
2025-02-24 02:20:04.750 [warning] [Decorations] CAPPING events from decorations provider vscode.git 1694
2025-02-24 02:20:09.845 [warning] [Decorations] CAPPING events from decorations provider vscode.git 1694
2025-02-24 02:20:14.912 [warning] [Decorations] CAPPING events from decorations provider vscode.git 1694
2025-02-24 02:20:19.980 [warning] [Decorations] CAPPING events from decorations provider vscode.git 1694
2025-02-24 02:20:25.052 [warning] [Decorations] CAPPING events from decorations provider vscode.git 1694
2025-02-24 02:25:24.158 [warning] [Decorations] CAPPING events from decorations provider vscode.git 1694
2025-02-24 02:25:29.232 [warning] [Decorations] CAPPING events from decorations provider vscode.git 1694
2025-02-24 02:25:35.256 [warning] [Decorations] CAPPING events from decorations provider vscode.git 1694
2025-02-24 02:27:58.858 [warning] [Decorations] CAPPING events from decorations provider vscode.git 1694
2025-02-24 02:28:03.938 [warning] [Decorations] CAPPING events from decorations provider vscode.git 1694
2025-02-24 02:28:18.336 [warning] [Decorations] CAPPING events from decorations provider vscode.git 1694
2025-02-24 02:28:30.502 [warning] [Decorations] CAPPING events from decorations provider vscode.git 1694
2025-02-24 02:28:54.155 [warning] [Decorations] CAPPING events from decorations provider vscode.git 1694
2025-02-24 02:28:59.234 [warning] [Decorations] CAPPING events from decorations provider vscode.git 1694
2025-02-24 02:29:24.146 [warning] [Decorations] CAPPING events from decorations provider vscode.git 1694
2025-02-24 02:39:22.610 [warning] [Decorations] CAPPING events from decorations provider vscode.git 1694
2025-02-24 02:39:27.682 [warning] [Decorations] CAPPING events from decorations provider vscode.git 1694
