2025-04-26 03:57:42.374 [info] [main] Log level: Info
2025-04-26 03:57:42.374 [info] [main] Validating found git in: "git"
2025-04-26 03:57:42.374 [info] [main] Using git "2.34.1" from "git"
2025-04-26 03:57:42.374 [info] [Model][doInitialScan] Initial repository scan started
2025-04-26 03:57:42.374 [info] > git rev-parse --show-toplevel [44ms]
2025-04-26 03:57:42.374 [info] > git rev-parse --git-dir --git-common-dir [2ms]
2025-04-26 03:57:42.374 [info] [Model][openRepository] Opened repository: /home/student
2025-04-26 03:57:42.374 [info] > git config --get commit.template [7ms]
2025-04-26 03:57:42.374 [info] > git rev-parse --show-toplevel [5ms]
2025-04-26 03:57:42.374 [info] > git rev-parse --show-toplevel [1ms]
2025-04-26 03:57:42.374 [info] > git rev-parse --show-toplevel [1ms]
2025-04-26 03:57:42.374 [info] > git rev-parse --show-toplevel [1ms]
2025-04-26 03:57:42.374 [info] [Model][doInitialScan] Initial repository scan completed - repositories (1), closed repositories (0), parent repositories (0), unsafe repositories (0)
2025-04-26 03:57:42.374 [info] > git for-each-ref --format=%(refname)%00%(upstream:short)%00%(objectname)%00%(upstream:track)%00%(upstream:remotename)%00%(upstream:remoteref) refs/heads/main refs/remotes/main [30ms]
2025-04-26 03:57:42.374 [info] > git for-each-ref --sort -committerdate --format %(refname)%00%(objectname)%00%(*objectname) [1ms]
2025-04-26 03:57:42.656 [info] > git status -z -uall [316ms]
2025-04-26 03:57:43.506 [info] > git for-each-ref --format=%(refname)%00%(upstream:short)%00%(objectname)%00%(upstream:track)%00%(upstream:remotename)%00%(upstream:remoteref) refs/heads/main refs/remotes/main [554ms]
2025-04-26 03:57:43.513 [info] > git config --get --local branch.main.vscode-merge-base [4ms]
2025-04-26 03:57:43.514 [warning] [Git][config] git config failed: Failed to execute git
2025-04-26 03:57:43.520 [info] > git config --get commit.template [23ms]
2025-04-26 03:57:43.527 [info] > git for-each-ref --format=%(refname)%00%(upstream:short)%00%(objectname)%00%(upstream:track)%00%(upstream:remotename)%00%(upstream:remoteref) refs/heads/main refs/remotes/main [2ms]
2025-04-26 03:57:43.560 [info] > git for-each-ref --sort -committerdate --format %(refname)%00%(objectname)%00%(*objectname) [5ms]
2025-04-26 03:57:43.566 [info] > git reflog main --grep-reflog=branch: Created from *. [47ms]
2025-04-26 03:57:43.575 [info] > git symbolic-ref --short refs/remotes/origin/HEAD [4ms]
2025-04-26 03:57:43.575 [info] fatal: ref refs/remotes/origin/HEAD is not a symbolic ref
2025-04-26 03:57:43.576 [warning] [Repository][getDefaultBranch] Failed to get default branch details: Failed to execute git.
2025-04-26 03:57:43.581 [info] > git merge-base refs/heads/main refs/remotes/origin/main [2ms]
2025-04-26 03:57:43.585 [info] > git diff --name-status -z --diff-filter=ADMR e77db9439cdba777c0b839f9fe71be0bb48aac92...refs/remotes/origin/main [2ms]
2025-04-26 03:57:43.623 [info] > git status -z -uall [84ms]
2025-04-26 03:57:44.450 [info] > git check-ignore -v -z --stdin [161ms]
2025-04-26 03:57:45.844 [info] > git config --get commit.template [3ms]
2025-04-26 03:57:45.845 [info] > git for-each-ref --format=%(refname)%00%(upstream:short)%00%(objectname)%00%(upstream:track)%00%(upstream:remotename)%00%(upstream:remoteref) refs/heads/main refs/remotes/main [2ms]
2025-04-26 03:57:45.852 [info] > git for-each-ref --sort -committerdate --format %(refname)%00%(objectname)%00%(*objectname) [2ms]
2025-04-26 03:57:45.915 [info] > git status -z -uall [67ms]
2025-04-26 03:57:51.037 [info] > git config --get commit.template [4ms]
2025-04-26 03:57:51.038 [info] > git for-each-ref --format=%(refname)%00%(upstream:short)%00%(objectname)%00%(upstream:track)%00%(upstream:remotename)%00%(upstream:remoteref) refs/heads/main refs/remotes/main [2ms]
2025-04-26 03:57:51.054 [info] > git for-each-ref --sort -committerdate --format %(refname)%00%(objectname)%00%(*objectname) [9ms]
2025-04-26 03:57:51.113 [info] > git status -z -uall [72ms]
2025-04-26 03:57:56.235 [info] > git config --get commit.template [3ms]
2025-04-26 03:57:56.235 [info] > git for-each-ref --format=%(refname)%00%(upstream:short)%00%(objectname)%00%(upstream:track)%00%(upstream:remotename)%00%(upstream:remoteref) refs/heads/main refs/remotes/main [1ms]
2025-04-26 03:57:56.243 [info] > git for-each-ref --sort -committerdate --format %(refname)%00%(objectname)%00%(*objectname) [2ms]
2025-04-26 03:57:56.305 [info] > git status -z -uall [67ms]
2025-04-26 03:58:01.410 [info] > git config --get commit.template [3ms]
2025-04-26 03:58:01.410 [info] > git for-each-ref --format=%(refname)%00%(upstream:short)%00%(objectname)%00%(upstream:track)%00%(upstream:remotename)%00%(upstream:remoteref) refs/heads/main refs/remotes/main [1ms]
2025-04-26 03:58:01.419 [info] > git for-each-ref --sort -committerdate --format %(refname)%00%(objectname)%00%(*objectname) [3ms]
2025-04-26 03:58:01.481 [info] > git status -z -uall [67ms]
2025-04-26 03:58:06.583 [info] > git config --get commit.template [4ms]
2025-04-26 03:58:06.584 [info] > git for-each-ref --format=%(refname)%00%(upstream:short)%00%(objectname)%00%(upstream:track)%00%(upstream:remotename)%00%(upstream:remoteref) refs/heads/main refs/remotes/main [2ms]
2025-04-26 03:58:06.599 [info] > git for-each-ref --sort -committerdate --format %(refname)%00%(objectname)%00%(*objectname) [9ms]
2025-04-26 03:58:06.655 [info] > git status -z -uall [68ms]
2025-04-26 03:58:11.770 [info] > git config --get commit.template [0ms]
2025-04-26 03:58:11.775 [info] > git for-each-ref --format=%(refname)%00%(upstream:short)%00%(objectname)%00%(upstream:track)%00%(upstream:remotename)%00%(upstream:remoteref) refs/heads/main refs/remotes/main [2ms]
2025-04-26 03:58:11.791 [info] > git for-each-ref --sort -committerdate --format %(refname)%00%(objectname)%00%(*objectname) [10ms]
2025-04-26 03:58:11.846 [info] > git status -z -uall [68ms]
2025-04-26 03:58:16.948 [info] > git config --get commit.template [4ms]
2025-04-26 03:58:16.949 [info] > git for-each-ref --format=%(refname)%00%(upstream:short)%00%(objectname)%00%(upstream:track)%00%(upstream:remotename)%00%(upstream:remoteref) refs/heads/main refs/remotes/main [1ms]
2025-04-26 03:58:16.964 [info] > git for-each-ref --sort -committerdate --format %(refname)%00%(objectname)%00%(*objectname) [3ms]
2025-04-26 03:58:17.023 [info] > git status -z -uall [71ms]
2025-04-26 03:58:22.127 [info] > git config --get commit.template [4ms]
2025-04-26 03:58:22.128 [info] > git for-each-ref --format=%(refname)%00%(upstream:short)%00%(objectname)%00%(upstream:track)%00%(upstream:remotename)%00%(upstream:remoteref) refs/heads/main refs/remotes/main [1ms]
2025-04-26 03:58:22.145 [info] > git for-each-ref --sort -committerdate --format %(refname)%00%(objectname)%00%(*objectname) [10ms]
2025-04-26 03:58:22.199 [info] > git status -z -uall [68ms]
2025-04-26 03:58:27.357 [info] > git config --get commit.template [5ms]
2025-04-26 03:58:27.358 [info] > git for-each-ref --format=%(refname)%00%(upstream:short)%00%(objectname)%00%(upstream:track)%00%(upstream:remotename)%00%(upstream:remoteref) refs/heads/main refs/remotes/main [2ms]
2025-04-26 03:58:27.367 [info] > git for-each-ref --sort -committerdate --format %(refname)%00%(objectname)%00%(*objectname) [4ms]
2025-04-26 03:58:27.428 [info] > git status -z -uall [67ms]
2025-04-26 03:58:32.540 [info] > git config --get commit.template [3ms]
2025-04-26 03:58:32.541 [info] > git for-each-ref --format=%(refname)%00%(upstream:short)%00%(objectname)%00%(upstream:track)%00%(upstream:remotename)%00%(upstream:remoteref) refs/heads/main refs/remotes/main [1ms]
2025-04-26 03:58:32.550 [info] > git for-each-ref --sort -committerdate --format %(refname)%00%(objectname)%00%(*objectname) [4ms]
2025-04-26 03:58:32.612 [info] > git status -z -uall [68ms]
2025-04-26 03:58:37.717 [info] > git config --get commit.template [3ms]
2025-04-26 03:58:37.718 [info] > git for-each-ref --format=%(refname)%00%(upstream:short)%00%(objectname)%00%(upstream:track)%00%(upstream:remotename)%00%(upstream:remoteref) refs/heads/main refs/remotes/main [1ms]
2025-04-26 03:58:37.733 [info] > git for-each-ref --sort -committerdate --format %(refname)%00%(objectname)%00%(*objectname) [7ms]
2025-04-26 03:58:37.788 [info] > git status -z -uall [66ms]
2025-04-26 03:58:42.902 [info] > git config --get commit.template [5ms]
2025-04-26 03:58:42.903 [info] > git for-each-ref --format=%(refname)%00%(upstream:short)%00%(objectname)%00%(upstream:track)%00%(upstream:remotename)%00%(upstream:remoteref) refs/heads/main refs/remotes/main [2ms]
2025-04-26 03:58:42.911 [info] > git for-each-ref --sort -committerdate --format %(refname)%00%(objectname)%00%(*objectname) [2ms]
2025-04-26 03:58:42.974 [info] > git status -z -uall [68ms]
2025-04-26 03:58:48.085 [info] > git config --get commit.template [4ms]
2025-04-26 03:58:48.086 [info] > git for-each-ref --format=%(refname)%00%(upstream:short)%00%(objectname)%00%(upstream:track)%00%(upstream:remotename)%00%(upstream:remoteref) refs/heads/main refs/remotes/main [2ms]
2025-04-26 03:58:48.101 [info] > git for-each-ref --sort -committerdate --format %(refname)%00%(objectname)%00%(*objectname) [9ms]
2025-04-26 03:58:48.155 [info] > git status -z -uall [66ms]
2025-04-26 03:58:53.257 [info] > git config --get commit.template [3ms]
2025-04-26 03:58:53.258 [info] > git for-each-ref --format=%(refname)%00%(upstream:short)%00%(objectname)%00%(upstream:track)%00%(upstream:remotename)%00%(upstream:remoteref) refs/heads/main refs/remotes/main [1ms]
2025-04-26 03:58:53.266 [info] > git for-each-ref --sort -committerdate --format %(refname)%00%(objectname)%00%(*objectname) [2ms]
2025-04-26 03:58:53.328 [info] > git status -z -uall [67ms]
2025-04-26 03:58:58.445 [info] > git config --get commit.template [4ms]
2025-04-26 03:58:58.446 [info] > git for-each-ref --format=%(refname)%00%(upstream:short)%00%(objectname)%00%(upstream:track)%00%(upstream:remotename)%00%(upstream:remoteref) refs/heads/main refs/remotes/main [1ms]
2025-04-26 03:58:58.460 [info] > git for-each-ref --sort -committerdate --format %(refname)%00%(objectname)%00%(*objectname) [8ms]
2025-04-26 03:58:58.517 [info] > git status -z -uall [68ms]
2025-04-26 03:59:03.623 [info] > git config --get commit.template [3ms]
2025-04-26 03:59:03.624 [info] > git for-each-ref --format=%(refname)%00%(upstream:short)%00%(objectname)%00%(upstream:track)%00%(upstream:remotename)%00%(upstream:remoteref) refs/heads/main refs/remotes/main [2ms]
2025-04-26 03:59:03.636 [info] > git for-each-ref --sort -committerdate --format %(refname)%00%(objectname)%00%(*objectname) [1ms]
2025-04-26 03:59:03.701 [info] > git status -z -uall [70ms]
2025-04-26 03:59:08.818 [info] > git config --get commit.template [4ms]
2025-04-26 03:59:08.819 [info] > git for-each-ref --format=%(refname)%00%(upstream:short)%00%(objectname)%00%(upstream:track)%00%(upstream:remotename)%00%(upstream:remoteref) refs/heads/main refs/remotes/main [2ms]
2025-04-26 03:59:08.834 [info] > git for-each-ref --sort -committerdate --format %(refname)%00%(objectname)%00%(*objectname) [9ms]
2025-04-26 03:59:08.890 [info] > git status -z -uall [68ms]
2025-04-26 03:59:14.040 [info] > git config --get commit.template [4ms]
2025-04-26 03:59:14.041 [info] > git for-each-ref --format=%(refname)%00%(upstream:short)%00%(objectname)%00%(upstream:track)%00%(upstream:remotename)%00%(upstream:remoteref) refs/heads/main refs/remotes/main [1ms]
2025-04-26 03:59:14.057 [info] > git for-each-ref --sort -committerdate --format %(refname)%00%(objectname)%00%(*objectname) [9ms]
2025-04-26 03:59:14.111 [info] > git status -z -uall [67ms]
2025-04-26 03:59:19.222 [info] > git config --get commit.template [4ms]
2025-04-26 03:59:19.223 [info] > git for-each-ref --format=%(refname)%00%(upstream:short)%00%(objectname)%00%(upstream:track)%00%(upstream:remotename)%00%(upstream:remoteref) refs/heads/main refs/remotes/main [1ms]
2025-04-26 03:59:19.230 [info] > git for-each-ref --sort -committerdate --format %(refname)%00%(objectname)%00%(*objectname) [1ms]
2025-04-26 03:59:19.293 [info] > git status -z -uall [66ms]
2025-04-26 03:59:24.394 [info] > git config --get commit.template [4ms]
2025-04-26 03:59:24.395 [info] > git for-each-ref --format=%(refname)%00%(upstream:short)%00%(objectname)%00%(upstream:track)%00%(upstream:remotename)%00%(upstream:remoteref) refs/heads/main refs/remotes/main [2ms]
2025-04-26 03:59:24.410 [info] > git for-each-ref --sort -committerdate --format %(refname)%00%(objectname)%00%(*objectname) [5ms]
2025-04-26 03:59:24.467 [info] > git status -z -uall [69ms]
2025-04-26 03:59:29.591 [info] > git config --get commit.template [4ms]
2025-04-26 03:59:29.592 [info] > git for-each-ref --format=%(refname)%00%(upstream:short)%00%(objectname)%00%(upstream:track)%00%(upstream:remotename)%00%(upstream:remoteref) refs/heads/main refs/remotes/main [2ms]
2025-04-26 03:59:29.599 [info] > git for-each-ref --sort -committerdate --format %(refname)%00%(objectname)%00%(*objectname) [2ms]
2025-04-26 03:59:29.661 [info] > git status -z -uall [66ms]
2025-04-26 03:59:34.765 [info] > git config --get commit.template [3ms]
2025-04-26 03:59:34.766 [info] > git for-each-ref --format=%(refname)%00%(upstream:short)%00%(objectname)%00%(upstream:track)%00%(upstream:remotename)%00%(upstream:remoteref) refs/heads/main refs/remotes/main [1ms]
2025-04-26 03:59:34.774 [info] > git for-each-ref --sort -committerdate --format %(refname)%00%(objectname)%00%(*objectname) [2ms]
2025-04-26 03:59:34.837 [info] > git status -z -uall [67ms]
2025-04-26 03:59:39.983 [info] > git config --get commit.template [3ms]
2025-04-26 03:59:39.984 [info] > git for-each-ref --format=%(refname)%00%(upstream:short)%00%(objectname)%00%(upstream:track)%00%(upstream:remotename)%00%(upstream:remoteref) refs/heads/main refs/remotes/main [1ms]
2025-04-26 03:59:39.993 [info] > git for-each-ref --sort -committerdate --format %(refname)%00%(objectname)%00%(*objectname) [3ms]
2025-04-26 03:59:40.059 [info] > git status -z -uall [71ms]
2025-04-26 03:59:45.168 [info] > git config --get commit.template [4ms]
2025-04-26 03:59:45.169 [info] > git for-each-ref --format=%(refname)%00%(upstream:short)%00%(objectname)%00%(upstream:track)%00%(upstream:remotename)%00%(upstream:remoteref) refs/heads/main refs/remotes/main [2ms]
2025-04-26 03:59:45.193 [info] > git for-each-ref --sort -committerdate --format %(refname)%00%(objectname)%00%(*objectname) [1ms]
2025-04-26 03:59:45.259 [info] > git status -z -uall [78ms]
2025-04-26 03:59:50.374 [info] > git config --get commit.template [3ms]
2025-04-26 03:59:50.375 [info] > git for-each-ref --format=%(refname)%00%(upstream:short)%00%(objectname)%00%(upstream:track)%00%(upstream:remotename)%00%(upstream:remoteref) refs/heads/main refs/remotes/main [1ms]
2025-04-26 03:59:50.391 [info] > git for-each-ref --sort -committerdate --format %(refname)%00%(objectname)%00%(*objectname) [10ms]
2025-04-26 03:59:50.444 [info] > git status -z -uall [66ms]
2025-04-26 03:59:55.555 [info] > git config --get commit.template [4ms]
2025-04-26 03:59:55.556 [info] > git for-each-ref --format=%(refname)%00%(upstream:short)%00%(objectname)%00%(upstream:track)%00%(upstream:remotename)%00%(upstream:remoteref) refs/heads/main refs/remotes/main [2ms]
2025-04-26 03:59:55.567 [info] > git for-each-ref --sort -committerdate --format %(refname)%00%(objectname)%00%(*objectname) [6ms]
2025-04-26 03:59:55.626 [info] > git status -z -uall [66ms]
2025-04-26 04:00:00.728 [info] > git config --get commit.template [3ms]
2025-04-26 04:00:00.729 [info] > git for-each-ref --format=%(refname)%00%(upstream:short)%00%(objectname)%00%(upstream:track)%00%(upstream:remotename)%00%(upstream:remoteref) refs/heads/main refs/remotes/main [1ms]
2025-04-26 04:00:00.736 [info] > git for-each-ref --sort -committerdate --format %(refname)%00%(objectname)%00%(*objectname) [2ms]
2025-04-26 04:00:00.798 [info] > git status -z -uall [66ms]
2025-04-26 04:00:05.915 [info] > git config --get commit.template [3ms]
2025-04-26 04:00:05.921 [info] > git for-each-ref --format=%(refname)%00%(upstream:short)%00%(objectname)%00%(upstream:track)%00%(upstream:remotename)%00%(upstream:remoteref) refs/heads/main refs/remotes/main [6ms]
2025-04-26 04:00:05.928 [info] > git for-each-ref --sort -committerdate --format %(refname)%00%(objectname)%00%(*objectname) [1ms]
2025-04-26 04:00:05.992 [info] > git status -z -uall [68ms]
2025-04-26 04:00:11.099 [info] > git config --get commit.template [4ms]
2025-04-26 04:00:11.100 [info] > git for-each-ref --format=%(refname)%00%(upstream:short)%00%(objectname)%00%(upstream:track)%00%(upstream:remotename)%00%(upstream:remoteref) refs/heads/main refs/remotes/main [2ms]
2025-04-26 04:00:11.107 [info] > git for-each-ref --sort -committerdate --format %(refname)%00%(objectname)%00%(*objectname) [2ms]
2025-04-26 04:00:11.170 [info] > git status -z -uall [67ms]
2025-04-26 04:00:16.315 [info] > git config --get commit.template [4ms]
2025-04-26 04:00:16.316 [info] > git for-each-ref --format=%(refname)%00%(upstream:short)%00%(objectname)%00%(upstream:track)%00%(upstream:remotename)%00%(upstream:remoteref) refs/heads/main refs/remotes/main [1ms]
2025-04-26 04:00:16.328 [info] > git for-each-ref --sort -committerdate --format %(refname)%00%(objectname)%00%(*objectname) [6ms]
2025-04-26 04:00:16.385 [info] > git status -z -uall [66ms]
2025-04-26 04:00:21.494 [info] > git config --get commit.template [4ms]
2025-04-26 04:00:21.494 [info] > git for-each-ref --format=%(refname)%00%(upstream:short)%00%(objectname)%00%(upstream:track)%00%(upstream:remotename)%00%(upstream:remoteref) refs/heads/main refs/remotes/main [1ms]
2025-04-26 04:00:21.509 [info] > git for-each-ref --sort -committerdate --format %(refname)%00%(objectname)%00%(*objectname) [8ms]
2025-04-26 04:00:21.565 [info] > git status -z -uall [68ms]
2025-04-26 04:00:26.675 [info] > git config --get commit.template [4ms]
2025-04-26 04:00:26.676 [info] > git for-each-ref --format=%(refname)%00%(upstream:short)%00%(objectname)%00%(upstream:track)%00%(upstream:remotename)%00%(upstream:remoteref) refs/heads/main refs/remotes/main [2ms]
2025-04-26 04:00:26.685 [info] > git for-each-ref --sort -committerdate --format %(refname)%00%(objectname)%00%(*objectname) [3ms]
2025-04-26 04:00:26.746 [info] > git status -z -uall [66ms]
2025-04-26 04:00:31.858 [info] > git config --get commit.template [3ms]
2025-04-26 04:00:31.859 [info] > git for-each-ref --format=%(refname)%00%(upstream:short)%00%(objectname)%00%(upstream:track)%00%(upstream:remotename)%00%(upstream:remoteref) refs/heads/main refs/remotes/main [1ms]
2025-04-26 04:00:31.867 [info] > git for-each-ref --sort -committerdate --format %(refname)%00%(objectname)%00%(*objectname) [2ms]
2025-04-26 04:00:31.928 [info] > git status -z -uall [66ms]
2025-04-26 04:00:37.030 [info] > git config --get commit.template [4ms]
2025-04-26 04:00:37.030 [info] > git for-each-ref --format=%(refname)%00%(upstream:short)%00%(objectname)%00%(upstream:track)%00%(upstream:remotename)%00%(upstream:remoteref) refs/heads/main refs/remotes/main [1ms]
2025-04-26 04:00:37.039 [info] > git for-each-ref --sort -committerdate --format %(refname)%00%(objectname)%00%(*objectname) [3ms]
2025-04-26 04:00:37.100 [info] > git status -z -uall [67ms]
2025-04-26 04:00:42.209 [info] > git config --get commit.template [4ms]
2025-04-26 04:00:42.210 [info] > git for-each-ref --format=%(refname)%00%(upstream:short)%00%(objectname)%00%(upstream:track)%00%(upstream:remotename)%00%(upstream:remoteref) refs/heads/main refs/remotes/main [2ms]
2025-04-26 04:00:42.222 [info] > git for-each-ref --sort -committerdate --format %(refname)%00%(objectname)%00%(*objectname) [6ms]
2025-04-26 04:00:42.283 [info] > git status -z -uall [70ms]
2025-04-26 04:00:47.444 [info] > git config --get commit.template [4ms]
2025-04-26 04:00:47.445 [info] > git for-each-ref --format=%(refname)%00%(upstream:short)%00%(objectname)%00%(upstream:track)%00%(upstream:remotename)%00%(upstream:remoteref) refs/heads/main refs/remotes/main [2ms]
2025-04-26 04:00:47.458 [info] > git for-each-ref --sort -committerdate --format %(refname)%00%(objectname)%00%(*objectname) [8ms]
2025-04-26 04:00:47.514 [info] > git status -z -uall [67ms]
2025-04-26 04:00:52.624 [info] > git config --get commit.template [4ms]
2025-04-26 04:00:52.625 [info] > git for-each-ref --format=%(refname)%00%(upstream:short)%00%(objectname)%00%(upstream:track)%00%(upstream:remotename)%00%(upstream:remoteref) refs/heads/main refs/remotes/main [1ms]
2025-04-26 04:00:52.632 [info] > git for-each-ref --sort -committerdate --format %(refname)%00%(objectname)%00%(*objectname) [2ms]
2025-04-26 04:00:52.694 [info] > git status -z -uall [66ms]
2025-04-26 04:00:57.798 [info] > git config --get commit.template [3ms]
2025-04-26 04:00:57.799 [info] > git for-each-ref --format=%(refname)%00%(upstream:short)%00%(objectname)%00%(upstream:track)%00%(upstream:remotename)%00%(upstream:remoteref) refs/heads/main refs/remotes/main [1ms]
2025-04-26 04:00:57.806 [info] > git for-each-ref --sort -committerdate --format %(refname)%00%(objectname)%00%(*objectname) [1ms]
2025-04-26 04:00:57.867 [info] > git status -z -uall [65ms]
2025-04-26 04:01:02.985 [info] > git config --get commit.template [5ms]
2025-04-26 04:01:02.987 [info] > git for-each-ref --format=%(refname)%00%(upstream:short)%00%(objectname)%00%(upstream:track)%00%(upstream:remotename)%00%(upstream:remoteref) refs/heads/main refs/remotes/main [3ms]
2025-04-26 04:01:02.995 [info] > git for-each-ref --sort -committerdate --format %(refname)%00%(objectname)%00%(*objectname) [2ms]
2025-04-26 04:01:03.059 [info] > git status -z -uall [69ms]
2025-04-26 04:01:08.166 [info] > git config --get commit.template [4ms]
2025-04-26 04:01:08.167 [info] > git for-each-ref --format=%(refname)%00%(upstream:short)%00%(objectname)%00%(upstream:track)%00%(upstream:remotename)%00%(upstream:remoteref) refs/heads/main refs/remotes/main [2ms]
2025-04-26 04:01:08.175 [info] > git for-each-ref --sort -committerdate --format %(refname)%00%(objectname)%00%(*objectname) [2ms]
2025-04-26 04:01:08.243 [info] > git status -z -uall [73ms]
2025-04-26 04:01:13.390 [info] > git config --get commit.template [4ms]
2025-04-26 04:01:13.390 [info] > git for-each-ref --format=%(refname)%00%(upstream:short)%00%(objectname)%00%(upstream:track)%00%(upstream:remotename)%00%(upstream:remoteref) refs/heads/main refs/remotes/main [1ms]
2025-04-26 04:01:13.403 [info] > git for-each-ref --sort -committerdate --format %(refname)%00%(objectname)%00%(*objectname) [7ms]
2025-04-26 04:01:13.464 [info] > git status -z -uall [71ms]
2025-04-26 04:01:18.577 [info] > git config --get commit.template [2ms]
2025-04-26 04:01:18.589 [info] > git for-each-ref --format=%(refname)%00%(upstream:short)%00%(objectname)%00%(upstream:track)%00%(upstream:remotename)%00%(upstream:remoteref) refs/heads/main refs/remotes/main [1ms]
2025-04-26 04:01:18.624 [info] > git for-each-ref --sort -committerdate --format %(refname)%00%(objectname)%00%(*objectname) [15ms]
2025-04-26 04:01:18.674 [info] > git status -z -uall [71ms]
2025-04-26 04:01:23.790 [info] > git config --get commit.template [4ms]
2025-04-26 04:01:23.791 [info] > git for-each-ref --format=%(refname)%00%(upstream:short)%00%(objectname)%00%(upstream:track)%00%(upstream:remotename)%00%(upstream:remoteref) refs/heads/main refs/remotes/main [1ms]
2025-04-26 04:01:23.799 [info] > git for-each-ref --sort -committerdate --format %(refname)%00%(objectname)%00%(*objectname) [2ms]
2025-04-26 04:01:23.862 [info] > git status -z -uall [68ms]
2025-04-26 04:01:29.008 [info] > git config --get commit.template [3ms]
2025-04-26 04:01:29.009 [info] > git for-each-ref --format=%(refname)%00%(upstream:short)%00%(objectname)%00%(upstream:track)%00%(upstream:remotename)%00%(upstream:remoteref) refs/heads/main refs/remotes/main [2ms]
2025-04-26 04:01:29.020 [info] > git for-each-ref --sort -committerdate --format %(refname)%00%(objectname)%00%(*objectname) [6ms]
2025-04-26 04:01:29.082 [info] > git status -z -uall [71ms]
2025-04-26 04:01:34.198 [info] > git config --get commit.template [3ms]
2025-04-26 04:01:34.199 [info] > git for-each-ref --format=%(refname)%00%(upstream:short)%00%(objectname)%00%(upstream:track)%00%(upstream:remotename)%00%(upstream:remoteref) refs/heads/main refs/remotes/main [1ms]
2025-04-26 04:01:34.214 [info] > git for-each-ref --sort -committerdate --format %(refname)%00%(objectname)%00%(*objectname) [9ms]
2025-04-26 04:01:34.269 [info] > git status -z -uall [67ms]
2025-04-26 04:01:39.377 [info] > git config --get commit.template [4ms]
2025-04-26 04:01:39.378 [info] > git for-each-ref --format=%(refname)%00%(upstream:short)%00%(objectname)%00%(upstream:track)%00%(upstream:remotename)%00%(upstream:remoteref) refs/heads/main refs/remotes/main [2ms]
2025-04-26 04:01:39.398 [info] > git for-each-ref --sort -committerdate --format %(refname)%00%(objectname)%00%(*objectname) [14ms]
2025-04-26 04:01:39.449 [info] > git status -z -uall [68ms]
2025-04-26 04:01:44.560 [info] > git config --get commit.template [4ms]
2025-04-26 04:01:44.561 [info] > git for-each-ref --format=%(refname)%00%(upstream:short)%00%(objectname)%00%(upstream:track)%00%(upstream:remotename)%00%(upstream:remoteref) refs/heads/main refs/remotes/main [1ms]
2025-04-26 04:01:44.575 [info] > git for-each-ref --sort -committerdate --format %(refname)%00%(objectname)%00%(*objectname) [8ms]
2025-04-26 04:01:44.631 [info] > git status -z -uall [67ms]
2025-04-26 04:01:49.737 [info] > git config --get commit.template [4ms]
2025-04-26 04:01:49.738 [info] > git for-each-ref --format=%(refname)%00%(upstream:short)%00%(objectname)%00%(upstream:track)%00%(upstream:remotename)%00%(upstream:remoteref) refs/heads/main refs/remotes/main [1ms]
2025-04-26 04:01:49.746 [info] > git for-each-ref --sort -committerdate --format %(refname)%00%(objectname)%00%(*objectname) [2ms]
2025-04-26 04:01:49.808 [info] > git status -z -uall [67ms]
2025-04-26 04:01:54.933 [info] > git config --get commit.template [5ms]
2025-04-26 04:01:54.934 [info] > git for-each-ref --format=%(refname)%00%(upstream:short)%00%(objectname)%00%(upstream:track)%00%(upstream:remotename)%00%(upstream:remoteref) refs/heads/main refs/remotes/main [1ms]
2025-04-26 04:01:54.948 [info] > git for-each-ref --sort -committerdate --format %(refname)%00%(objectname)%00%(*objectname) [8ms]
2025-04-26 04:01:55.011 [info] > git status -z -uall [74ms]
2025-04-26 04:02:00.160 [info] > git config --get commit.template [4ms]
2025-04-26 04:02:00.160 [info] > git for-each-ref --format=%(refname)%00%(upstream:short)%00%(objectname)%00%(upstream:track)%00%(upstream:remotename)%00%(upstream:remoteref) refs/heads/main refs/remotes/main [1ms]
2025-04-26 04:02:00.168 [info] > git for-each-ref --sort -committerdate --format %(refname)%00%(objectname)%00%(*objectname) [2ms]
2025-04-26 04:02:00.230 [info] > git status -z -uall [67ms]
2025-04-26 04:02:05.342 [info] > git config --get commit.template [4ms]
2025-04-26 04:02:05.343 [info] > git for-each-ref --format=%(refname)%00%(upstream:short)%00%(objectname)%00%(upstream:track)%00%(upstream:remotename)%00%(upstream:remoteref) refs/heads/main refs/remotes/main [2ms]
2025-04-26 04:02:05.352 [info] > git for-each-ref --sort -committerdate --format %(refname)%00%(objectname)%00%(*objectname) [2ms]
2025-04-26 04:02:05.418 [info] > git status -z -uall [71ms]
2025-04-26 04:02:10.525 [info] > git config --get commit.template [4ms]
2025-04-26 04:02:10.526 [info] > git for-each-ref --format=%(refname)%00%(upstream:short)%00%(objectname)%00%(upstream:track)%00%(upstream:remotename)%00%(upstream:remoteref) refs/heads/main refs/remotes/main [2ms]
2025-04-26 04:02:10.535 [info] > git for-each-ref --sort -committerdate --format %(refname)%00%(objectname)%00%(*objectname) [2ms]
2025-04-26 04:02:10.602 [info] > git status -z -uall [72ms]
2025-04-26 04:02:15.720 [info] > git config --get commit.template [3ms]
2025-04-26 04:02:15.721 [info] > git for-each-ref --format=%(refname)%00%(upstream:short)%00%(objectname)%00%(upstream:track)%00%(upstream:remotename)%00%(upstream:remoteref) refs/heads/main refs/remotes/main [1ms]
2025-04-26 04:02:15.729 [info] > git for-each-ref --sort -committerdate --format %(refname)%00%(objectname)%00%(*objectname) [2ms]
2025-04-26 04:02:15.791 [info] > git status -z -uall [67ms]
2025-04-26 04:02:20.892 [info] > git config --get commit.template [4ms]
2025-04-26 04:02:20.893 [info] > git for-each-ref --format=%(refname)%00%(upstream:short)%00%(objectname)%00%(upstream:track)%00%(upstream:remotename)%00%(upstream:remoteref) refs/heads/main refs/remotes/main [2ms]
2025-04-26 04:02:20.909 [info] > git for-each-ref --sort -committerdate --format %(refname)%00%(objectname)%00%(*objectname) [9ms]
2025-04-26 04:02:20.968 [info] > git status -z -uall [71ms]
2025-04-26 04:02:26.118 [info] > git config --get commit.template [4ms]
2025-04-26 04:02:26.119 [info] > git for-each-ref --format=%(refname)%00%(upstream:short)%00%(objectname)%00%(upstream:track)%00%(upstream:remotename)%00%(upstream:remoteref) refs/heads/main refs/remotes/main [2ms]
2025-04-26 04:02:26.127 [info] > git for-each-ref --sort -committerdate --format %(refname)%00%(objectname)%00%(*objectname) [2ms]
2025-04-26 04:02:26.189 [info] > git status -z -uall [67ms]
2025-04-26 04:02:31.296 [info] > git config --get commit.template [2ms]
2025-04-26 04:02:31.306 [info] > git for-each-ref --format=%(refname)%00%(upstream:short)%00%(objectname)%00%(upstream:track)%00%(upstream:remotename)%00%(upstream:remoteref) refs/heads/main refs/remotes/main [1ms]
2025-04-26 04:02:31.328 [info] > git for-each-ref --sort -committerdate --format %(refname)%00%(objectname)%00%(*objectname) [9ms]
2025-04-26 04:02:31.396 [info] > git status -z -uall [82ms]
2025-04-26 04:02:36.518 [info] > git config --get commit.template [5ms]
2025-04-26 04:02:36.518 [info] > git for-each-ref --format=%(refname)%00%(upstream:short)%00%(objectname)%00%(upstream:track)%00%(upstream:remotename)%00%(upstream:remoteref) refs/heads/main refs/remotes/main [1ms]
2025-04-26 04:02:36.530 [info] > git for-each-ref --sort -committerdate --format %(refname)%00%(objectname)%00%(*objectname) [6ms]
2025-04-26 04:02:36.589 [info] > git status -z -uall [67ms]
2025-04-26 04:02:41.706 [info] > git config --get commit.template [4ms]
2025-04-26 04:02:41.707 [info] > git for-each-ref --format=%(refname)%00%(upstream:short)%00%(objectname)%00%(upstream:track)%00%(upstream:remotename)%00%(upstream:remoteref) refs/heads/main refs/remotes/main [1ms]
2025-04-26 04:02:41.715 [info] > git for-each-ref --sort -committerdate --format %(refname)%00%(objectname)%00%(*objectname) [3ms]
2025-04-26 04:02:41.780 [info] > git status -z -uall [71ms]
2025-04-26 04:02:46.894 [info] > git config --get commit.template [4ms]
2025-04-26 04:02:46.895 [info] > git for-each-ref --format=%(refname)%00%(upstream:short)%00%(objectname)%00%(upstream:track)%00%(upstream:remotename)%00%(upstream:remoteref) refs/heads/main refs/remotes/main [2ms]
2025-04-26 04:02:46.908 [info] > git for-each-ref --sort -committerdate --format %(refname)%00%(objectname)%00%(*objectname) [7ms]
2025-04-26 04:02:46.964 [info] > git status -z -uall [66ms]
2025-04-26 04:02:52.111 [info] > git config --get commit.template [4ms]
2025-04-26 04:02:52.112 [info] > git for-each-ref --format=%(refname)%00%(upstream:short)%00%(objectname)%00%(upstream:track)%00%(upstream:remotename)%00%(upstream:remoteref) refs/heads/main refs/remotes/main [2ms]
2025-04-26 04:02:52.118 [info] > git for-each-ref --sort -committerdate --format %(refname)%00%(objectname)%00%(*objectname) [1ms]
2025-04-26 04:02:52.182 [info] > git status -z -uall [68ms]
2025-04-26 04:02:57.302 [info] > git config --get commit.template [3ms]
2025-04-26 04:02:57.303 [info] > git for-each-ref --format=%(refname)%00%(upstream:short)%00%(objectname)%00%(upstream:track)%00%(upstream:remotename)%00%(upstream:remoteref) refs/heads/main refs/remotes/main [2ms]
2025-04-26 04:02:57.309 [info] > git for-each-ref --sort -committerdate --format %(refname)%00%(objectname)%00%(*objectname) [1ms]
2025-04-26 04:02:57.375 [info] > git status -z -uall [70ms]
2025-04-26 04:03:02.476 [info] > git config --get commit.template [4ms]
2025-04-26 04:03:02.477 [info] > git for-each-ref --format=%(refname)%00%(upstream:short)%00%(objectname)%00%(upstream:track)%00%(upstream:remotename)%00%(upstream:remoteref) refs/heads/main refs/remotes/main [2ms]
2025-04-26 04:03:02.491 [info] > git for-each-ref --sort -committerdate --format %(refname)%00%(objectname)%00%(*objectname) [9ms]
2025-04-26 04:03:02.545 [info] > git status -z -uall [66ms]
2025-04-26 04:03:07.663 [info] > git config --get commit.template [3ms]
2025-04-26 04:03:07.664 [info] > git for-each-ref --format=%(refname)%00%(upstream:short)%00%(objectname)%00%(upstream:track)%00%(upstream:remotename)%00%(upstream:remoteref) refs/heads/main refs/remotes/main [1ms]
2025-04-26 04:03:07.679 [info] > git for-each-ref --sort -committerdate --format %(refname)%00%(objectname)%00%(*objectname) [10ms]
2025-04-26 04:03:07.733 [info] > git status -z -uall [66ms]
2025-04-26 04:03:12.835 [info] > git config --get commit.template [3ms]
2025-04-26 04:03:12.836 [info] > git for-each-ref --format=%(refname)%00%(upstream:short)%00%(objectname)%00%(upstream:track)%00%(upstream:remotename)%00%(upstream:remoteref) refs/heads/main refs/remotes/main [1ms]
2025-04-26 04:03:12.844 [info] > git for-each-ref --sort -committerdate --format %(refname)%00%(objectname)%00%(*objectname) [2ms]
2025-04-26 04:03:12.908 [info] > git status -z -uall [69ms]
2025-04-26 04:03:18.054 [info] > git config --get commit.template [4ms]
2025-04-26 04:03:18.055 [info] > git for-each-ref --format=%(refname)%00%(upstream:short)%00%(objectname)%00%(upstream:track)%00%(upstream:remotename)%00%(upstream:remoteref) refs/heads/main refs/remotes/main [1ms]
2025-04-26 04:03:18.063 [info] > git for-each-ref --sort -committerdate --format %(refname)%00%(objectname)%00%(*objectname) [2ms]
2025-04-26 04:03:18.125 [info] > git status -z -uall [67ms]
2025-04-26 04:03:23.237 [info] > git config --get commit.template [4ms]
2025-04-26 04:03:23.238 [info] > git for-each-ref --format=%(refname)%00%(upstream:short)%00%(objectname)%00%(upstream:track)%00%(upstream:remotename)%00%(upstream:remoteref) refs/heads/main refs/remotes/main [2ms]
2025-04-26 04:03:23.252 [info] > git for-each-ref --sort -committerdate --format %(refname)%00%(objectname)%00%(*objectname) [9ms]
2025-04-26 04:03:23.308 [info] > git status -z -uall [67ms]
2025-04-26 04:04:10.360 [info] > git config --get commit.template [4ms]
2025-04-26 04:04:10.361 [info] > git for-each-ref --format=%(refname)%00%(upstream:short)%00%(objectname)%00%(upstream:track)%00%(upstream:remotename)%00%(upstream:remoteref) refs/heads/main refs/remotes/main [2ms]
2025-04-26 04:04:10.376 [info] > git for-each-ref --sort -committerdate --format %(refname)%00%(objectname)%00%(*objectname) [10ms]
2025-04-26 04:04:10.431 [info] > git status -z -uall [67ms]
2025-04-26 04:05:51.982 [info] > git config --get commit.template [5ms]
2025-04-26 04:05:51.982 [info] > git for-each-ref --format=%(refname)%00%(upstream:short)%00%(objectname)%00%(upstream:track)%00%(upstream:remotename)%00%(upstream:remoteref) refs/heads/main refs/remotes/main [2ms]
2025-04-26 04:05:51.999 [info] > git for-each-ref --sort -committerdate --format %(refname)%00%(objectname)%00%(*objectname) [1ms]
2025-04-26 04:05:52.062 [info] > git status -z -uall [75ms]
2025-04-26 04:05:59.398 [info] > git config --get commit.template [3ms]
2025-04-26 04:05:59.399 [info] > git for-each-ref --format=%(refname)%00%(upstream:short)%00%(objectname)%00%(upstream:track)%00%(upstream:remotename)%00%(upstream:remoteref) refs/heads/main refs/remotes/main [2ms]
2025-04-26 04:05:59.408 [info] > git for-each-ref --sort -committerdate --format %(refname)%00%(objectname)%00%(*objectname) [4ms]
2025-04-26 04:05:59.469 [info] > git status -z -uall [68ms]
2025-04-26 04:06:04.588 [info] > git config --get commit.template [9ms]
2025-04-26 04:06:04.594 [info] > git for-each-ref --format=%(refname)%00%(upstream:short)%00%(objectname)%00%(upstream:track)%00%(upstream:remotename)%00%(upstream:remoteref) refs/heads/main refs/remotes/main [1ms]
2025-04-26 04:06:04.631 [info] > git for-each-ref --sort -committerdate --format %(refname)%00%(objectname)%00%(*objectname) [11ms]
2025-04-26 04:06:04.684 [info] > git status -z -uall [80ms]
2025-04-26 04:06:10.431 [info] > git config --get commit.template [4ms]
2025-04-26 04:06:10.432 [info] > git for-each-ref --format=%(refname)%00%(upstream:short)%00%(objectname)%00%(upstream:track)%00%(upstream:remotename)%00%(upstream:remoteref) refs/heads/main refs/remotes/main [2ms]
2025-04-26 04:06:10.439 [info] > git for-each-ref --sort -committerdate --format %(refname)%00%(objectname)%00%(*objectname) [2ms]
2025-04-26 04:06:10.503 [info] > git status -z -uall [68ms]
2025-04-26 04:06:15.619 [info] > git config --get commit.template [4ms]
2025-04-26 04:06:15.620 [info] > git for-each-ref --format=%(refname)%00%(upstream:short)%00%(objectname)%00%(upstream:track)%00%(upstream:remotename)%00%(upstream:remoteref) refs/heads/main refs/remotes/main [2ms]
2025-04-26 04:06:15.628 [info] > git for-each-ref --sort -committerdate --format %(refname)%00%(objectname)%00%(*objectname) [2ms]
2025-04-26 04:06:15.690 [info] > git status -z -uall [67ms]
2025-04-26 04:06:20.813 [info] > git config --get commit.template [4ms]
2025-04-26 04:06:20.814 [info] > git for-each-ref --format=%(refname)%00%(upstream:short)%00%(objectname)%00%(upstream:track)%00%(upstream:remotename)%00%(upstream:remoteref) refs/heads/main refs/remotes/main [1ms]
2025-04-26 04:06:20.823 [info] > git for-each-ref --sort -committerdate --format %(refname)%00%(objectname)%00%(*objectname) [3ms]
2025-04-26 04:06:20.888 [info] > git status -z -uall [71ms]
2025-04-26 04:07:01.094 [info] > git config --get commit.template [3ms]
2025-04-26 04:07:01.094 [info] > git for-each-ref --format=%(refname)%00%(upstream:short)%00%(objectname)%00%(upstream:track)%00%(upstream:remotename)%00%(upstream:remoteref) refs/heads/main refs/remotes/main [1ms]
2025-04-26 04:07:01.115 [info] > git for-each-ref --sort -committerdate --format %(refname)%00%(objectname)%00%(*objectname) [14ms]
2025-04-26 04:07:01.186 [info] > git status -z -uall [89ms]
2025-04-26 04:07:06.324 [info] > git config --get commit.template [4ms]
2025-04-26 04:07:06.324 [info] > git for-each-ref --format=%(refname)%00%(upstream:short)%00%(objectname)%00%(upstream:track)%00%(upstream:remotename)%00%(upstream:remoteref) refs/heads/main refs/remotes/main [2ms]
2025-04-26 04:07:06.339 [info] > git for-each-ref --sort -committerdate --format %(refname)%00%(objectname)%00%(*objectname) [10ms]
2025-04-26 04:07:06.393 [info] > git status -z -uall [65ms]
2025-04-26 04:07:12.046 [info] > git config --get commit.template [4ms]
2025-04-26 04:07:12.047 [info] > git for-each-ref --format=%(refname)%00%(upstream:short)%00%(objectname)%00%(upstream:track)%00%(upstream:remotename)%00%(upstream:remoteref) refs/heads/main refs/remotes/main [2ms]
2025-04-26 04:07:12.065 [info] > git for-each-ref --sort -committerdate --format %(refname)%00%(objectname)%00%(*objectname) [10ms]
2025-04-26 04:07:12.120 [info] > git status -z -uall [68ms]
2025-04-26 04:07:19.017 [info] > git config --get commit.template [3ms]
2025-04-26 04:07:19.018 [info] > git for-each-ref --format=%(refname)%00%(upstream:short)%00%(objectname)%00%(upstream:track)%00%(upstream:remotename)%00%(upstream:remoteref) refs/heads/main refs/remotes/main [1ms]
2025-04-26 04:07:19.026 [info] > git for-each-ref --sort -committerdate --format %(refname)%00%(objectname)%00%(*objectname) [2ms]
2025-04-26 04:07:19.088 [info] > git status -z -uall [67ms]
2025-04-26 04:07:24.214 [info] > git config --get commit.template [5ms]
2025-04-26 04:07:24.215 [info] > git for-each-ref --format=%(refname)%00%(upstream:short)%00%(objectname)%00%(upstream:track)%00%(upstream:remotename)%00%(upstream:remoteref) refs/heads/main refs/remotes/main [2ms]
2025-04-26 04:07:24.227 [info] > git for-each-ref --sort -committerdate --format %(refname)%00%(objectname)%00%(*objectname) [7ms]
2025-04-26 04:07:24.287 [info] > git status -z -uall [70ms]
2025-04-26 04:07:29.411 [info] > git config --get commit.template [3ms]
2025-04-26 04:07:29.412 [info] > git for-each-ref --format=%(refname)%00%(upstream:short)%00%(objectname)%00%(upstream:track)%00%(upstream:remotename)%00%(upstream:remoteref) refs/heads/main refs/remotes/main [1ms]
2025-04-26 04:07:29.419 [info] > git for-each-ref --sort -committerdate --format %(refname)%00%(objectname)%00%(*objectname) [2ms]
2025-04-26 04:07:29.483 [info] > git status -z -uall [68ms]
2025-04-26 04:07:34.641 [info] > git config --get commit.template [4ms]
2025-04-26 04:07:34.642 [info] > git for-each-ref --format=%(refname)%00%(upstream:short)%00%(objectname)%00%(upstream:track)%00%(upstream:remotename)%00%(upstream:remoteref) refs/heads/main refs/remotes/main [1ms]
2025-04-26 04:07:34.652 [info] > git for-each-ref --sort -committerdate --format %(refname)%00%(objectname)%00%(*objectname) [4ms]
2025-04-26 04:07:34.713 [info] > git status -z -uall [68ms]
2025-04-26 04:07:39.828 [info] > git config --get commit.template [4ms]
2025-04-26 04:07:39.829 [info] > git for-each-ref --format=%(refname)%00%(upstream:short)%00%(objectname)%00%(upstream:track)%00%(upstream:remotename)%00%(upstream:remoteref) refs/heads/main refs/remotes/main [2ms]
2025-04-26 04:07:39.845 [info] > git for-each-ref --sort -committerdate --format %(refname)%00%(objectname)%00%(*objectname) [11ms]
2025-04-26 04:07:39.898 [info] > git status -z -uall [67ms]
2025-04-26 04:07:45.009 [info] > git config --get commit.template [3ms]
2025-04-26 04:07:45.010 [info] > git for-each-ref --format=%(refname)%00%(upstream:short)%00%(objectname)%00%(upstream:track)%00%(upstream:remotename)%00%(upstream:remoteref) refs/heads/main refs/remotes/main [1ms]
2025-04-26 04:07:45.017 [info] > git for-each-ref --sort -committerdate --format %(refname)%00%(objectname)%00%(*objectname) [1ms]
2025-04-26 04:07:45.080 [info] > git status -z -uall [67ms]
2025-04-26 04:07:50.197 [info] > git config --get commit.template [4ms]
2025-04-26 04:07:50.198 [info] > git for-each-ref --format=%(refname)%00%(upstream:short)%00%(objectname)%00%(upstream:track)%00%(upstream:remotename)%00%(upstream:remoteref) refs/heads/main refs/remotes/main [2ms]
2025-04-26 04:07:50.213 [info] > git for-each-ref --sort -committerdate --format %(refname)%00%(objectname)%00%(*objectname) [9ms]
2025-04-26 04:07:50.268 [info] > git status -z -uall [67ms]
2025-04-26 04:07:55.386 [info] > git config --get commit.template [4ms]
2025-04-26 04:07:55.388 [info] > git for-each-ref --format=%(refname)%00%(upstream:short)%00%(objectname)%00%(upstream:track)%00%(upstream:remotename)%00%(upstream:remoteref) refs/heads/main refs/remotes/main [2ms]
2025-04-26 04:07:55.397 [info] > git for-each-ref --sort -committerdate --format %(refname)%00%(objectname)%00%(*objectname) [0ms]
2025-04-26 04:07:55.460 [info] > git status -z -uall [69ms]
2025-04-26 04:08:00.561 [info] > git config --get commit.template [4ms]
2025-04-26 04:08:00.562 [info] > git for-each-ref --format=%(refname)%00%(upstream:short)%00%(objectname)%00%(upstream:track)%00%(upstream:remotename)%00%(upstream:remoteref) refs/heads/main refs/remotes/main [1ms]
2025-04-26 04:08:00.570 [info] > git for-each-ref --sort -committerdate --format %(refname)%00%(objectname)%00%(*objectname) [2ms]
2025-04-26 04:08:00.633 [info] > git status -z -uall [68ms]
2025-04-26 04:08:18.217 [info] > git config --get commit.template [3ms]
2025-04-26 04:08:18.218 [info] > git for-each-ref --format=%(refname)%00%(upstream:short)%00%(objectname)%00%(upstream:track)%00%(upstream:remotename)%00%(upstream:remoteref) refs/heads/main refs/remotes/main [1ms]
2025-04-26 04:08:18.231 [info] > git for-each-ref --sort -committerdate --format %(refname)%00%(objectname)%00%(*objectname) [5ms]
2025-04-26 04:08:18.289 [info] > git status -z -uall [66ms]
2025-04-26 04:08:23.406 [info] > git config --get commit.template [5ms]
2025-04-26 04:08:23.406 [info] > git for-each-ref --format=%(refname)%00%(upstream:short)%00%(objectname)%00%(upstream:track)%00%(upstream:remotename)%00%(upstream:remoteref) refs/heads/main refs/remotes/main [1ms]
2025-04-26 04:08:23.419 [info] > git for-each-ref --sort -committerdate --format %(refname)%00%(objectname)%00%(*objectname) [1ms]
2025-04-26 04:08:23.478 [info] > git status -z -uall [68ms]
2025-04-26 04:08:32.157 [info] > git config --get commit.template [4ms]
2025-04-26 04:08:32.158 [info] > git for-each-ref --format=%(refname)%00%(upstream:short)%00%(objectname)%00%(upstream:track)%00%(upstream:remotename)%00%(upstream:remoteref) refs/heads/main refs/remotes/main [2ms]
2025-04-26 04:08:32.170 [info] > git for-each-ref --sort -committerdate --format %(refname)%00%(objectname)%00%(*objectname) [7ms]
2025-04-26 04:08:32.229 [info] > git status -z -uall [69ms]
2025-04-26 04:08:37.341 [info] > git config --get commit.template [3ms]
2025-04-26 04:08:37.342 [info] > git for-each-ref --format=%(refname)%00%(upstream:short)%00%(objectname)%00%(upstream:track)%00%(upstream:remotename)%00%(upstream:remoteref) refs/heads/main refs/remotes/main [1ms]
2025-04-26 04:08:37.357 [info] > git for-each-ref --sort -committerdate --format %(refname)%00%(objectname)%00%(*objectname) [10ms]
2025-04-26 04:08:37.413 [info] > git status -z -uall [69ms]
2025-04-26 04:08:42.536 [info] > git config --get commit.template [3ms]
2025-04-26 04:08:42.538 [info] > git for-each-ref --format=%(refname)%00%(upstream:short)%00%(objectname)%00%(upstream:track)%00%(upstream:remotename)%00%(upstream:remoteref) refs/heads/main refs/remotes/main [2ms]
2025-04-26 04:08:42.548 [info] > git for-each-ref --sort -committerdate --format %(refname)%00%(objectname)%00%(*objectname) [5ms]
2025-04-26 04:08:42.611 [info] > git status -z -uall [71ms]
2025-04-26 04:08:47.734 [info] > git config --get commit.template [4ms]
2025-04-26 04:08:47.735 [info] > git for-each-ref --format=%(refname)%00%(upstream:short)%00%(objectname)%00%(upstream:track)%00%(upstream:remotename)%00%(upstream:remoteref) refs/heads/main refs/remotes/main [2ms]
2025-04-26 04:08:47.748 [info] > git for-each-ref --sort -committerdate --format %(refname)%00%(objectname)%00%(*objectname) [8ms]
2025-04-26 04:08:47.805 [info] > git status -z -uall [67ms]
2025-04-26 04:09:33.610 [info] > git config --get commit.template [2ms]
2025-04-26 04:09:33.610 [info] > git for-each-ref --format=%(refname)%00%(upstream:short)%00%(objectname)%00%(upstream:track)%00%(upstream:remotename)%00%(upstream:remoteref) refs/heads/main refs/remotes/main [1ms]
2025-04-26 04:09:33.617 [info] > git for-each-ref --sort -committerdate --format %(refname)%00%(objectname)%00%(*objectname) [2ms]
2025-04-26 04:09:33.679 [info] > git status -z -uall [66ms]
2025-04-26 04:09:38.802 [info] > git config --get commit.template [1ms]
2025-04-26 04:09:38.807 [info] > git for-each-ref --format=%(refname)%00%(upstream:short)%00%(objectname)%00%(upstream:track)%00%(upstream:remotename)%00%(upstream:remoteref) refs/heads/main refs/remotes/main [1ms]
2025-04-26 04:09:38.815 [info] > git for-each-ref --sort -committerdate --format %(refname)%00%(objectname)%00%(*objectname) [2ms]
2025-04-26 04:09:38.877 [info] > git status -z -uall [67ms]
2025-04-26 04:10:01.281 [info] > git config --get commit.template [3ms]
2025-04-26 04:10:01.281 [info] > git for-each-ref --format=%(refname)%00%(upstream:short)%00%(objectname)%00%(upstream:track)%00%(upstream:remotename)%00%(upstream:remoteref) refs/heads/main refs/remotes/main [1ms]
2025-04-26 04:10:01.289 [info] > git for-each-ref --sort -committerdate --format %(refname)%00%(objectname)%00%(*objectname) [2ms]
2025-04-26 04:10:01.352 [info] > git status -z -uall [68ms]
2025-04-26 04:10:06.472 [info] > git config --get commit.template [4ms]
2025-04-26 04:10:06.473 [info] > git for-each-ref --format=%(refname)%00%(upstream:short)%00%(objectname)%00%(upstream:track)%00%(upstream:remotename)%00%(upstream:remoteref) refs/heads/main refs/remotes/main [2ms]
2025-04-26 04:10:06.486 [info] > git for-each-ref --sort -committerdate --format %(refname)%00%(objectname)%00%(*objectname) [8ms]
2025-04-26 04:10:06.545 [info] > git status -z -uall [70ms]
2025-04-26 04:10:11.659 [info] > git config --get commit.template [4ms]
2025-04-26 04:10:11.660 [info] > git for-each-ref --format=%(refname)%00%(upstream:short)%00%(objectname)%00%(upstream:track)%00%(upstream:remotename)%00%(upstream:remoteref) refs/heads/main refs/remotes/main [2ms]
2025-04-26 04:10:11.667 [info] > git for-each-ref --sort -committerdate --format %(refname)%00%(objectname)%00%(*objectname) [2ms]
2025-04-26 04:10:11.733 [info] > git status -z -uall [70ms]
2025-04-26 04:10:16.992 [info] > git config --get commit.template [3ms]
2025-04-26 04:10:16.993 [info] > git for-each-ref --format=%(refname)%00%(upstream:short)%00%(objectname)%00%(upstream:track)%00%(upstream:remotename)%00%(upstream:remoteref) refs/heads/main refs/remotes/main [1ms]
2025-04-26 04:10:17.000 [info] > git for-each-ref --sort -committerdate --format %(refname)%00%(objectname)%00%(*objectname) [2ms]
2025-04-26 04:10:17.061 [info] > git status -z -uall [65ms]
2025-04-26 04:10:22.167 [info] > git config --get commit.template [3ms]
2025-04-26 04:10:22.169 [info] > git for-each-ref --format=%(refname)%00%(upstream:short)%00%(objectname)%00%(upstream:track)%00%(upstream:remotename)%00%(upstream:remoteref) refs/heads/main refs/remotes/main [2ms]
2025-04-26 04:10:22.185 [info] > git for-each-ref --sort -committerdate --format %(refname)%00%(objectname)%00%(*objectname) [11ms]
2025-04-26 04:10:22.239 [info] > git status -z -uall [68ms]
2025-04-26 04:10:27.354 [info] > git config --get commit.template [4ms]
2025-04-26 04:10:27.355 [info] > git for-each-ref --format=%(refname)%00%(upstream:short)%00%(objectname)%00%(upstream:track)%00%(upstream:remotename)%00%(upstream:remoteref) refs/heads/main refs/remotes/main [2ms]
2025-04-26 04:10:27.373 [info] > git for-each-ref --sort -committerdate --format %(refname)%00%(objectname)%00%(*objectname) [9ms]
2025-04-26 04:10:27.429 [info] > git status -z -uall [69ms]
2025-04-26 04:10:36.674 [info] > git config --get commit.template [3ms]
2025-04-26 04:10:36.676 [info] > git for-each-ref --format=%(refname)%00%(upstream:short)%00%(objectname)%00%(upstream:track)%00%(upstream:remotename)%00%(upstream:remoteref) refs/heads/main refs/remotes/main [2ms]
2025-04-26 04:10:36.689 [info] > git for-each-ref --sort -committerdate --format %(refname)%00%(objectname)%00%(*objectname) [8ms]
2025-04-26 04:10:36.747 [info] > git status -z -uall [69ms]
2025-04-26 04:10:41.848 [info] > git config --get commit.template [4ms]
2025-04-26 04:10:41.849 [info] > git for-each-ref --format=%(refname)%00%(upstream:short)%00%(objectname)%00%(upstream:track)%00%(upstream:remotename)%00%(upstream:remoteref) refs/heads/main refs/remotes/main [2ms]
2025-04-26 04:10:41.856 [info] > git for-each-ref --sort -committerdate --format %(refname)%00%(objectname)%00%(*objectname) [2ms]
2025-04-26 04:10:41.918 [info] > git status -z -uall [66ms]
2025-04-26 04:10:47.018 [info] > git config --get commit.template [4ms]
2025-04-26 04:10:47.019 [info] > git for-each-ref --format=%(refname)%00%(upstream:short)%00%(objectname)%00%(upstream:track)%00%(upstream:remotename)%00%(upstream:remoteref) refs/heads/main refs/remotes/main [2ms]
2025-04-26 04:10:47.034 [info] > git for-each-ref --sort -committerdate --format %(refname)%00%(objectname)%00%(*objectname) [9ms]
2025-04-26 04:10:47.088 [info] > git status -z -uall [66ms]
2025-04-26 04:10:52.198 [info] > git config --get commit.template [4ms]
2025-04-26 04:10:52.199 [info] > git for-each-ref --format=%(refname)%00%(upstream:short)%00%(objectname)%00%(upstream:track)%00%(upstream:remotename)%00%(upstream:remoteref) refs/heads/main refs/remotes/main [2ms]
2025-04-26 04:10:52.212 [info] > git for-each-ref --sort -committerdate --format %(refname)%00%(objectname)%00%(*objectname) [7ms]
2025-04-26 04:10:52.270 [info] > git status -z -uall [68ms]
2025-04-26 04:11:13.779 [info] > git config --get commit.template [3ms]
2025-04-26 04:11:13.780 [info] > git for-each-ref --format=%(refname)%00%(upstream:short)%00%(objectname)%00%(upstream:track)%00%(upstream:remotename)%00%(upstream:remoteref) refs/heads/main refs/remotes/main [1ms]
2025-04-26 04:11:13.788 [info] > git for-each-ref --sort -committerdate --format %(refname)%00%(objectname)%00%(*objectname) [2ms]
2025-04-26 04:11:13.851 [info] > git status -z -uall [68ms]
