2025-03-14 23:07:55.481 [info] Extension host with pid 1264 started
2025-03-14 23:07:55.481 [error] Error: EEXIST: file already exists, open '/home/student/.vscode-server/data/User/workspaceStorage/255174b9c84437907369f27ac92b5bdb/vscode.lock'
2025-03-14 23:07:55.491 [info] Lock '/home/student/.vscode-server/data/User/workspaceStorage/255174b9c84437907369f27ac92b5bdb/vscode.lock': Could not acquire lock, checking if the file is stale.
2025-03-14 23:07:55.492 [info] Lock '/home/student/.vscode-server/data/User/workspaceStorage/255174b9c84437907369f27ac92b5bdb/vscode.lock': The pid 1344 appears to be gone.
2025-03-14 23:07:55.492 [info] Lock '/home/student/.vscode-server/data/User/workspaceStorage/255174b9c84437907369f27ac92b5bdb/vscode.lock': Deleting a stale lock.
2025-03-14 23:07:55.509 [info] Lock '/home/student/.vscode-server/data/User/workspaceStorage/255174b9c84437907369f27ac92b5bdb/vscode.lock': Lock acquired.
2025-03-14 23:07:55.767 [info] ExtensionService#_doActivateExtension vscode.git-base, startup: false, activationEvent: '*', root cause: vscode.git
2025-03-14 23:07:55.873 [info] ExtensionService#_doActivateExtension vscode.git, startup: false, activationEvent: '*'
2025-03-14 23:07:55.873 [info] ExtensionService#_doActivateExtension vscode.github, startup: false, activationEvent: '*'
2025-03-14 23:07:56.210 [info] Eager extensions activated
2025-03-14 23:07:56.210 [info] ExtensionService#_doActivateExtension vscode.debug-auto-launch, startup: false, activationEvent: 'onStartupFinished'
2025-03-14 23:07:56.211 [info] ExtensionService#_doActivateExtension vscode.merge-conflict, startup: false, activationEvent: 'onStartupFinished'
2025-03-14 23:07:56.434 [info] ExtensionService#_doActivateExtension vscode.emmet, startup: false, activationEvent: 'onLanguage'
2025-03-14 23:07:56.755 [warning] [Decorations] CAPPING events from decorations provider vscode.git 3030
2025-03-14 23:07:57.460 [warning] [Decorations] CAPPING events from decorations provider vscode.git 3030
2025-03-14 23:08:01.847 [warning] [Decorations] CAPPING events from decorations provider vscode.git 3030
2025-03-14 23:08:10.357 [warning] [Decorations] CAPPING events from decorations provider vscode.git 3030
2025-03-14 23:08:15.498 [warning] [Decorations] CAPPING events from decorations provider vscode.git 3030
2025-03-14 23:08:20.619 [warning] [Decorations] CAPPING events from decorations provider vscode.git 3030
2025-03-14 23:08:25.725 [warning] [Decorations] CAPPING events from decorations provider vscode.git 3030
2025-03-14 23:08:30.832 [warning] [Decorations] CAPPING events from decorations provider vscode.git 3030
2025-03-14 23:08:35.938 [warning] [Decorations] CAPPING events from decorations provider vscode.git 3030
2025-03-14 23:08:41.045 [warning] [Decorations] CAPPING events from decorations provider vscode.git 3030
2025-03-14 23:08:46.159 [warning] [Decorations] CAPPING events from decorations provider vscode.git 3030
2025-03-14 23:08:51.271 [warning] [Decorations] CAPPING events from decorations provider vscode.git 3030
2025-03-14 23:08:56.381 [warning] [Decorations] CAPPING events from decorations provider vscode.git 3030
2025-03-14 23:09:01.491 [warning] [Decorations] CAPPING events from decorations provider vscode.git 3030
2025-03-14 23:09:06.601 [warning] [Decorations] CAPPING events from decorations provider vscode.git 3030
2025-03-14 23:09:11.706 [warning] [Decorations] CAPPING events from decorations provider vscode.git 3030
2025-03-14 23:09:16.811 [warning] [Decorations] CAPPING events from decorations provider vscode.git 3030
2025-03-14 23:09:56.960 [warning] [Decorations] CAPPING events from decorations provider vscode.git 3030
2025-03-14 23:13:16.970 [warning] [Decorations] CAPPING events from decorations provider vscode.git 3030
2025-03-14 23:13:22.754 [warning] [Decorations] CAPPING events from decorations provider vscode.git 3030
2025-03-14 23:14:06.209 [warning] [Decorations] CAPPING events from decorations provider vscode.git 3030
2025-03-14 23:14:45.125 [warning] [Decorations] CAPPING events from decorations provider vscode.git 3030
2025-03-14 23:14:52.299 [warning] [Decorations] CAPPING events from decorations provider vscode.git 3030
2025-03-14 23:15:03.276 [warning] [Decorations] CAPPING events from decorations provider vscode.git 3030
2025-03-14 23:15:08.415 [warning] [Decorations] CAPPING events from decorations provider vscode.git 3030
2025-03-14 23:15:13.545 [warning] [Decorations] CAPPING events from decorations provider vscode.git 3030
2025-03-14 23:15:18.695 [warning] [Decorations] CAPPING events from decorations provider vscode.git 3030
2025-03-14 23:15:27.890 [warning] [Decorations] CAPPING events from decorations provider vscode.git 3030
2025-03-14 23:15:32.995 [warning] [Decorations] CAPPING events from decorations provider vscode.git 3030
2025-03-14 23:15:38.100 [warning] [Decorations] CAPPING events from decorations provider vscode.git 3030
2025-03-14 23:15:43.211 [warning] [Decorations] CAPPING events from decorations provider vscode.git 3030
2025-03-14 23:15:48.318 [warning] [Decorations] CAPPING events from decorations provider vscode.git 3030
2025-03-14 23:15:53.458 [warning] [Decorations] CAPPING events from decorations provider vscode.git 3030
2025-03-14 23:15:58.573 [warning] [Decorations] CAPPING events from decorations provider vscode.git 3030
2025-03-14 23:16:03.678 [warning] [Decorations] CAPPING events from decorations provider vscode.git 3030
2025-03-14 23:16:05.896 [info] ExtensionService#_doActivateExtension vscode.npm, startup: false, activationEvent: 'onTerminalQuickFixRequest:ms-vscode.npm-command'
2025-03-14 23:16:08.788 [warning] [Decorations] CAPPING events from decorations provider vscode.git 3030
2025-03-14 23:16:11.614 [info] ExtensionService#_doActivateExtension vscode.configuration-editing, startup: false, activationEvent: 'onLanguage:json'
2025-03-14 23:16:11.614 [info] ExtensionService#_doActivateExtension vscode.extension-editing, startup: false, activationEvent: 'onLanguage:json'
2025-03-14 23:16:11.614 [info] ExtensionService#_doActivateExtension vscode.json-language-features, startup: false, activationEvent: 'onLanguage:json'
2025-03-14 23:16:13.899 [warning] [Decorations] CAPPING events from decorations provider vscode.git 3031
2025-03-14 23:16:19.027 [warning] [Decorations] CAPPING events from decorations provider vscode.git 3031
2025-03-14 23:16:32.830 [warning] [Decorations] CAPPING events from decorations provider vscode.git 3031
2025-03-14 23:16:37.938 [warning] [Decorations] CAPPING events from decorations provider vscode.git 3031
2025-03-14 23:16:43.083 [warning] [Decorations] CAPPING events from decorations provider vscode.git 3031
2025-03-14 23:16:48.191 [warning] [Decorations] CAPPING events from decorations provider vscode.git 3031
2025-03-14 23:16:53.301 [warning] [Decorations] CAPPING events from decorations provider vscode.git 3031
2025-03-14 23:16:58.419 [warning] [Decorations] CAPPING events from decorations provider vscode.git 3031
2025-03-14 23:17:03.534 [warning] [Decorations] CAPPING events from decorations provider vscode.git 3031
2025-03-14 23:17:08.644 [warning] [Decorations] CAPPING events from decorations provider vscode.git 3031
2025-03-14 23:17:13.758 [warning] [Decorations] CAPPING events from decorations provider vscode.git 3031
2025-03-14 23:17:18.869 [warning] [Decorations] CAPPING events from decorations provider vscode.git 3031
2025-03-14 23:17:23.984 [warning] [Decorations] CAPPING events from decorations provider vscode.git 3031
2025-03-14 23:17:29.105 [warning] [Decorations] CAPPING events from decorations provider vscode.git 3031
2025-03-14 23:17:34.222 [warning] [Decorations] CAPPING events from decorations provider vscode.git 3031
2025-03-14 23:17:39.324 [warning] [Decorations] CAPPING events from decorations provider vscode.git 3031
2025-03-14 23:17:44.435 [warning] [Decorations] CAPPING events from decorations provider vscode.git 3031
2025-03-14 23:18:21.558 [warning] [Decorations] CAPPING events from decorations provider vscode.git 3031
2025-03-14 23:18:26.676 [warning] [Decorations] CAPPING events from decorations provider vscode.git 3031
2025-03-14 23:18:31.794 [warning] [Decorations] CAPPING events from decorations provider vscode.git 3031
2025-03-14 23:18:36.907 [warning] [Decorations] CAPPING events from decorations provider vscode.git 3031
2025-03-14 23:18:42.019 [warning] [Decorations] CAPPING events from decorations provider vscode.git 3031
2025-03-14 23:18:47.127 [warning] [Decorations] CAPPING events from decorations provider vscode.git 3031
2025-03-14 23:18:52.240 [warning] [Decorations] CAPPING events from decorations provider vscode.git 3031
2025-03-14 23:18:57.348 [warning] [Decorations] CAPPING events from decorations provider vscode.git 3031
2025-03-14 23:19:02.460 [warning] [Decorations] CAPPING events from decorations provider vscode.git 3031
2025-03-14 23:19:07.569 [warning] [Decorations] CAPPING events from decorations provider vscode.git 3031
2025-03-14 23:19:12.683 [warning] [Decorations] CAPPING events from decorations provider vscode.git 3031
2025-03-14 23:19:17.790 [warning] [Decorations] CAPPING events from decorations provider vscode.git 3031
2025-03-14 23:19:22.909 [warning] [Decorations] CAPPING events from decorations provider vscode.git 3031
2025-03-14 23:19:28.018 [warning] [Decorations] CAPPING events from decorations provider vscode.git 3031
2025-03-14 23:19:33.133 [warning] [Decorations] CAPPING events from decorations provider vscode.git 3031
2025-03-14 23:19:38.248 [warning] [Decorations] CAPPING events from decorations provider vscode.git 3031
2025-03-14 23:19:43.402 [warning] [Decorations] CAPPING events from decorations provider vscode.git 3031
2025-03-14 23:19:48.534 [warning] [Decorations] CAPPING events from decorations provider vscode.git 3031
2025-03-14 23:19:53.639 [warning] [Decorations] CAPPING events from decorations provider vscode.git 3031
2025-03-14 23:19:58.751 [warning] [Decorations] CAPPING events from decorations provider vscode.git 3031
2025-03-14 23:20:03.865 [warning] [Decorations] CAPPING events from decorations provider vscode.git 3031
2025-03-14 23:20:08.978 [warning] [Decorations] CAPPING events from decorations provider vscode.git 3031
2025-03-14 23:20:14.087 [warning] [Decorations] CAPPING events from decorations provider vscode.git 3031
2025-03-14 23:20:19.198 [warning] [Decorations] CAPPING events from decorations provider vscode.git 3031
2025-03-14 23:20:24.312 [warning] [Decorations] CAPPING events from decorations provider vscode.git 3031
2025-03-14 23:20:29.421 [warning] [Decorations] CAPPING events from decorations provider vscode.git 3031
2025-03-14 23:20:34.537 [warning] [Decorations] CAPPING events from decorations provider vscode.git 3031
2025-03-14 23:20:39.647 [warning] [Decorations] CAPPING events from decorations provider vscode.git 3031
2025-03-14 23:20:44.758 [warning] [Decorations] CAPPING events from decorations provider vscode.git 3031
2025-03-14 23:20:49.867 [warning] [Decorations] CAPPING events from decorations provider vscode.git 3031
2025-03-14 23:20:54.974 [warning] [Decorations] CAPPING events from decorations provider vscode.git 3031
2025-03-14 23:21:00.090 [warning] [Decorations] CAPPING events from decorations provider vscode.git 3031
2025-03-14 23:21:05.198 [warning] [Decorations] CAPPING events from decorations provider vscode.git 3031
2025-03-14 23:21:10.303 [warning] [Decorations] CAPPING events from decorations provider vscode.git 3031
2025-03-14 23:21:15.417 [warning] [Decorations] CAPPING events from decorations provider vscode.git 3031
2025-03-14 23:21:20.532 [warning] [Decorations] CAPPING events from decorations provider vscode.git 3031
2025-03-14 23:21:25.643 [warning] [Decorations] CAPPING events from decorations provider vscode.git 3031
2025-03-14 23:21:30.750 [warning] [Decorations] CAPPING events from decorations provider vscode.git 3031
2025-03-14 23:21:35.866 [warning] [Decorations] CAPPING events from decorations provider vscode.git 3031
2025-03-14 23:21:40.974 [warning] [Decorations] CAPPING events from decorations provider vscode.git 3031
2025-03-14 23:21:46.085 [warning] [Decorations] CAPPING events from decorations provider vscode.git 3031
2025-03-14 23:21:51.192 [warning] [Decorations] CAPPING events from decorations provider vscode.git 3031
2025-03-14 23:21:56.293 [warning] [Decorations] CAPPING events from decorations provider vscode.git 3031
2025-03-14 23:22:01.403 [warning] [Decorations] CAPPING events from decorations provider vscode.git 3031
2025-03-14 23:22:06.507 [warning] [Decorations] CAPPING events from decorations provider vscode.git 3031
2025-03-14 23:22:11.612 [warning] [Decorations] CAPPING events from decorations provider vscode.git 3031
2025-03-14 23:22:16.719 [warning] [Decorations] CAPPING events from decorations provider vscode.git 3031
2025-03-14 23:22:21.860 [warning] [Decorations] CAPPING events from decorations provider vscode.git 3031
2025-03-14 23:22:26.964 [warning] [Decorations] CAPPING events from decorations provider vscode.git 3031
2025-03-14 23:22:32.076 [warning] [Decorations] CAPPING events from decorations provider vscode.git 3031
2025-03-14 23:22:37.182 [warning] [Decorations] CAPPING events from decorations provider vscode.git 3031
2025-03-14 23:22:42.295 [warning] [Decorations] CAPPING events from decorations provider vscode.git 3031
2025-03-14 23:22:47.396 [warning] [Decorations] CAPPING events from decorations provider vscode.git 3031
2025-03-14 23:23:13.209 [warning] [Decorations] CAPPING events from decorations provider vscode.git 3031
2025-03-14 23:23:21.720 [warning] [Decorations] CAPPING events from decorations provider vscode.git 3031
2025-03-14 23:23:26.829 [warning] [Decorations] CAPPING events from decorations provider vscode.git 3031
2025-03-14 23:23:31.938 [warning] [Decorations] CAPPING events from decorations provider vscode.git 3031
2025-03-14 23:23:37.041 [warning] [Decorations] CAPPING events from decorations provider vscode.git 3031
2025-03-14 23:23:42.154 [warning] [Decorations] CAPPING events from decorations provider vscode.git 3031
2025-03-14 23:23:47.260 [warning] [Decorations] CAPPING events from decorations provider vscode.git 3031
2025-03-14 23:23:52.367 [warning] [Decorations] CAPPING events from decorations provider vscode.git 3031
2025-03-14 23:23:57.469 [warning] [Decorations] CAPPING events from decorations provider vscode.git 3031
2025-03-14 23:24:02.576 [warning] [Decorations] CAPPING events from decorations provider vscode.git 3031
2025-03-14 23:24:07.683 [warning] [Decorations] CAPPING events from decorations provider vscode.git 3031
2025-03-14 23:24:12.794 [warning] [Decorations] CAPPING events from decorations provider vscode.git 3031
2025-03-14 23:24:17.903 [warning] [Decorations] CAPPING events from decorations provider vscode.git 3031
2025-03-14 23:24:23.014 [warning] [Decorations] CAPPING events from decorations provider vscode.git 3031
2025-03-14 23:24:28.125 [warning] [Decorations] CAPPING events from decorations provider vscode.git 3031
2025-03-14 23:24:33.233 [warning] [Decorations] CAPPING events from decorations provider vscode.git 3031
2025-03-14 23:24:38.336 [warning] [Decorations] CAPPING events from decorations provider vscode.git 3031
2025-03-14 23:24:43.479 [warning] [Decorations] CAPPING events from decorations provider vscode.git 3031
2025-03-14 23:24:48.614 [warning] [Decorations] CAPPING events from decorations provider vscode.git 3031
2025-03-14 23:24:53.716 [warning] [Decorations] CAPPING events from decorations provider vscode.git 3031
2025-03-14 23:24:58.824 [warning] [Decorations] CAPPING events from decorations provider vscode.git 3031
2025-03-14 23:25:03.930 [warning] [Decorations] CAPPING events from decorations provider vscode.git 3031
2025-03-14 23:25:23.947 [warning] [Decorations] CAPPING events from decorations provider vscode.git 3031
2025-03-14 23:25:29.060 [warning] [Decorations] CAPPING events from decorations provider vscode.git 3031
2025-03-14 23:25:34.170 [warning] [Decorations] CAPPING events from decorations provider vscode.git 3031
2025-03-14 23:25:40.997 [warning] [Decorations] CAPPING events from decorations provider vscode.git 3031
2025-03-14 23:25:46.099 [warning] [Decorations] CAPPING events from decorations provider vscode.git 3031
2025-03-14 23:25:51.204 [warning] [Decorations] CAPPING events from decorations provider vscode.git 3031
2025-03-14 23:25:56.306 [warning] [Decorations] CAPPING events from decorations provider vscode.git 3031
2025-03-14 23:26:01.411 [warning] [Decorations] CAPPING events from decorations provider vscode.git 3031
2025-03-14 23:26:06.514 [warning] [Decorations] CAPPING events from decorations provider vscode.git 3031
2025-03-14 23:26:11.621 [warning] [Decorations] CAPPING events from decorations provider vscode.git 3031
2025-03-14 23:26:16.723 [warning] [Decorations] CAPPING events from decorations provider vscode.git 3031
2025-03-14 23:26:21.829 [warning] [Decorations] CAPPING events from decorations provider vscode.git 3031
2025-03-14 23:26:26.932 [warning] [Decorations] CAPPING events from decorations provider vscode.git 3031
2025-03-14 23:26:32.038 [warning] [Decorations] CAPPING events from decorations provider vscode.git 3031
2025-03-14 23:26:37.142 [warning] [Decorations] CAPPING events from decorations provider vscode.git 3031
2025-03-14 23:26:42.248 [warning] [Decorations] CAPPING events from decorations provider vscode.git 3031
2025-03-14 23:26:47.352 [warning] [Decorations] CAPPING events from decorations provider vscode.git 3031
2025-03-14 23:27:07.689 [warning] [Decorations] CAPPING events from decorations provider vscode.git 3031
2025-03-14 23:27:12.797 [warning] [Decorations] CAPPING events from decorations provider vscode.git 3031
2025-03-14 23:27:17.904 [warning] [Decorations] CAPPING events from decorations provider vscode.git 3031
2025-03-14 23:27:23.006 [warning] [Decorations] CAPPING events from decorations provider vscode.git 3031
2025-03-14 23:27:28.106 [warning] [Decorations] CAPPING events from decorations provider vscode.git 3031
2025-03-14 23:27:33.213 [warning] [Decorations] CAPPING events from decorations provider vscode.git 3031
2025-03-14 23:27:38.316 [warning] [Decorations] CAPPING events from decorations provider vscode.git 3031
2025-03-14 23:27:43.422 [warning] [Decorations] CAPPING events from decorations provider vscode.git 3031
2025-03-14 23:27:48.523 [warning] [Decorations] CAPPING events from decorations provider vscode.git 3031
2025-03-14 23:27:53.628 [warning] [Decorations] CAPPING events from decorations provider vscode.git 3031
2025-03-14 23:27:58.732 [warning] [Decorations] CAPPING events from decorations provider vscode.git 3031
2025-03-14 23:28:03.837 [warning] [Decorations] CAPPING events from decorations provider vscode.git 3031
2025-03-14 23:28:08.939 [warning] [Decorations] CAPPING events from decorations provider vscode.git 3031
2025-03-14 23:28:14.044 [warning] [Decorations] CAPPING events from decorations provider vscode.git 3031
2025-03-14 23:28:19.146 [warning] [Decorations] CAPPING events from decorations provider vscode.git 3031
2025-03-14 23:28:24.249 [warning] [Decorations] CAPPING events from decorations provider vscode.git 3031
2025-03-14 23:28:29.353 [warning] [Decorations] CAPPING events from decorations provider vscode.git 3031
2025-03-14 23:28:34.459 [warning] [Decorations] CAPPING events from decorations provider vscode.git 3031
2025-03-14 23:28:39.564 [warning] [Decorations] CAPPING events from decorations provider vscode.git 3031
2025-03-14 23:28:44.671 [warning] [Decorations] CAPPING events from decorations provider vscode.git 3031
2025-03-14 23:28:49.776 [warning] [Decorations] CAPPING events from decorations provider vscode.git 3031
2025-03-14 23:30:12.686 [warning] [Decorations] CAPPING events from decorations provider vscode.git 3031
2025-03-14 23:30:17.795 [warning] [Decorations] CAPPING events from decorations provider vscode.git 3031
