2025-03-08 00:19:28.026 [info] [main] Log level: Info
2025-03-08 00:19:28.026 [info] [main] Validating found git in: "git"
2025-03-08 00:19:28.026 [info] [main] Using git "2.34.1" from "git"
2025-03-08 00:19:28.026 [info] [Model][doInitialScan] Initial repository scan started
2025-03-08 00:19:28.026 [info] > git rev-parse --show-toplevel [34ms]
2025-03-08 00:19:28.026 [info] > git rev-parse --git-dir --git-common-dir [2ms]
2025-03-08 00:19:28.026 [info] [Model][openRepository] Opened repository: /home/student
2025-03-08 00:19:28.026 [info] > git config --get commit.template [5ms]
2025-03-08 00:19:28.026 [info] > git rev-parse --show-toplevel [4ms]
2025-03-08 00:19:28.026 [info] > git for-each-ref --format=%(refname)%00%(upstream:short)%00%(objectname)%00%(upstream:track)%00%(upstream:remotename)%00%(upstream:remoteref) refs/heads/main refs/remotes/main [5ms]
2025-03-08 00:19:28.026 [info] > git rev-parse --show-toplevel [2ms]
2025-03-08 00:19:28.026 [info] > git rev-parse --show-toplevel [26ms]
2025-03-08 00:19:28.026 [info] > git for-each-ref --sort -committerdate --format %(refname) %(objectname) %(*objectname) [14ms]
2025-03-08 00:19:28.026 [info] > git status -z -uall [65ms]
2025-03-08 00:19:28.026 [info] > git rev-parse --show-toplevel [87ms]
2025-03-08 00:19:28.026 [info] [Model][doInitialScan] Initial repository scan completed - repositories (1), closed repositories (0), parent repositories (0), unsafe repositories (0)
2025-03-08 00:19:28.026 [info] > git for-each-ref --format=%(refname)%00%(upstream:short)%00%(objectname)%00%(upstream:track)%00%(upstream:remotename)%00%(upstream:remoteref) refs/heads/main refs/remotes/main [40ms]
2025-03-08 00:19:28.026 [info] > git config --get commit.template [33ms]
2025-03-08 00:19:28.026 [info] > git config --get --local branch.main.vscode-merge-base [2ms]
2025-03-08 00:19:28.026 [warning] [Git][config] git config failed: Failed to execute git
2025-03-08 00:19:28.027 [info] > git reflog main --grep-reflog=branch: Created from *. [4ms]
2025-03-08 00:19:28.030 [info] > git for-each-ref --format=%(refname)%00%(upstream:short)%00%(objectname)%00%(upstream:track)%00%(upstream:remotename)%00%(upstream:remoteref) refs/heads/main refs/remotes/main [4ms]
2025-03-08 00:19:28.032 [info] > git symbolic-ref --short refs/remotes/origin/HEAD [1ms]
2025-03-08 00:19:28.032 [info] fatal: ref refs/remotes/origin/HEAD is not a symbolic ref
2025-03-08 00:19:28.032 [warning] [Repository][getDefaultBranch] Failed to get default branch details: Failed to execute git.
2025-03-08 00:19:28.200 [info] > git merge-base refs/heads/main refs/remotes/origin/main [165ms]
2025-03-08 00:19:28.212 [info] > git for-each-ref --sort -committerdate --format %(refname) %(objectname) %(*objectname) [2ms]
2025-03-08 00:19:28.217 [info] > git diff --name-status -z --diff-filter=ADMR 7ebd56723eb290d785ff9d03833ad42fcecfe631...refs/remotes/origin/main [13ms]
2025-03-08 00:19:28.256 [info] > git status -z -uall [49ms]
2025-03-08 00:19:28.658 [info] > git check-ignore -v -z --stdin [166ms]
2025-03-08 00:19:30.198 [info] > git config --get commit.template [4ms]
2025-03-08 00:19:30.199 [info] > git for-each-ref --format=%(refname)%00%(upstream:short)%00%(objectname)%00%(upstream:track)%00%(upstream:remotename)%00%(upstream:remoteref) refs/heads/main refs/remotes/main [2ms]
2025-03-08 00:19:30.212 [info] > git for-each-ref --sort -committerdate --format %(refname) %(objectname) %(*objectname) [7ms]
2025-03-08 00:19:30.249 [info] > git status -z -uall [47ms]
2025-03-08 00:19:35.272 [info] > git config --get commit.template [3ms]
2025-03-08 00:19:35.273 [info] > git for-each-ref --format=%(refname)%00%(upstream:short)%00%(objectname)%00%(upstream:track)%00%(upstream:remotename)%00%(upstream:remoteref) refs/heads/main refs/remotes/main [2ms]
2025-03-08 00:19:35.287 [info] > git for-each-ref --sort -committerdate --format %(refname) %(objectname) %(*objectname) [8ms]
2025-03-08 00:19:35.324 [info] > git status -z -uall [47ms]
2025-03-08 00:19:40.345 [info] > git config --get commit.template [4ms]
2025-03-08 00:19:40.346 [info] > git for-each-ref --format=%(refname)%00%(upstream:short)%00%(objectname)%00%(upstream:track)%00%(upstream:remotename)%00%(upstream:remoteref) refs/heads/main refs/remotes/main [2ms]
2025-03-08 00:19:40.359 [info] > git for-each-ref --sort -committerdate --format %(refname) %(objectname) %(*objectname) [7ms]
2025-03-08 00:19:40.398 [info] > git status -z -uall [49ms]
2025-03-08 00:19:45.419 [info] > git config --get commit.template [3ms]
2025-03-08 00:19:45.419 [info] > git for-each-ref --format=%(refname)%00%(upstream:short)%00%(objectname)%00%(upstream:track)%00%(upstream:remotename)%00%(upstream:remoteref) refs/heads/main refs/remotes/main [1ms]
2025-03-08 00:19:45.427 [info] > git for-each-ref --sort -committerdate --format %(refname) %(objectname) %(*objectname) [2ms]
2025-03-08 00:19:45.469 [info] > git status -z -uall [47ms]
2025-03-08 00:19:50.491 [info] > git config --get commit.template [4ms]
2025-03-08 00:19:50.492 [info] > git for-each-ref --format=%(refname)%00%(upstream:short)%00%(objectname)%00%(upstream:track)%00%(upstream:remotename)%00%(upstream:remoteref) refs/heads/main refs/remotes/main [2ms]
2025-03-08 00:19:50.506 [info] > git for-each-ref --sort -committerdate --format %(refname) %(objectname) %(*objectname) [8ms]
2025-03-08 00:19:50.541 [info] > git status -z -uall [46ms]
2025-03-08 00:19:55.564 [info] > git config --get commit.template [4ms]
2025-03-08 00:19:55.565 [info] > git for-each-ref --format=%(refname)%00%(upstream:short)%00%(objectname)%00%(upstream:track)%00%(upstream:remotename)%00%(upstream:remoteref) refs/heads/main refs/remotes/main [2ms]
2025-03-08 00:19:55.572 [info] > git for-each-ref --sort -committerdate --format %(refname) %(objectname) %(*objectname) [2ms]
2025-03-08 00:19:55.614 [info] > git status -z -uall [47ms]
2025-03-08 00:20:00.634 [info] > git config --get commit.template [4ms]
2025-03-08 00:20:00.635 [info] > git for-each-ref --format=%(refname)%00%(upstream:short)%00%(objectname)%00%(upstream:track)%00%(upstream:remotename)%00%(upstream:remoteref) refs/heads/main refs/remotes/main [1ms]
2025-03-08 00:20:00.647 [info] > git for-each-ref --sort -committerdate --format %(refname) %(objectname) %(*objectname) [7ms]
2025-03-08 00:20:00.686 [info] > git status -z -uall [49ms]
2025-03-08 00:20:12.115 [info] > git config --get commit.template [1ms]
2025-03-08 00:20:12.119 [info] > git for-each-ref --format=%(refname)%00%(upstream:short)%00%(objectname)%00%(upstream:track)%00%(upstream:remotename)%00%(upstream:remoteref) refs/heads/main refs/remotes/main [2ms]
2025-03-08 00:20:12.127 [info] > git for-each-ref --sort -committerdate --format %(refname) %(objectname) %(*objectname) [2ms]
2025-03-08 00:20:12.169 [info] > git status -z -uall [47ms]
2025-03-08 00:20:17.191 [info] > git config --get commit.template [4ms]
2025-03-08 00:20:17.192 [info] > git for-each-ref --format=%(refname)%00%(upstream:short)%00%(objectname)%00%(upstream:track)%00%(upstream:remotename)%00%(upstream:remoteref) refs/heads/main refs/remotes/main [2ms]
2025-03-08 00:20:17.200 [info] > git for-each-ref --sort -committerdate --format %(refname) %(objectname) %(*objectname) [2ms]
2025-03-08 00:20:17.242 [info] > git status -z -uall [47ms]
2025-03-08 00:20:22.263 [info] > git config --get commit.template [3ms]
2025-03-08 00:20:22.264 [info] > git for-each-ref --format=%(refname)%00%(upstream:short)%00%(objectname)%00%(upstream:track)%00%(upstream:remotename)%00%(upstream:remoteref) refs/heads/main refs/remotes/main [2ms]
2025-03-08 00:20:22.277 [info] > git for-each-ref --sort -committerdate --format %(refname) %(objectname) %(*objectname) [6ms]
2025-03-08 00:20:22.317 [info] > git status -z -uall [50ms]
2025-03-08 00:20:29.484 [info] > git config --get commit.template [3ms]
2025-03-08 00:20:29.484 [info] > git for-each-ref --format=%(refname)%00%(upstream:short)%00%(objectname)%00%(upstream:track)%00%(upstream:remotename)%00%(upstream:remoteref) refs/heads/main refs/remotes/main [1ms]
2025-03-08 00:20:29.497 [info] > git for-each-ref --sort -committerdate --format %(refname) %(objectname) %(*objectname) [7ms]
2025-03-08 00:20:29.535 [info] > git status -z -uall [47ms]
2025-03-08 00:20:34.557 [info] > git config --get commit.template [3ms]
2025-03-08 00:20:34.558 [info] > git for-each-ref --format=%(refname)%00%(upstream:short)%00%(objectname)%00%(upstream:track)%00%(upstream:remotename)%00%(upstream:remoteref) refs/heads/main refs/remotes/main [1ms]
2025-03-08 00:20:34.572 [info] > git for-each-ref --sort -committerdate --format %(refname) %(objectname) %(*objectname) [7ms]
2025-03-08 00:20:34.608 [info] > git status -z -uall [47ms]
2025-03-08 00:20:42.935 [info] > git config --get commit.template [4ms]
2025-03-08 00:20:42.936 [info] > git for-each-ref --format=%(refname)%00%(upstream:short)%00%(objectname)%00%(upstream:track)%00%(upstream:remotename)%00%(upstream:remoteref) refs/heads/main refs/remotes/main [1ms]
2025-03-08 00:20:42.944 [info] > git for-each-ref --sort -committerdate --format %(refname) %(objectname) %(*objectname) [2ms]
2025-03-08 00:20:42.987 [info] > git status -z -uall [48ms]
2025-03-08 00:20:48.009 [info] > git config --get commit.template [4ms]
2025-03-08 00:20:48.010 [info] > git for-each-ref --format=%(refname)%00%(upstream:short)%00%(objectname)%00%(upstream:track)%00%(upstream:remotename)%00%(upstream:remoteref) refs/heads/main refs/remotes/main [2ms]
2025-03-08 00:20:48.023 [info] > git for-each-ref --sort -committerdate --format %(refname) %(objectname) %(*objectname) [7ms]
2025-03-08 00:20:48.061 [info] > git status -z -uall [48ms]
2025-03-08 00:20:57.401 [info] > git config --get commit.template [3ms]
2025-03-08 00:20:57.402 [info] > git for-each-ref --format=%(refname)%00%(upstream:short)%00%(objectname)%00%(upstream:track)%00%(upstream:remotename)%00%(upstream:remoteref) refs/heads/main refs/remotes/main [2ms]
2025-03-08 00:20:57.413 [info] > git for-each-ref --sort -committerdate --format %(refname) %(objectname) %(*objectname) [6ms]
2025-03-08 00:20:57.452 [info] > git status -z -uall [47ms]
2025-03-08 00:20:58.413 [info] > git check-ignore -v -z --stdin [3ms]
2025-03-08 00:21:02.472 [info] > git config --get commit.template [3ms]
2025-03-08 00:21:02.473 [info] > git for-each-ref --format=%(refname)%00%(upstream:short)%00%(objectname)%00%(upstream:track)%00%(upstream:remotename)%00%(upstream:remoteref) refs/heads/main refs/remotes/main [2ms]
2025-03-08 00:21:02.484 [info] > git for-each-ref --sort -committerdate --format %(refname) %(objectname) %(*objectname) [5ms]
2025-03-08 00:21:02.523 [info] > git status -z -uall [47ms]
2025-03-08 00:21:07.544 [info] > git config --get commit.template [4ms]
2025-03-08 00:21:07.545 [info] > git for-each-ref --format=%(refname)%00%(upstream:short)%00%(objectname)%00%(upstream:track)%00%(upstream:remotename)%00%(upstream:remoteref) refs/heads/main refs/remotes/main [2ms]
2025-03-08 00:21:07.559 [info] > git for-each-ref --sort -committerdate --format %(refname) %(objectname) %(*objectname) [8ms]
2025-03-08 00:21:07.595 [info] > git status -z -uall [47ms]
2025-03-08 00:21:12.616 [info] > git config --get commit.template [3ms]
2025-03-08 00:21:12.617 [info] > git for-each-ref --format=%(refname)%00%(upstream:short)%00%(objectname)%00%(upstream:track)%00%(upstream:remotename)%00%(upstream:remoteref) refs/heads/main refs/remotes/main [1ms]
2025-03-08 00:21:12.627 [info] > git for-each-ref --sort -committerdate --format %(refname) %(objectname) %(*objectname) [4ms]
2025-03-08 00:21:12.667 [info] > git status -z -uall [47ms]
2025-03-08 00:21:17.690 [info] > git config --get commit.template [3ms]
2025-03-08 00:21:17.691 [info] > git for-each-ref --format=%(refname)%00%(upstream:short)%00%(objectname)%00%(upstream:track)%00%(upstream:remotename)%00%(upstream:remoteref) refs/heads/main refs/remotes/main [2ms]
2025-03-08 00:21:17.704 [info] > git for-each-ref --sort -committerdate --format %(refname) %(objectname) %(*objectname) [7ms]
2025-03-08 00:21:17.743 [info] > git status -z -uall [49ms]
2025-03-08 00:21:22.764 [info] > git config --get commit.template [4ms]
2025-03-08 00:21:22.765 [info] > git for-each-ref --format=%(refname)%00%(upstream:short)%00%(objectname)%00%(upstream:track)%00%(upstream:remotename)%00%(upstream:remoteref) refs/heads/main refs/remotes/main [2ms]
2025-03-08 00:21:22.772 [info] > git for-each-ref --sort -committerdate --format %(refname) %(objectname) %(*objectname) [2ms]
2025-03-08 00:21:22.817 [info] > git status -z -uall [49ms]
2025-03-08 00:21:27.838 [info] > git config --get commit.template [3ms]
2025-03-08 00:21:27.839 [info] > git for-each-ref --format=%(refname)%00%(upstream:short)%00%(objectname)%00%(upstream:track)%00%(upstream:remotename)%00%(upstream:remoteref) refs/heads/main refs/remotes/main [1ms]
2025-03-08 00:21:27.854 [info] > git for-each-ref --sort -committerdate --format %(refname) %(objectname) %(*objectname) [9ms]
2025-03-08 00:21:27.894 [info] > git status -z -uall [52ms]
2025-03-08 00:21:32.917 [info] > git config --get commit.template [4ms]
2025-03-08 00:21:32.917 [info] > git for-each-ref --format=%(refname)%00%(upstream:short)%00%(objectname)%00%(upstream:track)%00%(upstream:remotename)%00%(upstream:remoteref) refs/heads/main refs/remotes/main [1ms]
2025-03-08 00:21:32.926 [info] > git for-each-ref --sort -committerdate --format %(refname) %(objectname) %(*objectname) [2ms]
2025-03-08 00:21:32.969 [info] > git status -z -uall [48ms]
2025-03-08 00:21:42.960 [info] > git config --get commit.template [3ms]
2025-03-08 00:21:42.961 [info] > git for-each-ref --format=%(refname)%00%(upstream:short)%00%(objectname)%00%(upstream:track)%00%(upstream:remotename)%00%(upstream:remoteref) refs/heads/main refs/remotes/main [2ms]
2025-03-08 00:21:42.969 [info] > git for-each-ref --sort -committerdate --format %(refname) %(objectname) %(*objectname) [1ms]
2025-03-08 00:21:43.010 [info] > git status -z -uall [45ms]
2025-03-08 00:21:49.734 [info] > git config --get commit.template [4ms]
2025-03-08 00:21:49.736 [info] > git for-each-ref --format=%(refname)%00%(upstream:short)%00%(objectname)%00%(upstream:track)%00%(upstream:remotename)%00%(upstream:remoteref) refs/heads/main refs/remotes/main [1ms]
2025-03-08 00:21:49.750 [info] > git for-each-ref --sort -committerdate --format %(refname) %(objectname) %(*objectname) [8ms]
2025-03-08 00:21:49.787 [info] > git status -z -uall [48ms]
2025-03-08 00:21:58.622 [info] > git config --get commit.template [4ms]
2025-03-08 00:21:58.623 [info] > git for-each-ref --format=%(refname)%00%(upstream:short)%00%(objectname)%00%(upstream:track)%00%(upstream:remotename)%00%(upstream:remoteref) refs/heads/main refs/remotes/main [2ms]
2025-03-08 00:21:58.635 [info] > git for-each-ref --sort -committerdate --format %(refname) %(objectname) %(*objectname) [6ms]
2025-03-08 00:21:58.674 [info] > git status -z -uall [48ms]
2025-03-08 00:22:03.701 [info] > git config --get commit.template [4ms]
2025-03-08 00:22:03.702 [info] > git for-each-ref --format=%(refname)%00%(upstream:short)%00%(objectname)%00%(upstream:track)%00%(upstream:remotename)%00%(upstream:remoteref) refs/heads/main refs/remotes/main [2ms]
2025-03-08 00:22:03.710 [info] > git for-each-ref --sort -committerdate --format %(refname) %(objectname) %(*objectname) [2ms]
2025-03-08 00:22:03.756 [info] > git status -z -uall [51ms]
2025-03-08 00:22:08.780 [info] > git config --get commit.template [3ms]
2025-03-08 00:22:08.781 [info] > git for-each-ref --format=%(refname)%00%(upstream:short)%00%(objectname)%00%(upstream:track)%00%(upstream:remotename)%00%(upstream:remoteref) refs/heads/main refs/remotes/main [2ms]
2025-03-08 00:22:08.788 [info] > git for-each-ref --sort -committerdate --format %(refname) %(objectname) %(*objectname) [2ms]
2025-03-08 00:22:08.833 [info] > git status -z -uall [50ms]
2025-03-08 00:22:13.852 [info] > git config --get commit.template [4ms]
2025-03-08 00:22:13.853 [info] > git for-each-ref --format=%(refname)%00%(upstream:short)%00%(objectname)%00%(upstream:track)%00%(upstream:remotename)%00%(upstream:remoteref) refs/heads/main refs/remotes/main [1ms]
2025-03-08 00:22:13.868 [info] > git for-each-ref --sort -committerdate --format %(refname) %(objectname) %(*objectname) [8ms]
2025-03-08 00:22:13.906 [info] > git status -z -uall [49ms]
2025-03-08 00:22:23.268 [info] > git config --get commit.template [3ms]
2025-03-08 00:22:23.269 [info] > git for-each-ref --format=%(refname)%00%(upstream:short)%00%(objectname)%00%(upstream:track)%00%(upstream:remotename)%00%(upstream:remoteref) refs/heads/main refs/remotes/main [1ms]
2025-03-08 00:22:23.279 [info] > git for-each-ref --sort -committerdate --format %(refname) %(objectname) %(*objectname) [5ms]
2025-03-08 00:22:23.320 [info] > git status -z -uall [48ms]
2025-03-08 00:22:28.340 [info] > git config --get commit.template [4ms]
2025-03-08 00:22:28.341 [info] > git for-each-ref --format=%(refname)%00%(upstream:short)%00%(objectname)%00%(upstream:track)%00%(upstream:remotename)%00%(upstream:remoteref) refs/heads/main refs/remotes/main [2ms]
2025-03-08 00:22:28.349 [info] > git for-each-ref --sort -committerdate --format %(refname) %(objectname) %(*objectname) [2ms]
2025-03-08 00:22:28.392 [info] > git status -z -uall [48ms]
2025-03-08 00:22:55.594 [info] > git config --get commit.template [4ms]
2025-03-08 00:22:55.595 [info] > git for-each-ref --format=%(refname)%00%(upstream:short)%00%(objectname)%00%(upstream:track)%00%(upstream:remotename)%00%(upstream:remoteref) refs/heads/main refs/remotes/main [1ms]
2025-03-08 00:22:55.610 [info] > git for-each-ref --sort -committerdate --format %(refname) %(objectname) %(*objectname) [5ms]
2025-03-08 00:22:55.646 [info] > git status -z -uall [49ms]
2025-03-08 00:23:09.045 [info] > git config --get commit.template [4ms]
2025-03-08 00:23:09.046 [info] > git for-each-ref --format=%(refname)%00%(upstream:short)%00%(objectname)%00%(upstream:track)%00%(upstream:remotename)%00%(upstream:remoteref) refs/heads/main refs/remotes/main [2ms]
2025-03-08 00:23:09.063 [info] > git for-each-ref --sort -committerdate --format %(refname) %(objectname) %(*objectname) [2ms]
2025-03-08 00:23:09.101 [info] > git status -z -uall [51ms]
2025-03-08 00:23:14.127 [info] > git config --get commit.template [3ms]
2025-03-08 00:23:14.128 [info] > git for-each-ref --format=%(refname)%00%(upstream:short)%00%(objectname)%00%(upstream:track)%00%(upstream:remotename)%00%(upstream:remoteref) refs/heads/main refs/remotes/main [1ms]
2025-03-08 00:23:14.136 [info] > git for-each-ref --sort -committerdate --format %(refname) %(objectname) %(*objectname) [2ms]
2025-03-08 00:23:14.179 [info] > git status -z -uall [48ms]
2025-03-08 00:23:31.226 [info] > git config --get commit.template [4ms]
2025-03-08 00:23:31.227 [info] > git for-each-ref --format=%(refname)%00%(upstream:short)%00%(objectname)%00%(upstream:track)%00%(upstream:remotename)%00%(upstream:remoteref) refs/heads/main refs/remotes/main [2ms]
2025-03-08 00:23:31.241 [info] > git for-each-ref --sort -committerdate --format %(refname) %(objectname) %(*objectname) [7ms]
2025-03-08 00:23:31.279 [info] > git status -z -uall [48ms]
2025-03-08 00:23:37.415 [info] > git config --get commit.template [3ms]
2025-03-08 00:23:37.415 [info] > git for-each-ref --format=%(refname)%00%(upstream:short)%00%(objectname)%00%(upstream:track)%00%(upstream:remotename)%00%(upstream:remoteref) refs/heads/main refs/remotes/main [1ms]
2025-03-08 00:23:37.425 [info] > git for-each-ref --sort -committerdate --format %(refname) %(objectname) %(*objectname) [4ms]
2025-03-08 00:23:37.465 [info] > git status -z -uall [46ms]
2025-03-08 00:23:42.492 [info] > git config --get commit.template [3ms]
2025-03-08 00:23:42.493 [info] > git for-each-ref --format=%(refname)%00%(upstream:short)%00%(objectname)%00%(upstream:track)%00%(upstream:remotename)%00%(upstream:remoteref) refs/heads/main refs/remotes/main [1ms]
2025-03-08 00:23:42.503 [info] > git for-each-ref --sort -committerdate --format %(refname) %(objectname) %(*objectname) [4ms]
2025-03-08 00:23:42.544 [info] > git status -z -uall [48ms]
2025-03-08 00:23:58.762 [info] > git config --get commit.template [5ms]
2025-03-08 00:23:58.774 [info] > git for-each-ref --format=%(refname)%00%(upstream:short)%00%(objectname)%00%(upstream:track)%00%(upstream:remotename)%00%(upstream:remoteref) refs/heads/main refs/remotes/main [2ms]
2025-03-08 00:23:58.797 [info] > git for-each-ref --sort -committerdate --format %(refname) %(objectname) %(*objectname) [1ms]
2025-03-08 00:23:58.845 [info] > git status -z -uall [64ms]
2025-03-08 00:24:03.869 [info] > git config --get commit.template [3ms]
2025-03-08 00:24:03.870 [info] > git for-each-ref --format=%(refname)%00%(upstream:short)%00%(objectname)%00%(upstream:track)%00%(upstream:remotename)%00%(upstream:remoteref) refs/heads/main refs/remotes/main [2ms]
2025-03-08 00:24:03.882 [info] > git for-each-ref --sort -committerdate --format %(refname) %(objectname) %(*objectname) [7ms]
2025-03-08 00:24:03.920 [info] > git status -z -uall [48ms]
2025-03-08 00:24:30.008 [info] > git config --get commit.template [3ms]
2025-03-08 00:24:30.009 [info] > git for-each-ref --format=%(refname)%00%(upstream:short)%00%(objectname)%00%(upstream:track)%00%(upstream:remotename)%00%(upstream:remoteref) refs/heads/main refs/remotes/main [1ms]
2025-03-08 00:24:30.018 [info] > git for-each-ref --sort -committerdate --format %(refname) %(objectname) %(*objectname) [5ms]
2025-03-08 00:24:30.057 [info] > git status -z -uall [46ms]
2025-03-08 00:24:35.103 [info] > git config --get commit.template [4ms]
2025-03-08 00:24:35.104 [info] > git for-each-ref --format=%(refname)%00%(upstream:short)%00%(objectname)%00%(upstream:track)%00%(upstream:remotename)%00%(upstream:remoteref) refs/heads/main refs/remotes/main [2ms]
2025-03-08 00:24:35.118 [info] > git for-each-ref --sort -committerdate --format %(refname) %(objectname) %(*objectname) [2ms]
2025-03-08 00:24:35.154 [info] > git status -z -uall [47ms]
2025-03-08 00:25:02.242 [info] > git config --get commit.template [4ms]
2025-03-08 00:25:02.243 [info] > git for-each-ref --format=%(refname)%00%(upstream:short)%00%(objectname)%00%(upstream:track)%00%(upstream:remotename)%00%(upstream:remoteref) refs/heads/main refs/remotes/main [2ms]
2025-03-08 00:25:02.251 [info] > git for-each-ref --sort -committerdate --format %(refname) %(objectname) %(*objectname) [2ms]
2025-03-08 00:25:02.295 [info] > git status -z -uall [49ms]
2025-03-08 00:25:07.320 [info] > git config --get commit.template [4ms]
2025-03-08 00:25:07.321 [info] > git for-each-ref --format=%(refname)%00%(upstream:short)%00%(objectname)%00%(upstream:track)%00%(upstream:remotename)%00%(upstream:remoteref) refs/heads/main refs/remotes/main [2ms]
2025-03-08 00:25:07.334 [info] > git for-each-ref --sort -committerdate --format %(refname) %(objectname) %(*objectname) [8ms]
2025-03-08 00:25:07.371 [info] > git status -z -uall [48ms]
2025-03-08 00:26:22.457 [info] > git config --get commit.template [5ms]
2025-03-08 00:26:22.457 [info] > git for-each-ref --format=%(refname)%00%(upstream:short)%00%(objectname)%00%(upstream:track)%00%(upstream:remotename)%00%(upstream:remoteref) refs/heads/main refs/remotes/main [1ms]
2025-03-08 00:26:22.468 [info] > git for-each-ref --sort -committerdate --format %(refname) %(objectname) %(*objectname) [2ms]
2025-03-08 00:26:22.511 [info] > git status -z -uall [49ms]
2025-03-08 00:27:00.737 [info] > git config --get commit.template [3ms]
2025-03-08 00:27:00.738 [info] > git for-each-ref --format=%(refname)%00%(upstream:short)%00%(objectname)%00%(upstream:track)%00%(upstream:remotename)%00%(upstream:remoteref) refs/heads/main refs/remotes/main [2ms]
2025-03-08 00:27:00.749 [info] > git for-each-ref --sort -committerdate --format %(refname) %(objectname) %(*objectname) [6ms]
2025-03-08 00:27:00.788 [info] > git status -z -uall [48ms]
2025-03-08 00:27:10.162 [info] > git config --get commit.template [3ms]
2025-03-08 00:27:10.163 [info] > git for-each-ref --format=%(refname)%00%(upstream:short)%00%(objectname)%00%(upstream:track)%00%(upstream:remotename)%00%(upstream:remoteref) refs/heads/main refs/remotes/main [2ms]
2025-03-08 00:27:10.176 [info] > git for-each-ref --sort -committerdate --format %(refname) %(objectname) %(*objectname) [8ms]
2025-03-08 00:27:10.213 [info] > git status -z -uall [47ms]
2025-03-08 00:27:19.864 [info] > git config --get commit.template [4ms]
2025-03-08 00:27:19.864 [info] > git for-each-ref --format=%(refname)%00%(upstream:short)%00%(objectname)%00%(upstream:track)%00%(upstream:remotename)%00%(upstream:remoteref) refs/heads/main refs/remotes/main [1ms]
2025-03-08 00:27:19.872 [info] > git for-each-ref --sort -committerdate --format %(refname) %(objectname) %(*objectname) [2ms]
2025-03-08 00:27:19.915 [info] > git status -z -uall [48ms]
2025-03-08 00:27:55.598 [info] > git config --get commit.template [3ms]
2025-03-08 00:27:55.598 [info] > git for-each-ref --format=%(refname)%00%(upstream:short)%00%(objectname)%00%(upstream:track)%00%(upstream:remotename)%00%(upstream:remoteref) refs/heads/main refs/remotes/main [1ms]
2025-03-08 00:27:55.606 [info] > git for-each-ref --sort -committerdate --format %(refname) %(objectname) %(*objectname) [2ms]
2025-03-08 00:27:55.647 [info] > git status -z -uall [46ms]
2025-03-08 00:28:00.673 [info] > git config --get commit.template [3ms]
2025-03-08 00:28:00.674 [info] > git for-each-ref --format=%(refname)%00%(upstream:short)%00%(objectname)%00%(upstream:track)%00%(upstream:remotename)%00%(upstream:remoteref) refs/heads/main refs/remotes/main [2ms]
2025-03-08 00:28:00.682 [info] > git for-each-ref --sort -committerdate --format %(refname) %(objectname) %(*objectname) [2ms]
2025-03-08 00:28:00.724 [info] > git status -z -uall [46ms]
2025-03-08 00:28:05.748 [info] > git config --get commit.template [5ms]
2025-03-08 00:28:05.749 [info] > git for-each-ref --format=%(refname)%00%(upstream:short)%00%(objectname)%00%(upstream:track)%00%(upstream:remotename)%00%(upstream:remoteref) refs/heads/main refs/remotes/main [2ms]
2025-03-08 00:28:05.757 [info] > git for-each-ref --sort -committerdate --format %(refname) %(objectname) %(*objectname) [2ms]
2025-03-08 00:28:05.800 [info] > git status -z -uall [48ms]
2025-03-08 00:28:10.822 [info] > git config --get commit.template [3ms]
2025-03-08 00:28:10.822 [info] > git for-each-ref --format=%(refname)%00%(upstream:short)%00%(objectname)%00%(upstream:track)%00%(upstream:remotename)%00%(upstream:remoteref) refs/heads/main refs/remotes/main [1ms]
2025-03-08 00:28:10.836 [info] > git for-each-ref --sort -committerdate --format %(refname) %(objectname) %(*objectname) [9ms]
2025-03-08 00:28:10.872 [info] > git status -z -uall [47ms]
2025-03-08 00:28:15.896 [info] > git config --get commit.template [5ms]
2025-03-08 00:28:15.897 [info] > git for-each-ref --format=%(refname)%00%(upstream:short)%00%(objectname)%00%(upstream:track)%00%(upstream:remotename)%00%(upstream:remoteref) refs/heads/main refs/remotes/main [2ms]
2025-03-08 00:28:15.906 [info] > git for-each-ref --sort -committerdate --format %(refname) %(objectname) %(*objectname) [3ms]
2025-03-08 00:28:15.947 [info] > git status -z -uall [47ms]
2025-03-08 00:28:39.374 [info] > git config --get commit.template [3ms]
2025-03-08 00:28:39.375 [info] > git for-each-ref --format=%(refname)%00%(upstream:short)%00%(objectname)%00%(upstream:track)%00%(upstream:remotename)%00%(upstream:remoteref) refs/heads/main refs/remotes/main [2ms]
2025-03-08 00:28:39.388 [info] > git for-each-ref --sort -committerdate --format %(refname) %(objectname) %(*objectname) [8ms]
2025-03-08 00:28:39.422 [info] > git status -z -uall [45ms]
2025-03-08 00:28:44.442 [info] > git config --get commit.template [3ms]
2025-03-08 00:28:44.442 [info] > git for-each-ref --format=%(refname)%00%(upstream:short)%00%(objectname)%00%(upstream:track)%00%(upstream:remotename)%00%(upstream:remoteref) refs/heads/main refs/remotes/main [1ms]
2025-03-08 00:28:44.456 [info] > git for-each-ref --sort -committerdate --format %(refname) %(objectname) %(*objectname) [8ms]
2025-03-08 00:28:44.491 [info] > git status -z -uall [46ms]
2025-03-08 00:29:41.164 [info] > git config --get commit.template [3ms]
2025-03-08 00:29:41.165 [info] > git for-each-ref --format=%(refname)%00%(upstream:short)%00%(objectname)%00%(upstream:track)%00%(upstream:remotename)%00%(upstream:remoteref) refs/heads/main refs/remotes/main [1ms]
2025-03-08 00:29:41.177 [info] > git for-each-ref --sort -committerdate --format %(refname) %(objectname) %(*objectname) [6ms]
2025-03-08 00:29:41.214 [info] > git status -z -uall [47ms]
2025-03-08 00:29:46.240 [info] > git config --get commit.template [4ms]
2025-03-08 00:29:46.241 [info] > git for-each-ref --format=%(refname)%00%(upstream:short)%00%(objectname)%00%(upstream:track)%00%(upstream:remotename)%00%(upstream:remoteref) refs/heads/main refs/remotes/main [2ms]
2025-03-08 00:29:46.248 [info] > git for-each-ref --sort -committerdate --format %(refname) %(objectname) %(*objectname) [2ms]
2025-03-08 00:29:46.291 [info] > git status -z -uall [47ms]
2025-03-08 00:31:26.274 [info] > git config --get commit.template [4ms]
2025-03-08 00:31:26.274 [info] > git for-each-ref --format=%(refname)%00%(upstream:short)%00%(objectname)%00%(upstream:track)%00%(upstream:remotename)%00%(upstream:remoteref) refs/heads/main refs/remotes/main [2ms]
2025-03-08 00:31:26.283 [info] > git for-each-ref --sort -committerdate --format %(refname) %(objectname) %(*objectname) [2ms]
2025-03-08 00:31:26.326 [info] > git status -z -uall [47ms]
2025-03-08 00:31:31.355 [info] > git config --get commit.template [4ms]
2025-03-08 00:31:31.356 [info] > git for-each-ref --format=%(refname)%00%(upstream:short)%00%(objectname)%00%(upstream:track)%00%(upstream:remotename)%00%(upstream:remoteref) refs/heads/main refs/remotes/main [2ms]
2025-03-08 00:31:31.364 [info] > git for-each-ref --sort -committerdate --format %(refname) %(objectname) %(*objectname) [3ms]
2025-03-08 00:31:31.407 [info] > git status -z -uall [47ms]
2025-03-08 00:32:42.397 [info] > git config --get commit.template [3ms]
2025-03-08 00:32:42.397 [info] > git for-each-ref --format=%(refname)%00%(upstream:short)%00%(objectname)%00%(upstream:track)%00%(upstream:remotename)%00%(upstream:remoteref) refs/heads/main refs/remotes/main [2ms]
2025-03-08 00:32:42.415 [info] > git for-each-ref --sort -committerdate --format %(refname) %(objectname) %(*objectname) [2ms]
2025-03-08 00:32:42.449 [info] > git status -z -uall [49ms]
2025-03-08 00:32:52.696 [info] > git config --get commit.template [3ms]
2025-03-08 00:32:52.697 [info] > git for-each-ref --format=%(refname)%00%(upstream:short)%00%(objectname)%00%(upstream:track)%00%(upstream:remotename)%00%(upstream:remoteref) refs/heads/main refs/remotes/main [2ms]
2025-03-08 00:32:52.711 [info] > git for-each-ref --sort -committerdate --format %(refname) %(objectname) %(*objectname) [9ms]
2025-03-08 00:32:52.746 [info] > git status -z -uall [46ms]
2025-03-08 00:33:06.791 [info] > git config --get commit.template [4ms]
2025-03-08 00:33:06.791 [info] > git for-each-ref --format=%(refname)%00%(upstream:short)%00%(objectname)%00%(upstream:track)%00%(upstream:remotename)%00%(upstream:remoteref) refs/heads/main refs/remotes/main [1ms]
2025-03-08 00:33:06.801 [info] > git for-each-ref --sort -committerdate --format %(refname) %(objectname) %(*objectname) [4ms]
2025-03-08 00:33:06.841 [info] > git status -z -uall [47ms]
2025-03-08 00:33:13.762 [info] > git config --get commit.template [3ms]
2025-03-08 00:33:13.762 [info] > git for-each-ref --format=%(refname)%00%(upstream:short)%00%(objectname)%00%(upstream:track)%00%(upstream:remotename)%00%(upstream:remoteref) refs/heads/main refs/remotes/main [1ms]
2025-03-08 00:33:13.770 [info] > git for-each-ref --sort -committerdate --format %(refname) %(objectname) %(*objectname) [1ms]
2025-03-08 00:33:13.812 [info] > git status -z -uall [47ms]
2025-03-08 00:33:18.836 [info] > git config --get commit.template [3ms]
2025-03-08 00:33:18.837 [info] > git for-each-ref --format=%(refname)%00%(upstream:short)%00%(objectname)%00%(upstream:track)%00%(upstream:remotename)%00%(upstream:remoteref) refs/heads/main refs/remotes/main [2ms]
2025-03-08 00:33:18.844 [info] > git for-each-ref --sort -committerdate --format %(refname) %(objectname) %(*objectname) [2ms]
2025-03-08 00:33:18.886 [info] > git status -z -uall [46ms]
2025-03-08 00:33:29.890 [info] > git config --get commit.template [3ms]
2025-03-08 00:33:29.892 [info] > git for-each-ref --format=%(refname)%00%(upstream:short)%00%(objectname)%00%(upstream:track)%00%(upstream:remotename)%00%(upstream:remoteref) refs/heads/main refs/remotes/main [1ms]
2025-03-08 00:33:29.900 [info] > git for-each-ref --sort -committerdate --format %(refname) %(objectname) %(*objectname) [3ms]
2025-03-08 00:33:29.942 [info] > git status -z -uall [48ms]
2025-03-08 00:33:34.968 [info] > git config --get commit.template [4ms]
2025-03-08 00:33:34.969 [info] > git for-each-ref --format=%(refname)%00%(upstream:short)%00%(objectname)%00%(upstream:track)%00%(upstream:remotename)%00%(upstream:remoteref) refs/heads/main refs/remotes/main [2ms]
2025-03-08 00:33:34.979 [info] > git for-each-ref --sort -committerdate --format %(refname) %(objectname) %(*objectname) [5ms]
2025-03-08 00:33:35.019 [info] > git status -z -uall [47ms]
2025-03-08 00:33:40.038 [info] > git config --get commit.template [1ms]
2025-03-08 00:33:40.043 [info] > git for-each-ref --format=%(refname)%00%(upstream:short)%00%(objectname)%00%(upstream:track)%00%(upstream:remotename)%00%(upstream:remoteref) refs/heads/main refs/remotes/main [1ms]
2025-03-08 00:33:40.053 [info] > git for-each-ref --sort -committerdate --format %(refname) %(objectname) %(*objectname) [1ms]
2025-03-08 00:33:40.094 [info] > git status -z -uall [47ms]
2025-03-08 00:33:45.117 [info] > git config --get commit.template [3ms]
2025-03-08 00:33:45.119 [info] > git for-each-ref --format=%(refname)%00%(upstream:short)%00%(objectname)%00%(upstream:track)%00%(upstream:remotename)%00%(upstream:remoteref) refs/heads/main refs/remotes/main [1ms]
2025-03-08 00:33:45.132 [info] > git for-each-ref --sort -committerdate --format %(refname) %(objectname) %(*objectname) [8ms]
2025-03-08 00:33:45.167 [info] > git status -z -uall [46ms]
2025-03-08 00:33:50.185 [info] > git config --get commit.template [4ms]
2025-03-08 00:33:50.186 [info] > git for-each-ref --format=%(refname)%00%(upstream:short)%00%(objectname)%00%(upstream:track)%00%(upstream:remotename)%00%(upstream:remoteref) refs/heads/main refs/remotes/main [2ms]
2025-03-08 00:33:50.201 [info] > git for-each-ref --sort -committerdate --format %(refname) %(objectname) %(*objectname) [9ms]
2025-03-08 00:33:50.235 [info] > git status -z -uall [46ms]
2025-03-08 00:33:55.255 [info] > git config --get commit.template [4ms]
2025-03-08 00:33:55.256 [info] > git for-each-ref --format=%(refname)%00%(upstream:short)%00%(objectname)%00%(upstream:track)%00%(upstream:remotename)%00%(upstream:remoteref) refs/heads/main refs/remotes/main [2ms]
2025-03-08 00:33:55.270 [info] > git for-each-ref --sort -committerdate --format %(refname) %(objectname) %(*objectname) [9ms]
2025-03-08 00:33:55.304 [info] > git status -z -uall [45ms]
2025-03-08 00:34:00.325 [info] > git config --get commit.template [4ms]
2025-03-08 00:34:00.326 [info] > git for-each-ref --format=%(refname)%00%(upstream:short)%00%(objectname)%00%(upstream:track)%00%(upstream:remotename)%00%(upstream:remoteref) refs/heads/main refs/remotes/main [1ms]
2025-03-08 00:34:00.339 [info] > git for-each-ref --sort -committerdate --format %(refname) %(objectname) %(*objectname) [7ms]
2025-03-08 00:34:00.375 [info] > git status -z -uall [46ms]
2025-03-08 00:34:05.394 [info] > git config --get commit.template [4ms]
2025-03-08 00:34:05.395 [info] > git for-each-ref --format=%(refname)%00%(upstream:short)%00%(objectname)%00%(upstream:track)%00%(upstream:remotename)%00%(upstream:remoteref) refs/heads/main refs/remotes/main [2ms]
2025-03-08 00:34:05.402 [info] > git for-each-ref --sort -committerdate --format %(refname) %(objectname) %(*objectname) [2ms]
2025-03-08 00:34:05.444 [info] > git status -z -uall [46ms]
2025-03-08 00:34:10.465 [info] > git config --get commit.template [4ms]
2025-03-08 00:34:10.466 [info] > git for-each-ref --format=%(refname)%00%(upstream:short)%00%(objectname)%00%(upstream:track)%00%(upstream:remotename)%00%(upstream:remoteref) refs/heads/main refs/remotes/main [2ms]
2025-03-08 00:34:10.482 [info] > git for-each-ref --sort -committerdate --format %(refname) %(objectname) %(*objectname) [10ms]
2025-03-08 00:34:10.516 [info] > git status -z -uall [47ms]
2025-03-08 00:34:15.537 [info] > git config --get commit.template [4ms]
2025-03-08 00:34:15.538 [info] > git for-each-ref --format=%(refname)%00%(upstream:short)%00%(objectname)%00%(upstream:track)%00%(upstream:remotename)%00%(upstream:remoteref) refs/heads/main refs/remotes/main [2ms]
2025-03-08 00:34:15.550 [info] > git for-each-ref --sort -committerdate --format %(refname) %(objectname) %(*objectname) [5ms]
2025-03-08 00:34:15.589 [info] > git status -z -uall [48ms]
2025-03-08 00:34:20.609 [info] > git config --get commit.template [3ms]
2025-03-08 00:34:20.610 [info] > git for-each-ref --format=%(refname)%00%(upstream:short)%00%(objectname)%00%(upstream:track)%00%(upstream:remotename)%00%(upstream:remoteref) refs/heads/main refs/remotes/main [2ms]
2025-03-08 00:34:20.622 [info] > git for-each-ref --sort -committerdate --format %(refname) %(objectname) %(*objectname) [7ms]
2025-03-08 00:34:20.658 [info] > git status -z -uall [46ms]
2025-03-08 00:34:25.677 [info] > git config --get commit.template [3ms]
2025-03-08 00:34:25.678 [info] > git for-each-ref --format=%(refname)%00%(upstream:short)%00%(objectname)%00%(upstream:track)%00%(upstream:remotename)%00%(upstream:remoteref) refs/heads/main refs/remotes/main [1ms]
2025-03-08 00:34:25.686 [info] > git for-each-ref --sort -committerdate --format %(refname) %(objectname) %(*objectname) [2ms]
2025-03-08 00:34:25.729 [info] > git status -z -uall [48ms]
2025-03-08 00:34:30.748 [info] > git config --get commit.template [4ms]
2025-03-08 00:34:30.749 [info] > git for-each-ref --format=%(refname)%00%(upstream:short)%00%(objectname)%00%(upstream:track)%00%(upstream:remotename)%00%(upstream:remoteref) refs/heads/main refs/remotes/main [2ms]
2025-03-08 00:34:30.757 [info] > git for-each-ref --sort -committerdate --format %(refname) %(objectname) %(*objectname) [3ms]
2025-03-08 00:34:30.799 [info] > git status -z -uall [46ms]
2025-03-08 00:34:35.818 [info] > git config --get commit.template [3ms]
2025-03-08 00:34:35.819 [info] > git for-each-ref --format=%(refname)%00%(upstream:short)%00%(objectname)%00%(upstream:track)%00%(upstream:remotename)%00%(upstream:remoteref) refs/heads/main refs/remotes/main [1ms]
2025-03-08 00:34:35.827 [info] > git for-each-ref --sort -committerdate --format %(refname) %(objectname) %(*objectname) [2ms]
2025-03-08 00:34:35.868 [info] > git status -z -uall [46ms]
2025-03-08 00:34:40.887 [info] > git config --get commit.template [4ms]
2025-03-08 00:34:40.888 [info] > git for-each-ref --format=%(refname)%00%(upstream:short)%00%(objectname)%00%(upstream:track)%00%(upstream:remotename)%00%(upstream:remoteref) refs/heads/main refs/remotes/main [2ms]
2025-03-08 00:34:40.903 [info] > git for-each-ref --sort -committerdate --format %(refname) %(objectname) %(*objectname) [9ms]
2025-03-08 00:34:40.940 [info] > git status -z -uall [49ms]
2025-03-08 00:34:45.959 [info] > git config --get commit.template [4ms]
2025-03-08 00:34:45.960 [info] > git for-each-ref --format=%(refname)%00%(upstream:short)%00%(objectname)%00%(upstream:track)%00%(upstream:remotename)%00%(upstream:remoteref) refs/heads/main refs/remotes/main [2ms]
2025-03-08 00:34:45.972 [info] > git for-each-ref --sort -committerdate --format %(refname) %(objectname) %(*objectname) [7ms]
2025-03-08 00:34:46.009 [info] > git status -z -uall [46ms]
2025-03-08 00:34:51.030 [info] > git config --get commit.template [4ms]
2025-03-08 00:34:51.031 [info] > git for-each-ref --format=%(refname)%00%(upstream:short)%00%(objectname)%00%(upstream:track)%00%(upstream:remotename)%00%(upstream:remoteref) refs/heads/main refs/remotes/main [1ms]
2025-03-08 00:34:51.045 [info] > git for-each-ref --sort -committerdate --format %(refname) %(objectname) %(*objectname) [7ms]
2025-03-08 00:34:51.082 [info] > git status -z -uall [48ms]
2025-03-08 00:34:56.101 [info] > git config --get commit.template [4ms]
2025-03-08 00:34:56.102 [info] > git for-each-ref --format=%(refname)%00%(upstream:short)%00%(objectname)%00%(upstream:track)%00%(upstream:remotename)%00%(upstream:remoteref) refs/heads/main refs/remotes/main [2ms]
2025-03-08 00:34:56.109 [info] > git for-each-ref --sort -committerdate --format %(refname) %(objectname) %(*objectname) [2ms]
2025-03-08 00:34:56.151 [info] > git status -z -uall [46ms]
2025-03-08 00:35:01.169 [info] > git config --get commit.template [4ms]
2025-03-08 00:35:01.170 [info] > git for-each-ref --format=%(refname)%00%(upstream:short)%00%(objectname)%00%(upstream:track)%00%(upstream:remotename)%00%(upstream:remoteref) refs/heads/main refs/remotes/main [2ms]
2025-03-08 00:35:01.179 [info] > git for-each-ref --sort -committerdate --format %(refname) %(objectname) %(*objectname) [4ms]
2025-03-08 00:35:01.219 [info] > git status -z -uall [47ms]
2025-03-08 00:35:06.266 [info] > git config --get commit.template [2ms]
2025-03-08 00:35:06.270 [info] > git for-each-ref --format=%(refname)%00%(upstream:short)%00%(objectname)%00%(upstream:track)%00%(upstream:remotename)%00%(upstream:remoteref) refs/heads/main refs/remotes/main [2ms]
2025-03-08 00:35:06.283 [info] > git for-each-ref --sort -committerdate --format %(refname) %(objectname) %(*objectname) [8ms]
2025-03-08 00:35:06.317 [info] > git status -z -uall [45ms]
2025-03-08 00:35:11.334 [info] > git config --get commit.template [3ms]
2025-03-08 00:35:11.335 [info] > git for-each-ref --format=%(refname)%00%(upstream:short)%00%(objectname)%00%(upstream:track)%00%(upstream:remotename)%00%(upstream:remoteref) refs/heads/main refs/remotes/main [1ms]
2025-03-08 00:35:11.346 [info] > git for-each-ref --sort -committerdate --format %(refname) %(objectname) %(*objectname) [6ms]
2025-03-08 00:35:11.385 [info] > git status -z -uall [48ms]
2025-03-08 00:35:45.681 [info] > git config --get commit.template [4ms]
2025-03-08 00:35:45.682 [info] > git for-each-ref --format=%(refname)%00%(upstream:short)%00%(objectname)%00%(upstream:track)%00%(upstream:remotename)%00%(upstream:remoteref) refs/heads/main refs/remotes/main [1ms]
2025-03-08 00:35:45.692 [info] > git for-each-ref --sort -committerdate --format %(refname) %(objectname) %(*objectname) [4ms]
2025-03-08 00:35:45.734 [info] > git status -z -uall [49ms]
2025-03-08 00:35:50.771 [info] > git config --get commit.template [3ms]
2025-03-08 00:35:50.772 [info] > git for-each-ref --format=%(refname)%00%(upstream:short)%00%(objectname)%00%(upstream:track)%00%(upstream:remotename)%00%(upstream:remoteref) refs/heads/main refs/remotes/main [1ms]
2025-03-08 00:35:50.779 [info] > git for-each-ref --sort -committerdate --format %(refname) %(objectname) %(*objectname) [2ms]
2025-03-08 00:35:50.822 [info] > git status -z -uall [47ms]
2025-03-08 00:35:52.124 [info] > git check-ignore -v -z --stdin [5ms]
2025-03-08 00:35:54.089 [info] > git check-ignore -v -z --stdin [5ms]
2025-03-08 00:35:55.843 [info] > git config --get commit.template [3ms]
2025-03-08 00:35:55.844 [info] > git for-each-ref --format=%(refname)%00%(upstream:short)%00%(objectname)%00%(upstream:track)%00%(upstream:remotename)%00%(upstream:remoteref) refs/heads/main refs/remotes/main [1ms]
2025-03-08 00:35:55.859 [info] > git for-each-ref --sort -committerdate --format %(refname) %(objectname) %(*objectname) [9ms]
2025-03-08 00:35:55.866 [info] > git check-ignore -v -z --stdin [8ms]
2025-03-08 00:35:55.898 [info] > git status -z -uall [51ms]
2025-03-08 00:36:05.846 [info] > git config --get commit.template [3ms]
2025-03-08 00:36:05.850 [info] > git for-each-ref --format=%(refname)%00%(upstream:short)%00%(objectname)%00%(upstream:track)%00%(upstream:remotename)%00%(upstream:remoteref) refs/heads/main refs/remotes/main [1ms]
2025-03-08 00:36:05.857 [info] > git for-each-ref --sort -committerdate --format %(refname) %(objectname) %(*objectname) [2ms]
2025-03-08 00:36:05.900 [info] > git status -z -uall [47ms]
2025-03-08 00:36:16.708 [info] > git config --get commit.template [4ms]
2025-03-08 00:36:16.709 [info] > git for-each-ref --format=%(refname)%00%(upstream:short)%00%(objectname)%00%(upstream:track)%00%(upstream:remotename)%00%(upstream:remoteref) refs/heads/main refs/remotes/main [2ms]
2025-03-08 00:36:16.717 [info] > git for-each-ref --sort -committerdate --format %(refname) %(objectname) %(*objectname) [3ms]
2025-03-08 00:36:16.757 [info] > git status -z -uall [45ms]
2025-03-08 00:36:21.780 [info] > git config --get commit.template [4ms]
2025-03-08 00:36:21.781 [info] > git for-each-ref --format=%(refname)%00%(upstream:short)%00%(objectname)%00%(upstream:track)%00%(upstream:remotename)%00%(upstream:remoteref) refs/heads/main refs/remotes/main [2ms]
2025-03-08 00:36:21.787 [info] > git for-each-ref --sort -committerdate --format %(refname) %(objectname) %(*objectname) [2ms]
2025-03-08 00:36:21.828 [info] > git status -z -uall [45ms]
2025-03-08 00:36:55.277 [info] > git config --get commit.template [2ms]
2025-03-08 00:36:55.278 [info] > git for-each-ref --format=%(refname)%00%(upstream:short)%00%(objectname)%00%(upstream:track)%00%(upstream:remotename)%00%(upstream:remoteref) refs/heads/main refs/remotes/main [1ms]
2025-03-08 00:36:55.290 [info] > git for-each-ref --sort -committerdate --format %(refname) %(objectname) %(*objectname) [7ms]
2025-03-08 00:36:55.329 [info] > git status -z -uall [48ms]
2025-03-08 00:37:00.354 [info] > git config --get commit.template [4ms]
2025-03-08 00:37:00.355 [info] > git for-each-ref --format=%(refname)%00%(upstream:short)%00%(objectname)%00%(upstream:track)%00%(upstream:remotename)%00%(upstream:remoteref) refs/heads/main refs/remotes/main [2ms]
2025-03-08 00:37:00.368 [info] > git for-each-ref --sort -committerdate --format %(refname) %(objectname) %(*objectname) [7ms]
2025-03-08 00:37:00.404 [info] > git status -z -uall [46ms]
2025-03-08 00:37:05.426 [info] > git config --get commit.template [4ms]
2025-03-08 00:37:05.427 [info] > git for-each-ref --format=%(refname)%00%(upstream:short)%00%(objectname)%00%(upstream:track)%00%(upstream:remotename)%00%(upstream:remoteref) refs/heads/main refs/remotes/main [1ms]
2025-03-08 00:37:05.434 [info] > git for-each-ref --sort -committerdate --format %(refname) %(objectname) %(*objectname) [2ms]
2025-03-08 00:37:05.475 [info] > git status -z -uall [46ms]
2025-03-08 00:37:10.497 [info] > git config --get commit.template [4ms]
2025-03-08 00:37:10.498 [info] > git for-each-ref --format=%(refname)%00%(upstream:short)%00%(objectname)%00%(upstream:track)%00%(upstream:remotename)%00%(upstream:remoteref) refs/heads/main refs/remotes/main [2ms]
2025-03-08 00:37:10.513 [info] > git for-each-ref --sort -committerdate --format %(refname) %(objectname) %(*objectname) [10ms]
2025-03-08 00:37:10.547 [info] > git status -z -uall [46ms]
2025-03-08 00:37:15.566 [info] > git config --get commit.template [3ms]
2025-03-08 00:37:15.567 [info] > git for-each-ref --format=%(refname)%00%(upstream:short)%00%(objectname)%00%(upstream:track)%00%(upstream:remotename)%00%(upstream:remoteref) refs/heads/main refs/remotes/main [1ms]
2025-03-08 00:37:15.580 [info] > git for-each-ref --sort -committerdate --format %(refname) %(objectname) %(*objectname) [6ms]
2025-03-08 00:37:15.616 [info] > git status -z -uall [46ms]
2025-03-08 00:37:20.634 [info] > git config --get commit.template [3ms]
2025-03-08 00:37:20.634 [info] > git for-each-ref --format=%(refname)%00%(upstream:short)%00%(objectname)%00%(upstream:track)%00%(upstream:remotename)%00%(upstream:remoteref) refs/heads/main refs/remotes/main [1ms]
2025-03-08 00:37:20.641 [info] > git for-each-ref --sort -committerdate --format %(refname) %(objectname) %(*objectname) [2ms]
2025-03-08 00:37:20.682 [info] > git status -z -uall [45ms]
2025-03-08 00:37:25.700 [info] > git config --get commit.template [3ms]
2025-03-08 00:37:25.700 [info] > git for-each-ref --format=%(refname)%00%(upstream:short)%00%(objectname)%00%(upstream:track)%00%(upstream:remotename)%00%(upstream:remoteref) refs/heads/main refs/remotes/main [1ms]
2025-03-08 00:37:25.707 [info] > git for-each-ref --sort -committerdate --format %(refname) %(objectname) %(*objectname) [2ms]
2025-03-08 00:37:25.749 [info] > git status -z -uall [46ms]
2025-03-08 00:37:30.769 [info] > git config --get commit.template [3ms]
2025-03-08 00:37:30.770 [info] > git for-each-ref --format=%(refname)%00%(upstream:short)%00%(objectname)%00%(upstream:track)%00%(upstream:remotename)%00%(upstream:remoteref) refs/heads/main refs/remotes/main [1ms]
2025-03-08 00:37:30.784 [info] > git for-each-ref --sort -committerdate --format %(refname) %(objectname) %(*objectname) [8ms]
2025-03-08 00:37:30.818 [info] > git status -z -uall [45ms]
2025-03-08 00:37:46.180 [info] > git config --get commit.template [3ms]
2025-03-08 00:37:46.180 [info] > git for-each-ref --format=%(refname)%00%(upstream:short)%00%(objectname)%00%(upstream:track)%00%(upstream:remotename)%00%(upstream:remoteref) refs/heads/main refs/remotes/main [1ms]
2025-03-08 00:37:46.194 [info] > git for-each-ref --sort -committerdate --format %(refname) %(objectname) %(*objectname) [5ms]
2025-03-08 00:37:46.231 [info] > git status -z -uall [47ms]
2025-03-08 00:37:51.252 [info] > git config --get commit.template [5ms]
2025-03-08 00:37:51.253 [info] > git for-each-ref --format=%(refname)%00%(upstream:short)%00%(objectname)%00%(upstream:track)%00%(upstream:remotename)%00%(upstream:remoteref) refs/heads/main refs/remotes/main [2ms]
2025-03-08 00:37:51.263 [info] > git for-each-ref --sort -committerdate --format %(refname) %(objectname) %(*objectname) [4ms]
2025-03-08 00:37:51.301 [info] > git status -z -uall [46ms]
2025-03-08 00:38:04.489 [info] > git config --get commit.template [3ms]
2025-03-08 00:38:04.490 [info] > git for-each-ref --format=%(refname)%00%(upstream:short)%00%(objectname)%00%(upstream:track)%00%(upstream:remotename)%00%(upstream:remoteref) refs/heads/main refs/remotes/main [1ms]
2025-03-08 00:38:04.498 [info] > git for-each-ref --sort -committerdate --format %(refname) %(objectname) %(*objectname) [2ms]
2025-03-08 00:38:04.539 [info] > git status -z -uall [46ms]
2025-03-08 00:38:09.559 [info] > git config --get commit.template [3ms]
2025-03-08 00:38:09.560 [info] > git for-each-ref --format=%(refname)%00%(upstream:short)%00%(objectname)%00%(upstream:track)%00%(upstream:remotename)%00%(upstream:remoteref) refs/heads/main refs/remotes/main [2ms]
2025-03-08 00:38:09.570 [info] > git for-each-ref --sort -committerdate --format %(refname) %(objectname) %(*objectname) [4ms]
2025-03-08 00:38:09.608 [info] > git status -z -uall [46ms]
2025-03-08 00:38:14.630 [info] > git config --get commit.template [4ms]
2025-03-08 00:38:14.630 [info] > git for-each-ref --format=%(refname)%00%(upstream:short)%00%(objectname)%00%(upstream:track)%00%(upstream:remotename)%00%(upstream:remoteref) refs/heads/main refs/remotes/main [1ms]
2025-03-08 00:38:14.638 [info] > git for-each-ref --sort -committerdate --format %(refname) %(objectname) %(*objectname) [1ms]
2025-03-08 00:38:14.679 [info] > git status -z -uall [46ms]
2025-03-08 00:40:58.950 [info] > git config --get commit.template [3ms]
2025-03-08 00:40:58.951 [info] > git for-each-ref --format=%(refname)%00%(upstream:short)%00%(objectname)%00%(upstream:track)%00%(upstream:remotename)%00%(upstream:remoteref) refs/heads/main refs/remotes/main [2ms]
2025-03-08 00:40:58.961 [info] > git for-each-ref --sort -committerdate --format %(refname) %(objectname) %(*objectname) [4ms]
2025-03-08 00:40:58.999 [info] > git status -z -uall [46ms]
2025-03-08 00:41:04.017 [info] > git config --get commit.template [4ms]
2025-03-08 00:41:04.018 [info] > git for-each-ref --format=%(refname)%00%(upstream:short)%00%(objectname)%00%(upstream:track)%00%(upstream:remotename)%00%(upstream:remoteref) refs/heads/main refs/remotes/main [2ms]
2025-03-08 00:41:04.026 [info] > git for-each-ref --sort -committerdate --format %(refname) %(objectname) %(*objectname) [2ms]
2025-03-08 00:41:04.067 [info] > git status -z -uall [45ms]
2025-03-08 00:41:09.087 [info] > git config --get commit.template [3ms]
2025-03-08 00:41:09.088 [info] > git for-each-ref --format=%(refname)%00%(upstream:short)%00%(objectname)%00%(upstream:track)%00%(upstream:remotename)%00%(upstream:remoteref) refs/heads/main refs/remotes/main [1ms]
2025-03-08 00:41:09.102 [info] > git for-each-ref --sort -committerdate --format %(refname) %(objectname) %(*objectname) [9ms]
2025-03-08 00:41:09.136 [info] > git status -z -uall [45ms]
2025-03-08 00:41:36.647 [info] > git config --get commit.template [3ms]
2025-03-08 00:41:36.648 [info] > git for-each-ref --format=%(refname)%00%(upstream:short)%00%(objectname)%00%(upstream:track)%00%(upstream:remotename)%00%(upstream:remoteref) refs/heads/main refs/remotes/main [2ms]
2025-03-08 00:41:36.655 [info] > git for-each-ref --sort -committerdate --format %(refname) %(objectname) %(*objectname) [2ms]
2025-03-08 00:41:36.695 [info] > git status -z -uall [45ms]
2025-03-08 00:41:41.720 [info] > git config --get commit.template [4ms]
2025-03-08 00:41:41.721 [info] > git for-each-ref --format=%(refname)%00%(upstream:short)%00%(objectname)%00%(upstream:track)%00%(upstream:remotename)%00%(upstream:remoteref) refs/heads/main refs/remotes/main [1ms]
2025-03-08 00:41:41.733 [info] > git for-each-ref --sort -committerdate --format %(refname) %(objectname) %(*objectname) [7ms]
2025-03-08 00:41:41.769 [info] > git status -z -uall [45ms]
2025-03-08 00:43:35.234 [info] > git config --get commit.template [3ms]
2025-03-08 00:43:35.235 [info] > git for-each-ref --format=%(refname)%00%(upstream:short)%00%(objectname)%00%(upstream:track)%00%(upstream:remotename)%00%(upstream:remoteref) refs/heads/main refs/remotes/main [2ms]
2025-03-08 00:43:35.242 [info] > git for-each-ref --sort -committerdate --format %(refname) %(objectname) %(*objectname) [2ms]
2025-03-08 00:43:35.283 [info] > git status -z -uall [46ms]
2025-03-08 00:43:44.498 [info] > git config --get commit.template [3ms]
2025-03-08 00:43:44.499 [info] > git for-each-ref --format=%(refname)%00%(upstream:short)%00%(objectname)%00%(upstream:track)%00%(upstream:remotename)%00%(upstream:remoteref) refs/heads/main refs/remotes/main [2ms]
2025-03-08 00:43:44.515 [info] > git for-each-ref --sort -committerdate --format %(refname) %(objectname) %(*objectname) [9ms]
2025-03-08 00:43:44.552 [info] > git status -z -uall [50ms]
2025-03-08 00:43:49.579 [info] > git config --get commit.template [4ms]
2025-03-08 00:43:49.579 [info] > git for-each-ref --format=%(refname)%00%(upstream:short)%00%(objectname)%00%(upstream:track)%00%(upstream:remotename)%00%(upstream:remoteref) refs/heads/main refs/remotes/main [1ms]
2025-03-08 00:43:49.588 [info] > git for-each-ref --sort -committerdate --format %(refname) %(objectname) %(*objectname) [2ms]
2025-03-08 00:43:49.630 [info] > git status -z -uall [47ms]
2025-03-08 00:43:59.399 [info] > git config --get commit.template [2ms]
2025-03-08 00:43:59.403 [info] > git for-each-ref --format=%(refname)%00%(upstream:short)%00%(objectname)%00%(upstream:track)%00%(upstream:remotename)%00%(upstream:remoteref) refs/heads/main refs/remotes/main [1ms]
2025-03-08 00:43:59.410 [info] > git for-each-ref --sort -committerdate --format %(refname) %(objectname) %(*objectname) [2ms]
2025-03-08 00:43:59.451 [info] > git status -z -uall [45ms]
2025-03-08 00:44:05.654 [info] > git config --get commit.template [3ms]
2025-03-08 00:44:05.655 [info] > git for-each-ref --format=%(refname)%00%(upstream:short)%00%(objectname)%00%(upstream:track)%00%(upstream:remotename)%00%(upstream:remoteref) refs/heads/main refs/remotes/main [2ms]
2025-03-08 00:44:05.662 [info] > git for-each-ref --sort -committerdate --format %(refname) %(objectname) %(*objectname) [2ms]
2025-03-08 00:44:05.704 [info] > git status -z -uall [46ms]
2025-03-08 00:44:10.726 [info] > git config --get commit.template [3ms]
2025-03-08 00:44:10.727 [info] > git for-each-ref --format=%(refname)%00%(upstream:short)%00%(objectname)%00%(upstream:track)%00%(upstream:remotename)%00%(upstream:remoteref) refs/heads/main refs/remotes/main [2ms]
2025-03-08 00:44:10.734 [info] > git for-each-ref --sort -committerdate --format %(refname) %(objectname) %(*objectname) [2ms]
2025-03-08 00:44:10.777 [info] > git status -z -uall [46ms]
2025-03-08 00:45:11.746 [info] > git config --get commit.template [3ms]
2025-03-08 00:45:11.747 [info] > git for-each-ref --format=%(refname)%00%(upstream:short)%00%(objectname)%00%(upstream:track)%00%(upstream:remotename)%00%(upstream:remoteref) refs/heads/main refs/remotes/main [1ms]
2025-03-08 00:45:11.758 [info] > git for-each-ref --sort -committerdate --format %(refname) %(objectname) %(*objectname) [7ms]
2025-03-08 00:45:11.796 [info] > git status -z -uall [47ms]
2025-03-08 00:45:16.824 [info] > git config --get commit.template [3ms]
2025-03-08 00:45:16.825 [info] > git for-each-ref --format=%(refname)%00%(upstream:short)%00%(objectname)%00%(upstream:track)%00%(upstream:remotename)%00%(upstream:remoteref) refs/heads/main refs/remotes/main [2ms]
2025-03-08 00:45:16.832 [info] > git for-each-ref --sort -committerdate --format %(refname) %(objectname) %(*objectname) [2ms]
2025-03-08 00:45:16.874 [info] > git status -z -uall [46ms]
2025-03-08 00:45:21.897 [info] > git config --get commit.template [4ms]
2025-03-08 00:45:21.898 [info] > git for-each-ref --format=%(refname)%00%(upstream:short)%00%(objectname)%00%(upstream:track)%00%(upstream:remotename)%00%(upstream:remoteref) refs/heads/main refs/remotes/main [1ms]
2025-03-08 00:45:21.906 [info] > git for-each-ref --sort -committerdate --format %(refname) %(objectname) %(*objectname) [1ms]
2025-03-08 00:45:21.947 [info] > git status -z -uall [46ms]
2025-03-08 00:45:26.967 [info] > git config --get commit.template [3ms]
2025-03-08 00:45:26.968 [info] > git for-each-ref --format=%(refname)%00%(upstream:short)%00%(objectname)%00%(upstream:track)%00%(upstream:remotename)%00%(upstream:remoteref) refs/heads/main refs/remotes/main [1ms]
2025-03-08 00:45:26.977 [info] > git for-each-ref --sort -committerdate --format %(refname) %(objectname) %(*objectname) [2ms]
2025-03-08 00:45:27.017 [info] > git status -z -uall [45ms]
2025-03-08 00:45:44.609 [info] > git config --get commit.template [1ms]
2025-03-08 00:45:44.613 [info] > git for-each-ref --format=%(refname)%00%(upstream:short)%00%(objectname)%00%(upstream:track)%00%(upstream:remotename)%00%(upstream:remoteref) refs/heads/main refs/remotes/main [2ms]
2025-03-08 00:45:44.628 [info] > git for-each-ref --sort -committerdate --format %(refname) %(objectname) %(*objectname) [9ms]
2025-03-08 00:45:44.664 [info] > git status -z -uall [49ms]
2025-03-08 00:45:49.689 [info] > git config --get commit.template [4ms]
2025-03-08 00:45:49.690 [info] > git for-each-ref --format=%(refname)%00%(upstream:short)%00%(objectname)%00%(upstream:track)%00%(upstream:remotename)%00%(upstream:remoteref) refs/heads/main refs/remotes/main [2ms]
2025-03-08 00:45:49.697 [info] > git for-each-ref --sort -committerdate --format %(refname) %(objectname) %(*objectname) [2ms]
2025-03-08 00:45:49.739 [info] > git status -z -uall [46ms]
2025-03-08 00:45:54.762 [info] > git config --get commit.template [3ms]
2025-03-08 00:45:54.763 [info] > git for-each-ref --format=%(refname)%00%(upstream:short)%00%(objectname)%00%(upstream:track)%00%(upstream:remotename)%00%(upstream:remoteref) refs/heads/main refs/remotes/main [1ms]
2025-03-08 00:45:54.776 [info] > git for-each-ref --sort -committerdate --format %(refname) %(objectname) %(*objectname) [5ms]
2025-03-08 00:45:54.813 [info] > git status -z -uall [47ms]
2025-03-08 00:45:59.834 [info] > git config --get commit.template [3ms]
2025-03-08 00:45:59.836 [info] > git for-each-ref --format=%(refname)%00%(upstream:short)%00%(objectname)%00%(upstream:track)%00%(upstream:remotename)%00%(upstream:remoteref) refs/heads/main refs/remotes/main [3ms]
2025-03-08 00:45:59.842 [info] > git for-each-ref --sort -committerdate --format %(refname) %(objectname) %(*objectname) [1ms]
2025-03-08 00:45:59.884 [info] > git status -z -uall [46ms]
2025-03-08 00:46:04.902 [info] > git config --get commit.template [4ms]
2025-03-08 00:46:04.902 [info] > git for-each-ref --format=%(refname)%00%(upstream:short)%00%(objectname)%00%(upstream:track)%00%(upstream:remotename)%00%(upstream:remoteref) refs/heads/main refs/remotes/main [1ms]
2025-03-08 00:46:04.916 [info] > git for-each-ref --sort -committerdate --format %(refname) %(objectname) %(*objectname) [9ms]
2025-03-08 00:46:04.950 [info] > git status -z -uall [45ms]
2025-03-08 00:46:09.971 [info] > git config --get commit.template [4ms]
2025-03-08 00:46:09.972 [info] > git for-each-ref --format=%(refname)%00%(upstream:short)%00%(objectname)%00%(upstream:track)%00%(upstream:remotename)%00%(upstream:remoteref) refs/heads/main refs/remotes/main [2ms]
2025-03-08 00:46:09.979 [info] > git for-each-ref --sort -committerdate --format %(refname) %(objectname) %(*objectname) [2ms]
2025-03-08 00:46:10.020 [info] > git status -z -uall [46ms]
2025-03-08 00:46:17.742 [info] > git config --get commit.template [3ms]
2025-03-08 00:46:17.743 [info] > git for-each-ref --format=%(refname)%00%(upstream:short)%00%(objectname)%00%(upstream:track)%00%(upstream:remotename)%00%(upstream:remoteref) refs/heads/main refs/remotes/main [2ms]
2025-03-08 00:46:17.750 [info] > git for-each-ref --sort -committerdate --format %(refname) %(objectname) %(*objectname) [2ms]
2025-03-08 00:46:17.792 [info] > git status -z -uall [47ms]
