2025-02-14 21:34:49.190 [info] Extension host with pid 1427 started
2025-02-14 21:34:49.190 [error] Error: EEXIST: file already exists, open '/home/student/.vscode-server/data/User/workspaceStorage/255174b9c84437907369f27ac92b5bdb/vscode.lock'
2025-02-14 21:34:49.198 [info] Lock '/home/student/.vscode-server/data/User/workspaceStorage/255174b9c84437907369f27ac92b5bdb/vscode.lock': Could not acquire lock, checking if the file is stale.
2025-02-14 21:34:49.205 [info] Lock '/home/student/.vscode-server/data/User/workspaceStorage/255174b9c84437907369f27ac92b5bdb/vscode.lock': The pid 1425 appears to be gone.
2025-02-14 21:34:49.205 [info] Lock '/home/student/.vscode-server/data/User/workspaceStorage/255174b9c84437907369f27ac92b5bdb/vscode.lock': Deleting a stale lock.
2025-02-14 21:34:49.213 [info] Lock '/home/student/.vscode-server/data/User/workspaceStorage/255174b9c84437907369f27ac92b5bdb/vscode.lock': Lock acquired.
2025-02-14 21:34:49.349 [info] ExtensionService#_doActivateExtension vscode.git-base, startup: false, activationEvent: '*', root cause: vscode.git
2025-02-14 21:34:49.350 [info] ExtensionService#_doActivateExtension vscode.emmet, startup: false, activationEvent: 'onLanguage'
2025-02-14 21:34:49.641 [info] ExtensionService#_doActivateExtension vscode.git, startup: false, activationEvent: '*'
2025-02-14 21:34:49.642 [info] ExtensionService#_doActivateExtension vscode.github, startup: false, activationEvent: '*'
2025-02-14 21:34:49.959 [info] Eager extensions activated
2025-02-14 21:34:49.959 [info] ExtensionService#_doActivateExtension vscode.debug-auto-launch, startup: false, activationEvent: 'onStartupFinished'
2025-02-14 21:34:49.959 [info] ExtensionService#_doActivateExtension vscode.merge-conflict, startup: false, activationEvent: 'onStartupFinished'
2025-02-14 21:34:50.147 [warning] [Decorations] CAPPING events from decorations provider vscode.git 1623
2025-02-14 21:34:50.671 [warning] [Decorations] CAPPING events from decorations provider vscode.git 1623
2025-02-14 21:34:52.828 [warning] [Decorations] CAPPING events from decorations provider vscode.git 1623
2025-02-14 21:34:57.888 [warning] [Decorations] CAPPING events from decorations provider vscode.git 1623
2025-02-14 21:35:02.943 [warning] [Decorations] CAPPING events from decorations provider vscode.git 1623
2025-02-14 21:35:07.996 [warning] [Decorations] CAPPING events from decorations provider vscode.git 1623
2025-02-14 21:35:13.054 [warning] [Decorations] CAPPING events from decorations provider vscode.git 1623
2025-02-14 21:35:18.107 [warning] [Decorations] CAPPING events from decorations provider vscode.git 1623
2025-02-14 21:35:33.302 [warning] [Decorations] CAPPING events from decorations provider vscode.git 1623
2025-02-14 21:35:38.356 [warning] [Decorations] CAPPING events from decorations provider vscode.git 1623
2025-02-14 21:35:43.411 [warning] [Decorations] CAPPING events from decorations provider vscode.git 1623
2025-02-14 21:35:48.465 [warning] [Decorations] CAPPING events from decorations provider vscode.git 1623
2025-02-14 21:35:53.529 [warning] [Decorations] CAPPING events from decorations provider vscode.git 1624
2025-02-14 21:35:58.584 [warning] [Decorations] CAPPING events from decorations provider vscode.git 1624
2025-02-14 21:36:03.639 [warning] [Decorations] CAPPING events from decorations provider vscode.git 1624
2025-02-14 21:36:08.699 [warning] [Decorations] CAPPING events from decorations provider vscode.git 1624
2025-02-14 21:36:13.758 [warning] [Decorations] CAPPING events from decorations provider vscode.git 1624
2025-02-14 21:36:19.809 [warning] [Decorations] CAPPING events from decorations provider vscode.git 1624
2025-02-14 21:36:20.246 [warning] [Decorations] CAPPING events from decorations provider vscode.git 1622
2025-02-14 21:36:20.317 [warning] [Decorations] CAPPING events from decorations provider vscode.git 1622
2025-02-14 21:36:25.387 [warning] [Decorations] CAPPING events from decorations provider vscode.git 1622
2025-02-14 21:36:30.448 [warning] [Decorations] CAPPING events from decorations provider vscode.git 1622
2025-02-14 21:36:35.517 [warning] [Decorations] CAPPING events from decorations provider vscode.git 1622
2025-02-14 21:36:40.591 [warning] [Decorations] CAPPING events from decorations provider vscode.git 1622
2025-02-14 21:36:41.047 [warning] [Decorations] CAPPING events from decorations provider vscode.git 1623
2025-02-14 21:36:47.916 [warning] [Decorations] CAPPING events from decorations provider vscode.git 1624
2025-02-14 21:36:47.989 [warning] [Decorations] CAPPING events from decorations provider vscode.git 1624
2025-02-14 21:36:53.059 [warning] [Decorations] CAPPING events from decorations provider vscode.git 1624
2025-02-14 21:36:58.133 [warning] [Decorations] CAPPING events from decorations provider vscode.git 1624
