2025-04-11 23:45:28.328 [info] [main] Log level: Info
2025-04-11 23:45:28.328 [info] [main] Validating found git in: "git"
2025-04-11 23:45:28.328 [info] [main] Using git "2.34.1" from "git"
2025-04-11 23:45:28.328 [info] [Model][doInitialScan] Initial repository scan started
2025-04-11 23:45:28.328 [info] > git rev-parse --show-toplevel [38ms]
2025-04-11 23:45:28.328 [info] > git rev-parse --git-dir --git-common-dir [2ms]
2025-04-11 23:45:28.328 [info] [Model][openRepository] Opened repository: /home/student
2025-04-11 23:45:28.328 [info] > git config --get commit.template [31ms]
2025-04-11 23:45:28.328 [info] > git rev-parse --show-toplevel [29ms]
2025-04-11 23:45:28.328 [info] > git for-each-ref --format=%(refname)%00%(upstream:short)%00%(objectname)%00%(upstream:track)%00%(upstream:remotename)%00%(upstream:remoteref) refs/heads/main refs/remotes/main [7ms]
2025-04-11 23:45:28.328 [info] > git rev-parse --show-toplevel [28ms]
2025-04-11 23:45:28.342 [info] > git rev-parse --show-toplevel [10ms]
2025-04-11 23:45:28.358 [info] > git for-each-ref --sort -committerdate --format %(refname) %(objectname) %(*objectname) [16ms]
2025-04-11 23:45:28.359 [info] > git rev-parse --show-toplevel [2ms]
2025-04-11 23:45:28.364 [info] > git rev-parse --show-toplevel [2ms]
2025-04-11 23:45:28.367 [info] [Model][doInitialScan] Initial repository scan completed - repositories (1), closed repositories (0), parent repositories (0), unsafe repositories (0)
2025-04-11 23:45:28.406 [info] > git status -z -uall [69ms]
2025-04-11 23:45:28.449 [info] > git for-each-ref --format=%(refname)%00%(upstream:short)%00%(objectname)%00%(upstream:track)%00%(upstream:remotename)%00%(upstream:remoteref) refs/heads/main refs/remotes/main [7ms]
2025-04-11 23:45:28.453 [info] > git config --get commit.template [4ms]
2025-04-11 23:45:28.453 [info] > git config --get --local branch.main.vscode-merge-base [1ms]
2025-04-11 23:45:28.454 [warning] [Git][config] git config failed: Failed to execute git
2025-04-11 23:45:28.460 [info] > git reflog main --grep-reflog=branch: Created from *. [3ms]
2025-04-11 23:45:28.463 [info] > git for-each-ref --format=%(refname)%00%(upstream:short)%00%(objectname)%00%(upstream:track)%00%(upstream:remotename)%00%(upstream:remoteref) refs/heads/main refs/remotes/main [3ms]
2025-04-11 23:45:28.464 [info] > git symbolic-ref --short refs/remotes/origin/HEAD [2ms]
2025-04-11 23:45:28.464 [info] fatal: ref refs/remotes/origin/HEAD is not a symbolic ref
2025-04-11 23:45:28.464 [warning] [Repository][getDefaultBranch] Failed to get default branch details: Failed to execute git.
2025-04-11 23:45:28.474 [info] > git merge-base refs/heads/main refs/remotes/origin/main [7ms]
2025-04-11 23:45:28.481 [info] > git for-each-ref --sort -committerdate --format %(refname) %(objectname) %(*objectname) [8ms]
2025-04-11 23:45:28.482 [info] > git diff --name-status -z --diff-filter=ADMR 73250b902b6c038d6bd3d5f9ba8021d108414f79...refs/remotes/origin/main [2ms]
2025-04-11 23:45:28.575 [info] > git status -z -uall [105ms]
2025-04-11 23:45:28.959 [info] > git check-ignore -v -z --stdin [30ms]
2025-04-11 23:45:52.818 [info] > git config --get commit.template [4ms]
2025-04-11 23:45:52.819 [info] > git for-each-ref --format=%(refname)%00%(upstream:short)%00%(objectname)%00%(upstream:track)%00%(upstream:remotename)%00%(upstream:remoteref) refs/heads/main refs/remotes/main [2ms]
2025-04-11 23:45:52.830 [info] > git for-each-ref --sort -committerdate --format %(refname) %(objectname) %(*objectname) [4ms]
2025-04-11 23:45:52.889 [info] > git status -z -uall [67ms]
2025-04-11 23:48:17.367 [info] > git config --get commit.template [6ms]
2025-04-11 23:48:17.368 [info] > git for-each-ref --format=%(refname)%00%(upstream:short)%00%(objectname)%00%(upstream:track)%00%(upstream:remotename)%00%(upstream:remoteref) refs/heads/main refs/remotes/main [3ms]
2025-04-11 23:48:17.377 [info] > git for-each-ref --sort -committerdate --format %(refname) %(objectname) %(*objectname) [2ms]
2025-04-11 23:48:17.434 [info] > git status -z -uall [63ms]
2025-04-11 23:48:22.453 [info] > git config --get commit.template [3ms]
2025-04-11 23:48:22.454 [info] > git for-each-ref --format=%(refname)%00%(upstream:short)%00%(objectname)%00%(upstream:track)%00%(upstream:remotename)%00%(upstream:remoteref) refs/heads/main refs/remotes/main [1ms]
2025-04-11 23:48:22.462 [info] > git for-each-ref --sort -committerdate --format %(refname) %(objectname) %(*objectname) [3ms]
2025-04-11 23:48:22.522 [info] > git status -z -uall [65ms]
2025-04-11 23:50:18.661 [info] > git config --get commit.template [3ms]
2025-04-11 23:50:18.663 [info] > git for-each-ref --format=%(refname)%00%(upstream:short)%00%(objectname)%00%(upstream:track)%00%(upstream:remotename)%00%(upstream:remoteref) refs/heads/main refs/remotes/main [3ms]
2025-04-11 23:50:18.670 [info] > git for-each-ref --sort -committerdate --format %(refname) %(objectname) %(*objectname) [2ms]
2025-04-11 23:50:18.730 [info] > git status -z -uall [64ms]
2025-04-11 23:50:27.666 [info] > git config --get commit.template [6ms]
2025-04-11 23:50:27.666 [info] > git for-each-ref --format=%(refname)%00%(upstream:short)%00%(objectname)%00%(upstream:track)%00%(upstream:remotename)%00%(upstream:remoteref) refs/heads/main refs/remotes/main [2ms]
2025-04-11 23:50:27.675 [info] > git for-each-ref --sort -committerdate --format %(refname) %(objectname) %(*objectname) [3ms]
2025-04-11 23:50:27.733 [info] > git status -z -uall [63ms]
2025-04-11 23:50:32.756 [info] > git config --get commit.template [5ms]
2025-04-11 23:50:32.757 [info] > git for-each-ref --format=%(refname)%00%(upstream:short)%00%(objectname)%00%(upstream:track)%00%(upstream:remotename)%00%(upstream:remoteref) refs/heads/main refs/remotes/main [2ms]
2025-04-11 23:50:32.764 [info] > git for-each-ref --sort -committerdate --format %(refname) %(objectname) %(*objectname) [2ms]
2025-04-11 23:50:32.822 [info] > git status -z -uall [63ms]
2025-04-11 23:50:37.839 [info] > git config --get commit.template [3ms]
2025-04-11 23:50:37.840 [info] > git for-each-ref --format=%(refname)%00%(upstream:short)%00%(objectname)%00%(upstream:track)%00%(upstream:remotename)%00%(upstream:remoteref) refs/heads/main refs/remotes/main [2ms]
2025-04-11 23:50:37.848 [info] > git for-each-ref --sort -committerdate --format %(refname) %(objectname) %(*objectname) [3ms]
2025-04-11 23:50:37.906 [info] > git status -z -uall [63ms]
2025-04-11 23:50:42.924 [info] > git config --get commit.template [4ms]
2025-04-11 23:50:42.926 [info] > git for-each-ref --format=%(refname)%00%(upstream:short)%00%(objectname)%00%(upstream:track)%00%(upstream:remotename)%00%(upstream:remoteref) refs/heads/main refs/remotes/main [3ms]
2025-04-11 23:50:42.934 [info] > git for-each-ref --sort -committerdate --format %(refname) %(objectname) %(*objectname) [2ms]
2025-04-11 23:50:42.993 [info] > git status -z -uall [64ms]
2025-04-11 23:50:48.008 [info] > git config --get commit.template [4ms]
2025-04-11 23:50:48.009 [info] > git for-each-ref --format=%(refname)%00%(upstream:short)%00%(objectname)%00%(upstream:track)%00%(upstream:remotename)%00%(upstream:remoteref) refs/heads/main refs/remotes/main [2ms]
2025-04-11 23:50:48.024 [info] > git for-each-ref --sort -committerdate --format %(refname) %(objectname) %(*objectname) [10ms]
2025-04-11 23:50:48.075 [info] > git status -z -uall [63ms]
2025-04-11 23:50:53.092 [info] > git config --get commit.template [3ms]
2025-04-11 23:50:53.093 [info] > git for-each-ref --format=%(refname)%00%(upstream:short)%00%(objectname)%00%(upstream:track)%00%(upstream:remotename)%00%(upstream:remoteref) refs/heads/main refs/remotes/main [2ms]
2025-04-11 23:50:53.101 [info] > git for-each-ref --sort -committerdate --format %(refname) %(objectname) %(*objectname) [2ms]
2025-04-11 23:50:53.160 [info] > git status -z -uall [64ms]
2025-04-11 23:50:58.179 [info] > git config --get commit.template [4ms]
2025-04-11 23:50:58.180 [info] > git for-each-ref --format=%(refname)%00%(upstream:short)%00%(objectname)%00%(upstream:track)%00%(upstream:remotename)%00%(upstream:remoteref) refs/heads/main refs/remotes/main [2ms]
2025-04-11 23:50:58.188 [info] > git for-each-ref --sort -committerdate --format %(refname) %(objectname) %(*objectname) [2ms]
2025-04-11 23:50:58.246 [info] > git status -z -uall [63ms]
2025-04-11 23:51:03.264 [info] > git config --get commit.template [4ms]
2025-04-11 23:51:03.265 [info] > git for-each-ref --format=%(refname)%00%(upstream:short)%00%(objectname)%00%(upstream:track)%00%(upstream:remotename)%00%(upstream:remoteref) refs/heads/main refs/remotes/main [2ms]
2025-04-11 23:51:03.273 [info] > git for-each-ref --sort -committerdate --format %(refname) %(objectname) %(*objectname) [2ms]
2025-04-11 23:51:03.334 [info] > git status -z -uall [66ms]
2025-04-11 23:51:08.352 [info] > git config --get commit.template [5ms]
2025-04-11 23:51:08.352 [info] > git for-each-ref --format=%(refname)%00%(upstream:short)%00%(objectname)%00%(upstream:track)%00%(upstream:remotename)%00%(upstream:remoteref) refs/heads/main refs/remotes/main [2ms]
2025-04-11 23:51:08.360 [info] > git for-each-ref --sort -committerdate --format %(refname) %(objectname) %(*objectname) [2ms]
2025-04-11 23:51:08.419 [info] > git status -z -uall [64ms]
2025-04-11 23:51:13.438 [info] > git config --get commit.template [6ms]
2025-04-11 23:51:13.439 [info] > git for-each-ref --format=%(refname)%00%(upstream:short)%00%(objectname)%00%(upstream:track)%00%(upstream:remotename)%00%(upstream:remoteref) refs/heads/main refs/remotes/main [2ms]
2025-04-11 23:51:13.448 [info] > git for-each-ref --sort -committerdate --format %(refname) %(objectname) %(*objectname) [2ms]
2025-04-11 23:51:13.506 [info] > git status -z -uall [64ms]
2025-04-11 23:51:18.521 [info] > git config --get commit.template [4ms]
2025-04-11 23:51:18.522 [info] > git for-each-ref --format=%(refname)%00%(upstream:short)%00%(objectname)%00%(upstream:track)%00%(upstream:remotename)%00%(upstream:remoteref) refs/heads/main refs/remotes/main [2ms]
2025-04-11 23:51:18.530 [info] > git for-each-ref --sort -committerdate --format %(refname) %(objectname) %(*objectname) [2ms]
2025-04-11 23:51:18.591 [info] > git status -z -uall [66ms]
2025-04-11 23:51:23.610 [info] > git config --get commit.template [6ms]
2025-04-11 23:51:23.611 [info] > git for-each-ref --format=%(refname)%00%(upstream:short)%00%(objectname)%00%(upstream:track)%00%(upstream:remotename)%00%(upstream:remoteref) refs/heads/main refs/remotes/main [2ms]
2025-04-11 23:51:23.619 [info] > git for-each-ref --sort -committerdate --format %(refname) %(objectname) %(*objectname) [2ms]
2025-04-11 23:51:23.678 [info] > git status -z -uall [63ms]
2025-04-11 23:51:28.696 [info] > git config --get commit.template [5ms]
2025-04-11 23:51:28.698 [info] > git for-each-ref --format=%(refname)%00%(upstream:short)%00%(objectname)%00%(upstream:track)%00%(upstream:remotename)%00%(upstream:remoteref) refs/heads/main refs/remotes/main [3ms]
2025-04-11 23:51:28.706 [info] > git for-each-ref --sort -committerdate --format %(refname) %(objectname) %(*objectname) [2ms]
2025-04-11 23:51:28.769 [info] > git status -z -uall [68ms]
2025-04-11 23:51:33.787 [info] > git for-each-ref --format=%(refname)%00%(upstream:short)%00%(objectname)%00%(upstream:track)%00%(upstream:remotename)%00%(upstream:remoteref) refs/heads/main refs/remotes/main [3ms]
2025-04-11 23:51:33.788 [info] > git config --get commit.template [8ms]
2025-04-11 23:51:33.803 [info] > git for-each-ref --sort -committerdate --format %(refname) %(objectname) %(*objectname) [9ms]
2025-04-11 23:51:33.856 [info] > git status -z -uall [64ms]
2025-04-11 23:51:38.871 [info] > git config --get commit.template [5ms]
2025-04-11 23:51:38.872 [info] > git for-each-ref --format=%(refname)%00%(upstream:short)%00%(objectname)%00%(upstream:track)%00%(upstream:remotename)%00%(upstream:remoteref) refs/heads/main refs/remotes/main [2ms]
2025-04-11 23:51:38.890 [info] > git for-each-ref --sort -committerdate --format %(refname) %(objectname) %(*objectname) [13ms]
2025-04-11 23:51:38.936 [info] > git status -z -uall [60ms]
2025-04-11 23:51:43.951 [info] > git config --get commit.template [3ms]
2025-04-11 23:51:43.957 [info] > git for-each-ref --format=%(refname)%00%(upstream:short)%00%(objectname)%00%(upstream:track)%00%(upstream:remotename)%00%(upstream:remoteref) refs/heads/main refs/remotes/main [2ms]
2025-04-11 23:51:43.967 [info] > git for-each-ref --sort -committerdate --format %(refname) %(objectname) %(*objectname) [4ms]
2025-04-11 23:51:44.028 [info] > git status -z -uall [67ms]
