2025-04-20 00:04:48.516 [info] [main] Log level: Info
2025-04-20 00:04:48.516 [info] [main] Validating found git in: "git"
2025-04-20 00:04:48.516 [info] [main] Using git "2.34.1" from "git"
2025-04-20 00:04:48.516 [info] [Model][doInitialScan] Initial repository scan started
2025-04-20 00:04:48.516 [info] > git rev-parse --show-toplevel [42ms]
2025-04-20 00:04:48.516 [info] > git rev-parse --git-dir --git-common-dir [1ms]
2025-04-20 00:04:48.516 [info] [Model][openRepository] Opened repository: /home/student
2025-04-20 00:04:48.516 [info] > git config --get commit.template [7ms]
2025-04-20 00:04:48.516 [info] > git rev-parse --show-toplevel [6ms]
2025-04-20 00:04:48.516 [info] > git rev-parse --show-toplevel [2ms]
2025-04-20 00:04:48.516 [info] > git rev-parse --show-toplevel [2ms]
2025-04-20 00:04:48.517 [info] > git rev-parse --show-toplevel [1ms]
2025-04-20 00:04:48.520 [info] [Model][doInitialScan] Initial repository scan completed - repositories (1), closed repositories (0), parent repositories (0), unsafe repositories (0)
2025-04-20 00:04:48.537 [info] > git for-each-ref --format=%(refname)%00%(upstream:short)%00%(objectname)%00%(upstream:track)%00%(upstream:remotename)%00%(upstream:remoteref) refs/heads/main refs/remotes/main [36ms]
2025-04-20 00:04:48.546 [info] > git for-each-ref --sort -committerdate --format %(refname)%00%(objectname)%00%(*objectname) [2ms]
2025-04-20 00:04:48.737 [info] > git status -z -uall [197ms]
2025-04-20 00:04:49.502 [info] > git for-each-ref --format=%(refname)%00%(upstream:short)%00%(objectname)%00%(upstream:track)%00%(upstream:remotename)%00%(upstream:remoteref) refs/heads/main refs/remotes/main [549ms]
2025-04-20 00:04:49.514 [info] > git config --get --local branch.main.vscode-merge-base [8ms]
2025-04-20 00:04:49.514 [warning] [Git][config] git config failed: Failed to execute git
2025-04-20 00:04:49.524 [info] > git config --get commit.template [30ms]
2025-04-20 00:04:49.525 [info] > git check-ignore -v -z --stdin [15ms]
2025-04-20 00:04:49.538 [info] > git for-each-ref --format=%(refname)%00%(upstream:short)%00%(objectname)%00%(upstream:track)%00%(upstream:remotename)%00%(upstream:remoteref) refs/heads/main refs/remotes/main [3ms]
2025-04-20 00:04:49.572 [info] > git reflog main --grep-reflog=branch: Created from *. [49ms]
2025-04-20 00:04:49.575 [info] > git for-each-ref --sort -committerdate --format %(refname)%00%(objectname)%00%(*objectname) [4ms]
2025-04-20 00:04:49.596 [info] > git symbolic-ref --short refs/remotes/origin/HEAD [22ms]
2025-04-20 00:04:49.596 [info] fatal: ref refs/remotes/origin/HEAD is not a symbolic ref
2025-04-20 00:04:49.596 [warning] [Repository][getDefaultBranch] Failed to get default branch details: Failed to execute git.
2025-04-20 00:04:49.602 [info] > git merge-base refs/heads/main refs/remotes/origin/main [2ms]
2025-04-20 00:04:49.608 [info] > git diff --name-status -z --diff-filter=ADMR 73250b902b6c038d6bd3d5f9ba8021d108414f79...refs/remotes/origin/main [2ms]
2025-04-20 00:04:49.635 [info] > git status -z -uall [77ms]
2025-04-20 00:04:52.991 [info] > git config --get commit.template [4ms]
2025-04-20 00:04:52.992 [info] > git for-each-ref --format=%(refname)%00%(upstream:short)%00%(objectname)%00%(upstream:track)%00%(upstream:remotename)%00%(upstream:remoteref) refs/heads/main refs/remotes/main [2ms]
2025-04-20 00:04:53.000 [info] > git for-each-ref --sort -committerdate --format %(refname)%00%(objectname)%00%(*objectname) [2ms]
2025-04-20 00:04:53.064 [info] > git status -z -uall [69ms]
2025-04-20 00:04:58.185 [info] > git config --get commit.template [4ms]
2025-04-20 00:04:58.186 [info] > git for-each-ref --format=%(refname)%00%(upstream:short)%00%(objectname)%00%(upstream:track)%00%(upstream:remotename)%00%(upstream:remoteref) refs/heads/main refs/remotes/main [1ms]
2025-04-20 00:04:58.199 [info] > git for-each-ref --sort -committerdate --format %(refname)%00%(objectname)%00%(*objectname) [7ms]
2025-04-20 00:04:58.256 [info] > git status -z -uall [67ms]
2025-04-20 00:05:03.401 [info] > git config --get commit.template [4ms]
2025-04-20 00:05:03.403 [info] > git for-each-ref --format=%(refname)%00%(upstream:short)%00%(objectname)%00%(upstream:track)%00%(upstream:remotename)%00%(upstream:remoteref) refs/heads/main refs/remotes/main [2ms]
2025-04-20 00:05:03.412 [info] > git for-each-ref --sort -committerdate --format %(refname)%00%(objectname)%00%(*objectname) [2ms]
2025-04-20 00:05:03.470 [info] > git status -z -uall [64ms]
2025-04-20 00:05:08.597 [info] > git config --get commit.template [5ms]
2025-04-20 00:05:08.598 [info] > git for-each-ref --format=%(refname)%00%(upstream:short)%00%(objectname)%00%(upstream:track)%00%(upstream:remotename)%00%(upstream:remoteref) refs/heads/main refs/remotes/main [1ms]
2025-04-20 00:05:08.613 [info] > git for-each-ref --sort -committerdate --format %(refname)%00%(objectname)%00%(*objectname) [7ms]
2025-04-20 00:05:08.669 [info] > git status -z -uall [67ms]
2025-04-20 00:05:13.798 [info] > git config --get commit.template [4ms]
2025-04-20 00:05:13.799 [info] > git for-each-ref --format=%(refname)%00%(upstream:short)%00%(objectname)%00%(upstream:track)%00%(upstream:remotename)%00%(upstream:remoteref) refs/heads/main refs/remotes/main [2ms]
2025-04-20 00:05:13.808 [info] > git for-each-ref --sort -committerdate --format %(refname)%00%(objectname)%00%(*objectname) [2ms]
2025-04-20 00:05:13.866 [info] > git status -z -uall [63ms]
2025-04-20 00:05:18.992 [info] > git config --get commit.template [4ms]
2025-04-20 00:05:18.992 [info] > git for-each-ref --format=%(refname)%00%(upstream:short)%00%(objectname)%00%(upstream:track)%00%(upstream:remotename)%00%(upstream:remoteref) refs/heads/main refs/remotes/main [1ms]
2025-04-20 00:05:19.008 [info] > git for-each-ref --sort -committerdate --format %(refname)%00%(objectname)%00%(*objectname) [7ms]
2025-04-20 00:05:19.058 [info] > git status -z -uall [61ms]
2025-04-20 00:05:24.178 [info] > git config --get commit.template [4ms]
2025-04-20 00:05:24.179 [info] > git for-each-ref --format=%(refname)%00%(upstream:short)%00%(objectname)%00%(upstream:track)%00%(upstream:remotename)%00%(upstream:remoteref) refs/heads/main refs/remotes/main [2ms]
2025-04-20 00:05:24.192 [info] > git for-each-ref --sort -committerdate --format %(refname)%00%(objectname)%00%(*objectname) [7ms]
2025-04-20 00:05:24.245 [info] > git status -z -uall [62ms]
2025-04-20 00:05:29.413 [info] > git config --get commit.template [4ms]
2025-04-20 00:05:29.413 [info] > git for-each-ref --format=%(refname)%00%(upstream:short)%00%(objectname)%00%(upstream:track)%00%(upstream:remotename)%00%(upstream:remoteref) refs/heads/main refs/remotes/main [1ms]
2025-04-20 00:05:29.421 [info] > git for-each-ref --sort -committerdate --format %(refname)%00%(objectname)%00%(*objectname) [2ms]
2025-04-20 00:05:29.481 [info] > git status -z -uall [65ms]
2025-04-20 00:05:34.609 [info] > git config --get commit.template [5ms]
2025-04-20 00:05:34.610 [info] > git for-each-ref --format=%(refname)%00%(upstream:short)%00%(objectname)%00%(upstream:track)%00%(upstream:remotename)%00%(upstream:remoteref) refs/heads/main refs/remotes/main [2ms]
2025-04-20 00:05:34.620 [info] > git for-each-ref --sort -committerdate --format %(refname)%00%(objectname)%00%(*objectname) [4ms]
2025-04-20 00:05:34.678 [info] > git status -z -uall [64ms]
2025-04-20 00:05:39.804 [info] > git config --get commit.template [4ms]
2025-04-20 00:05:39.805 [info] > git for-each-ref --format=%(refname)%00%(upstream:short)%00%(objectname)%00%(upstream:track)%00%(upstream:remotename)%00%(upstream:remoteref) refs/heads/main refs/remotes/main [2ms]
2025-04-20 00:05:39.813 [info] > git for-each-ref --sort -committerdate --format %(refname)%00%(objectname)%00%(*objectname) [2ms]
2025-04-20 00:05:39.869 [info] > git status -z -uall [61ms]
2025-04-20 00:05:44.998 [info] > git config --get commit.template [4ms]
2025-04-20 00:05:44.999 [info] > git for-each-ref --format=%(refname)%00%(upstream:short)%00%(objectname)%00%(upstream:track)%00%(upstream:remotename)%00%(upstream:remoteref) refs/heads/main refs/remotes/main [2ms]
2025-04-20 00:05:45.018 [info] > git for-each-ref --sort -committerdate --format %(refname)%00%(objectname)%00%(*objectname) [11ms]
2025-04-20 00:05:45.075 [info] > git status -z -uall [73ms]
2025-04-20 00:05:50.200 [info] > git config --get commit.template [5ms]
2025-04-20 00:05:50.201 [info] > git for-each-ref --format=%(refname)%00%(upstream:short)%00%(objectname)%00%(upstream:track)%00%(upstream:remotename)%00%(upstream:remoteref) refs/heads/main refs/remotes/main [2ms]
2025-04-20 00:05:50.218 [info] > git for-each-ref --sort -committerdate --format %(refname)%00%(objectname)%00%(*objectname) [10ms]
2025-04-20 00:05:50.288 [info] > git status -z -uall [84ms]
2025-04-20 00:05:55.406 [info] > git config --get commit.template [7ms]
2025-04-20 00:05:55.407 [info] > git for-each-ref --format=%(refname)%00%(upstream:short)%00%(objectname)%00%(upstream:track)%00%(upstream:remotename)%00%(upstream:remoteref) refs/heads/main refs/remotes/main [2ms]
2025-04-20 00:05:55.417 [info] > git for-each-ref --sort -committerdate --format %(refname)%00%(objectname)%00%(*objectname) [2ms]
2025-04-20 00:05:55.474 [info] > git status -z -uall [63ms]
2025-04-20 00:05:57.878 [info] > git config --get commit.template [5ms]
2025-04-20 00:05:57.879 [info] > git for-each-ref --format=%(refname)%00%(upstream:short)%00%(objectname)%00%(upstream:track)%00%(upstream:remotename)%00%(upstream:remoteref) refs/heads/main refs/remotes/main [2ms]
2025-04-20 00:05:57.888 [info] > git for-each-ref --sort -committerdate --format %(refname)%00%(objectname)%00%(*objectname) [1ms]
2025-04-20 00:05:57.947 [info] > git status -z -uall [65ms]
2025-04-20 00:06:00.599 [info] > git config --get commit.template [4ms]
2025-04-20 00:06:00.600 [info] > git for-each-ref --format=%(refname)%00%(upstream:short)%00%(objectname)%00%(upstream:track)%00%(upstream:remotename)%00%(upstream:remoteref) refs/heads/main refs/remotes/main [2ms]
2025-04-20 00:06:00.617 [info] > git for-each-ref --sort -committerdate --format %(refname)%00%(objectname)%00%(*objectname) [2ms]
2025-04-20 00:06:00.669 [info] > git status -z -uall [65ms]
2025-04-20 00:07:07.571 [info] > git config --get commit.template [3ms]
2025-04-20 00:07:07.572 [info] > git for-each-ref --format=%(refname)%00%(upstream:short)%00%(objectname)%00%(upstream:track)%00%(upstream:remotename)%00%(upstream:remoteref) refs/heads/main refs/remotes/main [1ms]
2025-04-20 00:07:07.586 [info] > git for-each-ref --sort -committerdate --format %(refname)%00%(objectname)%00%(*objectname) [9ms]
2025-04-20 00:07:07.638 [info] > git status -z -uall [63ms]
2025-04-20 00:07:12.816 [info] > git config --get commit.template [3ms]
2025-04-20 00:07:12.817 [info] > git for-each-ref --format=%(refname)%00%(upstream:short)%00%(objectname)%00%(upstream:track)%00%(upstream:remotename)%00%(upstream:remoteref) refs/heads/main refs/remotes/main [2ms]
2025-04-20 00:07:12.824 [info] > git for-each-ref --sort -committerdate --format %(refname)%00%(objectname)%00%(*objectname) [2ms]
2025-04-20 00:07:12.880 [info] > git status -z -uall [61ms]
2025-04-20 00:07:21.931 [info] > git config --get commit.template [6ms]
2025-04-20 00:07:21.931 [info] > git for-each-ref --format=%(refname)%00%(upstream:short)%00%(objectname)%00%(upstream:track)%00%(upstream:remotename)%00%(upstream:remoteref) refs/heads/main refs/remotes/main [1ms]
2025-04-20 00:07:21.939 [info] > git for-each-ref --sort -committerdate --format %(refname)%00%(objectname)%00%(*objectname) [2ms]
2025-04-20 00:07:21.996 [info] > git status -z -uall [62ms]
2025-04-20 00:07:23.081 [info] > git config --get commit.template [3ms]
2025-04-20 00:07:23.082 [info] > git for-each-ref --format=%(refname)%00%(upstream:short)%00%(objectname)%00%(upstream:track)%00%(upstream:remotename)%00%(upstream:remoteref) refs/heads/main refs/remotes/main [1ms]
2025-04-20 00:07:23.090 [info] > git for-each-ref --sort -committerdate --format %(refname)%00%(objectname)%00%(*objectname) [2ms]
2025-04-20 00:07:23.147 [info] > git status -z -uall [62ms]
2025-04-20 00:07:28.037 [info] > git config --get commit.template [4ms]
2025-04-20 00:07:28.038 [info] > git for-each-ref --format=%(refname)%00%(upstream:short)%00%(objectname)%00%(upstream:track)%00%(upstream:remotename)%00%(upstream:remoteref) refs/heads/main refs/remotes/main [2ms]
2025-04-20 00:07:28.048 [info] > git for-each-ref --sort -committerdate --format %(refname)%00%(objectname)%00%(*objectname) [4ms]
2025-04-20 00:07:28.107 [info] > git status -z -uall [66ms]
2025-04-20 00:07:33.282 [info] > git config --get commit.template [4ms]
2025-04-20 00:07:33.282 [info] > git for-each-ref --format=%(refname)%00%(upstream:short)%00%(objectname)%00%(upstream:track)%00%(upstream:remotename)%00%(upstream:remoteref) refs/heads/main refs/remotes/main [1ms]
2025-04-20 00:07:33.298 [info] > git for-each-ref --sort -committerdate --format %(refname)%00%(objectname)%00%(*objectname) [10ms]
2025-04-20 00:07:33.348 [info] > git status -z -uall [63ms]
2025-04-20 00:07:38.470 [info] > git config --get commit.template [4ms]
2025-04-20 00:07:38.470 [info] > git for-each-ref --format=%(refname)%00%(upstream:short)%00%(objectname)%00%(upstream:track)%00%(upstream:remotename)%00%(upstream:remoteref) refs/heads/main refs/remotes/main [1ms]
2025-04-20 00:07:38.485 [info] > git for-each-ref --sort -committerdate --format %(refname)%00%(objectname)%00%(*objectname) [9ms]
2025-04-20 00:07:38.534 [info] > git status -z -uall [61ms]
2025-04-20 00:09:13.097 [info] > git config --get commit.template [4ms]
2025-04-20 00:09:13.097 [info] > git for-each-ref --format=%(refname)%00%(upstream:short)%00%(objectname)%00%(upstream:track)%00%(upstream:remotename)%00%(upstream:remoteref) refs/heads/main refs/remotes/main [1ms]
2025-04-20 00:09:13.113 [info] > git for-each-ref --sort -committerdate --format %(refname)%00%(objectname)%00%(*objectname) [9ms]
2025-04-20 00:09:13.172 [info] > git status -z -uall [71ms]
2025-04-20 00:09:18.378 [info] > git config --get commit.template [6ms]
2025-04-20 00:09:18.378 [info] > git for-each-ref --format=%(refname)%00%(upstream:short)%00%(objectname)%00%(upstream:track)%00%(upstream:remotename)%00%(upstream:remoteref) refs/heads/main refs/remotes/main [1ms]
2025-04-20 00:09:18.394 [info] > git for-each-ref --sort -committerdate --format %(refname)%00%(objectname)%00%(*objectname) [5ms]
2025-04-20 00:09:18.457 [info] > git status -z -uall [74ms]
2025-04-20 00:09:23.051 [info] > git config --get commit.template [3ms]
2025-04-20 00:09:23.052 [info] > git for-each-ref --format=%(refname)%00%(upstream:short)%00%(objectname)%00%(upstream:track)%00%(upstream:remotename)%00%(upstream:remoteref) refs/heads/main refs/remotes/main [1ms]
2025-04-20 00:09:23.060 [info] > git for-each-ref --sort -committerdate --format %(refname)%00%(objectname)%00%(*objectname) [2ms]
2025-04-20 00:09:23.118 [info] > git status -z -uall [63ms]
2025-04-20 00:09:23.681 [info] > git config --get commit.template [5ms]
2025-04-20 00:09:23.682 [info] > git for-each-ref --format=%(refname)%00%(upstream:short)%00%(objectname)%00%(upstream:track)%00%(upstream:remotename)%00%(upstream:remoteref) refs/heads/main refs/remotes/main [2ms]
2025-04-20 00:09:23.690 [info] > git for-each-ref --sort -committerdate --format %(refname)%00%(objectname)%00%(*objectname) [2ms]
2025-04-20 00:09:23.751 [info] > git status -z -uall [66ms]
2025-04-20 00:09:32.298 [info] > git config --get commit.template [4ms]
2025-04-20 00:09:32.299 [info] > git for-each-ref --format=%(refname)%00%(upstream:short)%00%(objectname)%00%(upstream:track)%00%(upstream:remotename)%00%(upstream:remoteref) refs/heads/main refs/remotes/main [1ms]
2025-04-20 00:09:32.315 [info] > git for-each-ref --sort -committerdate --format %(refname)%00%(objectname)%00%(*objectname) [9ms]
2025-04-20 00:09:32.366 [info] > git status -z -uall [64ms]
2025-04-20 00:09:41.382 [info] > git config --get commit.template [4ms]
2025-04-20 00:09:41.383 [info] > git for-each-ref --format=%(refname)%00%(upstream:short)%00%(objectname)%00%(upstream:track)%00%(upstream:remotename)%00%(upstream:remoteref) refs/heads/main refs/remotes/main [1ms]
2025-04-20 00:09:41.395 [info] > git for-each-ref --sort -committerdate --format %(refname)%00%(objectname)%00%(*objectname) [5ms]
2025-04-20 00:09:41.458 [info] > git status -z -uall [71ms]
2025-04-20 00:09:46.592 [info] > git config --get commit.template [3ms]
2025-04-20 00:09:46.593 [info] > git for-each-ref --format=%(refname)%00%(upstream:short)%00%(objectname)%00%(upstream:track)%00%(upstream:remotename)%00%(upstream:remoteref) refs/heads/main refs/remotes/main [1ms]
2025-04-20 00:09:46.601 [info] > git for-each-ref --sort -committerdate --format %(refname)%00%(objectname)%00%(*objectname) [2ms]
2025-04-20 00:09:46.663 [info] > git status -z -uall [67ms]
2025-04-20 00:09:52.901 [info] > git config --get commit.template [4ms]
2025-04-20 00:09:52.902 [info] > git for-each-ref --format=%(refname)%00%(upstream:short)%00%(objectname)%00%(upstream:track)%00%(upstream:remotename)%00%(upstream:remoteref) refs/heads/main refs/remotes/main [1ms]
2025-04-20 00:09:52.910 [info] > git for-each-ref --sort -committerdate --format %(refname)%00%(objectname)%00%(*objectname) [2ms]
2025-04-20 00:09:52.968 [info] > git status -z -uall [63ms]
2025-04-20 00:09:58.126 [info] > git config --get commit.template [0ms]
2025-04-20 00:09:58.130 [info] > git for-each-ref --format=%(refname)%00%(upstream:short)%00%(objectname)%00%(upstream:track)%00%(upstream:remotename)%00%(upstream:remoteref) refs/heads/main refs/remotes/main [2ms]
2025-04-20 00:09:58.137 [info] > git for-each-ref --sort -committerdate --format %(refname)%00%(objectname)%00%(*objectname) [2ms]
2025-04-20 00:09:58.194 [info] > git status -z -uall [62ms]
2025-04-20 00:10:03.316 [info] > git config --get commit.template [3ms]
2025-04-20 00:10:03.317 [info] > git for-each-ref --format=%(refname)%00%(upstream:short)%00%(objectname)%00%(upstream:track)%00%(upstream:remotename)%00%(upstream:remoteref) refs/heads/main refs/remotes/main [1ms]
2025-04-20 00:10:03.326 [info] > git for-each-ref --sort -committerdate --format %(refname)%00%(objectname)%00%(*objectname) [3ms]
2025-04-20 00:10:03.383 [info] > git status -z -uall [63ms]
2025-04-20 00:10:08.509 [info] > git config --get commit.template [3ms]
2025-04-20 00:10:08.509 [info] > git for-each-ref --format=%(refname)%00%(upstream:short)%00%(objectname)%00%(upstream:track)%00%(upstream:remotename)%00%(upstream:remoteref) refs/heads/main refs/remotes/main [1ms]
2025-04-20 00:10:08.523 [info] > git for-each-ref --sort -committerdate --format %(refname)%00%(objectname)%00%(*objectname) [7ms]
2025-04-20 00:10:08.575 [info] > git status -z -uall [63ms]
2025-04-20 00:10:47.418 [info] > git config --get commit.template [4ms]
2025-04-20 00:10:47.419 [info] > git for-each-ref --format=%(refname)%00%(upstream:short)%00%(objectname)%00%(upstream:track)%00%(upstream:remotename)%00%(upstream:remoteref) refs/heads/main refs/remotes/main [2ms]
2025-04-20 00:10:47.426 [info] > git for-each-ref --sort -committerdate --format %(refname)%00%(objectname)%00%(*objectname) [2ms]
2025-04-20 00:10:47.484 [info] > git status -z -uall [63ms]
2025-04-20 00:10:48.681 [info] > git config --get commit.template [3ms]
2025-04-20 00:10:48.682 [info] > git for-each-ref --format=%(refname)%00%(upstream:short)%00%(objectname)%00%(upstream:track)%00%(upstream:remotename)%00%(upstream:remoteref) refs/heads/main refs/remotes/main [1ms]
2025-04-20 00:10:48.689 [info] > git for-each-ref --sort -committerdate --format %(refname)%00%(objectname)%00%(*objectname) [1ms]
2025-04-20 00:10:48.746 [info] > git status -z -uall [61ms]
2025-04-20 00:10:55.846 [info] > git config --get commit.template [3ms]
2025-04-20 00:10:55.847 [info] > git for-each-ref --format=%(refname)%00%(upstream:short)%00%(objectname)%00%(upstream:track)%00%(upstream:remotename)%00%(upstream:remoteref) refs/heads/main refs/remotes/main [1ms]
2025-04-20 00:10:55.856 [info] > git for-each-ref --sort -committerdate --format %(refname)%00%(objectname)%00%(*objectname) [3ms]
2025-04-20 00:10:55.912 [info] > git status -z -uall [62ms]
2025-04-20 00:11:01.042 [info] > git config --get commit.template [4ms]
2025-04-20 00:11:01.043 [info] > git for-each-ref --format=%(refname)%00%(upstream:short)%00%(objectname)%00%(upstream:track)%00%(upstream:remotename)%00%(upstream:remoteref) refs/heads/main refs/remotes/main [1ms]
2025-04-20 00:11:01.051 [info] > git for-each-ref --sort -committerdate --format %(refname)%00%(objectname)%00%(*objectname) [2ms]
2025-04-20 00:11:01.107 [info] > git status -z -uall [61ms]
2025-04-20 00:11:06.230 [info] > git config --get commit.template [3ms]
2025-04-20 00:11:06.231 [info] > git for-each-ref --format=%(refname)%00%(upstream:short)%00%(objectname)%00%(upstream:track)%00%(upstream:remotename)%00%(upstream:remoteref) refs/heads/main refs/remotes/main [1ms]
2025-04-20 00:11:06.245 [info] > git for-each-ref --sort -committerdate --format %(refname)%00%(objectname)%00%(*objectname) [8ms]
2025-04-20 00:11:06.295 [info] > git status -z -uall [61ms]
2025-04-20 00:11:11.415 [info] > git config --get commit.template [3ms]
2025-04-20 00:11:11.416 [info] > git for-each-ref --format=%(refname)%00%(upstream:short)%00%(objectname)%00%(upstream:track)%00%(upstream:remotename)%00%(upstream:remoteref) refs/heads/main refs/remotes/main [1ms]
2025-04-20 00:11:11.424 [info] > git for-each-ref --sort -committerdate --format %(refname)%00%(objectname)%00%(*objectname) [2ms]
2025-04-20 00:11:11.481 [info] > git status -z -uall [62ms]
2025-04-20 00:11:34.466 [info] > git config --get commit.template [3ms]
2025-04-20 00:11:34.467 [info] > git for-each-ref --format=%(refname)%00%(upstream:short)%00%(objectname)%00%(upstream:track)%00%(upstream:remotename)%00%(upstream:remoteref) refs/heads/main refs/remotes/main [1ms]
2025-04-20 00:11:34.478 [info] > git for-each-ref --sort -committerdate --format %(refname)%00%(objectname)%00%(*objectname) [6ms]
2025-04-20 00:11:34.530 [info] > git status -z -uall [60ms]
2025-04-20 00:12:26.434 [info] > git config --get commit.template [2ms]
2025-04-20 00:12:26.438 [info] > git for-each-ref --format=%(refname)%00%(upstream:short)%00%(objectname)%00%(upstream:track)%00%(upstream:remotename)%00%(upstream:remoteref) refs/heads/main refs/remotes/main [1ms]
2025-04-20 00:12:26.446 [info] > git for-each-ref --sort -committerdate --format %(refname)%00%(objectname)%00%(*objectname) [2ms]
2025-04-20 00:12:26.509 [info] > git status -z -uall [68ms]
2025-04-20 00:12:31.695 [info] > git config --get commit.template [4ms]
2025-04-20 00:12:31.695 [info] > git for-each-ref --format=%(refname)%00%(upstream:short)%00%(objectname)%00%(upstream:track)%00%(upstream:remotename)%00%(upstream:remoteref) refs/heads/main refs/remotes/main [1ms]
2025-04-20 00:12:31.709 [info] > git for-each-ref --sort -committerdate --format %(refname)%00%(objectname)%00%(*objectname) [8ms]
2025-04-20 00:12:31.759 [info] > git status -z -uall [61ms]
2025-04-20 00:12:36.883 [info] > git config --get commit.template [3ms]
2025-04-20 00:12:36.884 [info] > git for-each-ref --format=%(refname)%00%(upstream:short)%00%(objectname)%00%(upstream:track)%00%(upstream:remotename)%00%(upstream:remoteref) refs/heads/main refs/remotes/main [1ms]
2025-04-20 00:12:36.892 [info] > git for-each-ref --sort -committerdate --format %(refname)%00%(objectname)%00%(*objectname) [2ms]
2025-04-20 00:12:36.950 [info] > git status -z -uall [63ms]
2025-04-20 00:12:42.117 [info] > git config --get commit.template [4ms]
2025-04-20 00:12:42.118 [info] > git for-each-ref --format=%(refname)%00%(upstream:short)%00%(objectname)%00%(upstream:track)%00%(upstream:remotename)%00%(upstream:remoteref) refs/heads/main refs/remotes/main [2ms]
2025-04-20 00:12:42.133 [info] > git for-each-ref --sort -committerdate --format %(refname)%00%(objectname)%00%(*objectname) [10ms]
2025-04-20 00:12:42.181 [info] > git status -z -uall [61ms]
2025-04-20 00:12:47.303 [info] > git config --get commit.template [3ms]
2025-04-20 00:12:47.304 [info] > git for-each-ref --format=%(refname)%00%(upstream:short)%00%(objectname)%00%(upstream:track)%00%(upstream:remotename)%00%(upstream:remoteref) refs/heads/main refs/remotes/main [1ms]
2025-04-20 00:12:47.317 [info] > git for-each-ref --sort -committerdate --format %(refname)%00%(objectname)%00%(*objectname) [7ms]
2025-04-20 00:12:47.368 [info] > git status -z -uall [61ms]
2025-04-20 00:12:52.495 [info] > git config --get commit.template [4ms]
2025-04-20 00:12:52.496 [info] > git for-each-ref --format=%(refname)%00%(upstream:short)%00%(objectname)%00%(upstream:track)%00%(upstream:remotename)%00%(upstream:remoteref) refs/heads/main refs/remotes/main [2ms]
2025-04-20 00:12:52.505 [info] > git for-each-ref --sort -committerdate --format %(refname)%00%(objectname)%00%(*objectname) [3ms]
2025-04-20 00:12:52.562 [info] > git status -z -uall [63ms]
2025-04-20 00:12:57.689 [info] > git config --get commit.template [4ms]
2025-04-20 00:12:57.690 [info] > git for-each-ref --format=%(refname)%00%(upstream:short)%00%(objectname)%00%(upstream:track)%00%(upstream:remotename)%00%(upstream:remoteref) refs/heads/main refs/remotes/main [2ms]
2025-04-20 00:12:57.701 [info] > git for-each-ref --sort -committerdate --format %(refname)%00%(objectname)%00%(*objectname) [5ms]
2025-04-20 00:12:57.756 [info] > git status -z -uall [63ms]
2025-04-20 00:13:02.879 [info] > git config --get commit.template [3ms]
2025-04-20 00:13:02.880 [info] > git for-each-ref --format=%(refname)%00%(upstream:short)%00%(objectname)%00%(upstream:track)%00%(upstream:remotename)%00%(upstream:remoteref) refs/heads/main refs/remotes/main [1ms]
2025-04-20 00:13:02.888 [info] > git for-each-ref --sort -committerdate --format %(refname)%00%(objectname)%00%(*objectname) [2ms]
2025-04-20 00:13:02.948 [info] > git status -z -uall [64ms]
2025-04-20 00:13:08.074 [info] > git config --get commit.template [4ms]
2025-04-20 00:13:08.075 [info] > git for-each-ref --format=%(refname)%00%(upstream:short)%00%(objectname)%00%(upstream:track)%00%(upstream:remotename)%00%(upstream:remoteref) refs/heads/main refs/remotes/main [2ms]
2025-04-20 00:13:08.084 [info] > git for-each-ref --sort -committerdate --format %(refname)%00%(objectname)%00%(*objectname) [3ms]
2025-04-20 00:13:08.139 [info] > git status -z -uall [61ms]
2025-04-20 00:13:13.263 [info] > git config --get commit.template [4ms]
2025-04-20 00:13:13.264 [info] > git for-each-ref --format=%(refname)%00%(upstream:short)%00%(objectname)%00%(upstream:track)%00%(upstream:remotename)%00%(upstream:remoteref) refs/heads/main refs/remotes/main [2ms]
2025-04-20 00:13:13.276 [info] > git for-each-ref --sort -committerdate --format %(refname)%00%(objectname)%00%(*objectname) [7ms]
2025-04-20 00:13:13.327 [info] > git status -z -uall [60ms]
2025-04-20 00:13:18.457 [info] > git config --get commit.template [3ms]
2025-04-20 00:13:18.458 [info] > git for-each-ref --format=%(refname)%00%(upstream:short)%00%(objectname)%00%(upstream:track)%00%(upstream:remotename)%00%(upstream:remoteref) refs/heads/main refs/remotes/main [1ms]
2025-04-20 00:13:18.470 [info] > git for-each-ref --sort -committerdate --format %(refname)%00%(objectname)%00%(*objectname) [7ms]
2025-04-20 00:13:18.521 [info] > git status -z -uall [60ms]
2025-04-20 00:13:23.641 [info] > git config --get commit.template [4ms]
2025-04-20 00:13:23.642 [info] > git for-each-ref --format=%(refname)%00%(upstream:short)%00%(objectname)%00%(upstream:track)%00%(upstream:remotename)%00%(upstream:remoteref) refs/heads/main refs/remotes/main [2ms]
2025-04-20 00:13:23.649 [info] > git for-each-ref --sort -committerdate --format %(refname)%00%(objectname)%00%(*objectname) [1ms]
2025-04-20 00:13:23.706 [info] > git status -z -uall [61ms]
2025-04-20 00:13:25.657 [info] > git config --get commit.template [4ms]
2025-04-20 00:13:25.658 [info] > git for-each-ref --format=%(refname)%00%(upstream:short)%00%(objectname)%00%(upstream:track)%00%(upstream:remotename)%00%(upstream:remoteref) refs/heads/main refs/remotes/main [2ms]
2025-04-20 00:13:25.666 [info] > git for-each-ref --sort -committerdate --format %(refname)%00%(objectname)%00%(*objectname) [2ms]
2025-04-20 00:13:25.722 [info] > git status -z -uall [61ms]
2025-04-20 00:13:28.827 [info] > git config --get commit.template [4ms]
2025-04-20 00:13:28.827 [info] > git for-each-ref --format=%(refname)%00%(upstream:short)%00%(objectname)%00%(upstream:track)%00%(upstream:remotename)%00%(upstream:remoteref) refs/heads/main refs/remotes/main [1ms]
2025-04-20 00:13:28.846 [info] > git for-each-ref --sort -committerdate --format %(refname)%00%(objectname)%00%(*objectname) [11ms]
2025-04-20 00:13:28.896 [info] > git status -z -uall [65ms]
2025-04-20 00:13:34.020 [info] > git config --get commit.template [4ms]
2025-04-20 00:13:34.022 [info] > git for-each-ref --format=%(refname)%00%(upstream:short)%00%(objectname)%00%(upstream:track)%00%(upstream:remotename)%00%(upstream:remoteref) refs/heads/main refs/remotes/main [1ms]
2025-04-20 00:13:34.041 [info] > git for-each-ref --sort -committerdate --format %(refname)%00%(objectname)%00%(*objectname) [9ms]
2025-04-20 00:13:34.088 [info] > git status -z -uall [62ms]
2025-04-20 00:13:39.212 [info] > git config --get commit.template [5ms]
2025-04-20 00:13:39.213 [info] > git for-each-ref --format=%(refname)%00%(upstream:short)%00%(objectname)%00%(upstream:track)%00%(upstream:remotename)%00%(upstream:remoteref) refs/heads/main refs/remotes/main [2ms]
2025-04-20 00:13:39.222 [info] > git for-each-ref --sort -committerdate --format %(refname)%00%(objectname)%00%(*objectname) [1ms]
2025-04-20 00:13:39.280 [info] > git status -z -uall [63ms]
2025-04-20 00:13:44.448 [info] > git config --get commit.template [4ms]
2025-04-20 00:13:44.449 [info] > git for-each-ref --format=%(refname)%00%(upstream:short)%00%(objectname)%00%(upstream:track)%00%(upstream:remotename)%00%(upstream:remoteref) refs/heads/main refs/remotes/main [1ms]
2025-04-20 00:13:44.457 [info] > git for-each-ref --sort -committerdate --format %(refname)%00%(objectname)%00%(*objectname) [1ms]
2025-04-20 00:13:44.514 [info] > git status -z -uall [62ms]
2025-04-20 00:13:49.639 [info] > git config --get commit.template [3ms]
2025-04-20 00:13:49.640 [info] > git for-each-ref --format=%(refname)%00%(upstream:short)%00%(objectname)%00%(upstream:track)%00%(upstream:remotename)%00%(upstream:remoteref) refs/heads/main refs/remotes/main [1ms]
2025-04-20 00:13:49.654 [info] > git for-each-ref --sort -committerdate --format %(refname)%00%(objectname)%00%(*objectname) [8ms]
2025-04-20 00:13:49.706 [info] > git status -z -uall [63ms]
2025-04-20 00:13:54.837 [info] > git config --get commit.template [4ms]
2025-04-20 00:13:54.838 [info] > git for-each-ref --format=%(refname)%00%(upstream:short)%00%(objectname)%00%(upstream:track)%00%(upstream:remotename)%00%(upstream:remoteref) refs/heads/main refs/remotes/main [2ms]
2025-04-20 00:13:54.847 [info] > git for-each-ref --sort -committerdate --format %(refname)%00%(objectname)%00%(*objectname) [3ms]
2025-04-20 00:13:54.904 [info] > git status -z -uall [63ms]
2025-04-20 00:14:00.033 [info] > git config --get commit.template [3ms]
2025-04-20 00:14:00.034 [info] > git for-each-ref --format=%(refname)%00%(upstream:short)%00%(objectname)%00%(upstream:track)%00%(upstream:remotename)%00%(upstream:remoteref) refs/heads/main refs/remotes/main [1ms]
2025-04-20 00:14:00.049 [info] > git for-each-ref --sort -committerdate --format %(refname)%00%(objectname)%00%(*objectname) [9ms]
2025-04-20 00:14:00.099 [info] > git status -z -uall [62ms]
2025-04-20 00:14:09.098 [info] > git config --get commit.template [4ms]
2025-04-20 00:14:09.099 [info] > git for-each-ref --format=%(refname)%00%(upstream:short)%00%(objectname)%00%(upstream:track)%00%(upstream:remotename)%00%(upstream:remoteref) refs/heads/main refs/remotes/main [2ms]
2025-04-20 00:14:09.114 [info] > git for-each-ref --sort -committerdate --format %(refname)%00%(objectname)%00%(*objectname) [9ms]
2025-04-20 00:14:09.165 [info] > git status -z -uall [63ms]
2025-04-20 00:14:14.294 [info] > git config --get commit.template [4ms]
2025-04-20 00:14:14.295 [info] > git for-each-ref --format=%(refname)%00%(upstream:short)%00%(objectname)%00%(upstream:track)%00%(upstream:remotename)%00%(upstream:remoteref) refs/heads/main refs/remotes/main [2ms]
2025-04-20 00:14:14.303 [info] > git for-each-ref --sort -committerdate --format %(refname)%00%(objectname)%00%(*objectname) [2ms]
2025-04-20 00:14:14.359 [info] > git status -z -uall [61ms]
2025-04-20 00:14:19.476 [info] > git config --get commit.template [5ms]
2025-04-20 00:14:19.478 [info] > git for-each-ref --format=%(refname)%00%(upstream:short)%00%(objectname)%00%(upstream:track)%00%(upstream:remotename)%00%(upstream:remoteref) refs/heads/main refs/remotes/main [2ms]
2025-04-20 00:14:19.493 [info] > git for-each-ref --sort -committerdate --format %(refname)%00%(objectname)%00%(*objectname) [9ms]
2025-04-20 00:14:19.544 [info] > git status -z -uall [63ms]
2025-04-20 00:14:24.667 [info] > git config --get commit.template [4ms]
2025-04-20 00:14:24.668 [info] > git for-each-ref --format=%(refname)%00%(upstream:short)%00%(objectname)%00%(upstream:track)%00%(upstream:remotename)%00%(upstream:remoteref) refs/heads/main refs/remotes/main [1ms]
2025-04-20 00:14:24.686 [info] > git for-each-ref --sort -committerdate --format %(refname)%00%(objectname)%00%(*objectname) [8ms]
2025-04-20 00:14:24.736 [info] > git status -z -uall [64ms]
2025-04-20 00:14:29.900 [info] > git config --get commit.template [4ms]
2025-04-20 00:14:29.901 [info] > git for-each-ref --format=%(refname)%00%(upstream:short)%00%(objectname)%00%(upstream:track)%00%(upstream:remotename)%00%(upstream:remoteref) refs/heads/main refs/remotes/main [2ms]
2025-04-20 00:14:29.916 [info] > git for-each-ref --sort -committerdate --format %(refname)%00%(objectname)%00%(*objectname) [9ms]
2025-04-20 00:14:29.970 [info] > git status -z -uall [66ms]
2025-04-20 00:14:33.562 [info] > git check-ignore -v -z --stdin [4ms]
2025-04-20 00:14:54.296 [info] > git config --get commit.template [4ms]
2025-04-20 00:14:54.297 [info] > git for-each-ref --format=%(refname)%00%(upstream:short)%00%(objectname)%00%(upstream:track)%00%(upstream:remotename)%00%(upstream:remoteref) refs/heads/main refs/remotes/main [2ms]
2025-04-20 00:14:54.304 [info] > git for-each-ref --sort -committerdate --format %(refname)%00%(objectname)%00%(*objectname) [2ms]
2025-04-20 00:14:54.361 [info] > git status -z -uall [61ms]
2025-04-20 00:14:59.538 [info] > git config --get commit.template [5ms]
2025-04-20 00:14:59.539 [info] > git for-each-ref --format=%(refname)%00%(upstream:short)%00%(objectname)%00%(upstream:track)%00%(upstream:remotename)%00%(upstream:remoteref) refs/heads/main refs/remotes/main [2ms]
2025-04-20 00:14:59.549 [info] > git for-each-ref --sort -committerdate --format %(refname)%00%(objectname)%00%(*objectname) [1ms]
2025-04-20 00:14:59.608 [info] > git status -z -uall [65ms]
2025-04-20 00:15:04.735 [info] > git config --get commit.template [5ms]
2025-04-20 00:15:04.736 [info] > git for-each-ref --format=%(refname)%00%(upstream:short)%00%(objectname)%00%(upstream:track)%00%(upstream:remotename)%00%(upstream:remoteref) refs/heads/main refs/remotes/main [2ms]
2025-04-20 00:15:04.752 [info] > git for-each-ref --sort -committerdate --format %(refname)%00%(objectname)%00%(*objectname) [9ms]
2025-04-20 00:15:04.802 [info] > git status -z -uall [63ms]
2025-04-20 00:15:09.928 [info] > git config --get commit.template [4ms]
2025-04-20 00:15:09.929 [info] > git for-each-ref --format=%(refname)%00%(upstream:short)%00%(objectname)%00%(upstream:track)%00%(upstream:remotename)%00%(upstream:remoteref) refs/heads/main refs/remotes/main [2ms]
2025-04-20 00:15:09.937 [info] > git for-each-ref --sort -committerdate --format %(refname)%00%(objectname)%00%(*objectname) [2ms]
2025-04-20 00:15:09.995 [info] > git status -z -uall [63ms]
2025-04-20 00:15:15.122 [info] > git config --get commit.template [5ms]
2025-04-20 00:15:15.123 [info] > git for-each-ref --format=%(refname)%00%(upstream:short)%00%(objectname)%00%(upstream:track)%00%(upstream:remotename)%00%(upstream:remoteref) refs/heads/main refs/remotes/main [2ms]
2025-04-20 00:15:15.136 [info] > git for-each-ref --sort -committerdate --format %(refname)%00%(objectname)%00%(*objectname) [4ms]
2025-04-20 00:15:15.193 [info] > git status -z -uall [66ms]
2025-04-20 00:15:20.318 [info] > git config --get commit.template [4ms]
2025-04-20 00:15:20.319 [info] > git for-each-ref --format=%(refname)%00%(upstream:short)%00%(objectname)%00%(upstream:track)%00%(upstream:remotename)%00%(upstream:remoteref) refs/heads/main refs/remotes/main [2ms]
2025-04-20 00:15:20.335 [info] > git for-each-ref --sort -committerdate --format %(refname)%00%(objectname)%00%(*objectname) [9ms]
2025-04-20 00:15:20.386 [info] > git status -z -uall [64ms]
2025-04-20 00:15:25.514 [info] > git config --get commit.template [4ms]
2025-04-20 00:15:25.515 [info] > git for-each-ref --format=%(refname)%00%(upstream:short)%00%(objectname)%00%(upstream:track)%00%(upstream:remotename)%00%(upstream:remoteref) refs/heads/main refs/remotes/main [2ms]
2025-04-20 00:15:25.531 [info] > git for-each-ref --sort -committerdate --format %(refname)%00%(objectname)%00%(*objectname) [9ms]
2025-04-20 00:15:25.581 [info] > git status -z -uall [63ms]
2025-04-20 00:15:30.703 [info] > git config --get commit.template [4ms]
2025-04-20 00:15:30.704 [info] > git for-each-ref --format=%(refname)%00%(upstream:short)%00%(objectname)%00%(upstream:track)%00%(upstream:remotename)%00%(upstream:remoteref) refs/heads/main refs/remotes/main [1ms]
2025-04-20 00:15:30.714 [info] > git for-each-ref --sort -committerdate --format %(refname)%00%(objectname)%00%(*objectname) [3ms]
2025-04-20 00:15:30.771 [info] > git status -z -uall [63ms]
2025-04-20 00:15:35.938 [info] > git config --get commit.template [3ms]
2025-04-20 00:15:35.939 [info] > git for-each-ref --format=%(refname)%00%(upstream:short)%00%(objectname)%00%(upstream:track)%00%(upstream:remotename)%00%(upstream:remoteref) refs/heads/main refs/remotes/main [1ms]
2025-04-20 00:15:35.948 [info] > git for-each-ref --sort -committerdate --format %(refname)%00%(objectname)%00%(*objectname) [2ms]
2025-04-20 00:15:36.007 [info] > git status -z -uall [64ms]
2025-04-20 00:15:41.133 [info] > git config --get commit.template [4ms]
2025-04-20 00:15:41.134 [info] > git for-each-ref --format=%(refname)%00%(upstream:short)%00%(objectname)%00%(upstream:track)%00%(upstream:remotename)%00%(upstream:remoteref) refs/heads/main refs/remotes/main [1ms]
2025-04-20 00:15:41.152 [info] > git for-each-ref --sort -committerdate --format %(refname)%00%(objectname)%00%(*objectname) [11ms]
2025-04-20 00:15:41.202 [info] > git status -z -uall [65ms]
2025-04-20 00:15:46.329 [info] > git config --get commit.template [4ms]
2025-04-20 00:15:46.330 [info] > git for-each-ref --format=%(refname)%00%(upstream:short)%00%(objectname)%00%(upstream:track)%00%(upstream:remotename)%00%(upstream:remoteref) refs/heads/main refs/remotes/main [2ms]
2025-04-20 00:15:46.338 [info] > git for-each-ref --sort -committerdate --format %(refname)%00%(objectname)%00%(*objectname) [2ms]
2025-04-20 00:15:46.395 [info] > git status -z -uall [62ms]
2025-04-20 00:15:51.522 [info] > git config --get commit.template [4ms]
2025-04-20 00:15:51.523 [info] > git for-each-ref --format=%(refname)%00%(upstream:short)%00%(objectname)%00%(upstream:track)%00%(upstream:remotename)%00%(upstream:remoteref) refs/heads/main refs/remotes/main [1ms]
2025-04-20 00:15:51.538 [info] > git for-each-ref --sort -committerdate --format %(refname)%00%(objectname)%00%(*objectname) [9ms]
2025-04-20 00:15:51.588 [info] > git status -z -uall [62ms]
2025-04-20 00:15:56.710 [info] > git config --get commit.template [4ms]
2025-04-20 00:15:56.711 [info] > git for-each-ref --format=%(refname)%00%(upstream:short)%00%(objectname)%00%(upstream:track)%00%(upstream:remotename)%00%(upstream:remoteref) refs/heads/main refs/remotes/main [2ms]
2025-04-20 00:15:56.719 [info] > git for-each-ref --sort -committerdate --format %(refname)%00%(objectname)%00%(*objectname) [2ms]
2025-04-20 00:15:56.775 [info] > git status -z -uall [61ms]
2025-04-20 00:16:01.897 [info] > git config --get commit.template [4ms]
2025-04-20 00:16:01.898 [info] > git for-each-ref --format=%(refname)%00%(upstream:short)%00%(objectname)%00%(upstream:track)%00%(upstream:remotename)%00%(upstream:remoteref) refs/heads/main refs/remotes/main [2ms]
2025-04-20 00:16:01.906 [info] > git for-each-ref --sort -committerdate --format %(refname)%00%(objectname)%00%(*objectname) [2ms]
2025-04-20 00:16:01.962 [info] > git status -z -uall [61ms]
2025-04-20 00:16:07.085 [info] > git config --get commit.template [4ms]
2025-04-20 00:16:07.086 [info] > git for-each-ref --format=%(refname)%00%(upstream:short)%00%(objectname)%00%(upstream:track)%00%(upstream:remotename)%00%(upstream:remoteref) refs/heads/main refs/remotes/main [1ms]
2025-04-20 00:16:07.102 [info] > git for-each-ref --sort -committerdate --format %(refname)%00%(objectname)%00%(*objectname) [10ms]
2025-04-20 00:16:07.151 [info] > git status -z -uall [62ms]
2025-04-20 00:16:12.274 [info] > git config --get commit.template [5ms]
2025-04-20 00:16:12.275 [info] > git for-each-ref --format=%(refname)%00%(upstream:short)%00%(objectname)%00%(upstream:track)%00%(upstream:remotename)%00%(upstream:remoteref) refs/heads/main refs/remotes/main [2ms]
2025-04-20 00:16:12.291 [info] > git for-each-ref --sort -committerdate --format %(refname)%00%(objectname)%00%(*objectname) [10ms]
2025-04-20 00:16:12.339 [info] > git status -z -uall [61ms]
2025-04-20 00:16:17.461 [info] > git config --get commit.template [4ms]
2025-04-20 00:16:17.462 [info] > git for-each-ref --format=%(refname)%00%(upstream:short)%00%(objectname)%00%(upstream:track)%00%(upstream:remotename)%00%(upstream:remoteref) refs/heads/main refs/remotes/main [1ms]
2025-04-20 00:16:17.471 [info] > git for-each-ref --sort -committerdate --format %(refname)%00%(objectname)%00%(*objectname) [0ms]
2025-04-20 00:16:17.527 [info] > git status -z -uall [61ms]
2025-04-20 00:16:22.654 [info] > git config --get commit.template [4ms]
2025-04-20 00:16:22.655 [info] > git for-each-ref --format=%(refname)%00%(upstream:short)%00%(objectname)%00%(upstream:track)%00%(upstream:remotename)%00%(upstream:remoteref) refs/heads/main refs/remotes/main [1ms]
2025-04-20 00:16:22.670 [info] > git for-each-ref --sort -committerdate --format %(refname)%00%(objectname)%00%(*objectname) [4ms]
2025-04-20 00:16:22.723 [info] > git status -z -uall [64ms]
