2025-02-24 01:16:53.069 [info] [main] Log level: Info
2025-02-24 01:16:53.069 [info] [main] Validating found git in: "git"
2025-02-24 01:16:53.069 [info] [main] Using git "2.34.1" from "git"
2025-02-24 01:16:53.069 [info] [Model][doInitialScan] Initial repository scan started
2025-02-24 01:16:53.069 [info] > git rev-parse --show-toplevel [38ms]
2025-02-24 01:16:53.069 [info] > git rev-parse --git-dir --git-common-dir [2ms]
2025-02-24 01:16:53.069 [info] [Model][openRepository] Opened repository: /home/student
2025-02-24 01:16:53.069 [info] > git rev-parse --show-toplevel [1ms]
2025-02-24 01:16:53.069 [info] > git config --get commit.template [14ms]
2025-02-24 01:16:53.069 [info] > git rev-parse --show-toplevel [2ms]
2025-02-24 01:16:53.069 [info] > git rev-parse --show-toplevel [3ms]
2025-02-24 01:16:53.070 [info] > git rev-parse --show-toplevel [1ms]
2025-02-24 01:16:53.073 [info] > git rev-parse --show-toplevel [1ms]
2025-02-24 01:16:53.077 [info] [Model][doInitialScan] Initial repository scan completed - repositories (1), closed repositories (0), parent repositories (0), unsafe repositories (0)
2025-02-24 01:16:53.094 [info] > git for-each-ref --format=%(refname)%00%(upstream:short)%00%(objectname)%00%(upstream:track)%00%(upstream:remotename)%00%(upstream:remoteref) refs/heads/main refs/remotes/main [38ms]
2025-02-24 01:16:53.128 [info] > git for-each-ref --sort -committerdate --format %(refname) %(objectname) %(*objectname) [27ms]
2025-02-24 01:16:53.196 [info] > git status -z -uall [98ms]
2025-02-24 01:16:53.662 [info] > git for-each-ref --format=%(refname)%00%(upstream:short)%00%(objectname)%00%(upstream:track)%00%(upstream:remotename)%00%(upstream:remoteref) refs/heads/main refs/remotes/main [297ms]
2025-02-24 01:16:53.680 [info] > git check-ignore -v -z --stdin [12ms]
2025-02-24 01:16:53.682 [info] > git config --get --local branch.main.vscode-merge-base [16ms]
2025-02-24 01:16:53.682 [warning] [Git][config] git config failed: Failed to execute git
2025-02-24 01:16:53.685 [info] > git config --get commit.template [23ms]
2025-02-24 01:16:53.690 [info] > git for-each-ref --format=%(refname)%00%(upstream:short)%00%(objectname)%00%(upstream:track)%00%(upstream:remotename)%00%(upstream:remoteref) refs/heads/main refs/remotes/main [2ms]
2025-02-24 01:16:53.698 [info] > git for-each-ref --sort -committerdate --format %(refname) %(objectname) %(*objectname) [1ms]
2025-02-24 01:16:53.699 [info] > git reflog main --grep-reflog=branch: Created from *. [14ms]
2025-02-24 01:16:53.706 [info] > git symbolic-ref --short refs/remotes/origin/HEAD [5ms]
2025-02-24 01:16:53.706 [info] fatal: ref refs/remotes/origin/HEAD is not a symbolic ref
2025-02-24 01:16:53.706 [warning] [Repository][getDefaultBranch] Failed to get default branch details: Failed to execute git.
2025-02-24 01:16:53.710 [info] > git merge-base refs/heads/main refs/remotes/origin/main [2ms]
2025-02-24 01:16:53.714 [info] > git diff --name-status -z --diff-filter=ADMR fd3386a112d170846eaa25b21e7febe210086900...refs/remotes/origin/main [2ms]
2025-02-24 01:16:53.729 [info] > git status -z -uall [37ms]
2025-02-24 01:17:01.813 [info] > git config --get commit.template [3ms]
2025-02-24 01:17:01.816 [info] > git for-each-ref --format=%(refname)%00%(upstream:short)%00%(objectname)%00%(upstream:track)%00%(upstream:remotename)%00%(upstream:remoteref) refs/heads/main refs/remotes/main [2ms]
2025-02-24 01:17:01.824 [info] > git for-each-ref --sort -committerdate --format %(refname) %(objectname) %(*objectname) [2ms]
2025-02-24 01:17:01.865 [info] > git status -z -uall [46ms]
2025-02-24 01:17:06.896 [info] > git config --get commit.template [1ms]
2025-02-24 01:17:06.900 [info] > git for-each-ref --format=%(refname)%00%(upstream:short)%00%(objectname)%00%(upstream:track)%00%(upstream:remotename)%00%(upstream:remoteref) refs/heads/main refs/remotes/main [1ms]
2025-02-24 01:17:06.908 [info] > git for-each-ref --sort -committerdate --format %(refname) %(objectname) %(*objectname) [1ms]
2025-02-24 01:17:06.937 [info] > git status -z -uall [34ms]
2025-02-24 01:17:35.037 [info] > git config --get commit.template [3ms]
2025-02-24 01:17:35.038 [info] > git for-each-ref --format=%(refname)%00%(upstream:short)%00%(objectname)%00%(upstream:track)%00%(upstream:remotename)%00%(upstream:remoteref) refs/heads/main refs/remotes/main [2ms]
2025-02-24 01:17:35.044 [info] > git for-each-ref --sort -committerdate --format %(refname) %(objectname) %(*objectname) [2ms]
2025-02-24 01:17:35.080 [info] > git status -z -uall [39ms]
2025-02-24 01:17:40.114 [info] > git config --get commit.template [3ms]
2025-02-24 01:17:40.114 [info] > git for-each-ref --format=%(refname)%00%(upstream:short)%00%(objectname)%00%(upstream:track)%00%(upstream:remotename)%00%(upstream:remoteref) refs/heads/main refs/remotes/main [2ms]
2025-02-24 01:17:40.123 [info] > git for-each-ref --sort -committerdate --format %(refname) %(objectname) %(*objectname) [1ms]
2025-02-24 01:17:40.153 [info] > git status -z -uall [35ms]
2025-02-24 01:17:49.714 [info] > git config --get commit.template [4ms]
2025-02-24 01:17:49.715 [info] > git for-each-ref --format=%(refname)%00%(upstream:short)%00%(objectname)%00%(upstream:track)%00%(upstream:remotename)%00%(upstream:remoteref) refs/heads/main refs/remotes/main [2ms]
2025-02-24 01:17:49.722 [info] > git for-each-ref --sort -committerdate --format %(refname) %(objectname) %(*objectname) [0ms]
2025-02-24 01:17:49.753 [info] > git status -z -uall [35ms]
2025-02-24 01:17:54.787 [info] > git config --get commit.template [3ms]
2025-02-24 01:17:54.788 [info] > git for-each-ref --format=%(refname)%00%(upstream:short)%00%(objectname)%00%(upstream:track)%00%(upstream:remotename)%00%(upstream:remoteref) refs/heads/main refs/remotes/main [2ms]
2025-02-24 01:17:54.797 [info] > git for-each-ref --sort -committerdate --format %(refname) %(objectname) %(*objectname) [3ms]
2025-02-24 01:17:54.827 [info] > git status -z -uall [36ms]
2025-02-24 01:18:09.403 [info] > git config --get commit.template [3ms]
2025-02-24 01:18:09.403 [info] > git for-each-ref --format=%(refname)%00%(upstream:short)%00%(objectname)%00%(upstream:track)%00%(upstream:remotename)%00%(upstream:remoteref) refs/heads/main refs/remotes/main [1ms]
2025-02-24 01:18:09.413 [info] > git for-each-ref --sort -committerdate --format %(refname) %(objectname) %(*objectname) [1ms]
2025-02-24 01:18:09.444 [info] > git status -z -uall [36ms]
2025-02-24 01:18:14.489 [info] > git config --get commit.template [4ms]
2025-02-24 01:18:14.490 [info] > git for-each-ref --format=%(refname)%00%(upstream:short)%00%(objectname)%00%(upstream:track)%00%(upstream:remotename)%00%(upstream:remoteref) refs/heads/main refs/remotes/main [2ms]
2025-02-24 01:18:14.498 [info] > git for-each-ref --sort -committerdate --format %(refname) %(objectname) %(*objectname) [2ms]
2025-02-24 01:18:14.532 [info] > git status -z -uall [39ms]
2025-02-24 01:18:19.591 [info] > git config --get commit.template [3ms]
2025-02-24 01:18:19.592 [info] > git for-each-ref --format=%(refname)%00%(upstream:short)%00%(objectname)%00%(upstream:track)%00%(upstream:remotename)%00%(upstream:remoteref) refs/heads/main refs/remotes/main [1ms]
2025-02-24 01:18:19.600 [info] > git for-each-ref --sort -committerdate --format %(refname) %(objectname) %(*objectname) [1ms]
2025-02-24 01:18:19.630 [info] > git status -z -uall [35ms]
2025-02-24 01:18:24.669 [info] > git config --get commit.template [4ms]
2025-02-24 01:18:24.670 [info] > git for-each-ref --format=%(refname)%00%(upstream:short)%00%(objectname)%00%(upstream:track)%00%(upstream:remotename)%00%(upstream:remoteref) refs/heads/main refs/remotes/main [2ms]
2025-02-24 01:18:24.679 [info] > git for-each-ref --sort -committerdate --format %(refname) %(objectname) %(*objectname) [0ms]
2025-02-24 01:18:24.709 [info] > git status -z -uall [35ms]
2025-02-24 01:18:30.154 [info] > git config --get commit.template [4ms]
2025-02-24 01:18:30.155 [info] > git for-each-ref --format=%(refname)%00%(upstream:short)%00%(objectname)%00%(upstream:track)%00%(upstream:remotename)%00%(upstream:remoteref) refs/heads/main refs/remotes/main [2ms]
2025-02-24 01:18:30.163 [info] > git for-each-ref --sort -committerdate --format %(refname) %(objectname) %(*objectname) [1ms]
2025-02-24 01:18:30.193 [info] > git status -z -uall [35ms]
2025-02-24 01:18:37.763 [info] > git config --get commit.template [4ms]
2025-02-24 01:18:37.763 [info] > git for-each-ref --format=%(refname)%00%(upstream:short)%00%(objectname)%00%(upstream:track)%00%(upstream:remotename)%00%(upstream:remoteref) refs/heads/main refs/remotes/main [1ms]
2025-02-24 01:18:37.772 [info] > git for-each-ref --sort -committerdate --format %(refname) %(objectname) %(*objectname) [1ms]
2025-02-24 01:18:37.809 [info] > git status -z -uall [43ms]
2025-02-24 01:18:42.843 [info] > git config --get commit.template [1ms]
2025-02-24 01:18:42.848 [info] > git for-each-ref --format=%(refname)%00%(upstream:short)%00%(objectname)%00%(upstream:track)%00%(upstream:remotename)%00%(upstream:remoteref) refs/heads/main refs/remotes/main [2ms]
2025-02-24 01:18:42.858 [info] > git for-each-ref --sort -committerdate --format %(refname) %(objectname) %(*objectname) [3ms]
2025-02-24 01:18:42.907 [info] > git status -z -uall [57ms]
2025-02-24 01:18:47.943 [info] > git config --get commit.template [4ms]
2025-02-24 01:18:47.944 [info] > git for-each-ref --format=%(refname)%00%(upstream:short)%00%(objectname)%00%(upstream:track)%00%(upstream:remotename)%00%(upstream:remoteref) refs/heads/main refs/remotes/main [2ms]
2025-02-24 01:18:47.952 [info] > git for-each-ref --sort -committerdate --format %(refname) %(objectname) %(*objectname) [3ms]
2025-02-24 01:18:47.981 [info] > git status -z -uall [35ms]
2025-02-24 01:20:43.085 [info] > git config --get commit.template [4ms]
2025-02-24 01:20:43.085 [info] > git for-each-ref --format=%(refname)%00%(upstream:short)%00%(objectname)%00%(upstream:track)%00%(upstream:remotename)%00%(upstream:remoteref) refs/heads/main refs/remotes/main [1ms]
2025-02-24 01:20:43.099 [info] > git for-each-ref --sort -committerdate --format %(refname) %(objectname) %(*objectname) [1ms]
2025-02-24 01:20:43.138 [info] > git status -z -uall [48ms]
2025-02-24 01:22:12.337 [info] > git config --get commit.template [5ms]
2025-02-24 01:22:12.338 [info] > git for-each-ref --format=%(refname)%00%(upstream:short)%00%(objectname)%00%(upstream:track)%00%(upstream:remotename)%00%(upstream:remoteref) refs/heads/main refs/remotes/main [2ms]
2025-02-24 01:22:12.348 [info] > git for-each-ref --sort -committerdate --format %(refname) %(objectname) %(*objectname) [1ms]
2025-02-24 01:22:12.382 [info] > git status -z -uall [40ms]
2025-02-24 01:22:17.432 [info] > git config --get commit.template [5ms]
2025-02-24 01:22:17.433 [info] > git for-each-ref --format=%(refname)%00%(upstream:short)%00%(objectname)%00%(upstream:track)%00%(upstream:remotename)%00%(upstream:remoteref) refs/heads/main refs/remotes/main [1ms]
2025-02-24 01:22:17.443 [info] > git for-each-ref --sort -committerdate --format %(refname) %(objectname) %(*objectname) [2ms]
2025-02-24 01:22:17.482 [info] > git status -z -uall [45ms]
2025-02-24 01:22:18.683 [info] > git check-ignore -v -z --stdin [2ms]
2025-02-24 01:22:22.526 [info] > git config --get commit.template [4ms]
2025-02-24 01:22:22.526 [info] > git for-each-ref --format=%(refname)%00%(upstream:short)%00%(objectname)%00%(upstream:track)%00%(upstream:remotename)%00%(upstream:remoteref) refs/heads/main refs/remotes/main [1ms]
2025-02-24 01:22:22.538 [info] > git for-each-ref --sort -committerdate --format %(refname) %(objectname) %(*objectname) [2ms]
2025-02-24 01:22:22.568 [info] > git status -z -uall [38ms]
2025-02-24 01:22:27.601 [info] > git config --get commit.template [4ms]
2025-02-24 01:22:27.602 [info] > git for-each-ref --format=%(refname)%00%(upstream:short)%00%(objectname)%00%(upstream:track)%00%(upstream:remotename)%00%(upstream:remoteref) refs/heads/main refs/remotes/main [2ms]
2025-02-24 01:22:27.613 [info] > git for-each-ref --sort -committerdate --format %(refname) %(objectname) %(*objectname) [2ms]
2025-02-24 01:22:27.647 [info] > git status -z -uall [42ms]
2025-02-24 01:23:37.714 [info] > git config --get commit.template [3ms]
2025-02-24 01:23:37.715 [info] > git for-each-ref --format=%(refname)%00%(upstream:short)%00%(objectname)%00%(upstream:track)%00%(upstream:remotename)%00%(upstream:remoteref) refs/heads/main refs/remotes/main [2ms]
2025-02-24 01:23:37.722 [info] > git for-each-ref --sort -committerdate --format %(refname) %(objectname) %(*objectname) [2ms]
2025-02-24 01:23:37.755 [info] > git status -z -uall [38ms]
2025-02-24 01:23:42.800 [info] > git config --get commit.template [3ms]
2025-02-24 01:23:42.813 [info] > git for-each-ref --format=%(refname)%00%(upstream:short)%00%(objectname)%00%(upstream:track)%00%(upstream:remotename)%00%(upstream:remoteref) refs/heads/main refs/remotes/main [2ms]
2025-02-24 01:23:42.832 [info] > git for-each-ref --sort -committerdate --format %(refname) %(objectname) %(*objectname) [4ms]
2025-02-24 01:23:42.871 [info] > git status -z -uall [49ms]
2025-02-24 01:23:54.354 [info] > git config --get commit.template [4ms]
2025-02-24 01:23:54.354 [info] > git for-each-ref --format=%(refname)%00%(upstream:short)%00%(objectname)%00%(upstream:track)%00%(upstream:remotename)%00%(upstream:remoteref) refs/heads/main refs/remotes/main [1ms]
2025-02-24 01:23:54.363 [info] > git for-each-ref --sort -committerdate --format %(refname) %(objectname) %(*objectname) [2ms]
2025-02-24 01:23:54.394 [info] > git status -z -uall [37ms]
2025-02-24 01:23:59.431 [info] > git config --get commit.template [3ms]
2025-02-24 01:23:59.432 [info] > git for-each-ref --format=%(refname)%00%(upstream:short)%00%(objectname)%00%(upstream:track)%00%(upstream:remotename)%00%(upstream:remoteref) refs/heads/main refs/remotes/main [1ms]
2025-02-24 01:23:59.441 [info] > git for-each-ref --sort -committerdate --format %(refname) %(objectname) %(*objectname) [0ms]
2025-02-24 01:23:59.472 [info] > git status -z -uall [37ms]
2025-02-24 01:24:15.107 [info] > git config --get commit.template [4ms]
2025-02-24 01:24:15.108 [info] > git for-each-ref --format=%(refname)%00%(upstream:short)%00%(objectname)%00%(upstream:track)%00%(upstream:remotename)%00%(upstream:remoteref) refs/heads/main refs/remotes/main [2ms]
2025-02-24 01:24:15.119 [info] > git for-each-ref --sort -committerdate --format %(refname) %(objectname) %(*objectname) [3ms]
2025-02-24 01:24:15.151 [info] > git status -z -uall [40ms]
2025-02-24 01:24:20.187 [info] > git config --get commit.template [4ms]
2025-02-24 01:24:20.188 [info] > git for-each-ref --format=%(refname)%00%(upstream:short)%00%(objectname)%00%(upstream:track)%00%(upstream:remotename)%00%(upstream:remoteref) refs/heads/main refs/remotes/main [1ms]
2025-02-24 01:24:20.197 [info] > git for-each-ref --sort -committerdate --format %(refname) %(objectname) %(*objectname) [1ms]
2025-02-24 01:24:20.232 [info] > git status -z -uall [41ms]
2025-02-24 01:24:29.697 [info] > git config --get commit.template [4ms]
2025-02-24 01:24:29.698 [info] > git for-each-ref --format=%(refname)%00%(upstream:short)%00%(objectname)%00%(upstream:track)%00%(upstream:remotename)%00%(upstream:remoteref) refs/heads/main refs/remotes/main [2ms]
2025-02-24 01:24:29.706 [info] > git for-each-ref --sort -committerdate --format %(refname) %(objectname) %(*objectname) [1ms]
2025-02-24 01:24:29.736 [info] > git status -z -uall [35ms]
2025-02-24 01:24:34.776 [info] > git config --get commit.template [4ms]
2025-02-24 01:24:34.777 [info] > git for-each-ref --format=%(refname)%00%(upstream:short)%00%(objectname)%00%(upstream:track)%00%(upstream:remotename)%00%(upstream:remoteref) refs/heads/main refs/remotes/main [2ms]
2025-02-24 01:24:34.785 [info] > git for-each-ref --sort -committerdate --format %(refname) %(objectname) %(*objectname) [1ms]
2025-02-24 01:24:34.816 [info] > git status -z -uall [36ms]
2025-02-24 01:24:40.567 [info] > git config --get commit.template [1ms]
2025-02-24 01:24:40.572 [info] > git for-each-ref --format=%(refname)%00%(upstream:short)%00%(objectname)%00%(upstream:track)%00%(upstream:remotename)%00%(upstream:remoteref) refs/heads/main refs/remotes/main [1ms]
2025-02-24 01:24:40.580 [info] > git for-each-ref --sort -committerdate --format %(refname) %(objectname) %(*objectname) [1ms]
2025-02-24 01:24:40.611 [info] > git status -z -uall [36ms]
2025-02-24 01:24:45.645 [info] > git config --get commit.template [5ms]
2025-02-24 01:24:45.646 [info] > git for-each-ref --format=%(refname)%00%(upstream:short)%00%(objectname)%00%(upstream:track)%00%(upstream:remotename)%00%(upstream:remoteref) refs/heads/main refs/remotes/main [2ms]
2025-02-24 01:24:45.656 [info] > git for-each-ref --sort -committerdate --format %(refname) %(objectname) %(*objectname) [1ms]
2025-02-24 01:24:45.690 [info] > git status -z -uall [41ms]
2025-02-24 01:24:54.199 [info] > git config --get commit.template [4ms]
2025-02-24 01:24:54.200 [info] > git for-each-ref --format=%(refname)%00%(upstream:short)%00%(objectname)%00%(upstream:track)%00%(upstream:remotename)%00%(upstream:remoteref) refs/heads/main refs/remotes/main [2ms]
2025-02-24 01:24:54.208 [info] > git for-each-ref --sort -committerdate --format %(refname) %(objectname) %(*objectname) [2ms]
2025-02-24 01:24:54.243 [info] > git status -z -uall [40ms]
2025-02-24 01:24:59.276 [info] > git config --get commit.template [3ms]
2025-02-24 01:24:59.276 [info] > git for-each-ref --format=%(refname)%00%(upstream:short)%00%(objectname)%00%(upstream:track)%00%(upstream:remotename)%00%(upstream:remoteref) refs/heads/main refs/remotes/main [1ms]
2025-02-24 01:24:59.284 [info] > git for-each-ref --sort -committerdate --format %(refname) %(objectname) %(*objectname) [0ms]
2025-02-24 01:24:59.313 [info] > git status -z -uall [34ms]
2025-02-24 01:25:04.350 [info] > git config --get commit.template [3ms]
2025-02-24 01:25:04.351 [info] > git for-each-ref --format=%(refname)%00%(upstream:short)%00%(objectname)%00%(upstream:track)%00%(upstream:remotename)%00%(upstream:remoteref) refs/heads/main refs/remotes/main [2ms]
2025-02-24 01:25:04.358 [info] > git for-each-ref --sort -committerdate --format %(refname) %(objectname) %(*objectname) [2ms]
2025-02-24 01:25:04.388 [info] > git status -z -uall [35ms]
2025-02-24 01:25:09.425 [info] > git config --get commit.template [3ms]
2025-02-24 01:25:09.425 [info] > git for-each-ref --format=%(refname)%00%(upstream:short)%00%(objectname)%00%(upstream:track)%00%(upstream:remotename)%00%(upstream:remoteref) refs/heads/main refs/remotes/main [1ms]
2025-02-24 01:25:09.433 [info] > git for-each-ref --sort -committerdate --format %(refname) %(objectname) %(*objectname) [1ms]
2025-02-24 01:25:09.463 [info] > git status -z -uall [35ms]
2025-02-24 01:25:13.703 [info] > git ls-files --stage -- /home/student/Engr212_Tsegay_Asmerom/Lab1.txt [2ms]
2025-02-24 01:25:13.709 [info] > git cat-file -s a13ca7dcc37eb971d6ef1c7409c5244c31420477 [2ms]
2025-02-24 01:25:13.710 [info] > git show --textconv :Engr212_Tsegay_Asmerom/Lab1.txt [12ms]
2025-02-24 01:25:14.497 [info] > git config --get commit.template [4ms]
2025-02-24 01:25:14.498 [info] > git for-each-ref --format=%(refname)%00%(upstream:short)%00%(objectname)%00%(upstream:track)%00%(upstream:remotename)%00%(upstream:remoteref) refs/heads/main refs/remotes/main [2ms]
2025-02-24 01:25:14.506 [info] > git for-each-ref --sort -committerdate --format %(refname) %(objectname) %(*objectname) [1ms]
2025-02-24 01:25:14.536 [info] > git status -z -uall [36ms]
2025-02-24 01:25:15.252 [info] > git blame --root --incremental fd3386a112d170846eaa25b21e7febe210086900 -- /home/student/Engr212_Tsegay_Asmerom/Lab1.txt [1333ms]
2025-02-24 01:25:19.566 [info] > git config --get commit.template [3ms]
2025-02-24 01:25:19.567 [info] > git for-each-ref --format=%(refname)%00%(upstream:short)%00%(objectname)%00%(upstream:track)%00%(upstream:remotename)%00%(upstream:remoteref) refs/heads/main refs/remotes/main [2ms]
2025-02-24 01:25:19.577 [info] > git for-each-ref --sort -committerdate --format %(refname) %(objectname) %(*objectname) [0ms]
2025-02-24 01:25:19.606 [info] > git status -z -uall [37ms]
2025-02-24 01:26:44.856 [info] > git config --get commit.template [0ms]
2025-02-24 01:26:44.861 [info] > git for-each-ref --format=%(refname)%00%(upstream:short)%00%(objectname)%00%(upstream:track)%00%(upstream:remotename)%00%(upstream:remoteref) refs/heads/main refs/remotes/main [1ms]
2025-02-24 01:26:44.869 [info] > git for-each-ref --sort -committerdate --format %(refname) %(objectname) %(*objectname) [1ms]
2025-02-24 01:26:44.899 [info] > git status -z -uall [35ms]
2025-02-24 01:27:07.425 [info] > git config --get commit.template [2ms]
2025-02-24 01:27:07.426 [info] > git for-each-ref --format=%(refname)%00%(upstream:short)%00%(objectname)%00%(upstream:track)%00%(upstream:remotename)%00%(upstream:remoteref) refs/heads/main refs/remotes/main [2ms]
2025-02-24 01:27:07.432 [info] > git for-each-ref --sort -committerdate --format %(refname) %(objectname) %(*objectname) [1ms]
2025-02-24 01:27:07.463 [info] > git status -z -uall [35ms]
2025-02-24 01:27:12.501 [info] > git config --get commit.template [3ms]
2025-02-24 01:27:12.502 [info] > git for-each-ref --format=%(refname)%00%(upstream:short)%00%(objectname)%00%(upstream:track)%00%(upstream:remotename)%00%(upstream:remoteref) refs/heads/main refs/remotes/main [1ms]
2025-02-24 01:27:12.510 [info] > git for-each-ref --sort -committerdate --format %(refname) %(objectname) %(*objectname) [1ms]
2025-02-24 01:27:12.543 [info] > git status -z -uall [38ms]
2025-02-24 01:27:17.601 [info] > git config --get commit.template [3ms]
2025-02-24 01:27:17.602 [info] > git for-each-ref --format=%(refname)%00%(upstream:short)%00%(objectname)%00%(upstream:track)%00%(upstream:remotename)%00%(upstream:remoteref) refs/heads/main refs/remotes/main [1ms]
2025-02-24 01:27:17.610 [info] > git for-each-ref --sort -committerdate --format %(refname) %(objectname) %(*objectname) [1ms]
2025-02-24 01:27:17.639 [info] > git status -z -uall [34ms]
2025-02-24 01:27:22.674 [info] > git config --get commit.template [3ms]
2025-02-24 01:27:22.675 [info] > git for-each-ref --format=%(refname)%00%(upstream:short)%00%(objectname)%00%(upstream:track)%00%(upstream:remotename)%00%(upstream:remoteref) refs/heads/main refs/remotes/main [1ms]
2025-02-24 01:27:22.683 [info] > git for-each-ref --sort -committerdate --format %(refname) %(objectname) %(*objectname) [1ms]
2025-02-24 01:27:22.713 [info] > git status -z -uall [36ms]
2025-02-24 01:28:02.153 [info] > git config --get commit.template [3ms]
2025-02-24 01:28:02.154 [info] > git for-each-ref --format=%(refname)%00%(upstream:short)%00%(objectname)%00%(upstream:track)%00%(upstream:remotename)%00%(upstream:remoteref) refs/heads/main refs/remotes/main [2ms]
2025-02-24 01:28:02.160 [info] > git for-each-ref --sort -committerdate --format %(refname) %(objectname) %(*objectname) [2ms]
2025-02-24 01:28:02.192 [info] > git status -z -uall [36ms]
2025-02-24 01:28:07.225 [info] > git config --get commit.template [1ms]
2025-02-24 01:28:07.230 [info] > git for-each-ref --format=%(refname)%00%(upstream:short)%00%(objectname)%00%(upstream:track)%00%(upstream:remotename)%00%(upstream:remoteref) refs/heads/main refs/remotes/main [1ms]
2025-02-24 01:28:07.238 [info] > git for-each-ref --sort -committerdate --format %(refname) %(objectname) %(*objectname) [1ms]
2025-02-24 01:28:07.268 [info] > git status -z -uall [35ms]
2025-02-24 01:28:12.308 [info] > git config --get commit.template [3ms]
2025-02-24 01:28:12.309 [info] > git for-each-ref --format=%(refname)%00%(upstream:short)%00%(objectname)%00%(upstream:track)%00%(upstream:remotename)%00%(upstream:remoteref) refs/heads/main refs/remotes/main [1ms]
2025-02-24 01:28:12.317 [info] > git for-each-ref --sort -committerdate --format %(refname) %(objectname) %(*objectname) [1ms]
2025-02-24 01:28:12.346 [info] > git status -z -uall [35ms]
2025-02-24 01:28:17.380 [info] > git config --get commit.template [4ms]
2025-02-24 01:28:17.381 [info] > git for-each-ref --format=%(refname)%00%(upstream:short)%00%(objectname)%00%(upstream:track)%00%(upstream:remotename)%00%(upstream:remoteref) refs/heads/main refs/remotes/main [2ms]
2025-02-24 01:28:17.389 [info] > git for-each-ref --sort -committerdate --format %(refname) %(objectname) %(*objectname) [2ms]
2025-02-24 01:28:17.420 [info] > git status -z -uall [36ms]
2025-02-24 01:28:22.453 [info] > git config --get commit.template [4ms]
2025-02-24 01:28:22.454 [info] > git for-each-ref --format=%(refname)%00%(upstream:short)%00%(objectname)%00%(upstream:track)%00%(upstream:remotename)%00%(upstream:remoteref) refs/heads/main refs/remotes/main [2ms]
2025-02-24 01:28:22.462 [info] > git for-each-ref --sort -committerdate --format %(refname) %(objectname) %(*objectname) [1ms]
2025-02-24 01:28:22.491 [info] > git status -z -uall [34ms]
2025-02-24 01:28:56.574 [info] > git config --get commit.template [3ms]
2025-02-24 01:28:56.575 [info] > git for-each-ref --format=%(refname)%00%(upstream:short)%00%(objectname)%00%(upstream:track)%00%(upstream:remotename)%00%(upstream:remoteref) refs/heads/main refs/remotes/main [2ms]
2025-02-24 01:28:56.585 [info] > git for-each-ref --sort -committerdate --format %(refname) %(objectname) %(*objectname) [2ms]
2025-02-24 01:28:56.613 [info] > git status -z -uall [36ms]
2025-02-24 01:28:58.297 [info] > git show --textconv :Engr212_Tsegay_Asmerom/Lab1.txt [4ms]
2025-02-24 01:28:58.299 [info] > git ls-files --stage -- /home/student/Engr212_Tsegay_Asmerom/Lab1.txt [2ms]
2025-02-24 01:28:58.303 [info] > git cat-file -s a13ca7dcc37eb971d6ef1c7409c5244c31420477 [1ms]
2025-02-24 01:29:01.669 [info] > git config --get commit.template [3ms]
2025-02-24 01:29:01.670 [info] > git for-each-ref --format=%(refname)%00%(upstream:short)%00%(objectname)%00%(upstream:track)%00%(upstream:remotename)%00%(upstream:remoteref) refs/heads/main refs/remotes/main [2ms]
2025-02-24 01:29:01.677 [info] > git for-each-ref --sort -committerdate --format %(refname) %(objectname) %(*objectname) [0ms]
2025-02-24 01:29:01.708 [info] > git status -z -uall [36ms]
2025-02-24 01:29:06.740 [info] > git config --get commit.template [3ms]
2025-02-24 01:29:06.741 [info] > git for-each-ref --format=%(refname)%00%(upstream:short)%00%(objectname)%00%(upstream:track)%00%(upstream:remotename)%00%(upstream:remoteref) refs/heads/main refs/remotes/main [2ms]
2025-02-24 01:29:06.749 [info] > git for-each-ref --sort -committerdate --format %(refname) %(objectname) %(*objectname) [1ms]
2025-02-24 01:29:06.781 [info] > git status -z -uall [37ms]
2025-02-24 01:29:11.817 [info] > git config --get commit.template [3ms]
2025-02-24 01:29:11.818 [info] > git for-each-ref --format=%(refname)%00%(upstream:short)%00%(objectname)%00%(upstream:track)%00%(upstream:remotename)%00%(upstream:remoteref) refs/heads/main refs/remotes/main [1ms]
2025-02-24 01:29:11.826 [info] > git for-each-ref --sort -committerdate --format %(refname) %(objectname) %(*objectname) [0ms]
2025-02-24 01:29:11.856 [info] > git status -z -uall [35ms]
2025-02-24 01:29:12.817 [info] > git show --textconv :Engr212_Tsegay_Asmerom/Lab1.txt [4ms]
2025-02-24 01:29:12.819 [info] > git ls-files --stage -- /home/student/Engr212_Tsegay_Asmerom/Lab1.txt [3ms]
2025-02-24 01:29:12.822 [info] > git cat-file -s a13ca7dcc37eb971d6ef1c7409c5244c31420477 [1ms]
2025-02-24 01:34:57.579 [info] > git config --get commit.template [3ms]
2025-02-24 01:34:57.580 [info] > git for-each-ref --format=%(refname)%00%(upstream:short)%00%(objectname)%00%(upstream:track)%00%(upstream:remotename)%00%(upstream:remoteref) refs/heads/main refs/remotes/main [2ms]
2025-02-24 01:34:57.587 [info] > git for-each-ref --sort -committerdate --format %(refname) %(objectname) %(*objectname) [1ms]
2025-02-24 01:34:57.619 [info] > git status -z -uall [37ms]
2025-02-24 01:36:34.417 [info] > git config --get commit.template [3ms]
2025-02-24 01:36:34.418 [info] > git for-each-ref --format=%(refname)%00%(upstream:short)%00%(objectname)%00%(upstream:track)%00%(upstream:remotename)%00%(upstream:remoteref) refs/heads/main refs/remotes/main [2ms]
2025-02-24 01:36:34.426 [info] > git for-each-ref --sort -committerdate --format %(refname) %(objectname) %(*objectname) [1ms]
2025-02-24 01:36:34.461 [info] > git status -z -uall [40ms]
2025-02-24 01:36:39.501 [info] > git config --get commit.template [3ms]
2025-02-24 01:36:39.501 [info] > git for-each-ref --format=%(refname)%00%(upstream:short)%00%(objectname)%00%(upstream:track)%00%(upstream:remotename)%00%(upstream:remoteref) refs/heads/main refs/remotes/main [1ms]
2025-02-24 01:36:39.511 [info] > git for-each-ref --sort -committerdate --format %(refname) %(objectname) %(*objectname) [2ms]
2025-02-24 01:36:39.541 [info] > git status -z -uall [37ms]
2025-02-24 01:37:57.379 [info] > git config --get commit.template [3ms]
2025-02-24 01:37:57.380 [info] > git for-each-ref --format=%(refname)%00%(upstream:short)%00%(objectname)%00%(upstream:track)%00%(upstream:remotename)%00%(upstream:remoteref) refs/heads/main refs/remotes/main [1ms]
2025-02-24 01:37:57.392 [info] > git for-each-ref --sort -committerdate --format %(refname) %(objectname) %(*objectname) [3ms]
2025-02-24 01:37:57.422 [info] > git status -z -uall [35ms]
2025-02-24 01:38:02.462 [info] > git config --get commit.template [4ms]
2025-02-24 01:38:02.462 [info] > git for-each-ref --format=%(refname)%00%(upstream:short)%00%(objectname)%00%(upstream:track)%00%(upstream:remotename)%00%(upstream:remoteref) refs/heads/main refs/remotes/main [1ms]
2025-02-24 01:38:02.471 [info] > git for-each-ref --sort -committerdate --format %(refname) %(objectname) %(*objectname) [3ms]
2025-02-24 01:38:02.503 [info] > git status -z -uall [38ms]
2025-02-24 01:38:07.538 [info] > git config --get commit.template [5ms]
2025-02-24 01:38:07.538 [info] > git for-each-ref --format=%(refname)%00%(upstream:short)%00%(objectname)%00%(upstream:track)%00%(upstream:remotename)%00%(upstream:remoteref) refs/heads/main refs/remotes/main [1ms]
2025-02-24 01:38:07.547 [info] > git for-each-ref --sort -committerdate --format %(refname) %(objectname) %(*objectname) [0ms]
2025-02-24 01:38:07.577 [info] > git status -z -uall [36ms]
2025-02-24 01:38:12.610 [info] > git config --get commit.template [4ms]
2025-02-24 01:38:12.612 [info] > git for-each-ref --format=%(refname)%00%(upstream:short)%00%(objectname)%00%(upstream:track)%00%(upstream:remotename)%00%(upstream:remoteref) refs/heads/main refs/remotes/main [2ms]
2025-02-24 01:38:12.620 [info] > git for-each-ref --sort -committerdate --format %(refname) %(objectname) %(*objectname) [2ms]
2025-02-24 01:38:12.654 [info] > git status -z -uall [39ms]
2025-02-24 01:38:17.696 [info] > git config --get commit.template [4ms]
2025-02-24 01:38:17.696 [info] > git for-each-ref --format=%(refname)%00%(upstream:short)%00%(objectname)%00%(upstream:track)%00%(upstream:remotename)%00%(upstream:remoteref) refs/heads/main refs/remotes/main [1ms]
2025-02-24 01:38:17.705 [info] > git for-each-ref --sort -committerdate --format %(refname) %(objectname) %(*objectname) [1ms]
2025-02-24 01:38:17.735 [info] > git status -z -uall [36ms]
2025-02-24 01:38:22.773 [info] > git config --get commit.template [4ms]
2025-02-24 01:38:22.774 [info] > git for-each-ref --format=%(refname)%00%(upstream:short)%00%(objectname)%00%(upstream:track)%00%(upstream:remotename)%00%(upstream:remoteref) refs/heads/main refs/remotes/main [2ms]
2025-02-24 01:38:22.783 [info] > git for-each-ref --sort -committerdate --format %(refname) %(objectname) %(*objectname) [0ms]
2025-02-24 01:38:22.814 [info] > git status -z -uall [37ms]
2025-02-24 01:40:26.783 [info] > git config --get commit.template [3ms]
2025-02-24 01:40:26.784 [info] > git for-each-ref --format=%(refname)%00%(upstream:short)%00%(objectname)%00%(upstream:track)%00%(upstream:remotename)%00%(upstream:remoteref) refs/heads/main refs/remotes/main [2ms]
2025-02-24 01:40:26.796 [info] > git for-each-ref --sort -committerdate --format %(refname) %(objectname) %(*objectname) [1ms]
2025-02-24 01:40:26.826 [info] > git status -z -uall [36ms]
2025-02-24 01:40:31.856 [info] > git config --get commit.template [3ms]
2025-02-24 01:40:31.858 [info] > git for-each-ref --format=%(refname)%00%(upstream:short)%00%(objectname)%00%(upstream:track)%00%(upstream:remotename)%00%(upstream:remoteref) refs/heads/main refs/remotes/main [2ms]
2025-02-24 01:40:31.867 [info] > git for-each-ref --sort -committerdate --format %(refname) %(objectname) %(*objectname) [0ms]
2025-02-24 01:40:31.901 [info] > git status -z -uall [40ms]
2025-02-24 01:42:21.853 [info] > git config --get commit.template [5ms]
2025-02-24 01:42:21.853 [info] > git for-each-ref --format=%(refname)%00%(upstream:short)%00%(objectname)%00%(upstream:track)%00%(upstream:remotename)%00%(upstream:remoteref) refs/heads/main refs/remotes/main [1ms]
2025-02-24 01:42:21.861 [info] > git for-each-ref --sort -committerdate --format %(refname) %(objectname) %(*objectname) [1ms]
2025-02-24 01:42:21.891 [info] > git status -z -uall [35ms]
2025-02-24 01:42:26.929 [info] > git config --get commit.template [3ms]
2025-02-24 01:42:26.930 [info] > git for-each-ref --format=%(refname)%00%(upstream:short)%00%(objectname)%00%(upstream:track)%00%(upstream:remotename)%00%(upstream:remoteref) refs/heads/main refs/remotes/main [2ms]
2025-02-24 01:42:26.937 [info] > git for-each-ref --sort -committerdate --format %(refname) %(objectname) %(*objectname) [2ms]
2025-02-24 01:42:26.968 [info] > git status -z -uall [35ms]
2025-02-24 01:53:20.592 [info] > git config --get commit.template [4ms]
2025-02-24 01:53:20.592 [info] > git for-each-ref --format=%(refname)%00%(upstream:short)%00%(objectname)%00%(upstream:track)%00%(upstream:remotename)%00%(upstream:remoteref) refs/heads/main refs/remotes/main [2ms]
2025-02-24 01:53:20.600 [info] > git for-each-ref --sort -committerdate --format %(refname) %(objectname) %(*objectname) [1ms]
2025-02-24 01:53:20.631 [info] > git status -z -uall [36ms]
2025-02-24 01:53:32.213 [info] > git config --get commit.template [4ms]
2025-02-24 01:53:32.213 [info] > git for-each-ref --format=%(refname)%00%(upstream:short)%00%(objectname)%00%(upstream:track)%00%(upstream:remotename)%00%(upstream:remoteref) refs/heads/main refs/remotes/main [2ms]
2025-02-24 01:53:32.221 [info] > git for-each-ref --sort -committerdate --format %(refname) %(objectname) %(*objectname) [0ms]
2025-02-24 01:53:32.251 [info] > git status -z -uall [35ms]
2025-02-24 01:53:37.287 [info] > git config --get commit.template [3ms]
2025-02-24 01:53:37.288 [info] > git for-each-ref --format=%(refname)%00%(upstream:short)%00%(objectname)%00%(upstream:track)%00%(upstream:remotename)%00%(upstream:remoteref) refs/heads/main refs/remotes/main [2ms]
2025-02-24 01:53:37.296 [info] > git for-each-ref --sort -committerdate --format %(refname) %(objectname) %(*objectname) [1ms]
2025-02-24 01:53:37.326 [info] > git status -z -uall [36ms]
2025-02-24 01:53:42.360 [info] > git config --get commit.template [4ms]
2025-02-24 01:53:42.361 [info] > git for-each-ref --format=%(refname)%00%(upstream:short)%00%(objectname)%00%(upstream:track)%00%(upstream:remotename)%00%(upstream:remoteref) refs/heads/main refs/remotes/main [2ms]
2025-02-24 01:53:42.368 [info] > git for-each-ref --sort -committerdate --format %(refname) %(objectname) %(*objectname) [0ms]
2025-02-24 01:53:42.398 [info] > git status -z -uall [35ms]
2025-02-24 01:53:47.428 [info] > git config --get commit.template [4ms]
2025-02-24 01:53:47.428 [info] > git for-each-ref --format=%(refname)%00%(upstream:short)%00%(objectname)%00%(upstream:track)%00%(upstream:remotename)%00%(upstream:remoteref) refs/heads/main refs/remotes/main [1ms]
2025-02-24 01:53:47.436 [info] > git for-each-ref --sort -committerdate --format %(refname) %(objectname) %(*objectname) [1ms]
2025-02-24 01:53:47.466 [info] > git status -z -uall [35ms]
2025-02-24 01:53:52.500 [info] > git config --get commit.template [3ms]
2025-02-24 01:53:52.501 [info] > git for-each-ref --format=%(refname)%00%(upstream:short)%00%(objectname)%00%(upstream:track)%00%(upstream:remotename)%00%(upstream:remoteref) refs/heads/main refs/remotes/main [1ms]
2025-02-24 01:53:52.509 [info] > git for-each-ref --sort -committerdate --format %(refname) %(objectname) %(*objectname) [1ms]
2025-02-24 01:53:52.539 [info] > git status -z -uall [35ms]
2025-02-24 01:54:02.214 [info] > git config --get commit.template [3ms]
2025-02-24 01:54:02.215 [info] > git for-each-ref --format=%(refname)%00%(upstream:short)%00%(objectname)%00%(upstream:track)%00%(upstream:remotename)%00%(upstream:remoteref) refs/heads/main refs/remotes/main [1ms]
2025-02-24 01:54:02.222 [info] > git for-each-ref --sort -committerdate --format %(refname) %(objectname) %(*objectname) [0ms]
2025-02-24 01:54:02.253 [info] > git status -z -uall [35ms]
2025-02-24 01:54:14.046 [info] > git config --get commit.template [4ms]
2025-02-24 01:54:14.047 [info] > git for-each-ref --format=%(refname)%00%(upstream:short)%00%(objectname)%00%(upstream:track)%00%(upstream:remotename)%00%(upstream:remoteref) refs/heads/main refs/remotes/main [2ms]
2025-02-24 01:54:14.054 [info] > git for-each-ref --sort -committerdate --format %(refname) %(objectname) %(*objectname) [0ms]
2025-02-24 01:54:14.084 [info] > git status -z -uall [35ms]
2025-02-24 01:55:02.618 [info] > git config --get commit.template [3ms]
2025-02-24 01:55:02.619 [info] > git for-each-ref --format=%(refname)%00%(upstream:short)%00%(objectname)%00%(upstream:track)%00%(upstream:remotename)%00%(upstream:remoteref) refs/heads/main refs/remotes/main [2ms]
2025-02-24 01:55:02.627 [info] > git for-each-ref --sort -committerdate --format %(refname) %(objectname) %(*objectname) [1ms]
2025-02-24 01:55:02.656 [info] > git status -z -uall [35ms]
2025-02-24 01:55:07.686 [info] > git config --get commit.template [3ms]
2025-02-24 01:55:07.687 [info] > git for-each-ref --format=%(refname)%00%(upstream:short)%00%(objectname)%00%(upstream:track)%00%(upstream:remotename)%00%(upstream:remoteref) refs/heads/main refs/remotes/main [2ms]
2025-02-24 01:55:07.694 [info] > git for-each-ref --sort -committerdate --format %(refname) %(objectname) %(*objectname) [0ms]
2025-02-24 01:55:07.725 [info] > git status -z -uall [36ms]
2025-02-24 01:56:00.852 [info] > git config --get commit.template [4ms]
2025-02-24 01:56:00.852 [info] > git for-each-ref --format=%(refname)%00%(upstream:short)%00%(objectname)%00%(upstream:track)%00%(upstream:remotename)%00%(upstream:remoteref) refs/heads/main refs/remotes/main [1ms]
2025-02-24 01:56:00.860 [info] > git for-each-ref --sort -committerdate --format %(refname) %(objectname) %(*objectname) [3ms]
2025-02-24 01:56:00.890 [info] > git status -z -uall [35ms]
2025-02-24 01:56:04.681 [info] > git check-ignore -v -z --stdin [2ms]
2025-02-24 01:56:05.926 [info] > git config --get commit.template [4ms]
2025-02-24 01:56:05.927 [info] > git for-each-ref --format=%(refname)%00%(upstream:short)%00%(objectname)%00%(upstream:track)%00%(upstream:remotename)%00%(upstream:remoteref) refs/heads/main refs/remotes/main [2ms]
2025-02-24 01:56:05.934 [info] > git for-each-ref --sort -committerdate --format %(refname) %(objectname) %(*objectname) [0ms]
2025-02-24 01:56:05.966 [info] > git status -z -uall [37ms]
2025-02-24 01:56:06.834 [info] > git show --textconv :Engr212_Tsegay_Asmerom/Lab3/Lab3.txt [4ms]
2025-02-24 01:56:06.838 [info] > git ls-files --stage -- /home/student/Engr212_Tsegay_Asmerom/Lab3/Lab3.txt [5ms]
2025-02-24 01:56:06.841 [info] > git hash-object -t tree /dev/null [4ms]
2025-02-24 01:56:06.841 [warning] [GitFileSystemProvider][readFile] File not found - git:/home/student/Engr212_Tsegay_Asmerom/Lab3/Lab3.txt.git?%7B%22path%22%3A%22%2Fhome%2Fstudent%2FEngr212_Tsegay_Asmerom%2FLab3%2FLab3.txt%22%2C%22ref%22%3A%22%22%7D
2025-02-24 01:56:06.844 [info] > git hash-object -t tree /dev/null [4ms]
2025-02-24 01:56:06.844 [warning] [GitFileSystemProvider][stat] File not found - git:/home/student/Engr212_Tsegay_Asmerom/Lab3/Lab3.txt.git?%7B%22path%22%3A%22%2Fhome%2Fstudent%2FEngr212_Tsegay_Asmerom%2FLab3%2FLab3.txt%22%2C%22ref%22%3A%22%22%7D
2025-02-24 01:56:06.949 [info] > git blame --root --incremental fd3386a112d170846eaa25b21e7febe210086900 -- /home/student/Engr212_Tsegay_Asmerom/Lab3/Lab3.txt [1ms]
2025-02-24 01:56:06.949 [info] fatal: no such path Engr212_Tsegay_Asmerom/Lab3/Lab3.txt in fd3386a112d170846eaa25b21e7febe210086900
2025-02-24 01:57:17.360 [info] > git config --get commit.template [2ms]
2025-02-24 01:57:17.361 [info] > git for-each-ref --format=%(refname)%00%(upstream:short)%00%(objectname)%00%(upstream:track)%00%(upstream:remotename)%00%(upstream:remoteref) refs/heads/main refs/remotes/main [1ms]
2025-02-24 01:57:17.368 [info] > git for-each-ref --sort -committerdate --format %(refname) %(objectname) %(*objectname) [1ms]
2025-02-24 01:57:17.397 [info] > git status -z -uall [34ms]
2025-02-24 01:57:46.359 [info] > git config --get commit.template [3ms]
2025-02-24 01:57:46.360 [info] > git for-each-ref --format=%(refname)%00%(upstream:short)%00%(objectname)%00%(upstream:track)%00%(upstream:remotename)%00%(upstream:remoteref) refs/heads/main refs/remotes/main [2ms]
2025-02-24 01:57:46.367 [info] > git for-each-ref --sort -committerdate --format %(refname) %(objectname) %(*objectname) [1ms]
2025-02-24 01:57:46.397 [info] > git status -z -uall [35ms]
2025-02-24 01:57:51.434 [info] > git config --get commit.template [2ms]
2025-02-24 01:57:51.438 [info] > git for-each-ref --format=%(refname)%00%(upstream:short)%00%(objectname)%00%(upstream:track)%00%(upstream:remotename)%00%(upstream:remoteref) refs/heads/main refs/remotes/main [1ms]
2025-02-24 01:57:51.446 [info] > git for-each-ref --sort -committerdate --format %(refname) %(objectname) %(*objectname) [1ms]
2025-02-24 01:57:51.476 [info] > git status -z -uall [35ms]
2025-02-24 01:57:56.518 [info] > git config --get commit.template [4ms]
2025-02-24 01:57:56.518 [info] > git for-each-ref --format=%(refname)%00%(upstream:short)%00%(objectname)%00%(upstream:track)%00%(upstream:remotename)%00%(upstream:remoteref) refs/heads/main refs/remotes/main [1ms]
2025-02-24 01:57:56.526 [info] > git for-each-ref --sort -committerdate --format %(refname) %(objectname) %(*objectname) [0ms]
2025-02-24 01:57:56.556 [info] > git status -z -uall [35ms]
2025-02-24 01:58:01.586 [info] > git config --get commit.template [3ms]
2025-02-24 01:58:01.587 [info] > git for-each-ref --format=%(refname)%00%(upstream:short)%00%(objectname)%00%(upstream:track)%00%(upstream:remotename)%00%(upstream:remoteref) refs/heads/main refs/remotes/main [2ms]
2025-02-24 01:58:01.594 [info] > git for-each-ref --sort -committerdate --format %(refname) %(objectname) %(*objectname) [2ms]
2025-02-24 01:58:01.624 [info] > git status -z -uall [35ms]
2025-02-24 01:58:19.821 [info] > git config --get commit.template [2ms]
2025-02-24 01:58:19.822 [info] > git for-each-ref --format=%(refname)%00%(upstream:short)%00%(objectname)%00%(upstream:track)%00%(upstream:remotename)%00%(upstream:remoteref) refs/heads/main refs/remotes/main [2ms]
2025-02-24 01:58:19.829 [info] > git for-each-ref --sort -committerdate --format %(refname) %(objectname) %(*objectname) [0ms]
2025-02-24 01:58:19.859 [info] > git status -z -uall [35ms]
2025-02-24 01:58:24.888 [info] > git config --get commit.template [2ms]
2025-02-24 01:58:24.889 [info] > git for-each-ref --format=%(refname)%00%(upstream:short)%00%(objectname)%00%(upstream:track)%00%(upstream:remotename)%00%(upstream:remoteref) refs/heads/main refs/remotes/main [1ms]
2025-02-24 01:58:24.896 [info] > git for-each-ref --sort -committerdate --format %(refname) %(objectname) %(*objectname) [1ms]
2025-02-24 01:58:24.926 [info] > git status -z -uall [34ms]
2025-02-24 01:59:22.068 [info] > git config --get commit.template [4ms]
2025-02-24 01:59:22.068 [info] > git for-each-ref --format=%(refname)%00%(upstream:short)%00%(objectname)%00%(upstream:track)%00%(upstream:remotename)%00%(upstream:remoteref) refs/heads/main refs/remotes/main [1ms]
2025-02-24 01:59:22.076 [info] > git for-each-ref --sort -committerdate --format %(refname) %(objectname) %(*objectname) [1ms]
2025-02-24 01:59:22.106 [info] > git status -z -uall [35ms]
2025-02-24 01:59:27.137 [info] > git config --get commit.template [3ms]
2025-02-24 01:59:27.138 [info] > git for-each-ref --format=%(refname)%00%(upstream:short)%00%(objectname)%00%(upstream:track)%00%(upstream:remotename)%00%(upstream:remoteref) refs/heads/main refs/remotes/main [2ms]
2025-02-24 01:59:27.146 [info] > git for-each-ref --sort -committerdate --format %(refname) %(objectname) %(*objectname) [1ms]
2025-02-24 01:59:27.175 [info] > git status -z -uall [34ms]
2025-02-24 01:59:34.360 [info] > git config --get commit.template [3ms]
2025-02-24 01:59:34.361 [info] > git for-each-ref --format=%(refname)%00%(upstream:short)%00%(objectname)%00%(upstream:track)%00%(upstream:remotename)%00%(upstream:remoteref) refs/heads/main refs/remotes/main [1ms]
2025-02-24 01:59:34.368 [info] > git for-each-ref --sort -committerdate --format %(refname) %(objectname) %(*objectname) [0ms]
2025-02-24 01:59:34.399 [info] > git status -z -uall [35ms]
2025-02-24 02:00:40.931 [info] > git config --get commit.template [4ms]
2025-02-24 02:00:40.931 [info] > git for-each-ref --format=%(refname)%00%(upstream:short)%00%(objectname)%00%(upstream:track)%00%(upstream:remotename)%00%(upstream:remoteref) refs/heads/main refs/remotes/main [1ms]
2025-02-24 02:00:40.940 [info] > git for-each-ref --sort -committerdate --format %(refname) %(objectname) %(*objectname) [1ms]
2025-02-24 02:00:40.971 [info] > git status -z -uall [37ms]
2025-02-24 02:00:47.731 [info] > git config --get commit.template [2ms]
2025-02-24 02:00:47.731 [info] > git for-each-ref --format=%(refname)%00%(upstream:short)%00%(objectname)%00%(upstream:track)%00%(upstream:remotename)%00%(upstream:remoteref) refs/heads/main refs/remotes/main [1ms]
2025-02-24 02:00:47.739 [info] > git for-each-ref --sort -committerdate --format %(refname) %(objectname) %(*objectname) [0ms]
2025-02-24 02:00:47.768 [info] > git status -z -uall [34ms]
2025-02-24 02:00:52.804 [info] > git config --get commit.template [4ms]
2025-02-24 02:00:52.805 [info] > git for-each-ref --format=%(refname)%00%(upstream:short)%00%(objectname)%00%(upstream:track)%00%(upstream:remotename)%00%(upstream:remoteref) refs/heads/main refs/remotes/main [2ms]
2025-02-24 02:00:52.813 [info] > git for-each-ref --sort -committerdate --format %(refname) %(objectname) %(*objectname) [1ms]
2025-02-24 02:00:52.843 [info] > git status -z -uall [36ms]
2025-02-24 02:00:57.877 [info] > git config --get commit.template [4ms]
2025-02-24 02:00:57.878 [info] > git for-each-ref --format=%(refname)%00%(upstream:short)%00%(objectname)%00%(upstream:track)%00%(upstream:remotename)%00%(upstream:remoteref) refs/heads/main refs/remotes/main [2ms]
2025-02-24 02:00:57.886 [info] > git for-each-ref --sort -committerdate --format %(refname) %(objectname) %(*objectname) [1ms]
2025-02-24 02:00:57.916 [info] > git status -z -uall [35ms]
2025-02-24 02:01:02.952 [info] > git config --get commit.template [4ms]
2025-02-24 02:01:02.953 [info] > git for-each-ref --format=%(refname)%00%(upstream:short)%00%(objectname)%00%(upstream:track)%00%(upstream:remotename)%00%(upstream:remoteref) refs/heads/main refs/remotes/main [2ms]
2025-02-24 02:01:02.960 [info] > git for-each-ref --sort -committerdate --format %(refname) %(objectname) %(*objectname) [0ms]
2025-02-24 02:01:02.990 [info] > git status -z -uall [34ms]
2025-02-24 02:01:08.023 [info] > git config --get commit.template [3ms]
2025-02-24 02:01:08.024 [info] > git for-each-ref --format=%(refname)%00%(upstream:short)%00%(objectname)%00%(upstream:track)%00%(upstream:remotename)%00%(upstream:remoteref) refs/heads/main refs/remotes/main [2ms]
2025-02-24 02:01:08.033 [info] > git for-each-ref --sort -committerdate --format %(refname) %(objectname) %(*objectname) [0ms]
2025-02-24 02:01:08.062 [info] > git status -z -uall [35ms]
2025-02-24 02:01:47.854 [info] > git config --get commit.template [3ms]
2025-02-24 02:01:47.854 [info] > git for-each-ref --format=%(refname)%00%(upstream:short)%00%(objectname)%00%(upstream:track)%00%(upstream:remotename)%00%(upstream:remoteref) refs/heads/main refs/remotes/main [1ms]
2025-02-24 02:01:47.862 [info] > git for-each-ref --sort -committerdate --format %(refname) %(objectname) %(*objectname) [0ms]
2025-02-24 02:01:47.893 [info] > git status -z -uall [36ms]
2025-02-24 02:01:58.008 [info] > git config --get commit.template [3ms]
2025-02-24 02:01:58.009 [info] > git for-each-ref --format=%(refname)%00%(upstream:short)%00%(objectname)%00%(upstream:track)%00%(upstream:remotename)%00%(upstream:remoteref) refs/heads/main refs/remotes/main [2ms]
2025-02-24 02:01:58.017 [info] > git for-each-ref --sort -committerdate --format %(refname) %(objectname) %(*objectname) [0ms]
2025-02-24 02:01:58.047 [info] > git status -z -uall [34ms]
2025-02-24 02:02:03.082 [info] > git config --get commit.template [4ms]
2025-02-24 02:02:03.083 [info] > git for-each-ref --format=%(refname)%00%(upstream:short)%00%(objectname)%00%(upstream:track)%00%(upstream:remotename)%00%(upstream:remoteref) refs/heads/main refs/remotes/main [1ms]
2025-02-24 02:02:03.091 [info] > git for-each-ref --sort -committerdate --format %(refname) %(objectname) %(*objectname) [1ms]
2025-02-24 02:02:03.123 [info] > git status -z -uall [37ms]
2025-02-24 02:02:08.159 [info] > git config --get commit.template [4ms]
2025-02-24 02:02:08.160 [info] > git for-each-ref --format=%(refname)%00%(upstream:short)%00%(objectname)%00%(upstream:track)%00%(upstream:remotename)%00%(upstream:remoteref) refs/heads/main refs/remotes/main [2ms]
2025-02-24 02:02:08.168 [info] > git for-each-ref --sort -committerdate --format %(refname) %(objectname) %(*objectname) [1ms]
2025-02-24 02:02:08.197 [info] > git status -z -uall [34ms]
2025-02-24 02:02:47.336 [info] > git config --get commit.template [4ms]
2025-02-24 02:02:47.337 [info] > git for-each-ref --format=%(refname)%00%(upstream:short)%00%(objectname)%00%(upstream:track)%00%(upstream:remotename)%00%(upstream:remoteref) refs/heads/main refs/remotes/main [2ms]
2025-02-24 02:02:47.345 [info] > git for-each-ref --sort -committerdate --format %(refname) %(objectname) %(*objectname) [1ms]
2025-02-24 02:02:47.377 [info] > git status -z -uall [37ms]
2025-02-24 02:02:56.272 [info] > git config --get commit.template [2ms]
2025-02-24 02:02:56.273 [info] > git for-each-ref --format=%(refname)%00%(upstream:short)%00%(objectname)%00%(upstream:track)%00%(upstream:remotename)%00%(upstream:remoteref) refs/heads/main refs/remotes/main [1ms]
2025-02-24 02:02:56.280 [info] > git for-each-ref --sort -committerdate --format %(refname) %(objectname) %(*objectname) [2ms]
2025-02-24 02:02:56.315 [info] > git status -z -uall [39ms]
2025-02-24 02:03:01.256 [info] > git show --textconv :Engr212_Tsegay_Asmerom/Lab3/Lab3hardlink.txt [3ms]
2025-02-24 02:03:01.257 [warning] [GitFileSystemProvider][readFile] File not found - git:/home/student/Engr212_Tsegay_Asmerom/Lab3/Lab3hardlink.txt.git?%7B%22path%22%3A%22%2Fhome%2Fstudent%2FEngr212_Tsegay_Asmerom%2FLab3%2FLab3hardlink.txt%22%2C%22ref%22%3A%22%22%7D
2025-02-24 02:03:01.258 [info] > git ls-files --stage -- /home/student/Engr212_Tsegay_Asmerom/Lab3/Lab3hardlink.txt [2ms]
2025-02-24 02:03:01.259 [warning] [GitFileSystemProvider][stat] File not found - git:/home/student/Engr212_Tsegay_Asmerom/Lab3/Lab3hardlink.txt.git?%7B%22path%22%3A%22%2Fhome%2Fstudent%2FEngr212_Tsegay_Asmerom%2FLab3%2FLab3hardlink.txt%22%2C%22ref%22%3A%22%22%7D
2025-02-24 02:03:01.351 [info] > git config --get commit.template [1ms]
2025-02-24 02:03:01.355 [info] > git for-each-ref --format=%(refname)%00%(upstream:short)%00%(objectname)%00%(upstream:track)%00%(upstream:remotename)%00%(upstream:remoteref) refs/heads/main refs/remotes/main [1ms]
2025-02-24 02:03:01.367 [info] > git for-each-ref --sort -committerdate --format %(refname) %(objectname) %(*objectname) [2ms]
2025-02-24 02:03:01.399 [info] > git status -z -uall [40ms]
2025-02-24 02:03:06.440 [info] > git config --get commit.template [3ms]
2025-02-24 02:03:06.441 [info] > git for-each-ref --format=%(refname)%00%(upstream:short)%00%(objectname)%00%(upstream:track)%00%(upstream:remotename)%00%(upstream:remoteref) refs/heads/main refs/remotes/main [2ms]
2025-02-24 02:03:06.448 [info] > git for-each-ref --sort -committerdate --format %(refname) %(objectname) %(*objectname) [0ms]
2025-02-24 02:03:06.480 [info] > git status -z -uall [36ms]
2025-02-24 02:03:17.051 [info] > git config --get commit.template [3ms]
2025-02-24 02:03:17.052 [info] > git for-each-ref --format=%(refname)%00%(upstream:short)%00%(objectname)%00%(upstream:track)%00%(upstream:remotename)%00%(upstream:remoteref) refs/heads/main refs/remotes/main [1ms]
2025-02-24 02:03:17.059 [info] > git for-each-ref --sort -committerdate --format %(refname) %(objectname) %(*objectname) [0ms]
2025-02-24 02:03:17.089 [info] > git status -z -uall [35ms]
2025-02-24 02:08:33.492 [info] > git config --get commit.template [3ms]
2025-02-24 02:08:33.493 [info] > git for-each-ref --format=%(refname)%00%(upstream:short)%00%(objectname)%00%(upstream:track)%00%(upstream:remotename)%00%(upstream:remoteref) refs/heads/main refs/remotes/main [2ms]
2025-02-24 02:08:33.502 [info] > git for-each-ref --sort -committerdate --format %(refname) %(objectname) %(*objectname) [2ms]
2025-02-24 02:08:33.531 [info] > git status -z -uall [36ms]
2025-02-24 02:08:38.571 [info] > git config --get commit.template [5ms]
2025-02-24 02:08:38.571 [info] > git for-each-ref --format=%(refname)%00%(upstream:short)%00%(objectname)%00%(upstream:track)%00%(upstream:remotename)%00%(upstream:remoteref) refs/heads/main refs/remotes/main [1ms]
2025-02-24 02:08:38.580 [info] > git for-each-ref --sort -committerdate --format %(refname) %(objectname) %(*objectname) [0ms]
2025-02-24 02:08:38.611 [info] > git status -z -uall [37ms]
2025-02-24 02:08:48.124 [info] > git config --get commit.template [4ms]
2025-02-24 02:08:48.124 [info] > git for-each-ref --format=%(refname)%00%(upstream:short)%00%(objectname)%00%(upstream:track)%00%(upstream:remotename)%00%(upstream:remoteref) refs/heads/main refs/remotes/main [1ms]
2025-02-24 02:08:48.132 [info] > git for-each-ref --sort -committerdate --format %(refname) %(objectname) %(*objectname) [1ms]
2025-02-24 02:08:48.171 [info] > git status -z -uall [44ms]
2025-02-24 02:13:11.623 [info] > git config --get commit.template [2ms]
2025-02-24 02:13:11.625 [info] > git for-each-ref --format=%(refname)%00%(upstream:short)%00%(objectname)%00%(upstream:track)%00%(upstream:remotename)%00%(upstream:remoteref) refs/heads/main refs/remotes/main [2ms]
2025-02-24 02:13:11.632 [info] > git for-each-ref --sort -committerdate --format %(refname) %(objectname) %(*objectname) [1ms]
2025-02-24 02:13:11.663 [info] > git status -z -uall [36ms]
2025-02-24 02:13:16.709 [info] > git config --get commit.template [2ms]
2025-02-24 02:13:16.714 [info] > git for-each-ref --format=%(refname)%00%(upstream:short)%00%(objectname)%00%(upstream:track)%00%(upstream:remotename)%00%(upstream:remoteref) refs/heads/main refs/remotes/main [2ms]
2025-02-24 02:13:16.721 [info] > git for-each-ref --sort -committerdate --format %(refname) %(objectname) %(*objectname) [0ms]
2025-02-24 02:13:16.751 [info] > git status -z -uall [35ms]
2025-02-24 02:13:50.885 [info] > git config --get commit.template [3ms]
2025-02-24 02:13:50.886 [info] > git for-each-ref --format=%(refname)%00%(upstream:short)%00%(objectname)%00%(upstream:track)%00%(upstream:remotename)%00%(upstream:remoteref) refs/heads/main refs/remotes/main [1ms]
2025-02-24 02:13:50.892 [info] > git for-each-ref --sort -committerdate --format %(refname) %(objectname) %(*objectname) [2ms]
2025-02-24 02:13:50.923 [info] > git status -z -uall [35ms]
2025-02-24 02:13:55.963 [info] > git config --get commit.template [5ms]
2025-02-24 02:13:55.964 [info] > git for-each-ref --format=%(refname)%00%(upstream:short)%00%(objectname)%00%(upstream:track)%00%(upstream:remotename)%00%(upstream:remoteref) refs/heads/main refs/remotes/main [2ms]
2025-02-24 02:13:55.972 [info] > git for-each-ref --sort -committerdate --format %(refname) %(objectname) %(*objectname) [0ms]
2025-02-24 02:13:56.001 [info] > git status -z -uall [35ms]
2025-02-24 02:14:01.244 [info] > git config --get commit.template [4ms]
2025-02-24 02:14:01.245 [info] > git for-each-ref --format=%(refname)%00%(upstream:short)%00%(objectname)%00%(upstream:track)%00%(upstream:remotename)%00%(upstream:remoteref) refs/heads/main refs/remotes/main [1ms]
2025-02-24 02:14:01.252 [info] > git for-each-ref --sort -committerdate --format %(refname) %(objectname) %(*objectname) [1ms]
2025-02-24 02:14:01.282 [info] > git status -z -uall [35ms]
2025-02-24 02:16:53.632 [info] > git config --get commit.template [3ms]
2025-02-24 02:16:53.633 [info] > git for-each-ref --format=%(refname)%00%(upstream:short)%00%(objectname)%00%(upstream:track)%00%(upstream:remotename)%00%(upstream:remoteref) refs/heads/main refs/remotes/main [1ms]
2025-02-24 02:16:53.640 [info] > git for-each-ref --sort -committerdate --format %(refname) %(objectname) %(*objectname) [2ms]
2025-02-24 02:16:53.671 [info] > git status -z -uall [36ms]
2025-02-24 02:17:03.387 [info] > git config --get commit.template [3ms]
2025-02-24 02:17:03.388 [info] > git for-each-ref --format=%(refname)%00%(upstream:short)%00%(objectname)%00%(upstream:track)%00%(upstream:remotename)%00%(upstream:remoteref) refs/heads/main refs/remotes/main [2ms]
2025-02-24 02:17:03.394 [info] > git for-each-ref --sort -committerdate --format %(refname) %(objectname) %(*objectname) [2ms]
2025-02-24 02:17:03.425 [info] > git status -z -uall [35ms]
2025-02-24 02:17:36.650 [info] > git config --get commit.template [3ms]
2025-02-24 02:17:36.651 [info] > git for-each-ref --format=%(refname)%00%(upstream:short)%00%(objectname)%00%(upstream:track)%00%(upstream:remotename)%00%(upstream:remoteref) refs/heads/main refs/remotes/main [2ms]
2025-02-24 02:17:36.657 [info] > git for-each-ref --sort -committerdate --format %(refname) %(objectname) %(*objectname) [1ms]
2025-02-24 02:17:36.688 [info] > git status -z -uall [35ms]
2025-02-24 02:17:41.728 [info] > git config --get commit.template [4ms]
2025-02-24 02:17:41.728 [info] > git for-each-ref --format=%(refname)%00%(upstream:short)%00%(objectname)%00%(upstream:track)%00%(upstream:remotename)%00%(upstream:remoteref) refs/heads/main refs/remotes/main [2ms]
2025-02-24 02:17:41.736 [info] > git for-each-ref --sort -committerdate --format %(refname) %(objectname) %(*objectname) [1ms]
2025-02-24 02:17:41.767 [info] > git status -z -uall [36ms]
2025-02-24 02:18:19.516 [info] > git config --get commit.template [3ms]
2025-02-24 02:18:19.517 [info] > git for-each-ref --format=%(refname)%00%(upstream:short)%00%(objectname)%00%(upstream:track)%00%(upstream:remotename)%00%(upstream:remoteref) refs/heads/main refs/remotes/main [1ms]
2025-02-24 02:18:19.524 [info] > git for-each-ref --sort -committerdate --format %(refname) %(objectname) %(*objectname) [0ms]
2025-02-24 02:18:19.554 [info] > git status -z -uall [34ms]
2025-02-24 02:18:24.593 [info] > git config --get commit.template [4ms]
2025-02-24 02:18:24.594 [info] > git for-each-ref --format=%(refname)%00%(upstream:short)%00%(objectname)%00%(upstream:track)%00%(upstream:remotename)%00%(upstream:remoteref) refs/heads/main refs/remotes/main [1ms]
2025-02-24 02:18:24.602 [info] > git for-each-ref --sort -committerdate --format %(refname) %(objectname) %(*objectname) [1ms]
2025-02-24 02:18:24.631 [info] > git status -z -uall [35ms]
2025-02-24 02:18:29.672 [info] > git config --get commit.template [4ms]
2025-02-24 02:18:29.672 [info] > git for-each-ref --format=%(refname)%00%(upstream:short)%00%(objectname)%00%(upstream:track)%00%(upstream:remotename)%00%(upstream:remoteref) refs/heads/main refs/remotes/main [1ms]
2025-02-24 02:18:29.680 [info] > git for-each-ref --sort -committerdate --format %(refname) %(objectname) %(*objectname) [1ms]
2025-02-24 02:18:29.709 [info] > git status -z -uall [34ms]
2025-02-24 02:18:34.739 [info] > git config --get commit.template [3ms]
2025-02-24 02:18:34.740 [info] > git for-each-ref --format=%(refname)%00%(upstream:short)%00%(objectname)%00%(upstream:track)%00%(upstream:remotename)%00%(upstream:remoteref) refs/heads/main refs/remotes/main [1ms]
2025-02-24 02:18:34.747 [info] > git for-each-ref --sort -committerdate --format %(refname) %(objectname) %(*objectname) [0ms]
2025-02-24 02:18:34.777 [info] > git status -z -uall [35ms]
2025-02-24 02:18:39.811 [info] > git config --get commit.template [3ms]
2025-02-24 02:18:39.812 [info] > git for-each-ref --format=%(refname)%00%(upstream:short)%00%(objectname)%00%(upstream:track)%00%(upstream:remotename)%00%(upstream:remoteref) refs/heads/main refs/remotes/main [1ms]
2025-02-24 02:18:39.820 [info] > git for-each-ref --sort -committerdate --format %(refname) %(objectname) %(*objectname) [1ms]
2025-02-24 02:18:39.850 [info] > git status -z -uall [35ms]
2025-02-24 02:19:44.400 [info] > git config --get commit.template [3ms]
2025-02-24 02:19:44.402 [info] > git for-each-ref --format=%(refname)%00%(upstream:short)%00%(objectname)%00%(upstream:track)%00%(upstream:remotename)%00%(upstream:remoteref) refs/heads/main refs/remotes/main [2ms]
2025-02-24 02:19:44.409 [info] > git for-each-ref --sort -committerdate --format %(refname) %(objectname) %(*objectname) [2ms]
2025-02-24 02:19:44.439 [info] > git status -z -uall [35ms]
2025-02-24 02:19:49.473 [info] > git config --get commit.template [4ms]
2025-02-24 02:19:49.474 [info] > git for-each-ref --format=%(refname)%00%(upstream:short)%00%(objectname)%00%(upstream:track)%00%(upstream:remotename)%00%(upstream:remoteref) refs/heads/main refs/remotes/main [2ms]
2025-02-24 02:19:49.482 [info] > git for-each-ref --sort -committerdate --format %(refname) %(objectname) %(*objectname) [1ms]
2025-02-24 02:19:49.514 [info] > git status -z -uall [38ms]
2025-02-24 02:19:54.549 [info] > git config --get commit.template [4ms]
2025-02-24 02:19:54.550 [info] > git for-each-ref --format=%(refname)%00%(upstream:short)%00%(objectname)%00%(upstream:track)%00%(upstream:remotename)%00%(upstream:remoteref) refs/heads/main refs/remotes/main [2ms]
2025-02-24 02:19:54.557 [info] > git for-each-ref --sort -committerdate --format %(refname) %(objectname) %(*objectname) [1ms]
2025-02-24 02:19:54.587 [info] > git status -z -uall [35ms]
2025-02-24 02:19:59.623 [info] > git config --get commit.template [3ms]
2025-02-24 02:19:59.624 [info] > git for-each-ref --format=%(refname)%00%(upstream:short)%00%(objectname)%00%(upstream:track)%00%(upstream:remotename)%00%(upstream:remoteref) refs/heads/main refs/remotes/main [1ms]
2025-02-24 02:19:59.632 [info] > git for-each-ref --sort -committerdate --format %(refname) %(objectname) %(*objectname) [0ms]
2025-02-24 02:19:59.661 [info] > git status -z -uall [34ms]
2025-02-24 02:20:04.693 [info] > git config --get commit.template [4ms]
2025-02-24 02:20:04.694 [info] > git for-each-ref --format=%(refname)%00%(upstream:short)%00%(objectname)%00%(upstream:track)%00%(upstream:remotename)%00%(upstream:remoteref) refs/heads/main refs/remotes/main [2ms]
2025-02-24 02:20:04.701 [info] > git for-each-ref --sort -committerdate --format %(refname) %(objectname) %(*objectname) [0ms]
2025-02-24 02:20:04.731 [info] > git status -z -uall [35ms]
2025-02-24 02:20:09.762 [info] > git config --get commit.template [4ms]
2025-02-24 02:20:09.763 [info] > git for-each-ref --format=%(refname)%00%(upstream:short)%00%(objectname)%00%(upstream:track)%00%(upstream:remotename)%00%(upstream:remoteref) refs/heads/main refs/remotes/main [2ms]
2025-02-24 02:20:09.771 [info] > git for-each-ref --sort -committerdate --format %(refname) %(objectname) %(*objectname) [0ms]
2025-02-24 02:20:09.803 [info] > git status -z -uall [37ms]
2025-02-24 02:20:14.856 [info] > git config --get commit.template [4ms]
2025-02-24 02:20:14.857 [info] > git for-each-ref --format=%(refname)%00%(upstream:short)%00%(objectname)%00%(upstream:track)%00%(upstream:remotename)%00%(upstream:remoteref) refs/heads/main refs/remotes/main [2ms]
2025-02-24 02:20:14.864 [info] > git for-each-ref --sort -committerdate --format %(refname) %(objectname) %(*objectname) [0ms]
2025-02-24 02:20:14.894 [info] > git status -z -uall [35ms]
2025-02-24 02:20:19.923 [info] > git config --get commit.template [3ms]
2025-02-24 02:20:19.924 [info] > git for-each-ref --format=%(refname)%00%(upstream:short)%00%(objectname)%00%(upstream:track)%00%(upstream:remotename)%00%(upstream:remoteref) refs/heads/main refs/remotes/main [1ms]
2025-02-24 02:20:19.932 [info] > git for-each-ref --sort -committerdate --format %(refname) %(objectname) %(*objectname) [1ms]
2025-02-24 02:20:19.962 [info] > git status -z -uall [35ms]
2025-02-24 02:20:24.990 [info] > git config --get commit.template [4ms]
2025-02-24 02:20:24.991 [info] > git for-each-ref --format=%(refname)%00%(upstream:short)%00%(objectname)%00%(upstream:track)%00%(upstream:remotename)%00%(upstream:remoteref) refs/heads/main refs/remotes/main [2ms]
2025-02-24 02:20:24.997 [info] > git for-each-ref --sort -committerdate --format %(refname) %(objectname) %(*objectname) [2ms]
2025-02-24 02:20:25.028 [info] > git status -z -uall [35ms]
2025-02-24 02:25:24.083 [info] > git config --get commit.template [3ms]
2025-02-24 02:25:24.084 [info] > git for-each-ref --format=%(refname)%00%(upstream:short)%00%(objectname)%00%(upstream:track)%00%(upstream:remotename)%00%(upstream:remoteref) refs/heads/main refs/remotes/main [2ms]
2025-02-24 02:25:24.093 [info] > git for-each-ref --sort -committerdate --format %(refname) %(objectname) %(*objectname) [4ms]
2025-02-24 02:25:24.121 [info] > git status -z -uall [35ms]
2025-02-24 02:25:29.167 [info] > git config --get commit.template [1ms]
2025-02-24 02:25:29.171 [info] > git for-each-ref --format=%(refname)%00%(upstream:short)%00%(objectname)%00%(upstream:track)%00%(upstream:remotename)%00%(upstream:remoteref) refs/heads/main refs/remotes/main [1ms]
2025-02-24 02:25:29.178 [info] > git for-each-ref --sort -committerdate --format %(refname) %(objectname) %(*objectname) [0ms]
2025-02-24 02:25:29.210 [info] > git status -z -uall [35ms]
2025-02-24 02:25:35.196 [info] > git config --get commit.template [3ms]
2025-02-24 02:25:35.197 [info] > git for-each-ref --format=%(refname)%00%(upstream:short)%00%(objectname)%00%(upstream:track)%00%(upstream:remotename)%00%(upstream:remoteref) refs/heads/main refs/remotes/main [2ms]
2025-02-24 02:25:35.204 [info] > git for-each-ref --sort -committerdate --format %(refname) %(objectname) %(*objectname) [0ms]
2025-02-24 02:25:35.236 [info] > git status -z -uall [37ms]
2025-02-24 02:27:58.791 [info] > git config --get commit.template [3ms]
2025-02-24 02:27:58.792 [info] > git for-each-ref --format=%(refname)%00%(upstream:short)%00%(objectname)%00%(upstream:track)%00%(upstream:remotename)%00%(upstream:remoteref) refs/heads/main refs/remotes/main [1ms]
2025-02-24 02:27:58.798 [info] > git for-each-ref --sort -committerdate --format %(refname) %(objectname) %(*objectname) [2ms]
2025-02-24 02:27:58.830 [info] > git status -z -uall [36ms]
2025-02-24 02:28:03.869 [info] > git config --get commit.template [4ms]
2025-02-24 02:28:03.870 [info] > git for-each-ref --format=%(refname)%00%(upstream:short)%00%(objectname)%00%(upstream:track)%00%(upstream:remotename)%00%(upstream:remoteref) refs/heads/main refs/remotes/main [1ms]
2025-02-24 02:28:03.878 [info] > git for-each-ref --sort -committerdate --format %(refname) %(objectname) %(*objectname) [1ms]
2025-02-24 02:28:03.909 [info] > git status -z -uall [36ms]
2025-02-24 02:28:18.278 [info] > git config --get commit.template [3ms]
2025-02-24 02:28:18.279 [info] > git for-each-ref --format=%(refname)%00%(upstream:short)%00%(objectname)%00%(upstream:track)%00%(upstream:remotename)%00%(upstream:remoteref) refs/heads/main refs/remotes/main [1ms]
2025-02-24 02:28:18.286 [info] > git for-each-ref --sort -committerdate --format %(refname) %(objectname) %(*objectname) [0ms]
2025-02-24 02:28:18.317 [info] > git status -z -uall [35ms]
2025-02-24 02:28:30.432 [info] > git config --get commit.template [3ms]
2025-02-24 02:28:30.433 [info] > git for-each-ref --format=%(refname)%00%(upstream:short)%00%(objectname)%00%(upstream:track)%00%(upstream:remotename)%00%(upstream:remoteref) refs/heads/main refs/remotes/main [1ms]
2025-02-24 02:28:30.440 [info] > git for-each-ref --sort -committerdate --format %(refname) %(objectname) %(*objectname) [0ms]
2025-02-24 02:28:30.471 [info] > git status -z -uall [35ms]
2025-02-24 02:28:54.056 [info] > git config --get commit.template [3ms]
2025-02-24 02:28:54.057 [info] > git for-each-ref --format=%(refname)%00%(upstream:short)%00%(objectname)%00%(upstream:track)%00%(upstream:remotename)%00%(upstream:remoteref) refs/heads/main refs/remotes/main [2ms]
2025-02-24 02:28:54.065 [info] > git for-each-ref --sort -committerdate --format %(refname) %(objectname) %(*objectname) [0ms]
2025-02-24 02:28:54.097 [info] > git status -z -uall [38ms]
2025-02-24 02:28:59.167 [info] > git config --get commit.template [4ms]
2025-02-24 02:28:59.168 [info] > git for-each-ref --format=%(refname)%00%(upstream:short)%00%(objectname)%00%(upstream:track)%00%(upstream:remotename)%00%(upstream:remoteref) refs/heads/main refs/remotes/main [2ms]
2025-02-24 02:28:59.176 [info] > git for-each-ref --sort -committerdate --format %(refname) %(objectname) %(*objectname) [3ms]
2025-02-24 02:28:59.205 [info] > git status -z -uall [35ms]
2025-02-24 02:29:24.072 [info] > git config --get commit.template [4ms]
2025-02-24 02:29:24.072 [info] > git for-each-ref --format=%(refname)%00%(upstream:short)%00%(objectname)%00%(upstream:track)%00%(upstream:remotename)%00%(upstream:remoteref) refs/heads/main refs/remotes/main [2ms]
2025-02-24 02:29:24.084 [info] > git for-each-ref --sort -committerdate --format %(refname) %(objectname) %(*objectname) [1ms]
2025-02-24 02:29:24.114 [info] > git status -z -uall [37ms]
2025-02-24 02:39:22.540 [info] > git config --get commit.template [2ms]
2025-02-24 02:39:22.542 [info] > git for-each-ref --format=%(refname)%00%(upstream:short)%00%(objectname)%00%(upstream:track)%00%(upstream:remotename)%00%(upstream:remoteref) refs/heads/main refs/remotes/main [1ms]
2025-02-24 02:39:22.548 [info] > git for-each-ref --sort -committerdate --format %(refname) %(objectname) %(*objectname) [2ms]
2025-02-24 02:39:22.580 [info] > git status -z -uall [36ms]
2025-02-24 02:39:27.621 [info] > git config --get commit.template [3ms]
2025-02-24 02:39:27.622 [info] > git for-each-ref --format=%(refname)%00%(upstream:short)%00%(objectname)%00%(upstream:track)%00%(upstream:remotename)%00%(upstream:remoteref) refs/heads/main refs/remotes/main [2ms]
2025-02-24 02:39:27.628 [info] > git for-each-ref --sort -committerdate --format %(refname) %(objectname) %(*objectname) [2ms]
2025-02-24 02:39:27.659 [info] > git status -z -uall [35ms]
