2025-02-15 18:26:14.367 [info] [main] Log level: Info
2025-02-15 18:26:14.367 [info] [main] Validating found git in: "git"
2025-02-15 18:26:14.367 [info] [main] Using git "2.34.1" from "git"
2025-02-15 18:26:14.367 [info] [Model][doInitialScan] Initial repository scan started
2025-02-15 18:26:14.367 [info] > git rev-parse --show-toplevel [49ms]
2025-02-15 18:26:14.367 [info] > git rev-parse --git-dir --git-common-dir [1ms]
2025-02-15 18:26:14.367 [info] [Model][openRepository] Opened repository: /home/student
2025-02-15 18:26:14.367 [info] > git rev-parse --show-toplevel [3ms]
2025-02-15 18:26:14.367 [info] > git config --get commit.template [7ms]
2025-02-15 18:26:14.367 [info] > git rev-parse --show-toplevel [1ms]
2025-02-15 18:26:14.367 [info] > git rev-parse --show-toplevel [1ms]
2025-02-15 18:26:14.367 [info] > git rev-parse --show-toplevel [2ms]
2025-02-15 18:26:14.367 [info] > git rev-parse --show-toplevel [2ms]
2025-02-15 18:26:14.368 [info] > git rev-parse --show-toplevel [1ms]
2025-02-15 18:26:14.371 [info] [Model][doInitialScan] Initial repository scan completed - repositories (1), closed repositories (0), parent repositories (0), unsafe repositories (0)
2025-02-15 18:26:14.415 [info] > git for-each-ref --format=%(refname)%00%(upstream:short)%00%(objectname)%00%(upstream:track)%00%(upstream:remotename)%00%(upstream:remoteref) refs/heads/main refs/remotes/main [66ms]
2025-02-15 18:26:14.423 [info] > git for-each-ref --sort -committerdate --format %(refname) %(objectname) %(*objectname) [2ms]
2025-02-15 18:26:14.472 [info] > git status -z -uall [54ms]
2025-02-15 18:26:14.598 [info] > git for-each-ref --format=%(refname)%00%(upstream:short)%00%(objectname)%00%(upstream:track)%00%(upstream:remotename)%00%(upstream:remoteref) refs/heads/main refs/remotes/main [12ms]
2025-02-15 18:26:14.601 [info] > git config --get commit.template [4ms]
2025-02-15 18:26:14.602 [info] > git config --get --local branch.main.vscode-merge-base [2ms]
2025-02-15 18:26:14.602 [warning] [Git][config] git config failed: Failed to execute git
2025-02-15 18:26:14.608 [info] > git for-each-ref --format=%(refname)%00%(upstream:short)%00%(objectname)%00%(upstream:track)%00%(upstream:remotename)%00%(upstream:remoteref) refs/heads/main refs/remotes/main [2ms]
2025-02-15 18:26:14.616 [info] > git for-each-ref --sort -committerdate --format %(refname) %(objectname) %(*objectname) [0ms]
2025-02-15 18:26:14.616 [info] > git reflog main --grep-reflog=branch: Created from *. [12ms]
2025-02-15 18:26:14.624 [info] > git symbolic-ref --short refs/remotes/origin/HEAD [5ms]
2025-02-15 18:26:14.624 [info] fatal: ref refs/remotes/origin/HEAD is not a symbolic ref
2025-02-15 18:26:14.624 [warning] [Repository][getDefaultBranch] Failed to get default branch details: Failed to execute git.
2025-02-15 18:26:14.628 [info] > git merge-base refs/heads/main refs/remotes/origin/main [1ms]
2025-02-15 18:26:14.633 [info] > git diff --name-status -z --diff-filter=ADMR fd3386a112d170846eaa25b21e7febe210086900...refs/remotes/origin/main [2ms]
2025-02-15 18:26:14.637 [info] > git status -z -uall [27ms]
2025-02-15 18:26:15.026 [info] > git check-ignore -v -z --stdin [27ms]
2025-02-15 18:26:16.474 [info] > git config --get commit.template [3ms]
2025-02-15 18:26:16.475 [info] > git for-each-ref --format=%(refname)%00%(upstream:short)%00%(objectname)%00%(upstream:track)%00%(upstream:remotename)%00%(upstream:remoteref) refs/heads/main refs/remotes/main [2ms]
2025-02-15 18:26:16.482 [info] > git for-each-ref --sort -committerdate --format %(refname) %(objectname) %(*objectname) [0ms]
2025-02-15 18:26:16.501 [info] > git status -z -uall [24ms]
2025-02-15 18:26:17.010 [info] > git ls-files --stage -- /home/student/Engr212_Tsegay_Asmerom/Lab1.txt [4ms]
2025-02-15 18:26:17.014 [info] > git show --textconv :Engr212_Tsegay_Asmerom/Lab1.txt [11ms]
2025-02-15 18:26:17.017 [info] > git cat-file -s a13ca7dcc37eb971d6ef1c7409c5244c31420477 [4ms]
2025-02-15 18:26:19.252 [info] > git blame --root --incremental fd3386a112d170846eaa25b21e7febe210086900 -- /home/student/Engr212_Tsegay_Asmerom/Lab1.txt [1998ms]
2025-02-15 18:26:45.590 [info] > git for-each-ref --format=%(refname)%00%(upstream:short)%00%(objectname)%00%(upstream:track)%00%(upstream:remotename)%00%(upstream:remoteref) refs/heads/main refs/remotes/main [1ms]
2025-02-15 18:26:45.590 [info] > git config --get commit.template [7ms]
2025-02-15 18:26:45.613 [info] > git for-each-ref --sort -committerdate --format %(refname) %(objectname) %(*objectname) [2ms]
2025-02-15 18:26:45.632 [info] > git status -z -uall [30ms]
2025-02-15 18:26:50.640 [info] > git config --get commit.template [1ms]
2025-02-15 18:26:50.645 [info] > git for-each-ref --format=%(refname)%00%(upstream:short)%00%(objectname)%00%(upstream:track)%00%(upstream:remotename)%00%(upstream:remoteref) refs/heads/main refs/remotes/main [1ms]
2025-02-15 18:26:50.653 [info] > git for-each-ref --sort -committerdate --format %(refname) %(objectname) %(*objectname) [2ms]
2025-02-15 18:26:50.674 [info] > git status -z -uall [26ms]
2025-02-15 18:26:55.683 [info] > git config --get commit.template [3ms]
2025-02-15 18:26:55.684 [info] > git for-each-ref --format=%(refname)%00%(upstream:short)%00%(objectname)%00%(upstream:track)%00%(upstream:remotename)%00%(upstream:remoteref) refs/heads/main refs/remotes/main [1ms]
2025-02-15 18:26:55.693 [info] > git for-each-ref --sort -committerdate --format %(refname) %(objectname) %(*objectname) [0ms]
2025-02-15 18:26:55.712 [info] > git status -z -uall [25ms]
2025-02-15 18:27:00.723 [info] > git config --get commit.template [2ms]
2025-02-15 18:27:00.727 [info] > git for-each-ref --format=%(refname)%00%(upstream:short)%00%(objectname)%00%(upstream:track)%00%(upstream:remotename)%00%(upstream:remoteref) refs/heads/main refs/remotes/main [2ms]
2025-02-15 18:27:00.734 [info] > git for-each-ref --sort -committerdate --format %(refname) %(objectname) %(*objectname) [2ms]
2025-02-15 18:27:00.755 [info] > git status -z -uall [26ms]
2025-02-15 18:27:05.765 [info] > git config --get commit.template [4ms]
2025-02-15 18:27:05.766 [info] > git for-each-ref --format=%(refname)%00%(upstream:short)%00%(objectname)%00%(upstream:track)%00%(upstream:remotename)%00%(upstream:remoteref) refs/heads/main refs/remotes/main [2ms]
2025-02-15 18:27:05.779 [info] > git for-each-ref --sort -committerdate --format %(refname) %(objectname) %(*objectname) [2ms]
2025-02-15 18:27:05.799 [info] > git status -z -uall [29ms]
2025-02-15 18:27:24.760 [info] > git config --get commit.template [3ms]
2025-02-15 18:27:24.761 [info] > git for-each-ref --format=%(refname)%00%(upstream:short)%00%(objectname)%00%(upstream:track)%00%(upstream:remotename)%00%(upstream:remoteref) refs/heads/main refs/remotes/main [1ms]
2025-02-15 18:27:24.771 [info] > git for-each-ref --sort -committerdate --format %(refname) %(objectname) %(*objectname) [1ms]
2025-02-15 18:27:24.790 [info] > git status -z -uall [25ms]
2025-02-15 18:27:29.800 [info] > git config --get commit.template [3ms]
2025-02-15 18:27:29.801 [info] > git for-each-ref --format=%(refname)%00%(upstream:short)%00%(objectname)%00%(upstream:track)%00%(upstream:remotename)%00%(upstream:remoteref) refs/heads/main refs/remotes/main [1ms]
2025-02-15 18:27:29.810 [info] > git for-each-ref --sort -committerdate --format %(refname) %(objectname) %(*objectname) [1ms]
2025-02-15 18:27:29.831 [info] > git status -z -uall [26ms]
2025-02-15 18:27:34.843 [info] > git config --get commit.template [4ms]
2025-02-15 18:27:34.844 [info] > git for-each-ref --format=%(refname)%00%(upstream:short)%00%(objectname)%00%(upstream:track)%00%(upstream:remotename)%00%(upstream:remoteref) refs/heads/main refs/remotes/main [2ms]
2025-02-15 18:27:34.854 [info] > git for-each-ref --sort -committerdate --format %(refname) %(objectname) %(*objectname) [4ms]
2025-02-15 18:27:34.872 [info] > git status -z -uall [25ms]
2025-02-15 18:27:39.883 [info] > git config --get commit.template [4ms]
2025-02-15 18:27:39.884 [info] > git for-each-ref --format=%(refname)%00%(upstream:short)%00%(objectname)%00%(upstream:track)%00%(upstream:remotename)%00%(upstream:remoteref) refs/heads/main refs/remotes/main [1ms]
2025-02-15 18:27:39.893 [info] > git for-each-ref --sort -committerdate --format %(refname) %(objectname) %(*objectname) [0ms]
2025-02-15 18:27:39.911 [info] > git status -z -uall [24ms]
2025-02-15 18:27:58.005 [info] > git config --get commit.template [4ms]
2025-02-15 18:27:58.005 [info] > git for-each-ref --format=%(refname)%00%(upstream:short)%00%(objectname)%00%(upstream:track)%00%(upstream:remotename)%00%(upstream:remoteref) refs/heads/main refs/remotes/main [1ms]
2025-02-15 18:27:58.014 [info] > git for-each-ref --sort -committerdate --format %(refname) %(objectname) %(*objectname) [1ms]
2025-02-15 18:27:58.033 [info] > git status -z -uall [24ms]
2025-02-15 18:28:03.045 [info] > git for-each-ref --format=%(refname)%00%(upstream:short)%00%(objectname)%00%(upstream:track)%00%(upstream:remotename)%00%(upstream:remoteref) refs/heads/main refs/remotes/main [1ms]
2025-02-15 18:28:03.045 [info] > git config --get commit.template [6ms]
2025-02-15 18:28:03.057 [info] > git for-each-ref --sort -committerdate --format %(refname) %(objectname) %(*objectname) [2ms]
2025-02-15 18:28:03.081 [info] > git status -z -uall [31ms]
2025-02-15 18:28:13.196 [info] > git config --get commit.template [4ms]
2025-02-15 18:28:13.197 [info] > git for-each-ref --format=%(refname)%00%(upstream:short)%00%(objectname)%00%(upstream:track)%00%(upstream:remotename)%00%(upstream:remoteref) refs/heads/main refs/remotes/main [2ms]
2025-02-15 18:28:13.205 [info] > git for-each-ref --sort -committerdate --format %(refname) %(objectname) %(*objectname) [1ms]
2025-02-15 18:28:13.224 [info] > git status -z -uall [25ms]
2025-02-15 18:28:19.790 [info] > git config --get commit.template [4ms]
2025-02-15 18:28:19.791 [info] > git for-each-ref --format=%(refname)%00%(upstream:short)%00%(objectname)%00%(upstream:track)%00%(upstream:remotename)%00%(upstream:remoteref) refs/heads/main refs/remotes/main [2ms]
2025-02-15 18:28:19.799 [info] > git for-each-ref --sort -committerdate --format %(refname) %(objectname) %(*objectname) [1ms]
2025-02-15 18:28:19.819 [info] > git status -z -uall [25ms]
2025-02-15 18:28:24.828 [info] > git config --get commit.template [3ms]
2025-02-15 18:28:24.829 [info] > git for-each-ref --format=%(refname)%00%(upstream:short)%00%(objectname)%00%(upstream:track)%00%(upstream:remotename)%00%(upstream:remoteref) refs/heads/main refs/remotes/main [1ms]
2025-02-15 18:28:24.838 [info] > git for-each-ref --sort -committerdate --format %(refname) %(objectname) %(*objectname) [1ms]
2025-02-15 18:28:24.858 [info] > git status -z -uall [26ms]
2025-02-15 18:28:29.868 [info] > git config --get commit.template [4ms]
2025-02-15 18:28:29.870 [info] > git for-each-ref --format=%(refname)%00%(upstream:short)%00%(objectname)%00%(upstream:track)%00%(upstream:remotename)%00%(upstream:remoteref) refs/heads/main refs/remotes/main [2ms]
2025-02-15 18:28:29.878 [info] > git for-each-ref --sort -committerdate --format %(refname) %(objectname) %(*objectname) [0ms]
2025-02-15 18:28:29.898 [info] > git status -z -uall [26ms]
2025-02-15 18:28:34.908 [info] > git config --get commit.template [3ms]
2025-02-15 18:28:34.908 [info] > git for-each-ref --format=%(refname)%00%(upstream:short)%00%(objectname)%00%(upstream:track)%00%(upstream:remotename)%00%(upstream:remoteref) refs/heads/main refs/remotes/main [1ms]
2025-02-15 18:28:34.916 [info] > git for-each-ref --sort -committerdate --format %(refname) %(objectname) %(*objectname) [1ms]
2025-02-15 18:28:34.937 [info] > git status -z -uall [26ms]
2025-02-15 18:28:39.948 [info] > git config --get commit.template [3ms]
2025-02-15 18:28:39.949 [info] > git for-each-ref --format=%(refname)%00%(upstream:short)%00%(objectname)%00%(upstream:track)%00%(upstream:remotename)%00%(upstream:remoteref) refs/heads/main refs/remotes/main [1ms]
2025-02-15 18:28:39.958 [info] > git for-each-ref --sort -committerdate --format %(refname) %(objectname) %(*objectname) [2ms]
2025-02-15 18:28:39.977 [info] > git status -z -uall [24ms]
2025-02-15 18:28:44.987 [info] > git config --get commit.template [4ms]
2025-02-15 18:28:44.988 [info] > git for-each-ref --format=%(refname)%00%(upstream:short)%00%(objectname)%00%(upstream:track)%00%(upstream:remotename)%00%(upstream:remoteref) refs/heads/main refs/remotes/main [2ms]
2025-02-15 18:28:44.996 [info] > git for-each-ref --sort -committerdate --format %(refname) %(objectname) %(*objectname) [0ms]
2025-02-15 18:28:45.019 [info] > git status -z -uall [28ms]
2025-02-15 18:28:50.030 [info] > git config --get commit.template [3ms]
2025-02-15 18:28:50.031 [info] > git for-each-ref --format=%(refname)%00%(upstream:short)%00%(objectname)%00%(upstream:track)%00%(upstream:remotename)%00%(upstream:remoteref) refs/heads/main refs/remotes/main [2ms]
2025-02-15 18:28:50.041 [info] > git for-each-ref --sort -committerdate --format %(refname) %(objectname) %(*objectname) [1ms]
2025-02-15 18:28:50.065 [info] > git status -z -uall [30ms]
2025-02-15 18:28:55.074 [info] > git config --get commit.template [3ms]
2025-02-15 18:28:55.075 [info] > git for-each-ref --format=%(refname)%00%(upstream:short)%00%(objectname)%00%(upstream:track)%00%(upstream:remotename)%00%(upstream:remoteref) refs/heads/main refs/remotes/main [1ms]
2025-02-15 18:28:55.083 [info] > git for-each-ref --sort -committerdate --format %(refname) %(objectname) %(*objectname) [1ms]
2025-02-15 18:28:55.102 [info] > git status -z -uall [24ms]
2025-02-15 18:29:00.423 [info] > git config --get commit.template [3ms]
2025-02-15 18:29:00.424 [info] > git for-each-ref --format=%(refname)%00%(upstream:short)%00%(objectname)%00%(upstream:track)%00%(upstream:remotename)%00%(upstream:remoteref) refs/heads/main refs/remotes/main [1ms]
2025-02-15 18:29:00.433 [info] > git for-each-ref --sort -committerdate --format %(refname) %(objectname) %(*objectname) [1ms]
2025-02-15 18:29:00.451 [info] > git status -z -uall [24ms]
2025-02-15 18:29:05.461 [info] > git config --get commit.template [3ms]
2025-02-15 18:29:05.462 [info] > git for-each-ref --format=%(refname)%00%(upstream:short)%00%(objectname)%00%(upstream:track)%00%(upstream:remotename)%00%(upstream:remoteref) refs/heads/main refs/remotes/main [2ms]
2025-02-15 18:29:05.470 [info] > git for-each-ref --sort -committerdate --format %(refname) %(objectname) %(*objectname) [1ms]
2025-02-15 18:29:05.489 [info] > git status -z -uall [25ms]
2025-02-15 18:29:10.842 [info] > git config --get commit.template [2ms]
2025-02-15 18:29:10.845 [info] > git for-each-ref --format=%(refname)%00%(upstream:short)%00%(objectname)%00%(upstream:track)%00%(upstream:remotename)%00%(upstream:remoteref) refs/heads/main refs/remotes/main [1ms]
2025-02-15 18:29:10.853 [info] > git for-each-ref --sort -committerdate --format %(refname) %(objectname) %(*objectname) [0ms]
2025-02-15 18:29:10.872 [info] > git status -z -uall [24ms]
2025-02-15 18:29:15.882 [info] > git config --get commit.template [4ms]
2025-02-15 18:29:15.883 [info] > git for-each-ref --format=%(refname)%00%(upstream:short)%00%(objectname)%00%(upstream:track)%00%(upstream:remotename)%00%(upstream:remoteref) refs/heads/main refs/remotes/main [2ms]
2025-02-15 18:29:15.894 [info] > git for-each-ref --sort -committerdate --format %(refname) %(objectname) %(*objectname) [3ms]
2025-02-15 18:29:15.911 [info] > git status -z -uall [24ms]
2025-02-15 18:29:20.921 [info] > git config --get commit.template [2ms]
2025-02-15 18:29:20.922 [info] > git for-each-ref --format=%(refname)%00%(upstream:short)%00%(objectname)%00%(upstream:track)%00%(upstream:remotename)%00%(upstream:remoteref) refs/heads/main refs/remotes/main [2ms]
2025-02-15 18:29:20.931 [info] > git for-each-ref --sort -committerdate --format %(refname) %(objectname) %(*objectname) [2ms]
2025-02-15 18:29:20.950 [info] > git status -z -uall [25ms]
2025-02-15 18:29:25.959 [info] > git config --get commit.template [4ms]
2025-02-15 18:29:25.960 [info] > git for-each-ref --format=%(refname)%00%(upstream:short)%00%(objectname)%00%(upstream:track)%00%(upstream:remotename)%00%(upstream:remoteref) refs/heads/main refs/remotes/main [2ms]
2025-02-15 18:29:25.969 [info] > git for-each-ref --sort -committerdate --format %(refname) %(objectname) %(*objectname) [1ms]
2025-02-15 18:29:25.991 [info] > git status -z -uall [28ms]
2025-02-15 18:29:33.436 [info] > git config --get commit.template [4ms]
2025-02-15 18:29:33.437 [info] > git for-each-ref --format=%(refname)%00%(upstream:short)%00%(objectname)%00%(upstream:track)%00%(upstream:remotename)%00%(upstream:remoteref) refs/heads/main refs/remotes/main [1ms]
2025-02-15 18:29:33.446 [info] > git for-each-ref --sort -committerdate --format %(refname) %(objectname) %(*objectname) [0ms]
2025-02-15 18:29:33.466 [info] > git status -z -uall [26ms]
2025-02-15 18:29:38.477 [info] > git config --get commit.template [4ms]
2025-02-15 18:29:38.477 [info] > git for-each-ref --format=%(refname)%00%(upstream:short)%00%(objectname)%00%(upstream:track)%00%(upstream:remotename)%00%(upstream:remoteref) refs/heads/main refs/remotes/main [1ms]
2025-02-15 18:29:38.486 [info] > git for-each-ref --sort -committerdate --format %(refname) %(objectname) %(*objectname) [1ms]
2025-02-15 18:29:38.506 [info] > git status -z -uall [26ms]
2025-02-15 18:29:43.518 [info] > git config --get commit.template [4ms]
2025-02-15 18:29:43.519 [info] > git for-each-ref --format=%(refname)%00%(upstream:short)%00%(objectname)%00%(upstream:track)%00%(upstream:remotename)%00%(upstream:remoteref) refs/heads/main refs/remotes/main [2ms]
2025-02-15 18:29:43.528 [info] > git for-each-ref --sort -committerdate --format %(refname) %(objectname) %(*objectname) [1ms]
2025-02-15 18:29:43.550 [info] > git status -z -uall [28ms]
2025-02-15 18:29:48.559 [info] > git config --get commit.template [3ms]
2025-02-15 18:29:48.560 [info] > git for-each-ref --format=%(refname)%00%(upstream:short)%00%(objectname)%00%(upstream:track)%00%(upstream:remotename)%00%(upstream:remoteref) refs/heads/main refs/remotes/main [1ms]
2025-02-15 18:29:48.567 [info] > git for-each-ref --sort -committerdate --format %(refname) %(objectname) %(*objectname) [2ms]
2025-02-15 18:29:48.588 [info] > git status -z -uall [25ms]
2025-02-15 18:30:17.116 [info] > git config --get commit.template [4ms]
2025-02-15 18:30:17.117 [info] > git for-each-ref --format=%(refname)%00%(upstream:short)%00%(objectname)%00%(upstream:track)%00%(upstream:remotename)%00%(upstream:remoteref) refs/heads/main refs/remotes/main [2ms]
2025-02-15 18:30:17.125 [info] > git for-each-ref --sort -committerdate --format %(refname) %(objectname) %(*objectname) [1ms]
2025-02-15 18:30:17.145 [info] > git status -z -uall [25ms]
2025-02-15 18:30:33.380 [info] > git config --get commit.template [3ms]
2025-02-15 18:30:33.381 [info] > git for-each-ref --format=%(refname)%00%(upstream:short)%00%(objectname)%00%(upstream:track)%00%(upstream:remotename)%00%(upstream:remoteref) refs/heads/main refs/remotes/main [2ms]
2025-02-15 18:30:33.390 [info] > git for-each-ref --sort -committerdate --format %(refname) %(objectname) %(*objectname) [2ms]
2025-02-15 18:30:33.409 [info] > git status -z -uall [25ms]
2025-02-15 18:30:55.259 [info] > git config --get commit.template [1ms]
2025-02-15 18:30:55.264 [info] > git for-each-ref --format=%(refname)%00%(upstream:short)%00%(objectname)%00%(upstream:track)%00%(upstream:remotename)%00%(upstream:remoteref) refs/heads/main refs/remotes/main [2ms]
2025-02-15 18:30:55.275 [info] > git for-each-ref --sort -committerdate --format %(refname) %(objectname) %(*objectname) [1ms]
2025-02-15 18:30:55.293 [info] > git status -z -uall [25ms]
2025-02-15 18:31:00.307 [info] > git config --get commit.template [4ms]
2025-02-15 18:31:00.308 [info] > git for-each-ref --format=%(refname)%00%(upstream:short)%00%(objectname)%00%(upstream:track)%00%(upstream:remotename)%00%(upstream:remoteref) refs/heads/main refs/remotes/main [2ms]
2025-02-15 18:31:00.316 [info] > git for-each-ref --sort -committerdate --format %(refname) %(objectname) %(*objectname) [1ms]
2025-02-15 18:31:00.336 [info] > git status -z -uall [25ms]
2025-02-15 18:31:05.345 [info] > git config --get commit.template [3ms]
2025-02-15 18:31:05.347 [info] > git for-each-ref --format=%(refname)%00%(upstream:short)%00%(objectname)%00%(upstream:track)%00%(upstream:remotename)%00%(upstream:remoteref) refs/heads/main refs/remotes/main [1ms]
2025-02-15 18:31:05.355 [info] > git for-each-ref --sort -committerdate --format %(refname) %(objectname) %(*objectname) [1ms]
2025-02-15 18:31:05.375 [info] > git status -z -uall [26ms]
2025-02-15 18:31:10.387 [info] > git config --get commit.template [3ms]
2025-02-15 18:31:10.388 [info] > git for-each-ref --format=%(refname)%00%(upstream:short)%00%(objectname)%00%(upstream:track)%00%(upstream:remotename)%00%(upstream:remoteref) refs/heads/main refs/remotes/main [2ms]
2025-02-15 18:31:10.396 [info] > git for-each-ref --sort -committerdate --format %(refname) %(objectname) %(*objectname) [0ms]
2025-02-15 18:31:10.418 [info] > git status -z -uall [27ms]
2025-02-15 18:31:17.931 [info] > git config --get commit.template [1ms]
2025-02-15 18:31:17.935 [info] > git for-each-ref --format=%(refname)%00%(upstream:short)%00%(objectname)%00%(upstream:track)%00%(upstream:remotename)%00%(upstream:remoteref) refs/heads/main refs/remotes/main [2ms]
2025-02-15 18:31:17.944 [info] > git for-each-ref --sort -committerdate --format %(refname) %(objectname) %(*objectname) [1ms]
2025-02-15 18:31:17.963 [info] > git status -z -uall [25ms]
2025-02-15 18:31:22.973 [info] > git config --get commit.template [4ms]
2025-02-15 18:31:22.974 [info] > git for-each-ref --format=%(refname)%00%(upstream:short)%00%(objectname)%00%(upstream:track)%00%(upstream:remotename)%00%(upstream:remoteref) refs/heads/main refs/remotes/main [2ms]
2025-02-15 18:31:22.981 [info] > git for-each-ref --sort -committerdate --format %(refname) %(objectname) %(*objectname) [0ms]
2025-02-15 18:31:23.001 [info] > git status -z -uall [25ms]
2025-02-15 18:31:48.878 [info] > git config --get commit.template [3ms]
2025-02-15 18:31:48.879 [info] > git for-each-ref --format=%(refname)%00%(upstream:short)%00%(objectname)%00%(upstream:track)%00%(upstream:remotename)%00%(upstream:remoteref) refs/heads/main refs/remotes/main [2ms]
2025-02-15 18:31:48.887 [info] > git for-each-ref --sort -committerdate --format %(refname) %(objectname) %(*objectname) [2ms]
2025-02-15 18:31:48.908 [info] > git status -z -uall [26ms]
2025-02-15 18:31:53.918 [info] > git config --get commit.template [3ms]
2025-02-15 18:31:53.919 [info] > git for-each-ref --format=%(refname)%00%(upstream:short)%00%(objectname)%00%(upstream:track)%00%(upstream:remotename)%00%(upstream:remoteref) refs/heads/main refs/remotes/main [2ms]
2025-02-15 18:31:53.926 [info] > git for-each-ref --sort -committerdate --format %(refname) %(objectname) %(*objectname) [2ms]
2025-02-15 18:31:53.951 [info] > git status -z -uall [29ms]
2025-02-15 18:32:09.856 [info] > git config --get commit.template [3ms]
2025-02-15 18:32:09.857 [info] > git for-each-ref --format=%(refname)%00%(upstream:short)%00%(objectname)%00%(upstream:track)%00%(upstream:remotename)%00%(upstream:remoteref) refs/heads/main refs/remotes/main [2ms]
2025-02-15 18:32:09.864 [info] > git for-each-ref --sort -committerdate --format %(refname) %(objectname) %(*objectname) [0ms]
2025-02-15 18:32:09.885 [info] > git status -z -uall [25ms]
2025-02-15 18:32:41.469 [info] > git config --get commit.template [3ms]
2025-02-15 18:32:41.471 [info] > git for-each-ref --format=%(refname)%00%(upstream:short)%00%(objectname)%00%(upstream:track)%00%(upstream:remotename)%00%(upstream:remoteref) refs/heads/main refs/remotes/main [2ms]
2025-02-15 18:32:41.478 [info] > git for-each-ref --sort -committerdate --format %(refname) %(objectname) %(*objectname) [1ms]
2025-02-15 18:32:41.497 [info] > git status -z -uall [24ms]
2025-02-15 18:32:46.506 [info] > git config --get commit.template [3ms]
2025-02-15 18:32:46.508 [info] > git for-each-ref --format=%(refname)%00%(upstream:short)%00%(objectname)%00%(upstream:track)%00%(upstream:remotename)%00%(upstream:remoteref) refs/heads/main refs/remotes/main [3ms]
2025-02-15 18:32:46.520 [info] > git for-each-ref --sort -committerdate --format %(refname) %(objectname) %(*objectname) [1ms]
2025-02-15 18:32:46.541 [info] > git status -z -uall [27ms]
2025-02-15 18:32:56.061 [info] > git config --get commit.template [3ms]
2025-02-15 18:32:56.062 [info] > git for-each-ref --format=%(refname)%00%(upstream:short)%00%(objectname)%00%(upstream:track)%00%(upstream:remotename)%00%(upstream:remoteref) refs/heads/main refs/remotes/main [2ms]
2025-02-15 18:32:56.069 [info] > git for-each-ref --sort -committerdate --format %(refname) %(objectname) %(*objectname) [1ms]
2025-02-15 18:32:56.089 [info] > git status -z -uall [25ms]
2025-02-15 18:33:01.099 [info] > git config --get commit.template [4ms]
2025-02-15 18:33:01.100 [info] > git for-each-ref --format=%(refname)%00%(upstream:short)%00%(objectname)%00%(upstream:track)%00%(upstream:remotename)%00%(upstream:remoteref) refs/heads/main refs/remotes/main [2ms]
2025-02-15 18:33:01.111 [info] > git for-each-ref --sort -committerdate --format %(refname) %(objectname) %(*objectname) [2ms]
2025-02-15 18:33:01.128 [info] > git status -z -uall [24ms]
2025-02-15 18:33:06.138 [info] > git config --get commit.template [3ms]
2025-02-15 18:33:06.139 [info] > git for-each-ref --format=%(refname)%00%(upstream:short)%00%(objectname)%00%(upstream:track)%00%(upstream:remotename)%00%(upstream:remoteref) refs/heads/main refs/remotes/main [1ms]
2025-02-15 18:33:06.146 [info] > git for-each-ref --sort -committerdate --format %(refname) %(objectname) %(*objectname) [1ms]
2025-02-15 18:33:06.166 [info] > git status -z -uall [25ms]
2025-02-15 18:34:00.120 [info] > git config --get commit.template [2ms]
2025-02-15 18:34:00.121 [info] > git for-each-ref --format=%(refname)%00%(upstream:short)%00%(objectname)%00%(upstream:track)%00%(upstream:remotename)%00%(upstream:remoteref) refs/heads/main refs/remotes/main [1ms]
2025-02-15 18:34:00.128 [info] > git for-each-ref --sort -committerdate --format %(refname) %(objectname) %(*objectname) [2ms]
2025-02-15 18:34:00.149 [info] > git status -z -uall [25ms]
2025-02-15 18:34:08.972 [info] > git config --get commit.template [4ms]
2025-02-15 18:34:08.973 [info] > git for-each-ref --format=%(refname)%00%(upstream:short)%00%(objectname)%00%(upstream:track)%00%(upstream:remotename)%00%(upstream:remoteref) refs/heads/main refs/remotes/main [2ms]
2025-02-15 18:34:08.980 [info] > git for-each-ref --sort -committerdate --format %(refname) %(objectname) %(*objectname) [2ms]
2025-02-15 18:34:09.000 [info] > git status -z -uall [25ms]
2025-02-15 18:34:14.008 [info] > git config --get commit.template [3ms]
2025-02-15 18:34:14.009 [info] > git for-each-ref --format=%(refname)%00%(upstream:short)%00%(objectname)%00%(upstream:track)%00%(upstream:remotename)%00%(upstream:remoteref) refs/heads/main refs/remotes/main [1ms]
2025-02-15 18:34:14.017 [info] > git for-each-ref --sort -committerdate --format %(refname) %(objectname) %(*objectname) [1ms]
2025-02-15 18:34:14.036 [info] > git status -z -uall [24ms]
2025-02-15 18:34:19.045 [info] > git config --get commit.template [2ms]
2025-02-15 18:34:19.047 [info] > git for-each-ref --format=%(refname)%00%(upstream:short)%00%(objectname)%00%(upstream:track)%00%(upstream:remotename)%00%(upstream:remoteref) refs/heads/main refs/remotes/main [1ms]
2025-02-15 18:34:19.053 [info] > git for-each-ref --sort -committerdate --format %(refname) %(objectname) %(*objectname) [2ms]
2025-02-15 18:34:19.077 [info] > git status -z -uall [28ms]
2025-02-15 18:34:24.086 [info] > git config --get commit.template [3ms]
2025-02-15 18:34:24.088 [info] > git for-each-ref --format=%(refname)%00%(upstream:short)%00%(objectname)%00%(upstream:track)%00%(upstream:remotename)%00%(upstream:remoteref) refs/heads/main refs/remotes/main [3ms]
2025-02-15 18:34:24.098 [info] > git for-each-ref --sort -committerdate --format %(refname) %(objectname) %(*objectname) [3ms]
2025-02-15 18:34:24.117 [info] > git status -z -uall [24ms]
2025-02-15 18:34:29.127 [info] > git config --get commit.template [3ms]
2025-02-15 18:34:29.128 [info] > git for-each-ref --format=%(refname)%00%(upstream:short)%00%(objectname)%00%(upstream:track)%00%(upstream:remotename)%00%(upstream:remoteref) refs/heads/main refs/remotes/main [2ms]
2025-02-15 18:34:29.136 [info] > git for-each-ref --sort -committerdate --format %(refname) %(objectname) %(*objectname) [1ms]
2025-02-15 18:34:29.155 [info] > git status -z -uall [25ms]
2025-02-15 18:34:41.606 [info] > git config --get commit.template [3ms]
2025-02-15 18:34:41.607 [info] > git for-each-ref --format=%(refname)%00%(upstream:short)%00%(objectname)%00%(upstream:track)%00%(upstream:remotename)%00%(upstream:remoteref) refs/heads/main refs/remotes/main [1ms]
2025-02-15 18:34:41.615 [info] > git for-each-ref --sort -committerdate --format %(refname) %(objectname) %(*objectname) [1ms]
2025-02-15 18:34:41.634 [info] > git status -z -uall [24ms]
2025-02-15 18:34:46.644 [info] > git config --get commit.template [4ms]
2025-02-15 18:34:46.644 [info] > git for-each-ref --format=%(refname)%00%(upstream:short)%00%(objectname)%00%(upstream:track)%00%(upstream:remotename)%00%(upstream:remoteref) refs/heads/main refs/remotes/main [1ms]
2025-02-15 18:34:46.653 [info] > git for-each-ref --sort -committerdate --format %(refname) %(objectname) %(*objectname) [1ms]
2025-02-15 18:34:46.674 [info] > git status -z -uall [26ms]
2025-02-15 18:34:51.684 [info] > git config --get commit.template [4ms]
2025-02-15 18:34:51.684 [info] > git for-each-ref --format=%(refname)%00%(upstream:short)%00%(objectname)%00%(upstream:track)%00%(upstream:remotename)%00%(upstream:remoteref) refs/heads/main refs/remotes/main [2ms]
2025-02-15 18:34:51.692 [info] > git for-each-ref --sort -committerdate --format %(refname) %(objectname) %(*objectname) [2ms]
2025-02-15 18:34:51.713 [info] > git status -z -uall [25ms]
2025-02-15 18:34:56.722 [info] > git config --get commit.template [3ms]
2025-02-15 18:34:56.723 [info] > git for-each-ref --format=%(refname)%00%(upstream:short)%00%(objectname)%00%(upstream:track)%00%(upstream:remotename)%00%(upstream:remoteref) refs/heads/main refs/remotes/main [2ms]
2025-02-15 18:34:56.731 [info] > git for-each-ref --sort -committerdate --format %(refname) %(objectname) %(*objectname) [0ms]
2025-02-15 18:34:56.751 [info] > git status -z -uall [25ms]
2025-02-15 18:35:01.760 [info] > git config --get commit.template [3ms]
2025-02-15 18:35:01.761 [info] > git for-each-ref --format=%(refname)%00%(upstream:short)%00%(objectname)%00%(upstream:track)%00%(upstream:remotename)%00%(upstream:remoteref) refs/heads/main refs/remotes/main [1ms]
2025-02-15 18:35:01.770 [info] > git for-each-ref --sort -committerdate --format %(refname) %(objectname) %(*objectname) [2ms]
2025-02-15 18:35:01.791 [info] > git status -z -uall [28ms]
2025-02-15 18:35:10.002 [info] > git config --get commit.template [4ms]
2025-02-15 18:35:10.003 [info] > git for-each-ref --format=%(refname)%00%(upstream:short)%00%(objectname)%00%(upstream:track)%00%(upstream:remotename)%00%(upstream:remoteref) refs/heads/main refs/remotes/main [2ms]
2025-02-15 18:35:10.012 [info] > git for-each-ref --sort -committerdate --format %(refname) %(objectname) %(*objectname) [2ms]
2025-02-15 18:35:10.035 [info] > git status -z -uall [28ms]
2025-02-15 18:35:32.447 [info] > git config --get commit.template [3ms]
2025-02-15 18:35:32.448 [info] > git for-each-ref --format=%(refname)%00%(upstream:short)%00%(objectname)%00%(upstream:track)%00%(upstream:remotename)%00%(upstream:remoteref) refs/heads/main refs/remotes/main [1ms]
2025-02-15 18:35:32.459 [info] > git for-each-ref --sort -committerdate --format %(refname) %(objectname) %(*objectname) [2ms]
2025-02-15 18:35:32.480 [info] > git status -z -uall [29ms]
2025-02-15 18:35:50.564 [info] > git config --get commit.template [4ms]
2025-02-15 18:35:50.565 [info] > git for-each-ref --format=%(refname)%00%(upstream:short)%00%(objectname)%00%(upstream:track)%00%(upstream:remotename)%00%(upstream:remoteref) refs/heads/main refs/remotes/main [2ms]
2025-02-15 18:35:50.572 [info] > git for-each-ref --sort -committerdate --format %(refname) %(objectname) %(*objectname) [2ms]
2025-02-15 18:35:50.594 [info] > git status -z -uall [27ms]
2025-02-15 18:35:55.602 [info] > git config --get commit.template [3ms]
2025-02-15 18:35:55.603 [info] > git for-each-ref --format=%(refname)%00%(upstream:short)%00%(objectname)%00%(upstream:track)%00%(upstream:remotename)%00%(upstream:remoteref) refs/heads/main refs/remotes/main [1ms]
2025-02-15 18:35:55.612 [info] > git for-each-ref --sort -committerdate --format %(refname) %(objectname) %(*objectname) [2ms]
2025-02-15 18:35:55.630 [info] > git status -z -uall [24ms]
2025-02-15 18:36:02.634 [info] > git config --get commit.template [3ms]
2025-02-15 18:36:02.636 [info] > git for-each-ref --format=%(refname)%00%(upstream:short)%00%(objectname)%00%(upstream:track)%00%(upstream:remotename)%00%(upstream:remoteref) refs/heads/main refs/remotes/main [1ms]
2025-02-15 18:36:02.645 [info] > git for-each-ref --sort -committerdate --format %(refname) %(objectname) %(*objectname) [0ms]
2025-02-15 18:36:02.665 [info] > git status -z -uall [27ms]
2025-02-15 18:36:07.675 [info] > git config --get commit.template [3ms]
2025-02-15 18:36:07.676 [info] > git for-each-ref --format=%(refname)%00%(upstream:short)%00%(objectname)%00%(upstream:track)%00%(upstream:remotename)%00%(upstream:remoteref) refs/heads/main refs/remotes/main [2ms]
2025-02-15 18:36:07.685 [info] > git for-each-ref --sort -committerdate --format %(refname) %(objectname) %(*objectname) [1ms]
2025-02-15 18:36:07.705 [info] > git status -z -uall [26ms]
2025-02-15 18:36:12.715 [info] > git config --get commit.template [4ms]
2025-02-15 18:36:12.717 [info] > git for-each-ref --format=%(refname)%00%(upstream:short)%00%(objectname)%00%(upstream:track)%00%(upstream:remotename)%00%(upstream:remoteref) refs/heads/main refs/remotes/main [1ms]
2025-02-15 18:36:12.724 [info] > git for-each-ref --sort -committerdate --format %(refname) %(objectname) %(*objectname) [1ms]
2025-02-15 18:36:12.744 [info] > git status -z -uall [25ms]
2025-02-15 18:36:17.753 [info] > git config --get commit.template [4ms]
2025-02-15 18:36:17.754 [info] > git for-each-ref --format=%(refname)%00%(upstream:short)%00%(objectname)%00%(upstream:track)%00%(upstream:remotename)%00%(upstream:remoteref) refs/heads/main refs/remotes/main [1ms]
2025-02-15 18:36:17.765 [info] > git for-each-ref --sort -committerdate --format %(refname) %(objectname) %(*objectname) [3ms]
2025-02-15 18:36:17.785 [info] > git status -z -uall [25ms]
2025-02-15 18:36:57.208 [info] > git config --get commit.template [3ms]
2025-02-15 18:36:57.210 [info] > git for-each-ref --format=%(refname)%00%(upstream:short)%00%(objectname)%00%(upstream:track)%00%(upstream:remotename)%00%(upstream:remoteref) refs/heads/main refs/remotes/main [1ms]
2025-02-15 18:36:57.218 [info] > git for-each-ref --sort -committerdate --format %(refname) %(objectname) %(*objectname) [4ms]
2025-02-15 18:36:57.236 [info] > git status -z -uall [24ms]
2025-02-15 18:37:02.247 [info] > git config --get commit.template [4ms]
2025-02-15 18:37:02.248 [info] > git for-each-ref --format=%(refname)%00%(upstream:short)%00%(objectname)%00%(upstream:track)%00%(upstream:remotename)%00%(upstream:remoteref) refs/heads/main refs/remotes/main [2ms]
2025-02-15 18:37:02.255 [info] > git for-each-ref --sort -committerdate --format %(refname) %(objectname) %(*objectname) [0ms]
2025-02-15 18:37:02.275 [info] > git status -z -uall [25ms]
2025-02-15 18:37:13.147 [info] > git config --get commit.template [3ms]
2025-02-15 18:37:13.148 [info] > git for-each-ref --format=%(refname)%00%(upstream:short)%00%(objectname)%00%(upstream:track)%00%(upstream:remotename)%00%(upstream:remoteref) refs/heads/main refs/remotes/main [2ms]
2025-02-15 18:37:13.156 [info] > git for-each-ref --sort -committerdate --format %(refname) %(objectname) %(*objectname) [1ms]
2025-02-15 18:37:13.175 [info] > git status -z -uall [24ms]
2025-02-15 18:37:18.184 [info] > git config --get commit.template [3ms]
2025-02-15 18:37:18.186 [info] > git for-each-ref --format=%(refname)%00%(upstream:short)%00%(objectname)%00%(upstream:track)%00%(upstream:remotename)%00%(upstream:remoteref) refs/heads/main refs/remotes/main [1ms]
2025-02-15 18:37:18.194 [info] > git for-each-ref --sort -committerdate --format %(refname) %(objectname) %(*objectname) [1ms]
2025-02-15 18:37:18.213 [info] > git status -z -uall [25ms]
2025-02-15 18:37:23.330 [info] > git config --get commit.template [3ms]
2025-02-15 18:37:23.331 [info] > git for-each-ref --format=%(refname)%00%(upstream:short)%00%(objectname)%00%(upstream:track)%00%(upstream:remotename)%00%(upstream:remoteref) refs/heads/main refs/remotes/main [2ms]
2025-02-15 18:37:23.338 [info] > git for-each-ref --sort -committerdate --format %(refname) %(objectname) %(*objectname) [2ms]
2025-02-15 18:37:23.358 [info] > git status -z -uall [24ms]
2025-02-15 18:38:18.605 [info] > git config --get commit.template [4ms]
2025-02-15 18:38:18.606 [info] > git for-each-ref --format=%(refname)%00%(upstream:short)%00%(objectname)%00%(upstream:track)%00%(upstream:remotename)%00%(upstream:remoteref) refs/heads/main refs/remotes/main [2ms]
2025-02-15 18:38:18.613 [info] > git for-each-ref --sort -committerdate --format %(refname) %(objectname) %(*objectname) [1ms]
2025-02-15 18:38:18.633 [info] > git status -z -uall [25ms]
2025-02-15 18:38:25.505 [info] > git config --get commit.template [3ms]
2025-02-15 18:38:25.506 [info] > git for-each-ref --format=%(refname)%00%(upstream:short)%00%(objectname)%00%(upstream:track)%00%(upstream:remotename)%00%(upstream:remoteref) refs/heads/main refs/remotes/main [2ms]
2025-02-15 18:38:25.512 [info] > git for-each-ref --sort -committerdate --format %(refname) %(objectname) %(*objectname) [2ms]
2025-02-15 18:38:25.533 [info] > git status -z -uall [25ms]
2025-02-15 18:38:40.510 [info] > git config --get commit.template [2ms]
2025-02-15 18:38:40.511 [info] > git for-each-ref --format=%(refname)%00%(upstream:short)%00%(objectname)%00%(upstream:track)%00%(upstream:remotename)%00%(upstream:remoteref) refs/heads/main refs/remotes/main [2ms]
2025-02-15 18:38:40.517 [info] > git for-each-ref --sort -committerdate --format %(refname) %(objectname) %(*objectname) [2ms]
2025-02-15 18:38:40.537 [info] > git status -z -uall [24ms]
2025-02-15 18:38:45.547 [info] > git config --get commit.template [3ms]
2025-02-15 18:38:45.548 [info] > git for-each-ref --format=%(refname)%00%(upstream:short)%00%(objectname)%00%(upstream:track)%00%(upstream:remotename)%00%(upstream:remoteref) refs/heads/main refs/remotes/main [2ms]
2025-02-15 18:38:45.555 [info] > git for-each-ref --sort -committerdate --format %(refname) %(objectname) %(*objectname) [1ms]
2025-02-15 18:38:45.577 [info] > git status -z -uall [27ms]
2025-02-15 18:39:06.857 [info] > git config --get commit.template [3ms]
2025-02-15 18:39:06.858 [info] > git for-each-ref --format=%(refname)%00%(upstream:short)%00%(objectname)%00%(upstream:track)%00%(upstream:remotename)%00%(upstream:remoteref) refs/heads/main refs/remotes/main [1ms]
2025-02-15 18:39:06.867 [info] > git for-each-ref --sort -committerdate --format %(refname) %(objectname) %(*objectname) [1ms]
2025-02-15 18:39:06.887 [info] > git status -z -uall [26ms]
2025-02-15 18:39:11.895 [info] > git config --get commit.template [3ms]
2025-02-15 18:39:11.896 [info] > git for-each-ref --format=%(refname)%00%(upstream:short)%00%(objectname)%00%(upstream:track)%00%(upstream:remotename)%00%(upstream:remoteref) refs/heads/main refs/remotes/main [1ms]
2025-02-15 18:39:11.907 [info] > git for-each-ref --sort -committerdate --format %(refname) %(objectname) %(*objectname) [2ms]
2025-02-15 18:39:11.925 [info] > git status -z -uall [25ms]
2025-02-15 18:39:57.552 [info] > git config --get commit.template [3ms]
2025-02-15 18:39:57.553 [info] > git for-each-ref --format=%(refname)%00%(upstream:short)%00%(objectname)%00%(upstream:track)%00%(upstream:remotename)%00%(upstream:remoteref) refs/heads/main refs/remotes/main [1ms]
2025-02-15 18:39:57.561 [info] > git for-each-ref --sort -committerdate --format %(refname) %(objectname) %(*objectname) [1ms]
2025-02-15 18:39:57.580 [info] > git status -z -uall [24ms]
2025-02-15 18:40:27.455 [info] > git config --get commit.template [3ms]
2025-02-15 18:40:27.456 [info] > git for-each-ref --format=%(refname)%00%(upstream:short)%00%(objectname)%00%(upstream:track)%00%(upstream:remotename)%00%(upstream:remoteref) refs/heads/main refs/remotes/main [1ms]
2025-02-15 18:40:27.464 [info] > git for-each-ref --sort -committerdate --format %(refname) %(objectname) %(*objectname) [2ms]
2025-02-15 18:40:27.487 [info] > git status -z -uall [28ms]
2025-02-15 18:40:34.902 [info] > git config --get commit.template [2ms]
2025-02-15 18:40:34.905 [info] > git for-each-ref --format=%(refname)%00%(upstream:short)%00%(objectname)%00%(upstream:track)%00%(upstream:remotename)%00%(upstream:remoteref) refs/heads/main refs/remotes/main [3ms]
2025-02-15 18:40:34.911 [info] > git for-each-ref --sort -committerdate --format %(refname) %(objectname) %(*objectname) [1ms]
2025-02-15 18:40:34.932 [info] > git status -z -uall [25ms]
2025-02-15 18:40:39.941 [info] > git config --get commit.template [2ms]
2025-02-15 18:40:39.943 [info] > git for-each-ref --format=%(refname)%00%(upstream:short)%00%(objectname)%00%(upstream:track)%00%(upstream:remotename)%00%(upstream:remoteref) refs/heads/main refs/remotes/main [2ms]
2025-02-15 18:40:39.949 [info] > git for-each-ref --sort -committerdate --format %(refname) %(objectname) %(*objectname) [2ms]
2025-02-15 18:40:39.969 [info] > git status -z -uall [24ms]
2025-02-15 18:40:44.977 [info] > git config --get commit.template [3ms]
2025-02-15 18:40:44.978 [info] > git for-each-ref --format=%(refname)%00%(upstream:short)%00%(objectname)%00%(upstream:track)%00%(upstream:remotename)%00%(upstream:remoteref) refs/heads/main refs/remotes/main [2ms]
2025-02-15 18:40:44.985 [info] > git for-each-ref --sort -committerdate --format %(refname) %(objectname) %(*objectname) [2ms]
2025-02-15 18:40:45.005 [info] > git status -z -uall [25ms]
2025-02-15 18:40:50.013 [info] > git config --get commit.template [1ms]
2025-02-15 18:40:50.017 [info] > git for-each-ref --format=%(refname)%00%(upstream:short)%00%(objectname)%00%(upstream:track)%00%(upstream:remotename)%00%(upstream:remoteref) refs/heads/main refs/remotes/main [1ms]
2025-02-15 18:40:50.025 [info] > git for-each-ref --sort -committerdate --format %(refname) %(objectname) %(*objectname) [1ms]
2025-02-15 18:40:50.045 [info] > git status -z -uall [25ms]
2025-02-15 18:42:19.362 [info] > git config --get commit.template [3ms]
2025-02-15 18:42:19.364 [info] > git for-each-ref --format=%(refname)%00%(upstream:short)%00%(objectname)%00%(upstream:track)%00%(upstream:remotename)%00%(upstream:remoteref) refs/heads/main refs/remotes/main [2ms]
2025-02-15 18:42:19.372 [info] > git for-each-ref --sort -committerdate --format %(refname) %(objectname) %(*objectname) [4ms]
2025-02-15 18:42:19.391 [info] > git status -z -uall [25ms]
2025-02-15 18:42:24.401 [info] > git config --get commit.template [4ms]
2025-02-15 18:42:24.401 [info] > git for-each-ref --format=%(refname)%00%(upstream:short)%00%(objectname)%00%(upstream:track)%00%(upstream:remotename)%00%(upstream:remoteref) refs/heads/main refs/remotes/main [1ms]
2025-02-15 18:42:24.411 [info] > git for-each-ref --sort -committerdate --format %(refname) %(objectname) %(*objectname) [4ms]
2025-02-15 18:42:24.428 [info] > git status -z -uall [24ms]
2025-02-15 18:42:33.542 [info] > git config --get commit.template [3ms]
2025-02-15 18:42:33.543 [info] > git for-each-ref --format=%(refname)%00%(upstream:short)%00%(objectname)%00%(upstream:track)%00%(upstream:remotename)%00%(upstream:remoteref) refs/heads/main refs/remotes/main [2ms]
2025-02-15 18:42:33.553 [info] > git for-each-ref --sort -committerdate --format %(refname) %(objectname) %(*objectname) [2ms]
2025-02-15 18:42:33.571 [info] > git status -z -uall [25ms]
2025-02-15 18:42:39.146 [info] > git config --get commit.template [3ms]
2025-02-15 18:42:39.147 [info] > git for-each-ref --format=%(refname)%00%(upstream:short)%00%(objectname)%00%(upstream:track)%00%(upstream:remotename)%00%(upstream:remoteref) refs/heads/main refs/remotes/main [2ms]
2025-02-15 18:42:39.155 [info] > git for-each-ref --sort -committerdate --format %(refname) %(objectname) %(*objectname) [1ms]
2025-02-15 18:42:39.176 [info] > git status -z -uall [26ms]
2025-02-15 18:42:46.375 [info] > git config --get commit.template [1ms]
2025-02-15 18:42:46.379 [info] > git for-each-ref --format=%(refname)%00%(upstream:short)%00%(objectname)%00%(upstream:track)%00%(upstream:remotename)%00%(upstream:remoteref) refs/heads/main refs/remotes/main [2ms]
2025-02-15 18:42:46.386 [info] > git for-each-ref --sort -committerdate --format %(refname) %(objectname) %(*objectname) [0ms]
2025-02-15 18:42:46.406 [info] > git status -z -uall [25ms]
2025-02-15 18:42:54.221 [info] > git config --get commit.template [3ms]
2025-02-15 18:42:54.222 [info] > git for-each-ref --format=%(refname)%00%(upstream:short)%00%(objectname)%00%(upstream:track)%00%(upstream:remotename)%00%(upstream:remoteref) refs/heads/main refs/remotes/main [2ms]
2025-02-15 18:42:54.228 [info] > git for-each-ref --sort -committerdate --format %(refname) %(objectname) %(*objectname) [2ms]
2025-02-15 18:42:54.248 [info] > git status -z -uall [24ms]
2025-02-15 18:43:38.791 [info] > git config --get commit.template [3ms]
2025-02-15 18:43:38.792 [info] > git for-each-ref --format=%(refname)%00%(upstream:short)%00%(objectname)%00%(upstream:track)%00%(upstream:remotename)%00%(upstream:remoteref) refs/heads/main refs/remotes/main [2ms]
2025-02-15 18:43:38.801 [info] > git for-each-ref --sort -committerdate --format %(refname) %(objectname) %(*objectname) [0ms]
2025-02-15 18:43:38.824 [info] > git status -z -uall [29ms]
2025-02-15 18:43:43.834 [info] > git config --get commit.template [3ms]
2025-02-15 18:43:43.834 [info] > git for-each-ref --format=%(refname)%00%(upstream:short)%00%(objectname)%00%(upstream:track)%00%(upstream:remotename)%00%(upstream:remoteref) refs/heads/main refs/remotes/main [2ms]
2025-02-15 18:43:43.843 [info] > git for-each-ref --sort -committerdate --format %(refname) %(objectname) %(*objectname) [1ms]
2025-02-15 18:43:43.862 [info] > git status -z -uall [25ms]
2025-02-15 18:43:48.870 [info] > git config --get commit.template [3ms]
2025-02-15 18:43:48.872 [info] > git for-each-ref --format=%(refname)%00%(upstream:short)%00%(objectname)%00%(upstream:track)%00%(upstream:remotename)%00%(upstream:remoteref) refs/heads/main refs/remotes/main [2ms]
2025-02-15 18:43:48.878 [info] > git for-each-ref --sort -committerdate --format %(refname) %(objectname) %(*objectname) [2ms]
2025-02-15 18:43:48.901 [info] > git status -z -uall [27ms]
2025-02-15 18:43:53.911 [info] > git config --get commit.template [3ms]
2025-02-15 18:43:53.911 [info] > git for-each-ref --format=%(refname)%00%(upstream:short)%00%(objectname)%00%(upstream:track)%00%(upstream:remotename)%00%(upstream:remoteref) refs/heads/main refs/remotes/main [2ms]
2025-02-15 18:43:53.919 [info] > git for-each-ref --sort -committerdate --format %(refname) %(objectname) %(*objectname) [0ms]
2025-02-15 18:43:53.942 [info] > git status -z -uall [27ms]
2025-02-15 18:44:11.715 [info] > git config --get commit.template [3ms]
2025-02-15 18:44:11.716 [info] > git for-each-ref --format=%(refname)%00%(upstream:short)%00%(objectname)%00%(upstream:track)%00%(upstream:remotename)%00%(upstream:remoteref) refs/heads/main refs/remotes/main [2ms]
2025-02-15 18:44:11.722 [info] > git for-each-ref --sort -committerdate --format %(refname) %(objectname) %(*objectname) [2ms]
2025-02-15 18:44:11.743 [info] > git status -z -uall [25ms]
2025-02-15 18:44:19.621 [info] > git config --get commit.template [3ms]
2025-02-15 18:44:19.622 [info] > git for-each-ref --format=%(refname)%00%(upstream:short)%00%(objectname)%00%(upstream:track)%00%(upstream:remotename)%00%(upstream:remoteref) refs/heads/main refs/remotes/main [2ms]
2025-02-15 18:44:19.631 [info] > git for-each-ref --sort -committerdate --format %(refname) %(objectname) %(*objectname) [2ms]
2025-02-15 18:44:19.657 [info] > git status -z -uall [33ms]
2025-02-15 18:44:24.667 [info] > git config --get commit.template [3ms]
2025-02-15 18:44:24.669 [info] > git for-each-ref --format=%(refname)%00%(upstream:short)%00%(objectname)%00%(upstream:track)%00%(upstream:remotename)%00%(upstream:remoteref) refs/heads/main refs/remotes/main [2ms]
2025-02-15 18:44:24.679 [info] > git for-each-ref --sort -committerdate --format %(refname) %(objectname) %(*objectname) [0ms]
2025-02-15 18:44:24.698 [info] > git status -z -uall [27ms]
2025-02-15 18:44:39.555 [info] > git config --get commit.template [3ms]
2025-02-15 18:44:39.556 [info] > git for-each-ref --format=%(refname)%00%(upstream:short)%00%(objectname)%00%(upstream:track)%00%(upstream:remotename)%00%(upstream:remoteref) refs/heads/main refs/remotes/main [2ms]
2025-02-15 18:44:39.562 [info] > git for-each-ref --sort -committerdate --format %(refname) %(objectname) %(*objectname) [2ms]
2025-02-15 18:44:39.582 [info] > git status -z -uall [24ms]
2025-02-15 18:44:44.591 [info] > git config --get commit.template [3ms]
2025-02-15 18:44:44.593 [info] > git for-each-ref --format=%(refname)%00%(upstream:short)%00%(objectname)%00%(upstream:track)%00%(upstream:remotename)%00%(upstream:remoteref) refs/heads/main refs/remotes/main [2ms]
2025-02-15 18:44:44.599 [info] > git for-each-ref --sort -committerdate --format %(refname) %(objectname) %(*objectname) [2ms]
2025-02-15 18:44:44.619 [info] > git status -z -uall [24ms]
2025-02-15 18:44:51.239 [info] > git config --get commit.template [2ms]
2025-02-15 18:44:51.240 [info] > git for-each-ref --format=%(refname)%00%(upstream:short)%00%(objectname)%00%(upstream:track)%00%(upstream:remotename)%00%(upstream:remoteref) refs/heads/main refs/remotes/main [1ms]
2025-02-15 18:44:51.248 [info] > git for-each-ref --sort -committerdate --format %(refname) %(objectname) %(*objectname) [1ms]
2025-02-15 18:44:51.269 [info] > git status -z -uall [26ms]
2025-02-15 18:45:02.109 [info] > git config --get commit.template [3ms]
2025-02-15 18:45:02.110 [info] > git for-each-ref --format=%(refname)%00%(upstream:short)%00%(objectname)%00%(upstream:track)%00%(upstream:remotename)%00%(upstream:remoteref) refs/heads/main refs/remotes/main [1ms]
2025-02-15 18:45:02.118 [info] > git for-each-ref --sort -committerdate --format %(refname) %(objectname) %(*objectname) [3ms]
2025-02-15 18:45:02.140 [info] > git status -z -uall [27ms]
2025-02-15 18:45:07.149 [info] > git config --get commit.template [3ms]
2025-02-15 18:45:07.150 [info] > git for-each-ref --format=%(refname)%00%(upstream:short)%00%(objectname)%00%(upstream:track)%00%(upstream:remotename)%00%(upstream:remoteref) refs/heads/main refs/remotes/main [1ms]
2025-02-15 18:45:07.157 [info] > git for-each-ref --sort -committerdate --format %(refname) %(objectname) %(*objectname) [2ms]
2025-02-15 18:45:07.177 [info] > git status -z -uall [24ms]
2025-02-15 18:45:12.796 [info] > git config --get commit.template [2ms]
2025-02-15 18:45:12.797 [info] > git for-each-ref --format=%(refname)%00%(upstream:short)%00%(objectname)%00%(upstream:track)%00%(upstream:remotename)%00%(upstream:remoteref) refs/heads/main refs/remotes/main [2ms]
2025-02-15 18:45:12.806 [info] > git for-each-ref --sort -committerdate --format %(refname) %(objectname) %(*objectname) [2ms]
2025-02-15 18:45:12.827 [info] > git status -z -uall [27ms]
