2025-03-01 00:31:12.740 [info] [main] Log level: Info
2025-03-01 00:31:12.740 [info] [main] Validating found git in: "git"
2025-03-01 00:31:12.740 [info] [main] Using git "2.34.1" from "git"
2025-03-01 00:31:12.740 [info] [Model][doInitialScan] Initial repository scan started
2025-03-01 00:31:12.740 [info] > git rev-parse --show-toplevel [33ms]
2025-03-01 00:31:12.740 [info] > git rev-parse --git-dir --git-common-dir [2ms]
2025-03-01 00:31:12.740 [info] [Model][openRepository] Opened repository: /home/student
2025-03-01 00:31:12.740 [info] > git config --get commit.template [4ms]
2025-03-01 00:31:12.740 [info] > git rev-parse --show-toplevel [2ms]
2025-03-01 00:31:12.740 [info] > git for-each-ref --format=%(refname)%00%(upstream:short)%00%(objectname)%00%(upstream:track)%00%(upstream:remotename)%00%(upstream:remoteref) refs/heads/main refs/remotes/main [4ms]
2025-03-01 00:31:12.740 [info] > git rev-parse --show-toplevel [2ms]
2025-03-01 00:31:12.740 [info] > git rev-parse --show-toplevel [1ms]
2025-03-01 00:31:12.740 [info] > git for-each-ref --sort -committerdate --format %(refname) %(objectname) %(*objectname) [24ms]
2025-03-01 00:31:12.740 [info] > git rev-parse --show-toplevel [18ms]
2025-03-01 00:31:12.741 [info] > git rev-parse --show-toplevel [1ms]
2025-03-01 00:31:12.746 [info] [Model][doInitialScan] Initial repository scan completed - repositories (1), closed repositories (0), parent repositories (0), unsafe repositories (0)
2025-03-01 00:31:12.786 [info] > git status -z -uall [83ms]
2025-03-01 00:31:12.861 [info] > git for-each-ref --format=%(refname)%00%(upstream:short)%00%(objectname)%00%(upstream:track)%00%(upstream:remotename)%00%(upstream:remoteref) refs/heads/main refs/remotes/main [7ms]
2025-03-01 00:31:12.865 [info] > git config --get commit.template [4ms]
2025-03-01 00:31:12.865 [info] > git config --get --local branch.main.vscode-merge-base [1ms]
2025-03-01 00:31:12.866 [warning] [Git][config] git config failed: Failed to execute git
2025-03-01 00:31:12.871 [info] > git reflog main --grep-reflog=branch: Created from *. [3ms]
2025-03-01 00:31:12.874 [info] > git for-each-ref --format=%(refname)%00%(upstream:short)%00%(objectname)%00%(upstream:track)%00%(upstream:remotename)%00%(upstream:remoteref) refs/heads/main refs/remotes/main [4ms]
2025-03-01 00:31:12.875 [info] > git symbolic-ref --short refs/remotes/origin/HEAD [1ms]
2025-03-01 00:31:12.875 [info] fatal: ref refs/remotes/origin/HEAD is not a symbolic ref
2025-03-01 00:31:12.875 [warning] [Repository][getDefaultBranch] Failed to get default branch details: Failed to execute git.
2025-03-01 00:31:12.883 [info] > git merge-base refs/heads/main refs/remotes/origin/main [5ms]
2025-03-01 00:31:12.891 [info] > git for-each-ref --sort -committerdate --format %(refname) %(objectname) %(*objectname) [8ms]
2025-03-01 00:31:12.891 [info] > git diff --name-status -z --diff-filter=ADMR 16b49f9f0dad829177dd6ba65f92abc6f5dc235a...refs/remotes/origin/main [1ms]
2025-03-01 00:31:13.205 [info] > git status -z -uall [325ms]
2025-03-01 00:31:13.246 [info] > git check-ignore -v -z --stdin [7ms]
2025-03-01 00:31:13.612 [info] > git show --textconv :Engr212_Tsegay_Asmerom/Lab3/Lab3hardlink.txt [24ms]
2025-03-01 00:31:13.613 [info] > git ls-files --stage -- /home/student/Engr212_Tsegay_Asmerom/Lab3/Lab3hardlink.txt [22ms]
2025-03-01 00:31:13.769 [info] > git cat-file -s 64ff00478e6c0f228b9f93b41004ff8c11f58beb [154ms]
2025-03-01 00:31:14.054 [info] > git blame --root --incremental 16b49f9f0dad829177dd6ba65f92abc6f5dc235a -- /home/student/Engr212_Tsegay_Asmerom/Lab3/Lab3hardlink.txt [13ms]
2025-03-01 00:31:18.487 [info] > git config --get commit.template [4ms]
2025-03-01 00:31:18.487 [info] > git for-each-ref --format=%(refname)%00%(upstream:short)%00%(objectname)%00%(upstream:track)%00%(upstream:remotename)%00%(upstream:remoteref) refs/heads/main refs/remotes/main [2ms]
2025-03-01 00:31:18.496 [info] > git for-each-ref --sort -committerdate --format %(refname) %(objectname) %(*objectname) [3ms]
2025-03-01 00:31:18.538 [info] > git status -z -uall [48ms]
2025-03-01 00:31:23.577 [info] > git config --get commit.template [3ms]
2025-03-01 00:31:23.577 [info] > git for-each-ref --format=%(refname)%00%(upstream:short)%00%(objectname)%00%(upstream:track)%00%(upstream:remotename)%00%(upstream:remoteref) refs/heads/main refs/remotes/main [1ms]
2025-03-01 00:31:23.588 [info] > git for-each-ref --sort -committerdate --format %(refname) %(objectname) %(*objectname) [5ms]
2025-03-01 00:31:23.627 [info] > git status -z -uall [47ms]
2025-03-01 00:31:38.603 [info] > git config --get commit.template [4ms]
2025-03-01 00:31:38.604 [info] > git for-each-ref --format=%(refname)%00%(upstream:short)%00%(objectname)%00%(upstream:track)%00%(upstream:remotename)%00%(upstream:remoteref) refs/heads/main refs/remotes/main [2ms]
2025-03-01 00:31:38.614 [info] > git for-each-ref --sort -committerdate --format %(refname) %(objectname) %(*objectname) [5ms]
2025-03-01 00:31:38.655 [info] > git status -z -uall [48ms]
2025-03-01 00:32:52.858 [info] > git config --get commit.template [4ms]
2025-03-01 00:32:52.859 [info] > git for-each-ref --format=%(refname)%00%(upstream:short)%00%(objectname)%00%(upstream:track)%00%(upstream:remotename)%00%(upstream:remoteref) refs/heads/main refs/remotes/main [2ms]
2025-03-01 00:32:52.868 [info] > git for-each-ref --sort -committerdate --format %(refname) %(objectname) %(*objectname) [0ms]
2025-03-01 00:32:52.913 [info] > git status -z -uall [50ms]
2025-03-01 00:32:57.957 [info] > git config --get commit.template [4ms]
2025-03-01 00:32:57.958 [info] > git for-each-ref --format=%(refname)%00%(upstream:short)%00%(objectname)%00%(upstream:track)%00%(upstream:remotename)%00%(upstream:remoteref) refs/heads/main refs/remotes/main [3ms]
2025-03-01 00:32:57.966 [info] > git for-each-ref --sort -committerdate --format %(refname) %(objectname) %(*objectname) [1ms]
2025-03-01 00:32:58.014 [info] > git status -z -uall [52ms]
2025-03-01 00:33:03.056 [info] > git config --get commit.template [4ms]
2025-03-01 00:33:03.057 [info] > git for-each-ref --format=%(refname)%00%(upstream:short)%00%(objectname)%00%(upstream:track)%00%(upstream:remotename)%00%(upstream:remoteref) refs/heads/main refs/remotes/main [3ms]
2025-03-01 00:33:03.070 [info] > git for-each-ref --sort -committerdate --format %(refname) %(objectname) %(*objectname) [7ms]
2025-03-01 00:33:03.109 [info] > git status -z -uall [48ms]
2025-03-01 00:33:08.143 [info] > git config --get commit.template [4ms]
2025-03-01 00:33:08.143 [info] > git for-each-ref --format=%(refname)%00%(upstream:short)%00%(objectname)%00%(upstream:track)%00%(upstream:remotename)%00%(upstream:remoteref) refs/heads/main refs/remotes/main [1ms]
2025-03-01 00:33:08.151 [info] > git for-each-ref --sort -committerdate --format %(refname) %(objectname) %(*objectname) [2ms]
2025-03-01 00:33:08.196 [info] > git status -z -uall [49ms]
2025-03-01 00:33:13.229 [info] > git config --get commit.template [4ms]
2025-03-01 00:33:13.230 [info] > git for-each-ref --format=%(refname)%00%(upstream:short)%00%(objectname)%00%(upstream:track)%00%(upstream:remotename)%00%(upstream:remoteref) refs/heads/main refs/remotes/main [2ms]
2025-03-01 00:33:13.240 [info] > git for-each-ref --sort -committerdate --format %(refname) %(objectname) %(*objectname) [4ms]
2025-03-01 00:33:13.281 [info] > git status -z -uall [48ms]
2025-03-01 00:33:20.157 [info] > git config --get commit.template [3ms]
2025-03-01 00:33:20.158 [info] > git for-each-ref --format=%(refname)%00%(upstream:short)%00%(objectname)%00%(upstream:track)%00%(upstream:remotename)%00%(upstream:remoteref) refs/heads/main refs/remotes/main [2ms]
2025-03-01 00:33:20.166 [info] > git for-each-ref --sort -committerdate --format %(refname) %(objectname) %(*objectname) [2ms]
2025-03-01 00:33:20.209 [info] > git status -z -uall [48ms]
2025-03-01 00:33:25.240 [info] > git config --get commit.template [4ms]
2025-03-01 00:33:25.241 [info] > git for-each-ref --format=%(refname)%00%(upstream:short)%00%(objectname)%00%(upstream:track)%00%(upstream:remotename)%00%(upstream:remoteref) refs/heads/main refs/remotes/main [1ms]
2025-03-01 00:33:25.252 [info] > git for-each-ref --sort -committerdate --format %(refname) %(objectname) %(*objectname) [5ms]
2025-03-01 00:33:25.293 [info] > git status -z -uall [49ms]
2025-03-01 00:33:30.325 [info] > git config --get commit.template [3ms]
2025-03-01 00:33:30.327 [info] > git for-each-ref --format=%(refname)%00%(upstream:short)%00%(objectname)%00%(upstream:track)%00%(upstream:remotename)%00%(upstream:remoteref) refs/heads/main refs/remotes/main [1ms]
2025-03-01 00:33:30.337 [info] > git for-each-ref --sort -committerdate --format %(refname) %(objectname) %(*objectname) [5ms]
2025-03-01 00:33:30.379 [info] > git status -z -uall [49ms]
2025-03-01 00:33:35.413 [info] > git config --get commit.template [4ms]
2025-03-01 00:33:35.414 [info] > git for-each-ref --format=%(refname)%00%(upstream:short)%00%(objectname)%00%(upstream:track)%00%(upstream:remotename)%00%(upstream:remoteref) refs/heads/main refs/remotes/main [1ms]
2025-03-01 00:33:35.426 [info] > git for-each-ref --sort -committerdate --format %(refname) %(objectname) %(*objectname) [1ms]
2025-03-01 00:33:35.468 [info] > git status -z -uall [51ms]
2025-03-01 00:33:40.500 [info] > git config --get commit.template [4ms]
2025-03-01 00:33:40.501 [info] > git for-each-ref --format=%(refname)%00%(upstream:short)%00%(objectname)%00%(upstream:track)%00%(upstream:remotename)%00%(upstream:remoteref) refs/heads/main refs/remotes/main [2ms]
2025-03-01 00:33:40.509 [info] > git for-each-ref --sort -committerdate --format %(refname) %(objectname) %(*objectname) [1ms]
2025-03-01 00:33:40.552 [info] > git status -z -uall [48ms]
2025-03-01 00:33:48.178 [info] > git config --get commit.template [2ms]
2025-03-01 00:33:48.183 [info] > git for-each-ref --format=%(refname)%00%(upstream:short)%00%(objectname)%00%(upstream:track)%00%(upstream:remotename)%00%(upstream:remoteref) refs/heads/main refs/remotes/main [2ms]
2025-03-01 00:33:48.193 [info] > git for-each-ref --sort -committerdate --format %(refname) %(objectname) %(*objectname) [4ms]
2025-03-01 00:33:48.234 [info] > git status -z -uall [48ms]
2025-03-01 00:33:53.269 [info] > git config --get commit.template [2ms]
2025-03-01 00:33:53.274 [info] > git for-each-ref --format=%(refname)%00%(upstream:short)%00%(objectname)%00%(upstream:track)%00%(upstream:remotename)%00%(upstream:remoteref) refs/heads/main refs/remotes/main [2ms]
2025-03-01 00:33:53.286 [info] > git for-each-ref --sort -committerdate --format %(refname) %(objectname) %(*objectname) [1ms]
2025-03-01 00:33:53.325 [info] > git status -z -uall [48ms]
2025-03-01 00:34:32.776 [info] > git config --get commit.template [3ms]
2025-03-01 00:34:32.777 [info] > git for-each-ref --format=%(refname)%00%(upstream:short)%00%(objectname)%00%(upstream:track)%00%(upstream:remotename)%00%(upstream:remoteref) refs/heads/main refs/remotes/main [1ms]
2025-03-01 00:34:32.789 [info] > git for-each-ref --sort -committerdate --format %(refname) %(objectname) %(*objectname) [6ms]
2025-03-01 00:34:32.827 [info] > git status -z -uall [47ms]
2025-03-01 00:34:44.015 [info] > git config --get commit.template [1ms]
2025-03-01 00:34:44.020 [info] > git for-each-ref --format=%(refname)%00%(upstream:short)%00%(objectname)%00%(upstream:track)%00%(upstream:remotename)%00%(upstream:remoteref) refs/heads/main refs/remotes/main [2ms]
2025-03-01 00:34:44.032 [info] > git for-each-ref --sort -committerdate --format %(refname) %(objectname) %(*objectname) [1ms]
2025-03-01 00:34:44.074 [info] > git status -z -uall [51ms]
2025-03-01 00:35:52.427 [info] > git config --get commit.template [4ms]
2025-03-01 00:35:52.428 [info] > git for-each-ref --format=%(refname)%00%(upstream:short)%00%(objectname)%00%(upstream:track)%00%(upstream:remotename)%00%(upstream:remoteref) refs/heads/main refs/remotes/main [2ms]
2025-03-01 00:35:52.437 [info] > git for-each-ref --sort -committerdate --format %(refname) %(objectname) %(*objectname) [0ms]
2025-03-01 00:35:52.482 [info] > git status -z -uall [51ms]
2025-03-01 00:35:57.529 [info] > git config --get commit.template [5ms]
2025-03-01 00:35:57.530 [info] > git for-each-ref --format=%(refname)%00%(upstream:short)%00%(objectname)%00%(upstream:track)%00%(upstream:remotename)%00%(upstream:remoteref) refs/heads/main refs/remotes/main [2ms]
2025-03-01 00:35:57.540 [info] > git for-each-ref --sort -committerdate --format %(refname) %(objectname) %(*objectname) [5ms]
2025-03-01 00:35:57.581 [info] > git status -z -uall [48ms]
2025-03-01 00:36:08.375 [info] > git config --get commit.template [3ms]
2025-03-01 00:36:08.376 [info] > git for-each-ref --format=%(refname)%00%(upstream:short)%00%(objectname)%00%(upstream:track)%00%(upstream:remotename)%00%(upstream:remoteref) refs/heads/main refs/remotes/main [2ms]
2025-03-01 00:36:08.386 [info] > git for-each-ref --sort -committerdate --format %(refname) %(objectname) %(*objectname) [5ms]
2025-03-01 00:36:08.430 [info] > git status -z -uall [51ms]
2025-03-01 00:36:13.472 [info] > git config --get commit.template [3ms]
2025-03-01 00:36:13.473 [info] > git for-each-ref --format=%(refname)%00%(upstream:short)%00%(objectname)%00%(upstream:track)%00%(upstream:remotename)%00%(upstream:remoteref) refs/heads/main refs/remotes/main [1ms]
2025-03-01 00:36:13.485 [info] > git for-each-ref --sort -committerdate --format %(refname) %(objectname) %(*objectname) [2ms]
2025-03-01 00:36:13.530 [info] > git status -z -uall [50ms]
2025-03-01 00:39:13.814 [info] > git for-each-ref --format=%(refname)%00%(upstream:short)%00%(objectname)%00%(upstream:track)%00%(upstream:remotename)%00%(upstream:remoteref) refs/heads/main refs/remotes/main [2ms]
2025-03-01 00:39:13.814 [info] > git config --get commit.template [5ms]
2025-03-01 00:39:13.825 [info] > git for-each-ref --sort -committerdate --format %(refname) %(objectname) %(*objectname) [6ms]
2025-03-01 00:39:13.864 [info] > git status -z -uall [48ms]
2025-03-01 00:39:14.204 [info] > git check-ignore -v -z --stdin [4ms]
2025-03-01 00:44:58.580 [info] > git config --get commit.template [3ms]
2025-03-01 00:44:58.581 [info] > git for-each-ref --format=%(refname)%00%(upstream:short)%00%(objectname)%00%(upstream:track)%00%(upstream:remotename)%00%(upstream:remoteref) refs/heads/main refs/remotes/main [2ms]
2025-03-01 00:44:58.587 [info] > git for-each-ref --sort -committerdate --format %(refname) %(objectname) %(*objectname) [2ms]
2025-03-01 00:44:58.632 [info] > git status -z -uall [49ms]
2025-03-01 00:46:34.419 [info] > git config --get commit.template [4ms]
2025-03-01 00:46:34.420 [info] > git for-each-ref --format=%(refname)%00%(upstream:short)%00%(objectname)%00%(upstream:track)%00%(upstream:remotename)%00%(upstream:remoteref) refs/heads/main refs/remotes/main [2ms]
2025-03-01 00:46:34.434 [info] > git for-each-ref --sort -committerdate --format %(refname) %(objectname) %(*objectname) [3ms]
2025-03-01 00:46:34.476 [info] > git status -z -uall [52ms]
2025-03-01 00:46:34.825 [info] > git check-ignore -v -z --stdin [4ms]
2025-03-01 00:50:03.158 [info] > git config --get commit.template [12ms]
2025-03-01 00:50:03.159 [info] > git for-each-ref --format=%(refname)%00%(upstream:short)%00%(objectname)%00%(upstream:track)%00%(upstream:remotename)%00%(upstream:remoteref) refs/heads/main refs/remotes/main [6ms]
2025-03-01 00:50:03.170 [info] > git for-each-ref --sort -committerdate --format %(refname) %(objectname) %(*objectname) [1ms]
2025-03-01 00:50:03.215 [info] > git status -z -uall [51ms]
