2025-04-27 03:57:51.951 [info] Extension host with pid 1361 started
2025-04-27 03:57:51.967 [info] Lock '/home/student/.vscode-server/data/User/workspaceStorage/255174b9c84437907369f27ac92b5bdb/vscode.lock': Lock acquired.
2025-04-27 03:57:52.344 [info] ExtensionService#_doActivateExtension vscode.git-base, startup: false, activationEvent: '*', root cause: vscode.git
2025-04-27 03:57:52.345 [info] ExtensionService#_doActivateExtension vscode.emmet, startup: false, activationEvent: 'onLanguage'
2025-04-27 03:57:52.770 [info] ExtensionService#_doActivateExtension vscode.git, startup: false, activationEvent: '*'
2025-04-27 03:57:52.771 [info] ExtensionService#_doActivateExtension vscode.github, startup: false, activationEvent: '*'
2025-04-27 03:57:53.063 [info] Eager extensions activated
2025-04-27 03:57:53.063 [info] ExtensionService#_doActivateExtension vscode.debug-auto-launch, startup: false, activationEvent: 'onStartupFinished'
2025-04-27 03:57:53.064 [info] ExtensionService#_doActivateExtension vscode.merge-conflict, startup: false, activationEvent: 'onStartupFinished'
2025-04-27 03:57:53.769 [warning] [Decorations] CAPPING events from decorations provider vscode.git 4882
2025-04-27 03:57:54.813 [warning] [Decorations] CAPPING events from decorations provider vscode.git 4882
2025-04-27 05:24:13.471 [info] ExtensionService#_doActivateExtension vscode.npm, startup: false, activationEvent: 'onTerminalQuickFixRequest:ms-vscode.npm-command'
2025-04-27 05:24:19.355 [info] ExtensionService#_doActivateExtension vscode.configuration-editing, startup: false, activationEvent: 'onLanguage:json'
2025-04-27 05:24:19.356 [info] ExtensionService#_doActivateExtension vscode.extension-editing, startup: false, activationEvent: 'onLanguage:json'
2025-04-27 05:24:19.357 [info] ExtensionService#_doActivateExtension vscode.json-language-features, startup: false, activationEvent: 'onLanguage:json'
2025-04-27 06:11:13.351 [warning] [Decorations] CAPPING events from decorations provider vscode.git 4886
2025-04-27 06:14:16.461 [warning] [Decorations] CAPPING events from decorations provider vscode.git 4886
2025-04-27 06:14:26.971 [warning] [Decorations] CAPPING events from decorations provider vscode.git 4886
2025-04-27 06:14:49.029 [warning] [Decorations] CAPPING events from decorations provider vscode.git 4886
2025-04-27 06:14:56.709 [warning] [Decorations] CAPPING events from decorations provider vscode.git 4861
2025-04-27 06:14:58.462 [warning] [Decorations] CAPPING events from decorations provider vscode.git 4861
