2025-05-04 01:56:40.897 [info] [main] Log level: Info
2025-05-04 01:56:40.897 [info] [main] Validating found git in: "git"
2025-05-04 01:56:40.897 [info] [main] Using git "2.34.1" from "git"
2025-05-04 01:56:40.897 [info] [Model][doInitialScan] Initial repository scan started
2025-05-04 01:56:40.897 [info] > git rev-parse --show-toplevel [41ms]
2025-05-04 01:56:40.897 [info] > git rev-parse --git-dir --git-common-dir [2ms]
2025-05-04 01:56:40.897 [info] [Model][openRepository] Opened repository: /home/student
2025-05-04 01:56:40.897 [info] > git config --get commit.template [8ms]
2025-05-04 01:56:40.897 [info] > git rev-parse --show-toplevel [5ms]
2025-05-04 01:56:40.897 [info] > git rev-parse --show-toplevel [1ms]
2025-05-04 01:56:40.897 [info] > git rev-parse --show-toplevel [1ms]
2025-05-04 01:56:40.897 [info] > git rev-parse --show-toplevel [1ms]
2025-05-04 01:56:40.897 [info] > git rev-parse --show-toplevel [2ms]
2025-05-04 01:56:40.897 [info] [Model][doInitialScan] Initial repository scan completed - repositories (1), closed repositories (0), parent repositories (0), unsafe repositories (0)
2025-05-04 01:56:40.897 [info] > git for-each-ref --format=%(refname)%00%(upstream:short)%00%(objectname)%00%(upstream:track)%00%(upstream:remotename)%00%(upstream:remoteref) refs/heads/main refs/remotes/main [21ms]
2025-05-04 01:56:40.897 [info] > git for-each-ref --sort -committerdate --format %(refname)%00%(objectname)%00%(*objectname) [1ms]
2025-05-04 01:56:41.175 [info] > git status -z -uall [368ms]
2025-05-04 01:56:42.087 [info] > git check-ignore -v -z --stdin [596ms]
2025-05-04 01:56:42.088 [info] > git for-each-ref --format=%(refname)%00%(upstream:short)%00%(objectname)%00%(upstream:track)%00%(upstream:remotename)%00%(upstream:remoteref) refs/heads/main refs/remotes/main [604ms]
2025-05-04 01:56:42.102 [info] > git config --get --local branch.main.vscode-merge-base [7ms]
2025-05-04 01:56:42.102 [warning] [Git][config] git config failed: Failed to execute git
2025-05-04 01:56:42.110 [info] > git config --get commit.template [27ms]
2025-05-04 01:56:42.116 [info] > git for-each-ref --format=%(refname)%00%(upstream:short)%00%(objectname)%00%(upstream:track)%00%(upstream:remotename)%00%(upstream:remoteref) refs/heads/main refs/remotes/main [1ms]
2025-05-04 01:56:42.141 [info] > git for-each-ref --sort -committerdate --format %(refname)%00%(objectname)%00%(*objectname) [0ms]
2025-05-04 01:56:42.156 [info] > git reflog main --grep-reflog=branch: Created from *. [46ms]
2025-05-04 01:56:42.164 [info] > git symbolic-ref --short refs/remotes/origin/HEAD [5ms]
2025-05-04 01:56:42.164 [info] fatal: ref refs/remotes/origin/HEAD is not a symbolic ref
2025-05-04 01:56:42.164 [warning] [Repository][getDefaultBranch] Failed to get default branch details: Failed to execute git.
2025-05-04 01:56:42.168 [info] > git merge-base refs/heads/main refs/remotes/origin/main [1ms]
2025-05-04 01:56:42.173 [info] > git diff --name-status -z --diff-filter=ADMR 57003cdd9e773c8d196828f497b30ad9482d81cf...refs/remotes/origin/main [1ms]
2025-05-04 01:56:42.209 [info] > git status -z -uall [82ms]
2025-05-04 01:56:42.836 [info] > git show --textconv :Engr212_Tsegay_Asmerom/Lab11/wc.txt [13ms]
2025-05-04 01:56:42.836 [info] > git ls-files --stage -- Engr212_Tsegay_Asmerom/Lab11/wc.txt [11ms]
2025-05-04 01:56:42.840 [info] > git cat-file -s ea187ee108ea5146906f7fb443619ceee922635e [1ms]
2025-05-04 01:56:43.330 [info] > git blame --root --incremental 57003cdd9e773c8d196828f497b30ad9482d81cf -- Engr212_Tsegay_Asmerom/Lab11/wc.txt [36ms]
2025-05-04 01:56:46.319 [info] > git config --get commit.template [3ms]
2025-05-04 01:56:46.320 [info] > git for-each-ref --format=%(refname)%00%(upstream:short)%00%(objectname)%00%(upstream:track)%00%(upstream:remotename)%00%(upstream:remoteref) refs/heads/main refs/remotes/main [1ms]
2025-05-04 01:56:46.333 [info] > git for-each-ref --sort -committerdate --format %(refname)%00%(objectname)%00%(*objectname) [8ms]
2025-05-04 01:56:46.393 [info] > git status -z -uall [70ms]
2025-05-04 01:56:51.507 [info] > git config --get commit.template [3ms]
2025-05-04 01:56:51.508 [info] > git for-each-ref --format=%(refname)%00%(upstream:short)%00%(objectname)%00%(upstream:track)%00%(upstream:remotename)%00%(upstream:remoteref) refs/heads/main refs/remotes/main [1ms]
2025-05-04 01:56:51.519 [info] > git for-each-ref --sort -committerdate --format %(refname)%00%(objectname)%00%(*objectname) [5ms]
2025-05-04 01:56:51.578 [info] > git status -z -uall [67ms]
2025-05-04 01:56:52.656 [info] > git check-ignore -v -z --stdin [7ms]
2025-05-04 01:56:55.504 [info] > git check-ignore -v -z --stdin [5ms]
2025-05-04 01:56:56.700 [info] > git config --get commit.template [3ms]
2025-05-04 01:56:56.701 [info] > git for-each-ref --format=%(refname)%00%(upstream:short)%00%(objectname)%00%(upstream:track)%00%(upstream:remotename)%00%(upstream:remoteref) refs/heads/main refs/remotes/main [1ms]
2025-05-04 01:56:56.713 [info] > git for-each-ref --sort -committerdate --format %(refname)%00%(objectname)%00%(*objectname) [7ms]
2025-05-04 01:56:56.771 [info] > git status -z -uall [67ms]
2025-05-04 01:56:57.372 [info] > git check-ignore -v -z --stdin [8ms]
2025-05-04 01:56:58.977 [info] > git check-ignore -v -z --stdin [5ms]
2025-05-04 01:58:46.883 [info] > git config --get commit.template [4ms]
2025-05-04 01:58:46.884 [info] > git for-each-ref --format=%(refname)%00%(upstream:short)%00%(objectname)%00%(upstream:track)%00%(upstream:remotename)%00%(upstream:remoteref) refs/heads/main refs/remotes/main [2ms]
2025-05-04 01:58:46.898 [info] > git for-each-ref --sort -committerdate --format %(refname)%00%(objectname)%00%(*objectname) [10ms]
2025-05-04 01:58:46.957 [info] > git status -z -uall [71ms]
2025-05-04 01:58:48.100 [info] > git ls-files --stage -- Engr212_Tsegay_Asmerom/Lab11/Lyrics/barbie_error.log [3ms]
2025-05-04 01:58:48.103 [info] > git show --textconv :Engr212_Tsegay_Asmerom/Lab11/Lyrics/barbie_error.log [9ms]
2025-05-04 01:58:48.104 [info] > git cat-file -s e69de29bb2d1d6434b8b29ae775ad8c2e48c5391 [1ms]
2025-05-04 01:59:15.672 [info] > git config --get commit.template [3ms]
2025-05-04 01:59:15.672 [info] > git for-each-ref --format=%(refname)%00%(upstream:short)%00%(objectname)%00%(upstream:track)%00%(upstream:remotename)%00%(upstream:remoteref) refs/heads/main refs/remotes/main [1ms]
2025-05-04 01:59:15.688 [info] > git for-each-ref --sort -committerdate --format %(refname)%00%(objectname)%00%(*objectname) [10ms]
2025-05-04 01:59:15.742 [info] > git status -z -uall [66ms]
