2025-04-12 00:08:16.708 [info] [main] Log level: Info
2025-04-12 00:08:16.708 [info] [main] Validating found git in: "git"
2025-04-12 00:08:16.708 [info] [main] Using git "2.34.1" from "git"
2025-04-12 00:08:16.708 [info] [Model][doInitialScan] Initial repository scan started
2025-04-12 00:08:16.708 [info] > git rev-parse --show-toplevel [42ms]
2025-04-12 00:08:16.708 [info] > git rev-parse --git-dir --git-common-dir [3ms]
2025-04-12 00:08:16.708 [info] [Model][openRepository] Opened repository: /home/student
2025-04-12 00:08:16.708 [info] > git rev-parse --show-toplevel [2ms]
2025-04-12 00:08:16.708 [info] > git config --get commit.template [8ms]
2025-04-12 00:08:16.714 [info] > git rev-parse --show-toplevel [4ms]
2025-04-12 00:08:16.719 [info] > git rev-parse --show-toplevel [1ms]
2025-04-12 00:08:16.722 [info] > git rev-parse --show-toplevel [1ms]
2025-04-12 00:08:16.738 [info] > git rev-parse --show-toplevel [12ms]
2025-04-12 00:08:16.742 [info] [Model][doInitialScan] Initial repository scan completed - repositories (1), closed repositories (0), parent repositories (0), unsafe repositories (0)
2025-04-12 00:08:16.746 [info] > git for-each-ref --format=%(refname)%00%(upstream:short)%00%(objectname)%00%(upstream:track)%00%(upstream:remotename)%00%(upstream:remoteref) refs/heads/main refs/remotes/main [33ms]
2025-04-12 00:08:16.778 [info] > git for-each-ref --sort -committerdate --format %(refname) %(objectname) %(*objectname) [24ms]
2025-04-12 00:08:16.942 [info] > git status -z -uall [191ms]
2025-04-12 00:08:17.104 [info] > git for-each-ref --format=%(refname)%00%(upstream:short)%00%(objectname)%00%(upstream:track)%00%(upstream:remotename)%00%(upstream:remoteref) refs/heads/main refs/remotes/main [44ms]
2025-04-12 00:08:17.109 [info] > git config --get commit.template [5ms]
2025-04-12 00:08:17.109 [info] > git config --get --local branch.main.vscode-merge-base [2ms]
2025-04-12 00:08:17.109 [warning] [Git][config] git config failed: Failed to execute git
2025-04-12 00:08:17.116 [info] > git for-each-ref --format=%(refname)%00%(upstream:short)%00%(objectname)%00%(upstream:track)%00%(upstream:remotename)%00%(upstream:remoteref) refs/heads/main refs/remotes/main [2ms]
2025-04-12 00:08:17.131 [info] > git for-each-ref --sort -committerdate --format %(refname) %(objectname) %(*objectname) [9ms]
2025-04-12 00:08:17.139 [info] > git reflog main --grep-reflog=branch: Created from *. [27ms]
2025-04-12 00:08:17.149 [info] > git symbolic-ref --short refs/remotes/origin/HEAD [5ms]
2025-04-12 00:08:17.149 [info] fatal: ref refs/remotes/origin/HEAD is not a symbolic ref
2025-04-12 00:08:17.149 [warning] [Repository][getDefaultBranch] Failed to get default branch details: Failed to execute git.
2025-04-12 00:08:17.155 [info] > git merge-base refs/heads/main refs/remotes/origin/main [2ms]
2025-04-12 00:08:17.160 [info] > git diff --name-status -z --diff-filter=ADMR 73250b902b6c038d6bd3d5f9ba8021d108414f79...refs/remotes/origin/main [2ms]
2025-04-12 00:08:17.179 [info] > git status -z -uall [61ms]
2025-04-12 00:08:17.247 [info] > git check-ignore -v -z --stdin [9ms]
2025-04-12 00:08:20.081 [info] > git config --get commit.template [41ms]
2025-04-12 00:08:20.086 [info] > git for-each-ref --format=%(refname)%00%(upstream:short)%00%(objectname)%00%(upstream:track)%00%(upstream:remotename)%00%(upstream:remoteref) refs/heads/main refs/remotes/main [1ms]
2025-04-12 00:08:20.093 [info] > git for-each-ref --sort -committerdate --format %(refname) %(objectname) %(*objectname) [2ms]
2025-04-12 00:08:20.145 [info] > git status -z -uall [57ms]
2025-04-12 00:08:25.159 [info] > git config --get commit.template [3ms]
2025-04-12 00:08:25.160 [info] > git for-each-ref --format=%(refname)%00%(upstream:short)%00%(objectname)%00%(upstream:track)%00%(upstream:remotename)%00%(upstream:remoteref) refs/heads/main refs/remotes/main [1ms]
2025-04-12 00:08:25.167 [info] > git for-each-ref --sort -committerdate --format %(refname) %(objectname) %(*objectname) [2ms]
2025-04-12 00:08:25.217 [info] > git status -z -uall [54ms]
2025-04-12 00:09:19.901 [info] > git config --get commit.template [4ms]
2025-04-12 00:09:19.902 [info] > git for-each-ref --format=%(refname)%00%(upstream:short)%00%(objectname)%00%(upstream:track)%00%(upstream:remotename)%00%(upstream:remoteref) refs/heads/main refs/remotes/main [2ms]
2025-04-12 00:09:19.909 [info] > git for-each-ref --sort -committerdate --format %(refname) %(objectname) %(*objectname) [2ms]
2025-04-12 00:09:19.960 [info] > git status -z -uall [54ms]
2025-04-12 00:09:24.977 [info] > git config --get commit.template [3ms]
2025-04-12 00:09:24.978 [info] > git for-each-ref --format=%(refname)%00%(upstream:short)%00%(objectname)%00%(upstream:track)%00%(upstream:remotename)%00%(upstream:remoteref) refs/heads/main refs/remotes/main [2ms]
2025-04-12 00:09:24.984 [info] > git for-each-ref --sort -committerdate --format %(refname) %(objectname) %(*objectname) [2ms]
2025-04-12 00:09:25.036 [info] > git status -z -uall [56ms]
2025-04-12 00:09:30.049 [info] > git config --get commit.template [3ms]
2025-04-12 00:09:30.050 [info] > git for-each-ref --format=%(refname)%00%(upstream:short)%00%(objectname)%00%(upstream:track)%00%(upstream:remotename)%00%(upstream:remoteref) refs/heads/main refs/remotes/main [2ms]
2025-04-12 00:09:30.057 [info] > git for-each-ref --sort -committerdate --format %(refname) %(objectname) %(*objectname) [2ms]
2025-04-12 00:09:30.113 [info] > git status -z -uall [60ms]
2025-04-12 00:09:35.132 [info] > git config --get commit.template [4ms]
2025-04-12 00:09:35.132 [info] > git for-each-ref --format=%(refname)%00%(upstream:short)%00%(objectname)%00%(upstream:track)%00%(upstream:remotename)%00%(upstream:remoteref) refs/heads/main refs/remotes/main [2ms]
2025-04-12 00:09:35.143 [info] > git for-each-ref --sort -committerdate --format %(refname) %(objectname) %(*objectname) [0ms]
2025-04-12 00:09:35.192 [info] > git status -z -uall [57ms]
2025-04-12 00:09:40.210 [info] > git config --get commit.template [3ms]
2025-04-12 00:09:40.211 [info] > git for-each-ref --format=%(refname)%00%(upstream:short)%00%(objectname)%00%(upstream:track)%00%(upstream:remotename)%00%(upstream:remoteref) refs/heads/main refs/remotes/main [2ms]
2025-04-12 00:09:40.218 [info] > git for-each-ref --sort -committerdate --format %(refname) %(objectname) %(*objectname) [2ms]
2025-04-12 00:09:40.268 [info] > git status -z -uall [55ms]
2025-04-12 00:09:45.284 [info] > git config --get commit.template [5ms]
2025-04-12 00:09:45.285 [info] > git for-each-ref --format=%(refname)%00%(upstream:short)%00%(objectname)%00%(upstream:track)%00%(upstream:remotename)%00%(upstream:remoteref) refs/heads/main refs/remotes/main [2ms]
2025-04-12 00:09:45.295 [info] > git for-each-ref --sort -committerdate --format %(refname) %(objectname) %(*objectname) [4ms]
2025-04-12 00:09:45.343 [info] > git status -z -uall [55ms]
2025-04-12 00:09:50.357 [info] > git config --get commit.template [4ms]
2025-04-12 00:09:50.358 [info] > git for-each-ref --format=%(refname)%00%(upstream:short)%00%(objectname)%00%(upstream:track)%00%(upstream:remotename)%00%(upstream:remoteref) refs/heads/main refs/remotes/main [2ms]
2025-04-12 00:09:50.365 [info] > git for-each-ref --sort -committerdate --format %(refname) %(objectname) %(*objectname) [2ms]
2025-04-12 00:09:50.415 [info] > git status -z -uall [54ms]
2025-04-12 00:09:55.429 [info] > git config --get commit.template [2ms]
2025-04-12 00:09:55.430 [info] > git for-each-ref --format=%(refname)%00%(upstream:short)%00%(objectname)%00%(upstream:track)%00%(upstream:remotename)%00%(upstream:remoteref) refs/heads/main refs/remotes/main [2ms]
2025-04-12 00:09:55.437 [info] > git for-each-ref --sort -committerdate --format %(refname) %(objectname) %(*objectname) [3ms]
2025-04-12 00:09:55.492 [info] > git status -z -uall [60ms]
2025-04-12 00:10:00.509 [info] > git config --get commit.template [3ms]
2025-04-12 00:10:00.510 [info] > git for-each-ref --format=%(refname)%00%(upstream:short)%00%(objectname)%00%(upstream:track)%00%(upstream:remotename)%00%(upstream:remoteref) refs/heads/main refs/remotes/main [2ms]
2025-04-12 00:10:00.524 [info] > git for-each-ref --sort -committerdate --format %(refname) %(objectname) %(*objectname) [9ms]
2025-04-12 00:10:00.587 [info] > git status -z -uall [74ms]
2025-04-12 00:10:05.600 [info] > git config --get commit.template [3ms]
2025-04-12 00:10:05.601 [info] > git for-each-ref --format=%(refname)%00%(upstream:short)%00%(objectname)%00%(upstream:track)%00%(upstream:remotename)%00%(upstream:remoteref) refs/heads/main refs/remotes/main [1ms]
2025-04-12 00:10:05.608 [info] > git for-each-ref --sort -committerdate --format %(refname) %(objectname) %(*objectname) [1ms]
2025-04-12 00:10:05.659 [info] > git status -z -uall [55ms]
2025-04-12 00:12:11.453 [info] > git config --get commit.template [3ms]
2025-04-12 00:12:11.454 [info] > git for-each-ref --format=%(refname)%00%(upstream:short)%00%(objectname)%00%(upstream:track)%00%(upstream:remotename)%00%(upstream:remoteref) refs/heads/main refs/remotes/main [1ms]
2025-04-12 00:12:11.469 [info] > git for-each-ref --sort -committerdate --format %(refname) %(objectname) %(*objectname) [10ms]
2025-04-12 00:12:11.510 [info] > git status -z -uall [54ms]
2025-04-12 00:13:14.804 [info] > git config --get commit.template [4ms]
2025-04-12 00:13:14.805 [info] > git for-each-ref --format=%(refname)%00%(upstream:short)%00%(objectname)%00%(upstream:track)%00%(upstream:remotename)%00%(upstream:remoteref) refs/heads/main refs/remotes/main [1ms]
2025-04-12 00:13:14.822 [info] > git for-each-ref --sort -committerdate --format %(refname) %(objectname) %(*objectname) [12ms]
2025-04-12 00:13:14.866 [info] > git status -z -uall [57ms]
2025-04-12 00:13:19.885 [info] > git config --get commit.template [3ms]
2025-04-12 00:13:19.886 [info] > git for-each-ref --format=%(refname)%00%(upstream:short)%00%(objectname)%00%(upstream:track)%00%(upstream:remotename)%00%(upstream:remoteref) refs/heads/main refs/remotes/main [2ms]
2025-04-12 00:13:19.902 [info] > git for-each-ref --sort -committerdate --format %(refname) %(objectname) %(*objectname) [11ms]
2025-04-12 00:13:19.942 [info] > git status -z -uall [54ms]
2025-04-12 00:13:26.906 [info] > git config --get commit.template [3ms]
2025-04-12 00:13:26.908 [info] > git for-each-ref --format=%(refname)%00%(upstream:short)%00%(objectname)%00%(upstream:track)%00%(upstream:remotename)%00%(upstream:remoteref) refs/heads/main refs/remotes/main [3ms]
2025-04-12 00:13:26.915 [info] > git for-each-ref --sort -committerdate --format %(refname) %(objectname) %(*objectname) [2ms]
2025-04-12 00:13:26.965 [info] > git status -z -uall [54ms]
2025-04-12 00:13:35.911 [info] > git config --get commit.template [3ms]
2025-04-12 00:13:35.912 [info] > git for-each-ref --format=%(refname)%00%(upstream:short)%00%(objectname)%00%(upstream:track)%00%(upstream:remotename)%00%(upstream:remoteref) refs/heads/main refs/remotes/main [2ms]
2025-04-12 00:13:35.927 [info] > git for-each-ref --sort -committerdate --format %(refname) %(objectname) %(*objectname) [10ms]
2025-04-12 00:13:35.970 [info] > git status -z -uall [56ms]
2025-04-12 00:13:46.174 [info] > git config --get commit.template [4ms]
2025-04-12 00:13:46.175 [info] > git for-each-ref --format=%(refname)%00%(upstream:short)%00%(objectname)%00%(upstream:track)%00%(upstream:remotename)%00%(upstream:remoteref) refs/heads/main refs/remotes/main [2ms]
2025-04-12 00:13:46.192 [info] > git for-each-ref --sort -committerdate --format %(refname) %(objectname) %(*objectname) [11ms]
2025-04-12 00:13:46.235 [info] > git status -z -uall [58ms]
2025-04-12 00:13:51.249 [info] > git config --get commit.template [3ms]
2025-04-12 00:13:51.250 [info] > git for-each-ref --format=%(refname)%00%(upstream:short)%00%(objectname)%00%(upstream:track)%00%(upstream:remotename)%00%(upstream:remoteref) refs/heads/main refs/remotes/main [2ms]
2025-04-12 00:13:51.263 [info] > git for-each-ref --sort -committerdate --format %(refname) %(objectname) %(*objectname) [8ms]
2025-04-12 00:13:51.306 [info] > git status -z -uall [54ms]
2025-04-12 00:13:56.319 [info] > git config --get commit.template [3ms]
2025-04-12 00:13:56.320 [info] > git for-each-ref --format=%(refname)%00%(upstream:short)%00%(objectname)%00%(upstream:track)%00%(upstream:remotename)%00%(upstream:remoteref) refs/heads/main refs/remotes/main [1ms]
2025-04-12 00:13:56.334 [info] > git for-each-ref --sort -committerdate --format %(refname) %(objectname) %(*objectname) [9ms]
2025-04-12 00:13:56.377 [info] > git status -z -uall [54ms]
2025-04-12 00:14:01.390 [info] > git config --get commit.template [3ms]
2025-04-12 00:14:01.391 [info] > git for-each-ref --format=%(refname)%00%(upstream:short)%00%(objectname)%00%(upstream:track)%00%(upstream:remotename)%00%(upstream:remoteref) refs/heads/main refs/remotes/main [1ms]
2025-04-12 00:14:01.411 [info] > git for-each-ref --sort -committerdate --format %(refname) %(objectname) %(*objectname) [14ms]
2025-04-12 00:14:01.451 [info] > git status -z -uall [57ms]
2025-04-12 00:14:06.462 [info] > git config --get commit.template [3ms]
2025-04-12 00:14:06.464 [info] > git for-each-ref --format=%(refname)%00%(upstream:short)%00%(objectname)%00%(upstream:track)%00%(upstream:remotename)%00%(upstream:remoteref) refs/heads/main refs/remotes/main [2ms]
2025-04-12 00:14:06.471 [info] > git for-each-ref --sort -committerdate --format %(refname) %(objectname) %(*objectname) [1ms]
2025-04-12 00:14:06.523 [info] > git status -z -uall [57ms]
2025-04-12 00:14:24.866 [info] > git config --get commit.template [3ms]
2025-04-12 00:14:24.867 [info] > git for-each-ref --format=%(refname)%00%(upstream:short)%00%(objectname)%00%(upstream:track)%00%(upstream:remotename)%00%(upstream:remoteref) refs/heads/main refs/remotes/main [2ms]
2025-04-12 00:14:24.874 [info] > git for-each-ref --sort -committerdate --format %(refname) %(objectname) %(*objectname) [2ms]
2025-04-12 00:14:24.926 [info] > git status -z -uall [55ms]
2025-04-12 00:14:29.939 [info] > git config --get commit.template [1ms]
2025-04-12 00:14:29.943 [info] > git for-each-ref --format=%(refname)%00%(upstream:short)%00%(objectname)%00%(upstream:track)%00%(upstream:remotename)%00%(upstream:remoteref) refs/heads/main refs/remotes/main [1ms]
2025-04-12 00:14:29.950 [info] > git for-each-ref --sort -committerdate --format %(refname) %(objectname) %(*objectname) [2ms]
2025-04-12 00:14:29.999 [info] > git status -z -uall [53ms]
2025-04-12 00:14:35.014 [info] > git config --get commit.template [4ms]
2025-04-12 00:14:35.015 [info] > git for-each-ref --format=%(refname)%00%(upstream:short)%00%(objectname)%00%(upstream:track)%00%(upstream:remotename)%00%(upstream:remoteref) refs/heads/main refs/remotes/main [2ms]
2025-04-12 00:14:35.022 [info] > git for-each-ref --sort -committerdate --format %(refname) %(objectname) %(*objectname) [2ms]
2025-04-12 00:14:35.072 [info] > git status -z -uall [54ms]
2025-04-12 00:14:40.086 [info] > git config --get commit.template [4ms]
2025-04-12 00:14:40.087 [info] > git for-each-ref --format=%(refname)%00%(upstream:short)%00%(objectname)%00%(upstream:track)%00%(upstream:remotename)%00%(upstream:remoteref) refs/heads/main refs/remotes/main [2ms]
2025-04-12 00:14:40.096 [info] > git for-each-ref --sort -committerdate --format %(refname) %(objectname) %(*objectname) [1ms]
2025-04-12 00:14:40.148 [info] > git status -z -uall [56ms]
2025-04-12 00:14:45.162 [info] > git config --get commit.template [3ms]
2025-04-12 00:14:45.163 [info] > git for-each-ref --format=%(refname)%00%(upstream:short)%00%(objectname)%00%(upstream:track)%00%(upstream:remotename)%00%(upstream:remoteref) refs/heads/main refs/remotes/main [1ms]
2025-04-12 00:14:45.180 [info] > git for-each-ref --sort -committerdate --format %(refname) %(objectname) %(*objectname) [12ms]
2025-04-12 00:14:45.220 [info] > git status -z -uall [54ms]
2025-04-12 00:14:54.635 [info] > git config --get commit.template [4ms]
2025-04-12 00:14:54.636 [info] > git for-each-ref --format=%(refname)%00%(upstream:short)%00%(objectname)%00%(upstream:track)%00%(upstream:remotename)%00%(upstream:remoteref) refs/heads/main refs/remotes/main [1ms]
2025-04-12 00:14:54.643 [info] > git for-each-ref --sort -committerdate --format %(refname) %(objectname) %(*objectname) [2ms]
2025-04-12 00:14:54.693 [info] > git status -z -uall [54ms]
2025-04-12 00:14:59.710 [info] > git config --get commit.template [4ms]
2025-04-12 00:14:59.711 [info] > git for-each-ref --format=%(refname)%00%(upstream:short)%00%(objectname)%00%(upstream:track)%00%(upstream:remotename)%00%(upstream:remoteref) refs/heads/main refs/remotes/main [2ms]
2025-04-12 00:14:59.718 [info] > git for-each-ref --sort -committerdate --format %(refname) %(objectname) %(*objectname) [2ms]
2025-04-12 00:14:59.770 [info] > git status -z -uall [57ms]
2025-04-12 00:15:04.784 [info] > git config --get commit.template [3ms]
2025-04-12 00:15:04.785 [info] > git for-each-ref --format=%(refname)%00%(upstream:short)%00%(objectname)%00%(upstream:track)%00%(upstream:remotename)%00%(upstream:remoteref) refs/heads/main refs/remotes/main [1ms]
2025-04-12 00:15:04.803 [info] > git for-each-ref --sort -committerdate --format %(refname) %(objectname) %(*objectname) [10ms]
2025-04-12 00:15:04.854 [info] > git status -z -uall [66ms]
2025-04-12 00:15:09.868 [info] > git config --get commit.template [3ms]
2025-04-12 00:15:09.869 [info] > git for-each-ref --format=%(refname)%00%(upstream:short)%00%(objectname)%00%(upstream:track)%00%(upstream:remotename)%00%(upstream:remoteref) refs/heads/main refs/remotes/main [1ms]
2025-04-12 00:15:09.876 [info] > git for-each-ref --sort -committerdate --format %(refname) %(objectname) %(*objectname) [2ms]
2025-04-12 00:15:09.928 [info] > git status -z -uall [56ms]
2025-04-12 00:15:14.940 [info] > git config --get commit.template [2ms]
2025-04-12 00:15:14.941 [info] > git for-each-ref --format=%(refname)%00%(upstream:short)%00%(objectname)%00%(upstream:track)%00%(upstream:remotename)%00%(upstream:remoteref) refs/heads/main refs/remotes/main [1ms]
2025-04-12 00:15:14.947 [info] > git for-each-ref --sort -committerdate --format %(refname) %(objectname) %(*objectname) [2ms]
2025-04-12 00:15:14.997 [info] > git status -z -uall [54ms]
2025-04-12 00:15:20.010 [info] > git config --get commit.template [4ms]
2025-04-12 00:15:20.010 [info] > git for-each-ref --format=%(refname)%00%(upstream:short)%00%(objectname)%00%(upstream:track)%00%(upstream:remotename)%00%(upstream:remoteref) refs/heads/main refs/remotes/main [2ms]
2025-04-12 00:15:20.019 [info] > git for-each-ref --sort -committerdate --format %(refname) %(objectname) %(*objectname) [1ms]
2025-04-12 00:15:20.070 [info] > git status -z -uall [56ms]
2025-04-12 00:15:25.083 [info] > git config --get commit.template [3ms]
2025-04-12 00:15:25.084 [info] > git for-each-ref --format=%(refname)%00%(upstream:short)%00%(objectname)%00%(upstream:track)%00%(upstream:remotename)%00%(upstream:remoteref) refs/heads/main refs/remotes/main [2ms]
2025-04-12 00:15:25.093 [info] > git for-each-ref --sort -committerdate --format %(refname) %(objectname) %(*objectname) [4ms]
2025-04-12 00:15:25.141 [info] > git status -z -uall [54ms]
2025-04-12 00:15:30.156 [info] > git config --get commit.template [4ms]
2025-04-12 00:15:30.158 [info] > git for-each-ref --format=%(refname)%00%(upstream:short)%00%(objectname)%00%(upstream:track)%00%(upstream:remotename)%00%(upstream:remoteref) refs/heads/main refs/remotes/main [3ms]
2025-04-12 00:15:30.166 [info] > git for-each-ref --sort -committerdate --format %(refname) %(objectname) %(*objectname) [2ms]
2025-04-12 00:15:30.216 [info] > git status -z -uall [55ms]
2025-04-12 00:15:35.230 [info] > git config --get commit.template [4ms]
2025-04-12 00:15:35.231 [info] > git for-each-ref --format=%(refname)%00%(upstream:short)%00%(objectname)%00%(upstream:track)%00%(upstream:remotename)%00%(upstream:remoteref) refs/heads/main refs/remotes/main [2ms]
2025-04-12 00:15:35.238 [info] > git for-each-ref --sort -committerdate --format %(refname) %(objectname) %(*objectname) [2ms]
2025-04-12 00:15:35.289 [info] > git status -z -uall [56ms]
2025-04-12 00:15:40.302 [info] > git config --get commit.template [3ms]
2025-04-12 00:15:40.303 [info] > git for-each-ref --format=%(refname)%00%(upstream:short)%00%(objectname)%00%(upstream:track)%00%(upstream:remotename)%00%(upstream:remoteref) refs/heads/main refs/remotes/main [2ms]
2025-04-12 00:15:40.313 [info] > git for-each-ref --sort -committerdate --format %(refname) %(objectname) %(*objectname) [4ms]
2025-04-12 00:15:40.359 [info] > git status -z -uall [53ms]
2025-04-12 00:15:45.372 [info] > git config --get commit.template [3ms]
2025-04-12 00:15:45.373 [info] > git for-each-ref --format=%(refname)%00%(upstream:short)%00%(objectname)%00%(upstream:track)%00%(upstream:remotename)%00%(upstream:remoteref) refs/heads/main refs/remotes/main [1ms]
2025-04-12 00:15:45.392 [info] > git for-each-ref --sort -committerdate --format %(refname) %(objectname) %(*objectname) [14ms]
2025-04-12 00:15:45.445 [info] > git status -z -uall [69ms]
2025-04-12 00:15:50.459 [info] > git config --get commit.template [4ms]
2025-04-12 00:15:50.459 [info] > git for-each-ref --format=%(refname)%00%(upstream:short)%00%(objectname)%00%(upstream:track)%00%(upstream:remotename)%00%(upstream:remoteref) refs/heads/main refs/remotes/main [2ms]
2025-04-12 00:15:50.467 [info] > git for-each-ref --sort -committerdate --format %(refname) %(objectname) %(*objectname) [3ms]
2025-04-12 00:15:50.517 [info] > git status -z -uall [55ms]
2025-04-12 00:15:55.529 [info] > git config --get commit.template [1ms]
2025-04-12 00:15:55.533 [info] > git for-each-ref --format=%(refname)%00%(upstream:short)%00%(objectname)%00%(upstream:track)%00%(upstream:remotename)%00%(upstream:remoteref) refs/heads/main refs/remotes/main [2ms]
2025-04-12 00:15:55.548 [info] > git for-each-ref --sort -committerdate --format %(refname) %(objectname) %(*objectname) [10ms]
2025-04-12 00:15:55.590 [info] > git status -z -uall [53ms]
2025-04-12 00:16:00.605 [info] > git config --get commit.template [3ms]
2025-04-12 00:16:00.605 [info] > git for-each-ref --format=%(refname)%00%(upstream:short)%00%(objectname)%00%(upstream:track)%00%(upstream:remotename)%00%(upstream:remoteref) refs/heads/main refs/remotes/main [1ms]
2025-04-12 00:16:00.621 [info] > git for-each-ref --sort -committerdate --format %(refname) %(objectname) %(*objectname) [10ms]
2025-04-12 00:16:00.662 [info] > git status -z -uall [54ms]
2025-04-12 00:16:02.835 [info] > git check-ignore -v -z --stdin [4ms]
2025-04-12 00:16:05.675 [info] > git config --get commit.template [3ms]
2025-04-12 00:16:05.676 [info] > git for-each-ref --format=%(refname)%00%(upstream:short)%00%(objectname)%00%(upstream:track)%00%(upstream:remotename)%00%(upstream:remoteref) refs/heads/main refs/remotes/main [2ms]
2025-04-12 00:16:05.683 [info] > git for-each-ref --sort -committerdate --format %(refname) %(objectname) %(*objectname) [2ms]
2025-04-12 00:16:05.734 [info] > git status -z -uall [55ms]
2025-04-12 00:16:10.746 [info] > git config --get commit.template [3ms]
2025-04-12 00:16:10.747 [info] > git for-each-ref --format=%(refname)%00%(upstream:short)%00%(objectname)%00%(upstream:track)%00%(upstream:remotename)%00%(upstream:remoteref) refs/heads/main refs/remotes/main [1ms]
2025-04-12 00:16:10.754 [info] > git for-each-ref --sort -committerdate --format %(refname) %(objectname) %(*objectname) [1ms]
2025-04-12 00:16:10.810 [info] > git status -z -uall [60ms]
2025-04-12 00:16:15.823 [info] > git config --get commit.template [3ms]
2025-04-12 00:16:15.824 [info] > git for-each-ref --format=%(refname)%00%(upstream:short)%00%(objectname)%00%(upstream:track)%00%(upstream:remotename)%00%(upstream:remoteref) refs/heads/main refs/remotes/main [2ms]
2025-04-12 00:16:15.831 [info] > git for-each-ref --sort -committerdate --format %(refname) %(objectname) %(*objectname) [2ms]
2025-04-12 00:16:15.881 [info] > git status -z -uall [55ms]
2025-04-12 00:16:20.891 [info] > git config --get commit.template [2ms]
2025-04-12 00:16:20.895 [info] > git for-each-ref --format=%(refname)%00%(upstream:short)%00%(objectname)%00%(upstream:track)%00%(upstream:remotename)%00%(upstream:remoteref) refs/heads/main refs/remotes/main [1ms]
2025-04-12 00:16:20.908 [info] > git for-each-ref --sort -committerdate --format %(refname) %(objectname) %(*objectname) [8ms]
2025-04-12 00:16:20.953 [info] > git status -z -uall [55ms]
2025-04-12 00:16:25.967 [info] > git config --get commit.template [4ms]
2025-04-12 00:16:25.968 [info] > git for-each-ref --format=%(refname)%00%(upstream:short)%00%(objectname)%00%(upstream:track)%00%(upstream:remotename)%00%(upstream:remoteref) refs/heads/main refs/remotes/main [2ms]
2025-04-12 00:16:25.977 [info] > git for-each-ref --sort -committerdate --format %(refname) %(objectname) %(*objectname) [4ms]
2025-04-12 00:16:26.024 [info] > git status -z -uall [54ms]
2025-04-12 00:16:31.036 [info] > git config --get commit.template [4ms]
2025-04-12 00:16:31.036 [info] > git for-each-ref --format=%(refname)%00%(upstream:short)%00%(objectname)%00%(upstream:track)%00%(upstream:remotename)%00%(upstream:remoteref) refs/heads/main refs/remotes/main [1ms]
2025-04-12 00:16:31.053 [info] > git for-each-ref --sort -committerdate --format %(refname) %(objectname) %(*objectname) [11ms]
2025-04-12 00:16:31.093 [info] > git status -z -uall [54ms]
2025-04-12 00:16:36.106 [info] > git config --get commit.template [3ms]
2025-04-12 00:16:36.107 [info] > git for-each-ref --format=%(refname)%00%(upstream:short)%00%(objectname)%00%(upstream:track)%00%(upstream:remotename)%00%(upstream:remoteref) refs/heads/main refs/remotes/main [2ms]
2025-04-12 00:16:36.116 [info] > git for-each-ref --sort -committerdate --format %(refname) %(objectname) %(*objectname) [4ms]
2025-04-12 00:16:36.165 [info] > git status -z -uall [55ms]
2025-04-12 00:16:41.178 [info] > git config --get commit.template [4ms]
2025-04-12 00:16:41.179 [info] > git for-each-ref --format=%(refname)%00%(upstream:short)%00%(objectname)%00%(upstream:track)%00%(upstream:remotename)%00%(upstream:remoteref) refs/heads/main refs/remotes/main [2ms]
2025-04-12 00:16:41.193 [info] > git for-each-ref --sort -committerdate --format %(refname) %(objectname) %(*objectname) [9ms]
2025-04-12 00:16:41.239 [info] > git status -z -uall [58ms]
2025-04-12 00:16:46.252 [info] > git config --get commit.template [4ms]
2025-04-12 00:16:46.253 [info] > git for-each-ref --format=%(refname)%00%(upstream:short)%00%(objectname)%00%(upstream:track)%00%(upstream:remotename)%00%(upstream:remoteref) refs/heads/main refs/remotes/main [2ms]
2025-04-12 00:16:46.268 [info] > git for-each-ref --sort -committerdate --format %(refname) %(objectname) %(*objectname) [10ms]
2025-04-12 00:16:46.309 [info] > git status -z -uall [54ms]
2025-04-12 00:16:53.016 [info] > git config --get commit.template [3ms]
2025-04-12 00:16:53.017 [info] > git for-each-ref --format=%(refname)%00%(upstream:short)%00%(objectname)%00%(upstream:track)%00%(upstream:remotename)%00%(upstream:remoteref) refs/heads/main refs/remotes/main [1ms]
2025-04-12 00:16:53.032 [info] > git for-each-ref --sort -committerdate --format %(refname) %(objectname) %(*objectname) [10ms]
2025-04-12 00:16:53.077 [info] > git status -z -uall [57ms]
2025-04-12 00:16:59.214 [info] > git config --get commit.template [3ms]
2025-04-12 00:16:59.215 [info] > git for-each-ref --format=%(refname)%00%(upstream:short)%00%(objectname)%00%(upstream:track)%00%(upstream:remotename)%00%(upstream:remoteref) refs/heads/main refs/remotes/main [1ms]
2025-04-12 00:16:59.230 [info] > git for-each-ref --sort -committerdate --format %(refname) %(objectname) %(*objectname) [9ms]
2025-04-12 00:16:59.275 [info] > git status -z -uall [57ms]
2025-04-12 00:17:04.288 [info] > git config --get commit.template [3ms]
2025-04-12 00:17:04.289 [info] > git for-each-ref --format=%(refname)%00%(upstream:short)%00%(objectname)%00%(upstream:track)%00%(upstream:remotename)%00%(upstream:remoteref) refs/heads/main refs/remotes/main [1ms]
2025-04-12 00:17:04.303 [info] > git for-each-ref --sort -committerdate --format %(refname) %(objectname) %(*objectname) [9ms]
2025-04-12 00:17:04.352 [info] > git status -z -uall [60ms]
2025-04-12 00:17:09.365 [info] > git config --get commit.template [3ms]
2025-04-12 00:17:09.366 [info] > git for-each-ref --format=%(refname)%00%(upstream:short)%00%(objectname)%00%(upstream:track)%00%(upstream:remotename)%00%(upstream:remoteref) refs/heads/main refs/remotes/main [1ms]
2025-04-12 00:17:09.374 [info] > git for-each-ref --sort -committerdate --format %(refname) %(objectname) %(*objectname) [1ms]
2025-04-12 00:17:09.426 [info] > git status -z -uall [57ms]
2025-04-12 00:17:14.440 [info] > git config --get commit.template [3ms]
2025-04-12 00:17:14.440 [info] > git for-each-ref --format=%(refname)%00%(upstream:short)%00%(objectname)%00%(upstream:track)%00%(upstream:remotename)%00%(upstream:remoteref) refs/heads/main refs/remotes/main [1ms]
2025-04-12 00:17:14.451 [info] > git for-each-ref --sort -committerdate --format %(refname) %(objectname) %(*objectname) [4ms]
2025-04-12 00:17:14.498 [info] > git status -z -uall [54ms]
2025-04-12 00:17:19.666 [info] > git config --get commit.template [2ms]
2025-04-12 00:17:19.669 [info] > git for-each-ref --format=%(refname)%00%(upstream:short)%00%(objectname)%00%(upstream:track)%00%(upstream:remotename)%00%(upstream:remoteref) refs/heads/main refs/remotes/main [1ms]
2025-04-12 00:17:19.679 [info] > git for-each-ref --sort -committerdate --format %(refname) %(objectname) %(*objectname) [4ms]
2025-04-12 00:17:19.728 [info] > git status -z -uall [56ms]
2025-04-12 00:17:24.743 [info] > git config --get commit.template [4ms]
2025-04-12 00:17:24.744 [info] > git for-each-ref --format=%(refname)%00%(upstream:short)%00%(objectname)%00%(upstream:track)%00%(upstream:remotename)%00%(upstream:remoteref) refs/heads/main refs/remotes/main [2ms]
2025-04-12 00:17:24.760 [info] > git for-each-ref --sort -committerdate --format %(refname) %(objectname) %(*objectname) [11ms]
2025-04-12 00:17:24.803 [info] > git status -z -uall [56ms]
2025-04-12 00:17:29.816 [info] > git config --get commit.template [3ms]
2025-04-12 00:17:29.817 [info] > git for-each-ref --format=%(refname)%00%(upstream:short)%00%(objectname)%00%(upstream:track)%00%(upstream:remotename)%00%(upstream:remoteref) refs/heads/main refs/remotes/main [1ms]
2025-04-12 00:17:29.828 [info] > git for-each-ref --sort -committerdate --format %(refname) %(objectname) %(*objectname) [5ms]
2025-04-12 00:17:29.875 [info] > git status -z -uall [55ms]
2025-04-12 00:17:34.889 [info] > git config --get commit.template [3ms]
2025-04-12 00:17:34.890 [info] > git for-each-ref --format=%(refname)%00%(upstream:short)%00%(objectname)%00%(upstream:track)%00%(upstream:remotename)%00%(upstream:remoteref) refs/heads/main refs/remotes/main [2ms]
2025-04-12 00:17:34.904 [info] > git for-each-ref --sort -committerdate --format %(refname) %(objectname) %(*objectname) [9ms]
2025-04-12 00:17:34.948 [info] > git status -z -uall [55ms]
2025-04-12 00:17:39.959 [info] > git config --get commit.template [3ms]
2025-04-12 00:17:39.960 [info] > git for-each-ref --format=%(refname)%00%(upstream:short)%00%(objectname)%00%(upstream:track)%00%(upstream:remotename)%00%(upstream:remoteref) refs/heads/main refs/remotes/main [1ms]
2025-04-12 00:17:39.967 [info] > git for-each-ref --sort -committerdate --format %(refname) %(objectname) %(*objectname) [2ms]
2025-04-12 00:17:40.017 [info] > git status -z -uall [54ms]
2025-04-12 00:17:45.030 [info] > git config --get commit.template [4ms]
2025-04-12 00:17:45.031 [info] > git for-each-ref --format=%(refname)%00%(upstream:short)%00%(objectname)%00%(upstream:track)%00%(upstream:remotename)%00%(upstream:remoteref) refs/heads/main refs/remotes/main [1ms]
2025-04-12 00:17:45.040 [info] > git for-each-ref --sort -committerdate --format %(refname) %(objectname) %(*objectname) [4ms]
2025-04-12 00:17:45.087 [info] > git status -z -uall [53ms]
2025-04-12 00:17:50.100 [info] > git config --get commit.template [3ms]
2025-04-12 00:17:50.101 [info] > git for-each-ref --format=%(refname)%00%(upstream:short)%00%(objectname)%00%(upstream:track)%00%(upstream:remotename)%00%(upstream:remoteref) refs/heads/main refs/remotes/main [2ms]
2025-04-12 00:17:50.116 [info] > git for-each-ref --sort -committerdate --format %(refname) %(objectname) %(*objectname) [11ms]
2025-04-12 00:17:50.158 [info] > git status -z -uall [55ms]
2025-04-12 00:17:55.172 [info] > git config --get commit.template [3ms]
2025-04-12 00:17:55.173 [info] > git for-each-ref --format=%(refname)%00%(upstream:short)%00%(objectname)%00%(upstream:track)%00%(upstream:remotename)%00%(upstream:remoteref) refs/heads/main refs/remotes/main [2ms]
2025-04-12 00:17:55.179 [info] > git for-each-ref --sort -committerdate --format %(refname) %(objectname) %(*objectname) [2ms]
2025-04-12 00:17:55.231 [info] > git status -z -uall [56ms]
2025-04-12 00:18:00.244 [info] > git config --get commit.template [3ms]
2025-04-12 00:18:00.245 [info] > git for-each-ref --format=%(refname)%00%(upstream:short)%00%(objectname)%00%(upstream:track)%00%(upstream:remotename)%00%(upstream:remoteref) refs/heads/main refs/remotes/main [2ms]
2025-04-12 00:18:00.253 [info] > git for-each-ref --sort -committerdate --format %(refname) %(objectname) %(*objectname) [2ms]
2025-04-12 00:18:00.311 [info] > git status -z -uall [62ms]
2025-04-12 00:18:05.325 [info] > git config --get commit.template [3ms]
2025-04-12 00:18:05.326 [info] > git for-each-ref --format=%(refname)%00%(upstream:short)%00%(objectname)%00%(upstream:track)%00%(upstream:remotename)%00%(upstream:remoteref) refs/heads/main refs/remotes/main [2ms]
2025-04-12 00:18:05.340 [info] > git for-each-ref --sort -committerdate --format %(refname) %(objectname) %(*objectname) [9ms]
2025-04-12 00:18:05.383 [info] > git status -z -uall [55ms]
2025-04-12 00:18:10.397 [info] > git config --get commit.template [5ms]
2025-04-12 00:18:10.397 [info] > git for-each-ref --format=%(refname)%00%(upstream:short)%00%(objectname)%00%(upstream:track)%00%(upstream:remotename)%00%(upstream:remoteref) refs/heads/main refs/remotes/main [2ms]
2025-04-12 00:18:10.414 [info] > git for-each-ref --sort -committerdate --format %(refname) %(objectname) %(*objectname) [11ms]
2025-04-12 00:18:10.458 [info] > git status -z -uall [58ms]
2025-04-12 00:18:15.470 [info] > git config --get commit.template [3ms]
2025-04-12 00:18:15.471 [info] > git for-each-ref --format=%(refname)%00%(upstream:short)%00%(objectname)%00%(upstream:track)%00%(upstream:remotename)%00%(upstream:remoteref) refs/heads/main refs/remotes/main [2ms]
2025-04-12 00:18:15.480 [info] > git for-each-ref --sort -committerdate --format %(refname) %(objectname) %(*objectname) [4ms]
2025-04-12 00:18:15.530 [info] > git status -z -uall [56ms]
2025-04-12 00:18:23.006 [info] > git config --get commit.template [4ms]
2025-04-12 00:18:23.008 [info] > git for-each-ref --format=%(refname)%00%(upstream:short)%00%(objectname)%00%(upstream:track)%00%(upstream:remotename)%00%(upstream:remoteref) refs/heads/main refs/remotes/main [1ms]
2025-04-12 00:18:23.019 [info] > git for-each-ref --sort -committerdate --format %(refname) %(objectname) %(*objectname) [5ms]
2025-04-12 00:18:23.068 [info] > git status -z -uall [57ms]
2025-04-12 00:18:28.082 [info] > git config --get commit.template [3ms]
2025-04-12 00:18:28.083 [info] > git for-each-ref --format=%(refname)%00%(upstream:short)%00%(objectname)%00%(upstream:track)%00%(upstream:remotename)%00%(upstream:remoteref) refs/heads/main refs/remotes/main [2ms]
2025-04-12 00:18:28.097 [info] > git for-each-ref --sort -committerdate --format %(refname) %(objectname) %(*objectname) [9ms]
2025-04-12 00:18:28.140 [info] > git status -z -uall [54ms]
2025-04-12 00:18:33.153 [info] > git config --get commit.template [3ms]
2025-04-12 00:18:33.154 [info] > git for-each-ref --format=%(refname)%00%(upstream:short)%00%(objectname)%00%(upstream:track)%00%(upstream:remotename)%00%(upstream:remoteref) refs/heads/main refs/remotes/main [1ms]
2025-04-12 00:18:33.171 [info] > git for-each-ref --sort -committerdate --format %(refname) %(objectname) %(*objectname) [11ms]
2025-04-12 00:18:33.212 [info] > git status -z -uall [55ms]
2025-04-12 00:18:38.226 [info] > git config --get commit.template [4ms]
2025-04-12 00:18:38.227 [info] > git for-each-ref --format=%(refname)%00%(upstream:short)%00%(objectname)%00%(upstream:track)%00%(upstream:remotename)%00%(upstream:remoteref) refs/heads/main refs/remotes/main [2ms]
2025-04-12 00:18:38.241 [info] > git for-each-ref --sort -committerdate --format %(refname) %(objectname) %(*objectname) [9ms]
2025-04-12 00:18:38.283 [info] > git status -z -uall [53ms]
2025-04-12 00:18:43.296 [info] > git config --get commit.template [3ms]
2025-04-12 00:18:43.298 [info] > git for-each-ref --format=%(refname)%00%(upstream:short)%00%(objectname)%00%(upstream:track)%00%(upstream:remotename)%00%(upstream:remoteref) refs/heads/main refs/remotes/main [1ms]
2025-04-12 00:18:43.315 [info] > git for-each-ref --sort -committerdate --format %(refname) %(objectname) %(*objectname) [10ms]
2025-04-12 00:18:43.355 [info] > git status -z -uall [54ms]
2025-04-12 00:18:48.366 [info] > git config --get commit.template [3ms]
2025-04-12 00:18:48.367 [info] > git for-each-ref --format=%(refname)%00%(upstream:short)%00%(objectname)%00%(upstream:track)%00%(upstream:remotename)%00%(upstream:remoteref) refs/heads/main refs/remotes/main [1ms]
2025-04-12 00:18:48.381 [info] > git for-each-ref --sort -committerdate --format %(refname) %(objectname) %(*objectname) [8ms]
2025-04-12 00:18:48.424 [info] > git status -z -uall [54ms]
2025-04-12 00:18:53.438 [info] > git config --get commit.template [3ms]
2025-04-12 00:18:53.440 [info] > git for-each-ref --format=%(refname)%00%(upstream:short)%00%(objectname)%00%(upstream:track)%00%(upstream:remotename)%00%(upstream:remoteref) refs/heads/main refs/remotes/main [1ms]
2025-04-12 00:18:53.447 [info] > git for-each-ref --sort -committerdate --format %(refname) %(objectname) %(*objectname) [2ms]
2025-04-12 00:18:53.498 [info] > git status -z -uall [56ms]
2025-04-12 00:18:58.512 [info] > git config --get commit.template [4ms]
2025-04-12 00:18:58.513 [info] > git for-each-ref --format=%(refname)%00%(upstream:short)%00%(objectname)%00%(upstream:track)%00%(upstream:remotename)%00%(upstream:remoteref) refs/heads/main refs/remotes/main [1ms]
2025-04-12 00:18:58.528 [info] > git for-each-ref --sort -committerdate --format %(refname) %(objectname) %(*objectname) [10ms]
2025-04-12 00:18:58.570 [info] > git status -z -uall [54ms]
2025-04-12 00:19:05.623 [info] > git config --get commit.template [4ms]
2025-04-12 00:19:05.624 [info] > git for-each-ref --format=%(refname)%00%(upstream:short)%00%(objectname)%00%(upstream:track)%00%(upstream:remotename)%00%(upstream:remoteref) refs/heads/main refs/remotes/main [2ms]
2025-04-12 00:19:05.631 [info] > git for-each-ref --sort -committerdate --format %(refname) %(objectname) %(*objectname) [2ms]
2025-04-12 00:19:05.682 [info] > git status -z -uall [56ms]
2025-04-12 00:19:10.697 [info] > git config --get commit.template [3ms]
2025-04-12 00:19:10.698 [info] > git for-each-ref --format=%(refname)%00%(upstream:short)%00%(objectname)%00%(upstream:track)%00%(upstream:remotename)%00%(upstream:remoteref) refs/heads/main refs/remotes/main [1ms]
2025-04-12 00:19:10.705 [info] > git for-each-ref --sort -committerdate --format %(refname) %(objectname) %(*objectname) [2ms]
2025-04-12 00:19:10.757 [info] > git status -z -uall [56ms]
2025-04-12 00:19:15.771 [info] > git config --get commit.template [4ms]
2025-04-12 00:19:15.772 [info] > git for-each-ref --format=%(refname)%00%(upstream:short)%00%(objectname)%00%(upstream:track)%00%(upstream:remotename)%00%(upstream:remoteref) refs/heads/main refs/remotes/main [2ms]
2025-04-12 00:19:15.784 [info] > git for-each-ref --sort -committerdate --format %(refname) %(objectname) %(*objectname) [5ms]
2025-04-12 00:19:15.831 [info] > git status -z -uall [56ms]
2025-04-12 00:19:20.844 [info] > git config --get commit.template [3ms]
2025-04-12 00:19:20.845 [info] > git for-each-ref --format=%(refname)%00%(upstream:short)%00%(objectname)%00%(upstream:track)%00%(upstream:remotename)%00%(upstream:remoteref) refs/heads/main refs/remotes/main [2ms]
2025-04-12 00:19:20.859 [info] > git for-each-ref --sort -committerdate --format %(refname) %(objectname) %(*objectname) [9ms]
2025-04-12 00:19:20.901 [info] > git status -z -uall [53ms]
2025-04-12 00:19:25.913 [info] > git config --get commit.template [3ms]
2025-04-12 00:19:25.914 [info] > git for-each-ref --format=%(refname)%00%(upstream:short)%00%(objectname)%00%(upstream:track)%00%(upstream:remotename)%00%(upstream:remoteref) refs/heads/main refs/remotes/main [1ms]
2025-04-12 00:19:25.926 [info] > git for-each-ref --sort -committerdate --format %(refname) %(objectname) %(*objectname) [7ms]
2025-04-12 00:19:25.974 [info] > git status -z -uall [57ms]
2025-04-12 00:19:30.988 [info] > git config --get commit.template [5ms]
2025-04-12 00:19:30.988 [info] > git for-each-ref --format=%(refname)%00%(upstream:short)%00%(objectname)%00%(upstream:track)%00%(upstream:remotename)%00%(upstream:remoteref) refs/heads/main refs/remotes/main [2ms]
2025-04-12 00:19:30.995 [info] > git for-each-ref --sort -committerdate --format %(refname) %(objectname) %(*objectname) [2ms]
2025-04-12 00:19:31.044 [info] > git status -z -uall [53ms]
2025-04-12 00:19:36.057 [info] > git config --get commit.template [4ms]
2025-04-12 00:19:36.058 [info] > git for-each-ref --format=%(refname)%00%(upstream:short)%00%(objectname)%00%(upstream:track)%00%(upstream:remotename)%00%(upstream:remoteref) refs/heads/main refs/remotes/main [2ms]
2025-04-12 00:19:36.067 [info] > git for-each-ref --sort -committerdate --format %(refname) %(objectname) %(*objectname) [4ms]
2025-04-12 00:19:36.115 [info] > git status -z -uall [54ms]
2025-04-12 00:19:41.129 [info] > git config --get commit.template [4ms]
2025-04-12 00:19:41.130 [info] > git for-each-ref --format=%(refname)%00%(upstream:short)%00%(objectname)%00%(upstream:track)%00%(upstream:remotename)%00%(upstream:remoteref) refs/heads/main refs/remotes/main [2ms]
2025-04-12 00:19:41.144 [info] > git for-each-ref --sort -committerdate --format %(refname) %(objectname) %(*objectname) [9ms]
2025-04-12 00:19:41.190 [info] > git status -z -uall [57ms]
2025-04-12 00:19:46.203 [info] > git config --get commit.template [3ms]
2025-04-12 00:19:46.204 [info] > git for-each-ref --format=%(refname)%00%(upstream:short)%00%(objectname)%00%(upstream:track)%00%(upstream:remotename)%00%(upstream:remoteref) refs/heads/main refs/remotes/main [1ms]
2025-04-12 00:19:46.211 [info] > git for-each-ref --sort -committerdate --format %(refname) %(objectname) %(*objectname) [1ms]
2025-04-12 00:19:46.265 [info] > git status -z -uall [58ms]
2025-04-12 00:19:52.686 [info] > git config --get commit.template [3ms]
2025-04-12 00:19:52.687 [info] > git for-each-ref --format=%(refname)%00%(upstream:short)%00%(objectname)%00%(upstream:track)%00%(upstream:remotename)%00%(upstream:remoteref) refs/heads/main refs/remotes/main [2ms]
2025-04-12 00:19:52.693 [info] > git for-each-ref --sort -committerdate --format %(refname) %(objectname) %(*objectname) [1ms]
2025-04-12 00:19:52.749 [info] > git status -z -uall [60ms]
2025-04-12 00:19:57.762 [info] > git config --get commit.template [3ms]
2025-04-12 00:19:57.763 [info] > git for-each-ref --format=%(refname)%00%(upstream:short)%00%(objectname)%00%(upstream:track)%00%(upstream:remotename)%00%(upstream:remoteref) refs/heads/main refs/remotes/main [2ms]
2025-04-12 00:19:57.772 [info] > git for-each-ref --sort -committerdate --format %(refname) %(objectname) %(*objectname) [3ms]
2025-04-12 00:19:57.821 [info] > git status -z -uall [55ms]
2025-04-12 00:20:02.836 [info] > git config --get commit.template [4ms]
2025-04-12 00:20:02.837 [info] > git for-each-ref --format=%(refname)%00%(upstream:short)%00%(objectname)%00%(upstream:track)%00%(upstream:remotename)%00%(upstream:remoteref) refs/heads/main refs/remotes/main [2ms]
2025-04-12 00:20:02.850 [info] > git for-each-ref --sort -committerdate --format %(refname) %(objectname) %(*objectname) [8ms]
2025-04-12 00:20:02.894 [info] > git status -z -uall [55ms]
2025-04-12 00:20:07.906 [info] > git config --get commit.template [3ms]
2025-04-12 00:20:07.907 [info] > git for-each-ref --format=%(refname)%00%(upstream:short)%00%(objectname)%00%(upstream:track)%00%(upstream:remotename)%00%(upstream:remoteref) refs/heads/main refs/remotes/main [1ms]
2025-04-12 00:20:07.919 [info] > git for-each-ref --sort -committerdate --format %(refname) %(objectname) %(*objectname) [7ms]
2025-04-12 00:20:07.966 [info] > git status -z -uall [56ms]
2025-04-12 00:20:12.979 [info] > git config --get commit.template [3ms]
2025-04-12 00:20:12.980 [info] > git for-each-ref --format=%(refname)%00%(upstream:short)%00%(objectname)%00%(upstream:track)%00%(upstream:remotename)%00%(upstream:remoteref) refs/heads/main refs/remotes/main [2ms]
2025-04-12 00:20:12.992 [info] > git for-each-ref --sort -committerdate --format %(refname) %(objectname) %(*objectname) [6ms]
2025-04-12 00:20:13.038 [info] > git status -z -uall [55ms]
2025-04-12 00:20:22.941 [info] > git config --get commit.template [3ms]
2025-04-12 00:20:22.942 [info] > git for-each-ref --format=%(refname)%00%(upstream:short)%00%(objectname)%00%(upstream:track)%00%(upstream:remotename)%00%(upstream:remoteref) refs/heads/main refs/remotes/main [2ms]
2025-04-12 00:20:22.953 [info] > git for-each-ref --sort -committerdate --format %(refname) %(objectname) %(*objectname) [7ms]
2025-04-12 00:20:22.998 [info] > git status -z -uall [54ms]
2025-04-12 00:20:28.012 [info] > git config --get commit.template [4ms]
2025-04-12 00:20:28.012 [info] > git for-each-ref --format=%(refname)%00%(upstream:short)%00%(objectname)%00%(upstream:track)%00%(upstream:remotename)%00%(upstream:remoteref) refs/heads/main refs/remotes/main [1ms]
2025-04-12 00:20:28.028 [info] > git for-each-ref --sort -committerdate --format %(refname) %(objectname) %(*objectname) [10ms]
2025-04-12 00:20:28.070 [info] > git status -z -uall [55ms]
2025-04-12 00:20:31.008 [info] > git check-ignore -v -z --stdin [4ms]
2025-04-12 00:20:32.616 [info] > git show --textconv :Engr212_Tsegay_Asmerom/Lab10/condtional.sh [4ms]
2025-04-12 00:20:32.620 [info] > git ls-files --stage -- Engr212_Tsegay_Asmerom/Lab10/condtional.sh [5ms]
2025-04-12 00:20:32.624 [info] > git hash-object -t tree /dev/null [4ms]
2025-04-12 00:20:32.624 [warning] [GitFileSystemProvider][readFile] File not found - git:/home/student/Engr212_Tsegay_Asmerom/Lab10/condtional.sh.git?%7B%22path%22%3A%22%2Fhome%2Fstudent%2FEngr212_Tsegay_Asmerom%2FLab10%2Fcondtional.sh%22%2C%22ref%22%3A%22%22%7D
2025-04-12 00:20:32.627 [info] > git hash-object -t tree /dev/null [4ms]
2025-04-12 00:20:32.627 [warning] [GitFileSystemProvider][stat] File not found - git:/home/student/Engr212_Tsegay_Asmerom/Lab10/condtional.sh.git?%7B%22path%22%3A%22%2Fhome%2Fstudent%2FEngr212_Tsegay_Asmerom%2FLab10%2Fcondtional.sh%22%2C%22ref%22%3A%22%22%7D
2025-04-12 00:20:33.083 [info] > git config --get commit.template [2ms]
2025-04-12 00:20:33.087 [info] > git for-each-ref --format=%(refname)%00%(upstream:short)%00%(objectname)%00%(upstream:track)%00%(upstream:remotename)%00%(upstream:remoteref) refs/heads/main refs/remotes/main [1ms]
2025-04-12 00:20:33.094 [info] > git for-each-ref --sort -committerdate --format %(refname) %(objectname) %(*objectname) [2ms]
2025-04-12 00:20:33.148 [info] > git status -z -uall [58ms]
2025-04-12 00:20:33.284 [info] > git blame --root --incremental 73250b902b6c038d6bd3d5f9ba8021d108414f79 -- Engr212_Tsegay_Asmerom/Lab10/condtional.sh [2ms]
2025-04-12 00:20:33.284 [info] fatal: no such path Engr212_Tsegay_Asmerom/Lab10/condtional.sh in 73250b902b6c038d6bd3d5f9ba8021d108414f79
2025-04-12 00:20:38.159 [info] > git config --get commit.template [1ms]
2025-04-12 00:20:38.163 [info] > git for-each-ref --format=%(refname)%00%(upstream:short)%00%(objectname)%00%(upstream:track)%00%(upstream:remotename)%00%(upstream:remoteref) refs/heads/main refs/remotes/main [2ms]
2025-04-12 00:20:38.176 [info] > git for-each-ref --sort -committerdate --format %(refname) %(objectname) %(*objectname) [8ms]
2025-04-12 00:20:38.220 [info] > git status -z -uall [55ms]
2025-04-12 00:20:43.235 [info] > git config --get commit.template [3ms]
2025-04-12 00:20:43.236 [info] > git for-each-ref --format=%(refname)%00%(upstream:short)%00%(objectname)%00%(upstream:track)%00%(upstream:remotename)%00%(upstream:remoteref) refs/heads/main refs/remotes/main [2ms]
2025-04-12 00:20:43.250 [info] > git for-each-ref --sort -committerdate --format %(refname) %(objectname) %(*objectname) [9ms]
2025-04-12 00:20:43.293 [info] > git status -z -uall [55ms]
2025-04-12 00:20:48.308 [info] > git config --get commit.template [3ms]
2025-04-12 00:20:48.309 [info] > git for-each-ref --format=%(refname)%00%(upstream:short)%00%(objectname)%00%(upstream:track)%00%(upstream:remotename)%00%(upstream:remoteref) refs/heads/main refs/remotes/main [1ms]
2025-04-12 00:20:48.317 [info] > git for-each-ref --sort -committerdate --format %(refname) %(objectname) %(*objectname) [3ms]
2025-04-12 00:20:48.368 [info] > git status -z -uall [56ms]
2025-04-12 00:20:53.382 [info] > git config --get commit.template [3ms]
2025-04-12 00:20:53.383 [info] > git for-each-ref --format=%(refname)%00%(upstream:short)%00%(objectname)%00%(upstream:track)%00%(upstream:remotename)%00%(upstream:remoteref) refs/heads/main refs/remotes/main [2ms]
2025-04-12 00:20:53.398 [info] > git for-each-ref --sort -committerdate --format %(refname) %(objectname) %(*objectname) [10ms]
2025-04-12 00:20:53.439 [info] > git status -z -uall [54ms]
2025-04-12 00:20:58.453 [info] > git config --get commit.template [3ms]
2025-04-12 00:20:58.454 [info] > git for-each-ref --format=%(refname)%00%(upstream:short)%00%(objectname)%00%(upstream:track)%00%(upstream:remotename)%00%(upstream:remoteref) refs/heads/main refs/remotes/main [1ms]
2025-04-12 00:20:58.461 [info] > git for-each-ref --sort -committerdate --format %(refname) %(objectname) %(*objectname) [1ms]
2025-04-12 00:20:58.513 [info] > git status -z -uall [56ms]
2025-04-12 00:21:03.527 [info] > git config --get commit.template [4ms]
2025-04-12 00:21:03.527 [info] > git for-each-ref --format=%(refname)%00%(upstream:short)%00%(objectname)%00%(upstream:track)%00%(upstream:remotename)%00%(upstream:remoteref) refs/heads/main refs/remotes/main [2ms]
2025-04-12 00:21:03.535 [info] > git for-each-ref --sort -committerdate --format %(refname) %(objectname) %(*objectname) [2ms]
2025-04-12 00:21:03.585 [info] > git status -z -uall [55ms]
2025-04-12 00:21:08.597 [info] > git config --get commit.template [3ms]
2025-04-12 00:21:08.598 [info] > git for-each-ref --format=%(refname)%00%(upstream:short)%00%(objectname)%00%(upstream:track)%00%(upstream:remotename)%00%(upstream:remoteref) refs/heads/main refs/remotes/main [1ms]
2025-04-12 00:21:08.612 [info] > git for-each-ref --sort -committerdate --format %(refname) %(objectname) %(*objectname) [9ms]
2025-04-12 00:21:08.655 [info] > git status -z -uall [54ms]
2025-04-12 00:21:13.667 [info] > git config --get commit.template [3ms]
2025-04-12 00:21:13.668 [info] > git for-each-ref --format=%(refname)%00%(upstream:short)%00%(objectname)%00%(upstream:track)%00%(upstream:remotename)%00%(upstream:remoteref) refs/heads/main refs/remotes/main [1ms]
2025-04-12 00:21:13.675 [info] > git for-each-ref --sort -committerdate --format %(refname) %(objectname) %(*objectname) [2ms]
2025-04-12 00:21:13.727 [info] > git status -z -uall [56ms]
2025-04-12 00:21:18.743 [info] > git config --get commit.template [4ms]
2025-04-12 00:21:18.744 [info] > git for-each-ref --format=%(refname)%00%(upstream:short)%00%(objectname)%00%(upstream:track)%00%(upstream:remotename)%00%(upstream:remoteref) refs/heads/main refs/remotes/main [2ms]
2025-04-12 00:21:18.760 [info] > git for-each-ref --sort -committerdate --format %(refname) %(objectname) %(*objectname) [11ms]
2025-04-12 00:21:18.803 [info] > git status -z -uall [56ms]
2025-04-12 00:21:23.817 [info] > git config --get commit.template [3ms]
2025-04-12 00:21:23.819 [info] > git for-each-ref --format=%(refname)%00%(upstream:short)%00%(objectname)%00%(upstream:track)%00%(upstream:remotename)%00%(upstream:remoteref) refs/heads/main refs/remotes/main [1ms]
2025-04-12 00:21:23.832 [info] > git for-each-ref --sort -committerdate --format %(refname) %(objectname) %(*objectname) [9ms]
2025-04-12 00:21:23.874 [info] > git status -z -uall [53ms]
2025-04-12 00:21:28.889 [info] > git config --get commit.template [4ms]
2025-04-12 00:21:28.890 [info] > git for-each-ref --format=%(refname)%00%(upstream:short)%00%(objectname)%00%(upstream:track)%00%(upstream:remotename)%00%(upstream:remoteref) refs/heads/main refs/remotes/main [2ms]
2025-04-12 00:21:28.904 [info] > git for-each-ref --sort -committerdate --format %(refname) %(objectname) %(*objectname) [9ms]
2025-04-12 00:21:28.946 [info] > git status -z -uall [54ms]
2025-04-12 00:21:33.962 [info] > git config --get commit.template [3ms]
2025-04-12 00:21:33.963 [info] > git for-each-ref --format=%(refname)%00%(upstream:short)%00%(objectname)%00%(upstream:track)%00%(upstream:remotename)%00%(upstream:remoteref) refs/heads/main refs/remotes/main [1ms]
2025-04-12 00:21:33.970 [info] > git for-each-ref --sort -committerdate --format %(refname) %(objectname) %(*objectname) [1ms]
2025-04-12 00:21:34.024 [info] > git status -z -uall [58ms]
2025-04-12 00:21:39.040 [info] > git config --get commit.template [5ms]
2025-04-12 00:21:39.040 [info] > git for-each-ref --format=%(refname)%00%(upstream:short)%00%(objectname)%00%(upstream:track)%00%(upstream:remotename)%00%(upstream:remoteref) refs/heads/main refs/remotes/main [2ms]
2025-04-12 00:21:39.053 [info] > git for-each-ref --sort -committerdate --format %(refname) %(objectname) %(*objectname) [8ms]
2025-04-12 00:21:39.098 [info] > git status -z -uall [55ms]
2025-04-12 00:21:48.524 [info] > git config --get commit.template [2ms]
2025-04-12 00:21:48.526 [info] > git for-each-ref --format=%(refname)%00%(upstream:short)%00%(objectname)%00%(upstream:track)%00%(upstream:remotename)%00%(upstream:remoteref) refs/heads/main refs/remotes/main [2ms]
2025-04-12 00:21:48.534 [info] > git for-each-ref --sort -committerdate --format %(refname) %(objectname) %(*objectname) [3ms]
2025-04-12 00:21:48.583 [info] > git status -z -uall [55ms]
2025-04-12 00:21:53.597 [info] > git config --get commit.template [3ms]
2025-04-12 00:21:53.598 [info] > git for-each-ref --format=%(refname)%00%(upstream:short)%00%(objectname)%00%(upstream:track)%00%(upstream:remotename)%00%(upstream:remoteref) refs/heads/main refs/remotes/main [2ms]
2025-04-12 00:21:53.613 [info] > git for-each-ref --sort -committerdate --format %(refname) %(objectname) %(*objectname) [9ms]
2025-04-12 00:21:53.658 [info] > git status -z -uall [56ms]
2025-04-12 00:21:58.675 [info] > git config --get commit.template [5ms]
2025-04-12 00:21:58.676 [info] > git for-each-ref --format=%(refname)%00%(upstream:short)%00%(objectname)%00%(upstream:track)%00%(upstream:remotename)%00%(upstream:remoteref) refs/heads/main refs/remotes/main [2ms]
2025-04-12 00:21:58.683 [info] > git for-each-ref --sort -committerdate --format %(refname) %(objectname) %(*objectname) [2ms]
2025-04-12 00:21:58.733 [info] > git status -z -uall [55ms]
2025-04-12 00:22:03.746 [info] > git config --get commit.template [2ms]
2025-04-12 00:22:03.746 [info] > git for-each-ref --format=%(refname)%00%(upstream:short)%00%(objectname)%00%(upstream:track)%00%(upstream:remotename)%00%(upstream:remoteref) refs/heads/main refs/remotes/main [1ms]
2025-04-12 00:22:03.760 [info] > git for-each-ref --sort -committerdate --format %(refname) %(objectname) %(*objectname) [8ms]
2025-04-12 00:22:03.804 [info] > git status -z -uall [55ms]
2025-04-12 00:22:08.817 [info] > git config --get commit.template [3ms]
2025-04-12 00:22:08.818 [info] > git for-each-ref --format=%(refname)%00%(upstream:short)%00%(objectname)%00%(upstream:track)%00%(upstream:remotename)%00%(upstream:remoteref) refs/heads/main refs/remotes/main [1ms]
2025-04-12 00:22:08.834 [info] > git for-each-ref --sort -committerdate --format %(refname) %(objectname) %(*objectname) [11ms]
2025-04-12 00:22:08.877 [info] > git status -z -uall [56ms]
2025-04-12 00:22:13.890 [info] > git config --get commit.template [3ms]
2025-04-12 00:22:13.891 [info] > git for-each-ref --format=%(refname)%00%(upstream:short)%00%(objectname)%00%(upstream:track)%00%(upstream:remotename)%00%(upstream:remoteref) refs/heads/main refs/remotes/main [1ms]
2025-04-12 00:22:13.898 [info] > git for-each-ref --sort -committerdate --format %(refname) %(objectname) %(*objectname) [2ms]
2025-04-12 00:22:13.948 [info] > git status -z -uall [55ms]
2025-04-12 00:22:18.961 [info] > git config --get commit.template [3ms]
2025-04-12 00:22:18.962 [info] > git for-each-ref --format=%(refname)%00%(upstream:short)%00%(objectname)%00%(upstream:track)%00%(upstream:remotename)%00%(upstream:remoteref) refs/heads/main refs/remotes/main [1ms]
2025-04-12 00:22:18.969 [info] > git for-each-ref --sort -committerdate --format %(refname) %(objectname) %(*objectname) [2ms]
2025-04-12 00:22:19.021 [info] > git status -z -uall [56ms]
2025-04-12 00:22:24.035 [info] > git config --get commit.template [4ms]
2025-04-12 00:22:24.036 [info] > git for-each-ref --format=%(refname)%00%(upstream:short)%00%(objectname)%00%(upstream:track)%00%(upstream:remotename)%00%(upstream:remoteref) refs/heads/main refs/remotes/main [1ms]
2025-04-12 00:22:24.051 [info] > git for-each-ref --sort -committerdate --format %(refname) %(objectname) %(*objectname) [11ms]
2025-04-12 00:22:24.092 [info] > git status -z -uall [54ms]
2025-04-12 00:22:29.104 [info] > git config --get commit.template [3ms]
2025-04-12 00:22:29.105 [info] > git for-each-ref --format=%(refname)%00%(upstream:short)%00%(objectname)%00%(upstream:track)%00%(upstream:remotename)%00%(upstream:remoteref) refs/heads/main refs/remotes/main [1ms]
2025-04-12 00:22:29.113 [info] > git for-each-ref --sort -committerdate --format %(refname) %(objectname) %(*objectname) [1ms]
2025-04-12 00:22:29.163 [info] > git status -z -uall [55ms]
2025-04-12 00:22:34.177 [info] > git config --get commit.template [3ms]
2025-04-12 00:22:34.177 [info] > git for-each-ref --format=%(refname)%00%(upstream:short)%00%(objectname)%00%(upstream:track)%00%(upstream:remotename)%00%(upstream:remoteref) refs/heads/main refs/remotes/main [2ms]
2025-04-12 00:22:34.192 [info] > git for-each-ref --sort -committerdate --format %(refname) %(objectname) %(*objectname) [10ms]
2025-04-12 00:22:34.233 [info] > git status -z -uall [54ms]
2025-04-12 00:22:39.246 [info] > git config --get commit.template [3ms]
2025-04-12 00:22:39.247 [info] > git for-each-ref --format=%(refname)%00%(upstream:short)%00%(objectname)%00%(upstream:track)%00%(upstream:remotename)%00%(upstream:remoteref) refs/heads/main refs/remotes/main [1ms]
2025-04-12 00:22:39.254 [info] > git for-each-ref --sort -committerdate --format %(refname) %(objectname) %(*objectname) [2ms]
2025-04-12 00:22:39.304 [info] > git status -z -uall [54ms]
2025-04-12 00:22:44.317 [info] > git config --get commit.template [3ms]
2025-04-12 00:22:44.318 [info] > git for-each-ref --format=%(refname)%00%(upstream:short)%00%(objectname)%00%(upstream:track)%00%(upstream:remotename)%00%(upstream:remoteref) refs/heads/main refs/remotes/main [1ms]
2025-04-12 00:22:44.325 [info] > git for-each-ref --sort -committerdate --format %(refname) %(objectname) %(*objectname) [2ms]
2025-04-12 00:22:44.375 [info] > git status -z -uall [54ms]
2025-04-12 00:22:49.387 [info] > git config --get commit.template [1ms]
2025-04-12 00:22:49.392 [info] > git for-each-ref --format=%(refname)%00%(upstream:short)%00%(objectname)%00%(upstream:track)%00%(upstream:remotename)%00%(upstream:remoteref) refs/heads/main refs/remotes/main [2ms]
2025-04-12 00:22:49.406 [info] > git for-each-ref --sort -committerdate --format %(refname) %(objectname) %(*objectname) [9ms]
2025-04-12 00:22:49.448 [info] > git status -z -uall [53ms]
2025-04-12 00:22:54.460 [info] > git config --get commit.template [2ms]
2025-04-12 00:22:54.461 [info] > git for-each-ref --format=%(refname)%00%(upstream:short)%00%(objectname)%00%(upstream:track)%00%(upstream:remotename)%00%(upstream:remoteref) refs/heads/main refs/remotes/main [1ms]
2025-04-12 00:22:54.468 [info] > git for-each-ref --sort -committerdate --format %(refname) %(objectname) %(*objectname) [2ms]
2025-04-12 00:22:54.517 [info] > git status -z -uall [53ms]
2025-04-12 00:22:59.530 [info] > git config --get commit.template [4ms]
2025-04-12 00:22:59.530 [info] > git for-each-ref --format=%(refname)%00%(upstream:short)%00%(objectname)%00%(upstream:track)%00%(upstream:remotename)%00%(upstream:remoteref) refs/heads/main refs/remotes/main [1ms]
2025-04-12 00:22:59.548 [info] > git for-each-ref --sort -committerdate --format %(refname) %(objectname) %(*objectname) [13ms]
2025-04-12 00:22:59.589 [info] > git status -z -uall [56ms]
2025-04-12 00:23:04.602 [info] > git config --get commit.template [4ms]
2025-04-12 00:23:04.603 [info] > git for-each-ref --format=%(refname)%00%(upstream:short)%00%(objectname)%00%(upstream:track)%00%(upstream:remotename)%00%(upstream:remoteref) refs/heads/main refs/remotes/main [2ms]
2025-04-12 00:23:04.616 [info] > git for-each-ref --sort -committerdate --format %(refname) %(objectname) %(*objectname) [8ms]
2025-04-12 00:23:04.665 [info] > git status -z -uall [59ms]
2025-04-12 00:23:09.677 [info] > git config --get commit.template [3ms]
2025-04-12 00:23:09.678 [info] > git for-each-ref --format=%(refname)%00%(upstream:short)%00%(objectname)%00%(upstream:track)%00%(upstream:remotename)%00%(upstream:remoteref) refs/heads/main refs/remotes/main [1ms]
2025-04-12 00:23:09.696 [info] > git for-each-ref --sort -committerdate --format %(refname) %(objectname) %(*objectname) [12ms]
2025-04-12 00:23:09.739 [info] > git status -z -uall [57ms]
2025-04-12 00:23:14.751 [info] > git config --get commit.template [3ms]
2025-04-12 00:23:14.752 [info] > git for-each-ref --format=%(refname)%00%(upstream:short)%00%(objectname)%00%(upstream:track)%00%(upstream:remotename)%00%(upstream:remoteref) refs/heads/main refs/remotes/main [1ms]
2025-04-12 00:23:14.768 [info] > git for-each-ref --sort -committerdate --format %(refname) %(objectname) %(*objectname) [10ms]
2025-04-12 00:23:14.812 [info] > git status -z -uall [57ms]
2025-04-12 00:23:19.825 [info] > git config --get commit.template [4ms]
2025-04-12 00:23:19.825 [info] > git for-each-ref --format=%(refname)%00%(upstream:short)%00%(objectname)%00%(upstream:track)%00%(upstream:remotename)%00%(upstream:remoteref) refs/heads/main refs/remotes/main [1ms]
2025-04-12 00:23:19.832 [info] > git for-each-ref --sort -committerdate --format %(refname) %(objectname) %(*objectname) [2ms]
2025-04-12 00:23:19.882 [info] > git status -z -uall [54ms]
2025-04-12 00:23:24.896 [info] > git config --get commit.template [4ms]
2025-04-12 00:23:24.897 [info] > git for-each-ref --format=%(refname)%00%(upstream:short)%00%(objectname)%00%(upstream:track)%00%(upstream:remotename)%00%(upstream:remoteref) refs/heads/main refs/remotes/main [2ms]
2025-04-12 00:23:24.904 [info] > git for-each-ref --sort -committerdate --format %(refname) %(objectname) %(*objectname) [2ms]
2025-04-12 00:23:24.958 [info] > git status -z -uall [58ms]
2025-04-12 00:23:29.972 [info] > git config --get commit.template [3ms]
2025-04-12 00:23:29.973 [info] > git for-each-ref --format=%(refname)%00%(upstream:short)%00%(objectname)%00%(upstream:track)%00%(upstream:remotename)%00%(upstream:remoteref) refs/heads/main refs/remotes/main [1ms]
2025-04-12 00:23:29.989 [info] > git for-each-ref --sort -committerdate --format %(refname) %(objectname) %(*objectname) [11ms]
2025-04-12 00:23:30.031 [info] > git status -z -uall [55ms]
2025-04-12 00:24:36.147 [info] > git config --get commit.template [1ms]
2025-04-12 00:24:36.151 [info] > git for-each-ref --format=%(refname)%00%(upstream:short)%00%(objectname)%00%(upstream:track)%00%(upstream:remotename)%00%(upstream:remoteref) refs/heads/main refs/remotes/main [1ms]
2025-04-12 00:24:36.158 [info] > git for-each-ref --sort -committerdate --format %(refname) %(objectname) %(*objectname) [2ms]
2025-04-12 00:24:36.211 [info] > git status -z -uall [57ms]
2025-04-12 00:24:41.227 [info] > git config --get commit.template [3ms]
2025-04-12 00:24:41.228 [info] > git for-each-ref --format=%(refname)%00%(upstream:short)%00%(objectname)%00%(upstream:track)%00%(upstream:remotename)%00%(upstream:remoteref) refs/heads/main refs/remotes/main [2ms]
2025-04-12 00:24:41.235 [info] > git for-each-ref --sort -committerdate --format %(refname) %(objectname) %(*objectname) [2ms]
2025-04-12 00:24:41.286 [info] > git status -z -uall [56ms]
2025-04-12 00:24:46.298 [info] > git config --get commit.template [3ms]
2025-04-12 00:24:46.299 [info] > git for-each-ref --format=%(refname)%00%(upstream:short)%00%(objectname)%00%(upstream:track)%00%(upstream:remotename)%00%(upstream:remoteref) refs/heads/main refs/remotes/main [1ms]
2025-04-12 00:24:46.312 [info] > git for-each-ref --sort -committerdate --format %(refname) %(objectname) %(*objectname) [8ms]
2025-04-12 00:24:46.356 [info] > git status -z -uall [54ms]
2025-04-12 00:24:51.370 [info] > git config --get commit.template [3ms]
2025-04-12 00:24:51.371 [info] > git for-each-ref --format=%(refname)%00%(upstream:short)%00%(objectname)%00%(upstream:track)%00%(upstream:remotename)%00%(upstream:remoteref) refs/heads/main refs/remotes/main [2ms]
2025-04-12 00:24:51.385 [info] > git for-each-ref --sort -committerdate --format %(refname) %(objectname) %(*objectname) [9ms]
2025-04-12 00:24:51.427 [info] > git status -z -uall [54ms]
2025-04-12 00:24:56.441 [info] > git config --get commit.template [3ms]
2025-04-12 00:24:56.442 [info] > git for-each-ref --format=%(refname)%00%(upstream:short)%00%(objectname)%00%(upstream:track)%00%(upstream:remotename)%00%(upstream:remoteref) refs/heads/main refs/remotes/main [2ms]
2025-04-12 00:24:56.452 [info] > git for-each-ref --sort -committerdate --format %(refname) %(objectname) %(*objectname) [1ms]
2025-04-12 00:24:56.500 [info] > git status -z -uall [55ms]
2025-04-12 00:25:01.513 [info] > git config --get commit.template [2ms]
2025-04-12 00:25:01.517 [info] > git for-each-ref --format=%(refname)%00%(upstream:short)%00%(objectname)%00%(upstream:track)%00%(upstream:remotename)%00%(upstream:remoteref) refs/heads/main refs/remotes/main [2ms]
2025-04-12 00:25:01.524 [info] > git for-each-ref --sort -committerdate --format %(refname) %(objectname) %(*objectname) [2ms]
2025-04-12 00:25:01.575 [info] > git status -z -uall [56ms]
2025-04-12 00:25:06.587 [info] > git config --get commit.template [3ms]
2025-04-12 00:25:06.588 [info] > git for-each-ref --format=%(refname)%00%(upstream:short)%00%(objectname)%00%(upstream:track)%00%(upstream:remotename)%00%(upstream:remoteref) refs/heads/main refs/remotes/main [2ms]
2025-04-12 00:25:06.595 [info] > git for-each-ref --sort -committerdate --format %(refname) %(objectname) %(*objectname) [2ms]
2025-04-12 00:25:06.645 [info] > git status -z -uall [54ms]
2025-04-12 00:25:11.659 [info] > git config --get commit.template [3ms]
2025-04-12 00:25:11.660 [info] > git for-each-ref --format=%(refname)%00%(upstream:short)%00%(objectname)%00%(upstream:track)%00%(upstream:remotename)%00%(upstream:remoteref) refs/heads/main refs/remotes/main [1ms]
2025-04-12 00:25:11.668 [info] > git for-each-ref --sort -committerdate --format %(refname) %(objectname) %(*objectname) [2ms]
2025-04-12 00:25:11.719 [info] > git status -z -uall [56ms]
2025-04-12 00:25:16.730 [info] > git config --get commit.template [3ms]
2025-04-12 00:25:16.731 [info] > git for-each-ref --format=%(refname)%00%(upstream:short)%00%(objectname)%00%(upstream:track)%00%(upstream:remotename)%00%(upstream:remoteref) refs/heads/main refs/remotes/main [2ms]
2025-04-12 00:25:16.748 [info] > git for-each-ref --sort -committerdate --format %(refname) %(objectname) %(*objectname) [10ms]
2025-04-12 00:25:16.788 [info] > git status -z -uall [54ms]
2025-04-12 00:25:21.801 [info] > git config --get commit.template [3ms]
2025-04-12 00:25:21.802 [info] > git for-each-ref --format=%(refname)%00%(upstream:short)%00%(objectname)%00%(upstream:track)%00%(upstream:remotename)%00%(upstream:remoteref) refs/heads/main refs/remotes/main [2ms]
2025-04-12 00:25:21.818 [info] > git for-each-ref --sort -committerdate --format %(refname) %(objectname) %(*objectname) [11ms]
2025-04-12 00:25:21.860 [info] > git status -z -uall [55ms]
2025-04-12 00:25:26.875 [info] > git config --get commit.template [3ms]
2025-04-12 00:25:26.876 [info] > git for-each-ref --format=%(refname)%00%(upstream:short)%00%(objectname)%00%(upstream:track)%00%(upstream:remotename)%00%(upstream:remoteref) refs/heads/main refs/remotes/main [2ms]
2025-04-12 00:25:26.891 [info] > git for-each-ref --sort -committerdate --format %(refname) %(objectname) %(*objectname) [10ms]
2025-04-12 00:25:26.932 [info] > git status -z -uall [53ms]
2025-04-12 00:25:31.946 [info] > git config --get commit.template [3ms]
2025-04-12 00:25:31.947 [info] > git for-each-ref --format=%(refname)%00%(upstream:short)%00%(objectname)%00%(upstream:track)%00%(upstream:remotename)%00%(upstream:remoteref) refs/heads/main refs/remotes/main [2ms]
2025-04-12 00:25:31.958 [info] > git for-each-ref --sort -committerdate --format %(refname) %(objectname) %(*objectname) [5ms]
2025-04-12 00:25:32.005 [info] > git status -z -uall [55ms]
2025-04-12 00:25:37.020 [info] > git config --get commit.template [4ms]
2025-04-12 00:25:37.021 [info] > git for-each-ref --format=%(refname)%00%(upstream:short)%00%(objectname)%00%(upstream:track)%00%(upstream:remotename)%00%(upstream:remoteref) refs/heads/main refs/remotes/main [2ms]
2025-04-12 00:25:37.034 [info] > git for-each-ref --sort -committerdate --format %(refname) %(objectname) %(*objectname) [7ms]
2025-04-12 00:25:37.080 [info] > git status -z -uall [56ms]
2025-04-12 00:25:42.094 [info] > git config --get commit.template [3ms]
2025-04-12 00:25:42.094 [info] > git for-each-ref --format=%(refname)%00%(upstream:short)%00%(objectname)%00%(upstream:track)%00%(upstream:remotename)%00%(upstream:remoteref) refs/heads/main refs/remotes/main [1ms]
2025-04-12 00:25:42.111 [info] > git for-each-ref --sort -committerdate --format %(refname) %(objectname) %(*objectname) [12ms]
2025-04-12 00:25:42.151 [info] > git status -z -uall [54ms]
2025-04-12 00:25:47.164 [info] > git config --get commit.template [3ms]
2025-04-12 00:25:47.165 [info] > git for-each-ref --format=%(refname)%00%(upstream:short)%00%(objectname)%00%(upstream:track)%00%(upstream:remotename)%00%(upstream:remoteref) refs/heads/main refs/remotes/main [2ms]
2025-04-12 00:25:47.181 [info] > git for-each-ref --sort -committerdate --format %(refname) %(objectname) %(*objectname) [10ms]
2025-04-12 00:25:47.223 [info] > git status -z -uall [55ms]
2025-04-12 00:25:52.237 [info] > git config --get commit.template [4ms]
2025-04-12 00:25:52.238 [info] > git for-each-ref --format=%(refname)%00%(upstream:short)%00%(objectname)%00%(upstream:track)%00%(upstream:remotename)%00%(upstream:remoteref) refs/heads/main refs/remotes/main [2ms]
2025-04-12 00:25:52.247 [info] > git for-each-ref --sort -committerdate --format %(refname) %(objectname) %(*objectname) [3ms]
2025-04-12 00:25:52.296 [info] > git status -z -uall [56ms]
2025-04-12 00:25:57.307 [info] > git config --get commit.template [4ms]
2025-04-12 00:25:57.308 [info] > git for-each-ref --format=%(refname)%00%(upstream:short)%00%(objectname)%00%(upstream:track)%00%(upstream:remotename)%00%(upstream:remoteref) refs/heads/main refs/remotes/main [2ms]
2025-04-12 00:25:57.322 [info] > git for-each-ref --sort -committerdate --format %(refname) %(objectname) %(*objectname) [9ms]
2025-04-12 00:25:57.365 [info] > git status -z -uall [55ms]
2025-04-12 00:26:02.377 [info] > git config --get commit.template [3ms]
2025-04-12 00:26:02.378 [info] > git for-each-ref --format=%(refname)%00%(upstream:short)%00%(objectname)%00%(upstream:track)%00%(upstream:remotename)%00%(upstream:remoteref) refs/heads/main refs/remotes/main [1ms]
2025-04-12 00:26:02.386 [info] > git for-each-ref --sort -committerdate --format %(refname) %(objectname) %(*objectname) [1ms]
2025-04-12 00:26:02.435 [info] > git status -z -uall [54ms]
2025-04-12 00:26:07.448 [info] > git config --get commit.template [3ms]
2025-04-12 00:26:07.449 [info] > git for-each-ref --format=%(refname)%00%(upstream:short)%00%(objectname)%00%(upstream:track)%00%(upstream:remotename)%00%(upstream:remoteref) refs/heads/main refs/remotes/main [1ms]
2025-04-12 00:26:07.463 [info] > git for-each-ref --sort -committerdate --format %(refname) %(objectname) %(*objectname) [9ms]
2025-04-12 00:26:07.511 [info] > git status -z -uall [58ms]
2025-04-12 00:26:12.524 [info] > git config --get commit.template [4ms]
2025-04-12 00:26:12.525 [info] > git for-each-ref --format=%(refname)%00%(upstream:short)%00%(objectname)%00%(upstream:track)%00%(upstream:remotename)%00%(upstream:remoteref) refs/heads/main refs/remotes/main [2ms]
2025-04-12 00:26:12.542 [info] > git for-each-ref --sort -committerdate --format %(refname) %(objectname) %(*objectname) [11ms]
2025-04-12 00:26:12.588 [info] > git status -z -uall [60ms]
2025-04-12 00:26:17.602 [info] > git config --get commit.template [4ms]
2025-04-12 00:26:17.603 [info] > git for-each-ref --format=%(refname)%00%(upstream:short)%00%(objectname)%00%(upstream:track)%00%(upstream:remotename)%00%(upstream:remoteref) refs/heads/main refs/remotes/main [1ms]
2025-04-12 00:26:17.611 [info] > git for-each-ref --sort -committerdate --format %(refname) %(objectname) %(*objectname) [2ms]
2025-04-12 00:26:17.663 [info] > git status -z -uall [57ms]
2025-04-12 00:26:22.676 [info] > git config --get commit.template [4ms]
2025-04-12 00:26:22.677 [info] > git for-each-ref --format=%(refname)%00%(upstream:short)%00%(objectname)%00%(upstream:track)%00%(upstream:remotename)%00%(upstream:remoteref) refs/heads/main refs/remotes/main [2ms]
2025-04-12 00:26:22.687 [info] > git for-each-ref --sort -committerdate --format %(refname) %(objectname) %(*objectname) [5ms]
2025-04-12 00:26:22.733 [info] > git status -z -uall [54ms]
2025-04-12 00:26:27.746 [info] > git config --get commit.template [4ms]
2025-04-12 00:26:27.747 [info] > git for-each-ref --format=%(refname)%00%(upstream:short)%00%(objectname)%00%(upstream:track)%00%(upstream:remotename)%00%(upstream:remoteref) refs/heads/main refs/remotes/main [2ms]
2025-04-12 00:26:27.754 [info] > git for-each-ref --sort -committerdate --format %(refname) %(objectname) %(*objectname) [2ms]
2025-04-12 00:26:27.802 [info] > git status -z -uall [53ms]
2025-04-12 00:26:32.816 [info] > git config --get commit.template [3ms]
2025-04-12 00:26:32.818 [info] > git for-each-ref --format=%(refname)%00%(upstream:short)%00%(objectname)%00%(upstream:track)%00%(upstream:remotename)%00%(upstream:remoteref) refs/heads/main refs/remotes/main [1ms]
2025-04-12 00:26:32.832 [info] > git for-each-ref --sort -committerdate --format %(refname) %(objectname) %(*objectname) [9ms]
2025-04-12 00:26:32.875 [info] > git status -z -uall [55ms]
2025-04-12 00:26:37.889 [info] > git config --get commit.template [3ms]
2025-04-12 00:26:37.890 [info] > git for-each-ref --format=%(refname)%00%(upstream:short)%00%(objectname)%00%(upstream:track)%00%(upstream:remotename)%00%(upstream:remoteref) refs/heads/main refs/remotes/main [1ms]
2025-04-12 00:26:37.897 [info] > git for-each-ref --sort -committerdate --format %(refname) %(objectname) %(*objectname) [2ms]
2025-04-12 00:26:37.946 [info] > git status -z -uall [54ms]
2025-04-12 00:26:42.958 [info] > git config --get commit.template [3ms]
2025-04-12 00:26:42.960 [info] > git for-each-ref --format=%(refname)%00%(upstream:short)%00%(objectname)%00%(upstream:track)%00%(upstream:remotename)%00%(upstream:remoteref) refs/heads/main refs/remotes/main [2ms]
2025-04-12 00:26:42.977 [info] > git for-each-ref --sort -committerdate --format %(refname) %(objectname) %(*objectname) [9ms]
2025-04-12 00:26:43.020 [info] > git status -z -uall [57ms]
2025-04-12 00:26:48.034 [info] > git config --get commit.template [4ms]
2025-04-12 00:26:48.034 [info] > git for-each-ref --format=%(refname)%00%(upstream:short)%00%(objectname)%00%(upstream:track)%00%(upstream:remotename)%00%(upstream:remoteref) refs/heads/main refs/remotes/main [2ms]
2025-04-12 00:26:48.041 [info] > git for-each-ref --sort -committerdate --format %(refname) %(objectname) %(*objectname) [2ms]
2025-04-12 00:26:48.096 [info] > git status -z -uall [59ms]
2025-04-12 00:26:53.109 [info] > git config --get commit.template [1ms]
2025-04-12 00:26:53.115 [info] > git for-each-ref --format=%(refname)%00%(upstream:short)%00%(objectname)%00%(upstream:track)%00%(upstream:remotename)%00%(upstream:remoteref) refs/heads/main refs/remotes/main [2ms]
2025-04-12 00:26:53.123 [info] > git for-each-ref --sort -committerdate --format %(refname) %(objectname) %(*objectname) [2ms]
2025-04-12 00:26:53.173 [info] > git status -z -uall [54ms]
2025-04-12 00:26:58.188 [info] > git config --get commit.template [4ms]
2025-04-12 00:26:58.189 [info] > git for-each-ref --format=%(refname)%00%(upstream:short)%00%(objectname)%00%(upstream:track)%00%(upstream:remotename)%00%(upstream:remoteref) refs/heads/main refs/remotes/main [2ms]
2025-04-12 00:26:58.196 [info] > git for-each-ref --sort -committerdate --format %(refname) %(objectname) %(*objectname) [2ms]
2025-04-12 00:26:58.246 [info] > git status -z -uall [54ms]
2025-04-12 00:27:03.261 [info] > git config --get commit.template [5ms]
2025-04-12 00:27:03.261 [info] > git for-each-ref --format=%(refname)%00%(upstream:short)%00%(objectname)%00%(upstream:track)%00%(upstream:remotename)%00%(upstream:remoteref) refs/heads/main refs/remotes/main [2ms]
2025-04-12 00:27:03.278 [info] > git for-each-ref --sort -committerdate --format %(refname) %(objectname) %(*objectname) [11ms]
2025-04-12 00:27:03.321 [info] > git status -z -uall [57ms]
2025-04-12 00:27:08.334 [info] > git config --get commit.template [3ms]
2025-04-12 00:27:08.335 [info] > git for-each-ref --format=%(refname)%00%(upstream:short)%00%(objectname)%00%(upstream:track)%00%(upstream:remotename)%00%(upstream:remoteref) refs/heads/main refs/remotes/main [1ms]
2025-04-12 00:27:08.342 [info] > git for-each-ref --sort -committerdate --format %(refname) %(objectname) %(*objectname) [2ms]
2025-04-12 00:27:08.393 [info] > git status -z -uall [55ms]
2025-04-12 00:27:13.409 [info] > git config --get commit.template [3ms]
2025-04-12 00:27:13.410 [info] > git for-each-ref --format=%(refname)%00%(upstream:short)%00%(objectname)%00%(upstream:track)%00%(upstream:remotename)%00%(upstream:remoteref) refs/heads/main refs/remotes/main [1ms]
2025-04-12 00:27:13.424 [info] > git for-each-ref --sort -committerdate --format %(refname) %(objectname) %(*objectname) [9ms]
2025-04-12 00:27:13.467 [info] > git status -z -uall [54ms]
2025-04-12 00:27:18.479 [info] > git config --get commit.template [3ms]
2025-04-12 00:27:18.480 [info] > git for-each-ref --format=%(refname)%00%(upstream:short)%00%(objectname)%00%(upstream:track)%00%(upstream:remotename)%00%(upstream:remoteref) refs/heads/main refs/remotes/main [1ms]
2025-04-12 00:27:18.492 [info] > git for-each-ref --sort -committerdate --format %(refname) %(objectname) %(*objectname) [6ms]
2025-04-12 00:27:18.539 [info] > git status -z -uall [56ms]
2025-04-12 00:27:23.552 [info] > git config --get commit.template [3ms]
2025-04-12 00:27:23.553 [info] > git for-each-ref --format=%(refname)%00%(upstream:short)%00%(objectname)%00%(upstream:track)%00%(upstream:remotename)%00%(upstream:remoteref) refs/heads/main refs/remotes/main [2ms]
2025-04-12 00:27:23.560 [info] > git for-each-ref --sort -committerdate --format %(refname) %(objectname) %(*objectname) [2ms]
2025-04-12 00:27:23.611 [info] > git status -z -uall [55ms]
2025-04-12 00:27:28.623 [info] > git config --get commit.template [3ms]
2025-04-12 00:27:28.624 [info] > git for-each-ref --format=%(refname)%00%(upstream:short)%00%(objectname)%00%(upstream:track)%00%(upstream:remotename)%00%(upstream:remoteref) refs/heads/main refs/remotes/main [1ms]
2025-04-12 00:27:28.641 [info] > git for-each-ref --sort -committerdate --format %(refname) %(objectname) %(*objectname) [11ms]
2025-04-12 00:27:28.682 [info] > git status -z -uall [53ms]
2025-04-12 00:27:33.694 [info] > git config --get commit.template [4ms]
2025-04-12 00:27:33.696 [info] > git for-each-ref --format=%(refname)%00%(upstream:short)%00%(objectname)%00%(upstream:track)%00%(upstream:remotename)%00%(upstream:remoteref) refs/heads/main refs/remotes/main [2ms]
2025-04-12 00:27:33.711 [info] > git for-each-ref --sort -committerdate --format %(refname) %(objectname) %(*objectname) [9ms]
2025-04-12 00:27:33.757 [info] > git status -z -uall [58ms]
2025-04-12 00:27:38.770 [info] > git config --get commit.template [3ms]
2025-04-12 00:27:38.771 [info] > git for-each-ref --format=%(refname)%00%(upstream:short)%00%(objectname)%00%(upstream:track)%00%(upstream:remotename)%00%(upstream:remoteref) refs/heads/main refs/remotes/main [1ms]
2025-04-12 00:27:38.785 [info] > git for-each-ref --sort -committerdate --format %(refname) %(objectname) %(*objectname) [9ms]
2025-04-12 00:27:38.827 [info] > git status -z -uall [53ms]
2025-04-12 00:27:43.838 [info] > git config --get commit.template [3ms]
2025-04-12 00:27:43.840 [info] > git for-each-ref --format=%(refname)%00%(upstream:short)%00%(objectname)%00%(upstream:track)%00%(upstream:remotename)%00%(upstream:remoteref) refs/heads/main refs/remotes/main [1ms]
2025-04-12 00:27:43.847 [info] > git for-each-ref --sort -committerdate --format %(refname) %(objectname) %(*objectname) [0ms]
2025-04-12 00:27:43.899 [info] > git status -z -uall [56ms]
2025-04-12 00:27:48.911 [info] > git config --get commit.template [4ms]
2025-04-12 00:27:48.912 [info] > git for-each-ref --format=%(refname)%00%(upstream:short)%00%(objectname)%00%(upstream:track)%00%(upstream:remotename)%00%(upstream:remoteref) refs/heads/main refs/remotes/main [2ms]
2025-04-12 00:27:48.919 [info] > git for-each-ref --sort -committerdate --format %(refname) %(objectname) %(*objectname) [2ms]
2025-04-12 00:27:48.969 [info] > git status -z -uall [55ms]
2025-04-12 00:27:53.982 [info] > git config --get commit.template [3ms]
2025-04-12 00:27:53.983 [info] > git for-each-ref --format=%(refname)%00%(upstream:short)%00%(objectname)%00%(upstream:track)%00%(upstream:remotename)%00%(upstream:remoteref) refs/heads/main refs/remotes/main [1ms]
2025-04-12 00:27:53.998 [info] > git for-each-ref --sort -committerdate --format %(refname) %(objectname) %(*objectname) [10ms]
2025-04-12 00:27:54.047 [info] > git status -z -uall [61ms]
2025-04-12 00:27:59.060 [info] > git config --get commit.template [3ms]
2025-04-12 00:27:59.061 [info] > git for-each-ref --format=%(refname)%00%(upstream:short)%00%(objectname)%00%(upstream:track)%00%(upstream:remotename)%00%(upstream:remoteref) refs/heads/main refs/remotes/main [2ms]
2025-04-12 00:27:59.077 [info] > git for-each-ref --sort -committerdate --format %(refname) %(objectname) %(*objectname) [11ms]
2025-04-12 00:27:59.118 [info] > git status -z -uall [54ms]
2025-04-12 00:28:04.133 [info] > git config --get commit.template [4ms]
2025-04-12 00:28:04.133 [info] > git for-each-ref --format=%(refname)%00%(upstream:short)%00%(objectname)%00%(upstream:track)%00%(upstream:remotename)%00%(upstream:remoteref) refs/heads/main refs/remotes/main [1ms]
2025-04-12 00:28:04.141 [info] > git for-each-ref --sort -committerdate --format %(refname) %(objectname) %(*objectname) [2ms]
2025-04-12 00:28:04.190 [info] > git status -z -uall [54ms]
2025-04-12 00:28:09.204 [info] > git config --get commit.template [3ms]
2025-04-12 00:28:09.205 [info] > git for-each-ref --format=%(refname)%00%(upstream:short)%00%(objectname)%00%(upstream:track)%00%(upstream:remotename)%00%(upstream:remoteref) refs/heads/main refs/remotes/main [2ms]
2025-04-12 00:28:09.218 [info] > git for-each-ref --sort -committerdate --format %(refname) %(objectname) %(*objectname) [7ms]
2025-04-12 00:28:09.262 [info] > git status -z -uall [54ms]
2025-04-12 00:28:14.277 [info] > git config --get commit.template [3ms]
2025-04-12 00:28:14.278 [info] > git for-each-ref --format=%(refname)%00%(upstream:short)%00%(objectname)%00%(upstream:track)%00%(upstream:remotename)%00%(upstream:remoteref) refs/heads/main refs/remotes/main [2ms]
2025-04-12 00:28:14.289 [info] > git for-each-ref --sort -committerdate --format %(refname) %(objectname) %(*objectname) [7ms]
2025-04-12 00:28:14.334 [info] > git status -z -uall [54ms]
2025-04-12 00:28:19.347 [info] > git config --get commit.template [4ms]
2025-04-12 00:28:19.347 [info] > git for-each-ref --format=%(refname)%00%(upstream:short)%00%(objectname)%00%(upstream:track)%00%(upstream:remotename)%00%(upstream:remoteref) refs/heads/main refs/remotes/main [2ms]
2025-04-12 00:28:19.353 [info] > git for-each-ref --sort -committerdate --format %(refname) %(objectname) %(*objectname) [1ms]
2025-04-12 00:28:19.407 [info] > git status -z -uall [57ms]
2025-04-12 00:28:24.419 [info] > git config --get commit.template [4ms]
2025-04-12 00:28:24.420 [info] > git for-each-ref --format=%(refname)%00%(upstream:short)%00%(objectname)%00%(upstream:track)%00%(upstream:remotename)%00%(upstream:remoteref) refs/heads/main refs/remotes/main [2ms]
2025-04-12 00:28:24.427 [info] > git for-each-ref --sort -committerdate --format %(refname) %(objectname) %(*objectname) [2ms]
2025-04-12 00:28:24.478 [info] > git status -z -uall [55ms]
2025-04-12 00:28:29.490 [info] > git config --get commit.template [3ms]
2025-04-12 00:28:29.491 [info] > git for-each-ref --format=%(refname)%00%(upstream:short)%00%(objectname)%00%(upstream:track)%00%(upstream:remotename)%00%(upstream:remoteref) refs/heads/main refs/remotes/main [1ms]
2025-04-12 00:28:29.502 [info] > git for-each-ref --sort -committerdate --format %(refname) %(objectname) %(*objectname) [2ms]
2025-04-12 00:28:29.548 [info] > git status -z -uall [54ms]
2025-04-12 00:28:34.561 [info] > git config --get commit.template [3ms]
2025-04-12 00:28:34.562 [info] > git for-each-ref --format=%(refname)%00%(upstream:short)%00%(objectname)%00%(upstream:track)%00%(upstream:remotename)%00%(upstream:remoteref) refs/heads/main refs/remotes/main [1ms]
2025-04-12 00:28:34.569 [info] > git for-each-ref --sort -committerdate --format %(refname) %(objectname) %(*objectname) [2ms]
2025-04-12 00:28:34.622 [info] > git status -z -uall [57ms]
2025-04-12 00:28:39.635 [info] > git config --get commit.template [3ms]
2025-04-12 00:28:39.637 [info] > git for-each-ref --format=%(refname)%00%(upstream:short)%00%(objectname)%00%(upstream:track)%00%(upstream:remotename)%00%(upstream:remoteref) refs/heads/main refs/remotes/main [2ms]
2025-04-12 00:28:39.650 [info] > git for-each-ref --sort -committerdate --format %(refname) %(objectname) %(*objectname) [9ms]
2025-04-12 00:28:39.693 [info] > git status -z -uall [54ms]
2025-04-12 00:28:44.707 [info] > git config --get commit.template [3ms]
2025-04-12 00:28:44.709 [info] > git for-each-ref --format=%(refname)%00%(upstream:short)%00%(objectname)%00%(upstream:track)%00%(upstream:remotename)%00%(upstream:remoteref) refs/heads/main refs/remotes/main [2ms]
2025-04-12 00:28:44.721 [info] > git for-each-ref --sort -committerdate --format %(refname) %(objectname) %(*objectname) [8ms]
2025-04-12 00:28:44.766 [info] > git status -z -uall [55ms]
2025-04-12 00:28:49.779 [info] > git config --get commit.template [4ms]
2025-04-12 00:28:49.780 [info] > git for-each-ref --format=%(refname)%00%(upstream:short)%00%(objectname)%00%(upstream:track)%00%(upstream:remotename)%00%(upstream:remoteref) refs/heads/main refs/remotes/main [1ms]
2025-04-12 00:28:49.789 [info] > git for-each-ref --sort -committerdate --format %(refname) %(objectname) %(*objectname) [3ms]
2025-04-12 00:28:49.839 [info] > git status -z -uall [57ms]
2025-04-12 00:28:54.850 [info] > git config --get commit.template [3ms]
2025-04-12 00:28:54.851 [info] > git for-each-ref --format=%(refname)%00%(upstream:short)%00%(objectname)%00%(upstream:track)%00%(upstream:remotename)%00%(upstream:remoteref) refs/heads/main refs/remotes/main [2ms]
2025-04-12 00:28:54.858 [info] > git for-each-ref --sort -committerdate --format %(refname) %(objectname) %(*objectname) [2ms]
2025-04-12 00:28:54.907 [info] > git status -z -uall [53ms]
2025-04-12 00:28:59.921 [info] > git config --get commit.template [4ms]
2025-04-12 00:28:59.924 [info] > git for-each-ref --format=%(refname)%00%(upstream:short)%00%(objectname)%00%(upstream:track)%00%(upstream:remotename)%00%(upstream:remoteref) refs/heads/main refs/remotes/main [4ms]
2025-04-12 00:28:59.931 [info] > git for-each-ref --sort -committerdate --format %(refname) %(objectname) %(*objectname) [2ms]
2025-04-12 00:28:59.985 [info] > git status -z -uall [59ms]
2025-04-12 00:29:04.998 [info] > git config --get commit.template [4ms]
2025-04-12 00:29:04.999 [info] > git for-each-ref --format=%(refname)%00%(upstream:short)%00%(objectname)%00%(upstream:track)%00%(upstream:remotename)%00%(upstream:remoteref) refs/heads/main refs/remotes/main [2ms]
2025-04-12 00:29:05.006 [info] > git for-each-ref --sort -committerdate --format %(refname) %(objectname) %(*objectname) [2ms]
2025-04-12 00:29:05.058 [info] > git status -z -uall [57ms]
