2025-04-11 04:35:37.089 [info] [main] Log level: Info
2025-04-11 04:35:37.089 [info] [main] Validating found git in: "git"
2025-04-11 04:35:37.089 [info] [main] Using git "2.34.1" from "git"
2025-04-11 04:35:37.089 [info] [Model][doInitialScan] Initial repository scan started
2025-04-11 04:35:37.089 [info] > git rev-parse --show-toplevel [43ms]
2025-04-11 04:35:37.089 [info] > git rev-parse --git-dir --git-common-dir [2ms]
2025-04-11 04:35:37.089 [info] [Model][openRepository] Opened repository: /home/student
2025-04-11 04:35:37.089 [info] > git rev-parse --show-toplevel [5ms]
2025-04-11 04:35:37.089 [info] > git config --get commit.template [9ms]
2025-04-11 04:35:37.089 [info] > git rev-parse --show-toplevel [1ms]
2025-04-11 04:35:37.089 [info] > git rev-parse --show-toplevel [1ms]
2025-04-11 04:35:37.089 [info] > git rev-parse --show-toplevel [1ms]
2025-04-11 04:35:37.089 [info] > git rev-parse --show-toplevel [1ms]
2025-04-11 04:35:37.089 [info] [Model][doInitialScan] Initial repository scan completed - repositories (1), closed repositories (0), parent repositories (0), unsafe repositories (0)
2025-04-11 04:35:37.089 [info] > git for-each-ref --format=%(refname)%00%(upstream:short)%00%(objectname)%00%(upstream:track)%00%(upstream:remotename)%00%(upstream:remoteref) refs/heads/main refs/remotes/main [37ms]
2025-04-11 04:35:37.089 [info] > git for-each-ref --sort -committerdate --format %(refname) %(objectname) %(*objectname) [2ms]
2025-04-11 04:35:37.275 [info] > git status -z -uall [195ms]
2025-04-11 04:35:37.501 [info] > git for-each-ref --format=%(refname)%00%(upstream:short)%00%(objectname)%00%(upstream:track)%00%(upstream:remotename)%00%(upstream:remoteref) refs/heads/main refs/remotes/main [107ms]
2025-04-11 04:35:37.512 [info] > git config --get --local branch.main.vscode-merge-base [3ms]
2025-04-11 04:35:37.513 [warning] [Git][config] git config failed: Failed to execute git
2025-04-11 04:35:37.518 [info] > git config --get commit.template [18ms]
2025-04-11 04:35:37.524 [info] > git for-each-ref --format=%(refname)%00%(upstream:short)%00%(objectname)%00%(upstream:track)%00%(upstream:remotename)%00%(upstream:remoteref) refs/heads/main refs/remotes/main [2ms]
2025-04-11 04:35:37.542 [info] > git for-each-ref --sort -committerdate --format %(refname) %(objectname) %(*objectname) [11ms]
2025-04-11 04:35:37.549 [info] > git reflog main --grep-reflog=branch: Created from *. [31ms]
2025-04-11 04:35:37.558 [info] > git symbolic-ref --short refs/remotes/origin/HEAD [5ms]
2025-04-11 04:35:37.558 [info] fatal: ref refs/remotes/origin/HEAD is not a symbolic ref
2025-04-11 04:35:37.558 [warning] [Repository][getDefaultBranch] Failed to get default branch details: Failed to execute git.
2025-04-11 04:35:37.564 [info] > git merge-base refs/heads/main refs/remotes/origin/main [2ms]
2025-04-11 04:35:37.569 [info] > git diff --name-status -z --diff-filter=ADMR 73250b902b6c038d6bd3d5f9ba8021d108414f79...refs/remotes/origin/main [2ms]
2025-04-11 04:35:37.591 [info] > git status -z -uall [63ms]
2025-04-11 04:35:38.028 [info] > git check-ignore -v -z --stdin [17ms]
2025-04-11 04:46:26.700 [info] > git check-ignore -v -z --stdin [4ms]
2025-04-11 04:57:41.116 [info] > git check-ignore -v -z --stdin [4ms]
2025-04-11 05:08:09.521 [info] > git check-ignore -v -z --stdin [4ms]
2025-04-11 05:13:20.837 [info] > git show --textconv :Engr212_Tsegay_Asmerom/Lab9/view_directory.sh [4ms]
2025-04-11 05:13:20.841 [info] > git ls-files --stage -- Engr212_Tsegay_Asmerom/Lab9/view_directory.sh [5ms]
2025-04-11 05:13:20.843 [info] > git hash-object -t tree /dev/null [3ms]
2025-04-11 05:13:20.844 [warning] [GitFileSystemProvider][readFile] File not found - git:/home/student/Engr212_Tsegay_Asmerom/Lab9/view_directory.sh.git?%7B%22path%22%3A%22%2Fhome%2Fstudent%2FEngr212_Tsegay_Asmerom%2FLab9%2Fview_directory.sh%22%2C%22ref%22%3A%22%22%7D
2025-04-11 05:13:20.846 [info] > git hash-object -t tree /dev/null [3ms]
2025-04-11 05:13:20.847 [warning] [GitFileSystemProvider][stat] File not found - git:/home/student/Engr212_Tsegay_Asmerom/Lab9/view_directory.sh.git?%7B%22path%22%3A%22%2Fhome%2Fstudent%2FEngr212_Tsegay_Asmerom%2FLab9%2Fview_directory.sh%22%2C%22ref%22%3A%22%22%7D
2025-04-11 05:16:43.974 [info] > git blame --root --incremental 73250b902b6c038d6bd3d5f9ba8021d108414f79 -- Engr212_Tsegay_Asmerom/Lab9/view_directory.sh [2ms]
2025-04-11 05:16:43.974 [info] fatal: no such path Engr212_Tsegay_Asmerom/Lab9/view_directory.sh in 73250b902b6c038d6bd3d5f9ba8021d108414f79
