2025-04-05 20:52:35.308 [info] [main] Log level: Info
2025-04-05 20:52:35.308 [info] [main] Validating found git in: "git"
2025-04-05 20:52:35.308 [info] [main] Using git "2.34.1" from "git"
2025-04-05 20:52:35.308 [info] [Model][doInitialScan] Initial repository scan started
2025-04-05 20:52:35.308 [info] > git rev-parse --show-toplevel [27ms]
2025-04-05 20:52:35.308 [info] > git rev-parse --git-dir --git-common-dir [2ms]
2025-04-05 20:52:35.308 [info] [Model][openRepository] Opened repository: /home/student
2025-04-05 20:52:35.308 [info] > git config --get commit.template [8ms]
2025-04-05 20:52:35.308 [info] > git rev-parse --show-toplevel [6ms]
2025-04-05 20:52:35.308 [info] > git rev-parse --show-toplevel [6ms]
2025-04-05 20:52:35.308 [info] > git rev-parse --show-toplevel [1ms]
2025-04-05 20:52:35.312 [info] > git rev-parse --show-toplevel [1ms]
2025-04-05 20:52:35.315 [info] [Model][doInitialScan] Initial repository scan completed - repositories (1), closed repositories (0), parent repositories (0), unsafe repositories (0)
2025-04-05 20:52:35.319 [info] > git for-each-ref --format=%(refname)%00%(upstream:short)%00%(objectname)%00%(upstream:track)%00%(upstream:remotename)%00%(upstream:remoteref) refs/heads/main refs/remotes/main [26ms]
2025-04-05 20:52:35.327 [info] > git for-each-ref --sort -committerdate --format %(refname) %(objectname) %(*objectname) [2ms]
2025-04-05 20:52:35.548 [info] > git status -z -uall [226ms]
2025-04-05 20:52:35.699 [info] > git for-each-ref --format=%(refname)%00%(upstream:short)%00%(objectname)%00%(upstream:track)%00%(upstream:remotename)%00%(upstream:remoteref) refs/heads/main refs/remotes/main [34ms]
2025-04-05 20:52:35.703 [info] > git config --get commit.template [4ms]
2025-04-05 20:52:35.703 [info] > git config --get --local branch.main.vscode-merge-base [2ms]
2025-04-05 20:52:35.703 [warning] [Git][config] git config failed: Failed to execute git
2025-04-05 20:52:35.709 [info] > git for-each-ref --format=%(refname)%00%(upstream:short)%00%(objectname)%00%(upstream:track)%00%(upstream:remotename)%00%(upstream:remoteref) refs/heads/main refs/remotes/main [1ms]
2025-04-05 20:52:35.718 [info] > git for-each-ref --sort -committerdate --format %(refname) %(objectname) %(*objectname) [3ms]
2025-04-05 20:52:35.731 [info] > git reflog main --grep-reflog=branch: Created from *. [25ms]
2025-04-05 20:52:35.738 [info] > git symbolic-ref --short refs/remotes/origin/HEAD [5ms]
2025-04-05 20:52:35.738 [info] fatal: ref refs/remotes/origin/HEAD is not a symbolic ref
2025-04-05 20:52:35.738 [warning] [Repository][getDefaultBranch] Failed to get default branch details: Failed to execute git.
2025-04-05 20:52:35.743 [info] > git merge-base refs/heads/main refs/remotes/origin/main [2ms]
2025-04-05 20:52:35.748 [info] > git diff --name-status -z --diff-filter=ADMR 73250b902b6c038d6bd3d5f9ba8021d108414f79...refs/remotes/origin/main [2ms]
2025-04-05 20:52:35.769 [info] > git status -z -uall [57ms]
2025-04-05 20:52:35.860 [info] > git check-ignore -v -z --stdin [9ms]
2025-04-05 20:52:38.847 [info] > git config --get commit.template [3ms]
2025-04-05 20:52:38.848 [info] > git for-each-ref --format=%(refname)%00%(upstream:short)%00%(objectname)%00%(upstream:track)%00%(upstream:remotename)%00%(upstream:remoteref) refs/heads/main refs/remotes/main [1ms]
2025-04-05 20:52:38.863 [info] > git for-each-ref --sort -committerdate --format %(refname) %(objectname) %(*objectname) [9ms]
2025-04-05 20:52:38.904 [info] > git status -z -uall [54ms]
2025-04-05 20:52:40.712 [info] > git check-ignore -v -z --stdin [6ms]
2025-04-05 20:52:43.916 [info] > git config --get commit.template [4ms]
2025-04-05 20:52:43.917 [info] > git for-each-ref --format=%(refname)%00%(upstream:short)%00%(objectname)%00%(upstream:track)%00%(upstream:remotename)%00%(upstream:remoteref) refs/heads/main refs/remotes/main [2ms]
2025-04-05 20:52:43.931 [info] > git for-each-ref --sort -committerdate --format %(refname) %(objectname) %(*objectname) [8ms]
2025-04-05 20:52:43.971 [info] > git status -z -uall [52ms]
2025-04-05 20:52:48.981 [info] > git config --get commit.template [3ms]
2025-04-05 20:52:48.982 [info] > git for-each-ref --format=%(refname)%00%(upstream:short)%00%(objectname)%00%(upstream:track)%00%(upstream:remotename)%00%(upstream:remoteref) refs/heads/main refs/remotes/main [1ms]
2025-04-05 20:52:48.988 [info] > git for-each-ref --sort -committerdate --format %(refname) %(objectname) %(*objectname) [2ms]
2025-04-05 20:52:49.036 [info] > git status -z -uall [52ms]
2025-04-05 20:52:54.046 [info] > git config --get commit.template [3ms]
2025-04-05 20:52:54.046 [info] > git for-each-ref --format=%(refname)%00%(upstream:short)%00%(objectname)%00%(upstream:track)%00%(upstream:remotename)%00%(upstream:remoteref) refs/heads/main refs/remotes/main [2ms]
2025-04-05 20:52:54.053 [info] > git for-each-ref --sort -committerdate --format %(refname) %(objectname) %(*objectname) [2ms]
2025-04-05 20:52:54.103 [info] > git status -z -uall [54ms]
2025-04-05 20:52:59.115 [info] > git config --get commit.template [3ms]
2025-04-05 20:52:59.116 [info] > git for-each-ref --format=%(refname)%00%(upstream:short)%00%(objectname)%00%(upstream:track)%00%(upstream:remotename)%00%(upstream:remoteref) refs/heads/main refs/remotes/main [2ms]
2025-04-05 20:52:59.127 [info] > git for-each-ref --sort -committerdate --format %(refname) %(objectname) %(*objectname) [7ms]
2025-04-05 20:52:59.171 [info] > git status -z -uall [52ms]
2025-04-05 20:53:04.180 [info] > git config --get commit.template [3ms]
2025-04-05 20:53:04.181 [info] > git for-each-ref --format=%(refname)%00%(upstream:short)%00%(objectname)%00%(upstream:track)%00%(upstream:remotename)%00%(upstream:remoteref) refs/heads/main refs/remotes/main [2ms]
2025-04-05 20:53:04.187 [info] > git for-each-ref --sort -committerdate --format %(refname) %(objectname) %(*objectname) [1ms]
2025-04-05 20:53:04.236 [info] > git status -z -uall [52ms]
2025-04-05 20:53:09.246 [info] > git config --get commit.template [3ms]
2025-04-05 20:53:09.247 [info] > git for-each-ref --format=%(refname)%00%(upstream:short)%00%(objectname)%00%(upstream:track)%00%(upstream:remotename)%00%(upstream:remoteref) refs/heads/main refs/remotes/main [2ms]
2025-04-05 20:53:09.253 [info] > git for-each-ref --sort -committerdate --format %(refname) %(objectname) %(*objectname) [2ms]
2025-04-05 20:53:09.301 [info] > git status -z -uall [52ms]
2025-04-05 20:53:14.313 [info] > git config --get commit.template [2ms]
2025-04-05 20:53:14.314 [info] > git for-each-ref --format=%(refname)%00%(upstream:short)%00%(objectname)%00%(upstream:track)%00%(upstream:remotename)%00%(upstream:remoteref) refs/heads/main refs/remotes/main [1ms]
2025-04-05 20:53:14.322 [info] > git for-each-ref --sort -committerdate --format %(refname) %(objectname) %(*objectname) [4ms]
2025-04-05 20:53:14.368 [info] > git status -z -uall [52ms]
2025-04-05 20:53:19.380 [info] > git config --get commit.template [3ms]
2025-04-05 20:53:19.381 [info] > git for-each-ref --format=%(refname)%00%(upstream:short)%00%(objectname)%00%(upstream:track)%00%(upstream:remotename)%00%(upstream:remoteref) refs/heads/main refs/remotes/main [1ms]
2025-04-05 20:53:19.397 [info] > git for-each-ref --sort -committerdate --format %(refname) %(objectname) %(*objectname) [8ms]
2025-04-05 20:53:19.439 [info] > git status -z -uall [55ms]
2025-04-05 20:53:24.453 [info] > git config --get commit.template [4ms]
2025-04-05 20:53:24.454 [info] > git for-each-ref --format=%(refname)%00%(upstream:short)%00%(objectname)%00%(upstream:track)%00%(upstream:remotename)%00%(upstream:remoteref) refs/heads/main refs/remotes/main [2ms]
2025-04-05 20:53:24.467 [info] > git for-each-ref --sort -committerdate --format %(refname) %(objectname) %(*objectname) [8ms]
2025-04-05 20:53:24.509 [info] > git status -z -uall [52ms]
2025-04-05 20:53:29.521 [info] > git config --get commit.template [4ms]
2025-04-05 20:53:29.522 [info] > git for-each-ref --format=%(refname)%00%(upstream:short)%00%(objectname)%00%(upstream:track)%00%(upstream:remotename)%00%(upstream:remoteref) refs/heads/main refs/remotes/main [2ms]
2025-04-05 20:53:29.528 [info] > git for-each-ref --sort -committerdate --format %(refname) %(objectname) %(*objectname) [2ms]
2025-04-05 20:53:29.576 [info] > git status -z -uall [52ms]
2025-04-05 20:54:54.599 [info] > git config --get commit.template [3ms]
2025-04-05 20:54:54.599 [info] > git for-each-ref --format=%(refname)%00%(upstream:short)%00%(objectname)%00%(upstream:track)%00%(upstream:remotename)%00%(upstream:remoteref) refs/heads/main refs/remotes/main [1ms]
2025-04-05 20:54:54.615 [info] > git for-each-ref --sort -committerdate --format %(refname) %(objectname) %(*objectname) [11ms]
2025-04-05 20:54:54.654 [info] > git status -z -uall [52ms]
2025-04-05 20:54:59.665 [info] > git config --get commit.template [4ms]
2025-04-05 20:54:59.665 [info] > git for-each-ref --format=%(refname)%00%(upstream:short)%00%(objectname)%00%(upstream:track)%00%(upstream:remotename)%00%(upstream:remoteref) refs/heads/main refs/remotes/main [1ms]
2025-04-05 20:54:59.671 [info] > git for-each-ref --sort -committerdate --format %(refname) %(objectname) %(*objectname) [1ms]
2025-04-05 20:54:59.720 [info] > git status -z -uall [52ms]
2025-04-05 20:57:14.975 [info] > git config --get commit.template [3ms]
2025-04-05 20:57:14.976 [info] > git for-each-ref --format=%(refname)%00%(upstream:short)%00%(objectname)%00%(upstream:track)%00%(upstream:remotename)%00%(upstream:remoteref) refs/heads/main refs/remotes/main [2ms]
2025-04-05 20:57:14.987 [info] > git for-each-ref --sort -committerdate --format %(refname) %(objectname) %(*objectname) [7ms]
2025-04-05 20:57:15.032 [info] > git status -z -uall [53ms]
2025-04-05 20:57:20.043 [info] > git config --get commit.template [3ms]
2025-04-05 20:57:20.044 [info] > git for-each-ref --format=%(refname)%00%(upstream:short)%00%(objectname)%00%(upstream:track)%00%(upstream:remotename)%00%(upstream:remoteref) refs/heads/main refs/remotes/main [2ms]
2025-04-05 20:57:20.050 [info] > git for-each-ref --sort -committerdate --format %(refname) %(objectname) %(*objectname) [2ms]
2025-04-05 20:57:20.100 [info] > git status -z -uall [54ms]
2025-04-05 20:57:25.681 [info] > git config --get commit.template [2ms]
2025-04-05 20:57:25.682 [info] > git for-each-ref --format=%(refname)%00%(upstream:short)%00%(objectname)%00%(upstream:track)%00%(upstream:remotename)%00%(upstream:remoteref) refs/heads/main refs/remotes/main [1ms]
2025-04-05 20:57:25.688 [info] > git for-each-ref --sort -committerdate --format %(refname) %(objectname) %(*objectname) [1ms]
2025-04-05 20:57:25.737 [info] > git status -z -uall [52ms]
2025-04-05 20:57:30.748 [info] > git config --get commit.template [3ms]
2025-04-05 20:57:30.749 [info] > git for-each-ref --format=%(refname)%00%(upstream:short)%00%(objectname)%00%(upstream:track)%00%(upstream:remotename)%00%(upstream:remoteref) refs/heads/main refs/remotes/main [1ms]
2025-04-05 20:57:30.760 [info] > git for-each-ref --sort -committerdate --format %(refname) %(objectname) %(*objectname) [6ms]
2025-04-05 20:57:30.804 [info] > git status -z -uall [52ms]
2025-04-05 20:57:35.815 [info] > git config --get commit.template [3ms]
2025-04-05 20:57:35.816 [info] > git for-each-ref --format=%(refname)%00%(upstream:short)%00%(objectname)%00%(upstream:track)%00%(upstream:remotename)%00%(upstream:remoteref) refs/heads/main refs/remotes/main [2ms]
2025-04-05 20:57:35.822 [info] > git for-each-ref --sort -committerdate --format %(refname) %(objectname) %(*objectname) [1ms]
2025-04-05 20:57:35.872 [info] > git status -z -uall [54ms]
2025-04-05 20:57:40.881 [info] > git config --get commit.template [2ms]
2025-04-05 20:57:40.883 [info] > git for-each-ref --format=%(refname)%00%(upstream:short)%00%(objectname)%00%(upstream:track)%00%(upstream:remotename)%00%(upstream:remoteref) refs/heads/main refs/remotes/main [2ms]
2025-04-05 20:57:40.888 [info] > git for-each-ref --sort -committerdate --format %(refname) %(objectname) %(*objectname) [1ms]
2025-04-05 20:57:40.937 [info] > git status -z -uall [52ms]
2025-04-05 20:57:45.950 [info] > git config --get commit.template [4ms]
2025-04-05 20:57:45.952 [info] > git for-each-ref --format=%(refname)%00%(upstream:short)%00%(objectname)%00%(upstream:track)%00%(upstream:remotename)%00%(upstream:remoteref) refs/heads/main refs/remotes/main [1ms]
2025-04-05 20:57:45.959 [info] > git for-each-ref --sort -committerdate --format %(refname) %(objectname) %(*objectname) [2ms]
2025-04-05 20:57:46.011 [info] > git status -z -uall [57ms]
2025-04-05 20:57:51.023 [info] > git config --get commit.template [3ms]
2025-04-05 20:57:51.024 [info] > git for-each-ref --format=%(refname)%00%(upstream:short)%00%(objectname)%00%(upstream:track)%00%(upstream:remotename)%00%(upstream:remoteref) refs/heads/main refs/remotes/main [2ms]
2025-04-05 20:57:51.032 [info] > git for-each-ref --sort -committerdate --format %(refname) %(objectname) %(*objectname) [3ms]
2025-04-05 20:57:51.079 [info] > git status -z -uall [52ms]
2025-04-05 20:57:56.090 [info] > git config --get commit.template [3ms]
2025-04-05 20:57:56.091 [info] > git for-each-ref --format=%(refname)%00%(upstream:short)%00%(objectname)%00%(upstream:track)%00%(upstream:remotename)%00%(upstream:remoteref) refs/heads/main refs/remotes/main [1ms]
2025-04-05 20:57:56.103 [info] > git for-each-ref --sort -committerdate --format %(refname) %(objectname) %(*objectname) [2ms]
2025-04-05 20:57:56.149 [info] > git status -z -uall [55ms]
2025-04-05 20:58:01.160 [info] > git config --get commit.template [2ms]
2025-04-05 20:58:01.161 [info] > git for-each-ref --format=%(refname)%00%(upstream:short)%00%(objectname)%00%(upstream:track)%00%(upstream:remotename)%00%(upstream:remoteref) refs/heads/main refs/remotes/main [2ms]
2025-04-05 20:58:01.168 [info] > git for-each-ref --sort -committerdate --format %(refname) %(objectname) %(*objectname) [2ms]
2025-04-05 20:58:01.216 [info] > git status -z -uall [53ms]
2025-04-05 20:58:06.228 [info] > git config --get commit.template [3ms]
2025-04-05 20:58:06.228 [info] > git for-each-ref --format=%(refname)%00%(upstream:short)%00%(objectname)%00%(upstream:track)%00%(upstream:remotename)%00%(upstream:remoteref) refs/heads/main refs/remotes/main [2ms]
2025-04-05 20:58:06.234 [info] > git for-each-ref --sort -committerdate --format %(refname) %(objectname) %(*objectname) [2ms]
2025-04-05 20:58:06.284 [info] > git status -z -uall [54ms]
2025-04-05 20:58:54.258 [info] > git config --get commit.template [3ms]
2025-04-05 20:58:54.259 [info] > git for-each-ref --format=%(refname)%00%(upstream:short)%00%(objectname)%00%(upstream:track)%00%(upstream:remotename)%00%(upstream:remoteref) refs/heads/main refs/remotes/main [2ms]
2025-04-05 20:58:54.270 [info] > git for-each-ref --sort -committerdate --format %(refname) %(objectname) %(*objectname) [6ms]
2025-04-05 20:58:54.315 [info] > git status -z -uall [53ms]
2025-04-05 20:58:59.326 [info] > git config --get commit.template [3ms]
2025-04-05 20:58:59.327 [info] > git for-each-ref --format=%(refname)%00%(upstream:short)%00%(objectname)%00%(upstream:track)%00%(upstream:remotename)%00%(upstream:remoteref) refs/heads/main refs/remotes/main [2ms]
2025-04-05 20:58:59.340 [info] > git for-each-ref --sort -committerdate --format %(refname) %(objectname) %(*objectname) [9ms]
2025-04-05 20:58:59.382 [info] > git status -z -uall [53ms]
2025-04-05 20:59:04.393 [info] > git config --get commit.template [3ms]
2025-04-05 20:59:04.394 [info] > git for-each-ref --format=%(refname)%00%(upstream:short)%00%(objectname)%00%(upstream:track)%00%(upstream:remotename)%00%(upstream:remoteref) refs/heads/main refs/remotes/main [1ms]
2025-04-05 20:59:04.407 [info] > git for-each-ref --sort -committerdate --format %(refname) %(objectname) %(*objectname) [8ms]
2025-04-05 20:59:04.449 [info] > git status -z -uall [52ms]
2025-04-05 20:59:09.461 [info] > git config --get commit.template [3ms]
2025-04-05 20:59:09.462 [info] > git for-each-ref --format=%(refname)%00%(upstream:short)%00%(objectname)%00%(upstream:track)%00%(upstream:remotename)%00%(upstream:remoteref) refs/heads/main refs/remotes/main [2ms]
2025-04-05 20:59:09.468 [info] > git for-each-ref --sort -committerdate --format %(refname) %(objectname) %(*objectname) [2ms]
2025-04-05 20:59:09.517 [info] > git status -z -uall [53ms]
2025-04-05 20:59:14.528 [info] > git config --get commit.template [3ms]
2025-04-05 20:59:14.529 [info] > git for-each-ref --format=%(refname)%00%(upstream:short)%00%(objectname)%00%(upstream:track)%00%(upstream:remotename)%00%(upstream:remoteref) refs/heads/main refs/remotes/main [2ms]
2025-04-05 20:59:14.537 [info] > git for-each-ref --sort -committerdate --format %(refname) %(objectname) %(*objectname) [3ms]
2025-04-05 20:59:14.583 [info] > git status -z -uall [52ms]
2025-04-05 20:59:19.595 [info] > git config --get commit.template [3ms]
2025-04-05 20:59:19.596 [info] > git for-each-ref --format=%(refname)%00%(upstream:short)%00%(objectname)%00%(upstream:track)%00%(upstream:remotename)%00%(upstream:remoteref) refs/heads/main refs/remotes/main [2ms]
2025-04-05 20:59:19.602 [info] > git for-each-ref --sort -committerdate --format %(refname) %(objectname) %(*objectname) [2ms]
2025-04-05 20:59:19.650 [info] > git status -z -uall [52ms]
2025-04-05 20:59:24.662 [info] > git config --get commit.template [3ms]
2025-04-05 20:59:24.663 [info] > git for-each-ref --format=%(refname)%00%(upstream:short)%00%(objectname)%00%(upstream:track)%00%(upstream:remotename)%00%(upstream:remoteref) refs/heads/main refs/remotes/main [1ms]
2025-04-05 20:59:24.674 [info] > git for-each-ref --sort -committerdate --format %(refname) %(objectname) %(*objectname) [6ms]
2025-04-05 20:59:24.718 [info] > git status -z -uall [52ms]
2025-04-05 20:59:29.730 [info] > git config --get commit.template [3ms]
2025-04-05 20:59:29.731 [info] > git for-each-ref --format=%(refname)%00%(upstream:short)%00%(objectname)%00%(upstream:track)%00%(upstream:remotename)%00%(upstream:remoteref) refs/heads/main refs/remotes/main [1ms]
2025-04-05 20:59:29.745 [info] > git for-each-ref --sort -committerdate --format %(refname) %(objectname) %(*objectname) [9ms]
2025-04-05 20:59:29.786 [info] > git status -z -uall [52ms]
2025-04-05 20:59:34.799 [info] > git config --get commit.template [3ms]
2025-04-05 20:59:34.800 [info] > git for-each-ref --format=%(refname)%00%(upstream:short)%00%(objectname)%00%(upstream:track)%00%(upstream:remotename)%00%(upstream:remoteref) refs/heads/main refs/remotes/main [2ms]
2025-04-05 20:59:34.811 [info] > git for-each-ref --sort -committerdate --format %(refname) %(objectname) %(*objectname) [7ms]
2025-04-05 20:59:34.854 [info] > git status -z -uall [52ms]
2025-04-05 20:59:39.864 [info] > git config --get commit.template [2ms]
2025-04-05 20:59:39.866 [info] > git for-each-ref --format=%(refname)%00%(upstream:short)%00%(objectname)%00%(upstream:track)%00%(upstream:remotename)%00%(upstream:remoteref) refs/heads/main refs/remotes/main [1ms]
2025-04-05 20:59:39.872 [info] > git for-each-ref --sort -committerdate --format %(refname) %(objectname) %(*objectname) [2ms]
2025-04-05 20:59:39.921 [info] > git status -z -uall [53ms]
2025-04-05 20:59:44.933 [info] > git config --get commit.template [3ms]
2025-04-05 20:59:44.934 [info] > git for-each-ref --format=%(refname)%00%(upstream:short)%00%(objectname)%00%(upstream:track)%00%(upstream:remotename)%00%(upstream:remoteref) refs/heads/main refs/remotes/main [2ms]
2025-04-05 20:59:44.940 [info] > git for-each-ref --sort -committerdate --format %(refname) %(objectname) %(*objectname) [2ms]
2025-04-05 20:59:44.991 [info] > git status -z -uall [55ms]
2025-04-05 20:59:50.001 [info] > git config --get commit.template [2ms]
2025-04-05 20:59:50.002 [info] > git for-each-ref --format=%(refname)%00%(upstream:short)%00%(objectname)%00%(upstream:track)%00%(upstream:remotename)%00%(upstream:remoteref) refs/heads/main refs/remotes/main [1ms]
2025-04-05 20:59:50.009 [info] > git for-each-ref --sort -committerdate --format %(refname) %(objectname) %(*objectname) [2ms]
2025-04-05 20:59:50.057 [info] > git status -z -uall [52ms]
2025-04-05 21:00:04.744 [info] > git config --get commit.template [3ms]
2025-04-05 21:00:04.745 [info] > git for-each-ref --format=%(refname)%00%(upstream:short)%00%(objectname)%00%(upstream:track)%00%(upstream:remotename)%00%(upstream:remoteref) refs/heads/main refs/remotes/main [2ms]
2025-04-05 21:00:04.757 [info] > git for-each-ref --sort -committerdate --format %(refname) %(objectname) %(*objectname) [4ms]
2025-04-05 21:00:04.799 [info] > git status -z -uall [52ms]
2025-04-05 21:00:42.034 [info] > git config --get commit.template [2ms]
2025-04-05 21:00:42.035 [info] > git for-each-ref --format=%(refname)%00%(upstream:short)%00%(objectname)%00%(upstream:track)%00%(upstream:remotename)%00%(upstream:remoteref) refs/heads/main refs/remotes/main [1ms]
2025-04-05 21:00:42.041 [info] > git for-each-ref --sort -committerdate --format %(refname) %(objectname) %(*objectname) [1ms]
2025-04-05 21:00:42.090 [info] > git status -z -uall [53ms]
2025-04-05 21:00:54.492 [info] > git config --get commit.template [3ms]
2025-04-05 21:00:54.493 [info] > git for-each-ref --format=%(refname)%00%(upstream:short)%00%(objectname)%00%(upstream:track)%00%(upstream:remotename)%00%(upstream:remoteref) refs/heads/main refs/remotes/main [2ms]
2025-04-05 21:00:54.500 [info] > git for-each-ref --sort -committerdate --format %(refname) %(objectname) %(*objectname) [1ms]
2025-04-05 21:00:54.548 [info] > git status -z -uall [53ms]
2025-04-05 21:01:25.720 [info] > git config --get commit.template [3ms]
2025-04-05 21:01:25.721 [info] > git for-each-ref --format=%(refname)%00%(upstream:short)%00%(objectname)%00%(upstream:track)%00%(upstream:remotename)%00%(upstream:remoteref) refs/heads/main refs/remotes/main [2ms]
2025-04-05 21:01:25.726 [info] > git for-each-ref --sort -committerdate --format %(refname) %(objectname) %(*objectname) [1ms]
2025-04-05 21:01:25.775 [info] > git status -z -uall [52ms]
2025-04-05 21:01:30.823 [info] > git config --get commit.template [3ms]
2025-04-05 21:01:30.824 [info] > git for-each-ref --format=%(refname)%00%(upstream:short)%00%(objectname)%00%(upstream:track)%00%(upstream:remotename)%00%(upstream:remoteref) refs/heads/main refs/remotes/main [2ms]
2025-04-05 21:01:30.831 [info] > git for-each-ref --sort -committerdate --format %(refname) %(objectname) %(*objectname) [1ms]
2025-04-05 21:01:30.879 [info] > git status -z -uall [52ms]
2025-04-05 21:01:35.890 [info] > git config --get commit.template [3ms]
2025-04-05 21:01:35.891 [info] > git for-each-ref --format=%(refname)%00%(upstream:short)%00%(objectname)%00%(upstream:track)%00%(upstream:remotename)%00%(upstream:remoteref) refs/heads/main refs/remotes/main [2ms]
2025-04-05 21:01:35.902 [info] > git for-each-ref --sort -committerdate --format %(refname) %(objectname) %(*objectname) [6ms]
2025-04-05 21:01:35.946 [info] > git status -z -uall [52ms]
2025-04-05 21:01:40.955 [info] > git config --get commit.template [2ms]
2025-04-05 21:01:40.956 [info] > git for-each-ref --format=%(refname)%00%(upstream:short)%00%(objectname)%00%(upstream:track)%00%(upstream:remotename)%00%(upstream:remoteref) refs/heads/main refs/remotes/main [1ms]
2025-04-05 21:01:40.965 [info] > git for-each-ref --sort -committerdate --format %(refname) %(objectname) %(*objectname) [4ms]
2025-04-05 21:01:41.011 [info] > git status -z -uall [53ms]
2025-04-05 21:01:46.021 [info] > git config --get commit.template [3ms]
2025-04-05 21:01:46.022 [info] > git for-each-ref --format=%(refname)%00%(upstream:short)%00%(objectname)%00%(upstream:track)%00%(upstream:remotename)%00%(upstream:remoteref) refs/heads/main refs/remotes/main [2ms]
2025-04-05 21:01:46.032 [info] > git for-each-ref --sort -committerdate --format %(refname) %(objectname) %(*objectname) [6ms]
2025-04-05 21:01:46.076 [info] > git status -z -uall [52ms]
2025-04-05 21:01:51.086 [info] > git config --get commit.template [3ms]
2025-04-05 21:01:51.087 [info] > git for-each-ref --format=%(refname)%00%(upstream:short)%00%(objectname)%00%(upstream:track)%00%(upstream:remotename)%00%(upstream:remoteref) refs/heads/main refs/remotes/main [1ms]
2025-04-05 21:01:51.094 [info] > git for-each-ref --sort -committerdate --format %(refname) %(objectname) %(*objectname) [2ms]
2025-04-05 21:01:51.142 [info] > git status -z -uall [52ms]
2025-04-05 21:01:58.547 [info] > git config --get commit.template [3ms]
2025-04-05 21:01:58.549 [info] > git for-each-ref --format=%(refname)%00%(upstream:short)%00%(objectname)%00%(upstream:track)%00%(upstream:remotename)%00%(upstream:remoteref) refs/heads/main refs/remotes/main [2ms]
2025-04-05 21:01:58.554 [info] > git for-each-ref --sort -committerdate --format %(refname) %(objectname) %(*objectname) [1ms]
2025-04-05 21:01:58.603 [info] > git status -z -uall [52ms]
2025-04-05 21:02:03.615 [info] > git config --get commit.template [4ms]
2025-04-05 21:02:03.616 [info] > git for-each-ref --format=%(refname)%00%(upstream:short)%00%(objectname)%00%(upstream:track)%00%(upstream:remotename)%00%(upstream:remoteref) refs/heads/main refs/remotes/main [2ms]
2025-04-05 21:02:03.626 [info] > git for-each-ref --sort -committerdate --format %(refname) %(objectname) %(*objectname) [5ms]
2025-04-05 21:02:03.673 [info] > git status -z -uall [54ms]
2025-04-05 21:02:11.118 [info] > git config --get commit.template [3ms]
2025-04-05 21:02:11.119 [info] > git for-each-ref --format=%(refname)%00%(upstream:short)%00%(objectname)%00%(upstream:track)%00%(upstream:remotename)%00%(upstream:remoteref) refs/heads/main refs/remotes/main [1ms]
2025-04-05 21:02:11.131 [info] > git for-each-ref --sort -committerdate --format %(refname) %(objectname) %(*objectname) [6ms]
2025-04-05 21:02:11.174 [info] > git status -z -uall [52ms]
2025-04-05 21:02:16.802 [info] > git config --get commit.template [4ms]
2025-04-05 21:02:16.802 [info] > git for-each-ref --format=%(refname)%00%(upstream:short)%00%(objectname)%00%(upstream:track)%00%(upstream:remotename)%00%(upstream:remoteref) refs/heads/main refs/remotes/main [1ms]
2025-04-05 21:02:16.815 [info] > git for-each-ref --sort -committerdate --format %(refname) %(objectname) %(*objectname) [8ms]
2025-04-05 21:02:16.857 [info] > git status -z -uall [52ms]
2025-04-05 21:05:39.674 [info] > git config --get commit.template [4ms]
2025-04-05 21:05:39.675 [info] > git for-each-ref --format=%(refname)%00%(upstream:short)%00%(objectname)%00%(upstream:track)%00%(upstream:remotename)%00%(upstream:remoteref) refs/heads/main refs/remotes/main [1ms]
2025-04-05 21:05:39.680 [info] > git for-each-ref --sort -committerdate --format %(refname) %(objectname) %(*objectname) [1ms]
2025-04-05 21:05:39.729 [info] > git status -z -uall [52ms]
2025-04-05 21:06:19.513 [info] > git config --get commit.template [3ms]
2025-04-05 21:06:19.514 [info] > git for-each-ref --format=%(refname)%00%(upstream:short)%00%(objectname)%00%(upstream:track)%00%(upstream:remotename)%00%(upstream:remoteref) refs/heads/main refs/remotes/main [1ms]
2025-04-05 21:06:19.520 [info] > git for-each-ref --sort -committerdate --format %(refname) %(objectname) %(*objectname) [2ms]
2025-04-05 21:06:19.569 [info] > git status -z -uall [53ms]
2025-04-05 21:06:24.579 [info] > git config --get commit.template [3ms]
2025-04-05 21:06:24.580 [info] > git for-each-ref --format=%(refname)%00%(upstream:short)%00%(objectname)%00%(upstream:track)%00%(upstream:remotename)%00%(upstream:remoteref) refs/heads/main refs/remotes/main [1ms]
2025-04-05 21:06:24.588 [info] > git for-each-ref --sort -committerdate --format %(refname) %(objectname) %(*objectname) [3ms]
2025-04-05 21:06:24.635 [info] > git status -z -uall [52ms]
2025-04-05 21:06:29.645 [info] > git config --get commit.template [3ms]
2025-04-05 21:06:29.646 [info] > git for-each-ref --format=%(refname)%00%(upstream:short)%00%(objectname)%00%(upstream:track)%00%(upstream:remotename)%00%(upstream:remoteref) refs/heads/main refs/remotes/main [1ms]
2025-04-05 21:06:29.652 [info] > git for-each-ref --sort -committerdate --format %(refname) %(objectname) %(*objectname) [2ms]
2025-04-05 21:06:29.701 [info] > git status -z -uall [53ms]
2025-04-05 21:06:34.711 [info] > git config --get commit.template [3ms]
2025-04-05 21:06:34.712 [info] > git for-each-ref --format=%(refname)%00%(upstream:short)%00%(objectname)%00%(upstream:track)%00%(upstream:remotename)%00%(upstream:remoteref) refs/heads/main refs/remotes/main [2ms]
2025-04-05 21:06:34.720 [info] > git for-each-ref --sort -committerdate --format %(refname) %(objectname) %(*objectname) [4ms]
2025-04-05 21:06:34.767 [info] > git status -z -uall [53ms]
2025-04-05 21:06:39.777 [info] > git config --get commit.template [3ms]
2025-04-05 21:06:39.779 [info] > git for-each-ref --format=%(refname)%00%(upstream:short)%00%(objectname)%00%(upstream:track)%00%(upstream:remotename)%00%(upstream:remoteref) refs/heads/main refs/remotes/main [2ms]
2025-04-05 21:06:39.786 [info] > git for-each-ref --sort -committerdate --format %(refname) %(objectname) %(*objectname) [2ms]
2025-04-05 21:06:39.836 [info] > git status -z -uall [55ms]
2025-04-05 21:06:44.846 [info] > git config --get commit.template [3ms]
2025-04-05 21:06:44.847 [info] > git for-each-ref --format=%(refname)%00%(upstream:short)%00%(objectname)%00%(upstream:track)%00%(upstream:remotename)%00%(upstream:remoteref) refs/heads/main refs/remotes/main [2ms]
2025-04-05 21:06:44.853 [info] > git for-each-ref --sort -committerdate --format %(refname) %(objectname) %(*objectname) [2ms]
2025-04-05 21:06:44.901 [info] > git status -z -uall [52ms]
2025-04-05 21:06:49.912 [info] > git config --get commit.template [2ms]
2025-04-05 21:06:49.913 [info] > git for-each-ref --format=%(refname)%00%(upstream:short)%00%(objectname)%00%(upstream:track)%00%(upstream:remotename)%00%(upstream:remoteref) refs/heads/main refs/remotes/main [1ms]
2025-04-05 21:06:49.921 [info] > git for-each-ref --sort -committerdate --format %(refname) %(objectname) %(*objectname) [3ms]
2025-04-05 21:06:49.968 [info] > git status -z -uall [52ms]
2025-04-05 21:06:54.979 [info] > git config --get commit.template [4ms]
2025-04-05 21:06:54.980 [info] > git for-each-ref --format=%(refname)%00%(upstream:short)%00%(objectname)%00%(upstream:track)%00%(upstream:remotename)%00%(upstream:remoteref) refs/heads/main refs/remotes/main [2ms]
2025-04-05 21:06:54.987 [info] > git for-each-ref --sort -committerdate --format %(refname) %(objectname) %(*objectname) [1ms]
2025-04-05 21:06:55.035 [info] > git status -z -uall [52ms]
2025-04-05 21:07:00.047 [info] > git config --get commit.template [3ms]
2025-04-05 21:07:00.048 [info] > git for-each-ref --format=%(refname)%00%(upstream:short)%00%(objectname)%00%(upstream:track)%00%(upstream:remotename)%00%(upstream:remoteref) refs/heads/main refs/remotes/main [2ms]
2025-04-05 21:07:00.054 [info] > git for-each-ref --sort -committerdate --format %(refname) %(objectname) %(*objectname) [1ms]
2025-04-05 21:07:00.102 [info] > git status -z -uall [52ms]
2025-04-05 21:07:05.114 [info] > git config --get commit.template [3ms]
2025-04-05 21:07:05.115 [info] > git for-each-ref --format=%(refname)%00%(upstream:short)%00%(objectname)%00%(upstream:track)%00%(upstream:remotename)%00%(upstream:remoteref) refs/heads/main refs/remotes/main [2ms]
2025-04-05 21:07:05.121 [info] > git for-each-ref --sort -committerdate --format %(refname) %(objectname) %(*objectname) [2ms]
2025-04-05 21:07:05.169 [info] > git status -z -uall [52ms]
2025-04-05 21:07:10.181 [info] > git config --get commit.template [3ms]
2025-04-05 21:07:10.182 [info] > git for-each-ref --format=%(refname)%00%(upstream:short)%00%(objectname)%00%(upstream:track)%00%(upstream:remotename)%00%(upstream:remoteref) refs/heads/main refs/remotes/main [2ms]
2025-04-05 21:07:10.188 [info] > git for-each-ref --sort -committerdate --format %(refname) %(objectname) %(*objectname) [2ms]
2025-04-05 21:07:10.236 [info] > git status -z -uall [52ms]
2025-04-05 21:07:15.247 [info] > git config --get commit.template [3ms]
2025-04-05 21:07:15.248 [info] > git for-each-ref --format=%(refname)%00%(upstream:short)%00%(objectname)%00%(upstream:track)%00%(upstream:remotename)%00%(upstream:remoteref) refs/heads/main refs/remotes/main [2ms]
2025-04-05 21:07:15.261 [info] > git for-each-ref --sort -committerdate --format %(refname) %(objectname) %(*objectname) [8ms]
2025-04-05 21:07:15.302 [info] > git status -z -uall [52ms]
2025-04-05 21:07:20.313 [info] > git config --get commit.template [3ms]
2025-04-05 21:07:20.314 [info] > git for-each-ref --format=%(refname)%00%(upstream:short)%00%(objectname)%00%(upstream:track)%00%(upstream:remotename)%00%(upstream:remoteref) refs/heads/main refs/remotes/main [1ms]
2025-04-05 21:07:20.328 [info] > git for-each-ref --sort -committerdate --format %(refname) %(objectname) %(*objectname) [9ms]
2025-04-05 21:07:20.369 [info] > git status -z -uall [52ms]
2025-04-05 21:07:25.381 [info] > git config --get commit.template [4ms]
2025-04-05 21:07:25.382 [info] > git for-each-ref --format=%(refname)%00%(upstream:short)%00%(objectname)%00%(upstream:track)%00%(upstream:remotename)%00%(upstream:remoteref) refs/heads/main refs/remotes/main [2ms]
2025-04-05 21:07:25.388 [info] > git for-each-ref --sort -committerdate --format %(refname) %(objectname) %(*objectname) [1ms]
2025-04-05 21:07:25.437 [info] > git status -z -uall [53ms]
2025-04-05 21:07:30.448 [info] > git config --get commit.template [3ms]
2025-04-05 21:07:30.449 [info] > git for-each-ref --format=%(refname)%00%(upstream:short)%00%(objectname)%00%(upstream:track)%00%(upstream:remotename)%00%(upstream:remoteref) refs/heads/main refs/remotes/main [2ms]
2025-04-05 21:07:30.457 [info] > git for-each-ref --sort -committerdate --format %(refname) %(objectname) %(*objectname) [4ms]
2025-04-05 21:07:30.504 [info] > git status -z -uall [53ms]
2025-04-05 21:07:35.513 [info] > git config --get commit.template [3ms]
2025-04-05 21:07:35.514 [info] > git for-each-ref --format=%(refname)%00%(upstream:short)%00%(objectname)%00%(upstream:track)%00%(upstream:remotename)%00%(upstream:remoteref) refs/heads/main refs/remotes/main [2ms]
2025-04-05 21:07:35.525 [info] > git for-each-ref --sort -committerdate --format %(refname) %(objectname) %(*objectname) [6ms]
2025-04-05 21:07:35.569 [info] > git status -z -uall [53ms]
2025-04-05 21:07:40.579 [info] > git config --get commit.template [3ms]
2025-04-05 21:07:40.581 [info] > git for-each-ref --format=%(refname)%00%(upstream:short)%00%(objectname)%00%(upstream:track)%00%(upstream:remotename)%00%(upstream:remoteref) refs/heads/main refs/remotes/main [1ms]
2025-04-05 21:07:40.592 [info] > git for-each-ref --sort -committerdate --format %(refname) %(objectname) %(*objectname) [6ms]
2025-04-05 21:07:40.635 [info] > git status -z -uall [52ms]
2025-04-05 21:07:45.644 [info] > git config --get commit.template [4ms]
2025-04-05 21:07:45.645 [info] > git for-each-ref --format=%(refname)%00%(upstream:short)%00%(objectname)%00%(upstream:track)%00%(upstream:remotename)%00%(upstream:remoteref) refs/heads/main refs/remotes/main [2ms]
2025-04-05 21:07:45.651 [info] > git for-each-ref --sort -committerdate --format %(refname) %(objectname) %(*objectname) [1ms]
2025-04-05 21:07:45.702 [info] > git status -z -uall [55ms]
2025-04-05 21:07:50.712 [info] > git config --get commit.template [2ms]
2025-04-05 21:07:50.713 [info] > git for-each-ref --format=%(refname)%00%(upstream:short)%00%(objectname)%00%(upstream:track)%00%(upstream:remotename)%00%(upstream:remoteref) refs/heads/main refs/remotes/main [2ms]
2025-04-05 21:07:50.719 [info] > git for-each-ref --sort -committerdate --format %(refname) %(objectname) %(*objectname) [2ms]
2025-04-05 21:07:50.767 [info] > git status -z -uall [52ms]
2025-04-05 21:07:56.502 [info] > git config --get commit.template [3ms]
2025-04-05 21:07:56.503 [info] > git for-each-ref --format=%(refname)%00%(upstream:short)%00%(objectname)%00%(upstream:track)%00%(upstream:remotename)%00%(upstream:remoteref) refs/heads/main refs/remotes/main [2ms]
2025-04-05 21:07:56.516 [info] > git for-each-ref --sort -committerdate --format %(refname) %(objectname) %(*objectname) [8ms]
2025-04-05 21:07:56.557 [info] > git status -z -uall [51ms]
2025-04-05 21:08:01.566 [info] > git config --get commit.template [3ms]
2025-04-05 21:08:01.567 [info] > git for-each-ref --format=%(refname)%00%(upstream:short)%00%(objectname)%00%(upstream:track)%00%(upstream:remotename)%00%(upstream:remoteref) refs/heads/main refs/remotes/main [1ms]
2025-04-05 21:08:01.573 [info] > git for-each-ref --sort -committerdate --format %(refname) %(objectname) %(*objectname) [2ms]
2025-04-05 21:08:01.622 [info] > git status -z -uall [53ms]
2025-04-05 21:08:06.022 [info] > git check-ignore -v -z --stdin [4ms]
2025-04-05 21:08:06.632 [info] > git config --get commit.template [3ms]
2025-04-05 21:08:06.633 [info] > git for-each-ref --format=%(refname)%00%(upstream:short)%00%(objectname)%00%(upstream:track)%00%(upstream:remotename)%00%(upstream:remoteref) refs/heads/main refs/remotes/main [2ms]
2025-04-05 21:08:06.644 [info] > git for-each-ref --sort -committerdate --format %(refname) %(objectname) %(*objectname) [7ms]
2025-04-05 21:08:06.690 [info] > git status -z -uall [55ms]
2025-04-05 21:12:14.363 [info] > git config --get commit.template [2ms]
2025-04-05 21:12:14.364 [info] > git for-each-ref --format=%(refname)%00%(upstream:short)%00%(objectname)%00%(upstream:track)%00%(upstream:remotename)%00%(upstream:remoteref) refs/heads/main refs/remotes/main [1ms]
2025-04-05 21:12:14.372 [info] > git for-each-ref --sort -committerdate --format %(refname) %(objectname) %(*objectname) [4ms]
2025-04-05 21:12:14.418 [info] > git status -z -uall [52ms]
2025-04-05 21:12:46.017 [info] > git config --get commit.template [3ms]
2025-04-05 21:12:46.018 [info] > git for-each-ref --format=%(refname)%00%(upstream:short)%00%(objectname)%00%(upstream:track)%00%(upstream:remotename)%00%(upstream:remoteref) refs/heads/main refs/remotes/main [2ms]
2025-04-05 21:12:46.028 [info] > git for-each-ref --sort -committerdate --format %(refname) %(objectname) %(*objectname) [6ms]
2025-04-05 21:12:46.072 [info] > git status -z -uall [52ms]
2025-04-05 21:12:51.084 [info] > git config --get commit.template [3ms]
2025-04-05 21:12:51.085 [info] > git for-each-ref --format=%(refname)%00%(upstream:short)%00%(objectname)%00%(upstream:track)%00%(upstream:remotename)%00%(upstream:remoteref) refs/heads/main refs/remotes/main [1ms]
2025-04-05 21:12:51.093 [info] > git for-each-ref --sort -committerdate --format %(refname) %(objectname) %(*objectname) [4ms]
2025-04-05 21:12:51.140 [info] > git status -z -uall [53ms]
2025-04-05 21:12:56.150 [info] > git config --get commit.template [3ms]
2025-04-05 21:12:56.152 [info] > git for-each-ref --format=%(refname)%00%(upstream:short)%00%(objectname)%00%(upstream:track)%00%(upstream:remotename)%00%(upstream:remoteref) refs/heads/main refs/remotes/main [2ms]
2025-04-05 21:12:56.157 [info] > git for-each-ref --sort -committerdate --format %(refname) %(objectname) %(*objectname) [1ms]
2025-04-05 21:12:56.206 [info] > git status -z -uall [52ms]
2025-04-05 21:13:01.216 [info] > git config --get commit.template [3ms]
2025-04-05 21:13:01.217 [info] > git for-each-ref --format=%(refname)%00%(upstream:short)%00%(objectname)%00%(upstream:track)%00%(upstream:remotename)%00%(upstream:remoteref) refs/heads/main refs/remotes/main [2ms]
2025-04-05 21:13:01.231 [info] > git for-each-ref --sort -committerdate --format %(refname) %(objectname) %(*objectname) [9ms]
2025-04-05 21:13:01.273 [info] > git status -z -uall [54ms]
2025-04-05 21:13:21.268 [info] > git config --get commit.template [3ms]
2025-04-05 21:13:21.269 [info] > git for-each-ref --format=%(refname)%00%(upstream:short)%00%(objectname)%00%(upstream:track)%00%(upstream:remotename)%00%(upstream:remoteref) refs/heads/main refs/remotes/main [1ms]
2025-04-05 21:13:21.281 [info] > git for-each-ref --sort -committerdate --format %(refname) %(objectname) %(*objectname) [6ms]
2025-04-05 21:13:21.324 [info] > git status -z -uall [52ms]
2025-04-05 21:13:26.336 [info] > git config --get commit.template [3ms]
2025-04-05 21:13:26.337 [info] > git for-each-ref --format=%(refname)%00%(upstream:short)%00%(objectname)%00%(upstream:track)%00%(upstream:remotename)%00%(upstream:remoteref) refs/heads/main refs/remotes/main [2ms]
2025-04-05 21:13:26.348 [info] > git for-each-ref --sort -committerdate --format %(refname) %(objectname) %(*objectname) [7ms]
2025-04-05 21:13:26.393 [info] > git status -z -uall [54ms]
2025-04-05 21:13:31.403 [info] > git config --get commit.template [3ms]
2025-04-05 21:13:31.405 [info] > git for-each-ref --format=%(refname)%00%(upstream:short)%00%(objectname)%00%(upstream:track)%00%(upstream:remotename)%00%(upstream:remoteref) refs/heads/main refs/remotes/main [2ms]
2025-04-05 21:13:31.411 [info] > git for-each-ref --sort -committerdate --format %(refname) %(objectname) %(*objectname) [2ms]
2025-04-05 21:13:31.459 [info] > git status -z -uall [52ms]
2025-04-05 21:13:36.469 [info] > git config --get commit.template [4ms]
2025-04-05 21:13:36.470 [info] > git for-each-ref --format=%(refname)%00%(upstream:short)%00%(objectname)%00%(upstream:track)%00%(upstream:remotename)%00%(upstream:remoteref) refs/heads/main refs/remotes/main [2ms]
2025-04-05 21:13:36.476 [info] > git for-each-ref --sort -committerdate --format %(refname) %(objectname) %(*objectname) [2ms]
2025-04-05 21:13:36.525 [info] > git status -z -uall [53ms]
2025-04-05 21:13:41.534 [info] > git config --get commit.template [3ms]
2025-04-05 21:13:41.535 [info] > git for-each-ref --format=%(refname)%00%(upstream:short)%00%(objectname)%00%(upstream:track)%00%(upstream:remotename)%00%(upstream:remoteref) refs/heads/main refs/remotes/main [1ms]
2025-04-05 21:13:41.550 [info] > git for-each-ref --sort -committerdate --format %(refname) %(objectname) %(*objectname) [10ms]
2025-04-05 21:13:41.589 [info] > git status -z -uall [52ms]
2025-04-05 21:13:46.598 [info] > git config --get commit.template [3ms]
2025-04-05 21:13:46.599 [info] > git for-each-ref --format=%(refname)%00%(upstream:short)%00%(objectname)%00%(upstream:track)%00%(upstream:remotename)%00%(upstream:remoteref) refs/heads/main refs/remotes/main [2ms]
2025-04-05 21:13:46.605 [info] > git for-each-ref --sort -committerdate --format %(refname) %(objectname) %(*objectname) [2ms]
2025-04-05 21:13:46.654 [info] > git status -z -uall [52ms]
2025-04-05 21:13:51.662 [info] > git config --get commit.template [3ms]
2025-04-05 21:13:51.663 [info] > git for-each-ref --format=%(refname)%00%(upstream:short)%00%(objectname)%00%(upstream:track)%00%(upstream:remotename)%00%(upstream:remoteref) refs/heads/main refs/remotes/main [1ms]
2025-04-05 21:13:51.669 [info] > git for-each-ref --sort -committerdate --format %(refname) %(objectname) %(*objectname) [1ms]
2025-04-05 21:13:51.718 [info] > git status -z -uall [53ms]
2025-04-05 21:13:56.728 [info] > git config --get commit.template [3ms]
2025-04-05 21:13:56.728 [info] > git for-each-ref --format=%(refname)%00%(upstream:short)%00%(objectname)%00%(upstream:track)%00%(upstream:remotename)%00%(upstream:remoteref) refs/heads/main refs/remotes/main [2ms]
2025-04-05 21:13:56.734 [info] > git for-each-ref --sort -committerdate --format %(refname) %(objectname) %(*objectname) [1ms]
2025-04-05 21:13:56.783 [info] > git status -z -uall [53ms]
2025-04-05 21:14:01.792 [info] > git config --get commit.template [3ms]
2025-04-05 21:14:01.793 [info] > git for-each-ref --format=%(refname)%00%(upstream:short)%00%(objectname)%00%(upstream:track)%00%(upstream:remotename)%00%(upstream:remoteref) refs/heads/main refs/remotes/main [1ms]
2025-04-05 21:14:01.806 [info] > git for-each-ref --sort -committerdate --format %(refname) %(objectname) %(*objectname) [8ms]
2025-04-05 21:14:01.847 [info] > git status -z -uall [52ms]
2025-04-05 21:14:06.857 [info] > git config --get commit.template [3ms]
2025-04-05 21:14:06.858 [info] > git for-each-ref --format=%(refname)%00%(upstream:short)%00%(objectname)%00%(upstream:track)%00%(upstream:remotename)%00%(upstream:remoteref) refs/heads/main refs/remotes/main [1ms]
2025-04-05 21:14:06.864 [info] > git for-each-ref --sort -committerdate --format %(refname) %(objectname) %(*objectname) [2ms]
2025-04-05 21:14:06.912 [info] > git status -z -uall [52ms]
2025-04-05 21:14:11.922 [info] > git config --get commit.template [3ms]
2025-04-05 21:14:11.923 [info] > git for-each-ref --format=%(refname)%00%(upstream:short)%00%(objectname)%00%(upstream:track)%00%(upstream:remotename)%00%(upstream:remoteref) refs/heads/main refs/remotes/main [1ms]
2025-04-05 21:14:11.929 [info] > git for-each-ref --sort -committerdate --format %(refname) %(objectname) %(*objectname) [1ms]
2025-04-05 21:14:11.978 [info] > git status -z -uall [53ms]
2025-04-05 21:14:16.988 [info] > git config --get commit.template [3ms]
2025-04-05 21:14:16.989 [info] > git for-each-ref --format=%(refname)%00%(upstream:short)%00%(objectname)%00%(upstream:track)%00%(upstream:remotename)%00%(upstream:remoteref) refs/heads/main refs/remotes/main [2ms]
2025-04-05 21:14:16.997 [info] > git for-each-ref --sort -committerdate --format %(refname) %(objectname) %(*objectname) [4ms]
2025-04-05 21:14:17.044 [info] > git status -z -uall [53ms]
2025-04-05 21:14:22.054 [info] > git config --get commit.template [3ms]
2025-04-05 21:14:22.055 [info] > git for-each-ref --format=%(refname)%00%(upstream:short)%00%(objectname)%00%(upstream:track)%00%(upstream:remotename)%00%(upstream:remoteref) refs/heads/main refs/remotes/main [2ms]
2025-04-05 21:14:22.061 [info] > git for-each-ref --sort -committerdate --format %(refname) %(objectname) %(*objectname) [2ms]
2025-04-05 21:14:22.109 [info] > git status -z -uall [52ms]
2025-04-05 21:14:27.118 [info] > git config --get commit.template [3ms]
2025-04-05 21:14:27.125 [info] > git for-each-ref --format=%(refname)%00%(upstream:short)%00%(objectname)%00%(upstream:track)%00%(upstream:remotename)%00%(upstream:remoteref) refs/heads/main refs/remotes/main [2ms]
2025-04-05 21:14:27.149 [info] > git for-each-ref --sort -committerdate --format %(refname) %(objectname) %(*objectname) [0ms]
2025-04-05 21:14:27.194 [info] > git status -z -uall [58ms]
2025-04-05 21:14:32.205 [info] > git config --get commit.template [3ms]
2025-04-05 21:14:32.207 [info] > git for-each-ref --format=%(refname)%00%(upstream:short)%00%(objectname)%00%(upstream:track)%00%(upstream:remotename)%00%(upstream:remoteref) refs/heads/main refs/remotes/main [2ms]
2025-04-05 21:14:32.220 [info] > git for-each-ref --sort -committerdate --format %(refname) %(objectname) %(*objectname) [9ms]
2025-04-05 21:14:32.261 [info] > git status -z -uall [52ms]
2025-04-05 21:14:37.271 [info] > git config --get commit.template [4ms]
2025-04-05 21:14:37.272 [info] > git for-each-ref --format=%(refname)%00%(upstream:short)%00%(objectname)%00%(upstream:track)%00%(upstream:remotename)%00%(upstream:remoteref) refs/heads/main refs/remotes/main [1ms]
2025-04-05 21:14:37.287 [info] > git for-each-ref --sort -committerdate --format %(refname) %(objectname) %(*objectname) [10ms]
2025-04-05 21:14:37.326 [info] > git status -z -uall [52ms]
2025-04-05 21:14:42.336 [info] > git config --get commit.template [3ms]
2025-04-05 21:14:42.337 [info] > git for-each-ref --format=%(refname)%00%(upstream:short)%00%(objectname)%00%(upstream:track)%00%(upstream:remotename)%00%(upstream:remoteref) refs/heads/main refs/remotes/main [1ms]
2025-04-05 21:14:42.344 [info] > git for-each-ref --sort -committerdate --format %(refname) %(objectname) %(*objectname) [2ms]
2025-04-05 21:14:42.393 [info] > git status -z -uall [53ms]
2025-04-05 21:14:47.405 [info] > git config --get commit.template [3ms]
2025-04-05 21:14:47.406 [info] > git for-each-ref --format=%(refname)%00%(upstream:short)%00%(objectname)%00%(upstream:track)%00%(upstream:remotename)%00%(upstream:remoteref) refs/heads/main refs/remotes/main [2ms]
2025-04-05 21:14:47.413 [info] > git for-each-ref --sort -committerdate --format %(refname) %(objectname) %(*objectname) [2ms]
2025-04-05 21:14:47.462 [info] > git status -z -uall [53ms]
2025-04-05 21:14:52.470 [info] > git config --get commit.template [1ms]
2025-04-05 21:14:52.474 [info] > git for-each-ref --format=%(refname)%00%(upstream:short)%00%(objectname)%00%(upstream:track)%00%(upstream:remotename)%00%(upstream:remoteref) refs/heads/main refs/remotes/main [1ms]
2025-04-05 21:14:52.487 [info] > git for-each-ref --sort -committerdate --format %(refname) %(objectname) %(*objectname) [9ms]
2025-04-05 21:14:52.529 [info] > git status -z -uall [53ms]
2025-04-05 21:16:51.812 [info] > git config --get commit.template [2ms]
2025-04-05 21:16:51.813 [info] > git for-each-ref --format=%(refname)%00%(upstream:short)%00%(objectname)%00%(upstream:track)%00%(upstream:remotename)%00%(upstream:remoteref) refs/heads/main refs/remotes/main [1ms]
2025-04-05 21:16:51.821 [info] > git for-each-ref --sort -committerdate --format %(refname) %(objectname) %(*objectname) [4ms]
2025-04-05 21:16:51.867 [info] > git status -z -uall [52ms]
2025-04-05 21:20:15.221 [info] > git config --get commit.template [3ms]
2025-04-05 21:20:15.222 [info] > git for-each-ref --format=%(refname)%00%(upstream:short)%00%(objectname)%00%(upstream:track)%00%(upstream:remotename)%00%(upstream:remoteref) refs/heads/main refs/remotes/main [2ms]
2025-04-05 21:20:15.228 [info] > git for-each-ref --sort -committerdate --format %(refname) %(objectname) %(*objectname) [2ms]
2025-04-05 21:20:15.276 [info] > git status -z -uall [52ms]
2025-04-05 21:20:21.076 [info] > git config --get commit.template [2ms]
2025-04-05 21:20:21.077 [info] > git for-each-ref --format=%(refname)%00%(upstream:short)%00%(objectname)%00%(upstream:track)%00%(upstream:remotename)%00%(upstream:remoteref) refs/heads/main refs/remotes/main [1ms]
2025-04-05 21:20:21.083 [info] > git for-each-ref --sort -committerdate --format %(refname) %(objectname) %(*objectname) [2ms]
2025-04-05 21:20:21.133 [info] > git status -z -uall [54ms]
2025-04-05 21:20:26.143 [info] > git config --get commit.template [3ms]
2025-04-05 21:20:26.144 [info] > git for-each-ref --format=%(refname)%00%(upstream:short)%00%(objectname)%00%(upstream:track)%00%(upstream:remotename)%00%(upstream:remoteref) refs/heads/main refs/remotes/main [2ms]
2025-04-05 21:20:26.157 [info] > git for-each-ref --sort -committerdate --format %(refname) %(objectname) %(*objectname) [9ms]
2025-04-05 21:20:26.199 [info] > git status -z -uall [53ms]
2025-04-05 21:20:41.947 [info] > git config --get commit.template [3ms]
2025-04-05 21:20:41.948 [info] > git for-each-ref --format=%(refname)%00%(upstream:short)%00%(objectname)%00%(upstream:track)%00%(upstream:remotename)%00%(upstream:remoteref) refs/heads/main refs/remotes/main [2ms]
2025-04-05 21:20:41.956 [info] > git for-each-ref --sort -committerdate --format %(refname) %(objectname) %(*objectname) [4ms]
2025-04-05 21:20:42.002 [info] > git status -z -uall [52ms]
2025-04-05 21:20:47.012 [info] > git config --get commit.template [3ms]
2025-04-05 21:20:47.013 [info] > git for-each-ref --format=%(refname)%00%(upstream:short)%00%(objectname)%00%(upstream:track)%00%(upstream:remotename)%00%(upstream:remoteref) refs/heads/main refs/remotes/main [2ms]
2025-04-05 21:20:47.019 [info] > git for-each-ref --sort -committerdate --format %(refname) %(objectname) %(*objectname) [2ms]
2025-04-05 21:20:47.068 [info] > git status -z -uall [53ms]
2025-04-05 21:20:52.077 [info] > git config --get commit.template [3ms]
2025-04-05 21:20:52.077 [info] > git for-each-ref --format=%(refname)%00%(upstream:short)%00%(objectname)%00%(upstream:track)%00%(upstream:remotename)%00%(upstream:remoteref) refs/heads/main refs/remotes/main [1ms]
2025-04-05 21:20:52.093 [info] > git for-each-ref --sort -committerdate --format %(refname) %(objectname) %(*objectname) [11ms]
2025-04-05 21:20:52.131 [info] > git status -z -uall [51ms]
