2025-02-08 01:17:13.583 [info] [main] Log level: Info
2025-02-08 01:17:13.583 [info] [main] Validating found git in: "git"
2025-02-08 01:17:13.583 [info] [main] Using git "2.34.1" from "git"
2025-02-08 01:17:13.583 [info] [Model][doInitialScan] Initial repository scan started
2025-02-08 01:17:13.583 [info] > git rev-parse --show-toplevel [36ms]
2025-02-08 01:17:13.583 [info] > git rev-parse --git-dir --git-common-dir [1ms]
2025-02-08 01:17:13.583 [info] [Model][openRepository] Opened repository: /home/student
2025-02-08 01:17:13.583 [info] > git config --get commit.template [3ms]
2025-02-08 01:17:13.583 [info] > git rev-parse --show-toplevel [2ms]
2025-02-08 01:17:13.583 [info] [Git][getRemotes] No remotes found in the git config file
2025-02-08 01:17:13.583 [info] > git for-each-ref --format=%(refname)%00%(upstream:short)%00%(objectname)%00%(upstream:track)%00%(upstream:remotename)%00%(upstream:remoteref) refs/heads/main refs/remotes/main [3ms]
2025-02-08 01:17:13.583 [warning] [Git][getBranch] No such branch: main
2025-02-08 01:17:13.583 [info] > git rev-parse --show-toplevel [7ms]
2025-02-08 01:17:13.583 [info] > git for-each-ref --sort -committerdate --format %(refname) %(objectname) %(*objectname) [3ms]
2025-02-08 01:17:13.583 [info] > git rev-parse --show-toplevel [1ms]
2025-02-08 01:17:13.583 [info] [Model][doInitialScan] Initial repository scan completed - repositories (1), closed repositories (0), parent repositories (0), unsafe repositories (0)
2025-02-08 01:17:13.583 [info] > git status -z -uall [17ms]
2025-02-08 01:17:13.583 [info] > git for-each-ref --format=%(refname)%00%(upstream:short)%00%(objectname)%00%(upstream:track)%00%(upstream:remotename)%00%(upstream:remoteref) refs/heads/main refs/remotes/main [13ms]
2025-02-08 01:17:13.583 [warning] [Git][getBranch] No such branch: main
2025-02-08 01:17:13.583 [error] [GitHistoryProvider][resolveHEADMergeBase] Failed to resolve merge base for main: Error: No such branch: main.
2025-02-08 01:17:13.583 [info] > git config --get commit.template [7ms]
2025-02-08 01:17:13.585 [info] [Git][getRemotes] No remotes found in the git config file
2025-02-08 01:17:13.878 [info] > git for-each-ref --format=%(refname)%00%(upstream:short)%00%(objectname)%00%(upstream:track)%00%(upstream:remotename)%00%(upstream:remoteref) refs/heads/main refs/remotes/main [293ms]
2025-02-08 01:17:13.879 [warning] [Git][getBranch] No such branch: main
2025-02-08 01:17:13.887 [info] > git for-each-ref --sort -committerdate --format %(refname) %(objectname) %(*objectname) [4ms]
2025-02-08 01:17:13.902 [info] > git status -z -uall [20ms]
2025-02-08 01:17:14.292 [info] > git show --textconv :Engr212_Tsegay_Asmerom [24ms]
2025-02-08 01:17:14.293 [info] > git show --textconv HEAD:Engr212_Tsegay_Asmerom [23ms]
2025-02-08 01:17:14.293 [info] > git ls-tree -l HEAD -- /home/student/Engr212_Tsegay_Asmerom [18ms]
2025-02-08 01:17:14.294 [info] fatal: Not a valid object name HEAD
2025-02-08 01:17:14.295 [info] > git ls-files --stage -- /home/student/Engr212_Tsegay_Asmerom [22ms]
2025-02-08 01:17:14.311 [info] > git check-ignore -v -z --stdin [21ms]
2025-02-08 01:17:14.312 [info] > git cat-file -s e69de29bb2d1d6434b8b29ae775ad8c2e48c5391 [3ms]
2025-02-08 01:17:16.054 [info] [Git][getRemotes] No remotes found in the git config file
2025-02-08 01:17:16.054 [info] > git config --get commit.template [3ms]
2025-02-08 01:17:16.055 [info] > git for-each-ref --format=%(refname)%00%(upstream:short)%00%(objectname)%00%(upstream:track)%00%(upstream:remotename)%00%(upstream:remoteref) refs/heads/main refs/remotes/main [2ms]
2025-02-08 01:17:16.055 [warning] [Git][getBranch] No such branch: main
2025-02-08 01:17:16.061 [info] > git for-each-ref --sort -committerdate --format %(refname) %(objectname) %(*objectname) [2ms]
2025-02-08 01:17:16.074 [info] > git status -z -uall [17ms]
2025-02-08 01:17:21.109 [info] [Git][getRemotes] No remotes found in the git config file
2025-02-08 01:17:21.109 [info] > git config --get commit.template [3ms]
2025-02-08 01:17:21.110 [info] > git for-each-ref --format=%(refname)%00%(upstream:short)%00%(objectname)%00%(upstream:track)%00%(upstream:remotename)%00%(upstream:remoteref) refs/heads/main refs/remotes/main [2ms]
2025-02-08 01:17:21.110 [warning] [Git][getBranch] No such branch: main
2025-02-08 01:17:21.116 [info] > git for-each-ref --sort -committerdate --format %(refname) %(objectname) %(*objectname) [1ms]
2025-02-08 01:17:21.130 [info] > git status -z -uall [18ms]
2025-02-08 01:17:25.516 [info] > git log --format=%H%n%aN%n%aE%n%at%n%ct%n%P%n%D%n%B -z --shortstat --diff-merges=first-parent -n50 --skip=0 --topo-order --decorate=full --stdin [1ms]
2025-02-08 01:17:25.516 [info] fatal: bad revision 'refs/heads/main'
2025-02-08 01:17:25.517 [error] [GitHistoryProvider][provideHistoryItems] Failed to get history items with options '{"historyItemRefs":["refs/heads/main"],"limit":50,"skip":0}': Failed to execute git {
  "exitCode": 128,
  "gitCommand": "log",
  "stdout": "",
  "stderr": "fatal: bad revision 'refs/heads/main'\n"
}
2025-02-08 01:17:26.155 [info] [Git][getRemotes] No remotes found in the git config file
2025-02-08 01:17:26.156 [info] > git config --get commit.template [4ms]
2025-02-08 01:17:26.156 [info] > git for-each-ref --format=%(refname)%00%(upstream:short)%00%(objectname)%00%(upstream:track)%00%(upstream:remotename)%00%(upstream:remoteref) refs/heads/main refs/remotes/main [1ms]
2025-02-08 01:17:26.156 [warning] [Git][getBranch] No such branch: main
2025-02-08 01:17:26.162 [info] > git for-each-ref --sort -committerdate --format %(refname) %(objectname) %(*objectname) [1ms]
2025-02-08 01:17:26.175 [info] > git status -z -uall [17ms]
2025-02-08 01:17:31.199 [info] [Git][getRemotes] No remotes found in the git config file
2025-02-08 01:17:31.200 [info] > git config --get commit.template [3ms]
2025-02-08 01:17:31.200 [info] > git for-each-ref --format=%(refname)%00%(upstream:short)%00%(objectname)%00%(upstream:track)%00%(upstream:remotename)%00%(upstream:remoteref) refs/heads/main refs/remotes/main [1ms]
2025-02-08 01:17:31.200 [warning] [Git][getBranch] No such branch: main
2025-02-08 01:17:31.206 [info] > git for-each-ref --sort -committerdate --format %(refname) %(objectname) %(*objectname) [1ms]
2025-02-08 01:17:31.219 [info] > git status -z -uall [16ms]
2025-02-08 01:17:36.249 [info] [Git][getRemotes] No remotes found in the git config file
2025-02-08 01:17:36.250 [info] > git config --get commit.template [3ms]
2025-02-08 01:17:36.250 [info] > git for-each-ref --format=%(refname)%00%(upstream:short)%00%(objectname)%00%(upstream:track)%00%(upstream:remotename)%00%(upstream:remoteref) refs/heads/main refs/remotes/main [1ms]
2025-02-08 01:17:36.250 [warning] [Git][getBranch] No such branch: main
2025-02-08 01:17:36.257 [info] > git for-each-ref --sort -committerdate --format %(refname) %(objectname) %(*objectname) [2ms]
2025-02-08 01:17:36.268 [info] > git status -z -uall [16ms]
2025-02-08 01:17:48.901 [info] [Git][getRemotes] No remotes found in the git config file
2025-02-08 01:17:48.903 [info] > git config --get commit.template [4ms]
2025-02-08 01:17:48.903 [info] > git for-each-ref --format=%(refname)%00%(upstream:short)%00%(objectname)%00%(upstream:track)%00%(upstream:remotename)%00%(upstream:remoteref) refs/heads/main refs/remotes/main [2ms]
2025-02-08 01:17:48.903 [warning] [Git][getBranch] No such branch: main
2025-02-08 01:17:48.910 [info] > git for-each-ref --sort -committerdate --format %(refname) %(objectname) %(*objectname) [0ms]
2025-02-08 01:17:48.922 [info] > git status -z -uall [16ms]
2025-02-08 01:17:53.945 [info] [Git][getRemotes] No remotes found in the git config file
2025-02-08 01:17:53.948 [info] > git config --get commit.template [4ms]
2025-02-08 01:17:53.948 [info] > git for-each-ref --format=%(refname)%00%(upstream:short)%00%(objectname)%00%(upstream:track)%00%(upstream:remotename)%00%(upstream:remoteref) refs/heads/main refs/remotes/main [1ms]
2025-02-08 01:17:53.948 [warning] [Git][getBranch] No such branch: main
2025-02-08 01:17:53.954 [info] > git for-each-ref --sort -committerdate --format %(refname) %(objectname) %(*objectname) [1ms]
2025-02-08 01:17:53.967 [info] > git status -z -uall [17ms]
2025-02-08 01:17:58.994 [info] [Git][getRemotes] No remotes found in the git config file
2025-02-08 01:17:58.995 [info] > git config --get commit.template [2ms]
2025-02-08 01:17:58.995 [info] > git for-each-ref --format=%(refname)%00%(upstream:short)%00%(objectname)%00%(upstream:track)%00%(upstream:remotename)%00%(upstream:remoteref) refs/heads/main refs/remotes/main [1ms]
2025-02-08 01:17:58.995 [warning] [Git][getBranch] No such branch: main
2025-02-08 01:17:59.001 [info] > git for-each-ref --sort -committerdate --format %(refname) %(objectname) %(*objectname) [1ms]
2025-02-08 01:17:59.013 [info] > git status -z -uall [16ms]
