2025-02-15 00:58:47.873 [info] Extension host with pid 1282 started
2025-02-15 00:58:47.873 [error] Error: EEXIST: file already exists, open '/home/student/.vscode-server/data/User/workspaceStorage/255174b9c84437907369f27ac92b5bdb/vscode.lock'
2025-02-15 00:58:47.879 [info] Lock '/home/student/.vscode-server/data/User/workspaceStorage/255174b9c84437907369f27ac92b5bdb/vscode.lock': Could not acquire lock, checking if the file is stale.
2025-02-15 00:58:47.890 [info] Lock '/home/student/.vscode-server/data/User/workspaceStorage/255174b9c84437907369f27ac92b5bdb/vscode.lock': The pid 1427 appears to be gone.
2025-02-15 00:58:47.890 [info] Lock '/home/student/.vscode-server/data/User/workspaceStorage/255174b9c84437907369f27ac92b5bdb/vscode.lock': Deleting a stale lock.
2025-02-15 00:58:47.898 [info] Lock '/home/student/.vscode-server/data/User/workspaceStorage/255174b9c84437907369f27ac92b5bdb/vscode.lock': Lock acquired.
2025-02-15 00:58:48.031 [info] ExtensionService#_doActivateExtension vscode.git-base, startup: false, activationEvent: '*', root cause: vscode.git
2025-02-15 00:58:48.032 [info] ExtensionService#_doActivateExtension vscode.emmet, startup: false, activationEvent: 'onLanguage'
2025-02-15 00:58:48.205 [info] ExtensionService#_doActivateExtension vscode.git, startup: false, activationEvent: '*'
2025-02-15 00:58:48.205 [info] ExtensionService#_doActivateExtension vscode.github, startup: false, activationEvent: '*'
2025-02-15 00:58:48.593 [info] Eager extensions activated
2025-02-15 00:58:48.593 [info] ExtensionService#_doActivateExtension vscode.debug-auto-launch, startup: false, activationEvent: 'onStartupFinished'
2025-02-15 00:58:48.594 [info] ExtensionService#_doActivateExtension vscode.merge-conflict, startup: false, activationEvent: 'onStartupFinished'
2025-02-15 00:58:48.811 [warning] [Decorations] CAPPING events from decorations provider vscode.git 1629
2025-02-15 00:58:48.902 [warning] [Decorations] CAPPING events from decorations provider vscode.git 1629
2025-02-15 00:58:52.231 [warning] [Decorations] CAPPING events from decorations provider vscode.git 1629
2025-02-15 00:59:24.122 [warning] [Decorations] CAPPING events from decorations provider vscode.git 1629
2025-02-15 00:59:29.186 [warning] [Decorations] CAPPING events from decorations provider vscode.git 1629
2025-02-15 00:59:34.249 [warning] [Decorations] CAPPING events from decorations provider vscode.git 1629
2025-02-15 00:59:39.310 [warning] [Decorations] CAPPING events from decorations provider vscode.git 1629
2025-02-15 00:59:40.959 [info] ExtensionService#_doActivateExtension vscode.npm, startup: false, activationEvent: 'onTerminalQuickFixRequest:ms-vscode.npm-command'
2025-02-15 00:59:46.628 [info] ExtensionService#_doActivateExtension vscode.configuration-editing, startup: false, activationEvent: 'onLanguage:json'
2025-02-15 00:59:46.629 [info] ExtensionService#_doActivateExtension vscode.extension-editing, startup: false, activationEvent: 'onLanguage:json'
2025-02-15 00:59:46.629 [info] ExtensionService#_doActivateExtension vscode.json-language-features, startup: false, activationEvent: 'onLanguage:json'
2025-02-15 00:59:52.842 [warning] [Decorations] CAPPING events from decorations provider vscode.git 1630
2025-02-15 00:59:57.900 [warning] [Decorations] CAPPING events from decorations provider vscode.git 1630
2025-02-15 01:00:02.966 [warning] [Decorations] CAPPING events from decorations provider vscode.git 1630
2025-02-15 01:00:08.026 [warning] [Decorations] CAPPING events from decorations provider vscode.git 1630
2025-02-15 01:00:13.087 [warning] [Decorations] CAPPING events from decorations provider vscode.git 1630
2025-02-15 01:00:18.169 [warning] [Decorations] CAPPING events from decorations provider vscode.git 1630
2025-02-15 01:00:24.700 [warning] [Decorations] CAPPING events from decorations provider vscode.git 1630
2025-02-15 01:00:29.759 [warning] [Decorations] CAPPING events from decorations provider vscode.git 1630
2025-02-15 01:00:34.817 [warning] [Decorations] CAPPING events from decorations provider vscode.git 1630
2025-02-15 01:00:43.404 [warning] [Decorations] CAPPING events from decorations provider vscode.git 1631
2025-02-15 01:00:48.467 [warning] [Decorations] CAPPING events from decorations provider vscode.git 1631
2025-02-15 01:00:54.824 [warning] [Decorations] CAPPING events from decorations provider vscode.git 1631
2025-02-15 01:00:59.894 [warning] [Decorations] CAPPING events from decorations provider vscode.git 1631
2025-02-15 01:01:08.187 [warning] [Decorations] CAPPING events from decorations provider vscode.git 1631
2025-02-15 01:01:19.045 [warning] [Decorations] CAPPING events from decorations provider vscode.git 1631
2025-02-15 01:01:24.110 [warning] [Decorations] CAPPING events from decorations provider vscode.git 1631
2025-02-15 01:01:29.183 [warning] [Decorations] CAPPING events from decorations provider vscode.git 1631
2025-02-15 01:01:47.821 [warning] [Decorations] CAPPING events from decorations provider vscode.git 1631
2025-02-15 01:01:52.896 [warning] [Decorations] CAPPING events from decorations provider vscode.git 1631
2025-02-15 01:01:57.960 [warning] [Decorations] CAPPING events from decorations provider vscode.git 1631
2025-02-15 01:02:03.022 [warning] [Decorations] CAPPING events from decorations provider vscode.git 1631
2025-02-15 01:02:08.090 [warning] [Decorations] CAPPING events from decorations provider vscode.git 1631
2025-02-15 01:02:10.719 [warning] [Decorations] CAPPING events from decorations provider vscode.git 1631
2025-02-15 01:02:18.277 [warning] [Decorations] CAPPING events from decorations provider vscode.git 1631
2025-02-15 01:02:20.820 [warning] [Decorations] CAPPING events from decorations provider vscode.git 1631
2025-02-15 01:02:23.790 [warning] [Decorations] CAPPING events from decorations provider vscode.git 1631
2025-02-15 01:02:31.739 [warning] [Decorations] CAPPING events from decorations provider vscode.git 1631
2025-02-15 01:02:36.793 [warning] [Decorations] CAPPING events from decorations provider vscode.git 1631
