2025-04-27 03:57:53.227 [info] [main] Log level: Info
2025-04-27 03:57:53.227 [info] [main] Validating found git in: "git"
2025-04-27 03:57:53.227 [info] [main] Using git "2.34.1" from "git"
2025-04-27 03:57:53.227 [info] [Model][doInitialScan] Initial repository scan started
2025-04-27 03:57:53.227 [info] > git rev-parse --show-toplevel [46ms]
2025-04-27 03:57:53.227 [info] > git rev-parse --git-dir --git-common-dir [1ms]
2025-04-27 03:57:53.227 [info] [Model][openRepository] Opened repository: /home/student
2025-04-27 03:57:53.227 [info] > git config --get commit.template [8ms]
2025-04-27 03:57:53.227 [info] > git rev-parse --show-toplevel [6ms]
2025-04-27 03:57:53.227 [info] > git rev-parse --show-toplevel [1ms]
2025-04-27 03:57:53.227 [info] > git rev-parse --show-toplevel [1ms]
2025-04-27 03:57:53.227 [info] > git rev-parse --show-toplevel [1ms]
2025-04-27 03:57:53.227 [info] > git rev-parse --show-toplevel [1ms]
2025-04-27 03:57:53.227 [info] [Model][doInitialScan] Initial repository scan completed - repositories (1), closed repositories (0), parent repositories (0), unsafe repositories (0)
2025-04-27 03:57:53.227 [info] > git for-each-ref --format=%(refname)%00%(upstream:short)%00%(objectname)%00%(upstream:track)%00%(upstream:remotename)%00%(upstream:remoteref) refs/heads/main refs/remotes/main [33ms]
2025-04-27 03:57:53.227 [info] > git for-each-ref --sort -committerdate --format %(refname)%00%(objectname)%00%(*objectname) [2ms]
2025-04-27 03:57:53.530 [info] > git status -z -uall [356ms]
2025-04-27 03:57:54.549 [info] > git for-each-ref --format=%(refname)%00%(upstream:short)%00%(objectname)%00%(upstream:track)%00%(upstream:remotename)%00%(upstream:remoteref) refs/heads/main refs/remotes/main [627ms]
2025-04-27 03:57:54.566 [info] > git config --get --local branch.main.vscode-merge-base [13ms]
2025-04-27 03:57:54.566 [warning] [Git][config] git config failed: Failed to execute git
2025-04-27 03:57:54.575 [info] > git config --get commit.template [47ms]
2025-04-27 03:57:54.584 [info] > git for-each-ref --format=%(refname)%00%(upstream:short)%00%(objectname)%00%(upstream:track)%00%(upstream:remotename)%00%(upstream:remoteref) refs/heads/main refs/remotes/main [2ms]
2025-04-27 03:57:54.584 [info] > git check-ignore -v -z --stdin [23ms]
2025-04-27 03:57:54.598 [info] > git for-each-ref --sort -committerdate --format %(refname)%00%(objectname)%00%(*objectname) [2ms]
2025-04-27 03:57:54.629 [info] > git reflog main --grep-reflog=branch: Created from *. [54ms]
2025-04-27 03:57:54.640 [info] > git symbolic-ref --short refs/remotes/origin/HEAD [8ms]
2025-04-27 03:57:54.640 [info] fatal: ref refs/remotes/origin/HEAD is not a symbolic ref
2025-04-27 03:57:54.640 [warning] [Repository][getDefaultBranch] Failed to get default branch details: Failed to execute git.
2025-04-27 03:57:54.646 [info] > git merge-base refs/heads/main refs/remotes/origin/main [3ms]
2025-04-27 03:57:54.652 [info] > git diff --name-status -z --diff-filter=ADMR e77db9439cdba777c0b839f9fe71be0bb48aac92...refs/remotes/origin/main [3ms]
2025-04-27 03:57:54.684 [info] > git status -z -uall [92ms]
2025-04-27 04:20:01.747 [info] > git check-ignore -v -z --stdin [6ms]
2025-04-27 04:20:37.524 [info] > git check-ignore -v -z --stdin [4ms]
2025-04-27 04:20:39.111 [info] > git show --textconv :Engr212_Tsegay_Asmerom/Lab11/wc.txt [4ms]
2025-04-27 04:20:39.116 [info] > git ls-files --stage -- Engr212_Tsegay_Asmerom/Lab11/wc.txt [5ms]
2025-04-27 04:20:39.119 [info] > git hash-object -t tree /dev/null [0ms]
2025-04-27 04:20:39.120 [warning] [GitFileSystemProvider][stat] File not found - git:/home/student/Engr212_Tsegay_Asmerom/Lab11/wc.txt.git?%7B%22path%22%3A%22%2Fhome%2Fstudent%2FEngr212_Tsegay_Asmerom%2FLab11%2Fwc.txt%22%2C%22ref%22%3A%22%22%7D
2025-04-27 04:20:39.121 [info] > git hash-object -t tree /dev/null [6ms]
2025-04-27 04:20:39.121 [warning] [GitFileSystemProvider][readFile] File not found - git:/home/student/Engr212_Tsegay_Asmerom/Lab11/wc.txt.git?%7B%22path%22%3A%22%2Fhome%2Fstudent%2FEngr212_Tsegay_Asmerom%2FLab11%2Fwc.txt%22%2C%22ref%22%3A%22%22%7D
2025-04-27 04:20:56.821 [info] > git blame --root --incremental e77db9439cdba777c0b839f9fe71be0bb48aac92 -- Engr212_Tsegay_Asmerom/Lab11/wc.txt [6ms]
2025-04-27 04:20:56.821 [info] fatal: no such path Engr212_Tsegay_Asmerom/Lab11/wc.txt in e77db9439cdba777c0b839f9fe71be0bb48aac92
2025-04-27 06:11:13.111 [info] > git config --get commit.template [4ms]
2025-04-27 06:11:13.112 [info] > git for-each-ref --format=%(refname)%00%(upstream:short)%00%(objectname)%00%(upstream:track)%00%(upstream:remotename)%00%(upstream:remoteref) refs/heads/main refs/remotes/main [2ms]
2025-04-27 06:11:13.129 [info] > git for-each-ref --sort -committerdate --format %(refname)%00%(objectname)%00%(*objectname) [11ms]
2025-04-27 06:11:13.192 [info] > git status -z -uall [77ms]
2025-04-27 06:14:16.141 [info] > git config --get commit.template [2ms]
2025-04-27 06:14:16.147 [info] > git for-each-ref --format=%(refname)%00%(upstream:short)%00%(objectname)%00%(upstream:track)%00%(upstream:remotename)%00%(upstream:remoteref) refs/heads/main refs/remotes/main [2ms]
2025-04-27 06:14:16.166 [info] > git for-each-ref --sort -committerdate --format %(refname)%00%(objectname)%00%(*objectname) [11ms]
2025-04-27 06:14:16.242 [info] > git status -z -uall [91ms]
2025-04-27 06:14:26.748 [info] > git config --get commit.template [0ms]
2025-04-27 06:14:26.754 [info] > git for-each-ref --format=%(refname)%00%(upstream:short)%00%(objectname)%00%(upstream:track)%00%(upstream:remotename)%00%(upstream:remoteref) refs/heads/main refs/remotes/main [2ms]
2025-04-27 06:14:26.770 [info] > git for-each-ref --sort -committerdate --format %(refname)%00%(objectname)%00%(*objectname) [5ms]
2025-04-27 06:14:26.847 [info] > git status -z -uall [89ms]
2025-04-27 06:14:28.425 [info] > git show --textconv :Engr212_Tsegay_Asmerom/Lab11/wc.txt [15ms]
2025-04-27 06:14:28.426 [info] > git show --textconv HEAD:Engr212_Tsegay_Asmerom/Lab11/wc.txt [12ms]
2025-04-27 06:14:28.426 [info] > git ls-files --stage -- Engr212_Tsegay_Asmerom/Lab11/wc.txt [7ms]
2025-04-27 06:14:28.430 [warning] [GitFileSystemProvider][readFile] File not found - git:/home/student/Engr212_Tsegay_Asmerom/Lab11/wc.txt.git?%7B%22path%22%3A%22%2Fhome%2Fstudent%2FEngr212_Tsegay_Asmerom%2FLab11%2Fwc.txt%22%2C%22ref%22%3A%22HEAD%22%7D
2025-04-27 06:14:28.432 [info] > git cat-file -s ea187ee108ea5146906f7fb443619ceee922635e [3ms]
2025-04-27 06:14:28.433 [info] > git ls-tree -l HEAD -- Engr212_Tsegay_Asmerom/Lab11/wc.txt [9ms]
2025-04-27 06:14:28.433 [warning] [GitFileSystemProvider][stat] File not found - git:/home/student/Engr212_Tsegay_Asmerom/Lab11/wc.txt.git?%7B%22path%22%3A%22%2Fhome%2Fstudent%2FEngr212_Tsegay_Asmerom%2FLab11%2Fwc.txt%22%2C%22ref%22%3A%22HEAD%22%7D
2025-04-27 06:14:48.795 [info] > git config --get commit.template [3ms]
2025-04-27 06:14:48.796 [info] > git for-each-ref --format=%(refname)%00%(upstream:short)%00%(objectname)%00%(upstream:track)%00%(upstream:remotename)%00%(upstream:remoteref) refs/heads/main refs/remotes/main [2ms]
2025-04-27 06:14:48.808 [info] > git for-each-ref --sort -committerdate --format %(refname)%00%(objectname)%00%(*objectname) [3ms]
2025-04-27 06:14:48.878 [info] > git status -z -uall [75ms]
2025-04-27 06:14:49.567 [info] > git merge-base refs/heads/main refs/remotes/origin/main [516ms]
2025-04-27 06:14:49.571 [info] > git blame --root --incremental 57003cdd9e773c8d196828f497b30ad9482d81cf -- Engr212_Tsegay_Asmerom/Lab11/wc.txt [525ms]
2025-04-27 06:14:49.761 [info] > git diff --name-status -z --diff-filter=ADMR e77db9439cdba777c0b839f9fe71be0bb48aac92...refs/remotes/origin/main [190ms]
2025-04-27 06:14:56.511 [info] > git config --get commit.template [5ms]
2025-04-27 06:14:56.512 [info] > git for-each-ref --format=%(refname)%00%(upstream:short)%00%(objectname)%00%(upstream:track)%00%(upstream:remotename)%00%(upstream:remoteref) refs/heads/main refs/remotes/main [3ms]
2025-04-27 06:14:56.524 [info] > git for-each-ref --sort -committerdate --format %(refname)%00%(objectname)%00%(*objectname) [5ms]
2025-04-27 06:14:56.593 [info] > git status -z -uall [78ms]
2025-04-27 06:14:57.255 [info] > git merge-base refs/heads/main refs/remotes/origin/main [531ms]
2025-04-27 06:14:57.271 [info] > git diff --name-status -z --diff-filter=ADMR 57003cdd9e773c8d196828f497b30ad9482d81cf...refs/remotes/origin/main [9ms]
2025-04-27 06:14:58.260 [info] > git config --get commit.template [6ms]
2025-04-27 06:14:58.262 [info] > git for-each-ref --format=%(refname)%00%(upstream:short)%00%(objectname)%00%(upstream:track)%00%(upstream:remotename)%00%(upstream:remoteref) refs/heads/main refs/remotes/main [3ms]
2025-04-27 06:14:58.271 [info] > git for-each-ref --sort -committerdate --format %(refname)%00%(objectname)%00%(*objectname) [2ms]
2025-04-27 06:14:58.342 [info] > git status -z -uall [76ms]
2025-04-27 06:14:59.614 [info] > git ls-files --stage -- Engr212_Tsegay_Asmerom/Lab11/wc.txt [9ms]
2025-04-27 06:14:59.628 [info] > git cat-file -s ea187ee108ea5146906f7fb443619ceee922635e [4ms]
2025-04-27 06:15:00.012 [info] > git show --textconv :Engr212_Tsegay_Asmerom/Lab11/wc.txt [6ms]
