2025-02-23 23:57:09.836 [info] [main] Log level: Info
2025-02-23 23:57:09.836 [info] [main] Validating found git in: "git"
2025-02-23 23:57:09.836 [info] [main] Using git "2.34.1" from "git"
2025-02-23 23:57:09.836 [info] [Model][doInitialScan] Initial repository scan started
2025-02-23 23:57:09.836 [info] > git rev-parse --show-toplevel [48ms]
2025-02-23 23:57:09.836 [info] > git rev-parse --git-dir --git-common-dir [2ms]
2025-02-23 23:57:09.836 [info] [Model][openRepository] Opened repository: /home/student
2025-02-23 23:57:09.838 [info] > git rev-parse --show-toplevel [6ms]
2025-02-23 23:57:09.839 [info] > git config --get commit.template [10ms]
2025-02-23 23:57:09.850 [info] > git rev-parse --show-toplevel [7ms]
2025-02-23 23:57:09.856 [info] > git rev-parse --show-toplevel [1ms]
2025-02-23 23:57:09.862 [info] > git rev-parse --show-toplevel [2ms]
2025-02-23 23:57:09.865 [info] [Model][doInitialScan] Initial repository scan completed - repositories (1), closed repositories (0), parent repositories (0), unsafe repositories (0)
2025-02-23 23:57:09.933 [info] > git for-each-ref --format=%(refname)%00%(upstream:short)%00%(objectname)%00%(upstream:track)%00%(upstream:remotename)%00%(upstream:remoteref) refs/heads/main refs/remotes/main [85ms]
2025-02-23 23:57:09.942 [info] > git for-each-ref --sort -committerdate --format %(refname) %(objectname) %(*objectname) [2ms]
2025-02-23 23:57:10.062 [info] > git status -z -uall [125ms]
2025-02-23 23:57:10.565 [info] > git for-each-ref --format=%(refname)%00%(upstream:short)%00%(objectname)%00%(upstream:track)%00%(upstream:remotename)%00%(upstream:remoteref) refs/heads/main refs/remotes/main [280ms]
2025-02-23 23:57:10.573 [info] > git config --get --local branch.main.vscode-merge-base [4ms]
2025-02-23 23:57:10.573 [warning] [Git][config] git config failed: Failed to execute git
2025-02-23 23:57:10.576 [info] > git config --get commit.template [11ms]
2025-02-23 23:57:10.576 [info] > git check-ignore -v -z --stdin [6ms]
2025-02-23 23:57:10.581 [info] > git for-each-ref --format=%(refname)%00%(upstream:short)%00%(objectname)%00%(upstream:track)%00%(upstream:remotename)%00%(upstream:remoteref) refs/heads/main refs/remotes/main [2ms]
2025-02-23 23:57:10.586 [info] > git reflog main --grep-reflog=branch: Created from *. [11ms]
2025-02-23 23:57:10.590 [info] > git for-each-ref --sort -committerdate --format %(refname) %(objectname) %(*objectname) [4ms]
2025-02-23 23:57:10.594 [info] > git symbolic-ref --short refs/remotes/origin/HEAD [5ms]
2025-02-23 23:57:10.594 [info] fatal: ref refs/remotes/origin/HEAD is not a symbolic ref
2025-02-23 23:57:10.594 [warning] [Repository][getDefaultBranch] Failed to get default branch details: Failed to execute git.
2025-02-23 23:57:10.598 [info] > git merge-base refs/heads/main refs/remotes/origin/main [1ms]
2025-02-23 23:57:10.602 [info] > git diff --name-status -z --diff-filter=ADMR fd3386a112d170846eaa25b21e7febe210086900...refs/remotes/origin/main [2ms]
2025-02-23 23:57:10.620 [info] > git status -z -uall [37ms]
2025-02-23 23:57:12.777 [info] > git config --get commit.template [6ms]
2025-02-23 23:57:12.778 [info] > git for-each-ref --format=%(refname)%00%(upstream:short)%00%(objectname)%00%(upstream:track)%00%(upstream:remotename)%00%(upstream:remoteref) refs/heads/main refs/remotes/main [2ms]
2025-02-23 23:57:12.793 [info] > git for-each-ref --sort -committerdate --format %(refname) %(objectname) %(*objectname) [1ms]
2025-02-23 23:57:12.831 [info] > git status -z -uall [46ms]
2025-02-23 23:57:13.683 [info] > git check-ignore -v -z --stdin [2ms]
2025-02-23 23:57:17.086 [info] > git check-ignore -v -z --stdin [3ms]
2025-02-23 23:57:17.862 [info] > git config --get commit.template [4ms]
2025-02-23 23:57:17.863 [info] > git for-each-ref --format=%(refname)%00%(upstream:short)%00%(objectname)%00%(upstream:track)%00%(upstream:remotename)%00%(upstream:remoteref) refs/heads/main refs/remotes/main [2ms]
2025-02-23 23:57:17.870 [info] > git for-each-ref --sort -committerdate --format %(refname) %(objectname) %(*objectname) [0ms]
2025-02-23 23:57:17.900 [info] > git status -z -uall [35ms]
2025-02-23 23:57:25.195 [info] > git config --get commit.template [4ms]
2025-02-23 23:57:25.196 [info] > git for-each-ref --format=%(refname)%00%(upstream:short)%00%(objectname)%00%(upstream:track)%00%(upstream:remotename)%00%(upstream:remoteref) refs/heads/main refs/remotes/main [2ms]
2025-02-23 23:57:25.203 [info] > git for-each-ref --sort -committerdate --format %(refname) %(objectname) %(*objectname) [2ms]
2025-02-23 23:57:25.233 [info] > git status -z -uall [35ms]
2025-02-23 23:57:30.262 [info] > git config --get commit.template [4ms]
2025-02-23 23:57:30.262 [info] > git for-each-ref --format=%(refname)%00%(upstream:short)%00%(objectname)%00%(upstream:track)%00%(upstream:remotename)%00%(upstream:remoteref) refs/heads/main refs/remotes/main [2ms]
2025-02-23 23:57:30.271 [info] > git for-each-ref --sort -committerdate --format %(refname) %(objectname) %(*objectname) [1ms]
2025-02-23 23:57:30.300 [info] > git status -z -uall [35ms]
2025-02-23 23:58:11.378 [info] > git config --get commit.template [3ms]
2025-02-23 23:58:11.379 [info] > git for-each-ref --format=%(refname)%00%(upstream:short)%00%(objectname)%00%(upstream:track)%00%(upstream:remotename)%00%(upstream:remoteref) refs/heads/main refs/remotes/main [2ms]
2025-02-23 23:58:11.388 [info] > git for-each-ref --sort -committerdate --format %(refname) %(objectname) %(*objectname) [2ms]
2025-02-23 23:58:11.418 [info] > git status -z -uall [36ms]
2025-02-23 23:58:16.462 [info] > git config --get commit.template [3ms]
2025-02-23 23:58:16.463 [info] > git for-each-ref --format=%(refname)%00%(upstream:short)%00%(objectname)%00%(upstream:track)%00%(upstream:remotename)%00%(upstream:remoteref) refs/heads/main refs/remotes/main [1ms]
2025-02-23 23:58:16.469 [info] > git for-each-ref --sort -committerdate --format %(refname) %(objectname) %(*objectname) [0ms]
2025-02-23 23:58:16.500 [info] > git status -z -uall [35ms]
2025-02-23 23:58:21.534 [info] > git config --get commit.template [3ms]
2025-02-23 23:58:21.541 [info] > git for-each-ref --format=%(refname)%00%(upstream:short)%00%(objectname)%00%(upstream:track)%00%(upstream:remotename)%00%(upstream:remoteref) refs/heads/main refs/remotes/main [1ms]
2025-02-23 23:58:21.568 [info] > git for-each-ref --sort -committerdate --format %(refname) %(objectname) %(*objectname) [5ms]
2025-02-23 23:58:21.603 [info] > git status -z -uall [52ms]
2025-02-23 23:59:47.815 [info] > git config --get commit.template [4ms]
2025-02-23 23:59:47.816 [info] > git for-each-ref --format=%(refname)%00%(upstream:short)%00%(objectname)%00%(upstream:track)%00%(upstream:remotename)%00%(upstream:remoteref) refs/heads/main refs/remotes/main [2ms]
2025-02-23 23:59:47.823 [info] > git for-each-ref --sort -committerdate --format %(refname) %(objectname) %(*objectname) [2ms]
2025-02-23 23:59:47.856 [info] > git status -z -uall [38ms]
2025-02-23 23:59:52.896 [info] > git config --get commit.template [4ms]
2025-02-23 23:59:52.897 [info] > git for-each-ref --format=%(refname)%00%(upstream:short)%00%(objectname)%00%(upstream:track)%00%(upstream:remotename)%00%(upstream:remoteref) refs/heads/main refs/remotes/main [2ms]
2025-02-23 23:59:52.905 [info] > git for-each-ref --sort -committerdate --format %(refname) %(objectname) %(*objectname) [1ms]
2025-02-23 23:59:52.934 [info] > git status -z -uall [34ms]
2025-02-23 23:59:57.966 [info] > git config --get commit.template [4ms]
2025-02-23 23:59:57.967 [info] > git for-each-ref --format=%(refname)%00%(upstream:short)%00%(objectname)%00%(upstream:track)%00%(upstream:remotename)%00%(upstream:remoteref) refs/heads/main refs/remotes/main [2ms]
2025-02-23 23:59:57.975 [info] > git for-each-ref --sort -committerdate --format %(refname) %(objectname) %(*objectname) [1ms]
2025-02-23 23:59:58.005 [info] > git status -z -uall [35ms]
2025-02-24 00:00:03.041 [info] > git config --get commit.template [3ms]
2025-02-24 00:00:03.046 [info] > git for-each-ref --format=%(refname)%00%(upstream:short)%00%(objectname)%00%(upstream:track)%00%(upstream:remotename)%00%(upstream:remoteref) refs/heads/main refs/remotes/main [2ms]
2025-02-24 00:00:03.056 [info] > git for-each-ref --sort -committerdate --format %(refname) %(objectname) %(*objectname) [0ms]
2025-02-24 00:00:03.083 [info] > git status -z -uall [32ms]
2025-02-24 00:00:08.118 [info] > git config --get commit.template [4ms]
2025-02-24 00:00:08.119 [info] > git for-each-ref --format=%(refname)%00%(upstream:short)%00%(objectname)%00%(upstream:track)%00%(upstream:remotename)%00%(upstream:remoteref) refs/heads/main refs/remotes/main [2ms]
2025-02-24 00:00:08.127 [info] > git for-each-ref --sort -committerdate --format %(refname) %(objectname) %(*objectname) [2ms]
2025-02-24 00:00:08.156 [info] > git status -z -uall [34ms]
2025-02-24 00:00:14.904 [info] > git config --get commit.template [3ms]
2025-02-24 00:00:14.905 [info] > git for-each-ref --format=%(refname)%00%(upstream:short)%00%(objectname)%00%(upstream:track)%00%(upstream:remotename)%00%(upstream:remoteref) refs/heads/main refs/remotes/main [2ms]
2025-02-24 00:00:14.912 [info] > git for-each-ref --sort -committerdate --format %(refname) %(objectname) %(*objectname) [0ms]
2025-02-24 00:00:14.942 [info] > git status -z -uall [35ms]
2025-02-24 00:01:09.559 [info] > git config --get commit.template [4ms]
2025-02-24 00:01:09.560 [info] > git for-each-ref --format=%(refname)%00%(upstream:short)%00%(objectname)%00%(upstream:track)%00%(upstream:remotename)%00%(upstream:remoteref) refs/heads/main refs/remotes/main [2ms]
2025-02-24 00:01:09.568 [info] > git for-each-ref --sort -committerdate --format %(refname) %(objectname) %(*objectname) [1ms]
2025-02-24 00:01:09.597 [info] > git status -z -uall [34ms]
2025-02-24 00:01:14.632 [info] > git config --get commit.template [4ms]
2025-02-24 00:01:14.633 [info] > git for-each-ref --format=%(refname)%00%(upstream:short)%00%(objectname)%00%(upstream:track)%00%(upstream:remotename)%00%(upstream:remoteref) refs/heads/main refs/remotes/main [2ms]
2025-02-24 00:01:14.641 [info] > git for-each-ref --sort -committerdate --format %(refname) %(objectname) %(*objectname) [1ms]
2025-02-24 00:01:14.670 [info] > git status -z -uall [35ms]
2025-02-24 00:01:18.795 [info] > git show --textconv :Engr212_Tsegay_Asmerom/Lab3/Lab3symboliclink.txt” [4ms]
2025-02-24 00:01:18.798 [info] > git ls-files --stage -- /home/student/Engr212_Tsegay_Asmerom/Lab3/Lab3symboliclink.txt” [4ms]
2025-02-24 00:01:18.803 [info] > git hash-object -t tree /dev/null [3ms]
2025-02-24 00:01:18.804 [warning] [GitFileSystemProvider][stat] File not found - git:/home/student/Engr212_Tsegay_Asmerom/Lab3/Lab3symboliclink.txt%E2%80%9D.git?%7B%22path%22%3A%22%2Fhome%2Fstudent%2FEngr212_Tsegay_Asmerom%2FLab3%2FLab3symboliclink.txt%E2%80%9D%22%2C%22ref%22%3A%22%22%7D
2025-02-24 00:01:18.807 [info] > git hash-object -t tree /dev/null [9ms]
2025-02-24 00:01:18.807 [warning] [GitFileSystemProvider][readFile] File not found - git:/home/student/Engr212_Tsegay_Asmerom/Lab3/Lab3symboliclink.txt%E2%80%9D.git?%7B%22path%22%3A%22%2Fhome%2Fstudent%2FEngr212_Tsegay_Asmerom%2FLab3%2FLab3symboliclink.txt%E2%80%9D%22%2C%22ref%22%3A%22%22%7D
2025-02-24 00:01:18.807 [info] > git check-ignore -v -z --stdin [4ms]
2025-02-24 00:01:19.704 [info] > git config --get commit.template [4ms]
2025-02-24 00:01:19.704 [info] > git for-each-ref --format=%(refname)%00%(upstream:short)%00%(objectname)%00%(upstream:track)%00%(upstream:remotename)%00%(upstream:remoteref) refs/heads/main refs/remotes/main [1ms]
2025-02-24 00:01:19.713 [info] > git for-each-ref --sort -committerdate --format %(refname) %(objectname) %(*objectname) [1ms]
2025-02-24 00:01:19.743 [info] > git status -z -uall [36ms]
2025-02-24 00:01:24.775 [info] > git config --get commit.template [3ms]
2025-02-24 00:01:24.776 [info] > git for-each-ref --format=%(refname)%00%(upstream:short)%00%(objectname)%00%(upstream:track)%00%(upstream:remotename)%00%(upstream:remoteref) refs/heads/main refs/remotes/main [2ms]
2025-02-24 00:01:24.783 [info] > git for-each-ref --sort -committerdate --format %(refname) %(objectname) %(*objectname) [0ms]
2025-02-24 00:01:24.817 [info] > git status -z -uall [38ms]
2025-02-24 00:01:29.868 [info] > git config --get commit.template [3ms]
2025-02-24 00:01:29.869 [info] > git for-each-ref --format=%(refname)%00%(upstream:short)%00%(objectname)%00%(upstream:track)%00%(upstream:remotename)%00%(upstream:remoteref) refs/heads/main refs/remotes/main [2ms]
2025-02-24 00:01:29.877 [info] > git for-each-ref --sort -committerdate --format %(refname) %(objectname) %(*objectname) [0ms]
2025-02-24 00:01:29.914 [info] > git status -z -uall [42ms]
2025-02-24 00:01:34.945 [info] > git config --get commit.template [4ms]
2025-02-24 00:01:34.946 [info] > git for-each-ref --format=%(refname)%00%(upstream:short)%00%(objectname)%00%(upstream:track)%00%(upstream:remotename)%00%(upstream:remoteref) refs/heads/main refs/remotes/main [2ms]
2025-02-24 00:01:34.953 [info] > git for-each-ref --sort -committerdate --format %(refname) %(objectname) %(*objectname) [0ms]
2025-02-24 00:01:34.983 [info] > git status -z -uall [35ms]
2025-02-24 00:01:40.016 [info] > git config --get commit.template [4ms]
2025-02-24 00:01:40.016 [info] > git for-each-ref --format=%(refname)%00%(upstream:short)%00%(objectname)%00%(upstream:track)%00%(upstream:remotename)%00%(upstream:remoteref) refs/heads/main refs/remotes/main [2ms]
2025-02-24 00:01:40.044 [info] > git for-each-ref --sort -committerdate --format %(refname) %(objectname) %(*objectname) [3ms]
2025-02-24 00:01:40.076 [info] > git status -z -uall [42ms]
2025-02-24 00:01:45.107 [info] > git config --get commit.template [4ms]
2025-02-24 00:01:45.108 [info] > git for-each-ref --format=%(refname)%00%(upstream:short)%00%(objectname)%00%(upstream:track)%00%(upstream:remotename)%00%(upstream:remoteref) refs/heads/main refs/remotes/main [2ms]
2025-02-24 00:01:45.115 [info] > git for-each-ref --sort -committerdate --format %(refname) %(objectname) %(*objectname) [0ms]
2025-02-24 00:01:45.146 [info] > git status -z -uall [36ms]
2025-02-24 00:01:50.175 [info] > git config --get commit.template [4ms]
2025-02-24 00:01:50.176 [info] > git for-each-ref --format=%(refname)%00%(upstream:short)%00%(objectname)%00%(upstream:track)%00%(upstream:remotename)%00%(upstream:remoteref) refs/heads/main refs/remotes/main [2ms]
2025-02-24 00:01:50.184 [info] > git for-each-ref --sort -committerdate --format %(refname) %(objectname) %(*objectname) [1ms]
2025-02-24 00:01:50.213 [info] > git status -z -uall [34ms]
2025-02-24 00:03:39.303 [info] > git config --get commit.template [3ms]
2025-02-24 00:03:39.304 [info] > git for-each-ref --format=%(refname)%00%(upstream:short)%00%(objectname)%00%(upstream:track)%00%(upstream:remotename)%00%(upstream:remoteref) refs/heads/main refs/remotes/main [2ms]
2025-02-24 00:03:39.312 [info] > git for-each-ref --sort -committerdate --format %(refname) %(objectname) %(*objectname) [1ms]
2025-02-24 00:03:39.345 [info] > git status -z -uall [38ms]
2025-02-24 00:03:51.044 [info] > git config --get commit.template [3ms]
2025-02-24 00:03:51.044 [info] > git for-each-ref --format=%(refname)%00%(upstream:short)%00%(objectname)%00%(upstream:track)%00%(upstream:remotename)%00%(upstream:remoteref) refs/heads/main refs/remotes/main [1ms]
2025-02-24 00:03:51.052 [info] > git for-each-ref --sort -committerdate --format %(refname) %(objectname) %(*objectname) [1ms]
2025-02-24 00:03:51.082 [info] > git status -z -uall [35ms]
2025-02-24 00:03:56.121 [info] > git config --get commit.template [4ms]
2025-02-24 00:03:56.122 [info] > git for-each-ref --format=%(refname)%00%(upstream:short)%00%(objectname)%00%(upstream:track)%00%(upstream:remotename)%00%(upstream:remoteref) refs/heads/main refs/remotes/main [2ms]
2025-02-24 00:03:56.129 [info] > git for-each-ref --sort -committerdate --format %(refname) %(objectname) %(*objectname) [0ms]
2025-02-24 00:03:56.160 [info] > git status -z -uall [36ms]
2025-02-24 00:04:01.192 [info] > git config --get commit.template [3ms]
2025-02-24 00:04:01.194 [info] > git for-each-ref --format=%(refname)%00%(upstream:short)%00%(objectname)%00%(upstream:track)%00%(upstream:remotename)%00%(upstream:remoteref) refs/heads/main refs/remotes/main [1ms]
2025-02-24 00:04:01.201 [info] > git for-each-ref --sort -committerdate --format %(refname) %(objectname) %(*objectname) [1ms]
2025-02-24 00:04:01.232 [info] > git status -z -uall [35ms]
2025-02-24 00:04:06.282 [info] > git config --get commit.template [3ms]
2025-02-24 00:04:06.283 [info] > git for-each-ref --format=%(refname)%00%(upstream:short)%00%(objectname)%00%(upstream:track)%00%(upstream:remotename)%00%(upstream:remoteref) refs/heads/main refs/remotes/main [1ms]
2025-02-24 00:04:06.291 [info] > git for-each-ref --sort -committerdate --format %(refname) %(objectname) %(*objectname) [1ms]
2025-02-24 00:04:06.321 [info] > git status -z -uall [35ms]
2025-02-24 00:04:11.350 [info] > git config --get commit.template [4ms]
2025-02-24 00:04:11.351 [info] > git for-each-ref --format=%(refname)%00%(upstream:short)%00%(objectname)%00%(upstream:track)%00%(upstream:remotename)%00%(upstream:remoteref) refs/heads/main refs/remotes/main [2ms]
2025-02-24 00:04:11.361 [info] > git for-each-ref --sort -committerdate --format %(refname) %(objectname) %(*objectname) [1ms]
2025-02-24 00:04:11.391 [info] > git status -z -uall [37ms]
2025-02-24 00:04:36.668 [info] > git config --get commit.template [2ms]
2025-02-24 00:04:36.669 [info] > git for-each-ref --format=%(refname)%00%(upstream:short)%00%(objectname)%00%(upstream:track)%00%(upstream:remotename)%00%(upstream:remoteref) refs/heads/main refs/remotes/main [1ms]
2025-02-24 00:04:36.677 [info] > git for-each-ref --sort -committerdate --format %(refname) %(objectname) %(*objectname) [1ms]
2025-02-24 00:04:36.706 [info] > git status -z -uall [35ms]
2025-02-24 00:04:41.744 [info] > git config --get commit.template [4ms]
2025-02-24 00:04:41.744 [info] > git for-each-ref --format=%(refname)%00%(upstream:short)%00%(objectname)%00%(upstream:track)%00%(upstream:remotename)%00%(upstream:remoteref) refs/heads/main refs/remotes/main [1ms]
2025-02-24 00:04:41.752 [info] > git for-each-ref --sort -committerdate --format %(refname) %(objectname) %(*objectname) [2ms]
2025-02-24 00:04:41.782 [info] > git status -z -uall [35ms]
2025-02-24 00:04:46.812 [info] > git config --get commit.template [4ms]
2025-02-24 00:04:46.813 [info] > git for-each-ref --format=%(refname)%00%(upstream:short)%00%(objectname)%00%(upstream:track)%00%(upstream:remotename)%00%(upstream:remoteref) refs/heads/main refs/remotes/main [2ms]
2025-02-24 00:04:46.820 [info] > git for-each-ref --sort -committerdate --format %(refname) %(objectname) %(*objectname) [0ms]
2025-02-24 00:04:46.850 [info] > git status -z -uall [34ms]
2025-02-24 00:04:56.373 [info] > git config --get commit.template [4ms]
2025-02-24 00:04:56.374 [info] > git for-each-ref --format=%(refname)%00%(upstream:short)%00%(objectname)%00%(upstream:track)%00%(upstream:remotename)%00%(upstream:remoteref) refs/heads/main refs/remotes/main [2ms]
2025-02-24 00:04:56.381 [info] > git for-each-ref --sort -committerdate --format %(refname) %(objectname) %(*objectname) [1ms]
2025-02-24 00:04:56.411 [info] > git status -z -uall [35ms]
2025-02-24 00:05:11.293 [info] > git config --get commit.template [4ms]
2025-02-24 00:05:11.294 [info] > git for-each-ref --format=%(refname)%00%(upstream:short)%00%(objectname)%00%(upstream:track)%00%(upstream:remotename)%00%(upstream:remoteref) refs/heads/main refs/remotes/main [2ms]
2025-02-24 00:05:11.302 [info] > git for-each-ref --sort -committerdate --format %(refname) %(objectname) %(*objectname) [1ms]
2025-02-24 00:05:11.332 [info] > git status -z -uall [34ms]
2025-02-24 00:05:15.326 [info] > git check-ignore -v -z --stdin [2ms]
2025-02-24 00:05:16.367 [info] > git config --get commit.template [3ms]
2025-02-24 00:05:16.368 [info] > git for-each-ref --format=%(refname)%00%(upstream:short)%00%(objectname)%00%(upstream:track)%00%(upstream:remotename)%00%(upstream:remoteref) refs/heads/main refs/remotes/main [1ms]
2025-02-24 00:05:16.376 [info] > git for-each-ref --sort -committerdate --format %(refname) %(objectname) %(*objectname) [1ms]
2025-02-24 00:05:16.406 [info] > git status -z -uall [35ms]
2025-02-24 00:05:21.441 [info] > git config --get commit.template [4ms]
2025-02-24 00:05:21.442 [info] > git for-each-ref --format=%(refname)%00%(upstream:short)%00%(objectname)%00%(upstream:track)%00%(upstream:remotename)%00%(upstream:remoteref) refs/heads/main refs/remotes/main [2ms]
2025-02-24 00:05:21.450 [info] > git for-each-ref --sort -committerdate --format %(refname) %(objectname) %(*objectname) [1ms]
2025-02-24 00:05:21.479 [info] > git status -z -uall [34ms]
2025-02-24 00:05:26.508 [info] > git config --get commit.template [4ms]
2025-02-24 00:05:26.509 [info] > git for-each-ref --format=%(refname)%00%(upstream:short)%00%(objectname)%00%(upstream:track)%00%(upstream:remotename)%00%(upstream:remoteref) refs/heads/main refs/remotes/main [2ms]
2025-02-24 00:05:26.516 [info] > git for-each-ref --sort -committerdate --format %(refname) %(objectname) %(*objectname) [0ms]
2025-02-24 00:05:26.546 [info] > git status -z -uall [35ms]
