2025-03-08 00:06:58.749 [info] [main] Log level: Info
2025-03-08 00:06:58.749 [info] [main] Validating found git in: "git"
2025-03-08 00:06:58.749 [info] [main] Using git "2.34.1" from "git"
2025-03-08 00:06:58.749 [info] [Model][doInitialScan] Initial repository scan started
2025-03-08 00:06:58.749 [info] > git rev-parse --show-toplevel [43ms]
2025-03-08 00:06:58.749 [info] > git rev-parse --git-dir --git-common-dir [1ms]
2025-03-08 00:06:58.749 [info] [Model][openRepository] Opened repository: /home/student
2025-03-08 00:06:58.749 [info] > git config --get commit.template [9ms]
2025-03-08 00:06:58.749 [info] > git rev-parse --show-toplevel [7ms]
2025-03-08 00:06:58.749 [info] > git rev-parse --show-toplevel [1ms]
2025-03-08 00:06:58.749 [info] > git rev-parse --show-toplevel [1ms]
2025-03-08 00:06:58.749 [info] > git rev-parse --show-toplevel [1ms]
2025-03-08 00:06:58.749 [info] [Model][doInitialScan] Initial repository scan completed - repositories (1), closed repositories (0), parent repositories (0), unsafe repositories (0)
2025-03-08 00:06:58.749 [info] > git for-each-ref --format=%(refname)%00%(upstream:short)%00%(objectname)%00%(upstream:track)%00%(upstream:remotename)%00%(upstream:remoteref) refs/heads/main refs/remotes/main [34ms]
2025-03-08 00:06:58.758 [info] > git for-each-ref --sort -committerdate --format %(refname) %(objectname) %(*objectname) [3ms]
2025-03-08 00:06:58.943 [info] > git status -z -uall [191ms]
2025-03-08 00:06:59.084 [info] > git for-each-ref --format=%(refname)%00%(upstream:short)%00%(objectname)%00%(upstream:track)%00%(upstream:remotename)%00%(upstream:remoteref) refs/heads/main refs/remotes/main [17ms]
2025-03-08 00:06:59.088 [info] > git config --get commit.template [5ms]
2025-03-08 00:06:59.089 [info] > git config --get --local branch.main.vscode-merge-base [2ms]
2025-03-08 00:06:59.089 [warning] [Git][config] git config failed: Failed to execute git
2025-03-08 00:06:59.096 [info] > git for-each-ref --format=%(refname)%00%(upstream:short)%00%(objectname)%00%(upstream:track)%00%(upstream:remotename)%00%(upstream:remoteref) refs/heads/main refs/remotes/main [2ms]
2025-03-08 00:06:59.106 [info] > git for-each-ref --sort -committerdate --format %(refname) %(objectname) %(*objectname) [1ms]
2025-03-08 00:06:59.114 [info] > git reflog main --grep-reflog=branch: Created from *. [23ms]
2025-03-08 00:06:59.122 [info] > git symbolic-ref --short refs/remotes/origin/HEAD [5ms]
2025-03-08 00:06:59.122 [info] fatal: ref refs/remotes/origin/HEAD is not a symbolic ref
2025-03-08 00:06:59.122 [warning] [Repository][getDefaultBranch] Failed to get default branch details: Failed to execute git.
2025-03-08 00:06:59.127 [info] > git merge-base refs/heads/main refs/remotes/origin/main [2ms]
2025-03-08 00:06:59.132 [info] > git diff --name-status -z --diff-filter=ADMR 7ebd56723eb290d785ff9d03833ad42fcecfe631...refs/remotes/origin/main [2ms]
2025-03-08 00:06:59.156 [info] > git status -z -uall [57ms]
2025-03-08 00:06:59.278 [info] > git check-ignore -v -z --stdin [6ms]
2025-03-08 00:07:02.833 [info] > git config --get commit.template [4ms]
2025-03-08 00:07:02.834 [info] > git for-each-ref --format=%(refname)%00%(upstream:short)%00%(objectname)%00%(upstream:track)%00%(upstream:remotename)%00%(upstream:remoteref) refs/heads/main refs/remotes/main [2ms]
2025-03-08 00:07:02.841 [info] > git for-each-ref --sort -committerdate --format %(refname) %(objectname) %(*objectname) [2ms]
2025-03-08 00:07:02.881 [info] > git status -z -uall [45ms]
2025-03-08 00:07:07.893 [info] > git config --get commit.template [3ms]
2025-03-08 00:07:07.894 [info] > git for-each-ref --format=%(refname)%00%(upstream:short)%00%(objectname)%00%(upstream:track)%00%(upstream:remotename)%00%(upstream:remoteref) refs/heads/main refs/remotes/main [1ms]
2025-03-08 00:07:07.906 [info] > git for-each-ref --sort -committerdate --format %(refname) %(objectname) %(*objectname) [6ms]
2025-03-08 00:07:07.941 [info] > git status -z -uall [44ms]
2025-03-08 00:07:12.952 [info] > git config --get commit.template [3ms]
2025-03-08 00:07:12.953 [info] > git for-each-ref --format=%(refname)%00%(upstream:short)%00%(objectname)%00%(upstream:track)%00%(upstream:remotename)%00%(upstream:remoteref) refs/heads/main refs/remotes/main [1ms]
2025-03-08 00:07:12.962 [info] > git for-each-ref --sort -committerdate --format %(refname) %(objectname) %(*objectname) [3ms]
2025-03-08 00:07:13.000 [info] > git status -z -uall [44ms]
2025-03-08 00:07:18.011 [info] > git config --get commit.template [4ms]
2025-03-08 00:07:18.012 [info] > git for-each-ref --format=%(refname)%00%(upstream:short)%00%(objectname)%00%(upstream:track)%00%(upstream:remotename)%00%(upstream:remoteref) refs/heads/main refs/remotes/main [2ms]
2025-03-08 00:07:18.024 [info] > git for-each-ref --sort -committerdate --format %(refname) %(objectname) %(*objectname) [7ms]
2025-03-08 00:07:18.059 [info] > git status -z -uall [45ms]
2025-03-08 00:07:23.069 [info] > git config --get commit.template [3ms]
2025-03-08 00:07:23.070 [info] > git for-each-ref --format=%(refname)%00%(upstream:short)%00%(objectname)%00%(upstream:track)%00%(upstream:remotename)%00%(upstream:remoteref) refs/heads/main refs/remotes/main [2ms]
2025-03-08 00:07:23.083 [info] > git for-each-ref --sort -committerdate --format %(refname) %(objectname) %(*objectname) [8ms]
2025-03-08 00:07:23.116 [info] > git status -z -uall [44ms]
2025-03-08 00:07:29.688 [info] > git config --get commit.template [4ms]
2025-03-08 00:07:29.689 [info] > git for-each-ref --format=%(refname)%00%(upstream:short)%00%(objectname)%00%(upstream:track)%00%(upstream:remotename)%00%(upstream:remoteref) refs/heads/main refs/remotes/main [2ms]
2025-03-08 00:07:29.696 [info] > git for-each-ref --sort -committerdate --format %(refname) %(objectname) %(*objectname) [2ms]
2025-03-08 00:07:29.740 [info] > git status -z -uall [49ms]
2025-03-08 00:07:37.100 [info] > git config --get commit.template [3ms]
2025-03-08 00:07:37.101 [info] > git for-each-ref --format=%(refname)%00%(upstream:short)%00%(objectname)%00%(upstream:track)%00%(upstream:remotename)%00%(upstream:remoteref) refs/heads/main refs/remotes/main [1ms]
2025-03-08 00:07:37.112 [info] > git for-each-ref --sort -committerdate --format %(refname) %(objectname) %(*objectname) [2ms]
2025-03-08 00:07:37.152 [info] > git status -z -uall [48ms]
2025-03-08 00:07:42.164 [info] > git config --get commit.template [3ms]
2025-03-08 00:07:42.165 [info] > git for-each-ref --format=%(refname)%00%(upstream:short)%00%(objectname)%00%(upstream:track)%00%(upstream:remotename)%00%(upstream:remoteref) refs/heads/main refs/remotes/main [2ms]
2025-03-08 00:07:42.177 [info] > git for-each-ref --sort -committerdate --format %(refname) %(objectname) %(*objectname) [8ms]
2025-03-08 00:07:42.214 [info] > git status -z -uall [47ms]
2025-03-08 00:07:53.142 [info] > git config --get commit.template [3ms]
2025-03-08 00:07:53.143 [info] > git for-each-ref --format=%(refname)%00%(upstream:short)%00%(objectname)%00%(upstream:track)%00%(upstream:remotename)%00%(upstream:remoteref) refs/heads/main refs/remotes/main [2ms]
2025-03-08 00:07:53.158 [info] > git for-each-ref --sort -committerdate --format %(refname) %(objectname) %(*objectname) [8ms]
2025-03-08 00:07:53.203 [info] > git status -z -uall [57ms]
2025-03-08 00:07:58.233 [info] > git config --get commit.template [3ms]
2025-03-08 00:07:58.234 [info] > git for-each-ref --format=%(refname)%00%(upstream:short)%00%(objectname)%00%(upstream:track)%00%(upstream:remotename)%00%(upstream:remoteref) refs/heads/main refs/remotes/main [1ms]
2025-03-08 00:07:58.244 [info] > git for-each-ref --sort -committerdate --format %(refname) %(objectname) %(*objectname) [2ms]
2025-03-08 00:07:58.287 [info] > git status -z -uall [49ms]
2025-03-08 00:08:03.311 [info] > git config --get commit.template [4ms]
2025-03-08 00:08:03.312 [info] > git for-each-ref --format=%(refname)%00%(upstream:short)%00%(objectname)%00%(upstream:track)%00%(upstream:remotename)%00%(upstream:remoteref) refs/heads/main refs/remotes/main [2ms]
2025-03-08 00:08:03.326 [info] > git for-each-ref --sort -committerdate --format %(refname) %(objectname) %(*objectname) [8ms]
2025-03-08 00:08:03.365 [info] > git status -z -uall [49ms]
2025-03-08 00:08:08.392 [info] > git config --get commit.template [4ms]
2025-03-08 00:08:08.393 [info] > git for-each-ref --format=%(refname)%00%(upstream:short)%00%(objectname)%00%(upstream:track)%00%(upstream:remotename)%00%(upstream:remoteref) refs/heads/main refs/remotes/main [2ms]
2025-03-08 00:08:08.409 [info] > git for-each-ref --sort -committerdate --format %(refname) %(objectname) %(*objectname) [9ms]
2025-03-08 00:08:08.448 [info] > git status -z -uall [52ms]
2025-03-08 00:08:13.470 [info] > git config --get commit.template [4ms]
2025-03-08 00:08:13.471 [info] > git for-each-ref --format=%(refname)%00%(upstream:short)%00%(objectname)%00%(upstream:track)%00%(upstream:remotename)%00%(upstream:remoteref) refs/heads/main refs/remotes/main [2ms]
2025-03-08 00:08:13.487 [info] > git for-each-ref --sort -committerdate --format %(refname) %(objectname) %(*objectname) [9ms]
2025-03-08 00:08:13.526 [info] > git status -z -uall [50ms]
2025-03-08 00:08:18.548 [info] > git config --get commit.template [3ms]
2025-03-08 00:08:18.549 [info] > git for-each-ref --format=%(refname)%00%(upstream:short)%00%(objectname)%00%(upstream:track)%00%(upstream:remotename)%00%(upstream:remoteref) refs/heads/main refs/remotes/main [2ms]
2025-03-08 00:08:18.557 [info] > git for-each-ref --sort -committerdate --format %(refname) %(objectname) %(*objectname) [2ms]
2025-03-08 00:08:18.598 [info] > git status -z -uall [46ms]
2025-03-08 00:08:23.622 [info] > git config --get commit.template [3ms]
2025-03-08 00:08:23.622 [info] > git for-each-ref --format=%(refname)%00%(upstream:short)%00%(objectname)%00%(upstream:track)%00%(upstream:remotename)%00%(upstream:remoteref) refs/heads/main refs/remotes/main [1ms]
2025-03-08 00:08:23.633 [info] > git for-each-ref --sort -committerdate --format %(refname) %(objectname) %(*objectname) [4ms]
2025-03-08 00:08:23.676 [info] > git status -z -uall [51ms]
2025-03-08 00:08:28.697 [info] > git config --get commit.template [4ms]
2025-03-08 00:08:28.698 [info] > git for-each-ref --format=%(refname)%00%(upstream:short)%00%(objectname)%00%(upstream:track)%00%(upstream:remotename)%00%(upstream:remoteref) refs/heads/main refs/remotes/main [1ms]
2025-03-08 00:08:28.716 [info] > git for-each-ref --sort -committerdate --format %(refname) %(objectname) %(*objectname) [11ms]
2025-03-08 00:08:28.751 [info] > git status -z -uall [49ms]
2025-03-08 00:08:33.772 [info] > git config --get commit.template [4ms]
2025-03-08 00:08:33.773 [info] > git for-each-ref --format=%(refname)%00%(upstream:short)%00%(objectname)%00%(upstream:track)%00%(upstream:remotename)%00%(upstream:remoteref) refs/heads/main refs/remotes/main [2ms]
2025-03-08 00:08:33.783 [info] > git for-each-ref --sort -committerdate --format %(refname) %(objectname) %(*objectname) [4ms]
2025-03-08 00:08:33.821 [info] > git status -z -uall [45ms]
2025-03-08 00:08:38.843 [info] > git config --get commit.template [5ms]
2025-03-08 00:08:38.850 [info] > git for-each-ref --format=%(refname)%00%(upstream:short)%00%(objectname)%00%(upstream:track)%00%(upstream:remotename)%00%(upstream:remoteref) refs/heads/main refs/remotes/main [1ms]
2025-03-08 00:08:38.868 [info] > git for-each-ref --sort -committerdate --format %(refname) %(objectname) %(*objectname) [2ms]
2025-03-08 00:08:38.920 [info] > git status -z -uall [60ms]
2025-03-08 00:08:43.941 [info] > git config --get commit.template [3ms]
2025-03-08 00:08:43.942 [info] > git for-each-ref --format=%(refname)%00%(upstream:short)%00%(objectname)%00%(upstream:track)%00%(upstream:remotename)%00%(upstream:remoteref) refs/heads/main refs/remotes/main [1ms]
2025-03-08 00:08:43.957 [info] > git for-each-ref --sort -committerdate --format %(refname) %(objectname) %(*objectname) [8ms]
2025-03-08 00:08:43.991 [info] > git status -z -uall [46ms]
2025-03-08 00:08:46.690 [info] > git check-ignore -v -z --stdin [4ms]
2025-03-08 00:08:49.011 [info] > git config --get commit.template [4ms]
2025-03-08 00:08:49.012 [info] > git for-each-ref --format=%(refname)%00%(upstream:short)%00%(objectname)%00%(upstream:track)%00%(upstream:remotename)%00%(upstream:remoteref) refs/heads/main refs/remotes/main [2ms]
2025-03-08 00:08:49.027 [info] > git for-each-ref --sort -committerdate --format %(refname) %(objectname) %(*objectname) [6ms]
2025-03-08 00:08:49.064 [info] > git status -z -uall [49ms]
2025-03-08 00:08:54.083 [info] > git config --get commit.template [3ms]
2025-03-08 00:08:54.083 [info] > git for-each-ref --format=%(refname)%00%(upstream:short)%00%(objectname)%00%(upstream:track)%00%(upstream:remotename)%00%(upstream:remoteref) refs/heads/main refs/remotes/main [1ms]
2025-03-08 00:08:54.093 [info] > git for-each-ref --sort -committerdate --format %(refname) %(objectname) %(*objectname) [5ms]
2025-03-08 00:08:54.132 [info] > git status -z -uall [46ms]
2025-03-08 00:08:59.169 [info] > git config --get commit.template [3ms]
2025-03-08 00:08:59.170 [info] > git for-each-ref --format=%(refname)%00%(upstream:short)%00%(objectname)%00%(upstream:track)%00%(upstream:remotename)%00%(upstream:remoteref) refs/heads/main refs/remotes/main [2ms]
2025-03-08 00:08:59.182 [info] > git for-each-ref --sort -committerdate --format %(refname) %(objectname) %(*objectname) [7ms]
2025-03-08 00:08:59.218 [info] > git status -z -uall [46ms]
2025-03-08 00:09:04.235 [info] > git config --get commit.template [3ms]
2025-03-08 00:09:04.236 [info] > git for-each-ref --format=%(refname)%00%(upstream:short)%00%(objectname)%00%(upstream:track)%00%(upstream:remotename)%00%(upstream:remoteref) refs/heads/main refs/remotes/main [1ms]
2025-03-08 00:09:04.244 [info] > git for-each-ref --sort -committerdate --format %(refname) %(objectname) %(*objectname) [1ms]
2025-03-08 00:09:04.287 [info] > git status -z -uall [47ms]
2025-03-08 00:09:09.305 [info] > git config --get commit.template [4ms]
2025-03-08 00:09:09.306 [info] > git for-each-ref --format=%(refname)%00%(upstream:short)%00%(objectname)%00%(upstream:track)%00%(upstream:remotename)%00%(upstream:remoteref) refs/heads/main refs/remotes/main [2ms]
2025-03-08 00:09:09.315 [info] > git for-each-ref --sort -committerdate --format %(refname) %(objectname) %(*objectname) [3ms]
2025-03-08 00:09:09.354 [info] > git status -z -uall [45ms]
2025-03-08 00:09:14.373 [info] > git config --get commit.template [3ms]
2025-03-08 00:09:14.374 [info] > git for-each-ref --format=%(refname)%00%(upstream:short)%00%(objectname)%00%(upstream:track)%00%(upstream:remotename)%00%(upstream:remoteref) refs/heads/main refs/remotes/main [1ms]
2025-03-08 00:09:14.384 [info] > git for-each-ref --sort -committerdate --format %(refname) %(objectname) %(*objectname) [2ms]
2025-03-08 00:09:14.424 [info] > git status -z -uall [48ms]
2025-03-08 00:09:19.442 [info] > git config --get commit.template [3ms]
2025-03-08 00:09:19.443 [info] > git for-each-ref --format=%(refname)%00%(upstream:short)%00%(objectname)%00%(upstream:track)%00%(upstream:remotename)%00%(upstream:remoteref) refs/heads/main refs/remotes/main [1ms]
2025-03-08 00:09:19.456 [info] > git for-each-ref --sort -committerdate --format %(refname) %(objectname) %(*objectname) [8ms]
2025-03-08 00:09:19.493 [info] > git status -z -uall [47ms]
2025-03-08 00:09:24.512 [info] > git config --get commit.template [3ms]
2025-03-08 00:09:24.513 [info] > git for-each-ref --format=%(refname)%00%(upstream:short)%00%(objectname)%00%(upstream:track)%00%(upstream:remotename)%00%(upstream:remoteref) refs/heads/main refs/remotes/main [1ms]
2025-03-08 00:09:24.527 [info] > git for-each-ref --sort -committerdate --format %(refname) %(objectname) %(*objectname) [8ms]
2025-03-08 00:09:24.563 [info] > git status -z -uall [47ms]
2025-03-08 00:09:29.583 [info] > git config --get commit.template [2ms]
2025-03-08 00:09:29.592 [info] > git for-each-ref --format=%(refname)%00%(upstream:short)%00%(objectname)%00%(upstream:track)%00%(upstream:remotename)%00%(upstream:remoteref) refs/heads/main refs/remotes/main [1ms]
2025-03-08 00:09:29.613 [info] > git for-each-ref --sort -committerdate --format %(refname) %(objectname) %(*objectname) [1ms]
2025-03-08 00:09:29.657 [info] > git status -z -uall [58ms]
2025-03-08 00:09:34.681 [info] > git config --get commit.template [3ms]
2025-03-08 00:09:34.682 [info] > git for-each-ref --format=%(refname)%00%(upstream:short)%00%(objectname)%00%(upstream:track)%00%(upstream:remotename)%00%(upstream:remoteref) refs/heads/main refs/remotes/main [2ms]
2025-03-08 00:09:34.693 [info] > git for-each-ref --sort -committerdate --format %(refname) %(objectname) %(*objectname) [6ms]
2025-03-08 00:09:34.729 [info] > git status -z -uall [45ms]
2025-03-08 00:12:52.163 [info] > git config --get commit.template [3ms]
2025-03-08 00:12:52.164 [info] > git for-each-ref --format=%(refname)%00%(upstream:short)%00%(objectname)%00%(upstream:track)%00%(upstream:remotename)%00%(upstream:remoteref) refs/heads/main refs/remotes/main [2ms]
2025-03-08 00:12:52.174 [info] > git for-each-ref --sort -committerdate --format %(refname) %(objectname) %(*objectname) [4ms]
2025-03-08 00:12:52.213 [info] > git status -z -uall [47ms]
2025-03-08 00:12:57.238 [info] > git config --get commit.template [3ms]
2025-03-08 00:12:57.239 [info] > git for-each-ref --format=%(refname)%00%(upstream:short)%00%(objectname)%00%(upstream:track)%00%(upstream:remotename)%00%(upstream:remoteref) refs/heads/main refs/remotes/main [2ms]
2025-03-08 00:12:57.246 [info] > git for-each-ref --sort -committerdate --format %(refname) %(objectname) %(*objectname) [2ms]
2025-03-08 00:12:57.289 [info] > git status -z -uall [47ms]
2025-03-08 00:13:14.763 [info] > git config --get commit.template [4ms]
2025-03-08 00:13:14.764 [info] > git for-each-ref --format=%(refname)%00%(upstream:short)%00%(objectname)%00%(upstream:track)%00%(upstream:remotename)%00%(upstream:remoteref) refs/heads/main refs/remotes/main [2ms]
2025-03-08 00:13:14.771 [info] > git for-each-ref --sort -committerdate --format %(refname) %(objectname) %(*objectname) [2ms]
2025-03-08 00:13:14.813 [info] > git status -z -uall [47ms]
2025-03-08 00:14:19.472 [info] > git config --get commit.template [3ms]
2025-03-08 00:14:19.473 [info] > git for-each-ref --format=%(refname)%00%(upstream:short)%00%(objectname)%00%(upstream:track)%00%(upstream:remotename)%00%(upstream:remoteref) refs/heads/main refs/remotes/main [2ms]
2025-03-08 00:14:19.484 [info] > git for-each-ref --sort -committerdate --format %(refname) %(objectname) %(*objectname) [7ms]
2025-03-08 00:14:19.521 [info] > git status -z -uall [46ms]
2025-03-08 00:15:05.047 [info] > git config --get commit.template [2ms]
2025-03-08 00:15:05.048 [info] > git for-each-ref --format=%(refname)%00%(upstream:short)%00%(objectname)%00%(upstream:track)%00%(upstream:remotename)%00%(upstream:remoteref) refs/heads/main refs/remotes/main [1ms]
2025-03-08 00:15:05.056 [info] > git for-each-ref --sort -committerdate --format %(refname) %(objectname) %(*objectname) [2ms]
2025-03-08 00:15:05.101 [info] > git status -z -uall [50ms]
2025-03-08 00:15:10.124 [info] > git config --get commit.template [1ms]
2025-03-08 00:15:10.128 [info] > git for-each-ref --format=%(refname)%00%(upstream:short)%00%(objectname)%00%(upstream:track)%00%(upstream:remotename)%00%(upstream:remoteref) refs/heads/main refs/remotes/main [1ms]
2025-03-08 00:15:10.143 [info] > git for-each-ref --sort -committerdate --format %(refname) %(objectname) %(*objectname) [9ms]
2025-03-08 00:15:10.178 [info] > git status -z -uall [46ms]
2025-03-08 00:15:25.522 [info] > git config --get commit.template [3ms]
2025-03-08 00:15:25.526 [info] > git for-each-ref --format=%(refname)%00%(upstream:short)%00%(objectname)%00%(upstream:track)%00%(upstream:remotename)%00%(upstream:remoteref) refs/heads/main refs/remotes/main [1ms]
2025-03-08 00:15:25.534 [info] > git for-each-ref --sort -committerdate --format %(refname) %(objectname) %(*objectname) [2ms]
2025-03-08 00:15:25.578 [info] > git status -z -uall [49ms]
2025-03-08 00:15:30.604 [info] > git config --get commit.template [3ms]
2025-03-08 00:15:30.604 [info] > git for-each-ref --format=%(refname)%00%(upstream:short)%00%(objectname)%00%(upstream:track)%00%(upstream:remotename)%00%(upstream:remoteref) refs/heads/main refs/remotes/main [1ms]
2025-03-08 00:15:30.612 [info] > git for-each-ref --sort -committerdate --format %(refname) %(objectname) %(*objectname) [2ms]
2025-03-08 00:15:30.654 [info] > git status -z -uall [47ms]
2025-03-08 00:15:38.755 [info] > git config --get commit.template [4ms]
2025-03-08 00:15:38.756 [info] > git for-each-ref --format=%(refname)%00%(upstream:short)%00%(objectname)%00%(upstream:track)%00%(upstream:remotename)%00%(upstream:remoteref) refs/heads/main refs/remotes/main [1ms]
2025-03-08 00:15:38.764 [info] > git for-each-ref --sort -committerdate --format %(refname) %(objectname) %(*objectname) [2ms]
2025-03-08 00:15:38.805 [info] > git status -z -uall [46ms]
2025-03-08 00:15:43.830 [info] > git config --get commit.template [4ms]
2025-03-08 00:15:43.831 [info] > git for-each-ref --format=%(refname)%00%(upstream:short)%00%(objectname)%00%(upstream:track)%00%(upstream:remotename)%00%(upstream:remoteref) refs/heads/main refs/remotes/main [2ms]
2025-03-08 00:15:43.839 [info] > git for-each-ref --sort -committerdate --format %(refname) %(objectname) %(*objectname) [2ms]
2025-03-08 00:15:43.882 [info] > git status -z -uall [48ms]
2025-03-08 00:15:48.903 [info] > git config --get commit.template [4ms]
2025-03-08 00:15:48.904 [info] > git for-each-ref --format=%(refname)%00%(upstream:short)%00%(objectname)%00%(upstream:track)%00%(upstream:remotename)%00%(upstream:remoteref) refs/heads/main refs/remotes/main [2ms]
2025-03-08 00:15:48.918 [info] > git for-each-ref --sort -committerdate --format %(refname) %(objectname) %(*objectname) [7ms]
2025-03-08 00:15:48.954 [info] > git status -z -uall [47ms]
2025-03-08 00:15:53.975 [info] > git config --get commit.template [4ms]
2025-03-08 00:15:53.976 [info] > git for-each-ref --format=%(refname)%00%(upstream:short)%00%(objectname)%00%(upstream:track)%00%(upstream:remotename)%00%(upstream:remoteref) refs/heads/main refs/remotes/main [2ms]
2025-03-08 00:15:53.992 [info] > git for-each-ref --sort -committerdate --format %(refname) %(objectname) %(*objectname) [10ms]
2025-03-08 00:15:54.026 [info] > git status -z -uall [47ms]
2025-03-08 00:15:59.045 [info] > git config --get commit.template [4ms]
2025-03-08 00:15:59.046 [info] > git for-each-ref --format=%(refname)%00%(upstream:short)%00%(objectname)%00%(upstream:track)%00%(upstream:remotename)%00%(upstream:remoteref) refs/heads/main refs/remotes/main [2ms]
2025-03-08 00:15:59.054 [info] > git for-each-ref --sort -committerdate --format %(refname) %(objectname) %(*objectname) [2ms]
2025-03-08 00:15:59.097 [info] > git status -z -uall [47ms]
2025-03-08 00:16:04.120 [info] > git config --get commit.template [3ms]
2025-03-08 00:16:04.121 [info] > git for-each-ref --format=%(refname)%00%(upstream:short)%00%(objectname)%00%(upstream:track)%00%(upstream:remotename)%00%(upstream:remoteref) refs/heads/main refs/remotes/main [1ms]
2025-03-08 00:16:04.128 [info] > git for-each-ref --sort -committerdate --format %(refname) %(objectname) %(*objectname) [2ms]
2025-03-08 00:16:04.171 [info] > git status -z -uall [48ms]
2025-03-08 00:16:21.525 [info] > git config --get commit.template [3ms]
2025-03-08 00:16:21.533 [info] > git for-each-ref --format=%(refname)%00%(upstream:short)%00%(objectname)%00%(upstream:track)%00%(upstream:remotename)%00%(upstream:remoteref) refs/heads/main refs/remotes/main [2ms]
2025-03-08 00:16:21.560 [info] > git for-each-ref --sort -committerdate --format %(refname) %(objectname) %(*objectname) [9ms]
2025-03-08 00:16:21.595 [info] > git status -z -uall [56ms]
2025-03-08 00:16:26.620 [info] > git config --get commit.template [3ms]
2025-03-08 00:16:26.623 [info] > git for-each-ref --format=%(refname)%00%(upstream:short)%00%(objectname)%00%(upstream:track)%00%(upstream:remotename)%00%(upstream:remoteref) refs/heads/main refs/remotes/main [2ms]
2025-03-08 00:16:26.634 [info] > git for-each-ref --sort -committerdate --format %(refname) %(objectname) %(*objectname) [5ms]
2025-03-08 00:16:26.677 [info] > git status -z -uall [51ms]
2025-03-08 00:16:31.700 [info] > git config --get commit.template [4ms]
2025-03-08 00:16:31.701 [info] > git for-each-ref --format=%(refname)%00%(upstream:short)%00%(objectname)%00%(upstream:track)%00%(upstream:remotename)%00%(upstream:remoteref) refs/heads/main refs/remotes/main [2ms]
2025-03-08 00:16:31.710 [info] > git for-each-ref --sort -committerdate --format %(refname) %(objectname) %(*objectname) [4ms]
2025-03-08 00:16:31.754 [info] > git status -z -uall [51ms]
2025-03-08 00:16:36.776 [info] > git config --get commit.template [4ms]
2025-03-08 00:16:36.777 [info] > git for-each-ref --format=%(refname)%00%(upstream:short)%00%(objectname)%00%(upstream:track)%00%(upstream:remotename)%00%(upstream:remoteref) refs/heads/main refs/remotes/main [2ms]
2025-03-08 00:16:36.785 [info] > git for-each-ref --sort -committerdate --format %(refname) %(objectname) %(*objectname) [2ms]
2025-03-08 00:16:36.828 [info] > git status -z -uall [48ms]
2025-03-08 00:16:41.847 [info] > git config --get commit.template [5ms]
2025-03-08 00:16:41.848 [info] > git for-each-ref --format=%(refname)%00%(upstream:short)%00%(objectname)%00%(upstream:track)%00%(upstream:remotename)%00%(upstream:remoteref) refs/heads/main refs/remotes/main [2ms]
2025-03-08 00:16:41.856 [info] > git for-each-ref --sort -committerdate --format %(refname) %(objectname) %(*objectname) [2ms]
2025-03-08 00:16:41.898 [info] > git status -z -uall [47ms]
2025-03-08 00:16:46.921 [info] > git config --get commit.template [4ms]
2025-03-08 00:16:46.922 [info] > git for-each-ref --format=%(refname)%00%(upstream:short)%00%(objectname)%00%(upstream:track)%00%(upstream:remotename)%00%(upstream:remoteref) refs/heads/main refs/remotes/main [2ms]
2025-03-08 00:16:46.934 [info] > git for-each-ref --sort -committerdate --format %(refname) %(objectname) %(*objectname) [5ms]
2025-03-08 00:16:46.975 [info] > git status -z -uall [49ms]
2025-03-08 00:16:51.997 [info] > git config --get commit.template [3ms]
2025-03-08 00:16:51.998 [info] > git for-each-ref --format=%(refname)%00%(upstream:short)%00%(objectname)%00%(upstream:track)%00%(upstream:remotename)%00%(upstream:remoteref) refs/heads/main refs/remotes/main [2ms]
2025-03-08 00:16:52.012 [info] > git for-each-ref --sort -committerdate --format %(refname) %(objectname) %(*objectname) [9ms]
2025-03-08 00:16:52.047 [info] > git status -z -uall [46ms]
2025-03-08 00:17:11.717 [info] > git config --get commit.template [4ms]
2025-03-08 00:17:11.717 [info] > git for-each-ref --format=%(refname)%00%(upstream:short)%00%(objectname)%00%(upstream:track)%00%(upstream:remotename)%00%(upstream:remoteref) refs/heads/main refs/remotes/main [1ms]
2025-03-08 00:17:11.726 [info] > git for-each-ref --sort -committerdate --format %(refname) %(objectname) %(*objectname) [3ms]
2025-03-08 00:17:11.769 [info] > git status -z -uall [49ms]
2025-03-08 00:17:16.797 [info] > git config --get commit.template [3ms]
2025-03-08 00:17:16.798 [info] > git for-each-ref --format=%(refname)%00%(upstream:short)%00%(objectname)%00%(upstream:track)%00%(upstream:remotename)%00%(upstream:remoteref) refs/heads/main refs/remotes/main [1ms]
2025-03-08 00:17:16.811 [info] > git for-each-ref --sort -committerdate --format %(refname) %(objectname) %(*objectname) [6ms]
2025-03-08 00:17:16.851 [info] > git status -z -uall [50ms]
2025-03-08 00:17:21.872 [info] > git config --get commit.template [3ms]
2025-03-08 00:17:21.883 [info] > git for-each-ref --format=%(refname)%00%(upstream:short)%00%(objectname)%00%(upstream:track)%00%(upstream:remotename)%00%(upstream:remoteref) refs/heads/main refs/remotes/main [5ms]
2025-03-08 00:17:21.915 [info] > git for-each-ref --sort -committerdate --format %(refname) %(objectname) %(*objectname) [8ms]
2025-03-08 00:17:21.960 [info] > git status -z -uall [57ms]
2025-03-08 00:17:26.980 [info] > git config --get commit.template [3ms]
2025-03-08 00:17:26.981 [info] > git for-each-ref --format=%(refname)%00%(upstream:short)%00%(objectname)%00%(upstream:track)%00%(upstream:remotename)%00%(upstream:remoteref) refs/heads/main refs/remotes/main [2ms]
2025-03-08 00:17:26.994 [info] > git for-each-ref --sort -committerdate --format %(refname) %(objectname) %(*objectname) [8ms]
2025-03-08 00:17:27.028 [info] > git status -z -uall [45ms]
2025-03-08 00:17:32.050 [info] > git config --get commit.template [4ms]
2025-03-08 00:17:32.051 [info] > git for-each-ref --format=%(refname)%00%(upstream:short)%00%(objectname)%00%(upstream:track)%00%(upstream:remotename)%00%(upstream:remoteref) refs/heads/main refs/remotes/main [2ms]
2025-03-08 00:17:32.058 [info] > git for-each-ref --sort -committerdate --format %(refname) %(objectname) %(*objectname) [1ms]
2025-03-08 00:17:32.103 [info] > git status -z -uall [49ms]
2025-03-08 00:17:37.126 [info] > git config --get commit.template [4ms]
2025-03-08 00:17:37.127 [info] > git for-each-ref --format=%(refname)%00%(upstream:short)%00%(objectname)%00%(upstream:track)%00%(upstream:remotename)%00%(upstream:remoteref) refs/heads/main refs/remotes/main [2ms]
2025-03-08 00:17:37.135 [info] > git for-each-ref --sort -committerdate --format %(refname) %(objectname) %(*objectname) [2ms]
2025-03-08 00:17:37.180 [info] > git status -z -uall [50ms]
2025-03-08 00:17:42.203 [info] > git config --get commit.template [4ms]
2025-03-08 00:17:42.203 [info] > git for-each-ref --format=%(refname)%00%(upstream:short)%00%(objectname)%00%(upstream:track)%00%(upstream:remotename)%00%(upstream:remoteref) refs/heads/main refs/remotes/main [1ms]
2025-03-08 00:17:42.211 [info] > git for-each-ref --sort -committerdate --format %(refname) %(objectname) %(*objectname) [1ms]
2025-03-08 00:17:42.255 [info] > git status -z -uall [49ms]
2025-03-08 00:17:47.278 [info] > git config --get commit.template [4ms]
2025-03-08 00:17:47.278 [info] > git for-each-ref --format=%(refname)%00%(upstream:short)%00%(objectname)%00%(upstream:track)%00%(upstream:remotename)%00%(upstream:remoteref) refs/heads/main refs/remotes/main [1ms]
2025-03-08 00:17:47.286 [info] > git for-each-ref --sort -committerdate --format %(refname) %(objectname) %(*objectname) [1ms]
2025-03-08 00:17:47.331 [info] > git status -z -uall [50ms]
2025-03-08 00:17:52.351 [info] > git config --get commit.template [4ms]
2025-03-08 00:17:52.352 [info] > git for-each-ref --format=%(refname)%00%(upstream:short)%00%(objectname)%00%(upstream:track)%00%(upstream:remotename)%00%(upstream:remoteref) refs/heads/main refs/remotes/main [2ms]
2025-03-08 00:17:52.359 [info] > git for-each-ref --sort -committerdate --format %(refname) %(objectname) %(*objectname) [2ms]
2025-03-08 00:17:52.402 [info] > git status -z -uall [48ms]
2025-03-08 00:18:01.273 [info] > git config --get commit.template [3ms]
2025-03-08 00:18:01.274 [info] > git for-each-ref --format=%(refname)%00%(upstream:short)%00%(objectname)%00%(upstream:track)%00%(upstream:remotename)%00%(upstream:remoteref) refs/heads/main refs/remotes/main [1ms]
2025-03-08 00:18:01.288 [info] > git for-each-ref --sort -committerdate --format %(refname) %(objectname) %(*objectname) [9ms]
2025-03-08 00:18:01.322 [info] > git status -z -uall [45ms]
2025-03-08 00:18:06.344 [info] > git config --get commit.template [4ms]
2025-03-08 00:18:06.345 [info] > git for-each-ref --format=%(refname)%00%(upstream:short)%00%(objectname)%00%(upstream:track)%00%(upstream:remotename)%00%(upstream:remoteref) refs/heads/main refs/remotes/main [2ms]
2025-03-08 00:18:06.355 [info] > git for-each-ref --sort -committerdate --format %(refname) %(objectname) %(*objectname) [5ms]
2025-03-08 00:18:06.395 [info] > git status -z -uall [47ms]
2025-03-08 00:18:12.584 [info] > git config --get commit.template [3ms]
2025-03-08 00:18:12.585 [info] > git for-each-ref --format=%(refname)%00%(upstream:short)%00%(objectname)%00%(upstream:track)%00%(upstream:remotename)%00%(upstream:remoteref) refs/heads/main refs/remotes/main [2ms]
2025-03-08 00:18:12.593 [info] > git for-each-ref --sort -committerdate --format %(refname) %(objectname) %(*objectname) [3ms]
2025-03-08 00:18:12.636 [info] > git status -z -uall [49ms]
2025-03-08 00:18:17.655 [info] > git config --get commit.template [4ms]
2025-03-08 00:18:17.656 [info] > git for-each-ref --format=%(refname)%00%(upstream:short)%00%(objectname)%00%(upstream:track)%00%(upstream:remotename)%00%(upstream:remoteref) refs/heads/main refs/remotes/main [2ms]
2025-03-08 00:18:17.663 [info] > git for-each-ref --sort -committerdate --format %(refname) %(objectname) %(*objectname) [2ms]
2025-03-08 00:18:17.705 [info] > git status -z -uall [47ms]
2025-03-08 00:18:36.900 [info] > git config --get commit.template [3ms]
2025-03-08 00:18:36.901 [info] > git for-each-ref --format=%(refname)%00%(upstream:short)%00%(objectname)%00%(upstream:track)%00%(upstream:remotename)%00%(upstream:remoteref) refs/heads/main refs/remotes/main [1ms]
2025-03-08 00:18:36.908 [info] > git for-each-ref --sort -committerdate --format %(refname) %(objectname) %(*objectname) [2ms]
2025-03-08 00:18:36.951 [info] > git status -z -uall [47ms]
2025-03-08 00:18:43.930 [info] > git config --get commit.template [4ms]
2025-03-08 00:18:43.931 [info] > git for-each-ref --format=%(refname)%00%(upstream:short)%00%(objectname)%00%(upstream:track)%00%(upstream:remotename)%00%(upstream:remoteref) refs/heads/main refs/remotes/main [2ms]
2025-03-08 00:18:43.939 [info] > git for-each-ref --sort -committerdate --format %(refname) %(objectname) %(*objectname) [1ms]
2025-03-08 00:18:43.982 [info] > git status -z -uall [48ms]
2025-03-08 00:18:49.007 [info] > git config --get commit.template [4ms]
2025-03-08 00:18:49.008 [info] > git for-each-ref --format=%(refname)%00%(upstream:short)%00%(objectname)%00%(upstream:track)%00%(upstream:remotename)%00%(upstream:remoteref) refs/heads/main refs/remotes/main [2ms]
2025-03-08 00:18:49.015 [info] > git for-each-ref --sort -committerdate --format %(refname) %(objectname) %(*objectname) [2ms]
2025-03-08 00:18:49.062 [info] > git status -z -uall [51ms]
2025-03-08 00:18:54.086 [info] > git config --get commit.template [4ms]
2025-03-08 00:18:54.087 [info] > git for-each-ref --format=%(refname)%00%(upstream:short)%00%(objectname)%00%(upstream:track)%00%(upstream:remotename)%00%(upstream:remoteref) refs/heads/main refs/remotes/main [2ms]
2025-03-08 00:18:54.100 [info] > git for-each-ref --sort -committerdate --format %(refname) %(objectname) %(*objectname) [8ms]
2025-03-08 00:18:54.138 [info] > git status -z -uall [49ms]
