2025-03-03 00:04:41.664 [info] Extension host with pid 1345 started
2025-03-03 00:04:41.664 [error] Error: EEXIST: file already exists, open '/home/student/.vscode-server/data/User/workspaceStorage/255174b9c84437907369f27ac92b5bdb/vscode.lock'
2025-03-03 00:04:41.666 [info] Lock '/home/student/.vscode-server/data/User/workspaceStorage/255174b9c84437907369f27ac92b5bdb/vscode.lock': Could not acquire lock, checking if the file is stale.
2025-03-03 00:04:41.673 [info] Lock '/home/student/.vscode-server/data/User/workspaceStorage/255174b9c84437907369f27ac92b5bdb/vscode.lock': The pid 10043 appears to be gone.
2025-03-03 00:04:41.673 [info] Lock '/home/student/.vscode-server/data/User/workspaceStorage/255174b9c84437907369f27ac92b5bdb/vscode.lock': Deleting a stale lock.
2025-03-03 00:04:41.687 [info] Lock '/home/student/.vscode-server/data/User/workspaceStorage/255174b9c84437907369f27ac92b5bdb/vscode.lock': Lock acquired.
2025-03-03 00:04:41.951 [info] ExtensionService#_doActivateExtension vscode.git-base, startup: false, activationEvent: '*', root cause: vscode.git
2025-03-03 00:04:42.062 [info] ExtensionService#_doActivateExtension vscode.git, startup: false, activationEvent: '*'
2025-03-03 00:04:42.062 [info] ExtensionService#_doActivateExtension vscode.github, startup: false, activationEvent: '*'
2025-03-03 00:04:42.456 [info] Eager extensions activated
2025-03-03 00:04:42.457 [info] ExtensionService#_doActivateExtension vscode.debug-auto-launch, startup: false, activationEvent: 'onStartupFinished'
2025-03-03 00:04:42.457 [info] ExtensionService#_doActivateExtension vscode.merge-conflict, startup: false, activationEvent: 'onStartupFinished'
2025-03-03 00:04:42.656 [info] ExtensionService#_doActivateExtension vscode.emmet, startup: false, activationEvent: 'onLanguage'
2025-03-03 00:04:42.841 [warning] [Decorations] CAPPING events from decorations provider vscode.git 1680
2025-03-03 00:04:43.408 [warning] [Decorations] CAPPING events from decorations provider vscode.git 1680
2025-03-03 00:04:45.188 [warning] [Decorations] CAPPING events from decorations provider vscode.git 1680
2025-03-03 00:04:50.267 [warning] [Decorations] CAPPING events from decorations provider vscode.git 1680
2025-03-03 00:04:55.349 [warning] [Decorations] CAPPING events from decorations provider vscode.git 1680
2025-03-03 00:05:12.867 [warning] [Decorations] CAPPING events from decorations provider vscode.git 1680
2025-03-03 00:05:17.946 [warning] [Decorations] CAPPING events from decorations provider vscode.git 1680
2025-03-03 00:05:23.025 [warning] [Decorations] CAPPING events from decorations provider vscode.git 1680
2025-03-03 00:05:28.103 [warning] [Decorations] CAPPING events from decorations provider vscode.git 1680
2025-03-03 00:05:33.183 [warning] [Decorations] CAPPING events from decorations provider vscode.git 1680
2025-03-03 00:05:38.285 [warning] [Decorations] CAPPING events from decorations provider vscode.git 1680
2025-03-03 00:07:28.010 [warning] [Decorations] CAPPING events from decorations provider vscode.git 1680
2025-03-03 00:07:30.027 [info] ExtensionService#_doActivateExtension vscode.npm, startup: false, activationEvent: 'onTerminalQuickFixRequest:ms-vscode.npm-command'
2025-03-03 00:07:33.100 [warning] [Decorations] CAPPING events from decorations provider vscode.git 1680
2025-03-03 00:07:35.834 [info] ExtensionService#_doActivateExtension vscode.configuration-editing, startup: false, activationEvent: 'onLanguage:json'
2025-03-03 00:07:35.834 [info] ExtensionService#_doActivateExtension vscode.extension-editing, startup: false, activationEvent: 'onLanguage:json'
2025-03-03 00:07:35.834 [info] ExtensionService#_doActivateExtension vscode.json-language-features, startup: false, activationEvent: 'onLanguage:json'
2025-03-03 00:07:47.318 [warning] [Decorations] CAPPING events from decorations provider vscode.git 1681
2025-03-03 00:08:03.328 [warning] [Decorations] CAPPING events from decorations provider vscode.git 1681
2025-03-03 00:08:08.405 [warning] [Decorations] CAPPING events from decorations provider vscode.git 1681
2025-03-03 00:08:13.487 [warning] [Decorations] CAPPING events from decorations provider vscode.git 1681
2025-03-03 00:08:18.586 [warning] [Decorations] CAPPING events from decorations provider vscode.git 1681
2025-03-03 00:08:23.665 [warning] [Decorations] CAPPING events from decorations provider vscode.git 1681
2025-03-03 00:08:28.745 [warning] [Decorations] CAPPING events from decorations provider vscode.git 1681
2025-03-03 00:08:33.823 [warning] [Decorations] CAPPING events from decorations provider vscode.git 1681
2025-03-03 00:08:38.928 [warning] [Decorations] CAPPING events from decorations provider vscode.git 1681
2025-03-03 00:08:44.006 [warning] [Decorations] CAPPING events from decorations provider vscode.git 1681
2025-03-03 00:08:58.695 [warning] [Decorations] CAPPING events from decorations provider vscode.git 1681
2025-03-03 00:09:14.449 [warning] [Decorations] CAPPING events from decorations provider vscode.git 1681
2025-03-03 00:09:19.555 [warning] [Decorations] CAPPING events from decorations provider vscode.git 1681
2025-03-03 00:09:24.632 [warning] [Decorations] CAPPING events from decorations provider vscode.git 1681
2025-03-03 00:09:29.709 [warning] [Decorations] CAPPING events from decorations provider vscode.git 1681
2025-03-03 00:09:40.100 [warning] [Decorations] CAPPING events from decorations provider vscode.git 1681
2025-03-03 00:09:45.188 [warning] [Decorations] CAPPING events from decorations provider vscode.git 1681
2025-03-03 00:09:50.266 [warning] [Decorations] CAPPING events from decorations provider vscode.git 1681
2025-03-03 00:09:55.343 [warning] [Decorations] CAPPING events from decorations provider vscode.git 1681
2025-03-03 00:10:00.426 [warning] [Decorations] CAPPING events from decorations provider vscode.git 1681
2025-03-03 00:10:05.504 [warning] [Decorations] CAPPING events from decorations provider vscode.git 1681
2025-03-03 00:13:09.217 [warning] [Decorations] CAPPING events from decorations provider vscode.git 1681
2025-03-03 00:13:19.839 [warning] [Decorations] CAPPING events from decorations provider vscode.git 1681
2025-03-03 00:13:24.924 [warning] [Decorations] CAPPING events from decorations provider vscode.git 1681
2025-03-03 00:13:30.007 [warning] [Decorations] CAPPING events from decorations provider vscode.git 1681
2025-03-03 00:13:45.315 [warning] [Decorations] CAPPING events from decorations provider vscode.git 1681
2025-03-03 00:15:20.882 [warning] [Decorations] CAPPING events from decorations provider vscode.git 1681
2025-03-03 00:15:25.965 [warning] [Decorations] CAPPING events from decorations provider vscode.git 1681
2025-03-03 00:15:31.045 [warning] [Decorations] CAPPING events from decorations provider vscode.git 1681
2025-03-03 00:15:36.123 [warning] [Decorations] CAPPING events from decorations provider vscode.git 1681
2025-03-03 00:15:41.209 [warning] [Decorations] CAPPING events from decorations provider vscode.git 1681
2025-03-03 00:15:46.288 [warning] [Decorations] CAPPING events from decorations provider vscode.git 1681
2025-03-03 00:15:51.366 [warning] [Decorations] CAPPING events from decorations provider vscode.git 1681
2025-03-03 00:15:56.446 [warning] [Decorations] CAPPING events from decorations provider vscode.git 1681
2025-03-03 00:16:01.525 [warning] [Decorations] CAPPING events from decorations provider vscode.git 1681
2025-03-03 00:16:06.627 [warning] [Decorations] CAPPING events from decorations provider vscode.git 1681
2025-03-03 00:16:11.705 [warning] [Decorations] CAPPING events from decorations provider vscode.git 1681
2025-03-03 00:16:16.789 [warning] [Decorations] CAPPING events from decorations provider vscode.git 1681
2025-03-03 00:16:30.692 [warning] [Decorations] CAPPING events from decorations provider vscode.git 1681
2025-03-03 00:16:35.797 [warning] [Decorations] CAPPING events from decorations provider vscode.git 1681
2025-03-03 00:16:40.902 [warning] [Decorations] CAPPING events from decorations provider vscode.git 1681
2025-03-03 00:16:45.978 [warning] [Decorations] CAPPING events from decorations provider vscode.git 1681
2025-03-03 00:16:51.080 [warning] [Decorations] CAPPING events from decorations provider vscode.git 1681
2025-03-03 00:16:56.157 [warning] [Decorations] CAPPING events from decorations provider vscode.git 1681
2025-03-03 00:22:00.040 [warning] [Decorations] CAPPING events from decorations provider vscode.git 1681
2025-03-03 00:22:05.122 [warning] [Decorations] CAPPING events from decorations provider vscode.git 1681
2025-03-03 00:22:10.203 [warning] [Decorations] CAPPING events from decorations provider vscode.git 1681
2025-03-03 00:22:15.282 [warning] [Decorations] CAPPING events from decorations provider vscode.git 1681
2025-03-03 00:22:20.385 [warning] [Decorations] CAPPING events from decorations provider vscode.git 1681
2025-03-03 00:22:25.468 [warning] [Decorations] CAPPING events from decorations provider vscode.git 1681
2025-03-03 00:22:30.569 [warning] [Decorations] CAPPING events from decorations provider vscode.git 1681
2025-03-03 00:22:35.645 [warning] [Decorations] CAPPING events from decorations provider vscode.git 1681
2025-03-03 00:22:40.725 [warning] [Decorations] CAPPING events from decorations provider vscode.git 1681
2025-03-03 00:22:45.802 [warning] [Decorations] CAPPING events from decorations provider vscode.git 1681
2025-03-03 00:22:50.879 [warning] [Decorations] CAPPING events from decorations provider vscode.git 1681
2025-03-03 00:22:55.958 [warning] [Decorations] CAPPING events from decorations provider vscode.git 1681
2025-03-03 00:23:01.532 [warning] [Decorations] CAPPING events from decorations provider vscode.git 1681
2025-03-03 00:23:06.612 [warning] [Decorations] CAPPING events from decorations provider vscode.git 1681
2025-03-03 00:25:37.305 [warning] [Decorations] CAPPING events from decorations provider vscode.git 1681
2025-03-03 00:25:42.387 [warning] [Decorations] CAPPING events from decorations provider vscode.git 1681
2025-03-03 00:26:51.680 [warning] [Decorations] CAPPING events from decorations provider vscode.git 1681
2025-03-03 00:26:56.760 [warning] [Decorations] CAPPING events from decorations provider vscode.git 1681
2025-03-03 00:27:01.839 [warning] [Decorations] CAPPING events from decorations provider vscode.git 1681
2025-03-03 00:27:06.924 [warning] [Decorations] CAPPING events from decorations provider vscode.git 1681
2025-03-03 00:27:12.002 [warning] [Decorations] CAPPING events from decorations provider vscode.git 1681
2025-03-03 00:27:17.081 [warning] [Decorations] CAPPING events from decorations provider vscode.git 1681
2025-03-03 00:27:22.158 [warning] [Decorations] CAPPING events from decorations provider vscode.git 1681
2025-03-03 00:27:27.234 [warning] [Decorations] CAPPING events from decorations provider vscode.git 1681
2025-03-03 00:28:16.281 [warning] [Decorations] CAPPING events from decorations provider vscode.git 1681
2025-03-03 00:28:21.367 [warning] [Decorations] CAPPING events from decorations provider vscode.git 1681
2025-03-03 00:28:26.448 [warning] [Decorations] CAPPING events from decorations provider vscode.git 1681
2025-03-03 00:28:31.528 [warning] [Decorations] CAPPING events from decorations provider vscode.git 1681
2025-03-03 00:28:36.604 [warning] [Decorations] CAPPING events from decorations provider vscode.git 1681
2025-03-03 00:28:41.682 [warning] [Decorations] CAPPING events from decorations provider vscode.git 1681
2025-03-03 00:28:46.760 [warning] [Decorations] CAPPING events from decorations provider vscode.git 1681
2025-03-03 00:28:51.837 [warning] [Decorations] CAPPING events from decorations provider vscode.git 1681
2025-03-03 00:28:56.937 [warning] [Decorations] CAPPING events from decorations provider vscode.git 1681
2025-03-03 00:30:45.869 [warning] [Decorations] CAPPING events from decorations provider vscode.git 1681
2025-03-03 00:30:58.470 [warning] [Decorations] CAPPING events from decorations provider vscode.git 1681
2025-03-03 00:31:03.554 [warning] [Decorations] CAPPING events from decorations provider vscode.git 1682
2025-03-03 00:31:08.636 [warning] [Decorations] CAPPING events from decorations provider vscode.git 1682
2025-03-03 00:31:13.718 [warning] [Decorations] CAPPING events from decorations provider vscode.git 1682
2025-03-03 00:32:15.553 [warning] [Decorations] CAPPING events from decorations provider vscode.git 1682
2025-03-03 00:32:20.636 [warning] [Decorations] CAPPING events from decorations provider vscode.git 1682
2025-03-03 00:32:25.716 [warning] [Decorations] CAPPING events from decorations provider vscode.git 1682
2025-03-03 00:32:37.552 [warning] [Decorations] CAPPING events from decorations provider vscode.git 1682
2025-03-03 00:32:50.073 [warning] [Decorations] CAPPING events from decorations provider vscode.git 1682
2025-03-03 00:33:33.222 [warning] [Decorations] CAPPING events from decorations provider vscode.git 1682
2025-03-03 00:34:12.673 [warning] [Decorations] CAPPING events from decorations provider vscode.git 1682
2025-03-03 00:34:24.923 [warning] [Decorations] CAPPING events from decorations provider vscode.git 1682
2025-03-03 00:34:30.028 [warning] [Decorations] CAPPING events from decorations provider vscode.git 1682
2025-03-03 00:34:41.753 [warning] [Decorations] CAPPING events from decorations provider vscode.git 1682
2025-03-03 00:34:46.834 [warning] [Decorations] CAPPING events from decorations provider vscode.git 1682
2025-03-03 00:34:51.911 [warning] [Decorations] CAPPING events from decorations provider vscode.git 1682
2025-03-03 00:36:43.211 [warning] [Decorations] CAPPING events from decorations provider vscode.git 1682
2025-03-03 00:36:48.293 [warning] [Decorations] CAPPING events from decorations provider vscode.git 1682
2025-03-03 00:36:53.373 [warning] [Decorations] CAPPING events from decorations provider vscode.git 1682
2025-03-03 00:37:01.942 [warning] [Decorations] CAPPING events from decorations provider vscode.git 1682
2025-03-03 00:37:07.023 [warning] [Decorations] CAPPING events from decorations provider vscode.git 1682
2025-03-03 00:37:40.014 [warning] [Decorations] CAPPING events from decorations provider vscode.git 1682
2025-03-03 00:39:47.340 [warning] [Decorations] CAPPING events from decorations provider vscode.git 1682
2025-03-03 00:39:52.423 [warning] [Decorations] CAPPING events from decorations provider vscode.git 1682
2025-03-03 00:39:57.506 [warning] [Decorations] CAPPING events from decorations provider vscode.git 1682
2025-03-03 00:40:09.372 [warning] [Decorations] CAPPING events from decorations provider vscode.git 1682
2025-03-03 00:40:14.466 [warning] [Decorations] CAPPING events from decorations provider vscode.git 1682
2025-03-03 00:40:19.544 [warning] [Decorations] CAPPING events from decorations provider vscode.git 1682
2025-03-03 00:40:24.626 [warning] [Decorations] CAPPING events from decorations provider vscode.git 1682
2025-03-03 00:40:29.703 [warning] [Decorations] CAPPING events from decorations provider vscode.git 1682
2025-03-03 00:40:34.805 [warning] [Decorations] CAPPING events from decorations provider vscode.git 1682
2025-03-03 00:40:39.883 [warning] [Decorations] CAPPING events from decorations provider vscode.git 1682
2025-03-03 00:40:44.985 [warning] [Decorations] CAPPING events from decorations provider vscode.git 1682
2025-03-03 00:40:50.064 [warning] [Decorations] CAPPING events from decorations provider vscode.git 1682
2025-03-03 00:40:55.166 [warning] [Decorations] CAPPING events from decorations provider vscode.git 1682
2025-03-03 00:41:00.244 [warning] [Decorations] CAPPING events from decorations provider vscode.git 1682
2025-03-03 00:41:05.354 [warning] [Decorations] CAPPING events from decorations provider vscode.git 1682
2025-03-03 00:41:10.434 [warning] [Decorations] CAPPING events from decorations provider vscode.git 1682
2025-03-03 00:41:15.513 [warning] [Decorations] CAPPING events from decorations provider vscode.git 1682
2025-03-03 00:41:20.616 [warning] [Decorations] CAPPING events from decorations provider vscode.git 1682
2025-03-03 00:41:25.694 [warning] [Decorations] CAPPING events from decorations provider vscode.git 1682
2025-03-03 00:43:12.625 [warning] [Decorations] CAPPING events from decorations provider vscode.git 1682
2025-03-03 00:43:18.207 [warning] [Decorations] CAPPING events from decorations provider vscode.git 1682
2025-03-03 00:43:23.287 [warning] [Decorations] CAPPING events from decorations provider vscode.git 1682
2025-03-03 00:43:28.366 [warning] [Decorations] CAPPING events from decorations provider vscode.git 1682
2025-03-03 00:43:33.443 [warning] [Decorations] CAPPING events from decorations provider vscode.git 1682
2025-03-03 00:43:38.530 [warning] [Decorations] CAPPING events from decorations provider vscode.git 1682
2025-03-03 00:43:43.606 [warning] [Decorations] CAPPING events from decorations provider vscode.git 1682
2025-03-03 00:44:04.356 [warning] [Decorations] CAPPING events from decorations provider vscode.git 1682
2025-03-03 00:45:09.830 [warning] [Decorations] CAPPING events from decorations provider vscode.git 1682
2025-03-03 00:45:14.912 [warning] [Decorations] CAPPING events from decorations provider vscode.git 1682
2025-03-03 00:45:19.992 [warning] [Decorations] CAPPING events from decorations provider vscode.git 1682
2025-03-03 00:45:25.071 [warning] [Decorations] CAPPING events from decorations provider vscode.git 1682
2025-03-03 00:45:30.155 [warning] [Decorations] CAPPING events from decorations provider vscode.git 1682
2025-03-03 00:45:42.046 [warning] [Decorations] CAPPING events from decorations provider vscode.git 1682
2025-03-03 00:45:47.123 [warning] [Decorations] CAPPING events from decorations provider vscode.git 1682
2025-03-03 00:45:52.200 [warning] [Decorations] CAPPING events from decorations provider vscode.git 1682
2025-03-03 00:45:57.278 [warning] [Decorations] CAPPING events from decorations provider vscode.git 1682
2025-03-03 00:46:16.171 [warning] [Decorations] CAPPING events from decorations provider vscode.git 1682
2025-03-03 00:46:21.253 [warning] [Decorations] CAPPING events from decorations provider vscode.git 1682
2025-03-03 00:46:31.087 [warning] [Decorations] CAPPING events from decorations provider vscode.git 1682
2025-03-03 00:46:36.167 [warning] [Decorations] CAPPING events from decorations provider vscode.git 1682
2025-03-03 00:46:41.245 [warning] [Decorations] CAPPING events from decorations provider vscode.git 1682
2025-03-03 00:46:48.018 [warning] [Decorations] CAPPING events from decorations provider vscode.git 1682
2025-03-03 00:46:55.120 [warning] [Decorations] CAPPING events from decorations provider vscode.git 1682
2025-03-03 00:47:00.198 [warning] [Decorations] CAPPING events from decorations provider vscode.git 1682
2025-03-03 00:47:06.429 [warning] [Decorations] CAPPING events from decorations provider vscode.git 1682
2025-03-03 00:47:11.617 [warning] [Decorations] CAPPING events from decorations provider vscode.git 1682
2025-03-03 00:47:16.723 [warning] [Decorations] CAPPING events from decorations provider vscode.git 1682
2025-03-03 00:47:56.146 [warning] [Decorations] CAPPING events from decorations provider vscode.git 1682
2025-03-03 00:48:01.223 [warning] [Decorations] CAPPING events from decorations provider vscode.git 1682
2025-03-03 00:48:06.305 [warning] [Decorations] CAPPING events from decorations provider vscode.git 1682
2025-03-03 00:48:11.383 [warning] [Decorations] CAPPING events from decorations provider vscode.git 1682
2025-03-03 00:48:16.460 [warning] [Decorations] CAPPING events from decorations provider vscode.git 1682
2025-03-03 00:48:21.564 [warning] [Decorations] CAPPING events from decorations provider vscode.git 1682
2025-03-03 00:48:26.643 [warning] [Decorations] CAPPING events from decorations provider vscode.git 1682
2025-03-03 00:48:31.743 [warning] [Decorations] CAPPING events from decorations provider vscode.git 1682
2025-03-03 00:49:26.391 [warning] [Decorations] CAPPING events from decorations provider vscode.git 1682
2025-03-03 00:49:31.470 [warning] [Decorations] CAPPING events from decorations provider vscode.git 1682
2025-03-03 00:49:36.554 [warning] [Decorations] CAPPING events from decorations provider vscode.git 1682
2025-03-03 00:50:02.253 [warning] [Decorations] CAPPING events from decorations provider vscode.git 1682
2025-03-03 00:50:07.337 [warning] [Decorations] CAPPING events from decorations provider vscode.git 1682
2025-03-03 00:50:12.416 [warning] [Decorations] CAPPING events from decorations provider vscode.git 1682
2025-03-03 00:50:19.603 [warning] [Decorations] CAPPING events from decorations provider vscode.git 1682
2025-03-03 00:50:24.684 [warning] [Decorations] CAPPING events from decorations provider vscode.git 1682
2025-03-03 00:50:29.763 [warning] [Decorations] CAPPING events from decorations provider vscode.git 1682
2025-03-03 00:50:34.841 [warning] [Decorations] CAPPING events from decorations provider vscode.git 1682
2025-03-03 00:50:39.943 [warning] [Decorations] CAPPING events from decorations provider vscode.git 1682
2025-03-03 00:51:31.601 [warning] [Decorations] CAPPING events from decorations provider vscode.git 1682
2025-03-03 00:51:36.679 [warning] [Decorations] CAPPING events from decorations provider vscode.git 1682
2025-03-03 00:51:59.736 [warning] [Decorations] CAPPING events from decorations provider vscode.git 1682
2025-03-03 00:52:04.839 [warning] [Decorations] CAPPING events from decorations provider vscode.git 1682
2025-03-03 00:52:18.957 [warning] [Decorations] CAPPING events from decorations provider vscode.git 1682
2025-03-03 00:53:22.065 [warning] [Decorations] CAPPING events from decorations provider vscode.git 1682
2025-03-03 00:53:27.455 [warning] [Decorations] CAPPING events from decorations provider vscode.git 1682
2025-03-03 00:53:33.991 [warning] [Decorations] CAPPING events from decorations provider vscode.git 1682
2025-03-03 00:53:41.779 [warning] [Decorations] CAPPING events from decorations provider vscode.git 1682
2025-03-03 00:53:46.857 [warning] [Decorations] CAPPING events from decorations provider vscode.git 1682
2025-03-03 00:53:51.936 [warning] [Decorations] CAPPING events from decorations provider vscode.git 1682
2025-03-03 00:54:06.124 [warning] [Decorations] CAPPING events from decorations provider vscode.git 1682
2025-03-03 00:54:11.236 [warning] [Decorations] CAPPING events from decorations provider vscode.git 1682
2025-03-03 00:54:16.313 [warning] [Decorations] CAPPING events from decorations provider vscode.git 1682
2025-03-03 00:54:34.430 [warning] [Decorations] CAPPING events from decorations provider vscode.git 1682
2025-03-03 00:54:39.511 [warning] [Decorations] CAPPING events from decorations provider vscode.git 1682
2025-03-03 00:54:44.590 [warning] [Decorations] CAPPING events from decorations provider vscode.git 1682
2025-03-03 00:55:08.014 [warning] [Decorations] CAPPING events from decorations provider vscode.git 1682
2025-03-03 00:55:15.302 [warning] [Decorations] CAPPING events from decorations provider vscode.git 1682
2025-03-03 00:55:20.380 [warning] [Decorations] CAPPING events from decorations provider vscode.git 1682
2025-03-03 00:55:32.000 [warning] [Decorations] CAPPING events from decorations provider vscode.git 1682
2025-03-03 00:55:37.087 [warning] [Decorations] CAPPING events from decorations provider vscode.git 1682
2025-03-03 00:57:02.337 [warning] [Decorations] CAPPING events from decorations provider vscode.git 1682
2025-03-03 00:57:07.418 [warning] [Decorations] CAPPING events from decorations provider vscode.git 1682
2025-03-03 00:57:12.500 [warning] [Decorations] CAPPING events from decorations provider vscode.git 1682
2025-03-03 00:57:17.579 [warning] [Decorations] CAPPING events from decorations provider vscode.git 1682
2025-03-03 00:58:10.257 [warning] [Decorations] CAPPING events from decorations provider vscode.git 1682
2025-03-03 00:58:15.369 [warning] [Decorations] CAPPING events from decorations provider vscode.git 1682
2025-03-03 00:58:23.206 [warning] [Decorations] CAPPING events from decorations provider vscode.git 1682
2025-03-03 00:58:28.292 [warning] [Decorations] CAPPING events from decorations provider vscode.git 1682
2025-03-03 00:58:33.378 [warning] [Decorations] CAPPING events from decorations provider vscode.git 1682
2025-03-03 00:58:38.464 [warning] [Decorations] CAPPING events from decorations provider vscode.git 1682
2025-03-03 01:04:39.116 [warning] [Decorations] CAPPING events from decorations provider vscode.git 1682
2025-03-03 01:04:44.197 [warning] [Decorations] CAPPING events from decorations provider vscode.git 1682
2025-03-03 01:04:49.278 [warning] [Decorations] CAPPING events from decorations provider vscode.git 1682
2025-03-03 01:04:54.356 [warning] [Decorations] CAPPING events from decorations provider vscode.git 1682
2025-03-03 01:04:59.459 [warning] [Decorations] CAPPING events from decorations provider vscode.git 1682
2025-03-03 01:05:11.257 [warning] [Decorations] CAPPING events from decorations provider vscode.git 1682
2025-03-03 01:05:25.079 [warning] [Decorations] CAPPING events from decorations provider vscode.git 1682
2025-03-03 01:05:30.161 [warning] [Decorations] CAPPING events from decorations provider vscode.git 1687
2025-03-03 01:05:43.034 [warning] [Decorations] CAPPING events from decorations provider vscode.git 1702
2025-03-03 01:05:48.121 [warning] [Decorations] CAPPING events from decorations provider vscode.git 1702
2025-03-03 01:05:53.200 [warning] [Decorations] CAPPING events from decorations provider vscode.git 1702
2025-03-03 01:05:58.278 [warning] [Decorations] CAPPING events from decorations provider vscode.git 1702
2025-03-03 01:06:03.357 [warning] [Decorations] CAPPING events from decorations provider vscode.git 1702
2025-03-03 01:06:12.764 [warning] [Decorations] CAPPING events from decorations provider vscode.git 1702
2025-03-03 01:06:17.867 [warning] [Decorations] CAPPING events from decorations provider vscode.git 1702
2025-03-03 01:06:22.944 [warning] [Decorations] CAPPING events from decorations provider vscode.git 1702
2025-03-03 01:06:28.020 [warning] [Decorations] CAPPING events from decorations provider vscode.git 1702
2025-03-03 01:06:33.098 [warning] [Decorations] CAPPING events from decorations provider vscode.git 1702
2025-03-03 01:06:44.703 [warning] [Decorations] CAPPING events from decorations provider vscode.git 1702
2025-03-03 01:06:49.780 [warning] [Decorations] CAPPING events from decorations provider vscode.git 1702
2025-03-03 01:06:54.881 [warning] [Decorations] CAPPING events from decorations provider vscode.git 1702
2025-03-03 01:06:59.957 [warning] [Decorations] CAPPING events from decorations provider vscode.git 1702
2025-03-03 01:07:09.853 [warning] [Decorations] CAPPING events from decorations provider vscode.git 1702
2025-03-03 01:07:28.895 [warning] [Decorations] CAPPING events from decorations provider vscode.git 1702
2025-03-03 01:07:41.706 [warning] [Decorations] CAPPING events from decorations provider vscode.git 1702
2025-03-03 01:07:50.582 [warning] [Decorations] CAPPING events from decorations provider vscode.git 1702
2025-03-03 01:07:55.663 [warning] [Decorations] CAPPING events from decorations provider vscode.git 1702
2025-03-03 01:08:00.746 [warning] [Decorations] CAPPING events from decorations provider vscode.git 1702
2025-03-03 01:08:05.828 [warning] [Decorations] CAPPING events from decorations provider vscode.git 1702
2025-03-03 01:08:11.484 [warning] [Decorations] CAPPING events from decorations provider vscode.git 1702
2025-03-03 01:10:06.255 [warning] [Decorations] CAPPING events from decorations provider vscode.git 1702
2025-03-03 01:10:11.337 [warning] [Decorations] CAPPING events from decorations provider vscode.git 1702
2025-03-03 01:11:26.239 [warning] [Decorations] CAPPING events from decorations provider vscode.git 1702
2025-03-03 01:11:31.322 [warning] [Decorations] CAPPING events from decorations provider vscode.git 1702
2025-03-03 01:11:37.757 [warning] [Decorations] CAPPING events from decorations provider vscode.git 1702
2025-03-03 01:11:42.837 [warning] [Decorations] CAPPING events from decorations provider vscode.git 1704
2025-03-03 01:11:48.203 [warning] [Decorations] CAPPING events from decorations provider vscode.git 1702
2025-03-03 01:11:53.281 [warning] [Decorations] CAPPING events from decorations provider vscode.git 1702
2025-03-03 01:12:54.984 [warning] [Decorations] CAPPING events from decorations provider vscode.git 1702
2025-03-03 01:13:00.069 [warning] [Decorations] CAPPING events from decorations provider vscode.git 1702
2025-03-03 01:13:43.789 [warning] [Decorations] CAPPING events from decorations provider vscode.git 1702
2025-03-03 01:15:42.948 [warning] [Decorations] CAPPING events from decorations provider vscode.git 1702
2025-03-03 01:16:15.371 [warning] [Decorations] CAPPING events from decorations provider vscode.git 1702
2025-03-03 01:16:20.457 [warning] [Decorations] CAPPING events from decorations provider vscode.git 1702
2025-03-03 01:16:30.396 [warning] [Decorations] CAPPING events from decorations provider vscode.git 1702
2025-03-03 01:16:35.474 [warning] [Decorations] CAPPING events from decorations provider vscode.git 1702
2025-03-03 01:16:40.578 [warning] [Decorations] CAPPING events from decorations provider vscode.git 1702
2025-03-03 01:16:45.655 [warning] [Decorations] CAPPING events from decorations provider vscode.git 1702
2025-03-03 01:16:50.755 [warning] [Decorations] CAPPING events from decorations provider vscode.git 1702
2025-03-03 01:18:14.528 [warning] [Decorations] CAPPING events from decorations provider vscode.git 1702
2025-03-03 01:18:19.610 [warning] [Decorations] CAPPING events from decorations provider vscode.git 1702
2025-03-03 01:18:25.453 [warning] [Decorations] CAPPING events from decorations provider vscode.git 1702
2025-03-03 01:19:31.302 [warning] [Decorations] CAPPING events from decorations provider vscode.git 1702
2025-03-03 01:19:36.383 [warning] [Decorations] CAPPING events from decorations provider vscode.git 1702
2025-03-03 01:19:56.299 [warning] [Decorations] CAPPING events from decorations provider vscode.git 1702
2025-03-03 01:20:11.256 [warning] [Decorations] CAPPING events from decorations provider vscode.git 1702
2025-03-03 01:20:16.337 [warning] [Decorations] CAPPING events from decorations provider vscode.git 1702
2025-03-03 01:20:25.128 [warning] [Decorations] CAPPING events from decorations provider vscode.git 1702
2025-03-03 01:21:53.820 [warning] [Decorations] CAPPING events from decorations provider vscode.git 1702
2025-03-03 01:21:58.903 [warning] [Decorations] CAPPING events from decorations provider vscode.git 1702
2025-03-03 01:22:04.019 [warning] [Decorations] CAPPING events from decorations provider vscode.git 1702
2025-03-03 01:22:09.095 [warning] [Decorations] CAPPING events from decorations provider vscode.git 1702
2025-03-03 01:22:14.176 [warning] [Decorations] CAPPING events from decorations provider vscode.git 1702
2025-03-03 01:22:29.203 [warning] [Decorations] CAPPING events from decorations provider vscode.git 1702
2025-03-03 01:25:21.394 [warning] [Decorations] CAPPING events from decorations provider vscode.git 1702
2025-03-03 01:25:27.350 [warning] [Decorations] CAPPING events from decorations provider vscode.git 1702
2025-03-03 01:25:39.857 [warning] [Decorations] CAPPING events from decorations provider vscode.git 1702
2025-03-03 01:25:44.966 [warning] [Decorations] CAPPING events from decorations provider vscode.git 1702
2025-03-03 01:26:13.649 [warning] [Decorations] CAPPING events from decorations provider vscode.git 1702
2025-03-03 01:26:37.963 [warning] [Decorations] CAPPING events from decorations provider vscode.git 1702
2025-03-03 01:26:43.376 [warning] [Decorations] CAPPING events from decorations provider vscode.git 1702
2025-03-03 01:27:05.042 [warning] [Decorations] CAPPING events from decorations provider vscode.git 1702
2025-03-03 01:27:17.240 [warning] [Decorations] CAPPING events from decorations provider vscode.git 1702
2025-03-03 01:27:22.322 [warning] [Decorations] CAPPING events from decorations provider vscode.git 1702
2025-03-03 01:28:03.346 [warning] [Decorations] CAPPING events from decorations provider vscode.git 1702
2025-03-03 01:28:11.801 [warning] [Decorations] CAPPING events from decorations provider vscode.git 1702
2025-03-03 01:28:34.344 [warning] [Decorations] CAPPING events from decorations provider vscode.git 1702
2025-03-03 01:28:39.426 [warning] [Decorations] CAPPING events from decorations provider vscode.git 1702
2025-03-03 01:28:56.379 [warning] [Decorations] CAPPING events from decorations provider vscode.git 1702
2025-03-03 01:29:01.465 [warning] [Decorations] CAPPING events from decorations provider vscode.git 1702
2025-03-03 01:29:06.544 [warning] [Decorations] CAPPING events from decorations provider vscode.git 1702
2025-03-03 01:29:11.623 [warning] [Decorations] CAPPING events from decorations provider vscode.git 1702
2025-03-03 01:29:16.701 [warning] [Decorations] CAPPING events from decorations provider vscode.git 1702
2025-03-03 01:30:07.035 [warning] [Decorations] CAPPING events from decorations provider vscode.git 1702
2025-03-03 01:31:22.351 [warning] [Decorations] CAPPING events from decorations provider vscode.git 1702
2025-03-03 01:31:29.594 [warning] [Decorations] CAPPING events from decorations provider vscode.git 1702
2025-03-03 01:31:55.103 [warning] [Decorations] CAPPING events from decorations provider vscode.git 1702
2025-03-03 01:32:00.185 [warning] [Decorations] CAPPING events from decorations provider vscode.git 1702
2025-03-03 01:32:05.294 [warning] [Decorations] CAPPING events from decorations provider vscode.git 1702
2025-03-03 01:32:10.381 [warning] [Decorations] CAPPING events from decorations provider vscode.git 1702
2025-03-03 01:33:36.172 [warning] [Decorations] CAPPING events from decorations provider vscode.git 1702
2025-03-03 01:35:35.756 [warning] [Decorations] CAPPING events from decorations provider vscode.git 1702
2025-03-03 01:35:40.833 [warning] [Decorations] CAPPING events from decorations provider vscode.git 1702
2025-03-03 01:35:48.295 [warning] [Decorations] CAPPING events from decorations provider vscode.git 1702
2025-03-03 01:36:34.512 [warning] [Decorations] CAPPING events from decorations provider vscode.git 1702
2025-03-03 01:36:39.593 [warning] [Decorations] CAPPING events from decorations provider vscode.git 1702
2025-03-03 01:36:44.673 [warning] [Decorations] CAPPING events from decorations provider vscode.git 1702
2025-03-03 01:36:49.754 [warning] [Decorations] CAPPING events from decorations provider vscode.git 1702
2025-03-03 01:37:30.947 [warning] [Decorations] CAPPING events from decorations provider vscode.git 1702
2025-03-03 01:38:06.401 [warning] [Decorations] CAPPING events from decorations provider vscode.git 1702
2025-03-03 01:38:13.595 [warning] [Decorations] CAPPING events from decorations provider vscode.git 1702
2025-03-03 01:38:19.859 [warning] [Decorations] CAPPING events from decorations provider vscode.git 1702
2025-03-03 01:38:22.869 [warning] [Decorations] CAPPING events from decorations provider vscode.git 1683
2025-03-03 01:38:28.043 [warning] [Decorations] CAPPING events from decorations provider vscode.git 1683
2025-03-03 01:38:33.219 [warning] [Decorations] CAPPING events from decorations provider vscode.git 1683
2025-03-03 01:38:38.401 [warning] [Decorations] CAPPING events from decorations provider vscode.git 1683
2025-03-03 01:38:43.602 [warning] [Decorations] CAPPING events from decorations provider vscode.git 1683
2025-03-03 01:38:48.777 [warning] [Decorations] CAPPING events from decorations provider vscode.git 1683
2025-03-03 01:38:52.116 [warning] [Decorations] CAPPING events from decorations provider vscode.git 1683
